Warning: Permanently added '111.231.28.183' (ECDSA) to the list of known hosts.
Creating dumbo-mpc_dumbo-mpc_run ... 
Creating dumbo-mpc_dumbo-mpc_run ... done
2025-12-17 02:12:34,290 INFO [root] Running ADMPC ...
2025-12-17 02:12:35,086 INFO [root] my_send_id: 3
2025-12-17 02:12:35,117 INFO [root] ADMPC start time: 1765937555.1171668
2025-12-17 02:12:35,117 INFO [root] [Layer 0] Reached run_admpc checkpoint
2025-12-17 02:12:35,117 INFO [root] layer ID: 0 inputs_num: 50, n: 4, w: 100
2025-12-17 02:12:35,118 INFO [root] public_keys: [{'X': '144187781494557001135366048689017538443872104741929226741863411682385775391365637058925330131466621944137158650352', 'Y': '1904586839646118920483986541661216524224265494868498280132672947068143277013018537419829962939857460324126250359730'}, {'X': '629992858359884778008893079869622675366999406802607183698674486962814316499909978846707485772495730571537598254603', 'Y': '780237745402832505201582657368689713688345432450050958181643400416897629041604157496895141559909094059221017256429'}, {'X': '3066849313277828536528362833443523281641116971549621835065721171775209363284787184856561452489588194803175071347612', 'Y': '2684599537406356519376016663591265097906397301815907569488194327130957687357371419293967235963826270864830351435249'}, {'X': '3418965087244979795930773871560349627494486612198721597769994113953544380262449861656061385884767487964000296052790', 'Y': '1525441611437909309119780871011004311181688617673345748438531920270078402097325063366744024808480813920849342385427'}]
2025-12-17 02:12:35,118 INFO [root] [3] AVSS tag: 3-0-1-B-AVSS
2025-12-17 02:12:35,118 INFO [root] [3] RBC tag: 3-0-1-B-RBC
2025-12-17 02:12:35,272 INFO [root] self.msgmode: avss_without_proof
2025-12-17 02:12:35,273 INFO [root] rbc_list: [3, 4, 5, 6, 7]
2025-12-17 02:12:35,273 INFO [root] committee_size: 4
2025-12-17 02:12:35,273 INFO [root] n: 5
2025-12-17 02:12:35,273 INFO [root] f: 1
2025-12-17 02:12:35,273 INFO [root] pid: 3
2025-12-17 02:12:35,273 INFO [root] leader: 3
2025-12-17 02:12:35,273 INFO [root] [3] Sending to 0: 4
2025-12-17 02:12:35,273 INFO [root] [3] Sending to 1: 5
2025-12-17 02:12:35,273 INFO [root] [3] Sending to 2: 6
2025-12-17 02:12:35,273 INFO [root] [3] Sending to 3: 7
2025-12-17 02:12:35,273 INFO [root] [3] Starting AVID disperse
2025-12-17 02:12:35,273 INFO [root] layer ID: 0 acss_pre_time: 0.15559983253479004
2025-12-17 02:12:35,273 INFO [root] layer ID: 0 layer_time: 0.15613007545471191
2025-12-17 02:12:35,274 INFO [root] [3] Dispersed VAL message to committee
my_send_id: 3 exec_time: 5.161118507385254
2025-12-17 02:12:45,279 INFO [root] [3] Bytes Sent: A1:209836 which is 100.0%
2025-12-17 02:12:45,279 INFO [root] [3] Total bytes sent out aa: 209836
2025-12-17 02:12:45,281 INFO [benchmark_logger] Total bytes sent out: 209836
2025-12-17 02:12:45,290 ERROR [asyncio] Task was destroyed but it is pending!
task: <Task pending name='Task-39' coro=<rbc_dyn() running at /opt/dumbo-mpc/dumbo-mpc/AsyRanTriGen/beaver/broadcast/reliablebroadcast.py:411> wait_for=<Future cancelled>>
Exception ignored in: <coroutine object rbc_dyn at 0x7fbfa00b4f40>
Traceback (most recent call last):
  File "/opt/dumbo-mpc/dumbo-mpc/AsyRanTriGen/beaver/broadcast/reliablebroadcast.py", line 411, in rbc_dyn
    sender, msg = await receive()
  File "/usr/lib/python3.8/asyncio/queues.py", line 165, in get
    getter.cancel()  # Just in case getter is not done yet.
  File "uvloop/loop.pyx", line 1281, in uvloop.loop.Loop.call_soon
  File "uvloop/loop.pyx", line 669, in uvloop.loop.Loop._call_soon
  File "uvloop/loop.pyx", line 678, in uvloop.loop.Loop._call_soon_handle
  File "uvloop/loop.pyx", line 673, in uvloop.loop.Loop._append_ready_handle
  File "uvloop/loop.pyx", line 705, in uvloop.loop.Loop._check_closed
RuntimeError: Event loop is closed
2025-12-17 02:12:45,292 ERROR [asyncio] Task was destroyed but it is pending!
task: <Task pending name='Task-41' coro=<AVID_DYNAMIC.disperse() running at /opt/dumbo-mpc/dumbo-mpc/AsyRanTriGen/beaver/broadcast/avid.py:461> wait_for=<Future cancelled>>
Exception ignored in: <coroutine object AVID_DYNAMIC.disperse at 0x7fbfa00b8440>
Traceback (most recent call last):
  File "/opt/dumbo-mpc/dumbo-mpc/AsyRanTriGen/beaver/broadcast/avid.py", line 461, in disperse
    sender, msg = await self.recv()
  File "/usr/lib/python3.8/asyncio/queues.py", line 165, in get
    getter.cancel()  # Just in case getter is not done yet.
  File "uvloop/loop.pyx", line 1281, in uvloop.loop.Loop.call_soon
  File "uvloop/loop.pyx", line 669, in uvloop.loop.Loop._call_soon
  File "uvloop/loop.pyx", line 678, in uvloop.loop.Loop._call_soon_handle
  File "uvloop/loop.pyx", line 673, in uvloop.loop.Loop._append_ready_handle
  File "uvloop/loop.pyx", line 705, in uvloop.loop.Loop._check_closed
RuntimeError: Event loop is closed
2025-12-17 02:12:45,293 ERROR [asyncio] Task was destroyed but it is pending!
task: <Task pending name='Task-35' coro=<subscribe_recv.<locals>._recv_loop() running at /opt/dumbo-mpc/dumbo-mpc/AsyRanTriGen/beaver/utils/misc.py:89> wait_for=<Future pending cb=[<TaskWakeupMethWrapper object at 0x7fbfa00b2550>()]>>
2025-12-17 02:12:45,293 ERROR [asyncio] Task was destroyed but it is pending!
task: <Task pending name='Task-37' coro=<subscribe_recv.<locals>._recv_loop() running at /opt/dumbo-mpc/dumbo-mpc/AsyRanTriGen/beaver/utils/misc.py:89> wait_for=<Future pending cb=[<TaskWakeupMethWrapper object at 0x7fbfa00b2970>()]>>
Exception ignored in: <coroutine object subscribe_recv.<locals>._recv_loop at 0x7fbfa016abc0>
Traceback (most recent call last):
  File "/opt/dumbo-mpc/dumbo-mpc/AsyRanTriGen/beaver/utils/misc.py", line 89, in _recv_loop
    j, (tag, o) = await recv()
  File "/usr/lib/python3.8/asyncio/queues.py", line 165, in get
    getter.cancel()  # Just in case getter is not done yet.
  File "uvloop/loop.pyx", line 1281, in uvloop.loop.Loop.call_soon
  File "uvloop/loop.pyx", line 669, in uvloop.loop.Loop._call_soon
  File "uvloop/loop.pyx", line 678, in uvloop.loop.Loop._call_soon_handle
  File "uvloop/loop.pyx", line 673, in uvloop.loop.Loop._append_ready_handle
  File "uvloop/loop.pyx", line 705, in uvloop.loop.Loop._check_closed
RuntimeError: Event loop is closed
Exception ignored in: <coroutine object subscribe_recv.<locals>._recv_loop at 0x7fbfa0136a40>
Traceback (most recent call last):
  File "/opt/dumbo-mpc/dumbo-mpc/AsyRanTriGen/beaver/utils/misc.py", line 89, in _recv_loop
    j, (tag, o) = await recv()
  File "/usr/lib/python3.8/asyncio/queues.py", line 165, in get
    getter.cancel()  # Just in case getter is not done yet.
  File "uvloop/loop.pyx", line 1281, in uvloop.loop.Loop.call_soon
  File "uvloop/loop.pyx", line 669, in uvloop.loop.Loop._call_soon
  File "uvloop/loop.pyx", line 678, in uvloop.loop.Loop._call_soon_handle
  File "uvloop/loop.pyx", line 673, in uvloop.loop.Loop._append_ready_handle
  File "uvloop/loop.pyx", line 705, in uvloop.loop.Loop._check_closed
RuntimeError: Event loop is closed
