Warning: Permanently added '1.15.15.230' (ECDSA) to the list of known hosts.
Creating dumbo-mpc_dumbo-mpc_run ... 
Creating dumbo-mpc_dumbo-mpc_run ... done
2025-08-23 08:15:36,606 INFO [root] Running ADMPC ...
2025-08-23 08:15:37,093 INFO [root] my_send_id: 71
2025-08-23 08:15:37,204 INFO [root] ADMPC start time: 1755936937.2046595
2025-08-23 08:15:37,205 INFO [root] [Layer 5] Reached run_admpc checkpoint
2025-08-23 08:15:37,205 INFO [beaver.transfer] [6] Starting DynamicTransfer_Foll
2025-08-23 08:15:37,205 INFO [beaver.transfer] [6] Starting ACSS to share 0 secrets
2025-08-23 08:15:37,205 INFO [root] [6] Starting Batch AVSS. Id: 0, Dealer Id: 0, Client Mode: False
2025-08-23 08:15:37,205 INFO [root] [6] AVSS tag: 0-0-5-B-AVSS
2025-08-23 08:15:37,205 INFO [root] [6] RBC tag: 0-0-5-B-RBC
2025-08-23 08:15:37,205 INFO [root] [6] Starting AVSS with shares_num: 0, dealer_id: 0, client_mode: False
2025-08-23 08:15:37,205 INFO [root] rbc_list: [52, 65, 66, 67, 68, 69, 70, 71, 72, 73, 74, 75, 76, 77]
2025-08-23 08:15:37,205 INFO [root] committee_size: 13
2025-08-23 08:15:37,205 INFO [root] n: 14
2025-08-23 08:15:37,205 INFO [root] f: 4
2025-08-23 08:15:37,205 INFO [root] pid: 7
2025-08-23 08:15:37,205 INFO [root] leader: 0
2025-08-23 08:15:37,205 INFO [root] [6] Starting Batch AVSS. Id: 0, Dealer Id: 1, Client Mode: False
2025-08-23 08:15:37,205 INFO [root] [6] AVSS tag: 1-0-5-B-AVSS
2025-08-23 08:15:37,205 INFO [root] [6] RBC tag: 1-0-5-B-RBC
2025-08-23 08:15:37,206 INFO [root] [6] Starting AVSS with shares_num: 0, dealer_id: 1, client_mode: False
2025-08-23 08:15:37,206 INFO [root] rbc_list: [53, 65, 66, 67, 68, 69, 70, 71, 72, 73, 74, 75, 76, 77]
2025-08-23 08:15:37,206 INFO [root] committee_size: 13
2025-08-23 08:15:37,206 INFO [root] n: 14
2025-08-23 08:15:37,206 INFO [root] f: 4
2025-08-23 08:15:37,206 INFO [root] pid: 7
2025-08-23 08:15:37,206 INFO [root] leader: 1
2025-08-23 08:15:37,206 INFO [root] [6] Starting Batch AVSS. Id: 0, Dealer Id: 2, Client Mode: False
2025-08-23 08:15:37,206 INFO [root] [6] AVSS tag: 2-0-5-B-AVSS
2025-08-23 08:15:37,206 INFO [root] [6] RBC tag: 2-0-5-B-RBC
2025-08-23 08:15:37,206 INFO [root] [6] Starting AVSS with shares_num: 0, dealer_id: 2, client_mode: False
2025-08-23 08:15:37,206 INFO [root] rbc_list: [54, 65, 66, 67, 68, 69, 70, 71, 72, 73, 74, 75, 76, 77]
2025-08-23 08:15:37,206 INFO [root] committee_size: 13
2025-08-23 08:15:37,206 INFO [root] n: 14
2025-08-23 08:15:37,206 INFO [root] f: 4
2025-08-23 08:15:37,206 INFO [root] pid: 7
2025-08-23 08:15:37,206 INFO [root] leader: 2
2025-08-23 08:15:37,206 INFO [root] [6] Starting Batch AVSS. Id: 0, Dealer Id: 3, Client Mode: False
2025-08-23 08:15:37,206 INFO [root] [6] AVSS tag: 3-0-5-B-AVSS
2025-08-23 08:15:37,206 INFO [root] [6] RBC tag: 3-0-5-B-RBC
2025-08-23 08:15:37,206 INFO [root] [6] Starting AVSS with shares_num: 0, dealer_id: 3, client_mode: False
2025-08-23 08:15:37,206 INFO [root] rbc_list: [55, 65, 66, 67, 68, 69, 70, 71, 72, 73, 74, 75, 76, 77]
2025-08-23 08:15:37,206 INFO [root] committee_size: 13
2025-08-23 08:15:37,206 INFO [root] n: 14
2025-08-23 08:15:37,206 INFO [root] f: 4
2025-08-23 08:15:37,206 INFO [root] pid: 7
2025-08-23 08:15:37,206 INFO [root] leader: 3
2025-08-23 08:15:37,206 INFO [root] [6] Starting Batch AVSS. Id: 0, Dealer Id: 4, Client Mode: False
2025-08-23 08:15:37,206 INFO [root] [6] AVSS tag: 4-0-5-B-AVSS
2025-08-23 08:15:37,206 INFO [root] [6] RBC tag: 4-0-5-B-RBC
2025-08-23 08:15:37,206 INFO [root] [6] Starting AVSS with shares_num: 0, dealer_id: 4, client_mode: False
2025-08-23 08:15:37,206 INFO [root] rbc_list: [56, 65, 66, 67, 68, 69, 70, 71, 72, 73, 74, 75, 76, 77]
2025-08-23 08:15:37,206 INFO [root] committee_size: 13
2025-08-23 08:15:37,206 INFO [root] n: 14
2025-08-23 08:15:37,206 INFO [root] f: 4
2025-08-23 08:15:37,207 INFO [root] pid: 7
2025-08-23 08:15:37,207 INFO [root] leader: 4
2025-08-23 08:15:37,207 INFO [root] [6] Starting Batch AVSS. Id: 0, Dealer Id: 5, Client Mode: False
2025-08-23 08:15:37,207 INFO [root] [6] AVSS tag: 5-0-5-B-AVSS
2025-08-23 08:15:37,207 INFO [root] [6] RBC tag: 5-0-5-B-RBC
2025-08-23 08:15:37,207 INFO [root] [6] Starting AVSS with shares_num: 0, dealer_id: 5, client_mode: False
2025-08-23 08:15:37,207 INFO [root] rbc_list: [57, 65, 66, 67, 68, 69, 70, 71, 72, 73, 74, 75, 76, 77]
2025-08-23 08:15:37,207 INFO [root] committee_size: 13
2025-08-23 08:15:37,207 INFO [root] n: 14
2025-08-23 08:15:37,207 INFO [root] f: 4
2025-08-23 08:15:37,207 INFO [root] pid: 7
2025-08-23 08:15:37,207 INFO [root] leader: 5
2025-08-23 08:15:37,207 INFO [root] [6] Starting Batch AVSS. Id: 0, Dealer Id: 6, Client Mode: False
2025-08-23 08:15:37,207 INFO [root] [6] AVSS tag: 6-0-5-B-AVSS
2025-08-23 08:15:37,207 INFO [root] [6] RBC tag: 6-0-5-B-RBC
2025-08-23 08:15:37,207 INFO [root] [6] Starting AVSS with shares_num: 0, dealer_id: 6, client_mode: False
2025-08-23 08:15:37,207 INFO [root] rbc_list: [58, 65, 66, 67, 68, 69, 70, 71, 72, 73, 74, 75, 76, 77]
2025-08-23 08:15:37,207 INFO [root] committee_size: 13
2025-08-23 08:15:37,207 INFO [root] n: 14
2025-08-23 08:15:37,207 INFO [root] f: 4
2025-08-23 08:15:37,207 INFO [root] pid: 7
2025-08-23 08:15:37,207 INFO [root] leader: 6
2025-08-23 08:15:37,207 INFO [root] [6] Starting Batch AVSS. Id: 0, Dealer Id: 7, Client Mode: False
2025-08-23 08:15:37,207 INFO [root] [6] AVSS tag: 7-0-5-B-AVSS
2025-08-23 08:15:37,207 INFO [root] [6] RBC tag: 7-0-5-B-RBC
2025-08-23 08:15:37,207 INFO [root] [6] Starting AVSS with shares_num: 0, dealer_id: 7, client_mode: False
2025-08-23 08:15:37,207 INFO [root] rbc_list: [59, 65, 66, 67, 68, 69, 70, 71, 72, 73, 74, 75, 76, 77]
2025-08-23 08:15:37,207 INFO [root] committee_size: 13
2025-08-23 08:15:37,207 INFO [root] n: 14
2025-08-23 08:15:37,207 INFO [root] f: 4
2025-08-23 08:15:37,207 INFO [root] pid: 6
2025-08-23 08:15:37,207 INFO [root] leader: 7
2025-08-23 08:15:37,207 INFO [root] [6] Starting Batch AVSS. Id: 0, Dealer Id: 8, Client Mode: False
2025-08-23 08:15:37,207 INFO [root] [6] AVSS tag: 8-0-5-B-AVSS
2025-08-23 08:15:37,207 INFO [root] [6] RBC tag: 8-0-5-B-RBC
2025-08-23 08:15:37,207 INFO [root] [6] Starting AVSS with shares_num: 0, dealer_id: 8, client_mode: False
2025-08-23 08:15:37,207 INFO [root] rbc_list: [60, 65, 66, 67, 68, 69, 70, 71, 72, 73, 74, 75, 76, 77]
2025-08-23 08:15:37,207 INFO [root] committee_size: 13
2025-08-23 08:15:37,207 INFO [root] n: 14
2025-08-23 08:15:37,207 INFO [root] f: 4
2025-08-23 08:15:37,207 INFO [root] pid: 6
2025-08-23 08:15:37,207 INFO [root] leader: 8
2025-08-23 08:15:37,207 INFO [root] [6] Starting Batch AVSS. Id: 0, Dealer Id: 9, Client Mode: False
2025-08-23 08:15:37,207 INFO [root] [6] AVSS tag: 9-0-5-B-AVSS
2025-08-23 08:15:37,208 INFO [root] [6] RBC tag: 9-0-5-B-RBC
2025-08-23 08:15:37,208 INFO [root] [6] Starting AVSS with shares_num: 0, dealer_id: 9, client_mode: False
2025-08-23 08:15:37,208 INFO [root] rbc_list: [61, 65, 66, 67, 68, 69, 70, 71, 72, 73, 74, 75, 76, 77]
2025-08-23 08:15:37,208 INFO [root] committee_size: 13
2025-08-23 08:15:37,208 INFO [root] n: 14
2025-08-23 08:15:37,208 INFO [root] f: 4
2025-08-23 08:15:37,208 INFO [root] pid: 6
2025-08-23 08:15:37,208 INFO [root] leader: 9
2025-08-23 08:15:37,208 INFO [root] [6] Starting Batch AVSS. Id: 0, Dealer Id: 10, Client Mode: False
2025-08-23 08:15:37,208 INFO [root] [6] AVSS tag: 10-0-5-B-AVSS
2025-08-23 08:15:37,208 INFO [root] [6] RBC tag: 10-0-5-B-RBC
2025-08-23 08:15:37,208 INFO [root] [6] Starting AVSS with shares_num: 0, dealer_id: 10, client_mode: False
2025-08-23 08:15:37,208 INFO [root] rbc_list: [62, 65, 66, 67, 68, 69, 70, 71, 72, 73, 74, 75, 76, 77]
2025-08-23 08:15:37,208 INFO [root] committee_size: 13
2025-08-23 08:15:37,208 INFO [root] n: 14
2025-08-23 08:15:37,208 INFO [root] f: 4
2025-08-23 08:15:37,208 INFO [root] pid: 6
2025-08-23 08:15:37,208 INFO [root] leader: 10
2025-08-23 08:15:37,208 INFO [root] [6] Starting Batch AVSS. Id: 0, Dealer Id: 11, Client Mode: False
2025-08-23 08:15:37,208 INFO [root] [6] AVSS tag: 11-0-5-B-AVSS
2025-08-23 08:15:37,208 INFO [root] [6] RBC tag: 11-0-5-B-RBC
2025-08-23 08:15:37,208 INFO [root] [6] Starting AVSS with shares_num: 0, dealer_id: 11, client_mode: False
2025-08-23 08:15:37,208 INFO [root] rbc_list: [63, 65, 66, 67, 68, 69, 70, 71, 72, 73, 74, 75, 76, 77]
2025-08-23 08:15:37,208 INFO [root] committee_size: 13
2025-08-23 08:15:37,208 INFO [root] n: 14
2025-08-23 08:15:37,208 INFO [root] f: 4
2025-08-23 08:15:37,208 INFO [root] pid: 6
2025-08-23 08:15:37,208 INFO [root] leader: 11
2025-08-23 08:15:37,208 INFO [root] [6] Starting Batch AVSS. Id: 0, Dealer Id: 12, Client Mode: False
2025-08-23 08:15:37,208 INFO [root] [6] AVSS tag: 12-0-5-B-AVSS
2025-08-23 08:15:37,208 INFO [root] [6] RBC tag: 12-0-5-B-RBC
2025-08-23 08:15:37,208 INFO [root] [6] Starting AVSS with shares_num: 0, dealer_id: 12, client_mode: False
2025-08-23 08:15:37,209 INFO [root] rbc_list: [64, 65, 66, 67, 68, 69, 70, 71, 72, 73, 74, 75, 76, 77]
2025-08-23 08:15:37,209 INFO [root] committee_size: 13
2025-08-23 08:15:37,209 INFO [root] n: 14
2025-08-23 08:15:37,209 INFO [root] f: 4
2025-08-23 08:15:37,209 INFO [root] pid: 6
2025-08-23 08:15:37,209 INFO [root] leader: 12
