Warning: Permanently added '124.220.155.155' (ECDSA) to the list of known hosts.
Creating dumbo-mpc_dumbo-mpc_run ... 
Creating dumbo-mpc_dumbo-mpc_run ... done
2025-12-17 02:12:33,857 INFO [root] Running ADMPC ...
2025-12-17 02:12:34,392 INFO [root] my_send_id: 21
2025-12-17 02:12:34,421 INFO [root] ADMPC start time: 1765937554.4211178
2025-12-17 02:12:34,421 INFO [root] [Layer 5] Reached run_admpc checkpoint
2025-12-17 02:12:34,422 INFO [beaver.transfer] [1] Starting DynamicTransfer_Foll
2025-12-17 02:12:34,422 INFO [beaver.transfer] [1] Starting ACSS to share 50 secrets
2025-12-17 02:12:34,422 INFO [root] [1] Starting Batch AVSS. Id: 0, Dealer Id: 0, Client Mode: False
2025-12-17 02:12:34,422 INFO [root] [1] AVSS tag: 0-0-5-B-AVSS
2025-12-17 02:12:34,423 INFO [root] [1] RBC tag: 0-0-5-B-RBC
2025-12-17 02:12:34,423 INFO [root] [1] Starting AVSS with shares_num: 50, dealer_id: 0, client_mode: False
2025-12-17 02:12:34,423 INFO [root] rbc_list: [16, 20, 21, 22, 23]
2025-12-17 02:12:34,423 INFO [root] committee_size: 4
2025-12-17 02:12:34,423 INFO [root] n: 5
2025-12-17 02:12:34,423 INFO [root] f: 1
2025-12-17 02:12:34,424 INFO [root] pid: 2
2025-12-17 02:12:34,424 INFO [root] leader: 0
2025-12-17 02:12:34,424 INFO [root] [1] Starting Batch AVSS. Id: 0, Dealer Id: 1, Client Mode: False
2025-12-17 02:12:34,424 INFO [root] [1] AVSS tag: 1-0-5-B-AVSS
2025-12-17 02:12:34,424 INFO [root] [1] RBC tag: 1-0-5-B-RBC
2025-12-17 02:12:34,424 INFO [root] [1] Starting AVSS with shares_num: 50, dealer_id: 1, client_mode: False
2025-12-17 02:12:34,425 INFO [root] rbc_list: [17, 20, 21, 22, 23]
2025-12-17 02:12:34,425 INFO [root] committee_size: 4
2025-12-17 02:12:34,425 INFO [root] n: 5
2025-12-17 02:12:34,425 INFO [root] f: 1
2025-12-17 02:12:34,425 INFO [root] pid: 2
2025-12-17 02:12:34,425 INFO [root] leader: 1
2025-12-17 02:12:34,425 INFO [root] [1] Starting Batch AVSS. Id: 0, Dealer Id: 2, Client Mode: False
2025-12-17 02:12:34,429 INFO [root] [1] AVSS tag: 2-0-5-B-AVSS
2025-12-17 02:12:34,429 INFO [root] [1] RBC tag: 2-0-5-B-RBC
2025-12-17 02:12:34,429 INFO [root] [1] Starting AVSS with shares_num: 50, dealer_id: 2, client_mode: False
2025-12-17 02:12:34,429 INFO [root] rbc_list: [18, 20, 21, 22, 23]
2025-12-17 02:12:34,430 INFO [root] committee_size: 4
2025-12-17 02:12:34,430 INFO [root] n: 5
2025-12-17 02:12:34,430 INFO [root] f: 1
2025-12-17 02:12:34,430 INFO [root] pid: 1
2025-12-17 02:12:34,430 INFO [root] leader: 2
2025-12-17 02:12:34,430 INFO [root] [1] Starting Batch AVSS. Id: 0, Dealer Id: 3, Client Mode: False
2025-12-17 02:12:34,430 INFO [root] [1] AVSS tag: 3-0-5-B-AVSS
2025-12-17 02:12:34,430 INFO [root] [1] RBC tag: 3-0-5-B-RBC
2025-12-17 02:12:34,430 INFO [root] [1] Starting AVSS with shares_num: 50, dealer_id: 3, client_mode: False
2025-12-17 02:12:34,431 INFO [root] rbc_list: [19, 20, 21, 22, 23]
2025-12-17 02:12:34,431 INFO [root] committee_size: 4
2025-12-17 02:12:34,431 INFO [root] n: 5
2025-12-17 02:12:34,431 INFO [root] f: 1
2025-12-17 02:12:34,431 INFO [root] pid: 1
2025-12-17 02:12:34,431 INFO [root] leader: 3
2025-12-17 02:12:39,236 INFO [root] [2] Received VAL message from 17
2025-12-17 02:12:39,236 INFO [root] entering n == commitee_size + 1
2025-12-17 02:12:39,236 INFO [root] [2] sender: 17, leader: 1
2025-12-17 02:12:39,236 INFO [root] [2] Successfully validated VAL message
2025-12-17 02:12:39,236 INFO [root] [2] Broadcasted ECHO message for roothash b'~\xc4\x1bV\x9f\x8eVfDgqC\x00\x8d%]\xfc57w\x97\xc7cKV>\xb3=\x92\xa2\x8cK'
2025-12-17 02:12:39,236 INFO [root] broadcast Sending to 1: 20
2025-12-17 02:12:39,236 INFO [root] broadcast Sending to 2: 21
2025-12-17 02:12:39,236 INFO [root] broadcast Sending to 3: 22
2025-12-17 02:12:39,236 INFO [root] broadcast Sending to 4: 23
2025-12-17 02:12:39,236 INFO [root] [1] Received VAL message from 19
2025-12-17 02:12:39,236 INFO [root] entering n == commitee_size + 1
2025-12-17 02:12:39,236 INFO [root] [1] sender: 19, leader: 3
2025-12-17 02:12:39,237 INFO [root] [1] Successfully validated VAL message
2025-12-17 02:12:39,237 INFO [root] [1] Broadcasted ECHO message for roothash b'z\xba\x98b\xa2\xae\xaf\xa9\xbd\x12\t\x93\xb5\x88\xf3\xca\x15\xa6\xbf\xe8\xe8Z\x85D\x1d"\x96\xf0\xfa<\xd7\xd2'
2025-12-17 02:12:39,237 INFO [root] broadcast Sending to 1: 20
2025-12-17 02:12:39,237 INFO [root] broadcast Sending to 2: 21
2025-12-17 02:12:39,237 INFO [root] broadcast Sending to 3: 22
2025-12-17 02:12:39,237 INFO [root] broadcast Sending to 4: 23
2025-12-17 02:12:39,238 INFO [root] [2] Received ECHO message from 21
2025-12-17 02:12:39,238 INFO [root] [1] Received ECHO message from 21
2025-12-17 02:12:39,238 INFO [root] [2] Received ECHO message from 23
2025-12-17 02:12:39,238 INFO [root] [2] Received ECHO message from 22
2025-12-17 02:12:39,238 INFO [root] [2] Broadcasted READY message for roothash b'~\xc4\x1bV\x9f\x8eVfDgqC\x00\x8d%]\xfc57w\x97\xc7cKV>\xb3=\x92\xa2\x8cK'
2025-12-17 02:12:39,238 INFO [root] broadcast Sending to 1: 20
2025-12-17 02:12:39,238 INFO [root] broadcast Sending to 2: 21
2025-12-17 02:12:39,238 INFO [root] broadcast Sending to 3: 22
2025-12-17 02:12:39,238 INFO [root] broadcast Sending to 4: 23
2025-12-17 02:12:39,238 INFO [root] [2] Received ECHO message from 20
2025-12-17 02:12:39,238 INFO [root] [1] Received ECHO message from 23
2025-12-17 02:12:39,238 INFO [root] [1] Received ECHO message from 22
2025-12-17 02:12:39,238 INFO [root] [1] Broadcasted READY message for roothash b'z\xba\x98b\xa2\xae\xaf\xa9\xbd\x12\t\x93\xb5\x88\xf3\xca\x15\xa6\xbf\xe8\xe8Z\x85D\x1d"\x96\xf0\xfa<\xd7\xd2'
2025-12-17 02:12:39,238 INFO [root] broadcast Sending to 1: 20
2025-12-17 02:12:39,238 INFO [root] broadcast Sending to 2: 21
2025-12-17 02:12:39,238 INFO [root] broadcast Sending to 3: 22
2025-12-17 02:12:39,238 INFO [root] broadcast Sending to 4: 23
2025-12-17 02:12:39,238 INFO [root] [1] Received ECHO message from 20
2025-12-17 02:12:39,238 INFO [root] [2] Received VAL message from 16
2025-12-17 02:12:39,239 INFO [root] entering n == commitee_size + 1
2025-12-17 02:12:39,239 INFO [root] [2] sender: 16, leader: 0
2025-12-17 02:12:39,239 INFO [root] [2] Successfully validated VAL message
2025-12-17 02:12:39,239 INFO [root] [2] Broadcasted ECHO message for roothash b'\xa3\xaa"\xad\xe8\xc3\x8dQ)\x92g\xcc\xe2\x90\xa6\xc4\xc0\xca\xaa\xd9\x89c\xd8[m\xe2wK\xc8\x1a\xa2n'
2025-12-17 02:12:39,239 INFO [root] broadcast Sending to 1: 20
2025-12-17 02:12:39,239 INFO [root] broadcast Sending to 2: 21
2025-12-17 02:12:39,239 INFO [root] broadcast Sending to 3: 22
2025-12-17 02:12:39,239 INFO [root] broadcast Sending to 4: 23
2025-12-17 02:12:39,240 INFO [root] [2] Received READY message from 21
2025-12-17 02:12:39,240 INFO [root] [1] Received READY message from 21
2025-12-17 02:12:39,240 INFO [root] [2] Received ECHO message from 21
2025-12-17 02:12:39,240 INFO [root] [2] Received ECHO message from 22
2025-12-17 02:12:39,240 INFO [root] [2] Received ECHO message from 23
2025-12-17 02:12:39,240 INFO [root] [2] Broadcasted READY message for roothash b'\xa3\xaa"\xad\xe8\xc3\x8dQ)\x92g\xcc\xe2\x90\xa6\xc4\xc0\xca\xaa\xd9\x89c\xd8[m\xe2wK\xc8\x1a\xa2n'
2025-12-17 02:12:39,240 INFO [root] broadcast Sending to 1: 20
2025-12-17 02:12:39,240 INFO [root] broadcast Sending to 2: 21
2025-12-17 02:12:39,240 INFO [root] broadcast Sending to 3: 22
2025-12-17 02:12:39,240 INFO [root] broadcast Sending to 4: 23
2025-12-17 02:12:39,240 INFO [root] [2] Received ECHO message from 20
2025-12-17 02:12:39,240 INFO [root] [1] Received READY message from 22
2025-12-17 02:12:39,240 INFO [root] [1] Received READY message from 23
2025-12-17 02:12:39,240 INFO [root] Decoding output for roothash: b'z\xba\x98b\xa2\xae\xaf\xa9\xbd\x12\t\x93\xb5\x88\xf3\xca\x15\xa6\xbf\xe8\xe8Z\x85D\x1d"\x96\xf0\xfa<\xd7\xd2'
2025-12-17 02:12:39,241 INFO [root] [1] Received RBC message
2025-12-17 02:12:39,241 INFO [root] multicast list: [20, 21, 22, 23]
2025-12-17 02:12:39,241 INFO [root] before avid.retrieve
2025-12-17 02:12:39,241 INFO [root] [2] Received READY message from 23
2025-12-17 02:12:39,241 INFO [root] [2] Received READY message from 20
2025-12-17 02:12:39,241 INFO [root] Decoding output for roothash: b'~\xc4\x1bV\x9f\x8eVfDgqC\x00\x8d%]\xfc57w\x97\xc7cKV>\xb3=\x92\xa2\x8cK'
2025-12-17 02:12:39,241 INFO [root] [1] Received RBC message
2025-12-17 02:12:39,241 INFO [root] multicast list: [20, 21, 22, 23]
2025-12-17 02:12:39,241 INFO [root] before avid.retrieve
2025-12-17 02:12:39,242 INFO [root] [2] Received READY message from 20
2025-12-17 02:12:39,242 INFO [root] [2] Received READY message from 21
2025-12-17 02:12:39,242 INFO [root] [2] Received READY message from 22
2025-12-17 02:12:39,242 INFO [root] Decoding output for roothash: b'\xa3\xaa"\xad\xe8\xc3\x8dQ)\x92g\xcc\xe2\x90\xa6\xc4\xc0\xca\xaa\xd9\x89c\xd8[m\xe2wK\xc8\x1a\xa2n'
2025-12-17 02:12:39,242 INFO [root] [1] Received RBC message
2025-12-17 02:12:39,243 INFO [root] multicast list: [20, 21, 22, 23]
2025-12-17 02:12:39,243 INFO [root] before avid.retrieve
2025-12-17 02:12:39,243 INFO [root] [1] Received VAL message from 18
2025-12-17 02:12:39,243 INFO [root] entering n == commitee_size + 1
2025-12-17 02:12:39,243 INFO [root] [1] sender: 18, leader: 2
2025-12-17 02:12:39,243 INFO [root] [1] Successfully validated VAL message
2025-12-17 02:12:39,243 INFO [root] [1] Broadcasted ECHO message for roothash b'\x98\x9a\xa4\xc9\xc2\xa90\x11#\xabB\xb3\xa5$U\x08\xb6\xeca\xf4\x95S\x1fXpGhRTY(\xbe'
2025-12-17 02:12:39,243 INFO [root] broadcast Sending to 1: 20
2025-12-17 02:12:39,243 INFO [root] broadcast Sending to 2: 21
2025-12-17 02:12:39,243 INFO [root] broadcast Sending to 3: 22
2025-12-17 02:12:39,243 INFO [root] broadcast Sending to 4: 23
2025-12-17 02:12:39,244 INFO [root] [1] Received ECHO message from 21
2025-12-17 02:12:39,244 INFO [root] [1] Received ECHO message from 20
2025-12-17 02:12:39,244 INFO [root] [1] Received ECHO message from 23
2025-12-17 02:12:39,244 INFO [root] [1] Broadcasted READY message for roothash b'\x98\x9a\xa4\xc9\xc2\xa90\x11#\xabB\xb3\xa5$U\x08\xb6\xeca\xf4\x95S\x1fXpGhRTY(\xbe'
2025-12-17 02:12:39,244 INFO [root] broadcast Sending to 1: 20
2025-12-17 02:12:39,244 INFO [root] broadcast Sending to 2: 21
2025-12-17 02:12:39,244 INFO [root] broadcast Sending to 3: 22
2025-12-17 02:12:39,244 INFO [root] broadcast Sending to 4: 23
2025-12-17 02:12:39,244 INFO [root] [1] Received ECHO message from 22
2025-12-17 02:12:39,244 INFO [root] [1] Received READY message from 21
2025-12-17 02:12:39,245 INFO [root] [1] Received READY message from 20
2025-12-17 02:12:39,245 INFO [root] [1] Received READY message from 22
2025-12-17 02:12:39,245 INFO [root] Decoding output for roothash: b'\x98\x9a\xa4\xc9\xc2\xa90\x11#\xabB\xb3\xa5$U\x08\xb6\xeca\xf4\x95S\x1fXpGhRTY(\xbe'
2025-12-17 02:12:39,245 INFO [root] [1] Received RBC message
2025-12-17 02:12:39,245 INFO [root] multicast list: [20, 21, 22, 23]
2025-12-17 02:12:39,245 INFO [root] before avid.retrieve
2025-12-17 02:12:39,416 INFO [root] AVID broadcast to 1: 20
2025-12-17 02:12:39,416 INFO [root] AVID broadcast to 2: 21
2025-12-17 02:12:39,416 INFO [root] AVID broadcast to 3: 22
2025-12-17 02:12:39,416 INFO [root] AVID broadcast to 4: 23
2025-12-17 02:12:39,417 INFO [root] AVID broadcast to 1: 20
2025-12-17 02:12:39,417 INFO [root] AVID broadcast to 2: 21
2025-12-17 02:12:39,417 INFO [root] AVID broadcast to 3: 22
2025-12-17 02:12:39,417 INFO [root] AVID broadcast to 4: 23
2025-12-17 02:12:39,418 INFO [root] 3-0-5-B-AVSS 1 RETRIEVE called.
2025-12-17 02:12:39,418 INFO [root] AVID broadcast to 1: 20
2025-12-17 02:12:39,418 INFO [root] AVID broadcast to 2: 21
2025-12-17 02:12:39,418 INFO [root] AVID broadcast to 3: 22
2025-12-17 02:12:39,418 INFO [root] AVID broadcast to 4: 23
2025-12-17 02:12:39,418 INFO [root] 3-0-5-B-AVSS 1 RETRIEVE broadcasted.
2025-12-17 02:12:39,419 INFO [root] disperse msid: 3-0-5-B-AVSS, index: 1
2025-12-17 02:12:39,419 INFO [root] AVID retrieve called with sid: 3-0-5-B-AVID, index: 1
2025-12-17 02:12:39,419 INFO [root] disperse msid: 3-0-5-B-AVSS, index: 2
2025-12-17 02:12:39,419 INFO [root] AVID retrieve called with sid: 3-0-5-B-AVID, index: 2
2025-12-17 02:12:39,420 INFO [root] AVID broadcast to 1: 20
2025-12-17 02:12:39,420 INFO [root] AVID broadcast to 2: 21
2025-12-17 02:12:39,420 INFO [root] AVID broadcast to 3: 22
2025-12-17 02:12:39,420 INFO [root] AVID broadcast to 4: 23
2025-12-17 02:12:39,420 INFO [root] AVID broadcast to 1: 20
2025-12-17 02:12:39,420 INFO [root] AVID broadcast to 2: 21
2025-12-17 02:12:39,420 INFO [root] AVID broadcast to 3: 22
2025-12-17 02:12:39,420 INFO [root] AVID broadcast to 4: 23
2025-12-17 02:12:39,421 INFO [root] disperse msid: 3-0-5-B-AVSS, index: 0
2025-12-17 02:12:39,421 INFO [root] AVID retrieve called with sid: 3-0-5-B-AVID, index: 0
2025-12-17 02:12:39,421 INFO [root] 3-0-5-B-AVSS 1 AVID retrieve msg from 21
2025-12-17 02:12:39,421 INFO [root] AVID retrieve response received
2025-12-17 02:12:39,421 INFO [root] retrieve msid: 3-0-5-B-AVID, response_index: 1
2025-12-17 02:12:39,421 INFO [root] RESPONSE from 21
2025-12-17 02:12:39,421 INFO [root] sender self.committee_size: 1
2025-12-17 02:12:39,421 INFO [root] AVID broadcast to 1: 20
2025-12-17 02:12:39,422 INFO [root] AVID broadcast to 2: 21
2025-12-17 02:12:39,422 INFO [root] AVID broadcast to 3: 22
2025-12-17 02:12:39,422 INFO [root] AVID broadcast to 4: 23
2025-12-17 02:12:39,422 INFO [root] disperse msid: 3-0-5-B-AVSS, index: 3
2025-12-17 02:12:39,422 INFO [root] AVID retrieve called with sid: 3-0-5-B-AVID, index: 3
2025-12-17 02:12:39,423 INFO [root] AVID broadcast to 1: 20
2025-12-17 02:12:39,423 INFO [root] AVID broadcast to 2: 21
2025-12-17 02:12:39,423 INFO [root] AVID broadcast to 3: 22
2025-12-17 02:12:39,423 INFO [root] AVID broadcast to 4: 23
2025-12-17 02:12:39,423 INFO [root] 3-0-5-B-AVSS 1 AVID retrieve msg from 22
2025-12-17 02:12:39,423 INFO [root] AVID retrieve response received
2025-12-17 02:12:39,423 INFO [root] retrieve msid: 3-0-5-B-AVID, response_index: 1
2025-12-17 02:12:39,423 INFO [root] RESPONSE from 22
2025-12-17 02:12:39,423 INFO [root] sender self.committee_size: 2
2025-12-17 02:12:39,423 INFO [root] 3-0-5-B-AVSS 1 RETRIEVE complete.
2025-12-17 02:12:39,423 INFO [root] after avid.retrieve dispersal_msg
2025-12-17 02:12:39,423 INFO [root] Handling dealer messages for dealer_id: 3, tag: 3-0-5-B-AVSS
2025-12-17 02:12:39,445 INFO [root] shares verified successfully
2025-12-17 02:12:39,445 INFO [root] all_shares_valid: True
2025-12-17 02:12:39,445 INFO [root] after _handle_dealer_msgs, all_shares_valid
2025-12-17 02:12:39,446 INFO [root] self.tagvars[tag]['all_shares_valid']: True
2025-12-17 02:12:39,446 INFO [root] multicast to 20
2025-12-17 02:12:39,446 INFO [root] multicast to 21
2025-12-17 02:12:39,446 INFO [root] multicast to 22
2025-12-17 02:12:39,446 INFO [root] multicast to 23
2025-12-17 02:12:39,447 INFO [root] [1] Received OK from [21]
2025-12-17 02:12:39,447 INFO [root] [1] OK set: {21}
2025-12-17 02:12:39,447 INFO [root] output: True
2025-12-17 02:12:39,447 INFO [root] AVID broadcast to 1: 20
2025-12-17 02:12:39,447 INFO [root] AVID broadcast to 2: 21
2025-12-17 02:12:39,447 INFO [root] AVID broadcast to 3: 22
2025-12-17 02:12:39,447 INFO [root] AVID broadcast to 4: 23
2025-12-17 02:12:39,447 INFO [root] [1] Received OK from [23]
2025-12-17 02:12:39,447 INFO [root] [1] OK set: {21, 23}
2025-12-17 02:12:39,447 INFO [root] output: True
2025-12-17 02:12:39,447 INFO [root] [1] Received OK from [20]
2025-12-17 02:12:39,447 INFO [root] [1] OK set: {20, 21, 23}
2025-12-17 02:12:39,447 INFO [root] output: True
2025-12-17 02:12:39,447 INFO [root] 0-0-5-B-AVSS 1 RETRIEVE called.
2025-12-17 02:12:39,448 INFO [root] AVID broadcast to 1: 20
2025-12-17 02:12:39,448 INFO [root] AVID broadcast to 2: 21
2025-12-17 02:12:39,448 INFO [root] AVID broadcast to 3: 22
2025-12-17 02:12:39,448 INFO [root] AVID broadcast to 4: 23
2025-12-17 02:12:39,448 INFO [root] 0-0-5-B-AVSS 1 RETRIEVE broadcasted.
2025-12-17 02:12:39,448 INFO [root] 1-0-5-B-AVSS 1 RETRIEVE called.
2025-12-17 02:12:39,448 INFO [root] AVID broadcast to 1: 20
2025-12-17 02:12:39,448 INFO [root] AVID broadcast to 2: 21
2025-12-17 02:12:39,448 INFO [root] AVID broadcast to 3: 22
2025-12-17 02:12:39,448 INFO [root] AVID broadcast to 4: 23
2025-12-17 02:12:39,448 INFO [root] 1-0-5-B-AVSS 1 RETRIEVE broadcasted.
2025-12-17 02:12:39,448 INFO [root] [1] Received OK from [22]
2025-12-17 02:12:39,448 INFO [root] [1] OK set: {20, 21, 22, 23}
2025-12-17 02:12:39,448 INFO [root] output: True
2025-12-17 02:12:39,448 INFO [root] [1] exit
2025-12-17 02:12:39,448 INFO [root] disperse msid: 1-0-5-B-AVSS, index: 3
2025-12-17 02:12:39,448 INFO [root] AVID retrieve called with sid: 1-0-5-B-AVID, index: 3
2025-12-17 02:12:39,448 INFO [root] disperse msid: 1-0-5-B-AVSS, index: 1
2025-12-17 02:12:39,448 INFO [root] AVID retrieve called with sid: 1-0-5-B-AVID, index: 1
2025-12-17 02:12:39,449 INFO [root] disperse msid: 0-0-5-B-AVSS, index: 1
2025-12-17 02:12:39,449 INFO [root] AVID retrieve called with sid: 0-0-5-B-AVID, index: 1
2025-12-17 02:12:39,449 INFO [root] disperse msid: 0-0-5-B-AVSS, index: 3
2025-12-17 02:12:39,449 INFO [root] AVID retrieve called with sid: 0-0-5-B-AVID, index: 3
2025-12-17 02:12:39,449 INFO [root] AVID broadcast to 1: 20
2025-12-17 02:12:39,449 INFO [root] AVID broadcast to 2: 21
2025-12-17 02:12:39,449 INFO [root] AVID broadcast to 3: 22
2025-12-17 02:12:39,449 INFO [root] AVID broadcast to 4: 23
2025-12-17 02:12:39,449 INFO [root] 1-0-5-B-AVSS 1 AVID retrieve msg from 21
2025-12-17 02:12:39,449 INFO [root] AVID retrieve response received
2025-12-17 02:12:39,449 INFO [root] retrieve msid: 1-0-5-B-AVID, response_index: 1
2025-12-17 02:12:39,449 INFO [root] RESPONSE from 21
2025-12-17 02:12:39,449 INFO [root] sender self.committee_size: 1
2025-12-17 02:12:39,449 INFO [root] 0-0-5-B-AVSS 1 AVID retrieve msg from 21
2025-12-17 02:12:39,449 INFO [root] AVID retrieve response received
2025-12-17 02:12:39,450 INFO [root] retrieve msid: 0-0-5-B-AVID, response_index: 1
2025-12-17 02:12:39,450 INFO [root] RESPONSE from 21
2025-12-17 02:12:39,450 INFO [root] sender self.committee_size: 1
2025-12-17 02:12:39,450 INFO [root] disperse msid: 1-0-5-B-AVSS, index: 0
2025-12-17 02:12:39,450 INFO [root] AVID retrieve called with sid: 1-0-5-B-AVID, index: 0
2025-12-17 02:12:39,450 INFO [root] disperse msid: 1-0-5-B-AVSS, index: 2
2025-12-17 02:12:39,450 INFO [root] AVID retrieve called with sid: 1-0-5-B-AVID, index: 2
2025-12-17 02:12:39,450 INFO [root] disperse msid: 0-0-5-B-AVSS, index: 0
2025-12-17 02:12:39,450 INFO [root] AVID retrieve called with sid: 0-0-5-B-AVID, index: 0
2025-12-17 02:12:39,450 INFO [root] disperse msid: 0-0-5-B-AVSS, index: 2
2025-12-17 02:12:39,450 INFO [root] AVID retrieve called with sid: 0-0-5-B-AVID, index: 2
2025-12-17 02:12:39,451 INFO [root] 0-0-5-B-AVSS 1 AVID retrieve msg from 23
2025-12-17 02:12:39,451 INFO [root] AVID retrieve response received
2025-12-17 02:12:39,451 INFO [root] retrieve msid: 0-0-5-B-AVID, response_index: 1
2025-12-17 02:12:39,451 INFO [root] RESPONSE from 23
2025-12-17 02:12:39,451 INFO [root] sender self.committee_size: 3
2025-12-17 02:12:39,451 INFO [root] 0-0-5-B-AVSS 1 RETRIEVE complete.
2025-12-17 02:12:39,451 INFO [root] after avid.retrieve dispersal_msg
2025-12-17 02:12:39,451 INFO [root] Handling dealer messages for dealer_id: 0, tag: 0-0-5-B-AVSS
2025-12-17 02:12:39,460 INFO [root] shares verified successfully
2025-12-17 02:12:39,460 INFO [root] all_shares_valid: True
2025-12-17 02:12:39,460 INFO [root] after _handle_dealer_msgs, all_shares_valid
2025-12-17 02:12:39,460 INFO [root] self.tagvars[tag]['all_shares_valid']: True
2025-12-17 02:12:39,460 INFO [root] multicast to 20
2025-12-17 02:12:39,461 INFO [root] multicast to 21
2025-12-17 02:12:39,461 INFO [root] multicast to 22
2025-12-17 02:12:39,461 INFO [root] multicast to 23
2025-12-17 02:12:39,461 INFO [root] 1-0-5-B-AVSS 1 AVID retrieve msg from 23
2025-12-17 02:12:39,461 INFO [root] AVID retrieve response received
2025-12-17 02:12:39,461 INFO [root] retrieve msid: 1-0-5-B-AVID, response_index: 1
2025-12-17 02:12:39,461 INFO [root] RESPONSE from 23
2025-12-17 02:12:39,461 INFO [root] sender self.committee_size: 3
2025-12-17 02:12:39,461 INFO [root] 1-0-5-B-AVSS 1 RETRIEVE complete.
2025-12-17 02:12:39,461 INFO [root] after avid.retrieve dispersal_msg
2025-12-17 02:12:39,461 INFO [root] Handling dealer messages for dealer_id: 1, tag: 1-0-5-B-AVSS
2025-12-17 02:12:39,469 INFO [root] shares verified successfully
2025-12-17 02:12:39,470 INFO [root] all_shares_valid: True
2025-12-17 02:12:39,470 INFO [root] after _handle_dealer_msgs, all_shares_valid
2025-12-17 02:12:39,470 INFO [root] self.tagvars[tag]['all_shares_valid']: True
2025-12-17 02:12:39,470 INFO [root] multicast to 20
2025-12-17 02:12:39,470 INFO [root] multicast to 21
2025-12-17 02:12:39,470 INFO [root] multicast to 22
2025-12-17 02:12:39,470 INFO [root] multicast to 23
2025-12-17 02:12:39,470 INFO [root] key_proposal: [3, 0, 1]
2025-12-17 02:12:39,470 INFO [beaver.transfer] [1] [random shares] Starting ACS where node 1 is set as leader 
2025-12-17 02:12:39,470 INFO [beaver.transfer] [1] [random shares] The proposal of node 1 is [3, 0, 1]
2025-12-17 02:12:39,470 INFO [root] enter handle_message
2025-12-17 02:12:39,470 INFO [root] [1] I am the leader, broadcasting my input
2025-12-17 02:12:39,470 INFO [root] [1] otmvba Broadcasting to 20
2025-12-17 02:12:39,470 INFO [root] [1] otmvba Broadcasting to 21
2025-12-17 02:12:39,471 INFO [root] [1] otmvba Broadcasting to 22
2025-12-17 02:12:39,471 INFO [root] [1] otmvba Broadcasting to 23
2025-12-17 02:12:39,471 INFO [root] 2-0-5-B-AVSS 1 RETRIEVE called.
2025-12-17 02:12:39,471 INFO [root] AVID broadcast to 1: 20
2025-12-17 02:12:39,471 INFO [root] AVID broadcast to 2: 21
2025-12-17 02:12:39,471 INFO [root] AVID broadcast to 3: 22
2025-12-17 02:12:39,471 INFO [root] AVID broadcast to 4: 23
2025-12-17 02:12:39,471 INFO [root] 2-0-5-B-AVSS 1 RETRIEVE broadcasted.
2025-12-17 02:12:39,471 INFO [root] [1] Received OK from [21]
2025-12-17 02:12:39,471 INFO [root] [1] OK set: {21}
2025-12-17 02:12:39,471 INFO [root] output: True
2025-12-17 02:12:39,471 INFO [root] [1] Received OK from [21]
2025-12-17 02:12:39,471 INFO [root] [1] OK set: {21}
2025-12-17 02:12:39,471 INFO [root] output: True
2025-12-17 02:12:39,471 INFO [root] disperse msid: 2-0-5-B-AVSS, index: 2
2025-12-17 02:12:39,471 INFO [root] AVID retrieve called with sid: 2-0-5-B-AVID, index: 2
2025-12-17 02:12:39,471 INFO [root] disperse msid: 2-0-5-B-AVSS, index: 0
2025-12-17 02:12:39,472 INFO [root] AVID retrieve called with sid: 2-0-5-B-AVID, index: 0
2025-12-17 02:12:39,472 INFO [root] [1] Received OK from [23]
2025-12-17 02:12:39,472 INFO [root] [1] OK set: {21, 23}
2025-12-17 02:12:39,472 INFO [root] output: True
2025-12-17 02:12:39,472 INFO [root] [1] Received OK from [22]
2025-12-17 02:12:39,472 INFO [root] [1] OK set: {21, 22, 23}
2025-12-17 02:12:39,472 INFO [root] output: True
2025-12-17 02:12:39,472 INFO [root] [1] Received OK from [23]
2025-12-17 02:12:39,472 INFO [root] [1] OK set: {21, 23}
2025-12-17 02:12:39,472 INFO [root] output: True
2025-12-17 02:12:39,472 INFO [root] [1] otmvba msg value
2025-12-17 02:12:39,472 INFO [root] [1] otmvba handle value message
2025-12-17 02:12:39,472 INFO [root] [1] value-self.acss_outputs.keys():dict_keys([3, 0, 1])
2025-12-17 02:12:39,473 INFO [root] [1] --Directly send the proposal!--
2025-12-17 02:12:39,473 INFO [root] disperse msid: 2-0-5-B-AVSS, index: 1
2025-12-17 02:12:39,473 INFO [root] AVID retrieve called with sid: 2-0-5-B-AVID, index: 1
2025-12-17 02:12:39,473 INFO [root] [1] otmvba msg prevote
2025-12-17 02:12:39,474 INFO [root] [1] otmvba handle prevote message
2025-12-17 02:12:39,481 INFO [root] disperse msid: 2-0-5-B-AVSS, index: 3
2025-12-17 02:12:39,481 INFO [root] AVID retrieve called with sid: 2-0-5-B-AVID, index: 3
2025-12-17 02:12:39,481 INFO [root] [1] Received OK from [22]
2025-12-17 02:12:39,481 INFO [root] [1] OK set: {21, 22, 23}
2025-12-17 02:12:39,481 INFO [root] output: True
2025-12-17 02:12:39,481 INFO [root] [1] Received OK from [20]
2025-12-17 02:12:39,481 INFO [root] [1] OK set: {20, 21, 22, 23}
2025-12-17 02:12:39,481 INFO [root] output: True
2025-12-17 02:12:39,481 INFO [root] [1] exit
2025-12-17 02:12:39,481 INFO [root] [1] Received OK from [20]
2025-12-17 02:12:39,482 INFO [root] [1] OK set: {20, 21, 22, 23}
2025-12-17 02:12:39,482 INFO [root] output: True
2025-12-17 02:12:39,482 INFO [root] [1] exit
2025-12-17 02:12:39,482 INFO [root] 2-0-5-B-AVSS 1 AVID retrieve msg from 21
2025-12-17 02:12:39,482 INFO [root] AVID retrieve response received
2025-12-17 02:12:39,482 INFO [root] retrieve msid: 2-0-5-B-AVID, response_index: 1
2025-12-17 02:12:39,482 INFO [root] RESPONSE from 21
2025-12-17 02:12:39,482 INFO [root] sender self.committee_size: 1
2025-12-17 02:12:39,482 INFO [root] [1] otmvba msg prevote
2025-12-17 02:12:39,482 INFO [root] [1] otmvba handle prevote message
2025-12-17 02:12:39,490 INFO [root] [1] otmvba msg prevote
2025-12-17 02:12:39,490 INFO [root] [1] otmvba handle prevote message
2025-12-17 02:12:39,505 INFO [root] [1] otmvba Broadcasting to 20
2025-12-17 02:12:39,505 INFO [root] [1] otmvba Broadcasting to 21
2025-12-17 02:12:39,505 INFO [root] [1] otmvba Broadcasting to 22
2025-12-17 02:12:39,505 INFO [root] [1] otmvba Broadcasting to 23
2025-12-17 02:12:39,506 INFO [root] 2-0-5-B-AVSS 1 AVID retrieve msg from 23
2025-12-17 02:12:39,506 INFO [root] AVID retrieve response received
2025-12-17 02:12:39,506 INFO [root] retrieve msid: 2-0-5-B-AVID, response_index: 1
2025-12-17 02:12:39,506 INFO [root] RESPONSE from 23
2025-12-17 02:12:39,506 INFO [root] sender self.committee_size: 3
2025-12-17 02:12:39,506 INFO [root] 2-0-5-B-AVSS 1 RETRIEVE complete.
2025-12-17 02:12:39,506 INFO [root] after avid.retrieve dispersal_msg
2025-12-17 02:12:39,506 INFO [root] Handling dealer messages for dealer_id: 2, tag: 2-0-5-B-AVSS
2025-12-17 02:12:39,515 INFO [root] shares verified successfully
2025-12-17 02:12:39,515 INFO [root] all_shares_valid: True
2025-12-17 02:12:39,515 INFO [root] after _handle_dealer_msgs, all_shares_valid
2025-12-17 02:12:39,515 INFO [root] self.tagvars[tag]['all_shares_valid']: True
2025-12-17 02:12:39,515 INFO [root] multicast to 20
2025-12-17 02:12:39,515 INFO [root] multicast to 21
2025-12-17 02:12:39,515 INFO [root] multicast to 22
2025-12-17 02:12:39,515 INFO [root] multicast to 23
2025-12-17 02:12:39,515 INFO [root] [1] Received OK from [20]
2025-12-17 02:12:39,515 INFO [root] [1] OK set: {20}
2025-12-17 02:12:39,515 INFO [root] output: True
2025-12-17 02:12:39,515 INFO [root] [1] Received OK from [22]
2025-12-17 02:12:39,515 INFO [root] [1] OK set: {20, 22}
2025-12-17 02:12:39,515 INFO [root] output: True
2025-12-17 02:12:39,515 INFO [root] [1] otmvba msg prevote
2025-12-17 02:12:39,515 INFO [root] [1] otmvba handle prevote message
2025-12-17 02:12:39,523 INFO [root] [1] otmvba msg PrevoteQC
2025-12-17 02:12:39,523 INFO [root] [1] otmvba handle prevote qc message
2025-12-17 02:12:39,531 INFO [root] [1] Received OK from [21]
2025-12-17 02:12:39,531 INFO [root] [1] OK set: {20, 21, 22}
2025-12-17 02:12:39,531 INFO [root] output: True
2025-12-17 02:12:39,531 INFO [root] [1] Received OK from [23]
2025-12-17 02:12:39,531 INFO [root] [1] OK set: {20, 21, 22, 23}
2025-12-17 02:12:39,531 INFO [root] output: True
2025-12-17 02:12:39,531 INFO [root] [1] exit
2025-12-17 02:12:39,532 INFO [root] [1] otmvba msg vote
2025-12-17 02:12:39,532 INFO [root] [1] otmvba handle vote message
2025-12-17 02:12:39,539 INFO [root] [1] otmvba msg vote
2025-12-17 02:12:39,539 INFO [root] [1] otmvba handle vote message
2025-12-17 02:12:39,547 INFO [root] [1] otmvba msg vote
2025-12-17 02:12:39,547 INFO [root] [1] otmvba handle vote message
2025-12-17 02:12:39,562 INFO [root] [1] otmvba Broadcasting to 20
2025-12-17 02:12:39,562 INFO [root] [1] otmvba Broadcasting to 21
2025-12-17 02:12:39,562 INFO [root] [1] otmvba Broadcasting to 22
2025-12-17 02:12:39,562 INFO [root] [1] otmvba Broadcasting to 23
2025-12-17 02:12:39,562 INFO [root] [1] otmvba msg vote
2025-12-17 02:12:39,562 INFO [root] [1] otmvba handle vote message
2025-12-17 02:12:39,570 INFO [root] [1] otmvba msg VoteQC
2025-12-17 02:12:39,570 INFO [root] [1] otmvba handle vote qc message
2025-12-17 02:12:39,577 INFO [root] [1] otmvba Broadcasting to 20
2025-12-17 02:12:39,577 INFO [root] [1] otmvba Broadcasting to 21
2025-12-17 02:12:39,578 INFO [root] [1] otmvba Broadcasting to 22
2025-12-17 02:12:39,578 INFO [root] [1] otmvba Broadcasting to 23
2025-12-17 02:12:39,578 INFO [root] [1] otmvba msg Terminate
2025-12-17 02:12:39,578 INFO [root] [1] otmvba handle terminate message
2025-12-17 02:12:39,585 INFO [root] [1] otmvba Broadcasting to 20
2025-12-17 02:12:39,585 INFO [root] [1] otmvba Broadcasting to 21
2025-12-17 02:12:39,585 INFO [root] [1] otmvba Broadcasting to 22
2025-12-17 02:12:39,585 INFO [root] [1] otmvba Broadcasting to 23
2025-12-17 02:12:39,585 INFO [beaver.transfer] [1] [random shares] The ACS set is [0, 1, 3]
2025-12-17 02:12:39,585 INFO [root] common: [0, 1, 3]
2025-12-17 02:12:39,619 INFO [beaver.transfer] [1] [asynchronous dynamic transfer] Finished! Node 1, total number: 50, time: 5.196536064147949 (seconds)
2025-12-17 02:12:39,619 INFO [root] layer ID: 5 trans_foll_time: 5.197184801101685
2025-12-17 02:12:39,619 INFO [beaver.batch_multiplication] [1] Starting BatchMultiplication
2025-12-17 02:12:39,619 INFO [beaver.batch_multiplication] [1] Starting ACSS to evaluate 50 multiplication gates
2025-12-17 02:12:39,619 INFO [root] [1] Starting Batch AVSS. Id: 0, Dealer Id: 0, Client Mode: False
2025-12-17 02:12:39,620 INFO [root] [1] AVSS tag: 0-0-5-B-AVSS
2025-12-17 02:12:39,620 INFO [root] [1] RBC tag: 0-0-5-B-RBC
2025-12-17 02:12:39,620 INFO [root] [1] Starting AVSS with shares_num: 50, dealer_id: 0, client_mode: False
2025-12-17 02:12:39,620 INFO [root] rbc_list: [16, 20, 21, 22, 23]
2025-12-17 02:12:39,620 INFO [root] committee_size: 4
2025-12-17 02:12:39,620 INFO [root] n: 5
2025-12-17 02:12:39,620 INFO [root] f: 1
2025-12-17 02:12:39,620 INFO [root] pid: 2
2025-12-17 02:12:39,620 INFO [root] leader: 0
2025-12-17 02:12:39,620 INFO [root] [2] Received VAL message from 16
2025-12-17 02:12:39,620 INFO [root] entering n == commitee_size + 1
2025-12-17 02:12:39,620 INFO [root] [2] sender: 16, leader: 0
2025-12-17 02:12:39,620 INFO [root] [2] Successfully validated VAL message
2025-12-17 02:12:39,620 INFO [root] [2] Broadcasted ECHO message for roothash b'\xfa#\xc9P,\xac\xa9L\x87c\x07w\xa9\t\xec\x1e^\t\xce\xad \x7f[\xaaL\xc2zYn\x93\x8d\x87'
2025-12-17 02:12:39,620 INFO [root] broadcast Sending to 1: 20
2025-12-17 02:12:39,620 INFO [root] broadcast Sending to 2: 21
2025-12-17 02:12:39,620 INFO [root] broadcast Sending to 3: 22
2025-12-17 02:12:39,620 INFO [root] broadcast Sending to 4: 23
2025-12-17 02:12:39,620 INFO [root] [1] Starting Batch AVSS. Id: 0, Dealer Id: 1, Client Mode: False
2025-12-17 02:12:39,620 INFO [root] [1] AVSS tag: 1-0-5-B-AVSS
2025-12-17 02:12:39,620 INFO [root] [1] RBC tag: 1-0-5-B-RBC
2025-12-17 02:12:39,620 INFO [root] [1] Starting AVSS with shares_num: 50, dealer_id: 1, client_mode: False
2025-12-17 02:12:39,620 INFO [root] rbc_list: [17, 20, 21, 22, 23]
2025-12-17 02:12:39,620 INFO [root] committee_size: 4
2025-12-17 02:12:39,620 INFO [root] n: 5
2025-12-17 02:12:39,620 INFO [root] f: 1
2025-12-17 02:12:39,620 INFO [root] pid: 2
2025-12-17 02:12:39,621 INFO [root] leader: 1
2025-12-17 02:12:39,621 INFO [root] [2] Received VAL message from 17
2025-12-17 02:12:39,621 INFO [root] entering n == commitee_size + 1
2025-12-17 02:12:39,621 INFO [root] [2] sender: 17, leader: 1
2025-12-17 02:12:39,621 INFO [root] [2] Successfully validated VAL message
2025-12-17 02:12:39,621 INFO [root] [2] Broadcasted ECHO message for roothash b'\xcc\x16\xe1\xc6\x02+\xe7\xf7\x93k\x82\xc1\xe2\x0b\xc7n\x10\xf6\xbbw)\x18s\xc02\xdf?*\x9f\xdfr.'
2025-12-17 02:12:39,621 INFO [root] broadcast Sending to 1: 20
2025-12-17 02:12:39,621 INFO [root] broadcast Sending to 2: 21
2025-12-17 02:12:39,621 INFO [root] broadcast Sending to 3: 22
2025-12-17 02:12:39,621 INFO [root] broadcast Sending to 4: 23
2025-12-17 02:12:39,621 INFO [root] [1] Starting Batch AVSS. Id: 0, Dealer Id: 2, Client Mode: False
2025-12-17 02:12:39,621 INFO [root] [1] AVSS tag: 2-0-5-B-AVSS
2025-12-17 02:12:39,621 INFO [root] [1] RBC tag: 2-0-5-B-RBC
2025-12-17 02:12:39,621 INFO [root] [1] Starting AVSS with shares_num: 50, dealer_id: 2, client_mode: False
2025-12-17 02:12:39,621 INFO [root] rbc_list: [18, 20, 21, 22, 23]
2025-12-17 02:12:39,621 INFO [root] committee_size: 4
2025-12-17 02:12:39,621 INFO [root] n: 5
2025-12-17 02:12:39,621 INFO [root] f: 1
2025-12-17 02:12:39,621 INFO [root] pid: 1
2025-12-17 02:12:39,621 INFO [root] leader: 2
2025-12-17 02:12:39,621 INFO [root] [1] Received VAL message from 18
2025-12-17 02:12:39,621 INFO [root] entering n == commitee_size + 1
2025-12-17 02:12:39,621 INFO [root] [1] sender: 18, leader: 2
2025-12-17 02:12:39,621 INFO [root] [1] Successfully validated VAL message
2025-12-17 02:12:39,621 INFO [root] [1] Broadcasted ECHO message for roothash b'N\xc9G\xdf\xac\xc5\xf5\xc6\xfc\xe5=\x94|\x16\xf1L\xfe\xff+\n\xc3e\xc2\x92\xd7X\xb8\xc1\xb4#\x08\x1a'
2025-12-17 02:12:39,621 INFO [root] broadcast Sending to 1: 20
2025-12-17 02:12:39,621 INFO [root] broadcast Sending to 2: 21
2025-12-17 02:12:39,621 INFO [root] broadcast Sending to 3: 22
2025-12-17 02:12:39,622 INFO [root] broadcast Sending to 4: 23
2025-12-17 02:12:39,622 INFO [root] [1] Starting Batch AVSS. Id: 0, Dealer Id: 3, Client Mode: False
2025-12-17 02:12:39,622 INFO [root] [1] AVSS tag: 3-0-5-B-AVSS
2025-12-17 02:12:39,622 INFO [root] [1] RBC tag: 3-0-5-B-RBC
2025-12-17 02:12:39,622 INFO [root] [1] Starting AVSS with shares_num: 50, dealer_id: 3, client_mode: False
2025-12-17 02:12:39,622 INFO [root] rbc_list: [19, 20, 21, 22, 23]
2025-12-17 02:12:39,622 INFO [root] committee_size: 4
2025-12-17 02:12:39,622 INFO [root] n: 5
2025-12-17 02:12:39,622 INFO [root] f: 1
2025-12-17 02:12:39,622 INFO [root] pid: 1
2025-12-17 02:12:39,622 INFO [root] leader: 3
2025-12-17 02:12:39,622 INFO [root] [1] Received VAL message from 19
2025-12-17 02:12:39,622 INFO [root] entering n == commitee_size + 1
2025-12-17 02:12:39,622 INFO [root] [1] sender: 19, leader: 3
2025-12-17 02:12:39,622 INFO [root] [1] Successfully validated VAL message
2025-12-17 02:12:39,622 INFO [root] [1] Broadcasted ECHO message for roothash b'|\x06\xf7\xa2\x02:\xf2\xe3E\x87\xc5\xd5\\\xf7s\x85\x18\x0e\xdd*\xd8\xb1\xaco\xe5|=\x1e{`Q\x94'
2025-12-17 02:12:39,622 INFO [root] broadcast Sending to 1: 20
2025-12-17 02:12:39,622 INFO [root] broadcast Sending to 2: 21
2025-12-17 02:12:39,622 INFO [root] broadcast Sending to 3: 22
2025-12-17 02:12:39,622 INFO [root] broadcast Sending to 4: 23
2025-12-17 02:12:39,623 INFO [root] [2] Received ECHO message from 21
2025-12-17 02:12:39,623 INFO [root] [2] Received ECHO message from 21
2025-12-17 02:12:39,623 INFO [root] [1] Received ECHO message from 21
2025-12-17 02:12:39,623 INFO [root] [1] Received ECHO message from 21
2025-12-17 02:12:39,624 INFO [root] [2] Received ECHO message from 23
2025-12-17 02:12:39,624 INFO [root] [2] Received ECHO message from 22
2025-12-17 02:12:39,624 INFO [root] [2] Broadcasted READY message for roothash b'\xfa#\xc9P,\xac\xa9L\x87c\x07w\xa9\t\xec\x1e^\t\xce\xad \x7f[\xaaL\xc2zYn\x93\x8d\x87'
2025-12-17 02:12:39,624 INFO [root] broadcast Sending to 1: 20
2025-12-17 02:12:39,624 INFO [root] broadcast Sending to 2: 21
2025-12-17 02:12:39,624 INFO [root] broadcast Sending to 3: 22
2025-12-17 02:12:39,625 INFO [root] broadcast Sending to 4: 23
2025-12-17 02:12:39,625 INFO [root] [2] Received ECHO message from 20
2025-12-17 02:12:39,625 INFO [root] [2] Received ECHO message from 23
2025-12-17 02:12:39,625 INFO [root] [2] Received ECHO message from 22
2025-12-17 02:12:39,625 INFO [root] [2] Broadcasted READY message for roothash b'\xcc\x16\xe1\xc6\x02+\xe7\xf7\x93k\x82\xc1\xe2\x0b\xc7n\x10\xf6\xbbw)\x18s\xc02\xdf?*\x9f\xdfr.'
2025-12-17 02:12:39,625 INFO [root] broadcast Sending to 1: 20
2025-12-17 02:12:39,625 INFO [root] broadcast Sending to 2: 21
2025-12-17 02:12:39,625 INFO [root] broadcast Sending to 3: 22
2025-12-17 02:12:39,625 INFO [root] broadcast Sending to 4: 23
2025-12-17 02:12:39,625 INFO [root] [2] Received ECHO message from 20
2025-12-17 02:12:39,625 INFO [root] [1] Received ECHO message from 23
2025-12-17 02:12:39,625 INFO [root] [1] Received ECHO message from 22
2025-12-17 02:12:39,625 INFO [root] [1] Broadcasted READY message for roothash b'N\xc9G\xdf\xac\xc5\xf5\xc6\xfc\xe5=\x94|\x16\xf1L\xfe\xff+\n\xc3e\xc2\x92\xd7X\xb8\xc1\xb4#\x08\x1a'
2025-12-17 02:12:39,625 INFO [root] broadcast Sending to 1: 20
2025-12-17 02:12:39,625 INFO [root] broadcast Sending to 2: 21
2025-12-17 02:12:39,625 INFO [root] broadcast Sending to 3: 22
2025-12-17 02:12:39,625 INFO [root] broadcast Sending to 4: 23
2025-12-17 02:12:39,625 INFO [root] [1] Received ECHO message from 20
2025-12-17 02:12:39,625 INFO [root] [1] Received ECHO message from 23
2025-12-17 02:12:39,625 INFO [root] [1] Received ECHO message from 22
2025-12-17 02:12:39,625 INFO [root] [1] Broadcasted READY message for roothash b'|\x06\xf7\xa2\x02:\xf2\xe3E\x87\xc5\xd5\\\xf7s\x85\x18\x0e\xdd*\xd8\xb1\xaco\xe5|=\x1e{`Q\x94'
2025-12-17 02:12:39,625 INFO [root] broadcast Sending to 1: 20
2025-12-17 02:12:39,625 INFO [root] broadcast Sending to 2: 21
2025-12-17 02:12:39,625 INFO [root] broadcast Sending to 3: 22
2025-12-17 02:12:39,625 INFO [root] broadcast Sending to 4: 23
2025-12-17 02:12:39,625 INFO [root] [1] Received ECHO message from 20
2025-12-17 02:12:39,626 INFO [root] [2] Received READY message from 21
2025-12-17 02:12:39,626 INFO [root] [2] Received READY message from 21
2025-12-17 02:12:39,626 INFO [root] [1] Received READY message from 21
2025-12-17 02:12:39,626 INFO [root] [1] Received READY message from 21
2025-12-17 02:12:39,626 INFO [root] [2] Received READY message from 22
2025-12-17 02:12:39,626 INFO [root] [2] Received READY message from 20
2025-12-17 02:12:39,627 INFO [root] Decoding output for roothash: b'\xfa#\xc9P,\xac\xa9L\x87c\x07w\xa9\t\xec\x1e^\t\xce\xad \x7f[\xaaL\xc2zYn\x93\x8d\x87'
2025-12-17 02:12:39,627 INFO [root] [1] Received RBC message
2025-12-17 02:12:39,627 INFO [root] multicast list: [20, 21, 22, 23]
2025-12-17 02:12:39,627 INFO [root] before avid.retrieve
2025-12-17 02:12:39,627 INFO [root] [2] Received READY message from 22
2025-12-17 02:12:39,627 INFO [root] [2] Received READY message from 20
2025-12-17 02:12:39,627 INFO [root] Decoding output for roothash: b'\xcc\x16\xe1\xc6\x02+\xe7\xf7\x93k\x82\xc1\xe2\x0b\xc7n\x10\xf6\xbbw)\x18s\xc02\xdf?*\x9f\xdfr.'
2025-12-17 02:12:39,627 INFO [root] [1] Received RBC message
2025-12-17 02:12:39,627 INFO [root] multicast list: [20, 21, 22, 23]
2025-12-17 02:12:39,627 INFO [root] before avid.retrieve
2025-12-17 02:12:39,627 INFO [root] [1] Received READY message from 22
2025-12-17 02:12:39,627 INFO [root] [1] Received READY message from 23
2025-12-17 02:12:39,627 INFO [root] Decoding output for roothash: b'N\xc9G\xdf\xac\xc5\xf5\xc6\xfc\xe5=\x94|\x16\xf1L\xfe\xff+\n\xc3e\xc2\x92\xd7X\xb8\xc1\xb4#\x08\x1a'
2025-12-17 02:12:39,628 INFO [root] [1] Received RBC message
2025-12-17 02:12:39,628 INFO [root] multicast list: [20, 21, 22, 23]
2025-12-17 02:12:39,628 INFO [root] before avid.retrieve
2025-12-17 02:12:39,628 INFO [root] [1] Received READY message from 22
2025-12-17 02:12:39,628 INFO [root] [1] Received READY message from 23
2025-12-17 02:12:39,628 INFO [root] Decoding output for roothash: b'|\x06\xf7\xa2\x02:\xf2\xe3E\x87\xc5\xd5\\\xf7s\x85\x18\x0e\xdd*\xd8\xb1\xaco\xe5|=\x1e{`Q\x94'
2025-12-17 02:12:39,628 INFO [root] [1] Received RBC message
2025-12-17 02:12:39,628 INFO [root] multicast list: [20, 21, 22, 23]
2025-12-17 02:12:39,628 INFO [root] before avid.retrieve
2025-12-17 02:12:39,628 INFO [root] AVID broadcast to 1: 20
2025-12-17 02:12:39,628 INFO [root] AVID broadcast to 2: 21
2025-12-17 02:12:39,628 INFO [root] AVID broadcast to 3: 22
2025-12-17 02:12:39,628 INFO [root] AVID broadcast to 4: 23
2025-12-17 02:12:39,629 INFO [root] AVID broadcast to 1: 20
2025-12-17 02:12:39,629 INFO [root] AVID broadcast to 2: 21
2025-12-17 02:12:39,629 INFO [root] AVID broadcast to 3: 22
2025-12-17 02:12:39,629 INFO [root] AVID broadcast to 4: 23
2025-12-17 02:12:39,629 INFO [root] AVID broadcast to 1: 20
2025-12-17 02:12:39,629 INFO [root] AVID broadcast to 2: 21
2025-12-17 02:12:39,629 INFO [root] AVID broadcast to 3: 22
2025-12-17 02:12:39,629 INFO [root] AVID broadcast to 4: 23
2025-12-17 02:12:39,629 INFO [root] AVID broadcast to 1: 20
2025-12-17 02:12:39,629 INFO [root] AVID broadcast to 2: 21
2025-12-17 02:12:39,629 INFO [root] AVID broadcast to 3: 22
2025-12-17 02:12:39,630 INFO [root] AVID broadcast to 4: 23
2025-12-17 02:12:39,630 INFO [root] AVID broadcast to 1: 20
2025-12-17 02:12:39,630 INFO [root] AVID broadcast to 2: 21
2025-12-17 02:12:39,630 INFO [root] AVID broadcast to 3: 22
2025-12-17 02:12:39,631 INFO [root] AVID broadcast to 4: 23
2025-12-17 02:12:39,631 INFO [root] AVID broadcast to 1: 20
2025-12-17 02:12:39,631 INFO [root] AVID broadcast to 2: 21
2025-12-17 02:12:39,631 INFO [root] AVID broadcast to 3: 22
2025-12-17 02:12:39,631 INFO [root] AVID broadcast to 4: 23
2025-12-17 02:12:39,631 INFO [root] AVID broadcast to 1: 20
2025-12-17 02:12:39,631 INFO [root] AVID broadcast to 2: 21
2025-12-17 02:12:39,631 INFO [root] AVID broadcast to 3: 22
2025-12-17 02:12:39,631 INFO [root] AVID broadcast to 4: 23
2025-12-17 02:12:39,631 INFO [root] AVID broadcast to 1: 20
2025-12-17 02:12:39,631 INFO [root] AVID broadcast to 2: 21
2025-12-17 02:12:39,631 INFO [root] AVID broadcast to 3: 22
2025-12-17 02:12:39,631 INFO [root] AVID broadcast to 4: 23
2025-12-17 02:12:39,632 INFO [root] 0-0-5-B-AVSS 1 RETRIEVE called.
2025-12-17 02:12:39,632 INFO [root] AVID broadcast to 1: 20
2025-12-17 02:12:39,632 INFO [root] AVID broadcast to 2: 21
2025-12-17 02:12:39,632 INFO [root] AVID broadcast to 3: 22
2025-12-17 02:12:39,632 INFO [root] AVID broadcast to 4: 23
2025-12-17 02:12:39,632 INFO [root] 0-0-5-B-AVSS 1 RETRIEVE broadcasted.
2025-12-17 02:12:39,632 INFO [root] 1-0-5-B-AVSS 1 RETRIEVE called.
2025-12-17 02:12:39,632 INFO [root] AVID broadcast to 1: 20
2025-12-17 02:12:39,632 INFO [root] AVID broadcast to 2: 21
2025-12-17 02:12:39,632 INFO [root] AVID broadcast to 3: 22
2025-12-17 02:12:39,632 INFO [root] AVID broadcast to 4: 23
2025-12-17 02:12:39,633 INFO [root] 1-0-5-B-AVSS 1 RETRIEVE broadcasted.
2025-12-17 02:12:39,633 INFO [root] 2-0-5-B-AVSS 1 RETRIEVE called.
2025-12-17 02:12:39,633 INFO [root] AVID broadcast to 1: 20
2025-12-17 02:12:39,633 INFO [root] AVID broadcast to 2: 21
2025-12-17 02:12:39,633 INFO [root] AVID broadcast to 3: 22
2025-12-17 02:12:39,633 INFO [root] AVID broadcast to 4: 23
2025-12-17 02:12:39,633 INFO [root] 2-0-5-B-AVSS 1 RETRIEVE broadcasted.
2025-12-17 02:12:39,633 INFO [root] 3-0-5-B-AVSS 1 RETRIEVE called.
2025-12-17 02:12:39,633 INFO [root] AVID broadcast to 1: 20
2025-12-17 02:12:39,633 INFO [root] AVID broadcast to 2: 21
2025-12-17 02:12:39,633 INFO [root] AVID broadcast to 3: 22
2025-12-17 02:12:39,633 INFO [root] AVID broadcast to 4: 23
2025-12-17 02:12:39,633 INFO [root] 3-0-5-B-AVSS 1 RETRIEVE broadcasted.
2025-12-17 02:12:39,633 INFO [root] disperse msid: 0-0-5-B-AVSS, index: 1
2025-12-17 02:12:39,633 INFO [root] AVID retrieve called with sid: 0-0-5-B-AVID, index: 1
2025-12-17 02:12:39,633 INFO [root] disperse msid: 1-0-5-B-AVSS, index: 1
2025-12-17 02:12:39,633 INFO [root] AVID retrieve called with sid: 1-0-5-B-AVID, index: 1
2025-12-17 02:12:39,633 INFO [root] disperse msid: 2-0-5-B-AVSS, index: 1
2025-12-17 02:12:39,633 INFO [root] AVID retrieve called with sid: 2-0-5-B-AVID, index: 1
2025-12-17 02:12:39,633 INFO [root] disperse msid: 3-0-5-B-AVSS, index: 1
2025-12-17 02:12:39,633 INFO [root] AVID retrieve called with sid: 3-0-5-B-AVID, index: 1
2025-12-17 02:12:39,634 INFO [root] 0-0-5-B-AVSS 1 AVID retrieve msg from 21
2025-12-17 02:12:39,634 INFO [root] AVID retrieve response received
2025-12-17 02:12:39,634 INFO [root] retrieve msid: 0-0-5-B-AVID, response_index: 1
2025-12-17 02:12:39,634 INFO [root] RESPONSE from 21
2025-12-17 02:12:39,634 INFO [root] sender self.committee_size: 1
2025-12-17 02:12:39,634 INFO [root] 1-0-5-B-AVSS 1 AVID retrieve msg from 21
2025-12-17 02:12:39,634 INFO [root] AVID retrieve response received
2025-12-17 02:12:39,634 INFO [root] retrieve msid: 1-0-5-B-AVID, response_index: 1
2025-12-17 02:12:39,634 INFO [root] RESPONSE from 21
2025-12-17 02:12:39,634 INFO [root] sender self.committee_size: 1
2025-12-17 02:12:39,634 INFO [root] 2-0-5-B-AVSS 1 AVID retrieve msg from 21
2025-12-17 02:12:39,634 INFO [root] AVID retrieve response received
2025-12-17 02:12:39,634 INFO [root] retrieve msid: 2-0-5-B-AVID, response_index: 1
2025-12-17 02:12:39,634 INFO [root] RESPONSE from 21
2025-12-17 02:12:39,635 INFO [root] sender self.committee_size: 1
2025-12-17 02:12:39,635 INFO [root] 3-0-5-B-AVSS 1 AVID retrieve msg from 21
2025-12-17 02:12:39,635 INFO [root] AVID retrieve response received
2025-12-17 02:12:39,635 INFO [root] retrieve msid: 3-0-5-B-AVID, response_index: 1
2025-12-17 02:12:39,635 INFO [root] RESPONSE from 21
2025-12-17 02:12:39,635 INFO [root] sender self.committee_size: 1
2025-12-17 02:12:39,635 INFO [root] disperse msid: 0-0-5-B-AVSS, index: 2
2025-12-17 02:12:39,635 INFO [root] AVID retrieve called with sid: 0-0-5-B-AVID, index: 2
2025-12-17 02:12:39,635 INFO [root] disperse msid: 0-0-5-B-AVSS, index: 0
num_generators 50
padded_num_generators 64
2025-12-17 02:12:39,635 INFO [root] AVID retrieve called with sid: 0-0-5-B-AVID, index: 0
2025-12-17 02:12:39,635 INFO [root] disperse msid: 0-0-5-B-AVSS, index: 3
2025-12-17 02:12:39,635 INFO [root] AVID retrieve called with sid: 0-0-5-B-AVID, index: 3
2025-12-17 02:12:39,635 INFO [root] disperse msid: 1-0-5-B-AVSS, index: 2
2025-12-17 02:12:39,635 INFO [root] AVID retrieve called with sid: 1-0-5-B-AVID, index: 2
2025-12-17 02:12:39,635 INFO [root] disperse msid: 1-0-5-B-AVSS, index: 0
2025-12-17 02:12:39,635 INFO [root] AVID retrieve called with sid: 1-0-5-B-AVID, index: 0
2025-12-17 02:12:39,635 INFO [root] disperse msid: 1-0-5-B-AVSS, index: 3
2025-12-17 02:12:39,635 INFO [root] AVID retrieve called with sid: 1-0-5-B-AVID, index: 3
2025-12-17 02:12:39,635 INFO [root] disperse msid: 2-0-5-B-AVSS, index: 2
2025-12-17 02:12:39,635 INFO [root] AVID retrieve called with sid: 2-0-5-B-AVID, index: 2
2025-12-17 02:12:39,635 INFO [root] disperse msid: 2-0-5-B-AVSS, index: 0
2025-12-17 02:12:39,635 INFO [root] AVID retrieve called with sid: 2-0-5-B-AVID, index: 0
2025-12-17 02:12:39,635 INFO [root] disperse msid: 2-0-5-B-AVSS, index: 3
2025-12-17 02:12:39,635 INFO [root] AVID retrieve called with sid: 2-0-5-B-AVID, index: 3
2025-12-17 02:12:39,635 INFO [root] disperse msid: 3-0-5-B-AVSS, index: 2
2025-12-17 02:12:39,635 INFO [root] AVID retrieve called with sid: 3-0-5-B-AVID, index: 2
2025-12-17 02:12:39,635 INFO [root] disperse msid: 3-0-5-B-AVSS, index: 0
2025-12-17 02:12:39,635 INFO [root] AVID retrieve called with sid: 3-0-5-B-AVID, index: 0
2025-12-17 02:12:39,635 INFO [root] disperse msid: 3-0-5-B-AVSS, index: 3
2025-12-17 02:12:39,635 INFO [root] AVID retrieve called with sid: 3-0-5-B-AVID, index: 3
2025-12-17 02:12:39,636 INFO [root] 0-0-5-B-AVSS 1 AVID retrieve msg from 22
2025-12-17 02:12:39,636 INFO [root] AVID retrieve response received
2025-12-17 02:12:39,636 INFO [root] retrieve msid: 0-0-5-B-AVID, response_index: 1
2025-12-17 02:12:39,636 INFO [root] RESPONSE from 22
2025-12-17 02:12:39,636 INFO [root] sender self.committee_size: 2
2025-12-17 02:12:39,637 INFO [root] 0-0-5-B-AVSS 1 RETRIEVE complete.
2025-12-17 02:12:39,637 INFO [root] after avid.retrieve dispersal_msg
2025-12-17 02:12:39,637 INFO [root] Handling dealer messages for dealer_id: 0, tag: 0-0-5-B-AVSS
2025-12-17 02:12:39,638 INFO [beaver.hbacss] [PedersenCommit] invoking pyPedersenCommit...
2025-12-17 02:12:39,684 INFO [beaver.hbacss] verifier_result_json: {"verified":true}
2025-12-17 02:12:39,689 INFO [root] inner product verified successfully
2025-12-17 02:12:39,699 INFO [root] shares verified successfully
2025-12-17 02:12:39,699 INFO [root] all_shares_valid: True
2025-12-17 02:12:39,699 INFO [root] after _handle_dealer_msgs, all_shares_valid
2025-12-17 02:12:39,699 INFO [root] self.tagvars[tag]['all_shares_valid']: True
2025-12-17 02:12:39,699 INFO [root] multicast to 20
2025-12-17 02:12:39,699 INFO [root] multicast to 21
2025-12-17 02:12:39,699 INFO [root] multicast to 22
2025-12-17 02:12:39,699 INFO [root] multicast to 23
2025-12-17 02:12:39,700 INFO [root] [1] Received OK from [21]
2025-12-17 02:12:39,700 INFO [root] [1] OK set: {21}
2025-12-17 02:12:39,700 INFO [root] output: True
2025-12-17 02:12:39,700 INFO [root] 1-0-5-B-AVSS 1 AVID retrieve msg from 22
2025-12-17 02:12:39,700 INFO [root] AVID retrieve response received
2025-12-17 02:12:39,700 INFO [root] retrieve msid: 1-0-5-B-AVID, response_index: 1
2025-12-17 02:12:39,700 INFO [root] RESPONSE from 22
2025-12-17 02:12:39,700 INFO [root] sender self.committee_size: 2
2025-12-17 02:12:39,701 INFO [root] 1-0-5-B-AVSS 1 RETRIEVE complete.
2025-12-17 02:12:39,701 INFO [root] after avid.retrieve dispersal_msg
2025-12-17 02:12:39,701 INFO [root] Handling dealer messages for dealer_id: 1, tag: 1-0-5-B-AVSS
2025-12-17 02:12:39,702 INFO [beaver.hbacss] [PedersenCommit] invoking pyPedersenCommit...
num_generators 50
padded_num_generators 64
2025-12-17 02:12:39,748 INFO [beaver.hbacss] verifier_result_json: {"verified":true}
2025-12-17 02:12:39,753 INFO [root] inner product verified successfully
2025-12-17 02:12:39,763 INFO [root] shares verified successfully
2025-12-17 02:12:39,763 INFO [root] all_shares_valid: True
2025-12-17 02:12:39,763 INFO [root] after _handle_dealer_msgs, all_shares_valid
2025-12-17 02:12:39,763 INFO [root] self.tagvars[tag]['all_shares_valid']: True
2025-12-17 02:12:39,763 INFO [root] multicast to 20
2025-12-17 02:12:39,763 INFO [root] multicast to 21
2025-12-17 02:12:39,763 INFO [root] multicast to 22
2025-12-17 02:12:39,763 INFO [root] multicast to 23
2025-12-17 02:12:39,764 INFO [root] 2-0-5-B-AVSS 1 AVID retrieve msg from 22
2025-12-17 02:12:39,764 INFO [root] AVID retrieve response received
2025-12-17 02:12:39,764 INFO [root] retrieve msid: 2-0-5-B-AVID, response_index: 1
2025-12-17 02:12:39,764 INFO [root] RESPONSE from 22
2025-12-17 02:12:39,764 INFO [root] sender self.committee_size: 2
2025-12-17 02:12:39,764 INFO [root] 2-0-5-B-AVSS 1 RETRIEVE complete.
2025-12-17 02:12:39,764 INFO [root] after avid.retrieve dispersal_msg
2025-12-17 02:12:39,764 INFO [root] Handling dealer messages for dealer_id: 2, tag: 2-0-5-B-AVSS
2025-12-17 02:12:39,765 INFO [beaver.hbacss] [PedersenCommit] invoking pyPedersenCommit...
num_generators 50
padded_num_generators 64
2025-12-17 02:12:39,810 INFO [beaver.hbacss] verifier_result_json: {"verified":true}
2025-12-17 02:12:39,815 INFO [root] inner product verified successfully
2025-12-17 02:12:39,825 INFO [root] shares verified successfully
2025-12-17 02:12:39,825 INFO [root] all_shares_valid: True
2025-12-17 02:12:39,825 INFO [root] after _handle_dealer_msgs, all_shares_valid
2025-12-17 02:12:39,825 INFO [root] self.tagvars[tag]['all_shares_valid']: True
2025-12-17 02:12:39,825 INFO [root] multicast to 20
2025-12-17 02:12:39,825 INFO [root] multicast to 21
2025-12-17 02:12:39,825 INFO [root] multicast to 22
2025-12-17 02:12:39,825 INFO [root] multicast to 23
2025-12-17 02:12:39,825 INFO [root] 3-0-5-B-AVSS 1 AVID retrieve msg from 22
2025-12-17 02:12:39,825 INFO [root] AVID retrieve response received
2025-12-17 02:12:39,825 INFO [root] retrieve msid: 3-0-5-B-AVID, response_index: 1
2025-12-17 02:12:39,825 INFO [root] RESPONSE from 22
2025-12-17 02:12:39,825 INFO [root] sender self.committee_size: 2
2025-12-17 02:12:39,826 INFO [root] 3-0-5-B-AVSS 1 RETRIEVE complete.
2025-12-17 02:12:39,826 INFO [root] after avid.retrieve dispersal_msg
2025-12-17 02:12:39,826 INFO [root] Handling dealer messages for dealer_id: 3, tag: 3-0-5-B-AVSS
2025-12-17 02:12:39,827 INFO [beaver.hbacss] [PedersenCommit] invoking pyPedersenCommit...
num_generators 50
padded_num_generators 64
2025-12-17 02:12:39,873 INFO [beaver.hbacss] verifier_result_json: {"verified":true}
2025-12-17 02:12:39,878 INFO [root] inner product verified successfully
2025-12-17 02:12:39,888 INFO [root] shares verified successfully
2025-12-17 02:12:39,889 INFO [root] all_shares_valid: True
2025-12-17 02:12:39,889 INFO [root] after _handle_dealer_msgs, all_shares_valid
2025-12-17 02:12:39,889 INFO [root] self.tagvars[tag]['all_shares_valid']: True
2025-12-17 02:12:39,889 INFO [root] multicast to 20
2025-12-17 02:12:39,889 INFO [root] multicast to 21
2025-12-17 02:12:39,889 INFO [root] multicast to 22
2025-12-17 02:12:39,889 INFO [root] multicast to 23
2025-12-17 02:12:39,889 INFO [root] key_proposal: [0, 1, 2, 3]
2025-12-17 02:12:39,889 INFO [beaver.batch_multiplication] [1] [random shares] Starting ACS where node 1 is set as leader 
2025-12-17 02:12:39,889 INFO [beaver.batch_multiplication] [1] [random shares] The proposal of node 1 is [0, 1, 2, 3]
2025-12-17 02:12:39,890 INFO [root] enter handle_message
2025-12-17 02:12:39,890 INFO [root] [1] I am the leader, broadcasting my input
2025-12-17 02:12:39,890 INFO [root] [1] otmvba Broadcasting to 20
2025-12-17 02:12:39,890 INFO [root] [1] otmvba Broadcasting to 21
2025-12-17 02:12:39,890 INFO [root] [1] otmvba Broadcasting to 22
2025-12-17 02:12:39,890 INFO [root] [1] otmvba Broadcasting to 23
2025-12-17 02:12:39,890 INFO [root] [1] Received OK from [21]
2025-12-17 02:12:39,890 INFO [root] [1] OK set: {21}
2025-12-17 02:12:39,890 INFO [root] output: True
2025-12-17 02:12:39,891 INFO [root] [1] Received OK from [21]
2025-12-17 02:12:39,891 INFO [root] [1] OK set: {21}
2025-12-17 02:12:39,891 INFO [root] output: True
2025-12-17 02:12:39,891 INFO [root] [1] Received OK from [21]
2025-12-17 02:12:39,891 INFO [root] [1] OK set: {21}
2025-12-17 02:12:39,891 INFO [root] output: True
2025-12-17 02:12:39,891 INFO [root] [1] Received OK from [22]
2025-12-17 02:12:39,891 INFO [root] [1] OK set: {21, 22}
2025-12-17 02:12:39,891 INFO [root] output: True
2025-12-17 02:12:39,891 INFO [root] [1] Received OK from [20]
2025-12-17 02:12:39,891 INFO [root] [1] OK set: {20, 21, 22}
2025-12-17 02:12:39,891 INFO [root] output: True
2025-12-17 02:12:39,891 INFO [root] [1] Received OK from [23]
2025-12-17 02:12:39,891 INFO [root] [1] OK set: {20, 21, 22, 23}
2025-12-17 02:12:39,891 INFO [root] output: True
2025-12-17 02:12:39,891 INFO [root] [1] exit
2025-12-17 02:12:39,891 INFO [root] [1] Received OK from [23]
2025-12-17 02:12:39,891 INFO [root] [1] OK set: {21, 23}
2025-12-17 02:12:39,891 INFO [root] output: True
2025-12-17 02:12:39,891 INFO [root] [1] Received OK from [23]
2025-12-17 02:12:39,891 INFO [root] [1] OK set: {21, 23}
2025-12-17 02:12:39,891 INFO [root] output: True
2025-12-17 02:12:39,891 INFO [root] [1] Received OK from [23]
2025-12-17 02:12:39,891 INFO [root] [1] OK set: {21, 23}
2025-12-17 02:12:39,891 INFO [root] output: True
2025-12-17 02:12:39,891 INFO [root] [1] otmvba msg value
2025-12-17 02:12:39,891 INFO [root] [1] otmvba handle value message
2025-12-17 02:12:39,891 INFO [root] [1] value-self.acss_outputs.keys():dict_keys([0, 1, 2, 3])
2025-12-17 02:12:39,892 INFO [root] [1] --Directly send the proposal!--
2025-12-17 02:12:39,892 INFO [root] [1] Received OK from [22]
2025-12-17 02:12:39,892 INFO [root] [1] OK set: {21, 22, 23}
2025-12-17 02:12:39,893 INFO [root] output: True
2025-12-17 02:12:39,893 INFO [root] [1] Received OK from [20]
2025-12-17 02:12:39,893 INFO [root] [1] OK set: {20, 21, 22, 23}
2025-12-17 02:12:39,893 INFO [root] output: True
2025-12-17 02:12:39,893 INFO [root] [1] exit
2025-12-17 02:12:39,893 INFO [root] [1] Received OK from [22]
2025-12-17 02:12:39,893 INFO [root] [1] OK set: {21, 22, 23}
2025-12-17 02:12:39,893 INFO [root] output: True
2025-12-17 02:12:39,893 INFO [root] [1] Received OK from [20]
2025-12-17 02:12:39,893 INFO [root] [1] OK set: {20, 21, 22, 23}
2025-12-17 02:12:39,893 INFO [root] output: True
2025-12-17 02:12:39,893 INFO [root] [1] exit
2025-12-17 02:12:39,893 INFO [root] [1] Received OK from [22]
2025-12-17 02:12:39,893 INFO [root] [1] OK set: {21, 22, 23}
2025-12-17 02:12:39,893 INFO [root] output: True
2025-12-17 02:12:39,893 INFO [root] [1] Received OK from [20]
2025-12-17 02:12:39,893 INFO [root] [1] OK set: {20, 21, 22, 23}
2025-12-17 02:12:39,893 INFO [root] output: True
2025-12-17 02:12:39,893 INFO [root] [1] exit
2025-12-17 02:12:39,893 INFO [root] [1] otmvba msg prevote
2025-12-17 02:12:39,893 INFO [root] [1] otmvba handle prevote message
2025-12-17 02:12:39,901 INFO [root] [1] otmvba msg prevote
2025-12-17 02:12:39,901 INFO [root] [1] otmvba handle prevote message
2025-12-17 02:12:39,909 INFO [root] [1] otmvba msg prevote
2025-12-17 02:12:39,909 INFO [root] [1] otmvba handle prevote message
2025-12-17 02:12:39,924 INFO [root] [1] otmvba Broadcasting to 20
2025-12-17 02:12:39,924 INFO [root] [1] otmvba Broadcasting to 21
2025-12-17 02:12:39,924 INFO [root] [1] otmvba Broadcasting to 22
2025-12-17 02:12:39,924 INFO [root] [1] otmvba Broadcasting to 23
2025-12-17 02:12:39,924 INFO [root] [1] otmvba msg prevote
2025-12-17 02:12:39,924 INFO [root] [1] otmvba handle prevote message
2025-12-17 02:12:39,932 INFO [root] [1] otmvba msg PrevoteQC
2025-12-17 02:12:39,932 INFO [root] [1] otmvba handle prevote qc message
2025-12-17 02:12:39,941 INFO [root] [1] otmvba msg vote
2025-12-17 02:12:39,941 INFO [root] [1] otmvba handle vote message
2025-12-17 02:12:39,948 INFO [root] [1] otmvba msg vote
2025-12-17 02:12:39,948 INFO [root] [1] otmvba handle vote message
2025-12-17 02:12:39,956 INFO [root] [1] otmvba msg vote
2025-12-17 02:12:39,956 INFO [root] [1] otmvba handle vote message
2025-12-17 02:12:39,971 INFO [root] [1] otmvba Broadcasting to 20
2025-12-17 02:12:39,971 INFO [root] [1] otmvba Broadcasting to 21
2025-12-17 02:12:39,971 INFO [root] [1] otmvba Broadcasting to 22
2025-12-17 02:12:39,971 INFO [root] [1] otmvba Broadcasting to 23
2025-12-17 02:12:39,971 INFO [root] [1] otmvba msg vote
2025-12-17 02:12:39,971 INFO [root] [1] otmvba handle vote message
2025-12-17 02:12:39,979 INFO [root] [1] otmvba msg VoteQC
2025-12-17 02:12:39,979 INFO [root] [1] otmvba handle vote qc message
2025-12-17 02:12:39,986 INFO [root] [1] otmvba Broadcasting to 20
2025-12-17 02:12:39,986 INFO [root] [1] otmvba Broadcasting to 21
2025-12-17 02:12:39,986 INFO [root] [1] otmvba Broadcasting to 22
2025-12-17 02:12:39,986 INFO [root] [1] otmvba Broadcasting to 23
2025-12-17 02:12:39,987 INFO [root] [1] otmvba msg Terminate
2025-12-17 02:12:39,987 INFO [root] [1] otmvba handle terminate message
2025-12-17 02:12:39,994 INFO [root] [1] otmvba Broadcasting to 20
2025-12-17 02:12:39,994 INFO [root] [1] otmvba Broadcasting to 21
2025-12-17 02:12:39,994 INFO [root] [1] otmvba Broadcasting to 22
2025-12-17 02:12:39,994 INFO [root] [1] otmvba Broadcasting to 23
2025-12-17 02:12:39,994 INFO [beaver.batch_multiplication] [1] [random shares] The ACS set is [0, 1, 2, 3]
2025-12-17 02:12:39,995 INFO [root] common: [0, 1, 2, 3]
2025-12-17 02:12:40,027 INFO [beaver.batch_multiplication] [1] [asynchronous batch multiplication] Finished! Node 1, total number: 50, time: 0.40693044662475586 (seconds)
2025-12-17 02:12:40,027 INFO [root] layer ID: 5 mul_foll_time: 0.40813612937927246
2025-12-17 02:12:40,027 INFO [root] layer ID: 5 trusted_verification_time: 5.605320930480957
2025-12-17 02:12:40,029 INFO [root] layer ID: 5 add_outputs length: 50
2025-12-17 02:12:40,030 INFO [root] layer ID: 5 exec_time: 0.0025017261505126953
2025-12-17 02:12:40,030 INFO [beaver.transfer] [1] Starting DynamicTransfer
2025-12-17 02:12:40,030 INFO [beaver.transfer] [1] Starting ACSS to share 50 secrets
2025-12-17 02:12:40,030 INFO [root] [1] [asynchronous dynamic transfer] Layer ID: 5
2025-12-17 02:12:40,030 INFO [root] public_keys: [{'X': '2576658796970258662731968861056802875484168968837381104719636895327480476675671425432352859216473209786746016072197', 'Y': '539050204884925720843739040476352421975932831991299642295923628896334023019471644595380061614938373906787455297465'}, {'X': '1222122044135146755634141457521608206095774350902007275654639859526407655288681743180169995555191645549697103486047', 'Y': '3652689483029769115177301207760627871582545128256713935268522902853822241417173216029955443081088000383609247619221'}, {'X': '673263293736712628022760378483218439662663928777312762553826235128622556658256811501768117555219620056437324568680', 'Y': '2828184750158804441825398802753940452767952375338939784642046071156055278663877757309779399785870848145939755434064'}, {'X': '1131314413847516450980169769647713699142648235148081059000841466349471734862415577993756918941759211063426545800754', 'Y': '3430970077585379383249668946678620180269327674895030998477025797132945987987482945581776324376786565477179446370490'}]
2025-12-17 02:12:40,031 INFO [root] layer ID: 5 trans_pre_time: 0.0009946823120117188
2025-12-17 02:12:40,031 INFO [root] [1] AVSS tag: 1-0-6-B-AVSS
2025-12-17 02:12:40,031 INFO [root] [1] RBC tag: 1-0-6-B-RBC
2025-12-17 02:12:40,031 INFO [root] enter avss_with_aggtransfer
g = {[6679831729115696150 8653662730902241269 1535610680227111361 17342916647841752903 17135755455211762752 1297449291367578485] [13451288730302620273 10097742279870053774 15949884091978425806 5885175747529691540 1016841820992199104 845620083434234474]}
h = {[13794385998538644597 108816626937764141 12130603454454490125 6127379912259600201 17481961476035825978 950355161936836191] [10722765800778186391 17107915684035394744 11626309118465119103 5217919199071354366 6102759180633827794 660535627654889709]}
Equal? false
2025-12-17 02:12:40,183 INFO [root] self.msgmode: avss_with_aggtransfer
2025-12-17 02:12:40,183 INFO [beaver.batch_multiplication] [1] Starting BatchMultiplication
num_generators 50
2025-12-17 02:12:40,395 INFO [beaver.batch_multiplication] Proof hex length: 9288
2025-12-17 02:12:40,395 INFO [beaver.batch_multiplication] Proof size (bytes): 4644
2025-12-17 02:12:40,395 INFO [beaver.batch_multiplication] Proof size (strict bytes): 4644
2025-12-17 02:12:40,395 INFO [beaver.batch_multiplication] [1] Starting ACSS to evaluate 50 multiplication gates
2025-12-17 02:12:40,396 INFO [root] rbc_list: [21, 24, 25, 26, 27]
2025-12-17 02:12:40,396 INFO [root] committee_size: 4
2025-12-17 02:12:40,396 INFO [root] n: 5
2025-12-17 02:12:40,396 INFO [root] f: 1
2025-12-17 02:12:40,396 INFO [root] pid: 1
2025-12-17 02:12:40,396 INFO [root] leader: 1
2025-12-17 02:12:40,396 INFO [root] [1] Sending to 0: 24
2025-12-17 02:12:40,396 INFO [root] [1] Sending to 1: 25
2025-12-17 02:12:40,396 INFO [root] [1] Sending to 2: 26
2025-12-17 02:12:40,396 INFO [root] [1] Sending to 3: 27
2025-12-17 02:12:40,396 INFO [root] [1] Starting AVID disperse
2025-12-17 02:12:40,396 INFO [root] public_keys: [{'X': '2576658796970258662731968861056802875484168968837381104719636895327480476675671425432352859216473209786746016072197', 'Y': '539050204884925720843739040476352421975932831991299642295923628896334023019471644595380061614938373906787455297465'}, {'X': '1222122044135146755634141457521608206095774350902007275654639859526407655288681743180169995555191645549697103486047', 'Y': '3652689483029769115177301207760627871582545128256713935268522902853822241417173216029955443081088000383609247619221'}, {'X': '673263293736712628022760378483218439662663928777312762553826235128622556658256811501768117555219620056437324568680', 'Y': '2828184750158804441825398802753940452767952375338939784642046071156055278663877757309779399785870848145939755434064'}, {'X': '1131314413847516450980169769647713699142648235148081059000841466349471734862415577993756918941759211063426545800754', 'Y': '3430970077585379383249668946678620180269327674895030998477025797132945987987482945581776324376786565477179446370490'}]
2025-12-17 02:12:40,396 INFO [root] layer ID: 5 mul_pre_time: 0.365673303604126
2025-12-17 02:12:40,396 INFO [root] layer ID: 5 layer_time: 5.9747633934021
2025-12-17 02:12:40,397 INFO [root] [1] Dispersed VAL message to committee
2025-12-17 02:12:40,397 INFO [root] [1] AVSS tag: 1-0-6-B-AVSS
2025-12-17 02:12:40,397 INFO [root] [1] RBC tag: 1-0-6-B-RBC
g = {[6679831729115696150 8653662730902241269 1535610680227111361 17342916647841752903 17135755455211762752 1297449291367578485] [13451288730302620273 10097742279870053774 15949884091978425806 5885175747529691540 1016841820992199104 845620083434234474]}
h = {[13794385998538644597 108816626937764141 12130603454454490125 6127379912259600201 17481961476035825978 950355161936836191] [10722765800778186391 17107915684035394744 11626309118465119103 5217919199071354366 6102759180633827794 660535627654889709]}
Equal? false
2025-12-17 02:12:40,575 INFO [root] self.msgmode: avss_with_aggbatch_multiplication
2025-12-17 02:12:40,575 INFO [root] rbc_list: [21, 24, 25, 26, 27]
2025-12-17 02:12:40,576 INFO [root] committee_size: 4
2025-12-17 02:12:40,576 INFO [root] n: 5
2025-12-17 02:12:40,576 INFO [root] f: 1
2025-12-17 02:12:40,576 INFO [root] pid: 1
2025-12-17 02:12:40,576 INFO [root] leader: 1
2025-12-17 02:12:40,576 INFO [root] [1] Sending to 0: 24
2025-12-17 02:12:40,576 INFO [root] [1] Sending to 1: 25
2025-12-17 02:12:40,576 INFO [root] [1] Sending to 2: 26
2025-12-17 02:12:40,576 INFO [root] [1] Sending to 3: 27
2025-12-17 02:12:40,576 INFO [root] [1] Starting AVID disperse
2025-12-17 02:12:40,579 INFO [root] [1] Dispersed VAL message to committee
my_send_id: 21 exec_time: 10.975369453430176
2025-12-17 02:12:50,396 INFO [root] [1] Bytes Sent: TR5:303543 which is 14.733%
2025-12-17 02:12:50,396 INFO [root] [1] Bytes Sent: M5:653219 which is 31.704%
2025-12-17 02:12:50,396 INFO [root] [1] Bytes Sent: TR6:318572 which is 15.462%
2025-12-17 02:12:50,396 INFO [root] [1] Bytes Sent: M6:785004 which is 38.101%
2025-12-17 02:12:50,396 INFO [root] [1] Total bytes sent out aa: 2060338
2025-12-17 02:12:50,398 INFO [benchmark_logger] Total bytes sent out: 2060338
2025-12-17 02:12:50,409 ERROR [asyncio] Task was destroyed but it is pending!
task: <Task pending name='Task-35' coro=<subscribe_recv.<locals>._recv_loop() running at /opt/dumbo-mpc/dumbo-mpc/AsyRanTriGen/beaver/utils/misc.py:89> wait_for=<Future pending cb=[<TaskWakeupMethWrapper object at 0x7f6579aef9a0>()]>>
Exception ignored in: <coroutine object subscribe_recv.<locals>._recv_loop at 0x7f657c38bbc0>
Traceback (most recent call last):
  File "/opt/dumbo-mpc/dumbo-mpc/AsyRanTriGen/beaver/utils/misc.py", line 89, in _recv_loop
    j, (tag, o) = await recv()
  File "/usr/lib/python3.8/asyncio/queues.py", line 165, in get
    getter.cancel()  # Just in case getter is not done yet.
  File "uvloop/loop.pyx", line 1281, in uvloop.loop.Loop.call_soon
  File "uvloop/loop.pyx", line 669, in uvloop.loop.Loop._call_soon
  File "uvloop/loop.pyx", line 678, in uvloop.loop.Loop._call_soon_handle
  File "uvloop/loop.pyx", line 673, in uvloop.loop.Loop._append_ready_handle
  File "uvloop/loop.pyx", line 705, in uvloop.loop.Loop._check_closed
RuntimeError: Event loop is closed
2025-12-17 02:12:50,409 ERROR [asyncio] Task was destroyed but it is pending!
task: <Task pending name='Task-37' coro=<subscribe_recv.<locals>._recv_loop() running at /opt/dumbo-mpc/dumbo-mpc/AsyRanTriGen/beaver/utils/misc.py:89> wait_for=<Future pending cb=[<TaskWakeupMethWrapper object at 0x7f6579a58d00>()]>>
Exception ignored in: <coroutine object subscribe_recv.<locals>._recv_loop at 0x7f6579ad9040>
Traceback (most recent call last):
  File "/opt/dumbo-mpc/dumbo-mpc/AsyRanTriGen/beaver/utils/misc.py", line 89, in _recv_loop
    j, (tag, o) = await recv()
  File "/usr/lib/python3.8/asyncio/queues.py", line 165, in get
    getter.cancel()  # Just in case getter is not done yet.
  File "uvloop/loop.pyx", line 1281, in uvloop.loop.Loop.call_soon
  File "uvloop/loop.pyx", line 669, in uvloop.loop.Loop._call_soon
  File "uvloop/loop.pyx", line 678, in uvloop.loop.Loop._call_soon_handle
  File "uvloop/loop.pyx", line 673, in uvloop.loop.Loop._append_ready_handle
  File "uvloop/loop.pyx", line 705, in uvloop.loop.Loop._check_closed
RuntimeError: Event loop is closed
2025-12-17 02:12:50,410 ERROR [asyncio] Task was destroyed but it is pending!
task: <Task pending name='Task-49' coro=<OptimalCommonSet.fallback_timer() running at /opt/dumbo-mpc/dumbo-mpc/AsyRanTriGen/beaver/broadcast/otmvba_dyn.py:71> wait_for=<Future pending cb=[<TaskWakeupMethWrapper object at 0x7f6579a4ca90>()]>>
2025-12-17 02:12:50,410 ERROR [asyncio] Task was destroyed but it is pending!
task: <Task pending name='Task-50' coro=<subscribe_recv.<locals>._recv_loop() running at /opt/dumbo-mpc/dumbo-mpc/AsyRanTriGen/beaver/utils/misc.py:89> wait_for=<Future pending cb=[<TaskWakeupMethWrapper object at 0x7f6579a6b8b0>()]>>
2025-12-17 02:12:50,410 ERROR [asyncio] Task was destroyed but it is pending!
task: <Task pending name='Task-52' coro=<subscribe_recv.<locals>._recv_loop() running at /opt/dumbo-mpc/dumbo-mpc/AsyRanTriGen/beaver/utils/misc.py:89> wait_for=<Future pending cb=[<TaskWakeupMethWrapper object at 0x7f6579a70ac0>()]>>
2025-12-17 02:12:50,410 ERROR [asyncio] Task was destroyed but it is pending!
task: <Task pending name='Task-60' coro=<ACSS_Foll._recv_loop() running at /opt/dumbo-mpc/dumbo-mpc/AsyRanTriGen/beaver/hbacss.py:3694> wait_for=<Future pending cb=[<TaskWakeupMethWrapper object at 0x7f6579aef430>()]>>
Exception ignored in: <coroutine object subscribe_recv.<locals>._recv_loop at 0x7f6579ad9c40>
Traceback (most recent call last):
  File "/opt/dumbo-mpc/dumbo-mpc/AsyRanTriGen/beaver/utils/misc.py", line 89, in _recv_loop
    j, (tag, o) = await recv()
  File "/usr/lib/python3.8/asyncio/queues.py", line 165, in get
    getter.cancel()  # Just in case getter is not done yet.
  File "uvloop/loop.pyx", line 1281, in uvloop.loop.Loop.call_soon
  File "uvloop/loop.pyx", line 669, in uvloop.loop.Loop._call_soon
  File "uvloop/loop.pyx", line 678, in uvloop.loop.Loop._call_soon_handle
  File "uvloop/loop.pyx", line 673, in uvloop.loop.Loop._append_ready_handle
  File "uvloop/loop.pyx", line 705, in uvloop.loop.Loop._check_closed
RuntimeError: Event loop is closed
Exception ignored in: <coroutine object subscribe_recv.<locals>._recv_loop at 0x7f6579ad90c0>
Traceback (most recent call last):
  File "/opt/dumbo-mpc/dumbo-mpc/AsyRanTriGen/beaver/utils/misc.py", line 89, in _recv_loop
    j, (tag, o) = await recv()
  File "/usr/lib/python3.8/asyncio/queues.py", line 165, in get
    getter.cancel()  # Just in case getter is not done yet.
  File "uvloop/loop.pyx", line 1281, in uvloop.loop.Loop.call_soon
  File "uvloop/loop.pyx", line 669, in uvloop.loop.Loop._call_soon
  File "uvloop/loop.pyx", line 678, in uvloop.loop.Loop._call_soon_handle
  File "uvloop/loop.pyx", line 673, in uvloop.loop.Loop._append_ready_handle
  File "uvloop/loop.pyx", line 705, in uvloop.loop.Loop._check_closed
RuntimeError: Event loop is closed
Exception ignored in: <coroutine object ACSS_Foll._recv_loop at 0x7f6579a41e40>
Traceback (most recent call last):
  File "/opt/dumbo-mpc/dumbo-mpc/AsyRanTriGen/beaver/hbacss.py", line 3694, in _recv_loop
    await avid.disperse(tag, self.my_id, dispersal_msg_list)
  File "/opt/dumbo-mpc/dumbo-mpc/AsyRanTriGen/beaver/broadcast/avid.py", line 461, in disperse
    sender, msg = await self.recv()
  File "/usr/lib/python3.8/asyncio/queues.py", line 165, in get
    getter.cancel()  # Just in case getter is not done yet.
  File "uvloop/loop.pyx", line 1281, in uvloop.loop.Loop.call_soon
  File "uvloop/loop.pyx", line 669, in uvloop.loop.Loop._call_soon
  File "uvloop/loop.pyx", line 678, in uvloop.loop.Loop._call_soon_handle
  File "uvloop/loop.pyx", line 673, in uvloop.loop.Loop._append_ready_handle
  File "uvloop/loop.pyx", line 705, in uvloop.loop.Loop._check_closed
RuntimeError: Event loop is closed
2025-12-17 02:12:50,412 ERROR [asyncio] Task was destroyed but it is pending!
task: <Task pending name='Task-61' coro=<subscribe_recv.<locals>._recv_loop() running at /opt/dumbo-mpc/dumbo-mpc/AsyRanTriGen/beaver/utils/misc.py:89> wait_for=<Future pending cb=[<TaskWakeupMethWrapper object at 0x7f6579a6bc40>()]>>
2025-12-17 02:12:50,412 ERROR [asyncio] Task was destroyed but it is pending!
task: <Task pending name='Task-39' coro=<subscribe_recv.<locals>._recv_loop() running at /opt/dumbo-mpc/dumbo-mpc/AsyRanTriGen/beaver/utils/misc.py:89> wait_for=<Future pending cb=[<TaskWakeupMethWrapper object at 0x7f6579a4c760>()]>>
2025-12-17 02:12:50,412 ERROR [asyncio] Task was destroyed but it is pending!
task: <Task pending name='Task-48' coro=<subscribe_recv.<locals>._recv_loop() running at /opt/dumbo-mpc/dumbo-mpc/AsyRanTriGen/beaver/utils/misc.py:89> wait_for=<Future pending cb=[<TaskWakeupMethWrapper object at 0x7f6579aef1f0>()]>>
2025-12-17 02:12:50,412 ERROR [asyncio] Task was destroyed but it is pending!
task: <Task pending name='Task-57' coro=<ACSS_Foll._recv_loop() running at /opt/dumbo-mpc/dumbo-mpc/AsyRanTriGen/beaver/hbacss.py:3696> wait_for=<Future pending cb=[<TaskWakeupMethWrapper object at 0x7f6579ad3940>()]>>
2025-12-17 02:12:50,412 ERROR [asyncio] Task was destroyed but it is pending!
task: <Task pending name='Task-58' coro=<ACSS_Foll._recv_loop() running at /opt/dumbo-mpc/dumbo-mpc/AsyRanTriGen/beaver/hbacss.py:3696> wait_for=<Future pending cb=[<TaskWakeupMethWrapper object at 0x7f6579a58cd0>()]>>
2025-12-17 02:12:50,413 ERROR [asyncio] Task was destroyed but it is pending!
task: <Task pending name='Task-59' coro=<ACSS_Foll._recv_loop() running at /opt/dumbo-mpc/dumbo-mpc/AsyRanTriGen/beaver/hbacss.py:3694> wait_for=<Future pending cb=[<TaskWakeupMethWrapper object at 0x7f6579a70580>()]>>
Exception ignored in: <coroutine object subscribe_recv.<locals>._recv_loop at 0x7f6579199840>
Traceback (most recent call last):
  File "/opt/dumbo-mpc/dumbo-mpc/AsyRanTriGen/beaver/utils/misc.py", line 89, in _recv_loop
    j, (tag, o) = await recv()
  File "/usr/lib/python3.8/asyncio/queues.py", line 165, in get
    getter.cancel()  # Just in case getter is not done yet.
  File "uvloop/loop.pyx", line 1281, in uvloop.loop.Loop.call_soon
  File "uvloop/loop.pyx", line 669, in uvloop.loop.Loop._call_soon
  File "uvloop/loop.pyx", line 678, in uvloop.loop.Loop._call_soon_handle
  File "uvloop/loop.pyx", line 673, in uvloop.loop.Loop._append_ready_handle
  File "uvloop/loop.pyx", line 705, in uvloop.loop.Loop._check_closed
RuntimeError: Event loop is closed
Exception ignored in: <coroutine object subscribe_recv.<locals>._recv_loop at 0x7f6579ad5f40>
Traceback (most recent call last):
  File "/opt/dumbo-mpc/dumbo-mpc/AsyRanTriGen/beaver/utils/misc.py", line 89, in _recv_loop
    j, (tag, o) = await recv()
  File "/usr/lib/python3.8/asyncio/queues.py", line 165, in get
    getter.cancel()  # Just in case getter is not done yet.
  File "uvloop/loop.pyx", line 1281, in uvloop.loop.Loop.call_soon
  File "uvloop/loop.pyx", line 669, in uvloop.loop.Loop._call_soon
  File "uvloop/loop.pyx", line 678, in uvloop.loop.Loop._call_soon_handle
  File "uvloop/loop.pyx", line 673, in uvloop.loop.Loop._append_ready_handle
  File "uvloop/loop.pyx", line 705, in uvloop.loop.Loop._check_closed
RuntimeError: Event loop is closed
Exception ignored in: <coroutine object subscribe_recv.<locals>._recv_loop at 0x7f6579ad9740>
Traceback (most recent call last):
  File "/opt/dumbo-mpc/dumbo-mpc/AsyRanTriGen/beaver/utils/misc.py", line 89, in _recv_loop
    j, (tag, o) = await recv()
  File "/usr/lib/python3.8/asyncio/queues.py", line 165, in get
    getter.cancel()  # Just in case getter is not done yet.
  File "uvloop/loop.pyx", line 1281, in uvloop.loop.Loop.call_soon
  File "uvloop/loop.pyx", line 669, in uvloop.loop.Loop._call_soon
  File "uvloop/loop.pyx", line 678, in uvloop.loop.Loop._call_soon_handle
  File "uvloop/loop.pyx", line 673, in uvloop.loop.Loop._append_ready_handle
  File "uvloop/loop.pyx", line 705, in uvloop.loop.Loop._check_closed
RuntimeError: Event loop is closed
Exception ignored in: <coroutine object ACSS_Foll._recv_loop at 0x7f6579aee2c0>
Traceback (most recent call last):
  File "/opt/dumbo-mpc/dumbo-mpc/AsyRanTriGen/beaver/hbacss.py", line 3696, in _recv_loop
    await avid.disperse(tag, self.my_id+1, dispersal_msg_list)
  File "/opt/dumbo-mpc/dumbo-mpc/AsyRanTriGen/beaver/broadcast/avid.py", line 461, in disperse
    sender, msg = await self.recv()
  File "/usr/lib/python3.8/asyncio/queues.py", line 165, in get
    getter.cancel()  # Just in case getter is not done yet.
  File "uvloop/loop.pyx", line 1281, in uvloop.loop.Loop.call_soon
  File "uvloop/loop.pyx", line 669, in uvloop.loop.Loop._call_soon
  File "uvloop/loop.pyx", line 678, in uvloop.loop.Loop._call_soon_handle
  File "uvloop/loop.pyx", line 673, in uvloop.loop.Loop._append_ready_handle
  File "uvloop/loop.pyx", line 705, in uvloop.loop.Loop._check_closed
RuntimeError: Event loop is closed
Exception ignored in: <coroutine object ACSS_Foll._recv_loop at 0x7f6579a41cc0>
Traceback (most recent call last):
  File "/opt/dumbo-mpc/dumbo-mpc/AsyRanTriGen/beaver/hbacss.py", line 3696, in _recv_loop
    await avid.disperse(tag, self.my_id+1, dispersal_msg_list)
  File "/opt/dumbo-mpc/dumbo-mpc/AsyRanTriGen/beaver/broadcast/avid.py", line 461, in disperse
    sender, msg = await self.recv()
  File "/usr/lib/python3.8/asyncio/queues.py", line 165, in get
    getter.cancel()  # Just in case getter is not done yet.
  File "uvloop/loop.pyx", line 1281, in uvloop.loop.Loop.call_soon
  File "uvloop/loop.pyx", line 669, in uvloop.loop.Loop._call_soon
  File "uvloop/loop.pyx", line 678, in uvloop.loop.Loop._call_soon_handle
  File "uvloop/loop.pyx", line 673, in uvloop.loop.Loop._append_ready_handle
  File "uvloop/loop.pyx", line 705, in uvloop.loop.Loop._check_closed
RuntimeError: Event loop is closed
Exception ignored in: <coroutine object ACSS_Foll._recv_loop at 0x7f6579a41d40>
Traceback (most recent call last):
  File "/opt/dumbo-mpc/dumbo-mpc/AsyRanTriGen/beaver/hbacss.py", line 3694, in _recv_loop
    await avid.disperse(tag, self.my_id, dispersal_msg_list)
  File "/opt/dumbo-mpc/dumbo-mpc/AsyRanTriGen/beaver/broadcast/avid.py", line 461, in disperse
    sender, msg = await self.recv()
  File "/usr/lib/python3.8/asyncio/queues.py", line 165, in get
    getter.cancel()  # Just in case getter is not done yet.
  File "uvloop/loop.pyx", line 1281, in uvloop.loop.Loop.call_soon
  File "uvloop/loop.pyx", line 669, in uvloop.loop.Loop._call_soon
  File "uvloop/loop.pyx", line 678, in uvloop.loop.Loop._call_soon_handle
  File "uvloop/loop.pyx", line 673, in uvloop.loop.Loop._append_ready_handle
  File "uvloop/loop.pyx", line 705, in uvloop.loop.Loop._check_closed
RuntimeError: Event loop is closed
2025-12-17 02:12:50,418 ERROR [asyncio] Task was destroyed but it is pending!
task: <Task pending name='Task-47' coro=<ACSS_Foll._recv_loop() running at /opt/dumbo-mpc/dumbo-mpc/AsyRanTriGen/beaver/hbacss.py:3694> wait_for=<Future pending cb=[<TaskWakeupMethWrapper object at 0x7f6579adcaf0>()]>>
Exception ignored in: <coroutine object ACSS_Foll._recv_loop at 0x7f6579ad9a40>
Traceback (most recent call last):
  File "/opt/dumbo-mpc/dumbo-mpc/AsyRanTriGen/beaver/hbacss.py", line 3694, in _recv_loop
    await avid.disperse(tag, self.my_id, dispersal_msg_list)
  File "/opt/dumbo-mpc/dumbo-mpc/AsyRanTriGen/beaver/broadcast/avid.py", line 461, in disperse
    sender, msg = await self.recv()
  File "/usr/lib/python3.8/asyncio/queues.py", line 165, in get
    getter.cancel()  # Just in case getter is not done yet.
  File "uvloop/loop.pyx", line 1281, in uvloop.loop.Loop.call_soon
  File "uvloop/loop.pyx", line 669, in uvloop.loop.Loop._call_soon
  File "uvloop/loop.pyx", line 678, in uvloop.loop.Loop._call_soon_handle
  File "uvloop/loop.pyx", line 673, in uvloop.loop.Loop._append_ready_handle
  File "uvloop/loop.pyx", line 705, in uvloop.loop.Loop._check_closed
RuntimeError: Event loop is closed
2025-12-17 02:12:50,419 ERROR [asyncio] Task was destroyed but it is pending!
task: <Task pending name='Task-62' coro=<OptimalCommonSet.fallback_timer() running at /opt/dumbo-mpc/dumbo-mpc/AsyRanTriGen/beaver/broadcast/otmvba_dyn.py:71> wait_for=<Future pending cb=[<TaskWakeupMethWrapper object at 0x7f6579a706a0>()]>>
2025-12-17 02:12:50,419 ERROR [asyncio] Task was destroyed but it is pending!
task: <Task pending name='Task-44' coro=<ACSS_Foll._recv_loop() running at /opt/dumbo-mpc/dumbo-mpc/AsyRanTriGen/beaver/hbacss.py:3694> wait_for=<Future pending cb=[<TaskWakeupMethWrapper object at 0x7f6579a45be0>()]>>
2025-12-17 02:12:50,419 ERROR [asyncio] Task was destroyed but it is pending!
task: <Task pending name='Task-45' coro=<ACSS_Foll._recv_loop() running at /opt/dumbo-mpc/dumbo-mpc/AsyRanTriGen/beaver/hbacss.py:3696> wait_for=<Future pending cb=[<TaskWakeupMethWrapper object at 0x7f6579aef970>()]>>
2025-12-17 02:12:50,419 ERROR [asyncio] Task was destroyed but it is pending!
task: <Task pending name='Task-46' coro=<ACSS_Foll._recv_loop() running at /opt/dumbo-mpc/dumbo-mpc/AsyRanTriGen/beaver/hbacss.py:3696> wait_for=<Future pending cb=[<TaskWakeupMethWrapper object at 0x7f6579ad3df0>()]>>
Exception ignored in: <coroutine object ACSS_Foll._recv_loop at 0x7f6579ad9bc0>
Traceback (most recent call last):
  File "/opt/dumbo-mpc/dumbo-mpc/AsyRanTriGen/beaver/hbacss.py", line 3694, in _recv_loop
    await avid.disperse(tag, self.my_id, dispersal_msg_list)
  File "/opt/dumbo-mpc/dumbo-mpc/AsyRanTriGen/beaver/broadcast/avid.py", line 461, in disperse
    sender, msg = await self.recv()
  File "/usr/lib/python3.8/asyncio/queues.py", line 165, in get
    getter.cancel()  # Just in case getter is not done yet.
  File "uvloop/loop.pyx", line 1281, in uvloop.loop.Loop.call_soon
  File "uvloop/loop.pyx", line 669, in uvloop.loop.Loop._call_soon
  File "uvloop/loop.pyx", line 678, in uvloop.loop.Loop._call_soon_handle
  File "uvloop/loop.pyx", line 673, in uvloop.loop.Loop._append_ready_handle
  File "uvloop/loop.pyx", line 705, in uvloop.loop.Loop._check_closed
RuntimeError: Event loop is closed
Exception ignored in: <coroutine object ACSS_Foll._recv_loop at 0x7f6579ad5240>
Traceback (most recent call last):
  File "/opt/dumbo-mpc/dumbo-mpc/AsyRanTriGen/beaver/hbacss.py", line 3696, in _recv_loop
    await avid.disperse(tag, self.my_id+1, dispersal_msg_list)
  File "/opt/dumbo-mpc/dumbo-mpc/AsyRanTriGen/beaver/broadcast/avid.py", line 461, in disperse
    sender, msg = await self.recv()
  File "/usr/lib/python3.8/asyncio/queues.py", line 165, in get
    getter.cancel()  # Just in case getter is not done yet.
  File "uvloop/loop.pyx", line 1281, in uvloop.loop.Loop.call_soon
  File "uvloop/loop.pyx", line 669, in uvloop.loop.Loop._call_soon
  File "uvloop/loop.pyx", line 678, in uvloop.loop.Loop._call_soon_handle
  File "uvloop/loop.pyx", line 673, in uvloop.loop.Loop._append_ready_handle
  File "uvloop/loop.pyx", line 705, in uvloop.loop.Loop._check_closed
RuntimeError: Event loop is closed
Exception ignored in: <coroutine object ACSS_Foll._recv_loop at 0x7f6579ad93c0>
Traceback (most recent call last):
  File "/opt/dumbo-mpc/dumbo-mpc/AsyRanTriGen/beaver/hbacss.py", line 3696, in _recv_loop
    await avid.disperse(tag, self.my_id+1, dispersal_msg_list)
  File "/opt/dumbo-mpc/dumbo-mpc/AsyRanTriGen/beaver/broadcast/avid.py", line 461, in disperse
    sender, msg = await self.recv()
  File "/usr/lib/python3.8/asyncio/queues.py", line 165, in get
    getter.cancel()  # Just in case getter is not done yet.
  File "uvloop/loop.pyx", line 1281, in uvloop.loop.Loop.call_soon
  File "uvloop/loop.pyx", line 669, in uvloop.loop.Loop._call_soon
  File "uvloop/loop.pyx", line 678, in uvloop.loop.Loop._call_soon_handle
  File "uvloop/loop.pyx", line 673, in uvloop.loop.Loop._append_ready_handle
  File "uvloop/loop.pyx", line 705, in uvloop.loop.Loop._check_closed
RuntimeError: Event loop is closed
2025-12-17 02:12:50,423 ERROR [asyncio] Task was destroyed but it is pending!
task: <Task pending name='Task-76' coro=<rbc_dyn() running at /opt/dumbo-mpc/dumbo-mpc/AsyRanTriGen/beaver/broadcast/reliablebroadcast.py:411> wait_for=<Future cancelled>>
Exception ignored in: <coroutine object rbc_dyn at 0x7f6579a69140>
Traceback (most recent call last):
  File "/opt/dumbo-mpc/dumbo-mpc/AsyRanTriGen/beaver/broadcast/reliablebroadcast.py", line 411, in rbc_dyn
    sender, msg = await receive()
  File "/usr/lib/python3.8/asyncio/queues.py", line 165, in get
    getter.cancel()  # Just in case getter is not done yet.
  File "uvloop/loop.pyx", line 1281, in uvloop.loop.Loop.call_soon
  File "uvloop/loop.pyx", line 669, in uvloop.loop.Loop._call_soon
  File "uvloop/loop.pyx", line 678, in uvloop.loop.Loop._call_soon_handle
  File "uvloop/loop.pyx", line 673, in uvloop.loop.Loop._append_ready_handle
  File "uvloop/loop.pyx", line 705, in uvloop.loop.Loop._check_closed
RuntimeError: Event loop is closed
2025-12-17 02:12:50,423 ERROR [asyncio] Task was destroyed but it is pending!
task: <Task pending name='Task-78' coro=<AVID_DYNAMIC.disperse() running at /opt/dumbo-mpc/dumbo-mpc/AsyRanTriGen/beaver/broadcast/avid.py:461> wait_for=<Future cancelled>>
Exception ignored in: <coroutine object AVID_DYNAMIC.disperse at 0x7f657919e1c0>
Traceback (most recent call last):
  File "/opt/dumbo-mpc/dumbo-mpc/AsyRanTriGen/beaver/broadcast/avid.py", line 461, in disperse
    sender, msg = await self.recv()
  File "/usr/lib/python3.8/asyncio/queues.py", line 165, in get
    getter.cancel()  # Just in case getter is not done yet.
  File "uvloop/loop.pyx", line 1281, in uvloop.loop.Loop.call_soon
  File "uvloop/loop.pyx", line 669, in uvloop.loop.Loop._call_soon
  File "uvloop/loop.pyx", line 678, in uvloop.loop.Loop._call_soon_handle
  File "uvloop/loop.pyx", line 673, in uvloop.loop.Loop._append_ready_handle
  File "uvloop/loop.pyx", line 705, in uvloop.loop.Loop._check_closed
RuntimeError: Event loop is closed
2025-12-17 02:12:50,424 ERROR [asyncio] Task was destroyed but it is pending!
task: <Task pending name='Task-63' coro=<subscribe_recv.<locals>._recv_loop() running at /opt/dumbo-mpc/dumbo-mpc/AsyRanTriGen/beaver/utils/misc.py:89> wait_for=<Future pending cb=[<TaskWakeupMethWrapper object at 0x7f6579a4ce20>()]>>
2025-12-17 02:12:50,424 ERROR [asyncio] Task was destroyed but it is pending!
task: <Task pending name='Task-66' coro=<subscribe_recv.<locals>._recv_loop() running at /opt/dumbo-mpc/dumbo-mpc/AsyRanTriGen/beaver/utils/misc.py:89> wait_for=<Future pending cb=[<TaskWakeupMethWrapper object at 0x7f6579a70970>()]>>
2025-12-17 02:12:50,424 ERROR [asyncio] Task was destroyed but it is pending!
task: <Task pending name='Task-68' coro=<subscribe_recv.<locals>._recv_loop() running at /opt/dumbo-mpc/dumbo-mpc/AsyRanTriGen/beaver/utils/misc.py:89> wait_for=<Future pending cb=[<TaskWakeupMethWrapper object at 0x7f6579a70d30>()]>>
Exception ignored in: <coroutine object subscribe_recv.<locals>._recv_loop at 0x7f6579a742c0>
Traceback (most recent call last):
  File "/opt/dumbo-mpc/dumbo-mpc/AsyRanTriGen/beaver/utils/misc.py", line 89, in _recv_loop
    j, (tag, o) = await recv()
  File "/usr/lib/python3.8/asyncio/queues.py", line 165, in get
    getter.cancel()  # Just in case getter is not done yet.
  File "uvloop/loop.pyx", line 1281, in uvloop.loop.Loop.call_soon
  File "uvloop/loop.pyx", line 669, in uvloop.loop.Loop._call_soon
  File "uvloop/loop.pyx", line 678, in uvloop.loop.Loop._call_soon_handle
  File "uvloop/loop.pyx", line 673, in uvloop.loop.Loop._append_ready_handle
  File "uvloop/loop.pyx", line 705, in uvloop.loop.Loop._check_closed
RuntimeError: Event loop is closed
Exception ignored in: <coroutine object subscribe_recv.<locals>._recv_loop at 0x7f6579a773c0>
Traceback (most recent call last):
  File "/opt/dumbo-mpc/dumbo-mpc/AsyRanTriGen/beaver/utils/misc.py", line 89, in _recv_loop
    j, (tag, o) = await recv()
  File "/usr/lib/python3.8/asyncio/queues.py", line 165, in get
    getter.cancel()  # Just in case getter is not done yet.
  File "uvloop/loop.pyx", line 1281, in uvloop.loop.Loop.call_soon
  File "uvloop/loop.pyx", line 669, in uvloop.loop.Loop._call_soon
  File "uvloop/loop.pyx", line 678, in uvloop.loop.Loop._call_soon_handle
  File "uvloop/loop.pyx", line 673, in uvloop.loop.Loop._append_ready_handle
  File "uvloop/loop.pyx", line 705, in uvloop.loop.Loop._check_closed
RuntimeError: Event loop is closed
Exception ignored in: <coroutine object subscribe_recv.<locals>._recv_loop at 0x7f6579a77740>
Traceback (most recent call last):
  File "/opt/dumbo-mpc/dumbo-mpc/AsyRanTriGen/beaver/utils/misc.py", line 89, in _recv_loop
    j, (tag, o) = await recv()
  File "/usr/lib/python3.8/asyncio/queues.py", line 165, in get
    getter.cancel()  # Just in case getter is not done yet.
  File "uvloop/loop.pyx", line 1281, in uvloop.loop.Loop.call_soon
  File "uvloop/loop.pyx", line 669, in uvloop.loop.Loop._call_soon
  File "uvloop/loop.pyx", line 678, in uvloop.loop.Loop._call_soon_handle
  File "uvloop/loop.pyx", line 673, in uvloop.loop.Loop._append_ready_handle
  File "uvloop/loop.pyx", line 705, in uvloop.loop.Loop._check_closed
RuntimeError: Event loop is closed
2025-12-17 02:12:50,425 ERROR [asyncio] Task was destroyed but it is pending!
task: <Task pending name='Task-74' coro=<subscribe_recv.<locals>._recv_loop() running at /opt/dumbo-mpc/dumbo-mpc/AsyRanTriGen/beaver/utils/misc.py:89> wait_for=<Future pending cb=[<TaskWakeupMethWrapper object at 0x7f6579a6b610>()]>>
2025-12-17 02:12:50,425 ERROR [asyncio] Task was destroyed but it is pending!
task: <Task pending name='Task-70' coro=<rbc_dyn() running at /opt/dumbo-mpc/dumbo-mpc/AsyRanTriGen/beaver/broadcast/reliablebroadcast.py:411> wait_for=<Future pending cb=[<TaskWakeupMethWrapper object at 0x7f6579a58fd0>()]>>
Exception ignored in: <coroutine object subscribe_recv.<locals>._recv_loop at 0x7f6579a77b40>
Traceback (most recent call last):
  File "/opt/dumbo-mpc/dumbo-mpc/AsyRanTriGen/beaver/utils/misc.py", line 89, in _recv_loop
    j, (tag, o) = await recv()
  File "/usr/lib/python3.8/asyncio/queues.py", line 165, in get
    getter.cancel()  # Just in case getter is not done yet.
  File "uvloop/loop.pyx", line 1281, in uvloop.loop.Loop.call_soon
  File "uvloop/loop.pyx", line 669, in uvloop.loop.Loop._call_soon
  File "uvloop/loop.pyx", line 678, in uvloop.loop.Loop._call_soon_handle
  File "uvloop/loop.pyx", line 673, in uvloop.loop.Loop._append_ready_handle
  File "uvloop/loop.pyx", line 705, in uvloop.loop.Loop._check_closed
RuntimeError: Event loop is closed
2025-12-17 02:12:50,426 ERROR [asyncio] Task was destroyed but it is pending!
task: <Task pending name='Task-73' coro=<AVID_DYNAMIC.disperse() running at /opt/dumbo-mpc/dumbo-mpc/AsyRanTriGen/beaver/broadcast/avid.py:461> wait_for=<Future pending cb=[<TaskWakeupMethWrapper object at 0x7f6579a6b520>()]>>
Exception ignored in: <coroutine object rbc_dyn at 0x7f6579a776c0>
Traceback (most recent call last):
  File "/opt/dumbo-mpc/dumbo-mpc/AsyRanTriGen/beaver/broadcast/reliablebroadcast.py", line 411, in rbc_dyn
    sender, msg = await receive()
  File "/usr/lib/python3.8/asyncio/queues.py", line 165, in get
    getter.cancel()  # Just in case getter is not done yet.
  File "uvloop/loop.pyx", line 1281, in uvloop.loop.Loop.call_soon
  File "uvloop/loop.pyx", line 669, in uvloop.loop.Loop._call_soon
  File "uvloop/loop.pyx", line 678, in uvloop.loop.Loop._call_soon_handle
  File "uvloop/loop.pyx", line 673, in uvloop.loop.Loop._append_ready_handle
  File "uvloop/loop.pyx", line 705, in uvloop.loop.Loop._check_closed
RuntimeError: Event loop is closed
Exception ignored in: <coroutine object AVID_DYNAMIC.disperse at 0x7f6579a690c0>
Traceback (most recent call last):
  File "/opt/dumbo-mpc/dumbo-mpc/AsyRanTriGen/beaver/broadcast/avid.py", line 461, in disperse
    sender, msg = await self.recv()
  File "/usr/lib/python3.8/asyncio/queues.py", line 165, in get
    getter.cancel()  # Just in case getter is not done yet.
  File "uvloop/loop.pyx", line 1281, in uvloop.loop.Loop.call_soon
  File "uvloop/loop.pyx", line 669, in uvloop.loop.Loop._call_soon
  File "uvloop/loop.pyx", line 678, in uvloop.loop.Loop._call_soon_handle
  File "uvloop/loop.pyx", line 673, in uvloop.loop.Loop._append_ready_handle
  File "uvloop/loop.pyx", line 705, in uvloop.loop.Loop._check_closed
RuntimeError: Event loop is closed
