Warning: Permanently added '111.231.28.183' (ECDSA) to the list of known hosts.
Creating dumbo-mpc_dumbo-mpc_run ... 
Creating dumbo-mpc_dumbo-mpc_run ... done
2025-12-17 02:12:34,307 INFO [root] Running ADMPC ...
2025-12-17 02:12:34,963 INFO [root] my_send_id: 19
2025-12-17 02:12:34,967 INFO [root] ADMPC start time: 1765937554.9676921
2025-12-17 02:12:34,968 INFO [root] [Layer 4] Reached run_admpc checkpoint
2025-12-17 02:12:34,968 INFO [beaver.transfer] [3] Starting DynamicTransfer_Foll
2025-12-17 02:12:34,968 INFO [beaver.transfer] [3] Starting ACSS to share 50 secrets
2025-12-17 02:12:34,969 INFO [root] [3] Starting Batch AVSS. Id: 0, Dealer Id: 0, Client Mode: False
2025-12-17 02:12:34,969 INFO [root] [3] AVSS tag: 0-0-4-B-AVSS
2025-12-17 02:12:34,969 INFO [root] [3] RBC tag: 0-0-4-B-RBC
2025-12-17 02:12:34,969 INFO [root] [3] Starting AVSS with shares_num: 50, dealer_id: 0, client_mode: False
2025-12-17 02:12:34,969 INFO [root] rbc_list: [12, 16, 17, 18, 19]
2025-12-17 02:12:34,969 INFO [root] committee_size: 4
2025-12-17 02:12:34,969 INFO [root] n: 5
2025-12-17 02:12:34,970 INFO [root] f: 1
2025-12-17 02:12:34,971 INFO [root] pid: 4
2025-12-17 02:12:34,971 INFO [root] leader: 0
2025-12-17 02:12:34,972 INFO [root] [3] Starting Batch AVSS. Id: 0, Dealer Id: 1, Client Mode: False
2025-12-17 02:12:34,972 INFO [root] [3] AVSS tag: 1-0-4-B-AVSS
2025-12-17 02:12:34,972 INFO [root] [3] RBC tag: 1-0-4-B-RBC
2025-12-17 02:12:34,972 INFO [root] [3] Starting AVSS with shares_num: 50, dealer_id: 1, client_mode: False
2025-12-17 02:12:34,973 INFO [root] rbc_list: [13, 16, 17, 18, 19]
2025-12-17 02:12:34,973 INFO [root] committee_size: 4
2025-12-17 02:12:34,973 INFO [root] n: 5
2025-12-17 02:12:34,974 INFO [root] f: 1
2025-12-17 02:12:34,974 INFO [root] pid: 4
2025-12-17 02:12:34,974 INFO [root] leader: 1
2025-12-17 02:12:34,974 INFO [root] [3] Starting Batch AVSS. Id: 0, Dealer Id: 2, Client Mode: False
2025-12-17 02:12:34,975 INFO [root] [3] AVSS tag: 2-0-4-B-AVSS
2025-12-17 02:12:34,975 INFO [root] [3] RBC tag: 2-0-4-B-RBC
2025-12-17 02:12:34,975 INFO [root] [3] Starting AVSS with shares_num: 50, dealer_id: 2, client_mode: False
2025-12-17 02:12:34,975 INFO [root] rbc_list: [14, 16, 17, 18, 19]
2025-12-17 02:12:34,976 INFO [root] committee_size: 4
2025-12-17 02:12:34,976 INFO [root] n: 5
2025-12-17 02:12:34,976 INFO [root] f: 1
2025-12-17 02:12:34,976 INFO [root] pid: 4
2025-12-17 02:12:34,976 INFO [root] leader: 2
2025-12-17 02:12:34,976 INFO [root] [3] Starting Batch AVSS. Id: 0, Dealer Id: 3, Client Mode: False
2025-12-17 02:12:34,976 INFO [root] [3] AVSS tag: 3-0-4-B-AVSS
2025-12-17 02:12:34,977 INFO [root] [3] RBC tag: 3-0-4-B-RBC
2025-12-17 02:12:34,977 INFO [root] [3] Starting AVSS with shares_num: 50, dealer_id: 3, client_mode: False
2025-12-17 02:12:34,977 INFO [root] rbc_list: [15, 16, 17, 18, 19]
2025-12-17 02:12:34,977 INFO [root] committee_size: 4
2025-12-17 02:12:34,978 INFO [root] n: 5
2025-12-17 02:12:34,978 INFO [root] f: 1
2025-12-17 02:12:34,978 INFO [root] pid: 4
2025-12-17 02:12:34,978 INFO [root] leader: 3
2025-12-17 02:12:37,973 INFO [root] [4] Received VAL message from 13
2025-12-17 02:12:37,973 INFO [root] entering n == commitee_size + 1
2025-12-17 02:12:37,973 INFO [root] [4] sender: 13, leader: 1
2025-12-17 02:12:37,973 INFO [root] [4] Successfully validated VAL message
2025-12-17 02:12:37,973 INFO [root] [4] Broadcasted ECHO message for roothash b'\xbd\x194\xe7L\x19\xf1\xa5\x9a\x87\xd6I/Y\xadx\x1f;K\xe1\n%\xef\xb6\xf6\x18J\x18\x1d\x0ba\x12'
2025-12-17 02:12:37,973 INFO [root] broadcast Sending to 1: 16
2025-12-17 02:12:37,973 INFO [root] broadcast Sending to 2: 17
2025-12-17 02:12:37,973 INFO [root] broadcast Sending to 3: 18
2025-12-17 02:12:37,973 INFO [root] broadcast Sending to 4: 19
2025-12-17 02:12:37,973 INFO [root] [4] Received VAL message from 14
2025-12-17 02:12:37,973 INFO [root] entering n == commitee_size + 1
2025-12-17 02:12:37,973 INFO [root] [4] sender: 14, leader: 2
2025-12-17 02:12:37,973 INFO [root] [4] Successfully validated VAL message
2025-12-17 02:12:37,973 INFO [root] [4] Broadcasted ECHO message for roothash b'hOQ\x13&\xbf\xc7]\xad]\xc2\xf8\x12jh\x15\xb2\xcfO\xdb\x1a\xa0\xbf\xa0J\xf0\xe7\xa5\xe1\xfe\x9d\xb8'
2025-12-17 02:12:37,973 INFO [root] broadcast Sending to 1: 16
2025-12-17 02:12:37,973 INFO [root] broadcast Sending to 2: 17
2025-12-17 02:12:37,973 INFO [root] broadcast Sending to 3: 18
2025-12-17 02:12:37,974 INFO [root] broadcast Sending to 4: 19
2025-12-17 02:12:37,974 INFO [root] [4] Received ECHO message from 19
2025-12-17 02:12:37,974 INFO [root] [4] Received ECHO message from 19
2025-12-17 02:12:37,975 INFO [root] [4] Received ECHO message from 17
2025-12-17 02:12:37,975 INFO [root] [4] Received ECHO message from 18
2025-12-17 02:12:37,975 INFO [root] [4] Broadcasted READY message for roothash b'\xbd\x194\xe7L\x19\xf1\xa5\x9a\x87\xd6I/Y\xadx\x1f;K\xe1\n%\xef\xb6\xf6\x18J\x18\x1d\x0ba\x12'
2025-12-17 02:12:37,975 INFO [root] broadcast Sending to 1: 16
2025-12-17 02:12:37,975 INFO [root] broadcast Sending to 2: 17
2025-12-17 02:12:37,975 INFO [root] broadcast Sending to 3: 18
2025-12-17 02:12:37,975 INFO [root] broadcast Sending to 4: 19
2025-12-17 02:12:37,975 INFO [root] [4] Received ECHO message from 16
2025-12-17 02:12:37,975 INFO [root] [4] Received ECHO message from 17
2025-12-17 02:12:37,976 INFO [root] [4] Received ECHO message from 18
2025-12-17 02:12:37,976 INFO [root] [4] Broadcasted READY message for roothash b'hOQ\x13&\xbf\xc7]\xad]\xc2\xf8\x12jh\x15\xb2\xcfO\xdb\x1a\xa0\xbf\xa0J\xf0\xe7\xa5\xe1\xfe\x9d\xb8'
2025-12-17 02:12:37,976 INFO [root] broadcast Sending to 1: 16
2025-12-17 02:12:37,976 INFO [root] broadcast Sending to 2: 17
2025-12-17 02:12:37,976 INFO [root] broadcast Sending to 3: 18
2025-12-17 02:12:37,976 INFO [root] broadcast Sending to 4: 19
2025-12-17 02:12:37,976 INFO [root] [4] Received ECHO message from 16
2025-12-17 02:12:37,977 INFO [root] [4] Received READY message from 19
2025-12-17 02:12:37,977 INFO [root] [4] Received READY message from 19
2025-12-17 02:12:37,977 INFO [root] [4] Received VAL message from 12
2025-12-17 02:12:37,977 INFO [root] entering n == commitee_size + 1
2025-12-17 02:12:37,977 INFO [root] [4] sender: 12, leader: 0
2025-12-17 02:12:37,977 INFO [root] [4] Successfully validated VAL message
2025-12-17 02:12:37,977 INFO [root] [4] Broadcasted ECHO message for roothash b'Aw\x05f\td\x96\xdf%\x15\x9e|@\x03\x03@x/\xf0\x9f*7\xca\xe2U9[A\xe4Su\xe0'
2025-12-17 02:12:37,977 INFO [root] broadcast Sending to 1: 16
2025-12-17 02:12:37,977 INFO [root] broadcast Sending to 2: 17
2025-12-17 02:12:37,977 INFO [root] broadcast Sending to 3: 18
2025-12-17 02:12:37,978 INFO [root] broadcast Sending to 4: 19
2025-12-17 02:12:37,978 INFO [root] [4] Received READY message from 18
2025-12-17 02:12:37,978 INFO [root] [4] Received READY message from 16
2025-12-17 02:12:37,978 INFO [root] Decoding output for roothash: b'\xbd\x194\xe7L\x19\xf1\xa5\x9a\x87\xd6I/Y\xadx\x1f;K\xe1\n%\xef\xb6\xf6\x18J\x18\x1d\x0ba\x12'
2025-12-17 02:12:37,978 INFO [root] [3] Received RBC message
2025-12-17 02:12:37,978 INFO [root] multicast list: [16, 17, 18, 19]
2025-12-17 02:12:37,978 INFO [root] before avid.retrieve
2025-12-17 02:12:37,978 INFO [root] [4] Received READY message from 17
2025-12-17 02:12:37,978 INFO [root] [4] Received READY message from 18
2025-12-17 02:12:37,979 INFO [root] Decoding output for roothash: b'hOQ\x13&\xbf\xc7]\xad]\xc2\xf8\x12jh\x15\xb2\xcfO\xdb\x1a\xa0\xbf\xa0J\xf0\xe7\xa5\xe1\xfe\x9d\xb8'
2025-12-17 02:12:37,979 INFO [root] [3] Received RBC message
2025-12-17 02:12:37,979 INFO [root] multicast list: [16, 17, 18, 19]
2025-12-17 02:12:37,979 INFO [root] before avid.retrieve
2025-12-17 02:12:37,980 INFO [root] [4] Received VAL message from 15
2025-12-17 02:12:37,980 INFO [root] entering n == commitee_size + 1
2025-12-17 02:12:37,980 INFO [root] [4] sender: 15, leader: 3
2025-12-17 02:12:37,980 INFO [root] [4] Successfully validated VAL message
2025-12-17 02:12:37,980 INFO [root] [4] Broadcasted ECHO message for roothash b'v\xb7\xe7?x\x92\xd9\x84\x86*-\xe3{;\x8blw%\xe3zh\xde\xcaY\xefZXKd\xa4\xcd)'
2025-12-17 02:12:37,980 INFO [root] broadcast Sending to 1: 16
2025-12-17 02:12:37,980 INFO [root] broadcast Sending to 2: 17
2025-12-17 02:12:37,980 INFO [root] broadcast Sending to 3: 18
2025-12-17 02:12:37,980 INFO [root] broadcast Sending to 4: 19
2025-12-17 02:12:37,981 INFO [root] [4] Received ECHO message from 19
2025-12-17 02:12:37,981 INFO [root] [4] Received ECHO message from 16
2025-12-17 02:12:37,981 INFO [root] [4] Received ECHO message from 18
2025-12-17 02:12:37,981 INFO [root] [4] Broadcasted READY message for roothash b'Aw\x05f\td\x96\xdf%\x15\x9e|@\x03\x03@x/\xf0\x9f*7\xca\xe2U9[A\xe4Su\xe0'
2025-12-17 02:12:37,981 INFO [root] broadcast Sending to 1: 16
2025-12-17 02:12:37,981 INFO [root] broadcast Sending to 2: 17
2025-12-17 02:12:37,981 INFO [root] broadcast Sending to 3: 18
2025-12-17 02:12:37,981 INFO [root] broadcast Sending to 4: 19
2025-12-17 02:12:37,981 INFO [root] [4] Received ECHO message from 17
2025-12-17 02:12:37,981 INFO [root] [4] Received READY message from 18
2025-12-17 02:12:37,981 INFO [root] [4] Received ECHO message from 16
2025-12-17 02:12:37,981 INFO [root] [4] Received ECHO message from 18
2025-12-17 02:12:37,981 INFO [root] [4] Received READY message from 16
2025-12-17 02:12:37,981 INFO [root] [4] Received ECHO message from 17
2025-12-17 02:12:37,982 INFO [root] [4] Broadcasted READY message for roothash b'v\xb7\xe7?x\x92\xd9\x84\x86*-\xe3{;\x8blw%\xe3zh\xde\xcaY\xefZXKd\xa4\xcd)'
2025-12-17 02:12:37,982 INFO [root] broadcast Sending to 1: 16
2025-12-17 02:12:37,982 INFO [root] broadcast Sending to 2: 17
2025-12-17 02:12:37,982 INFO [root] broadcast Sending to 3: 18
2025-12-17 02:12:37,982 INFO [root] broadcast Sending to 4: 19
2025-12-17 02:12:37,982 INFO [root] [4] Received ECHO message from 19
2025-12-17 02:12:37,982 INFO [root] [4] Received READY message from 17
2025-12-17 02:12:37,982 INFO [root] Decoding output for roothash: b'Aw\x05f\td\x96\xdf%\x15\x9e|@\x03\x03@x/\xf0\x9f*7\xca\xe2U9[A\xe4Su\xe0'
2025-12-17 02:12:37,982 INFO [root] [3] Received RBC message
2025-12-17 02:12:37,982 INFO [root] multicast list: [16, 17, 18, 19]
2025-12-17 02:12:37,982 INFO [root] before avid.retrieve
2025-12-17 02:12:37,982 INFO [root] [4] Received READY message from 18
2025-12-17 02:12:37,982 INFO [root] [4] Received READY message from 16
2025-12-17 02:12:37,983 INFO [root] [4] Received READY message from 17
2025-12-17 02:12:37,983 INFO [root] Decoding output for roothash: b'v\xb7\xe7?x\x92\xd9\x84\x86*-\xe3{;\x8blw%\xe3zh\xde\xcaY\xefZXKd\xa4\xcd)'
2025-12-17 02:12:37,983 INFO [root] [3] Received RBC message
2025-12-17 02:12:37,983 INFO [root] multicast list: [16, 17, 18, 19]
2025-12-17 02:12:37,983 INFO [root] before avid.retrieve
2025-12-17 02:12:38,153 INFO [root] AVID broadcast to 1: 16
2025-12-17 02:12:38,153 INFO [root] AVID broadcast to 2: 17
2025-12-17 02:12:38,154 INFO [root] AVID broadcast to 3: 18
2025-12-17 02:12:38,154 INFO [root] AVID broadcast to 4: 19
2025-12-17 02:12:38,155 INFO [root] AVID broadcast to 1: 16
2025-12-17 02:12:38,155 INFO [root] AVID broadcast to 2: 17
2025-12-17 02:12:38,155 INFO [root] AVID broadcast to 3: 18
2025-12-17 02:12:38,155 INFO [root] AVID broadcast to 4: 19
2025-12-17 02:12:38,155 INFO [root] AVID broadcast to 1: 16
2025-12-17 02:12:38,156 INFO [root] AVID broadcast to 2: 17
2025-12-17 02:12:38,156 INFO [root] AVID broadcast to 3: 18
2025-12-17 02:12:38,156 INFO [root] AVID broadcast to 4: 19
2025-12-17 02:12:38,157 INFO [root] 2-0-4-B-AVSS 3 RETRIEVE called.
2025-12-17 02:12:38,157 INFO [root] AVID broadcast to 1: 16
2025-12-17 02:12:38,157 INFO [root] AVID broadcast to 2: 17
2025-12-17 02:12:38,157 INFO [root] AVID broadcast to 3: 18
2025-12-17 02:12:38,157 INFO [root] AVID broadcast to 4: 19
2025-12-17 02:12:38,157 INFO [root] 2-0-4-B-AVSS 3 RETRIEVE broadcasted.
2025-12-17 02:12:38,158 INFO [root] AVID broadcast to 1: 16
2025-12-17 02:12:38,158 INFO [root] AVID broadcast to 2: 17
2025-12-17 02:12:38,158 INFO [root] AVID broadcast to 3: 18
2025-12-17 02:12:38,158 INFO [root] AVID broadcast to 4: 19
2025-12-17 02:12:38,160 INFO [root] disperse msid: 2-0-4-B-AVSS, index: 3
2025-12-17 02:12:38,160 INFO [root] AVID retrieve called with sid: 2-0-4-B-AVID, index: 3
2025-12-17 02:12:38,160 INFO [root] AVID broadcast to 1: 16
2025-12-17 02:12:38,160 INFO [root] AVID broadcast to 2: 17
2025-12-17 02:12:38,160 INFO [root] AVID broadcast to 3: 18
2025-12-17 02:12:38,160 INFO [root] AVID broadcast to 4: 19
2025-12-17 02:12:38,160 INFO [root] AVID broadcast to 1: 16
2025-12-17 02:12:38,160 INFO [root] AVID broadcast to 2: 17
2025-12-17 02:12:38,160 INFO [root] AVID broadcast to 3: 18
2025-12-17 02:12:38,160 INFO [root] AVID broadcast to 4: 19
2025-12-17 02:12:38,160 INFO [root] AVID broadcast to 1: 16
2025-12-17 02:12:38,160 INFO [root] AVID broadcast to 2: 17
2025-12-17 02:12:38,160 INFO [root] AVID broadcast to 3: 18
2025-12-17 02:12:38,160 INFO [root] AVID broadcast to 4: 19
2025-12-17 02:12:38,160 INFO [root] disperse msid: 2-0-4-B-AVSS, index: 2
2025-12-17 02:12:38,160 INFO [root] AVID retrieve called with sid: 2-0-4-B-AVID, index: 2
2025-12-17 02:12:38,160 INFO [root] disperse msid: 2-0-4-B-AVSS, index: 1
2025-12-17 02:12:38,160 INFO [root] AVID retrieve called with sid: 2-0-4-B-AVID, index: 1
2025-12-17 02:12:38,160 INFO [root] disperse msid: 2-0-4-B-AVSS, index: 0
2025-12-17 02:12:38,160 INFO [root] AVID retrieve called with sid: 2-0-4-B-AVID, index: 0
2025-12-17 02:12:38,161 INFO [root] 2-0-4-B-AVSS 3 AVID retrieve msg from 19
2025-12-17 02:12:38,161 INFO [root] AVID retrieve response received
2025-12-17 02:12:38,161 INFO [root] retrieve msid: 2-0-4-B-AVID, response_index: 3
2025-12-17 02:12:38,161 INFO [root] RESPONSE from 19
2025-12-17 02:12:38,161 INFO [root] sender self.committee_size: 3
2025-12-17 02:12:38,162 INFO [root] 1-0-4-B-AVSS 3 RETRIEVE called.
2025-12-17 02:12:38,162 INFO [root] AVID broadcast to 1: 16
2025-12-17 02:12:38,162 INFO [root] AVID broadcast to 2: 17
2025-12-17 02:12:38,162 INFO [root] AVID broadcast to 3: 18
2025-12-17 02:12:38,162 INFO [root] AVID broadcast to 4: 19
2025-12-17 02:12:38,162 INFO [root] 1-0-4-B-AVSS 3 RETRIEVE broadcasted.
2025-12-17 02:12:38,162 INFO [root] 0-0-4-B-AVSS 3 RETRIEVE called.
2025-12-17 02:12:38,162 INFO [root] AVID broadcast to 1: 16
2025-12-17 02:12:38,162 INFO [root] AVID broadcast to 2: 17
2025-12-17 02:12:38,162 INFO [root] AVID broadcast to 3: 18
2025-12-17 02:12:38,162 INFO [root] AVID broadcast to 4: 19
2025-12-17 02:12:38,162 INFO [root] 0-0-4-B-AVSS 3 RETRIEVE broadcasted.
2025-12-17 02:12:38,162 INFO [root] 2-0-4-B-AVSS 3 AVID retrieve msg from 16
2025-12-17 02:12:38,162 INFO [root] AVID retrieve response received
2025-12-17 02:12:38,162 INFO [root] retrieve msid: 2-0-4-B-AVID, response_index: 3
2025-12-17 02:12:38,163 INFO [root] RESPONSE from 16
2025-12-17 02:12:38,163 INFO [root] sender self.committee_size: 0
2025-12-17 02:12:38,163 INFO [root] 2-0-4-B-AVSS 3 RETRIEVE complete.
2025-12-17 02:12:38,163 INFO [root] after avid.retrieve dispersal_msg
2025-12-17 02:12:38,163 INFO [root] Handling dealer messages for dealer_id: 2, tag: 2-0-4-B-AVSS
2025-12-17 02:12:38,186 INFO [root] shares verified successfully
2025-12-17 02:12:38,186 INFO [root] all_shares_valid: True
2025-12-17 02:12:38,186 INFO [root] after _handle_dealer_msgs, all_shares_valid
2025-12-17 02:12:38,186 INFO [root] self.tagvars[tag]['all_shares_valid']: True
2025-12-17 02:12:38,186 INFO [root] multicast to 16
2025-12-17 02:12:38,186 INFO [root] multicast to 17
2025-12-17 02:12:38,186 INFO [root] multicast to 18
2025-12-17 02:12:38,186 INFO [root] multicast to 19
2025-12-17 02:12:38,187 INFO [root] disperse msid: 0-0-4-B-AVSS, index: 3
2025-12-17 02:12:38,187 INFO [root] AVID retrieve called with sid: 0-0-4-B-AVID, index: 3
2025-12-17 02:12:38,187 INFO [root] disperse msid: 1-0-4-B-AVSS, index: 0
2025-12-17 02:12:38,187 INFO [root] AVID retrieve called with sid: 1-0-4-B-AVID, index: 0
2025-12-17 02:12:38,187 INFO [root] disperse msid: 1-0-4-B-AVSS, index: 3
2025-12-17 02:12:38,187 INFO [root] AVID retrieve called with sid: 1-0-4-B-AVID, index: 3
2025-12-17 02:12:38,187 INFO [root] AVID broadcast to 1: 16
2025-12-17 02:12:38,187 INFO [root] AVID broadcast to 2: 17
2025-12-17 02:12:38,187 INFO [root] AVID broadcast to 3: 18
2025-12-17 02:12:38,187 INFO [root] AVID broadcast to 4: 19
2025-12-17 02:12:38,187 INFO [root] [3] Received OK from [19]
2025-12-17 02:12:38,187 INFO [root] [3] OK set: {19}
2025-12-17 02:12:38,187 INFO [root] output: True
2025-12-17 02:12:38,187 INFO [root] disperse msid: 0-0-4-B-AVSS, index: 1
2025-12-17 02:12:38,187 INFO [root] AVID retrieve called with sid: 0-0-4-B-AVID, index: 1
2025-12-17 02:12:38,187 INFO [root] disperse msid: 0-0-4-B-AVSS, index: 0
2025-12-17 02:12:38,187 INFO [root] AVID retrieve called with sid: 0-0-4-B-AVID, index: 0
2025-12-17 02:12:38,188 INFO [root] disperse msid: 1-0-4-B-AVSS, index: 1
2025-12-17 02:12:38,188 INFO [root] AVID retrieve called with sid: 1-0-4-B-AVID, index: 1
2025-12-17 02:12:38,188 INFO [root] disperse msid: 1-0-4-B-AVSS, index: 2
2025-12-17 02:12:38,188 INFO [root] AVID retrieve called with sid: 1-0-4-B-AVID, index: 2
2025-12-17 02:12:38,188 INFO [root] [3] Received OK from [18]
2025-12-17 02:12:38,188 INFO [root] [3] OK set: {18, 19}
2025-12-17 02:12:38,188 INFO [root] output: True
2025-12-17 02:12:38,188 INFO [root] [3] Received OK from [17]
2025-12-17 02:12:38,188 INFO [root] [3] OK set: {17, 18, 19}
2025-12-17 02:12:38,188 INFO [root] output: True
2025-12-17 02:12:38,188 INFO [root] [3] Received OK from [16]
2025-12-17 02:12:38,188 INFO [root] [3] OK set: {16, 17, 18, 19}
2025-12-17 02:12:38,188 INFO [root] output: True
2025-12-17 02:12:38,188 INFO [root] [3] exit
2025-12-17 02:12:38,188 INFO [root] 0-0-4-B-AVSS 3 AVID retrieve msg from 19
2025-12-17 02:12:38,188 INFO [root] AVID retrieve response received
2025-12-17 02:12:38,189 INFO [root] retrieve msid: 0-0-4-B-AVID, response_index: 3
2025-12-17 02:12:38,189 INFO [root] RESPONSE from 19
2025-12-17 02:12:38,189 INFO [root] sender self.committee_size: 3
2025-12-17 02:12:38,189 INFO [root] 1-0-4-B-AVSS 3 AVID retrieve msg from 19
2025-12-17 02:12:38,189 INFO [root] AVID retrieve response received
2025-12-17 02:12:38,189 INFO [root] retrieve msid: 1-0-4-B-AVID, response_index: 3
2025-12-17 02:12:38,189 INFO [root] RESPONSE from 19
2025-12-17 02:12:38,189 INFO [root] sender self.committee_size: 3
2025-12-17 02:12:38,189 INFO [root] disperse msid: 0-0-4-B-AVSS, index: 2
2025-12-17 02:12:38,189 INFO [root] AVID retrieve called with sid: 0-0-4-B-AVID, index: 2
2025-12-17 02:12:38,189 INFO [root] 3-0-4-B-AVSS 3 RETRIEVE called.
2025-12-17 02:12:38,189 INFO [root] AVID broadcast to 1: 16
2025-12-17 02:12:38,189 INFO [root] AVID broadcast to 2: 17
2025-12-17 02:12:38,189 INFO [root] AVID broadcast to 3: 18
2025-12-17 02:12:38,189 INFO [root] AVID broadcast to 4: 19
2025-12-17 02:12:38,189 INFO [root] 3-0-4-B-AVSS 3 RETRIEVE broadcasted.
2025-12-17 02:12:38,189 INFO [root] 1-0-4-B-AVSS 3 AVID retrieve msg from 16
2025-12-17 02:12:38,189 INFO [root] AVID retrieve response received
2025-12-17 02:12:38,189 INFO [root] retrieve msid: 1-0-4-B-AVID, response_index: 3
2025-12-17 02:12:38,189 INFO [root] RESPONSE from 16
2025-12-17 02:12:38,189 INFO [root] sender self.committee_size: 0
2025-12-17 02:12:38,190 INFO [root] 1-0-4-B-AVSS 3 RETRIEVE complete.
2025-12-17 02:12:38,190 INFO [root] after avid.retrieve dispersal_msg
2025-12-17 02:12:38,190 INFO [root] Handling dealer messages for dealer_id: 1, tag: 1-0-4-B-AVSS
2025-12-17 02:12:38,198 INFO [root] shares verified successfully
2025-12-17 02:12:38,199 INFO [root] all_shares_valid: True
2025-12-17 02:12:38,199 INFO [root] after _handle_dealer_msgs, all_shares_valid
2025-12-17 02:12:38,199 INFO [root] self.tagvars[tag]['all_shares_valid']: True
2025-12-17 02:12:38,199 INFO [root] multicast to 16
2025-12-17 02:12:38,199 INFO [root] multicast to 17
2025-12-17 02:12:38,199 INFO [root] multicast to 18
2025-12-17 02:12:38,199 INFO [root] multicast to 19
2025-12-17 02:12:38,199 INFO [root] 0-0-4-B-AVSS 3 AVID retrieve msg from 16
2025-12-17 02:12:38,199 INFO [root] AVID retrieve response received
2025-12-17 02:12:38,199 INFO [root] retrieve msid: 0-0-4-B-AVID, response_index: 3
2025-12-17 02:12:38,199 INFO [root] RESPONSE from 16
2025-12-17 02:12:38,199 INFO [root] sender self.committee_size: 0
2025-12-17 02:12:38,199 INFO [root] 0-0-4-B-AVSS 3 RETRIEVE complete.
2025-12-17 02:12:38,199 INFO [root] after avid.retrieve dispersal_msg
2025-12-17 02:12:38,199 INFO [root] Handling dealer messages for dealer_id: 0, tag: 0-0-4-B-AVSS
2025-12-17 02:12:38,208 INFO [root] shares verified successfully
2025-12-17 02:12:38,208 INFO [root] all_shares_valid: True
2025-12-17 02:12:38,208 INFO [root] after _handle_dealer_msgs, all_shares_valid
2025-12-17 02:12:38,208 INFO [root] self.tagvars[tag]['all_shares_valid']: True
2025-12-17 02:12:38,208 INFO [root] multicast to 16
2025-12-17 02:12:38,208 INFO [root] multicast to 17
2025-12-17 02:12:38,208 INFO [root] multicast to 18
2025-12-17 02:12:38,208 INFO [root] multicast to 19
2025-12-17 02:12:38,209 INFO [root] key_proposal: [2, 1, 0]
2025-12-17 02:12:38,209 INFO [beaver.transfer] [3] [random shares] Starting ACS where node 1 is set as leader 
2025-12-17 02:12:38,209 INFO [beaver.transfer] [3] [random shares] The proposal of node 3 is [2, 1, 0]
2025-12-17 02:12:38,209 INFO [root] enter handle_message
2025-12-17 02:12:38,210 INFO [root] disperse msid: 3-0-4-B-AVSS, index: 3
2025-12-17 02:12:38,210 INFO [root] AVID retrieve called with sid: 3-0-4-B-AVID, index: 3
2025-12-17 02:12:38,210 INFO [root] [3] Received OK from [19]
2025-12-17 02:12:38,210 INFO [root] [3] OK set: {19}
2025-12-17 02:12:38,210 INFO [root] output: True
2025-12-17 02:12:38,210 INFO [root] [3] Received OK from [19]
2025-12-17 02:12:38,210 INFO [root] [3] OK set: {19}
2025-12-17 02:12:38,210 INFO [root] output: True
2025-12-17 02:12:38,210 INFO [root] [3] Received OK from [16]
2025-12-17 02:12:38,210 INFO [root] [3] OK set: {16, 19}
2025-12-17 02:12:38,210 INFO [root] output: True
2025-12-17 02:12:38,210 INFO [root] [3] Received OK from [17]
2025-12-17 02:12:38,210 INFO [root] [3] OK set: {16, 17, 19}
2025-12-17 02:12:38,210 INFO [root] output: True
2025-12-17 02:12:38,210 INFO [root] [3] Received OK from [17]
2025-12-17 02:12:38,210 INFO [root] [3] OK set: {17, 19}
2025-12-17 02:12:38,210 INFO [root] output: True
2025-12-17 02:12:38,210 INFO [root] [3] Received OK from [16]
2025-12-17 02:12:38,210 INFO [root] [3] OK set: {16, 17, 19}
2025-12-17 02:12:38,210 INFO [root] output: True
2025-12-17 02:12:38,210 INFO [root] [3] Received OK from [18]
2025-12-17 02:12:38,211 INFO [root] [3] OK set: {16, 17, 18, 19}
2025-12-17 02:12:38,211 INFO [root] output: True
2025-12-17 02:12:38,211 INFO [root] [3] exit
2025-12-17 02:12:38,211 INFO [root] disperse msid: 3-0-4-B-AVSS, index: 2
2025-12-17 02:12:38,211 INFO [root] AVID retrieve called with sid: 3-0-4-B-AVID, index: 2
2025-12-17 02:12:38,211 INFO [root] [3] otmvba msg value
2025-12-17 02:12:38,211 INFO [root] [3] otmvba handle value message
2025-12-17 02:12:38,211 INFO [root] [3] value-self.acss_outputs.keys():dict_keys([2, 1, 0])
2025-12-17 02:12:38,212 INFO [root] [3] --Directly send the proposal!--
2025-12-17 02:12:38,212 INFO [root] disperse msid: 3-0-4-B-AVSS, index: 0
2025-12-17 02:12:38,212 INFO [root] AVID retrieve called with sid: 3-0-4-B-AVID, index: 0
2025-12-17 02:12:38,212 INFO [root] 3-0-4-B-AVSS 3 AVID retrieve msg from 19
2025-12-17 02:12:38,212 INFO [root] AVID retrieve response received
2025-12-17 02:12:38,212 INFO [root] retrieve msid: 3-0-4-B-AVID, response_index: 3
2025-12-17 02:12:38,212 INFO [root] RESPONSE from 19
2025-12-17 02:12:38,212 INFO [root] sender self.committee_size: 3
2025-12-17 02:12:38,212 INFO [root] disperse msid: 3-0-4-B-AVSS, index: 1
2025-12-17 02:12:38,212 INFO [root] AVID retrieve called with sid: 3-0-4-B-AVID, index: 1
2025-12-17 02:12:38,213 INFO [root] 3-0-4-B-AVSS 3 AVID retrieve msg from 16
2025-12-17 02:12:38,213 INFO [root] AVID retrieve response received
2025-12-17 02:12:38,213 INFO [root] retrieve msid: 3-0-4-B-AVID, response_index: 3
2025-12-17 02:12:38,213 INFO [root] RESPONSE from 16
2025-12-17 02:12:38,213 INFO [root] sender self.committee_size: 0
2025-12-17 02:12:38,213 INFO [root] 3-0-4-B-AVSS 3 RETRIEVE complete.
2025-12-17 02:12:38,213 INFO [root] after avid.retrieve dispersal_msg
2025-12-17 02:12:38,213 INFO [root] Handling dealer messages for dealer_id: 3, tag: 3-0-4-B-AVSS
2025-12-17 02:12:38,221 INFO [root] shares verified successfully
2025-12-17 02:12:38,221 INFO [root] all_shares_valid: True
2025-12-17 02:12:38,222 INFO [root] after _handle_dealer_msgs, all_shares_valid
2025-12-17 02:12:38,222 INFO [root] self.tagvars[tag]['all_shares_valid']: True
2025-12-17 02:12:38,222 INFO [root] multicast to 16
2025-12-17 02:12:38,222 INFO [root] multicast to 17
2025-12-17 02:12:38,222 INFO [root] multicast to 18
2025-12-17 02:12:38,222 INFO [root] multicast to 19
2025-12-17 02:12:38,222 INFO [root] [3] Received OK from [19]
2025-12-17 02:12:38,222 INFO [root] [3] OK set: {19}
2025-12-17 02:12:38,222 INFO [root] output: True
2025-12-17 02:12:38,223 INFO [root] [3] Received OK from [16]
2025-12-17 02:12:38,223 INFO [root] [3] OK set: {16, 19}
2025-12-17 02:12:38,223 INFO [root] output: True
2025-12-17 02:12:38,229 INFO [root] [3] Received OK from [18]
2025-12-17 02:12:38,229 INFO [root] [3] OK set: {16, 17, 18, 19}
2025-12-17 02:12:38,229 INFO [root] output: True
2025-12-17 02:12:38,229 INFO [root] [3] exit
2025-12-17 02:12:38,229 INFO [root] [3] Received OK from [18]
2025-12-17 02:12:38,229 INFO [root] [3] OK set: {16, 18, 19}
2025-12-17 02:12:38,229 INFO [root] output: True
2025-12-17 02:12:38,244 INFO [root] [3] otmvba msg PrevoteQC
2025-12-17 02:12:38,244 INFO [root] [3] otmvba handle prevote qc message
2025-12-17 02:12:38,254 INFO [root] [3] Received OK from [17]
2025-12-17 02:12:38,254 INFO [root] [3] OK set: {16, 17, 18, 19}
2025-12-17 02:12:38,254 INFO [root] output: True
2025-12-17 02:12:38,254 INFO [root] [3] exit
2025-12-17 02:12:38,302 INFO [root] [3] otmvba msg VoteQC
2025-12-17 02:12:38,302 INFO [root] [3] otmvba handle vote qc message
2025-12-17 02:12:38,309 INFO [root] [3] otmvba Broadcasting to 16
2025-12-17 02:12:38,309 INFO [root] [3] otmvba Broadcasting to 17
2025-12-17 02:12:38,310 INFO [root] [3] otmvba Broadcasting to 18
2025-12-17 02:12:38,310 INFO [root] [3] otmvba Broadcasting to 19
2025-12-17 02:12:38,310 INFO [root] [3] otmvba msg Terminate
2025-12-17 02:12:38,310 INFO [root] [3] otmvba handle terminate message
2025-12-17 02:12:38,317 INFO [root] [3] otmvba Broadcasting to 16
2025-12-17 02:12:38,317 INFO [root] [3] otmvba Broadcasting to 17
2025-12-17 02:12:38,317 INFO [root] [3] otmvba Broadcasting to 18
2025-12-17 02:12:38,318 INFO [root] [3] otmvba Broadcasting to 19
2025-12-17 02:12:38,318 INFO [beaver.transfer] [3] [random shares] The ACS set is [0, 1, 2]
2025-12-17 02:12:38,318 INFO [root] common: [0, 1, 2]
2025-12-17 02:12:38,339 INFO [beaver.transfer] [3] [asynchronous dynamic transfer] Finished! Node 3, total number: 50, time: 3.370703935623169 (seconds)
2025-12-17 02:12:38,339 INFO [root] layer ID: 4 trans_foll_time: 3.371356248855591
2025-12-17 02:12:38,339 INFO [beaver.batch_multiplication] [3] Starting BatchMultiplication
2025-12-17 02:12:38,339 INFO [beaver.batch_multiplication] [3] Starting ACSS to evaluate 50 multiplication gates
2025-12-17 02:12:38,340 INFO [root] [3] Starting Batch AVSS. Id: 0, Dealer Id: 0, Client Mode: False
2025-12-17 02:12:38,340 INFO [root] [3] AVSS tag: 0-0-4-B-AVSS
2025-12-17 02:12:38,340 INFO [root] [3] RBC tag: 0-0-4-B-RBC
2025-12-17 02:12:38,340 INFO [root] [3] Starting AVSS with shares_num: 50, dealer_id: 0, client_mode: False
2025-12-17 02:12:38,340 INFO [root] rbc_list: [12, 16, 17, 18, 19]
2025-12-17 02:12:38,340 INFO [root] committee_size: 4
2025-12-17 02:12:38,340 INFO [root] n: 5
2025-12-17 02:12:38,340 INFO [root] f: 1
2025-12-17 02:12:38,340 INFO [root] pid: 4
2025-12-17 02:12:38,340 INFO [root] leader: 0
2025-12-17 02:12:38,340 INFO [root] [4] Received VAL message from 12
2025-12-17 02:12:38,340 INFO [root] entering n == commitee_size + 1
2025-12-17 02:12:38,340 INFO [root] [4] sender: 12, leader: 0
2025-12-17 02:12:38,340 INFO [root] [4] Successfully validated VAL message
2025-12-17 02:12:38,340 INFO [root] [4] Broadcasted ECHO message for roothash b'\xe0\xb0\x0f$"|\xb2\xbd\x11\r[]\r!^\x14\xd0\x06\xcc?\x9am\xe5\xc6:\x0fc7\x1c\xe2\x0f\x0b'
2025-12-17 02:12:38,340 INFO [root] broadcast Sending to 1: 16
2025-12-17 02:12:38,340 INFO [root] broadcast Sending to 2: 17
2025-12-17 02:12:38,340 INFO [root] broadcast Sending to 3: 18
2025-12-17 02:12:38,340 INFO [root] broadcast Sending to 4: 19
2025-12-17 02:12:38,341 INFO [root] [3] Starting Batch AVSS. Id: 0, Dealer Id: 1, Client Mode: False
2025-12-17 02:12:38,341 INFO [root] [3] AVSS tag: 1-0-4-B-AVSS
2025-12-17 02:12:38,341 INFO [root] [3] RBC tag: 1-0-4-B-RBC
2025-12-17 02:12:38,341 INFO [root] [3] Starting AVSS with shares_num: 50, dealer_id: 1, client_mode: False
2025-12-17 02:12:38,341 INFO [root] rbc_list: [13, 16, 17, 18, 19]
2025-12-17 02:12:38,341 INFO [root] committee_size: 4
2025-12-17 02:12:38,341 INFO [root] n: 5
2025-12-17 02:12:38,341 INFO [root] f: 1
2025-12-17 02:12:38,341 INFO [root] pid: 4
2025-12-17 02:12:38,341 INFO [root] leader: 1
2025-12-17 02:12:38,341 INFO [root] [4] Received VAL message from 13
2025-12-17 02:12:38,341 INFO [root] entering n == commitee_size + 1
2025-12-17 02:12:38,341 INFO [root] [4] sender: 13, leader: 1
2025-12-17 02:12:38,341 INFO [root] [4] Successfully validated VAL message
2025-12-17 02:12:38,341 INFO [root] [4] Broadcasted ECHO message for roothash b'\xa6\xf9\xaa;\x06\xc6\x84Q\x99?h$\xc4\x7f\xb4\xc4\xe7g\xad\xd0\xfe(\\\xa1\xf9%\xf3kAz#\xcb'
2025-12-17 02:12:38,341 INFO [root] broadcast Sending to 1: 16
2025-12-17 02:12:38,341 INFO [root] broadcast Sending to 2: 17
2025-12-17 02:12:38,341 INFO [root] broadcast Sending to 3: 18
2025-12-17 02:12:38,341 INFO [root] broadcast Sending to 4: 19
2025-12-17 02:12:38,341 INFO [root] [3] Starting Batch AVSS. Id: 0, Dealer Id: 2, Client Mode: False
2025-12-17 02:12:38,341 INFO [root] [3] AVSS tag: 2-0-4-B-AVSS
2025-12-17 02:12:38,341 INFO [root] [3] RBC tag: 2-0-4-B-RBC
2025-12-17 02:12:38,341 INFO [root] [3] Starting AVSS with shares_num: 50, dealer_id: 2, client_mode: False
2025-12-17 02:12:38,341 INFO [root] rbc_list: [14, 16, 17, 18, 19]
2025-12-17 02:12:38,341 INFO [root] committee_size: 4
2025-12-17 02:12:38,341 INFO [root] n: 5
2025-12-17 02:12:38,341 INFO [root] f: 1
2025-12-17 02:12:38,341 INFO [root] pid: 4
2025-12-17 02:12:38,341 INFO [root] leader: 2
2025-12-17 02:12:38,341 INFO [root] [4] Received VAL message from 14
2025-12-17 02:12:38,341 INFO [root] entering n == commitee_size + 1
2025-12-17 02:12:38,341 INFO [root] [4] sender: 14, leader: 2
2025-12-17 02:12:38,342 INFO [root] [4] Successfully validated VAL message
2025-12-17 02:12:38,342 INFO [root] [4] Broadcasted ECHO message for roothash b'j\xaaa\x96\xc7j\xeb\xb9\xf2\t\x1c\x98\xa6\xe2\xf3\x0f\x15DL\x80-\x89W\x13[2\xbeN\x86\xad\xcf4'
2025-12-17 02:12:38,342 INFO [root] broadcast Sending to 1: 16
2025-12-17 02:12:38,342 INFO [root] broadcast Sending to 2: 17
2025-12-17 02:12:38,342 INFO [root] broadcast Sending to 3: 18
2025-12-17 02:12:38,342 INFO [root] broadcast Sending to 4: 19
2025-12-17 02:12:38,342 INFO [root] [3] Starting Batch AVSS. Id: 0, Dealer Id: 3, Client Mode: False
2025-12-17 02:12:38,342 INFO [root] [3] AVSS tag: 3-0-4-B-AVSS
2025-12-17 02:12:38,342 INFO [root] [3] RBC tag: 3-0-4-B-RBC
2025-12-17 02:12:38,342 INFO [root] [3] Starting AVSS with shares_num: 50, dealer_id: 3, client_mode: False
2025-12-17 02:12:38,342 INFO [root] rbc_list: [15, 16, 17, 18, 19]
2025-12-17 02:12:38,342 INFO [root] committee_size: 4
2025-12-17 02:12:38,342 INFO [root] n: 5
2025-12-17 02:12:38,342 INFO [root] f: 1
2025-12-17 02:12:38,342 INFO [root] pid: 4
2025-12-17 02:12:38,342 INFO [root] leader: 3
2025-12-17 02:12:38,342 INFO [root] [4] Received VAL message from 15
2025-12-17 02:12:38,342 INFO [root] entering n == commitee_size + 1
2025-12-17 02:12:38,342 INFO [root] [4] sender: 15, leader: 3
2025-12-17 02:12:38,342 INFO [root] [4] Successfully validated VAL message
2025-12-17 02:12:38,342 INFO [root] [4] Broadcasted ECHO message for roothash b'l]\xdb4\xa3\xaf\xaf\xd5\xb9\xc25\xc6?\xad\xf4\xa2\r\x8e\x1a[\t\x7f\x93\x11C\xffD6\xf3\x9f\xce\xa6'
2025-12-17 02:12:38,342 INFO [root] broadcast Sending to 1: 16
2025-12-17 02:12:38,342 INFO [root] broadcast Sending to 2: 17
2025-12-17 02:12:38,342 INFO [root] broadcast Sending to 3: 18
2025-12-17 02:12:38,342 INFO [root] broadcast Sending to 4: 19
2025-12-17 02:12:38,343 INFO [root] [4] Received ECHO message from 19
2025-12-17 02:12:38,343 INFO [root] [4] Received ECHO message from 19
2025-12-17 02:12:38,343 INFO [root] [4] Received ECHO message from 19
2025-12-17 02:12:38,343 INFO [root] [4] Received ECHO message from 19
2025-12-17 02:12:38,344 INFO [root] [4] Received ECHO message from 16
2025-12-17 02:12:38,344 INFO [root] [4] Received ECHO message from 16
2025-12-17 02:12:38,344 INFO [root] [4] Received ECHO message from 16
2025-12-17 02:12:38,344 INFO [root] [4] Received ECHO message from 16
2025-12-17 02:12:38,344 INFO [root] [4] Received ECHO message from 18
2025-12-17 02:12:38,344 INFO [root] [4] Broadcasted READY message for roothash b'\xe0\xb0\x0f$"|\xb2\xbd\x11\r[]\r!^\x14\xd0\x06\xcc?\x9am\xe5\xc6:\x0fc7\x1c\xe2\x0f\x0b'
2025-12-17 02:12:38,344 INFO [root] broadcast Sending to 1: 16
2025-12-17 02:12:38,344 INFO [root] broadcast Sending to 2: 17
2025-12-17 02:12:38,344 INFO [root] broadcast Sending to 3: 18
2025-12-17 02:12:38,345 INFO [root] broadcast Sending to 4: 19
2025-12-17 02:12:38,345 INFO [root] [4] Received ECHO message from 18
2025-12-17 02:12:38,345 INFO [root] [4] Broadcasted READY message for roothash b'\xa6\xf9\xaa;\x06\xc6\x84Q\x99?h$\xc4\x7f\xb4\xc4\xe7g\xad\xd0\xfe(\\\xa1\xf9%\xf3kAz#\xcb'
2025-12-17 02:12:38,345 INFO [root] broadcast Sending to 1: 16
2025-12-17 02:12:38,345 INFO [root] broadcast Sending to 2: 17
2025-12-17 02:12:38,345 INFO [root] broadcast Sending to 3: 18
2025-12-17 02:12:38,345 INFO [root] broadcast Sending to 4: 19
2025-12-17 02:12:38,345 INFO [root] [4] Received ECHO message from 18
2025-12-17 02:12:38,345 INFO [root] [4] Broadcasted READY message for roothash b'j\xaaa\x96\xc7j\xeb\xb9\xf2\t\x1c\x98\xa6\xe2\xf3\x0f\x15DL\x80-\x89W\x13[2\xbeN\x86\xad\xcf4'
2025-12-17 02:12:38,345 INFO [root] broadcast Sending to 1: 16
2025-12-17 02:12:38,345 INFO [root] broadcast Sending to 2: 17
2025-12-17 02:12:38,345 INFO [root] broadcast Sending to 3: 18
2025-12-17 02:12:38,345 INFO [root] broadcast Sending to 4: 19
2025-12-17 02:12:38,345 INFO [root] [4] Received ECHO message from 18
2025-12-17 02:12:38,345 INFO [root] [4] Broadcasted READY message for roothash b'l]\xdb4\xa3\xaf\xaf\xd5\xb9\xc25\xc6?\xad\xf4\xa2\r\x8e\x1a[\t\x7f\x93\x11C\xffD6\xf3\x9f\xce\xa6'
2025-12-17 02:12:38,345 INFO [root] broadcast Sending to 1: 16
2025-12-17 02:12:38,345 INFO [root] broadcast Sending to 2: 17
2025-12-17 02:12:38,345 INFO [root] broadcast Sending to 3: 18
2025-12-17 02:12:38,345 INFO [root] broadcast Sending to 4: 19
2025-12-17 02:12:38,345 INFO [root] [4] Received READY message from 19
2025-12-17 02:12:38,346 INFO [root] [4] Received READY message from 19
2025-12-17 02:12:38,346 INFO [root] [4] Received READY message from 19
2025-12-17 02:12:38,346 INFO [root] [4] Received READY message from 19
2025-12-17 02:12:38,346 INFO [root] [4] Received READY message from 16
2025-12-17 02:12:38,346 INFO [root] [4] Received READY message from 18
2025-12-17 02:12:38,346 INFO [root] Decoding output for roothash: b'\xe0\xb0\x0f$"|\xb2\xbd\x11\r[]\r!^\x14\xd0\x06\xcc?\x9am\xe5\xc6:\x0fc7\x1c\xe2\x0f\x0b'
2025-12-17 02:12:38,346 INFO [root] [3] Received RBC message
2025-12-17 02:12:38,346 INFO [root] multicast list: [16, 17, 18, 19]
2025-12-17 02:12:38,347 INFO [root] before avid.retrieve
2025-12-17 02:12:38,347 INFO [root] [4] Received READY message from 16
2025-12-17 02:12:38,347 INFO [root] [4] Received READY message from 18
2025-12-17 02:12:38,347 INFO [root] Decoding output for roothash: b'\xa6\xf9\xaa;\x06\xc6\x84Q\x99?h$\xc4\x7f\xb4\xc4\xe7g\xad\xd0\xfe(\\\xa1\xf9%\xf3kAz#\xcb'
2025-12-17 02:12:38,347 INFO [root] [3] Received RBC message
2025-12-17 02:12:38,347 INFO [root] multicast list: [16, 17, 18, 19]
2025-12-17 02:12:38,347 INFO [root] before avid.retrieve
2025-12-17 02:12:38,347 INFO [root] [4] Received READY message from 16
2025-12-17 02:12:38,347 INFO [root] [4] Received READY message from 18
2025-12-17 02:12:38,347 INFO [root] Decoding output for roothash: b'j\xaaa\x96\xc7j\xeb\xb9\xf2\t\x1c\x98\xa6\xe2\xf3\x0f\x15DL\x80-\x89W\x13[2\xbeN\x86\xad\xcf4'
2025-12-17 02:12:38,347 INFO [root] [3] Received RBC message
2025-12-17 02:12:38,347 INFO [root] multicast list: [16, 17, 18, 19]
2025-12-17 02:12:38,347 INFO [root] before avid.retrieve
2025-12-17 02:12:38,347 INFO [root] [4] Received READY message from 16
2025-12-17 02:12:38,347 INFO [root] [4] Received READY message from 18
2025-12-17 02:12:38,347 INFO [root] Decoding output for roothash: b'l]\xdb4\xa3\xaf\xaf\xd5\xb9\xc25\xc6?\xad\xf4\xa2\r\x8e\x1a[\t\x7f\x93\x11C\xffD6\xf3\x9f\xce\xa6'
2025-12-17 02:12:38,348 INFO [root] [3] Received RBC message
2025-12-17 02:12:38,348 INFO [root] multicast list: [16, 17, 18, 19]
2025-12-17 02:12:38,348 INFO [root] before avid.retrieve
2025-12-17 02:12:38,348 INFO [root] AVID broadcast to 1: 16
2025-12-17 02:12:38,348 INFO [root] AVID broadcast to 2: 17
2025-12-17 02:12:38,348 INFO [root] AVID broadcast to 3: 18
2025-12-17 02:12:38,348 INFO [root] AVID broadcast to 4: 19
2025-12-17 02:12:38,349 INFO [root] AVID broadcast to 1: 16
2025-12-17 02:12:38,349 INFO [root] AVID broadcast to 2: 17
2025-12-17 02:12:38,349 INFO [root] AVID broadcast to 3: 18
2025-12-17 02:12:38,349 INFO [root] AVID broadcast to 4: 19
2025-12-17 02:12:38,349 INFO [root] AVID broadcast to 1: 16
2025-12-17 02:12:38,349 INFO [root] AVID broadcast to 2: 17
2025-12-17 02:12:38,349 INFO [root] AVID broadcast to 3: 18
2025-12-17 02:12:38,349 INFO [root] AVID broadcast to 4: 19
2025-12-17 02:12:38,349 INFO [root] AVID broadcast to 1: 16
2025-12-17 02:12:38,349 INFO [root] AVID broadcast to 2: 17
2025-12-17 02:12:38,349 INFO [root] AVID broadcast to 3: 18
2025-12-17 02:12:38,349 INFO [root] AVID broadcast to 4: 19
2025-12-17 02:12:38,350 INFO [root] AVID broadcast to 1: 16
2025-12-17 02:12:38,350 INFO [root] AVID broadcast to 2: 17
2025-12-17 02:12:38,350 INFO [root] AVID broadcast to 3: 18
2025-12-17 02:12:38,350 INFO [root] AVID broadcast to 4: 19
2025-12-17 02:12:38,351 INFO [root] AVID broadcast to 1: 16
2025-12-17 02:12:38,351 INFO [root] AVID broadcast to 2: 17
2025-12-17 02:12:38,351 INFO [root] AVID broadcast to 3: 18
2025-12-17 02:12:38,351 INFO [root] AVID broadcast to 4: 19
2025-12-17 02:12:38,351 INFO [root] AVID broadcast to 1: 16
2025-12-17 02:12:38,351 INFO [root] AVID broadcast to 2: 17
2025-12-17 02:12:38,351 INFO [root] AVID broadcast to 3: 18
2025-12-17 02:12:38,351 INFO [root] AVID broadcast to 4: 19
2025-12-17 02:12:38,351 INFO [root] AVID broadcast to 1: 16
2025-12-17 02:12:38,351 INFO [root] AVID broadcast to 2: 17
2025-12-17 02:12:38,351 INFO [root] AVID broadcast to 3: 18
2025-12-17 02:12:38,351 INFO [root] AVID broadcast to 4: 19
2025-12-17 02:12:38,352 INFO [root] 1-0-4-B-AVSS 3 RETRIEVE called.
2025-12-17 02:12:38,352 INFO [root] AVID broadcast to 1: 16
2025-12-17 02:12:38,352 INFO [root] AVID broadcast to 2: 17
2025-12-17 02:12:38,352 INFO [root] AVID broadcast to 3: 18
2025-12-17 02:12:38,352 INFO [root] AVID broadcast to 4: 19
2025-12-17 02:12:38,352 INFO [root] 1-0-4-B-AVSS 3 RETRIEVE broadcasted.
2025-12-17 02:12:38,352 INFO [root] 2-0-4-B-AVSS 3 RETRIEVE called.
2025-12-17 02:12:38,352 INFO [root] AVID broadcast to 1: 16
2025-12-17 02:12:38,352 INFO [root] AVID broadcast to 2: 17
2025-12-17 02:12:38,353 INFO [root] AVID broadcast to 3: 18
2025-12-17 02:12:38,353 INFO [root] AVID broadcast to 4: 19
2025-12-17 02:12:38,353 INFO [root] 2-0-4-B-AVSS 3 RETRIEVE broadcasted.
2025-12-17 02:12:38,353 INFO [root] 3-0-4-B-AVSS 3 RETRIEVE called.
2025-12-17 02:12:38,353 INFO [root] AVID broadcast to 1: 16
2025-12-17 02:12:38,353 INFO [root] AVID broadcast to 2: 17
2025-12-17 02:12:38,353 INFO [root] AVID broadcast to 3: 18
2025-12-17 02:12:38,353 INFO [root] AVID broadcast to 4: 19
2025-12-17 02:12:38,353 INFO [root] 3-0-4-B-AVSS 3 RETRIEVE broadcasted.
2025-12-17 02:12:38,353 INFO [root] 0-0-4-B-AVSS 3 RETRIEVE called.
2025-12-17 02:12:38,353 INFO [root] AVID broadcast to 1: 16
2025-12-17 02:12:38,353 INFO [root] AVID broadcast to 2: 17
2025-12-17 02:12:38,353 INFO [root] AVID broadcast to 3: 18
2025-12-17 02:12:38,353 INFO [root] AVID broadcast to 4: 19
2025-12-17 02:12:38,353 INFO [root] 0-0-4-B-AVSS 3 RETRIEVE broadcasted.
2025-12-17 02:12:38,353 INFO [root] disperse msid: 1-0-4-B-AVSS, index: 3
2025-12-17 02:12:38,353 INFO [root] AVID retrieve called with sid: 1-0-4-B-AVID, index: 3
2025-12-17 02:12:38,354 INFO [root] disperse msid: 2-0-4-B-AVSS, index: 3
2025-12-17 02:12:38,354 INFO [root] AVID retrieve called with sid: 2-0-4-B-AVID, index: 3
2025-12-17 02:12:38,354 INFO [root] disperse msid: 3-0-4-B-AVSS, index: 3
2025-12-17 02:12:38,354 INFO [root] AVID retrieve called with sid: 3-0-4-B-AVID, index: 3
2025-12-17 02:12:38,354 INFO [root] disperse msid: 0-0-4-B-AVSS, index: 3
2025-12-17 02:12:38,354 INFO [root] AVID retrieve called with sid: 0-0-4-B-AVID, index: 3
2025-12-17 02:12:38,354 INFO [root] disperse msid: 1-0-4-B-AVSS, index: 2
2025-12-17 02:12:38,354 INFO [root] AVID retrieve called with sid: 1-0-4-B-AVID, index: 2
2025-12-17 02:12:38,354 INFO [root] disperse msid: 1-0-4-B-AVSS, index: 0
2025-12-17 02:12:38,354 INFO [root] AVID retrieve called with sid: 1-0-4-B-AVID, index: 0
2025-12-17 02:12:38,354 INFO [root] disperse msid: 0-0-4-B-AVSS, index: 2
2025-12-17 02:12:38,354 INFO [root] AVID retrieve called with sid: 0-0-4-B-AVID, index: 2
2025-12-17 02:12:38,354 INFO [root] disperse msid: 0-0-4-B-AVSS, index: 0
2025-12-17 02:12:38,354 INFO [root] AVID retrieve called with sid: 0-0-4-B-AVID, index: 0
2025-12-17 02:12:38,355 INFO [root] 1-0-4-B-AVSS 3 AVID retrieve msg from 19
2025-12-17 02:12:38,355 INFO [root] AVID retrieve response received
2025-12-17 02:12:38,355 INFO [root] retrieve msid: 1-0-4-B-AVID, response_index: 3
2025-12-17 02:12:38,355 INFO [root] RESPONSE from 19
2025-12-17 02:12:38,355 INFO [root] sender self.committee_size: 3
2025-12-17 02:12:38,355 INFO [root] 2-0-4-B-AVSS 3 AVID retrieve msg from 19
2025-12-17 02:12:38,355 INFO [root] AVID retrieve response received
2025-12-17 02:12:38,355 INFO [root] retrieve msid: 2-0-4-B-AVID, response_index: 3
2025-12-17 02:12:38,355 INFO [root] RESPONSE from 19
num_generators 50
padded_num_generators 64
2025-12-17 02:12:38,355 INFO [root] sender self.committee_size: 3
2025-12-17 02:12:38,355 INFO [root] 3-0-4-B-AVSS 3 AVID retrieve msg from 19
2025-12-17 02:12:38,355 INFO [root] AVID retrieve response received
2025-12-17 02:12:38,355 INFO [root] retrieve msid: 3-0-4-B-AVID, response_index: 3
2025-12-17 02:12:38,355 INFO [root] RESPONSE from 19
2025-12-17 02:12:38,355 INFO [root] sender self.committee_size: 3
2025-12-17 02:12:38,355 INFO [root] 0-0-4-B-AVSS 3 AVID retrieve msg from 19
2025-12-17 02:12:38,355 INFO [root] AVID retrieve response received
2025-12-17 02:12:38,355 INFO [root] retrieve msid: 0-0-4-B-AVID, response_index: 3
2025-12-17 02:12:38,355 INFO [root] RESPONSE from 19
2025-12-17 02:12:38,355 INFO [root] sender self.committee_size: 3
2025-12-17 02:12:38,355 INFO [root] disperse msid: 2-0-4-B-AVSS, index: 0
2025-12-17 02:12:38,355 INFO [root] AVID retrieve called with sid: 2-0-4-B-AVID, index: 0
2025-12-17 02:12:38,355 INFO [root] disperse msid: 2-0-4-B-AVSS, index: 2
2025-12-17 02:12:38,355 INFO [root] AVID retrieve called with sid: 2-0-4-B-AVID, index: 2
2025-12-17 02:12:38,355 INFO [root] disperse msid: 3-0-4-B-AVSS, index: 2
2025-12-17 02:12:38,355 INFO [root] AVID retrieve called with sid: 3-0-4-B-AVID, index: 2
2025-12-17 02:12:38,356 INFO [root] disperse msid: 3-0-4-B-AVSS, index: 0
2025-12-17 02:12:38,356 INFO [root] AVID retrieve called with sid: 3-0-4-B-AVID, index: 0
2025-12-17 02:12:38,357 INFO [root] 1-0-4-B-AVSS 3 AVID retrieve msg from 18
2025-12-17 02:12:38,357 INFO [root] AVID retrieve response received
2025-12-17 02:12:38,357 INFO [root] retrieve msid: 1-0-4-B-AVID, response_index: 3
2025-12-17 02:12:38,357 INFO [root] RESPONSE from 18
2025-12-17 02:12:38,357 INFO [root] sender self.committee_size: 2
2025-12-17 02:12:38,357 INFO [root] 1-0-4-B-AVSS 3 RETRIEVE complete.
2025-12-17 02:12:38,357 INFO [root] after avid.retrieve dispersal_msg
2025-12-17 02:12:38,357 INFO [root] Handling dealer messages for dealer_id: 1, tag: 1-0-4-B-AVSS
2025-12-17 02:12:38,358 INFO [beaver.hbacss] [PedersenCommit] invoking pyPedersenCommit...
2025-12-17 02:12:38,404 INFO [beaver.hbacss] verifier_result_json: {"verified":true}
2025-12-17 02:12:38,408 INFO [root] inner product verified successfully
2025-12-17 02:12:38,419 INFO [root] shares verified successfully
2025-12-17 02:12:38,419 INFO [root] all_shares_valid: True
2025-12-17 02:12:38,419 INFO [root] after _handle_dealer_msgs, all_shares_valid
2025-12-17 02:12:38,419 INFO [root] self.tagvars[tag]['all_shares_valid']: True
2025-12-17 02:12:38,419 INFO [root] multicast to 16
2025-12-17 02:12:38,419 INFO [root] multicast to 17
2025-12-17 02:12:38,419 INFO [root] multicast to 18
2025-12-17 02:12:38,419 INFO [root] multicast to 19
2025-12-17 02:12:38,420 INFO [root] [3] Received OK from [19]
2025-12-17 02:12:38,420 INFO [root] [3] OK set: {19}
2025-12-17 02:12:38,420 INFO [root] output: True
2025-12-17 02:12:38,420 INFO [root] disperse msid: 3-0-4-B-AVSS, index: 1
2025-12-17 02:12:38,420 INFO [root] AVID retrieve called with sid: 3-0-4-B-AVID, index: 1
2025-12-17 02:12:38,420 INFO [root] disperse msid: 0-0-4-B-AVSS, index: 1
2025-12-17 02:12:38,420 INFO [root] AVID retrieve called with sid: 0-0-4-B-AVID, index: 1
2025-12-17 02:12:38,420 INFO [root] disperse msid: 2-0-4-B-AVSS, index: 1
2025-12-17 02:12:38,420 INFO [root] AVID retrieve called with sid: 2-0-4-B-AVID, index: 1
2025-12-17 02:12:38,420 INFO [root] disperse msid: 1-0-4-B-AVSS, index: 1
2025-12-17 02:12:38,420 INFO [root] AVID retrieve called with sid: 1-0-4-B-AVID, index: 1
2025-12-17 02:12:38,421 INFO [root] 3-0-4-B-AVSS 3 AVID retrieve msg from 16
2025-12-17 02:12:38,421 INFO [root] AVID retrieve response received
2025-12-17 02:12:38,421 INFO [root] retrieve msid: 3-0-4-B-AVID, response_index: 3
2025-12-17 02:12:38,421 INFO [root] RESPONSE from 16
2025-12-17 02:12:38,421 INFO [root] sender self.committee_size: 0
2025-12-17 02:12:38,421 INFO [root] 3-0-4-B-AVSS 3 RETRIEVE complete.
2025-12-17 02:12:38,421 INFO [root] after avid.retrieve dispersal_msg
2025-12-17 02:12:38,421 INFO [root] Handling dealer messages for dealer_id: 3, tag: 3-0-4-B-AVSS
2025-12-17 02:12:38,422 INFO [beaver.hbacss] [PedersenCommit] invoking pyPedersenCommit...
num_generators 50
padded_num_generators 64
2025-12-17 02:12:38,468 INFO [beaver.hbacss] verifier_result_json: {"verified":true}
2025-12-17 02:12:38,472 INFO [root] inner product verified successfully
2025-12-17 02:12:38,483 INFO [root] shares verified successfully
2025-12-17 02:12:38,483 INFO [root] all_shares_valid: True
2025-12-17 02:12:38,483 INFO [root] after _handle_dealer_msgs, all_shares_valid
2025-12-17 02:12:38,483 INFO [root] self.tagvars[tag]['all_shares_valid']: True
2025-12-17 02:12:38,483 INFO [root] multicast to 16
2025-12-17 02:12:38,483 INFO [root] multicast to 17
2025-12-17 02:12:38,483 INFO [root] multicast to 18
2025-12-17 02:12:38,483 INFO [root] multicast to 19
2025-12-17 02:12:38,483 INFO [root] 0-0-4-B-AVSS 3 AVID retrieve msg from 18
2025-12-17 02:12:38,484 INFO [root] AVID retrieve response received
2025-12-17 02:12:38,484 INFO [root] retrieve msid: 0-0-4-B-AVID, response_index: 3
2025-12-17 02:12:38,484 INFO [root] RESPONSE from 18
2025-12-17 02:12:38,484 INFO [root] sender self.committee_size: 2
2025-12-17 02:12:38,484 INFO [root] 0-0-4-B-AVSS 3 RETRIEVE complete.
2025-12-17 02:12:38,484 INFO [root] after avid.retrieve dispersal_msg
2025-12-17 02:12:38,484 INFO [root] Handling dealer messages for dealer_id: 0, tag: 0-0-4-B-AVSS
2025-12-17 02:12:38,485 INFO [beaver.hbacss] [PedersenCommit] invoking pyPedersenCommit...
num_generators 50
padded_num_generators 64
2025-12-17 02:12:38,531 INFO [beaver.hbacss] verifier_result_json: {"verified":true}
2025-12-17 02:12:38,535 INFO [root] inner product verified successfully
2025-12-17 02:12:38,545 INFO [root] shares verified successfully
2025-12-17 02:12:38,545 INFO [root] all_shares_valid: True
2025-12-17 02:12:38,545 INFO [root] after _handle_dealer_msgs, all_shares_valid
2025-12-17 02:12:38,545 INFO [root] self.tagvars[tag]['all_shares_valid']: True
2025-12-17 02:12:38,545 INFO [root] multicast to 16
2025-12-17 02:12:38,545 INFO [root] multicast to 17
2025-12-17 02:12:38,545 INFO [root] multicast to 18
2025-12-17 02:12:38,545 INFO [root] multicast to 19
2025-12-17 02:12:38,545 INFO [root] 2-0-4-B-AVSS 3 AVID retrieve msg from 18
2025-12-17 02:12:38,546 INFO [root] AVID retrieve response received
2025-12-17 02:12:38,546 INFO [root] retrieve msid: 2-0-4-B-AVID, response_index: 3
2025-12-17 02:12:38,546 INFO [root] RESPONSE from 18
2025-12-17 02:12:38,546 INFO [root] sender self.committee_size: 2
2025-12-17 02:12:38,546 INFO [root] 2-0-4-B-AVSS 3 RETRIEVE complete.
2025-12-17 02:12:38,546 INFO [root] after avid.retrieve dispersal_msg
2025-12-17 02:12:38,546 INFO [root] Handling dealer messages for dealer_id: 2, tag: 2-0-4-B-AVSS
2025-12-17 02:12:38,547 INFO [beaver.hbacss] [PedersenCommit] invoking pyPedersenCommit...
num_generators 50
padded_num_generators 64
2025-12-17 02:12:38,593 INFO [beaver.hbacss] verifier_result_json: {"verified":true}
2025-12-17 02:12:38,597 INFO [root] inner product verified successfully
2025-12-17 02:12:38,608 INFO [root] shares verified successfully
2025-12-17 02:12:38,608 INFO [root] all_shares_valid: True
2025-12-17 02:12:38,608 INFO [root] after _handle_dealer_msgs, all_shares_valid
2025-12-17 02:12:38,608 INFO [root] self.tagvars[tag]['all_shares_valid']: True
2025-12-17 02:12:38,608 INFO [root] multicast to 16
2025-12-17 02:12:38,608 INFO [root] multicast to 17
2025-12-17 02:12:38,608 INFO [root] multicast to 18
2025-12-17 02:12:38,608 INFO [root] multicast to 19
2025-12-17 02:12:38,608 INFO [root] key_proposal: [1, 3, 0, 2]
2025-12-17 02:12:38,608 INFO [beaver.batch_multiplication] [3] [random shares] Starting ACS where node 1 is set as leader 
2025-12-17 02:12:38,608 INFO [beaver.batch_multiplication] [3] [random shares] The proposal of node 3 is [1, 3, 0, 2]
2025-12-17 02:12:38,608 INFO [root] enter handle_message
2025-12-17 02:12:38,609 INFO [root] [3] Received OK from [19]
2025-12-17 02:12:38,609 INFO [root] [3] OK set: {19}
2025-12-17 02:12:38,609 INFO [root] output: True
2025-12-17 02:12:38,609 INFO [root] [3] Received OK from [19]
2025-12-17 02:12:38,609 INFO [root] [3] OK set: {19}
2025-12-17 02:12:38,609 INFO [root] output: True
2025-12-17 02:12:38,609 INFO [root] [3] Received OK from [19]
2025-12-17 02:12:38,609 INFO [root] [3] OK set: {19}
2025-12-17 02:12:38,609 INFO [root] output: True
2025-12-17 02:12:38,609 INFO [root] [3] Received OK from [18]
2025-12-17 02:12:38,609 INFO [root] [3] OK set: {18, 19}
2025-12-17 02:12:38,609 INFO [root] output: True
2025-12-17 02:12:38,609 INFO [root] [3] Received OK from [16]
2025-12-17 02:12:38,609 INFO [root] [3] OK set: {16, 19}
2025-12-17 02:12:38,609 INFO [root] output: True
2025-12-17 02:12:38,609 INFO [root] [3] Received OK from [18]
2025-12-17 02:12:38,609 INFO [root] [3] OK set: {16, 18, 19}
2025-12-17 02:12:38,609 INFO [root] output: True
2025-12-17 02:12:38,609 INFO [root] [3] Received OK from [17]
2025-12-17 02:12:38,609 INFO [root] [3] OK set: {17, 19}
2025-12-17 02:12:38,609 INFO [root] output: True
2025-12-17 02:12:38,610 INFO [root] [3] Received OK from [16]
2025-12-17 02:12:38,610 INFO [root] [3] OK set: {16, 18, 19}
2025-12-17 02:12:38,610 INFO [root] output: True
2025-12-17 02:12:38,610 INFO [root] [3] Received OK from [16]
2025-12-17 02:12:38,610 INFO [root] [3] OK set: {16, 19}
2025-12-17 02:12:38,610 INFO [root] output: True
2025-12-17 02:12:38,610 INFO [root] [3] Received OK from [16]
2025-12-17 02:12:38,610 INFO [root] [3] OK set: {16, 17, 19}
2025-12-17 02:12:38,610 INFO [root] output: True
2025-12-17 02:12:38,610 INFO [root] [3] Received OK from [18]
2025-12-17 02:12:38,610 INFO [root] [3] OK set: {16, 17, 18, 19}
2025-12-17 02:12:38,610 INFO [root] output: True
2025-12-17 02:12:38,611 INFO [root] [3] exit
2025-12-17 02:12:38,611 INFO [root] [3] Received OK from [18]
2025-12-17 02:12:38,611 INFO [root] [3] OK set: {16, 18, 19}
2025-12-17 02:12:38,611 INFO [root] output: True
2025-12-17 02:12:38,740 INFO [root] [3] Received OK from [17]
2025-12-17 02:12:38,740 INFO [root] [3] OK set: {16, 17, 18, 19}
2025-12-17 02:12:38,740 INFO [root] output: True
2025-12-17 02:12:38,740 INFO [root] [3] exit
2025-12-17 02:12:38,740 INFO [root] [3] Received OK from [17]
2025-12-17 02:12:38,740 INFO [root] [3] OK set: {16, 17, 18, 19}
2025-12-17 02:12:38,740 INFO [root] output: True
2025-12-17 02:12:38,740 INFO [root] [3] exit
2025-12-17 02:12:38,740 INFO [root] [3] Received OK from [17]
2025-12-17 02:12:38,740 INFO [root] [3] OK set: {16, 17, 18, 19}
2025-12-17 02:12:38,740 INFO [root] output: True
2025-12-17 02:12:38,740 INFO [root] [3] exit
2025-12-17 02:12:38,740 INFO [root] [3] otmvba msg value
2025-12-17 02:12:38,740 INFO [root] [3] otmvba handle value message
2025-12-17 02:12:38,741 INFO [root] [3] value-self.acss_outputs.keys():dict_keys([1, 3, 0, 2])
2025-12-17 02:12:38,741 INFO [root] [3] --Directly send the proposal!--
2025-12-17 02:12:38,774 INFO [root] [3] otmvba msg PrevoteQC
2025-12-17 02:12:38,774 INFO [root] [3] otmvba handle prevote qc message
2025-12-17 02:12:38,829 INFO [root] [3] otmvba msg VoteQC
2025-12-17 02:12:38,829 INFO [root] [3] otmvba handle vote qc message
2025-12-17 02:12:38,837 INFO [root] [3] otmvba Broadcasting to 16
2025-12-17 02:12:38,837 INFO [root] [3] otmvba Broadcasting to 17
2025-12-17 02:12:38,837 INFO [root] [3] otmvba Broadcasting to 18
2025-12-17 02:12:38,837 INFO [root] [3] otmvba Broadcasting to 19
2025-12-17 02:12:38,837 INFO [root] [3] otmvba msg Terminate
2025-12-17 02:12:38,837 INFO [root] [3] otmvba handle terminate message
2025-12-17 02:12:38,845 INFO [root] [3] otmvba Broadcasting to 16
2025-12-17 02:12:38,845 INFO [root] [3] otmvba Broadcasting to 17
2025-12-17 02:12:38,845 INFO [root] [3] otmvba Broadcasting to 18
2025-12-17 02:12:38,845 INFO [root] [3] otmvba Broadcasting to 19
2025-12-17 02:12:38,845 INFO [beaver.batch_multiplication] [3] [random shares] The ACS set is [0, 1, 2, 3]
2025-12-17 02:12:38,845 INFO [root] common: [0, 1, 2, 3]
2025-12-17 02:12:38,877 INFO [beaver.batch_multiplication] [3] [asynchronous batch multiplication] Finished! Node 3, total number: 50, time: 0.536419153213501 (seconds)
2025-12-17 02:12:38,877 INFO [root] layer ID: 4 mul_foll_time: 0.5375659465789795
2025-12-17 02:12:38,877 INFO [root] layer ID: 4 trusted_verification_time: 3.9089221954345703
2025-12-17 02:12:38,879 INFO [root] layer ID: 4 add_outputs length: 50
2025-12-17 02:12:38,879 INFO [root] layer ID: 4 exec_time: 0.0024385452270507812
2025-12-17 02:12:38,880 INFO [beaver.transfer] [3] Starting DynamicTransfer
2025-12-17 02:12:38,880 INFO [beaver.transfer] [3] Starting ACSS to share 50 secrets
2025-12-17 02:12:38,880 INFO [root] [3] [asynchronous dynamic transfer] Layer ID: 4
2025-12-17 02:12:38,880 INFO [root] public_keys: [{'X': '2882090356785210974956212965973903818972570283095509646702596664191367104732533626066146777860164468837981758761030', 'Y': '1589986767869084845421047019448828616908105977235937809345866652319943041262645498926114979564405932877755305009311'}, {'X': '3375933866896849905887337516054426902497603075645936668419019774770701237892216153702823831290325225887615897271561', 'Y': '2352662099043873281489842194990874331578241278024206803229389324408410410498698230903338418233117173661114773532510'}, {'X': '719493517660183549075902400268480024270002531621306457820443953524519878373978108144319543394820277304642594172115', 'Y': '1532471638427689478199891473468775068405820422316952778067918256695677939454344642341460229186634981457050522010055'}, {'X': '3133898569342504772027067329184338970479218946976694856175960031845490105991650641155393615029553124219043116481659', 'Y': '257221089970321876322947443398589131413977987787816960467834892987114046604540084334482508554894249341930484553877'}]
2025-12-17 02:12:38,880 INFO [root] layer ID: 4 trans_pre_time: 0.0009882450103759766
2025-12-17 02:12:38,881 INFO [root] [3] AVSS tag: 3-0-5-B-AVSS
2025-12-17 02:12:38,881 INFO [root] [3] RBC tag: 3-0-5-B-RBC
2025-12-17 02:12:38,881 INFO [root] enter avss_with_aggtransfer
g = {[6679831729115696150 8653662730902241269 1535610680227111361 17342916647841752903 17135755455211762752 1297449291367578485] [13451288730302620273 10097742279870053774 15949884091978425806 5885175747529691540 1016841820992199104 845620083434234474]}
h = {[13794385998538644597 108816626937764141 12130603454454490125 6127379912259600201 17481961476035825978 950355161936836191] [10722765800778186391 17107915684035394744 11626309118465119103 5217919199071354366 6102759180633827794 660535627654889709]}
Equal? false
2025-12-17 02:12:39,028 INFO [root] self.msgmode: avss_with_aggtransfer
2025-12-17 02:12:39,029 INFO [beaver.batch_multiplication] [3] Starting BatchMultiplication
num_generators 50
2025-12-17 02:12:39,239 INFO [beaver.batch_multiplication] Proof hex length: 9288
2025-12-17 02:12:39,239 INFO [beaver.batch_multiplication] Proof size (bytes): 4644
2025-12-17 02:12:39,239 INFO [beaver.batch_multiplication] Proof size (strict bytes): 4644
2025-12-17 02:12:39,239 INFO [beaver.batch_multiplication] [3] Starting ACSS to evaluate 50 multiplication gates
2025-12-17 02:12:39,240 INFO [root] rbc_list: [19, 20, 21, 22, 23]
2025-12-17 02:12:39,240 INFO [root] committee_size: 4
2025-12-17 02:12:39,240 INFO [root] n: 5
2025-12-17 02:12:39,240 INFO [root] f: 1
2025-12-17 02:12:39,240 INFO [root] pid: 3
2025-12-17 02:12:39,240 INFO [root] leader: 3
2025-12-17 02:12:39,240 INFO [root] [3] Sending to 0: 20
2025-12-17 02:12:39,240 INFO [root] [3] Sending to 1: 21
2025-12-17 02:12:39,240 INFO [root] [3] Sending to 2: 22
2025-12-17 02:12:39,240 INFO [root] [3] Sending to 3: 23
2025-12-17 02:12:39,240 INFO [root] [3] Starting AVID disperse
2025-12-17 02:12:39,240 INFO [root] public_keys: [{'X': '2882090356785210974956212965973903818972570283095509646702596664191367104732533626066146777860164468837981758761030', 'Y': '1589986767869084845421047019448828616908105977235937809345866652319943041262645498926114979564405932877755305009311'}, {'X': '3375933866896849905887337516054426902497603075645936668419019774770701237892216153702823831290325225887615897271561', 'Y': '2352662099043873281489842194990874331578241278024206803229389324408410410498698230903338418233117173661114773532510'}, {'X': '719493517660183549075902400268480024270002531621306457820443953524519878373978108144319543394820277304642594172115', 'Y': '1532471638427689478199891473468775068405820422316952778067918256695677939454344642341460229186634981457050522010055'}, {'X': '3133898569342504772027067329184338970479218946976694856175960031845490105991650641155393615029553124219043116481659', 'Y': '257221089970321876322947443398589131413977987787816960467834892987114046604540084334482508554894249341930484553877'}]
2025-12-17 02:12:39,240 INFO [root] layer ID: 4 mul_pre_time: 0.3598637580871582
2025-12-17 02:12:39,240 INFO [root] layer ID: 4 layer_time: 4.272460699081421
2025-12-17 02:12:39,241 INFO [root] [3] Dispersed VAL message to committee
2025-12-17 02:12:39,241 INFO [root] [3] AVSS tag: 3-0-5-B-AVSS
2025-12-17 02:12:39,241 INFO [root] [3] RBC tag: 3-0-5-B-RBC
g = {[6679831729115696150 8653662730902241269 1535610680227111361 17342916647841752903 17135755455211762752 1297449291367578485] [13451288730302620273 10097742279870053774 15949884091978425806 5885175747529691540 1016841820992199104 845620083434234474]}
h = {[13794385998538644597 108816626937764141 12130603454454490125 6127379912259600201 17481961476035825978 950355161936836191] [10722765800778186391 17107915684035394744 11626309118465119103 5217919199071354366 6102759180633827794 660535627654889709]}
Equal? false
2025-12-17 02:12:39,418 INFO [root] self.msgmode: avss_with_aggbatch_multiplication
2025-12-17 02:12:39,418 INFO [root] rbc_list: [19, 20, 21, 22, 23]
2025-12-17 02:12:39,418 INFO [root] committee_size: 4
2025-12-17 02:12:39,418 INFO [root] n: 5
2025-12-17 02:12:39,418 INFO [root] f: 1
2025-12-17 02:12:39,418 INFO [root] pid: 3
2025-12-17 02:12:39,418 INFO [root] leader: 3
2025-12-17 02:12:39,418 INFO [root] [3] Sending to 0: 20
2025-12-17 02:12:39,418 INFO [root] [3] Sending to 1: 21
2025-12-17 02:12:39,418 INFO [root] [3] Sending to 2: 22
2025-12-17 02:12:39,418 INFO [root] [3] Sending to 3: 23
2025-12-17 02:12:39,418 INFO [root] [3] Starting AVID disperse
2025-12-17 02:12:39,420 INFO [root] [3] Dispersed VAL message to committee
my_send_id: 19 exec_time: 9.278764009475708
2025-12-17 02:12:49,248 INFO [root] [3] Bytes Sent: TR4:302997 which is 14.718%
2025-12-17 02:12:49,248 INFO [root] [3] Bytes Sent: M4:652649 which is 31.701%
2025-12-17 02:12:49,248 INFO [root] [3] Bytes Sent: TR5:318432 which is 15.467%
2025-12-17 02:12:49,248 INFO [root] [3] Bytes Sent: M5:784668 which is 38.114%
2025-12-17 02:12:49,248 INFO [root] [3] Total bytes sent out aa: 2058746
2025-12-17 02:12:49,250 INFO [benchmark_logger] Total bytes sent out: 2058746
2025-12-17 02:12:49,257 ERROR [asyncio] Task was destroyed but it is pending!
task: <Task pending name='Task-35' coro=<subscribe_recv.<locals>._recv_loop() running at /opt/dumbo-mpc/dumbo-mpc/AsyRanTriGen/beaver/utils/misc.py:89> wait_for=<Future pending cb=[<TaskWakeupMethWrapper object at 0x7f093bdd2a00>()]>>
Exception ignored in: <coroutine object subscribe_recv.<locals>._recv_loop at 0x7f093e651bc0>
Traceback (most recent call last):
  File "/opt/dumbo-mpc/dumbo-mpc/AsyRanTriGen/beaver/utils/misc.py", line 89, in _recv_loop
    j, (tag, o) = await recv()
  File "/usr/lib/python3.8/asyncio/queues.py", line 165, in get
    getter.cancel()  # Just in case getter is not done yet.
  File "uvloop/loop.pyx", line 1281, in uvloop.loop.Loop.call_soon
  File "uvloop/loop.pyx", line 669, in uvloop.loop.Loop._call_soon
  File "uvloop/loop.pyx", line 678, in uvloop.loop.Loop._call_soon_handle
  File "uvloop/loop.pyx", line 673, in uvloop.loop.Loop._append_ready_handle
  File "uvloop/loop.pyx", line 705, in uvloop.loop.Loop._check_closed
RuntimeError: Event loop is closed
2025-12-17 02:12:49,258 ERROR [asyncio] Task was destroyed but it is pending!
task: <Task pending name='Task-37' coro=<subscribe_recv.<locals>._recv_loop() running at /opt/dumbo-mpc/dumbo-mpc/AsyRanTriGen/beaver/utils/misc.py:89> wait_for=<Future pending cb=[<TaskWakeupMethWrapper object at 0x7f093bd39910>()]>>
Exception ignored in: <coroutine object subscribe_recv.<locals>._recv_loop at 0x7f093bdbe040>
Traceback (most recent call last):
  File "/opt/dumbo-mpc/dumbo-mpc/AsyRanTriGen/beaver/utils/misc.py", line 89, in _recv_loop
    j, (tag, o) = await recv()
  File "/usr/lib/python3.8/asyncio/queues.py", line 165, in get
    getter.cancel()  # Just in case getter is not done yet.
  File "uvloop/loop.pyx", line 1281, in uvloop.loop.Loop.call_soon
  File "uvloop/loop.pyx", line 669, in uvloop.loop.Loop._call_soon
  File "uvloop/loop.pyx", line 678, in uvloop.loop.Loop._call_soon_handle
  File "uvloop/loop.pyx", line 673, in uvloop.loop.Loop._append_ready_handle
  File "uvloop/loop.pyx", line 705, in uvloop.loop.Loop._check_closed
RuntimeError: Event loop is closed
2025-12-17 02:12:49,258 ERROR [asyncio] Task was destroyed but it is pending!
task: <Task pending name='Task-49' coro=<OptimalCommonSet.fallback_timer() running at /opt/dumbo-mpc/dumbo-mpc/AsyRanTriGen/beaver/broadcast/otmvba_dyn.py:71> wait_for=<Future pending cb=[<TaskWakeupMethWrapper object at 0x7f093bd39a60>()]>>
2025-12-17 02:12:49,258 ERROR [asyncio] Task was destroyed but it is pending!
task: <Task pending name='Task-50' coro=<subscribe_recv.<locals>._recv_loop() running at /opt/dumbo-mpc/dumbo-mpc/AsyRanTriGen/beaver/utils/misc.py:89> wait_for=<Future pending cb=[<TaskWakeupMethWrapper object at 0x7f093bd66a90>()]>>
2025-12-17 02:12:49,258 ERROR [asyncio] Task was destroyed but it is pending!
task: <Task pending name='Task-52' coro=<subscribe_recv.<locals>._recv_loop() running at /opt/dumbo-mpc/dumbo-mpc/AsyRanTriGen/beaver/utils/misc.py:89> wait_for=<Future pending cb=[<TaskWakeupMethWrapper object at 0x7f093bd5d5e0>()]>>
2025-12-17 02:12:49,258 ERROR [asyncio] Task was destroyed but it is pending!
task: <Task pending name='Task-60' coro=<ACSS_Foll._recv_loop() running at /opt/dumbo-mpc/dumbo-mpc/AsyRanTriGen/beaver/hbacss.py:3696> wait_for=<Future pending cb=[<TaskWakeupMethWrapper object at 0x7f093bd56df0>()]>>
Exception ignored in: <coroutine object subscribe_recv.<locals>._recv_loop at 0x7f093bdbe340>
Traceback (most recent call last):
  File "/opt/dumbo-mpc/dumbo-mpc/AsyRanTriGen/beaver/utils/misc.py", line 89, in _recv_loop
    j, (tag, o) = await recv()
  File "/usr/lib/python3.8/asyncio/queues.py", line 165, in get
    getter.cancel()  # Just in case getter is not done yet.
  File "uvloop/loop.pyx", line 1281, in uvloop.loop.Loop.call_soon
  File "uvloop/loop.pyx", line 669, in uvloop.loop.Loop._call_soon
  File "uvloop/loop.pyx", line 678, in uvloop.loop.Loop._call_soon_handle
  File "uvloop/loop.pyx", line 673, in uvloop.loop.Loop._append_ready_handle
  File "uvloop/loop.pyx", line 705, in uvloop.loop.Loop._check_closed
RuntimeError: Event loop is closed
Exception ignored in: <coroutine object subscribe_recv.<locals>._recv_loop at 0x7f093bdbe0c0>
Traceback (most recent call last):
  File "/opt/dumbo-mpc/dumbo-mpc/AsyRanTriGen/beaver/utils/misc.py", line 89, in _recv_loop
    j, (tag, o) = await recv()
  File "/usr/lib/python3.8/asyncio/queues.py", line 165, in get
    getter.cancel()  # Just in case getter is not done yet.
  File "uvloop/loop.pyx", line 1281, in uvloop.loop.Loop.call_soon
  File "uvloop/loop.pyx", line 669, in uvloop.loop.Loop._call_soon
  File "uvloop/loop.pyx", line 678, in uvloop.loop.Loop._call_soon_handle
  File "uvloop/loop.pyx", line 673, in uvloop.loop.Loop._append_ready_handle
  File "uvloop/loop.pyx", line 705, in uvloop.loop.Loop._check_closed
RuntimeError: Event loop is closed
Exception ignored in: <coroutine object ACSS_Foll._recv_loop at 0x7f093bd2adc0>
Traceback (most recent call last):
  File "/opt/dumbo-mpc/dumbo-mpc/AsyRanTriGen/beaver/hbacss.py", line 3696, in _recv_loop
    await avid.disperse(tag, self.my_id+1, dispersal_msg_list)
  File "/opt/dumbo-mpc/dumbo-mpc/AsyRanTriGen/beaver/broadcast/avid.py", line 461, in disperse
    sender, msg = await self.recv()
  File "/usr/lib/python3.8/asyncio/queues.py", line 165, in get
    getter.cancel()  # Just in case getter is not done yet.
  File "uvloop/loop.pyx", line 1281, in uvloop.loop.Loop.call_soon
  File "uvloop/loop.pyx", line 669, in uvloop.loop.Loop._call_soon
  File "uvloop/loop.pyx", line 678, in uvloop.loop.Loop._call_soon_handle
  File "uvloop/loop.pyx", line 673, in uvloop.loop.Loop._append_ready_handle
  File "uvloop/loop.pyx", line 705, in uvloop.loop.Loop._check_closed
RuntimeError: Event loop is closed
2025-12-17 02:12:49,261 ERROR [asyncio] Task was destroyed but it is pending!
task: <Task pending name='Task-61' coro=<subscribe_recv.<locals>._recv_loop() running at /opt/dumbo-mpc/dumbo-mpc/AsyRanTriGen/beaver/utils/misc.py:89> wait_for=<Future pending cb=[<TaskWakeupMethWrapper object at 0x7f093bd66e20>()]>>
2025-12-17 02:12:49,261 ERROR [asyncio] Task was destroyed but it is pending!
task: <Task pending name='Task-39' coro=<subscribe_recv.<locals>._recv_loop() running at /opt/dumbo-mpc/dumbo-mpc/AsyRanTriGen/beaver/utils/misc.py:89> wait_for=<Future pending cb=[<TaskWakeupMethWrapper object at 0x7f093bd30940>()]>>
2025-12-17 02:12:49,261 ERROR [asyncio] Task was destroyed but it is pending!
task: <Task pending name='Task-48' coro=<subscribe_recv.<locals>._recv_loop() running at /opt/dumbo-mpc/dumbo-mpc/AsyRanTriGen/beaver/utils/misc.py:89> wait_for=<Future pending cb=[<TaskWakeupMethWrapper object at 0x7f093bdd2ac0>()]>>
2025-12-17 02:12:49,261 ERROR [asyncio] Task was destroyed but it is pending!
task: <Task pending name='Task-57' coro=<ACSS_Foll._recv_loop() running at /opt/dumbo-mpc/dumbo-mpc/AsyRanTriGen/beaver/hbacss.py:3696> wait_for=<Future pending cb=[<TaskWakeupMethWrapper object at 0x7f093bdd24c0>()]>>
2025-12-17 02:12:49,261 ERROR [asyncio] Task was destroyed but it is pending!
task: <Task pending name='Task-59' coro=<ACSS_Foll._recv_loop() running at /opt/dumbo-mpc/dumbo-mpc/AsyRanTriGen/beaver/hbacss.py:3696> wait_for=<Future pending cb=[<TaskWakeupMethWrapper object at 0x7f093bdd2730>()]>>
2025-12-17 02:12:49,261 ERROR [asyncio] Task was destroyed but it is pending!
task: <Task pending name='Task-58' coro=<ACSS_Foll._recv_loop() running at /opt/dumbo-mpc/dumbo-mpc/AsyRanTriGen/beaver/hbacss.py:3696> wait_for=<Future pending cb=[<TaskWakeupMethWrapper object at 0x7f093bd5d370>()]>>
Exception ignored in: <coroutine object subscribe_recv.<locals>._recv_loop at 0x7f093bdbedc0>
Traceback (most recent call last):
  File "/opt/dumbo-mpc/dumbo-mpc/AsyRanTriGen/beaver/utils/misc.py", line 89, in _recv_loop
    j, (tag, o) = await recv()
  File "/usr/lib/python3.8/asyncio/queues.py", line 165, in get
    getter.cancel()  # Just in case getter is not done yet.
  File "uvloop/loop.pyx", line 1281, in uvloop.loop.Loop.call_soon
  File "uvloop/loop.pyx", line 669, in uvloop.loop.Loop._call_soon
  File "uvloop/loop.pyx", line 678, in uvloop.loop.Loop._call_soon_handle
  File "uvloop/loop.pyx", line 673, in uvloop.loop.Loop._append_ready_handle
  File "uvloop/loop.pyx", line 705, in uvloop.loop.Loop._check_closed
RuntimeError: Event loop is closed
Exception ignored in: <coroutine object subscribe_recv.<locals>._recv_loop at 0x7f093bdbaf40>
Traceback (most recent call last):
  File "/opt/dumbo-mpc/dumbo-mpc/AsyRanTriGen/beaver/utils/misc.py", line 89, in _recv_loop
    j, (tag, o) = await recv()
  File "/usr/lib/python3.8/asyncio/queues.py", line 165, in get
    getter.cancel()  # Just in case getter is not done yet.
  File "uvloop/loop.pyx", line 1281, in uvloop.loop.Loop.call_soon
  File "uvloop/loop.pyx", line 669, in uvloop.loop.Loop._call_soon
  File "uvloop/loop.pyx", line 678, in uvloop.loop.Loop._call_soon_handle
  File "uvloop/loop.pyx", line 673, in uvloop.loop.Loop._append_ready_handle
  File "uvloop/loop.pyx", line 705, in uvloop.loop.Loop._check_closed
RuntimeError: Event loop is closed
Exception ignored in: <coroutine object subscribe_recv.<locals>._recv_loop at 0x7f093bdd4540>
Traceback (most recent call last):
  File "/opt/dumbo-mpc/dumbo-mpc/AsyRanTriGen/beaver/utils/misc.py", line 89, in _recv_loop
    j, (tag, o) = await recv()
  File "/usr/lib/python3.8/asyncio/queues.py", line 165, in get
    getter.cancel()  # Just in case getter is not done yet.
  File "uvloop/loop.pyx", line 1281, in uvloop.loop.Loop.call_soon
  File "uvloop/loop.pyx", line 669, in uvloop.loop.Loop._call_soon
  File "uvloop/loop.pyx", line 678, in uvloop.loop.Loop._call_soon_handle
  File "uvloop/loop.pyx", line 673, in uvloop.loop.Loop._append_ready_handle
  File "uvloop/loop.pyx", line 705, in uvloop.loop.Loop._check_closed
RuntimeError: Event loop is closed
Exception ignored in: <coroutine object ACSS_Foll._recv_loop at 0x7f093bdd4740>
Traceback (most recent call last):
  File "/opt/dumbo-mpc/dumbo-mpc/AsyRanTriGen/beaver/hbacss.py", line 3696, in _recv_loop
    await avid.disperse(tag, self.my_id+1, dispersal_msg_list)
  File "/opt/dumbo-mpc/dumbo-mpc/AsyRanTriGen/beaver/broadcast/avid.py", line 461, in disperse
    sender, msg = await self.recv()
  File "/usr/lib/python3.8/asyncio/queues.py", line 165, in get
    getter.cancel()  # Just in case getter is not done yet.
  File "uvloop/loop.pyx", line 1281, in uvloop.loop.Loop.call_soon
  File "uvloop/loop.pyx", line 669, in uvloop.loop.Loop._call_soon
  File "uvloop/loop.pyx", line 678, in uvloop.loop.Loop._call_soon_handle
  File "uvloop/loop.pyx", line 673, in uvloop.loop.Loop._append_ready_handle
  File "uvloop/loop.pyx", line 705, in uvloop.loop.Loop._check_closed
RuntimeError: Event loop is closed
Exception ignored in: <coroutine object ACSS_Foll._recv_loop at 0x7f093bd2aec0>
Traceback (most recent call last):
  File "/opt/dumbo-mpc/dumbo-mpc/AsyRanTriGen/beaver/hbacss.py", line 3696, in _recv_loop
    await avid.disperse(tag, self.my_id+1, dispersal_msg_list)
  File "/opt/dumbo-mpc/dumbo-mpc/AsyRanTriGen/beaver/broadcast/avid.py", line 461, in disperse
    sender, msg = await self.recv()
  File "/usr/lib/python3.8/asyncio/queues.py", line 165, in get
    getter.cancel()  # Just in case getter is not done yet.
  File "uvloop/loop.pyx", line 1281, in uvloop.loop.Loop.call_soon
  File "uvloop/loop.pyx", line 669, in uvloop.loop.Loop._call_soon
  File "uvloop/loop.pyx", line 678, in uvloop.loop.Loop._call_soon_handle
  File "uvloop/loop.pyx", line 673, in uvloop.loop.Loop._append_ready_handle
  File "uvloop/loop.pyx", line 705, in uvloop.loop.Loop._check_closed
RuntimeError: Event loop is closed
Exception ignored in: <coroutine object ACSS_Foll._recv_loop at 0x7f093bd2a9c0>
Traceback (most recent call last):
  File "/opt/dumbo-mpc/dumbo-mpc/AsyRanTriGen/beaver/hbacss.py", line 3696, in _recv_loop
    await avid.disperse(tag, self.my_id+1, dispersal_msg_list)
  File "/opt/dumbo-mpc/dumbo-mpc/AsyRanTriGen/beaver/broadcast/avid.py", line 461, in disperse
    sender, msg = await self.recv()
  File "/usr/lib/python3.8/asyncio/queues.py", line 165, in get
    getter.cancel()  # Just in case getter is not done yet.
  File "uvloop/loop.pyx", line 1281, in uvloop.loop.Loop.call_soon
  File "uvloop/loop.pyx", line 669, in uvloop.loop.Loop._call_soon
  File "uvloop/loop.pyx", line 678, in uvloop.loop.Loop._call_soon_handle
  File "uvloop/loop.pyx", line 673, in uvloop.loop.Loop._append_ready_handle
  File "uvloop/loop.pyx", line 705, in uvloop.loop.Loop._check_closed
RuntimeError: Event loop is closed
2025-12-17 02:12:49,266 ERROR [asyncio] Task was destroyed but it is pending!
task: <Task pending name='Task-47' coro=<ACSS_Foll._recv_loop() running at /opt/dumbo-mpc/dumbo-mpc/AsyRanTriGen/beaver/hbacss.py:3696> wait_for=<Future pending cb=[<TaskWakeupMethWrapper object at 0x7f093bdb8970>()]>>
Exception ignored in: <coroutine object ACSS_Foll._recv_loop at 0x7f093bdbebc0>
Traceback (most recent call last):
  File "/opt/dumbo-mpc/dumbo-mpc/AsyRanTriGen/beaver/hbacss.py", line 3696, in _recv_loop
    await avid.disperse(tag, self.my_id+1, dispersal_msg_list)
  File "/opt/dumbo-mpc/dumbo-mpc/AsyRanTriGen/beaver/broadcast/avid.py", line 461, in disperse
    sender, msg = await self.recv()
  File "/usr/lib/python3.8/asyncio/queues.py", line 165, in get
    getter.cancel()  # Just in case getter is not done yet.
  File "uvloop/loop.pyx", line 1281, in uvloop.loop.Loop.call_soon
  File "uvloop/loop.pyx", line 669, in uvloop.loop.Loop._call_soon
  File "uvloop/loop.pyx", line 678, in uvloop.loop.Loop._call_soon_handle
  File "uvloop/loop.pyx", line 673, in uvloop.loop.Loop._append_ready_handle
  File "uvloop/loop.pyx", line 705, in uvloop.loop.Loop._check_closed
RuntimeError: Event loop is closed
2025-12-17 02:12:49,267 ERROR [asyncio] Task was destroyed but it is pending!
task: <Task pending name='Task-62' coro=<OptimalCommonSet.fallback_timer() running at /opt/dumbo-mpc/dumbo-mpc/AsyRanTriGen/beaver/broadcast/otmvba_dyn.py:71> wait_for=<Future pending cb=[<TaskWakeupMethWrapper object at 0x7f093bd5d9a0>()]>>
2025-12-17 02:12:49,267 ERROR [asyncio] Task was destroyed but it is pending!
task: <Task pending name='Task-44' coro=<ACSS_Foll._recv_loop() running at /opt/dumbo-mpc/dumbo-mpc/AsyRanTriGen/beaver/hbacss.py:3696> wait_for=<Future pending cb=[<TaskWakeupMethWrapper object at 0x7f093bdd2400>()]>>
2025-12-17 02:12:49,267 ERROR [asyncio] Task was destroyed but it is pending!
task: <Task pending name='Task-45' coro=<ACSS_Foll._recv_loop() running at /opt/dumbo-mpc/dumbo-mpc/AsyRanTriGen/beaver/hbacss.py:3696> wait_for=<Future pending cb=[<TaskWakeupMethWrapper object at 0x7f093bdc1ac0>()]>>
2025-12-17 02:12:49,268 ERROR [asyncio] Task was destroyed but it is pending!
task: <Task pending name='Task-46' coro=<ACSS_Foll._recv_loop() running at /opt/dumbo-mpc/dumbo-mpc/AsyRanTriGen/beaver/hbacss.py:3696> wait_for=<Future pending cb=[<TaskWakeupMethWrapper object at 0x7f093bdc19d0>()]>>
Exception ignored in: <coroutine object ACSS_Foll._recv_loop at 0x7f093e651c40>
Traceback (most recent call last):
  File "/opt/dumbo-mpc/dumbo-mpc/AsyRanTriGen/beaver/hbacss.py", line 3696, in _recv_loop
    await avid.disperse(tag, self.my_id+1, dispersal_msg_list)
  File "/opt/dumbo-mpc/dumbo-mpc/AsyRanTriGen/beaver/broadcast/avid.py", line 461, in disperse
    sender, msg = await self.recv()
  File "/usr/lib/python3.8/asyncio/queues.py", line 165, in get
    getter.cancel()  # Just in case getter is not done yet.
  File "uvloop/loop.pyx", line 1281, in uvloop.loop.Loop.call_soon
  File "uvloop/loop.pyx", line 669, in uvloop.loop.Loop._call_soon
  File "uvloop/loop.pyx", line 678, in uvloop.loop.Loop._call_soon_handle
  File "uvloop/loop.pyx", line 673, in uvloop.loop.Loop._append_ready_handle
  File "uvloop/loop.pyx", line 705, in uvloop.loop.Loop._check_closed
RuntimeError: Event loop is closed
Exception ignored in: <coroutine object ACSS_Foll._recv_loop at 0x7f093bdba040>
Traceback (most recent call last):
  File "/opt/dumbo-mpc/dumbo-mpc/AsyRanTriGen/beaver/hbacss.py", line 3696, in _recv_loop
    await avid.disperse(tag, self.my_id+1, dispersal_msg_list)
  File "/opt/dumbo-mpc/dumbo-mpc/AsyRanTriGen/beaver/broadcast/avid.py", line 461, in disperse
    sender, msg = await self.recv()
  File "/usr/lib/python3.8/asyncio/queues.py", line 165, in get
    getter.cancel()  # Just in case getter is not done yet.
  File "uvloop/loop.pyx", line 1281, in uvloop.loop.Loop.call_soon
  File "uvloop/loop.pyx", line 669, in uvloop.loop.Loop._call_soon
  File "uvloop/loop.pyx", line 678, in uvloop.loop.Loop._call_soon_handle
  File "uvloop/loop.pyx", line 673, in uvloop.loop.Loop._append_ready_handle
  File "uvloop/loop.pyx", line 705, in uvloop.loop.Loop._check_closed
RuntimeError: Event loop is closed
Exception ignored in: <coroutine object ACSS_Foll._recv_loop at 0x7f093bdbe3c0>
Traceback (most recent call last):
  File "/opt/dumbo-mpc/dumbo-mpc/AsyRanTriGen/beaver/hbacss.py", line 3696, in _recv_loop
    await avid.disperse(tag, self.my_id+1, dispersal_msg_list)
  File "/opt/dumbo-mpc/dumbo-mpc/AsyRanTriGen/beaver/broadcast/avid.py", line 461, in disperse
    sender, msg = await self.recv()
  File "/usr/lib/python3.8/asyncio/queues.py", line 165, in get
    getter.cancel()  # Just in case getter is not done yet.
  File "uvloop/loop.pyx", line 1281, in uvloop.loop.Loop.call_soon
  File "uvloop/loop.pyx", line 669, in uvloop.loop.Loop._call_soon
  File "uvloop/loop.pyx", line 678, in uvloop.loop.Loop._call_soon_handle
  File "uvloop/loop.pyx", line 673, in uvloop.loop.Loop._append_ready_handle
  File "uvloop/loop.pyx", line 705, in uvloop.loop.Loop._check_closed
RuntimeError: Event loop is closed
2025-12-17 02:12:49,271 ERROR [asyncio] Task was destroyed but it is pending!
task: <Task pending name='Task-76' coro=<rbc_dyn() running at /opt/dumbo-mpc/dumbo-mpc/AsyRanTriGen/beaver/broadcast/reliablebroadcast.py:411> wait_for=<Future cancelled>>
Exception ignored in: <coroutine object rbc_dyn at 0x7f093bd50140>
Traceback (most recent call last):
  File "/opt/dumbo-mpc/dumbo-mpc/AsyRanTriGen/beaver/broadcast/reliablebroadcast.py", line 411, in rbc_dyn
    sender, msg = await receive()
  File "/usr/lib/python3.8/asyncio/queues.py", line 165, in get
    getter.cancel()  # Just in case getter is not done yet.
  File "uvloop/loop.pyx", line 1281, in uvloop.loop.Loop.call_soon
  File "uvloop/loop.pyx", line 669, in uvloop.loop.Loop._call_soon
  File "uvloop/loop.pyx", line 678, in uvloop.loop.Loop._call_soon_handle
  File "uvloop/loop.pyx", line 673, in uvloop.loop.Loop._append_ready_handle
  File "uvloop/loop.pyx", line 705, in uvloop.loop.Loop._check_closed
RuntimeError: Event loop is closed
2025-12-17 02:12:49,271 ERROR [asyncio] Task was destroyed but it is pending!
task: <Task pending name='Task-78' coro=<AVID_DYNAMIC.disperse() running at /opt/dumbo-mpc/dumbo-mpc/AsyRanTriGen/beaver/broadcast/avid.py:461> wait_for=<Future cancelled>>
Exception ignored in: <coroutine object AVID_DYNAMIC.disperse at 0x7f093ac671c0>
Traceback (most recent call last):
  File "/opt/dumbo-mpc/dumbo-mpc/AsyRanTriGen/beaver/broadcast/avid.py", line 461, in disperse
    sender, msg = await self.recv()
  File "/usr/lib/python3.8/asyncio/queues.py", line 165, in get
    getter.cancel()  # Just in case getter is not done yet.
  File "uvloop/loop.pyx", line 1281, in uvloop.loop.Loop.call_soon
  File "uvloop/loop.pyx", line 669, in uvloop.loop.Loop._call_soon
  File "uvloop/loop.pyx", line 678, in uvloop.loop.Loop._call_soon_handle
  File "uvloop/loop.pyx", line 673, in uvloop.loop.Loop._append_ready_handle
  File "uvloop/loop.pyx", line 705, in uvloop.loop.Loop._check_closed
RuntimeError: Event loop is closed
2025-12-17 02:12:49,272 ERROR [asyncio] Task was destroyed but it is pending!
task: <Task pending name='Task-63' coro=<subscribe_recv.<locals>._recv_loop() running at /opt/dumbo-mpc/dumbo-mpc/AsyRanTriGen/beaver/utils/misc.py:89> wait_for=<Future pending cb=[<TaskWakeupMethWrapper object at 0x7f093bd5d880>()]>>
2025-12-17 02:12:49,272 ERROR [asyncio] Task was destroyed but it is pending!
task: <Task pending name='Task-66' coro=<subscribe_recv.<locals>._recv_loop() running at /opt/dumbo-mpc/dumbo-mpc/AsyRanTriGen/beaver/utils/misc.py:89> wait_for=<Future pending cb=[<TaskWakeupMethWrapper object at 0x7f093bd30bb0>()]>>
2025-12-17 02:12:49,272 ERROR [asyncio] Task was destroyed but it is pending!
task: <Task pending name='Task-68' coro=<subscribe_recv.<locals>._recv_loop() running at /opt/dumbo-mpc/dumbo-mpc/AsyRanTriGen/beaver/utils/misc.py:89> wait_for=<Future pending cb=[<TaskWakeupMethWrapper object at 0x7f093bd5deb0>()]>>
Exception ignored in: <coroutine object subscribe_recv.<locals>._recv_loop at 0x7f093ac68e40>
Traceback (most recent call last):
  File "/opt/dumbo-mpc/dumbo-mpc/AsyRanTriGen/beaver/utils/misc.py", line 89, in _recv_loop
    j, (tag, o) = await recv()
  File "/usr/lib/python3.8/asyncio/queues.py", line 165, in get
    getter.cancel()  # Just in case getter is not done yet.
  File "uvloop/loop.pyx", line 1281, in uvloop.loop.Loop.call_soon
  File "uvloop/loop.pyx", line 669, in uvloop.loop.Loop._call_soon
  File "uvloop/loop.pyx", line 678, in uvloop.loop.Loop._call_soon_handle
  File "uvloop/loop.pyx", line 673, in uvloop.loop.Loop._append_ready_handle
  File "uvloop/loop.pyx", line 705, in uvloop.loop.Loop._check_closed
RuntimeError: Event loop is closed
Exception ignored in: <coroutine object subscribe_recv.<locals>._recv_loop at 0x7f093bd4b340>
Traceback (most recent call last):
  File "/opt/dumbo-mpc/dumbo-mpc/AsyRanTriGen/beaver/utils/misc.py", line 89, in _recv_loop
    j, (tag, o) = await recv()
  File "/usr/lib/python3.8/asyncio/queues.py", line 165, in get
    getter.cancel()  # Just in case getter is not done yet.
  File "uvloop/loop.pyx", line 1281, in uvloop.loop.Loop.call_soon
  File "uvloop/loop.pyx", line 669, in uvloop.loop.Loop._call_soon
  File "uvloop/loop.pyx", line 678, in uvloop.loop.Loop._call_soon_handle
  File "uvloop/loop.pyx", line 673, in uvloop.loop.Loop._append_ready_handle
  File "uvloop/loop.pyx", line 705, in uvloop.loop.Loop._check_closed
RuntimeError: Event loop is closed
Exception ignored in: <coroutine object subscribe_recv.<locals>._recv_loop at 0x7f093bd4b740>
Traceback (most recent call last):
  File "/opt/dumbo-mpc/dumbo-mpc/AsyRanTriGen/beaver/utils/misc.py", line 89, in _recv_loop
    j, (tag, o) = await recv()
  File "/usr/lib/python3.8/asyncio/queues.py", line 165, in get
    getter.cancel()  # Just in case getter is not done yet.
  File "uvloop/loop.pyx", line 1281, in uvloop.loop.Loop.call_soon
  File "uvloop/loop.pyx", line 669, in uvloop.loop.Loop._call_soon
  File "uvloop/loop.pyx", line 678, in uvloop.loop.Loop._call_soon_handle
  File "uvloop/loop.pyx", line 673, in uvloop.loop.Loop._append_ready_handle
  File "uvloop/loop.pyx", line 705, in uvloop.loop.Loop._check_closed
RuntimeError: Event loop is closed
2025-12-17 02:12:49,273 ERROR [asyncio] Task was destroyed but it is pending!
task: <Task pending name='Task-74' coro=<subscribe_recv.<locals>._recv_loop() running at /opt/dumbo-mpc/dumbo-mpc/AsyRanTriGen/beaver/utils/misc.py:89> wait_for=<Future pending cb=[<TaskWakeupMethWrapper object at 0x7f093bd66790>()]>>
2025-12-17 02:12:49,274 ERROR [asyncio] Task was destroyed but it is pending!
task: <Task pending name='Task-70' coro=<rbc_dyn() running at /opt/dumbo-mpc/dumbo-mpc/AsyRanTriGen/beaver/broadcast/reliablebroadcast.py:411> wait_for=<Future pending cb=[<TaskWakeupMethWrapper object at 0x7f093bd5d580>()]>>
Exception ignored in: <coroutine object subscribe_recv.<locals>._recv_loop at 0x7f093bd4bb40>
Traceback (most recent call last):
  File "/opt/dumbo-mpc/dumbo-mpc/AsyRanTriGen/beaver/utils/misc.py", line 89, in _recv_loop
    j, (tag, o) = await recv()
  File "/usr/lib/python3.8/asyncio/queues.py", line 165, in get
    getter.cancel()  # Just in case getter is not done yet.
  File "uvloop/loop.pyx", line 1281, in uvloop.loop.Loop.call_soon
  File "uvloop/loop.pyx", line 669, in uvloop.loop.Loop._call_soon
  File "uvloop/loop.pyx", line 678, in uvloop.loop.Loop._call_soon_handle
  File "uvloop/loop.pyx", line 673, in uvloop.loop.Loop._append_ready_handle
  File "uvloop/loop.pyx", line 705, in uvloop.loop.Loop._check_closed
RuntimeError: Event loop is closed
2025-12-17 02:12:49,274 ERROR [asyncio] Task was destroyed but it is pending!
task: <Task pending name='Task-73' coro=<AVID_DYNAMIC.disperse() running at /opt/dumbo-mpc/dumbo-mpc/AsyRanTriGen/beaver/broadcast/avid.py:461> wait_for=<Future pending cb=[<TaskWakeupMethWrapper object at 0x7f093bd667c0>()]>>
Exception ignored in: <coroutine object rbc_dyn at 0x7f093bd4b6c0>
Traceback (most recent call last):
  File "/opt/dumbo-mpc/dumbo-mpc/AsyRanTriGen/beaver/broadcast/reliablebroadcast.py", line 411, in rbc_dyn
    sender, msg = await receive()
  File "/usr/lib/python3.8/asyncio/queues.py", line 165, in get
    getter.cancel()  # Just in case getter is not done yet.
  File "uvloop/loop.pyx", line 1281, in uvloop.loop.Loop.call_soon
  File "uvloop/loop.pyx", line 669, in uvloop.loop.Loop._call_soon
  File "uvloop/loop.pyx", line 678, in uvloop.loop.Loop._call_soon_handle
  File "uvloop/loop.pyx", line 673, in uvloop.loop.Loop._append_ready_handle
  File "uvloop/loop.pyx", line 705, in uvloop.loop.Loop._check_closed
RuntimeError: Event loop is closed
Exception ignored in: <coroutine object AVID_DYNAMIC.disperse at 0x7f093bd500c0>
Traceback (most recent call last):
  File "/opt/dumbo-mpc/dumbo-mpc/AsyRanTriGen/beaver/broadcast/avid.py", line 461, in disperse
    sender, msg = await self.recv()
  File "/usr/lib/python3.8/asyncio/queues.py", line 165, in get
    getter.cancel()  # Just in case getter is not done yet.
  File "uvloop/loop.pyx", line 1281, in uvloop.loop.Loop.call_soon
  File "uvloop/loop.pyx", line 669, in uvloop.loop.Loop._call_soon
  File "uvloop/loop.pyx", line 678, in uvloop.loop.Loop._call_soon_handle
  File "uvloop/loop.pyx", line 673, in uvloop.loop.Loop._append_ready_handle
  File "uvloop/loop.pyx", line 705, in uvloop.loop.Loop._check_closed
RuntimeError: Event loop is closed
