Warning: Permanently added '124.220.155.155' (ECDSA) to the list of known hosts.
Creating dumbo-mpc_dumbo-mpc_run ... 
Creating dumbo-mpc_dumbo-mpc_run ... done
2025-12-17 02:12:33,862 INFO [root] Running ADMPC ...
2025-12-17 02:12:34,609 INFO [root] my_send_id: 9
2025-12-17 02:12:34,620 INFO [root] ADMPC start time: 1765937554.6201825
2025-12-17 02:12:34,620 INFO [root] [Layer 2] Reached run_admpc checkpoint
2025-12-17 02:12:34,621 INFO [beaver.transfer] [1] Starting DynamicTransfer_Foll
2025-12-17 02:12:34,621 INFO [beaver.transfer] [1] Starting ACSS to share 50 secrets
2025-12-17 02:12:34,621 INFO [root] [1] Starting Batch AVSS. Id: 0, Dealer Id: 0, Client Mode: False
2025-12-17 02:12:34,621 INFO [root] [1] AVSS tag: 0-0-2-B-AVSS
2025-12-17 02:12:34,622 INFO [root] [1] RBC tag: 0-0-2-B-RBC
2025-12-17 02:12:34,622 INFO [root] [1] Starting AVSS with shares_num: 50, dealer_id: 0, client_mode: False
2025-12-17 02:12:34,623 INFO [root] rbc_list: [4, 8, 9, 10, 11]
2025-12-17 02:12:34,623 INFO [root] committee_size: 4
2025-12-17 02:12:34,624 INFO [root] n: 5
2025-12-17 02:12:34,624 INFO [root] f: 1
2025-12-17 02:12:34,624 INFO [root] pid: 2
2025-12-17 02:12:34,624 INFO [root] leader: 0
2025-12-17 02:12:34,624 INFO [root] [1] Starting Batch AVSS. Id: 0, Dealer Id: 1, Client Mode: False
2025-12-17 02:12:34,624 INFO [root] [1] AVSS tag: 1-0-2-B-AVSS
2025-12-17 02:12:34,624 INFO [root] [1] RBC tag: 1-0-2-B-RBC
2025-12-17 02:12:34,624 INFO [root] [1] Starting AVSS with shares_num: 50, dealer_id: 1, client_mode: False
2025-12-17 02:12:34,624 INFO [root] rbc_list: [5, 8, 9, 10, 11]
2025-12-17 02:12:34,624 INFO [root] committee_size: 4
2025-12-17 02:12:34,624 INFO [root] n: 5
2025-12-17 02:12:34,624 INFO [root] f: 1
2025-12-17 02:12:34,624 INFO [root] pid: 2
2025-12-17 02:12:34,625 INFO [root] leader: 1
2025-12-17 02:12:34,625 INFO [root] [1] Starting Batch AVSS. Id: 0, Dealer Id: 2, Client Mode: False
2025-12-17 02:12:34,625 INFO [root] [1] AVSS tag: 2-0-2-B-AVSS
2025-12-17 02:12:34,625 INFO [root] [1] RBC tag: 2-0-2-B-RBC
2025-12-17 02:12:34,625 INFO [root] [1] Starting AVSS with shares_num: 50, dealer_id: 2, client_mode: False
2025-12-17 02:12:34,626 INFO [root] rbc_list: [6, 8, 9, 10, 11]
2025-12-17 02:12:34,626 INFO [root] committee_size: 4
2025-12-17 02:12:34,626 INFO [root] n: 5
2025-12-17 02:12:34,626 INFO [root] f: 1
2025-12-17 02:12:34,626 INFO [root] pid: 1
2025-12-17 02:12:34,627 INFO [root] leader: 2
2025-12-17 02:12:34,627 INFO [root] [1] Starting Batch AVSS. Id: 0, Dealer Id: 3, Client Mode: False
2025-12-17 02:12:34,627 INFO [root] [1] AVSS tag: 3-0-2-B-AVSS
2025-12-17 02:12:34,627 INFO [root] [1] RBC tag: 3-0-2-B-RBC
2025-12-17 02:12:34,627 INFO [root] [1] Starting AVSS with shares_num: 50, dealer_id: 3, client_mode: False
2025-12-17 02:12:34,627 INFO [root] rbc_list: [7, 8, 9, 10, 11]
2025-12-17 02:12:34,628 INFO [root] committee_size: 4
2025-12-17 02:12:34,628 INFO [root] n: 5
2025-12-17 02:12:34,628 INFO [root] f: 1
2025-12-17 02:12:34,628 INFO [root] pid: 1
2025-12-17 02:12:34,628 INFO [root] leader: 3
2025-12-17 02:12:35,654 INFO [root] [2] Received VAL message from 5
2025-12-17 02:12:35,654 INFO [root] entering n == commitee_size + 1
2025-12-17 02:12:35,654 INFO [root] [2] sender: 5, leader: 1
2025-12-17 02:12:35,654 INFO [root] [2] Successfully validated VAL message
2025-12-17 02:12:35,654 INFO [root] [2] Broadcasted ECHO message for roothash b'i\xca\x16\xd6\x04\xf0\xc2i_\x7f\xfev\x91\xe4\x06\x1f\x86\x1c\x13Z\x97\xd2\x98\xfc\x11\x94\x13o\xdb\x14\xb8\xb9'
2025-12-17 02:12:35,654 INFO [root] broadcast Sending to 1: 8
2025-12-17 02:12:35,654 INFO [root] broadcast Sending to 2: 9
2025-12-17 02:12:35,654 INFO [root] broadcast Sending to 3: 10
2025-12-17 02:12:35,654 INFO [root] broadcast Sending to 4: 11
2025-12-17 02:12:35,655 INFO [root] [2] Received ECHO message from 9
2025-12-17 02:12:35,655 INFO [root] [1] Received VAL message from 6
2025-12-17 02:12:35,655 INFO [root] entering n == commitee_size + 1
2025-12-17 02:12:35,655 INFO [root] [1] sender: 6, leader: 2
2025-12-17 02:12:35,655 INFO [root] [1] Successfully validated VAL message
2025-12-17 02:12:35,655 INFO [root] [1] Broadcasted ECHO message for roothash b'\x13\tK\x1a\x12\x1b{D\xae\xe4T\x9cT\x99V\xbc\x91\xa2+\xb4*}\rz\xeb\xaa\x0e\x7ft`C\xf5'
2025-12-17 02:12:35,655 INFO [root] broadcast Sending to 1: 8
2025-12-17 02:12:35,655 INFO [root] broadcast Sending to 2: 9
2025-12-17 02:12:35,655 INFO [root] broadcast Sending to 3: 10
2025-12-17 02:12:35,655 INFO [root] broadcast Sending to 4: 11
2025-12-17 02:12:35,656 INFO [root] [2] Received ECHO message from 11
2025-12-17 02:12:35,656 INFO [root] [1] Received ECHO message from 9
2025-12-17 02:12:35,656 INFO [root] [2] Received ECHO message from 10
2025-12-17 02:12:35,656 INFO [root] [2] Broadcasted READY message for roothash b'i\xca\x16\xd6\x04\xf0\xc2i_\x7f\xfev\x91\xe4\x06\x1f\x86\x1c\x13Z\x97\xd2\x98\xfc\x11\x94\x13o\xdb\x14\xb8\xb9'
2025-12-17 02:12:35,656 INFO [root] broadcast Sending to 1: 8
2025-12-17 02:12:35,656 INFO [root] broadcast Sending to 2: 9
2025-12-17 02:12:35,656 INFO [root] broadcast Sending to 3: 10
2025-12-17 02:12:35,656 INFO [root] broadcast Sending to 4: 11
2025-12-17 02:12:35,656 INFO [root] [2] Received ECHO message from 8
2025-12-17 02:12:35,657 INFO [root] [1] Received ECHO message from 11
2025-12-17 02:12:35,657 INFO [root] [2] Received READY message from 9
2025-12-17 02:12:35,657 INFO [root] [2] Received READY message from 11
2025-12-17 02:12:35,657 INFO [root] [1] Received ECHO message from 10
2025-12-17 02:12:35,657 INFO [root] [1] Broadcasted READY message for roothash b'\x13\tK\x1a\x12\x1b{D\xae\xe4T\x9cT\x99V\xbc\x91\xa2+\xb4*}\rz\xeb\xaa\x0e\x7ft`C\xf5'
2025-12-17 02:12:35,657 INFO [root] broadcast Sending to 1: 8
2025-12-17 02:12:35,657 INFO [root] broadcast Sending to 2: 9
2025-12-17 02:12:35,657 INFO [root] broadcast Sending to 3: 10
2025-12-17 02:12:35,657 INFO [root] broadcast Sending to 4: 11
2025-12-17 02:12:35,657 INFO [root] [1] Received ECHO message from 8
2025-12-17 02:12:35,657 INFO [root] [2] Received VAL message from 4
2025-12-17 02:12:35,657 INFO [root] entering n == commitee_size + 1
2025-12-17 02:12:35,657 INFO [root] [2] sender: 4, leader: 0
2025-12-17 02:12:35,657 INFO [root] [2] Successfully validated VAL message
2025-12-17 02:12:35,657 INFO [root] [2] Broadcasted ECHO message for roothash b'>H\xee\xd3\r\xf6x\x04\xd7\x07\xe2\xd9\x80\xa0OWd\xba\xe8\xe5\x82\xfb\xffS\x0b}RA\xe0J\x1b\xe5'
2025-12-17 02:12:35,657 INFO [root] broadcast Sending to 1: 8
2025-12-17 02:12:35,657 INFO [root] broadcast Sending to 2: 9
2025-12-17 02:12:35,657 INFO [root] broadcast Sending to 3: 10
2025-12-17 02:12:35,657 INFO [root] broadcast Sending to 4: 11
2025-12-17 02:12:35,657 INFO [root] [1] Received VAL message from 7
2025-12-17 02:12:35,657 INFO [root] entering n == commitee_size + 1
2025-12-17 02:12:35,657 INFO [root] [1] sender: 7, leader: 3
2025-12-17 02:12:35,657 INFO [root] [1] Successfully validated VAL message
2025-12-17 02:12:35,657 INFO [root] [1] Broadcasted ECHO message for roothash b'~\xf6P\xd0K\x00Z\xed\xc5\x17\xa0[\x9cf\x10\x10\x12\xb6[\xa2G\x93P\xf8*.}U\xedp\xe2]'
2025-12-17 02:12:35,657 INFO [root] broadcast Sending to 1: 8
2025-12-17 02:12:35,657 INFO [root] broadcast Sending to 2: 9
2025-12-17 02:12:35,657 INFO [root] broadcast Sending to 3: 10
2025-12-17 02:12:35,658 INFO [root] broadcast Sending to 4: 11
2025-12-17 02:12:35,658 INFO [root] [1] Received READY message from 9
2025-12-17 02:12:35,658 INFO [root] [2] Received ECHO message from 9
2025-12-17 02:12:35,658 INFO [root] [1] Received ECHO message from 9
2025-12-17 02:12:35,658 INFO [root] [2] Received READY message from 10
2025-12-17 02:12:35,658 INFO [root] Decoding output for roothash: b'i\xca\x16\xd6\x04\xf0\xc2i_\x7f\xfev\x91\xe4\x06\x1f\x86\x1c\x13Z\x97\xd2\x98\xfc\x11\x94\x13o\xdb\x14\xb8\xb9'
2025-12-17 02:12:35,658 INFO [root] [1] Received RBC message
2025-12-17 02:12:35,659 INFO [root] multicast list: [8, 9, 10, 11]
2025-12-17 02:12:35,659 INFO [root] before avid.retrieve
2025-12-17 02:12:35,659 INFO [root] [1] Received READY message from 11
2025-12-17 02:12:35,659 INFO [root] [2] Received ECHO message from 11
2025-12-17 02:12:35,659 INFO [root] [1] Received READY message from 8
2025-12-17 02:12:35,659 INFO [root] Decoding output for roothash: b'\x13\tK\x1a\x12\x1b{D\xae\xe4T\x9cT\x99V\xbc\x91\xa2+\xb4*}\rz\xeb\xaa\x0e\x7ft`C\xf5'
2025-12-17 02:12:35,660 INFO [root] [1] Received RBC message
2025-12-17 02:12:35,660 INFO [root] multicast list: [8, 9, 10, 11]
2025-12-17 02:12:35,660 INFO [root] before avid.retrieve
2025-12-17 02:12:35,660 INFO [root] [2] Received ECHO message from 8
2025-12-17 02:12:35,660 INFO [root] [2] Broadcasted READY message for roothash b'>H\xee\xd3\r\xf6x\x04\xd7\x07\xe2\xd9\x80\xa0OWd\xba\xe8\xe5\x82\xfb\xffS\x0b}RA\xe0J\x1b\xe5'
2025-12-17 02:12:35,660 INFO [root] broadcast Sending to 1: 8
2025-12-17 02:12:35,660 INFO [root] broadcast Sending to 2: 9
2025-12-17 02:12:35,660 INFO [root] broadcast Sending to 3: 10
2025-12-17 02:12:35,660 INFO [root] broadcast Sending to 4: 11
2025-12-17 02:12:35,660 INFO [root] [2] Received ECHO message from 10
2025-12-17 02:12:35,660 INFO [root] [1] Received ECHO message from 10
2025-12-17 02:12:35,660 INFO [root] [1] Received ECHO message from 11
2025-12-17 02:12:35,661 INFO [root] [1] Broadcasted READY message for roothash b'~\xf6P\xd0K\x00Z\xed\xc5\x17\xa0[\x9cf\x10\x10\x12\xb6[\xa2G\x93P\xf8*.}U\xedp\xe2]'
2025-12-17 02:12:35,661 INFO [root] broadcast Sending to 1: 8
2025-12-17 02:12:35,661 INFO [root] broadcast Sending to 2: 9
2025-12-17 02:12:35,661 INFO [root] broadcast Sending to 3: 10
2025-12-17 02:12:35,661 INFO [root] broadcast Sending to 4: 11
2025-12-17 02:12:35,661 INFO [root] [2] Received READY message from 9
2025-12-17 02:12:35,661 INFO [root] [1] Received READY message from 9
2025-12-17 02:12:35,661 INFO [root] [1] Received ECHO message from 8
2025-12-17 02:12:35,661 INFO [root] [2] Received READY message from 10
2025-12-17 02:12:35,662 INFO [root] [2] Received READY message from 11
2025-12-17 02:12:35,662 INFO [root] Decoding output for roothash: b'>H\xee\xd3\r\xf6x\x04\xd7\x07\xe2\xd9\x80\xa0OWd\xba\xe8\xe5\x82\xfb\xffS\x0b}RA\xe0J\x1b\xe5'
2025-12-17 02:12:35,662 INFO [root] [1] Received RBC message
2025-12-17 02:12:35,662 INFO [root] multicast list: [8, 9, 10, 11]
2025-12-17 02:12:35,662 INFO [root] before avid.retrieve
2025-12-17 02:12:35,662 INFO [root] [1] Received READY message from 11
2025-12-17 02:12:35,662 INFO [root] [1] Received READY message from 10
2025-12-17 02:12:35,662 INFO [root] Decoding output for roothash: b'~\xf6P\xd0K\x00Z\xed\xc5\x17\xa0[\x9cf\x10\x10\x12\xb6[\xa2G\x93P\xf8*.}U\xedp\xe2]'
2025-12-17 02:12:35,663 INFO [root] [1] Received RBC message
2025-12-17 02:12:35,663 INFO [root] multicast list: [8, 9, 10, 11]
2025-12-17 02:12:35,663 INFO [root] before avid.retrieve
2025-12-17 02:12:35,837 INFO [root] AVID broadcast to 1: 8
2025-12-17 02:12:35,837 INFO [root] AVID broadcast to 2: 9
2025-12-17 02:12:35,837 INFO [root] AVID broadcast to 3: 10
2025-12-17 02:12:35,837 INFO [root] AVID broadcast to 4: 11
2025-12-17 02:12:35,837 INFO [root] AVID broadcast to 1: 8
2025-12-17 02:12:35,837 INFO [root] AVID broadcast to 2: 9
2025-12-17 02:12:35,837 INFO [root] AVID broadcast to 3: 10
2025-12-17 02:12:35,837 INFO [root] AVID broadcast to 4: 11
2025-12-17 02:12:35,838 INFO [root] AVID broadcast to 1: 8
2025-12-17 02:12:35,838 INFO [root] AVID broadcast to 2: 9
2025-12-17 02:12:35,838 INFO [root] AVID broadcast to 3: 10
2025-12-17 02:12:35,838 INFO [root] AVID broadcast to 4: 11
2025-12-17 02:12:35,838 INFO [root] 1-0-2-B-AVSS 1 RETRIEVE called.
2025-12-17 02:12:35,838 INFO [root] AVID broadcast to 1: 8
2025-12-17 02:12:35,838 INFO [root] AVID broadcast to 2: 9
2025-12-17 02:12:35,838 INFO [root] AVID broadcast to 3: 10
2025-12-17 02:12:35,838 INFO [root] AVID broadcast to 4: 11
2025-12-17 02:12:35,838 INFO [root] 1-0-2-B-AVSS 1 RETRIEVE broadcasted.
2025-12-17 02:12:35,839 INFO [root] disperse msid: 1-0-2-B-AVSS, index: 1
2025-12-17 02:12:35,839 INFO [root] AVID retrieve called with sid: 1-0-2-B-AVID, index: 1
2025-12-17 02:12:35,839 INFO [root] AVID broadcast to 1: 8
2025-12-17 02:12:35,839 INFO [root] AVID broadcast to 2: 9
2025-12-17 02:12:35,839 INFO [root] AVID broadcast to 3: 10
2025-12-17 02:12:35,839 INFO [root] AVID broadcast to 4: 11
2025-12-17 02:12:35,839 INFO [root] disperse msid: 1-0-2-B-AVSS, index: 2
2025-12-17 02:12:35,839 INFO [root] AVID retrieve called with sid: 1-0-2-B-AVID, index: 2
2025-12-17 02:12:35,840 INFO [root] 1-0-2-B-AVSS 1 AVID retrieve msg from 9
2025-12-17 02:12:35,840 INFO [root] AVID retrieve response received
2025-12-17 02:12:35,840 INFO [root] retrieve msid: 1-0-2-B-AVID, response_index: 1
2025-12-17 02:12:35,840 INFO [root] RESPONSE from 9
2025-12-17 02:12:35,840 INFO [root] sender self.committee_size: 1
2025-12-17 02:12:35,840 INFO [root] AVID broadcast to 1: 8
2025-12-17 02:12:35,840 INFO [root] AVID broadcast to 2: 9
2025-12-17 02:12:35,840 INFO [root] AVID broadcast to 3: 10
2025-12-17 02:12:35,840 INFO [root] AVID broadcast to 4: 11
2025-12-17 02:12:35,840 INFO [root] disperse msid: 1-0-2-B-AVSS, index: 3
2025-12-17 02:12:35,840 INFO [root] AVID retrieve called with sid: 1-0-2-B-AVID, index: 3
2025-12-17 02:12:35,841 INFO [root] disperse msid: 1-0-2-B-AVSS, index: 0
2025-12-17 02:12:35,841 INFO [root] AVID retrieve called with sid: 1-0-2-B-AVID, index: 0
2025-12-17 02:12:35,841 INFO [root] AVID broadcast to 1: 8
2025-12-17 02:12:35,841 INFO [root] AVID broadcast to 2: 9
2025-12-17 02:12:35,841 INFO [root] AVID broadcast to 3: 10
2025-12-17 02:12:35,841 INFO [root] AVID broadcast to 4: 11
2025-12-17 02:12:35,842 INFO [root] AVID broadcast to 1: 8
2025-12-17 02:12:35,842 INFO [root] AVID broadcast to 2: 9
2025-12-17 02:12:35,842 INFO [root] AVID broadcast to 3: 10
2025-12-17 02:12:35,842 INFO [root] AVID broadcast to 4: 11
2025-12-17 02:12:35,842 INFO [root] 1-0-2-B-AVSS 1 AVID retrieve msg from 11
2025-12-17 02:12:35,842 INFO [root] AVID retrieve response received
2025-12-17 02:12:35,842 INFO [root] retrieve msid: 1-0-2-B-AVID, response_index: 1
2025-12-17 02:12:35,842 INFO [root] RESPONSE from 11
2025-12-17 02:12:35,842 INFO [root] sender self.committee_size: 3
2025-12-17 02:12:35,842 INFO [root] 1-0-2-B-AVSS 1 RETRIEVE complete.
2025-12-17 02:12:35,843 INFO [root] after avid.retrieve dispersal_msg
2025-12-17 02:12:35,843 INFO [root] Handling dealer messages for dealer_id: 1, tag: 1-0-2-B-AVSS
2025-12-17 02:12:35,866 INFO [root] shares verified successfully
2025-12-17 02:12:35,866 INFO [root] all_shares_valid: True
2025-12-17 02:12:35,866 INFO [root] after _handle_dealer_msgs, all_shares_valid
2025-12-17 02:12:35,866 INFO [root] self.tagvars[tag]['all_shares_valid']: True
2025-12-17 02:12:35,866 INFO [root] multicast to 8
2025-12-17 02:12:35,866 INFO [root] multicast to 9
2025-12-17 02:12:35,866 INFO [root] multicast to 10
2025-12-17 02:12:35,866 INFO [root] multicast to 11
2025-12-17 02:12:35,866 INFO [root] 2-0-2-B-AVSS 1 RETRIEVE called.
2025-12-17 02:12:35,866 INFO [root] AVID broadcast to 1: 8
2025-12-17 02:12:35,866 INFO [root] AVID broadcast to 2: 9
2025-12-17 02:12:35,866 INFO [root] AVID broadcast to 3: 10
2025-12-17 02:12:35,866 INFO [root] AVID broadcast to 4: 11
2025-12-17 02:12:35,866 INFO [root] 2-0-2-B-AVSS 1 RETRIEVE broadcasted.
2025-12-17 02:12:35,867 INFO [root] [1] Received OK from [9]
2025-12-17 02:12:35,867 INFO [root] [1] OK set: {9}
2025-12-17 02:12:35,868 INFO [root] output: True
2025-12-17 02:12:35,868 INFO [root] disperse msid: 2-0-2-B-AVSS, index: 1
2025-12-17 02:12:35,868 INFO [root] AVID retrieve called with sid: 2-0-2-B-AVID, index: 1
2025-12-17 02:12:35,868 INFO [root] AVID broadcast to 1: 8
2025-12-17 02:12:35,868 INFO [root] AVID broadcast to 2: 9
2025-12-17 02:12:35,868 INFO [root] AVID broadcast to 3: 10
2025-12-17 02:12:35,868 INFO [root] AVID broadcast to 4: 11
2025-12-17 02:12:35,868 INFO [root] [1] Received OK from [11]
2025-12-17 02:12:35,868 INFO [root] [1] OK set: {9, 11}
2025-12-17 02:12:35,868 INFO [root] output: True
2025-12-17 02:12:35,868 INFO [root] [1] Received OK from [10]
2025-12-17 02:12:35,868 INFO [root] [1] OK set: {9, 10, 11}
2025-12-17 02:12:35,868 INFO [root] output: True
2025-12-17 02:12:35,868 INFO [root] disperse msid: 2-0-2-B-AVSS, index: 0
2025-12-17 02:12:35,868 INFO [root] AVID retrieve called with sid: 2-0-2-B-AVID, index: 0
2025-12-17 02:12:35,868 INFO [root] 3-0-2-B-AVSS 1 RETRIEVE called.
2025-12-17 02:12:35,868 INFO [root] AVID broadcast to 1: 8
2025-12-17 02:12:35,868 INFO [root] AVID broadcast to 2: 9
2025-12-17 02:12:35,868 INFO [root] AVID broadcast to 3: 10
2025-12-17 02:12:35,868 INFO [root] AVID broadcast to 4: 11
2025-12-17 02:12:35,868 INFO [root] 3-0-2-B-AVSS 1 RETRIEVE broadcasted.
2025-12-17 02:12:35,869 INFO [root] 2-0-2-B-AVSS 1 AVID retrieve msg from 9
2025-12-17 02:12:35,869 INFO [root] AVID retrieve response received
2025-12-17 02:12:35,869 INFO [root] retrieve msid: 2-0-2-B-AVID, response_index: 1
2025-12-17 02:12:35,869 INFO [root] RESPONSE from 9
2025-12-17 02:12:35,869 INFO [root] sender self.committee_size: 1
2025-12-17 02:12:35,869 INFO [root] disperse msid: 3-0-2-B-AVSS, index: 1
2025-12-17 02:12:35,869 INFO [root] AVID retrieve called with sid: 3-0-2-B-AVID, index: 1
2025-12-17 02:12:35,869 INFO [root] disperse msid: 2-0-2-B-AVSS, index: 3
2025-12-17 02:12:35,869 INFO [root] AVID retrieve called with sid: 2-0-2-B-AVID, index: 3
2025-12-17 02:12:35,869 INFO [root] disperse msid: 2-0-2-B-AVSS, index: 2
2025-12-17 02:12:35,869 INFO [root] AVID retrieve called with sid: 2-0-2-B-AVID, index: 2
2025-12-17 02:12:35,870 INFO [root] disperse msid: 3-0-2-B-AVSS, index: 3
2025-12-17 02:12:35,870 INFO [root] AVID retrieve called with sid: 3-0-2-B-AVID, index: 3
2025-12-17 02:12:35,870 INFO [root] [1] Received OK from [8]
2025-12-17 02:12:35,870 INFO [root] [1] OK set: {8, 9, 10, 11}
2025-12-17 02:12:35,870 INFO [root] output: True
2025-12-17 02:12:35,870 INFO [root] [1] exit
2025-12-17 02:12:35,870 INFO [root] 2-0-2-B-AVSS 1 AVID retrieve msg from 11
2025-12-17 02:12:35,870 INFO [root] AVID retrieve response received
2025-12-17 02:12:35,870 INFO [root] retrieve msid: 2-0-2-B-AVID, response_index: 1
2025-12-17 02:12:35,870 INFO [root] RESPONSE from 11
2025-12-17 02:12:35,870 INFO [root] sender self.committee_size: 3
2025-12-17 02:12:35,870 INFO [root] 2-0-2-B-AVSS 1 RETRIEVE complete.
2025-12-17 02:12:35,870 INFO [root] after avid.retrieve dispersal_msg
2025-12-17 02:12:35,870 INFO [root] Handling dealer messages for dealer_id: 2, tag: 2-0-2-B-AVSS
2025-12-17 02:12:35,880 INFO [root] shares verified successfully
2025-12-17 02:12:35,880 INFO [root] all_shares_valid: True
2025-12-17 02:12:35,880 INFO [root] after _handle_dealer_msgs, all_shares_valid
2025-12-17 02:12:35,880 INFO [root] self.tagvars[tag]['all_shares_valid']: True
2025-12-17 02:12:35,880 INFO [root] multicast to 8
2025-12-17 02:12:35,880 INFO [root] multicast to 9
2025-12-17 02:12:35,880 INFO [root] multicast to 10
2025-12-17 02:12:35,880 INFO [root] multicast to 11
2025-12-17 02:12:35,880 INFO [root] 3-0-2-B-AVSS 1 AVID retrieve msg from 9
2025-12-17 02:12:35,880 INFO [root] AVID retrieve response received
2025-12-17 02:12:35,881 INFO [root] retrieve msid: 3-0-2-B-AVID, response_index: 1
2025-12-17 02:12:35,881 INFO [root] RESPONSE from 9
2025-12-17 02:12:35,881 INFO [root] sender self.committee_size: 1
2025-12-17 02:12:35,881 INFO [root] 0-0-2-B-AVSS 1 RETRIEVE called.
2025-12-17 02:12:35,881 INFO [root] AVID broadcast to 1: 8
2025-12-17 02:12:35,881 INFO [root] AVID broadcast to 2: 9
2025-12-17 02:12:35,881 INFO [root] AVID broadcast to 3: 10
2025-12-17 02:12:35,881 INFO [root] AVID broadcast to 4: 11
2025-12-17 02:12:35,881 INFO [root] 0-0-2-B-AVSS 1 RETRIEVE broadcasted.
2025-12-17 02:12:35,881 INFO [root] [1] Received OK from [9]
2025-12-17 02:12:35,881 INFO [root] [1] OK set: {9}
2025-12-17 02:12:35,881 INFO [root] output: True
2025-12-17 02:12:35,881 INFO [root] disperse msid: 0-0-2-B-AVSS, index: 1
2025-12-17 02:12:35,881 INFO [root] AVID retrieve called with sid: 0-0-2-B-AVID, index: 1
2025-12-17 02:12:35,881 INFO [root] disperse msid: 3-0-2-B-AVSS, index: 2
2025-12-17 02:12:35,881 INFO [root] AVID retrieve called with sid: 3-0-2-B-AVID, index: 2
2025-12-17 02:12:35,882 INFO [root] disperse msid: 0-0-2-B-AVSS, index: 3
2025-12-17 02:12:35,882 INFO [root] AVID retrieve called with sid: 0-0-2-B-AVID, index: 3
2025-12-17 02:12:35,882 INFO [root] disperse msid: 0-0-2-B-AVSS, index: 2
2025-12-17 02:12:35,882 INFO [root] AVID retrieve called with sid: 0-0-2-B-AVID, index: 2
2025-12-17 02:12:35,882 INFO [root] [1] Received OK from [11]
2025-12-17 02:12:35,882 INFO [root] [1] OK set: {9, 11}
2025-12-17 02:12:35,882 INFO [root] output: True
2025-12-17 02:12:35,882 INFO [root] 3-0-2-B-AVSS 1 AVID retrieve msg from 11
2025-12-17 02:12:35,882 INFO [root] AVID retrieve response received
2025-12-17 02:12:35,882 INFO [root] retrieve msid: 3-0-2-B-AVID, response_index: 1
2025-12-17 02:12:35,882 INFO [root] RESPONSE from 11
2025-12-17 02:12:35,882 INFO [root] sender self.committee_size: 3
2025-12-17 02:12:35,882 INFO [root] 3-0-2-B-AVSS 1 RETRIEVE complete.
2025-12-17 02:12:35,882 INFO [root] after avid.retrieve dispersal_msg
2025-12-17 02:12:35,882 INFO [root] Handling dealer messages for dealer_id: 3, tag: 3-0-2-B-AVSS
2025-12-17 02:12:35,891 INFO [root] shares verified successfully
2025-12-17 02:12:35,891 INFO [root] all_shares_valid: True
2025-12-17 02:12:35,891 INFO [root] after _handle_dealer_msgs, all_shares_valid
2025-12-17 02:12:35,891 INFO [root] self.tagvars[tag]['all_shares_valid']: True
2025-12-17 02:12:35,891 INFO [root] multicast to 8
2025-12-17 02:12:35,891 INFO [root] multicast to 9
2025-12-17 02:12:35,891 INFO [root] multicast to 10
2025-12-17 02:12:35,891 INFO [root] multicast to 11
2025-12-17 02:12:35,891 INFO [root] key_proposal: [1, 2, 3]
2025-12-17 02:12:35,892 INFO [beaver.transfer] [1] [random shares] Starting ACS where node 1 is set as leader 
2025-12-17 02:12:35,892 INFO [beaver.transfer] [1] [random shares] The proposal of node 1 is [1, 2, 3]
2025-12-17 02:12:35,892 INFO [root] enter handle_message
2025-12-17 02:12:35,892 INFO [root] [1] I am the leader, broadcasting my input
2025-12-17 02:12:35,892 INFO [root] [1] otmvba Broadcasting to 8
2025-12-17 02:12:35,892 INFO [root] [1] otmvba Broadcasting to 9
2025-12-17 02:12:35,892 INFO [root] [1] otmvba Broadcasting to 10
2025-12-17 02:12:35,892 INFO [root] [1] otmvba Broadcasting to 11
2025-12-17 02:12:35,892 INFO [root] 0-0-2-B-AVSS 1 AVID retrieve msg from 9
2025-12-17 02:12:35,892 INFO [root] AVID retrieve response received
2025-12-17 02:12:35,892 INFO [root] retrieve msid: 0-0-2-B-AVID, response_index: 1
2025-12-17 02:12:35,892 INFO [root] RESPONSE from 9
2025-12-17 02:12:35,892 INFO [root] sender self.committee_size: 1
2025-12-17 02:12:35,892 INFO [root] [1] Received OK from [9]
2025-12-17 02:12:35,892 INFO [root] [1] OK set: {9}
2025-12-17 02:12:35,892 INFO [root] output: True
2025-12-17 02:12:35,892 INFO [root] disperse msid: 3-0-2-B-AVSS, index: 0
2025-12-17 02:12:35,892 INFO [root] AVID retrieve called with sid: 3-0-2-B-AVID, index: 0
2025-12-17 02:12:35,892 INFO [root] [1] Received OK from [10]
2025-12-17 02:12:35,892 INFO [root] [1] OK set: {9, 10, 11}
2025-12-17 02:12:35,892 INFO [root] output: True
2025-12-17 02:12:35,892 INFO [root] [1] Received OK from [8]
2025-12-17 02:12:35,892 INFO [root] [1] OK set: {8, 9, 10, 11}
2025-12-17 02:12:35,892 INFO [root] output: True
2025-12-17 02:12:35,892 INFO [root] [1] exit
2025-12-17 02:12:35,893 INFO [root] disperse msid: 0-0-2-B-AVSS, index: 0
2025-12-17 02:12:35,893 INFO [root] AVID retrieve called with sid: 0-0-2-B-AVID, index: 0
2025-12-17 02:12:35,893 INFO [root] [1] Received OK from [11]
2025-12-17 02:12:35,893 INFO [root] [1] OK set: {9, 11}
2025-12-17 02:12:35,893 INFO [root] output: True
2025-12-17 02:12:35,893 INFO [root] [1] otmvba msg value
2025-12-17 02:12:35,893 INFO [root] [1] otmvba handle value message
2025-12-17 02:12:35,893 INFO [root] [1] value-self.acss_outputs.keys():dict_keys([1, 2, 3])
2025-12-17 02:12:35,894 INFO [root] [1] --Directly send the proposal!--
2025-12-17 02:12:35,894 INFO [root] 0-0-2-B-AVSS 1 AVID retrieve msg from 8
2025-12-17 02:12:35,894 INFO [root] AVID retrieve response received
2025-12-17 02:12:35,894 INFO [root] retrieve msid: 0-0-2-B-AVID, response_index: 1
2025-12-17 02:12:35,894 INFO [root] RESPONSE from 8
2025-12-17 02:12:35,894 INFO [root] sender self.committee_size: 0
2025-12-17 02:12:35,894 INFO [root] 0-0-2-B-AVSS 1 RETRIEVE complete.
2025-12-17 02:12:35,894 INFO [root] after avid.retrieve dispersal_msg
2025-12-17 02:12:35,894 INFO [root] Handling dealer messages for dealer_id: 0, tag: 0-0-2-B-AVSS
2025-12-17 02:12:35,902 INFO [root] shares verified successfully
2025-12-17 02:12:35,903 INFO [root] all_shares_valid: True
2025-12-17 02:12:35,903 INFO [root] after _handle_dealer_msgs, all_shares_valid
2025-12-17 02:12:35,903 INFO [root] self.tagvars[tag]['all_shares_valid']: True
2025-12-17 02:12:35,903 INFO [root] multicast to 8
2025-12-17 02:12:35,903 INFO [root] multicast to 9
2025-12-17 02:12:35,903 INFO [root] multicast to 10
2025-12-17 02:12:35,903 INFO [root] multicast to 11
2025-12-17 02:12:35,903 INFO [root] [1] otmvba msg prevote
2025-12-17 02:12:35,903 INFO [root] [1] otmvba handle prevote message
2025-12-17 02:12:35,911 INFO [root] [1] Received OK from [9]
2025-12-17 02:12:35,911 INFO [root] [1] OK set: {9}
2025-12-17 02:12:35,911 INFO [root] output: True
2025-12-17 02:12:35,911 INFO [root] [1] Received OK from [11]
2025-12-17 02:12:35,911 INFO [root] [1] OK set: {9, 11}
2025-12-17 02:12:35,911 INFO [root] output: True
2025-12-17 02:12:35,911 INFO [root] [1] Received OK from [10]
2025-12-17 02:12:35,911 INFO [root] [1] OK set: {9, 10, 11}
2025-12-17 02:12:35,911 INFO [root] output: True
2025-12-17 02:12:35,911 INFO [root] [1] Received OK from [10]
2025-12-17 02:12:35,911 INFO [root] [1] OK set: {9, 10, 11}
2025-12-17 02:12:35,911 INFO [root] output: True
2025-12-17 02:12:35,911 INFO [root] [1] otmvba msg prevote
2025-12-17 02:12:35,911 INFO [root] [1] otmvba handle prevote message
2025-12-17 02:12:35,919 INFO [root] [1] otmvba msg prevote
2025-12-17 02:12:35,919 INFO [root] [1] otmvba handle prevote message
2025-12-17 02:12:35,934 INFO [root] [1] otmvba Broadcasting to 8
2025-12-17 02:12:35,934 INFO [root] [1] otmvba Broadcasting to 9
2025-12-17 02:12:35,934 INFO [root] [1] otmvba Broadcasting to 10
2025-12-17 02:12:35,935 INFO [root] [1] otmvba Broadcasting to 11
2025-12-17 02:12:35,935 INFO [root] [1] otmvba msg PrevoteQC
2025-12-17 02:12:35,935 INFO [root] [1] otmvba handle prevote qc message
2025-12-17 02:12:35,943 INFO [root] [1] Received OK from [8]
2025-12-17 02:12:35,943 INFO [root] [1] OK set: {8, 9, 10, 11}
2025-12-17 02:12:35,943 INFO [root] output: True
2025-12-17 02:12:35,943 INFO [root] [1] exit
2025-12-17 02:12:35,943 INFO [root] [1] Received OK from [8]
2025-12-17 02:12:35,943 INFO [root] [1] OK set: {8, 9, 10, 11}
2025-12-17 02:12:35,943 INFO [root] output: True
2025-12-17 02:12:35,943 INFO [root] [1] exit
2025-12-17 02:12:35,943 INFO [root] [1] otmvba msg prevote
2025-12-17 02:12:35,944 INFO [root] [1] otmvba handle prevote message
2025-12-17 02:12:35,951 INFO [root] [1] otmvba msg vote
2025-12-17 02:12:35,951 INFO [root] [1] otmvba handle vote message
2025-12-17 02:12:35,959 INFO [root] [1] otmvba msg vote
2025-12-17 02:12:35,959 INFO [root] [1] otmvba handle vote message
2025-12-17 02:12:35,967 INFO [root] [1] otmvba msg vote
2025-12-17 02:12:35,967 INFO [root] [1] otmvba handle vote message
2025-12-17 02:12:35,982 INFO [root] [1] otmvba Broadcasting to 8
2025-12-17 02:12:35,982 INFO [root] [1] otmvba Broadcasting to 9
2025-12-17 02:12:35,982 INFO [root] [1] otmvba Broadcasting to 10
2025-12-17 02:12:35,982 INFO [root] [1] otmvba Broadcasting to 11
2025-12-17 02:12:35,982 INFO [root] [1] otmvba msg vote
2025-12-17 02:12:35,982 INFO [root] [1] otmvba handle vote message
2025-12-17 02:12:35,990 INFO [root] [1] otmvba msg VoteQC
2025-12-17 02:12:35,990 INFO [root] [1] otmvba handle vote qc message
2025-12-17 02:12:35,997 INFO [root] [1] otmvba Broadcasting to 8
2025-12-17 02:12:35,997 INFO [root] [1] otmvba Broadcasting to 9
2025-12-17 02:12:35,997 INFO [root] [1] otmvba Broadcasting to 10
2025-12-17 02:12:35,997 INFO [root] [1] otmvba Broadcasting to 11
2025-12-17 02:12:35,998 INFO [root] [1] otmvba msg Terminate
2025-12-17 02:12:35,998 INFO [root] [1] otmvba handle terminate message
2025-12-17 02:12:36,005 INFO [root] [1] otmvba Broadcasting to 8
2025-12-17 02:12:36,005 INFO [root] [1] otmvba Broadcasting to 9
2025-12-17 02:12:36,005 INFO [root] [1] otmvba Broadcasting to 10
2025-12-17 02:12:36,005 INFO [root] [1] otmvba Broadcasting to 11
2025-12-17 02:12:36,005 INFO [beaver.transfer] [1] [random shares] The ACS set is [1, 2, 3]
2025-12-17 02:12:36,005 INFO [root] common: [1, 2, 3]
2025-12-17 02:12:36,028 INFO [beaver.transfer] [1] [asynchronous dynamic transfer] Finished! Node 1, total number: 50, time: 1.406644582748413 (seconds)
2025-12-17 02:12:36,028 INFO [root] layer ID: 2 trans_foll_time: 1.4076759815216064
2025-12-17 02:12:36,028 INFO [beaver.batch_multiplication] [1] Starting BatchMultiplication
2025-12-17 02:12:36,028 INFO [beaver.batch_multiplication] [1] Starting ACSS to evaluate 50 multiplication gates
2025-12-17 02:12:36,029 INFO [root] [1] Starting Batch AVSS. Id: 0, Dealer Id: 0, Client Mode: False
2025-12-17 02:12:36,029 INFO [root] [1] AVSS tag: 0-0-2-B-AVSS
2025-12-17 02:12:36,029 INFO [root] [1] RBC tag: 0-0-2-B-RBC
2025-12-17 02:12:36,029 INFO [root] [1] Starting AVSS with shares_num: 50, dealer_id: 0, client_mode: False
2025-12-17 02:12:36,029 INFO [root] rbc_list: [4, 8, 9, 10, 11]
2025-12-17 02:12:36,029 INFO [root] committee_size: 4
2025-12-17 02:12:36,029 INFO [root] n: 5
2025-12-17 02:12:36,029 INFO [root] f: 1
2025-12-17 02:12:36,029 INFO [root] pid: 2
2025-12-17 02:12:36,029 INFO [root] leader: 0
2025-12-17 02:12:36,029 INFO [root] [2] Received VAL message from 4
2025-12-17 02:12:36,029 INFO [root] entering n == commitee_size + 1
2025-12-17 02:12:36,029 INFO [root] [2] sender: 4, leader: 0
2025-12-17 02:12:36,029 INFO [root] [2] Successfully validated VAL message
2025-12-17 02:12:36,029 INFO [root] [2] Broadcasted ECHO message for roothash b'\xb8|\x13\xea:\xf0\xb4j\xa0\xd3\x96\xd5\xd6\xc7\xac-&\x82\xc5\x90c\xd0\x9a\xb2pf\xc0\xae:]w\xb3'
2025-12-17 02:12:36,029 INFO [root] broadcast Sending to 1: 8
2025-12-17 02:12:36,029 INFO [root] broadcast Sending to 2: 9
2025-12-17 02:12:36,029 INFO [root] broadcast Sending to 3: 10
2025-12-17 02:12:36,029 INFO [root] broadcast Sending to 4: 11
2025-12-17 02:12:36,029 INFO [root] [1] Starting Batch AVSS. Id: 0, Dealer Id: 1, Client Mode: False
2025-12-17 02:12:36,029 INFO [root] [1] AVSS tag: 1-0-2-B-AVSS
2025-12-17 02:12:36,029 INFO [root] [1] RBC tag: 1-0-2-B-RBC
2025-12-17 02:12:36,030 INFO [root] [1] Starting AVSS with shares_num: 50, dealer_id: 1, client_mode: False
2025-12-17 02:12:36,030 INFO [root] rbc_list: [5, 8, 9, 10, 11]
2025-12-17 02:12:36,030 INFO [root] committee_size: 4
2025-12-17 02:12:36,030 INFO [root] n: 5
2025-12-17 02:12:36,030 INFO [root] f: 1
2025-12-17 02:12:36,030 INFO [root] pid: 2
2025-12-17 02:12:36,030 INFO [root] leader: 1
2025-12-17 02:12:36,030 INFO [root] [2] Received VAL message from 5
2025-12-17 02:12:36,030 INFO [root] entering n == commitee_size + 1
2025-12-17 02:12:36,030 INFO [root] [2] sender: 5, leader: 1
2025-12-17 02:12:36,030 INFO [root] [2] Successfully validated VAL message
2025-12-17 02:12:36,030 INFO [root] [2] Broadcasted ECHO message for roothash b'o2\xf8\xab\x9f4\xaf\xc2~\x04\xea\x9f\\5R\x1a\t`\xdb\x1b\xac\xa6\x82\x1ee\xa0sF|\x0b\xd0\x0b'
2025-12-17 02:12:36,030 INFO [root] broadcast Sending to 1: 8
2025-12-17 02:12:36,030 INFO [root] broadcast Sending to 2: 9
2025-12-17 02:12:36,030 INFO [root] broadcast Sending to 3: 10
2025-12-17 02:12:36,030 INFO [root] broadcast Sending to 4: 11
2025-12-17 02:12:36,030 INFO [root] [1] Starting Batch AVSS. Id: 0, Dealer Id: 2, Client Mode: False
2025-12-17 02:12:36,030 INFO [root] [1] AVSS tag: 2-0-2-B-AVSS
2025-12-17 02:12:36,030 INFO [root] [1] RBC tag: 2-0-2-B-RBC
2025-12-17 02:12:36,030 INFO [root] [1] Starting AVSS with shares_num: 50, dealer_id: 2, client_mode: False
2025-12-17 02:12:36,030 INFO [root] rbc_list: [6, 8, 9, 10, 11]
2025-12-17 02:12:36,030 INFO [root] committee_size: 4
2025-12-17 02:12:36,030 INFO [root] n: 5
2025-12-17 02:12:36,030 INFO [root] f: 1
2025-12-17 02:12:36,030 INFO [root] pid: 1
2025-12-17 02:12:36,030 INFO [root] leader: 2
2025-12-17 02:12:36,030 INFO [root] [1] Received VAL message from 6
2025-12-17 02:12:36,030 INFO [root] entering n == commitee_size + 1
2025-12-17 02:12:36,031 INFO [root] [1] sender: 6, leader: 2
2025-12-17 02:12:36,031 INFO [root] [1] Successfully validated VAL message
2025-12-17 02:12:36,031 INFO [root] [1] Broadcasted ECHO message for roothash b'I9\xca\xfd\xab|cTL<Z\x1d\xbc\x99\xf2U\xecQ\x99\xd2\xd1\xbd\x14\xd1B7\xa9\xe4+\x03B\xa5'
2025-12-17 02:12:36,031 INFO [root] broadcast Sending to 1: 8
2025-12-17 02:12:36,031 INFO [root] broadcast Sending to 2: 9
2025-12-17 02:12:36,031 INFO [root] broadcast Sending to 3: 10
2025-12-17 02:12:36,031 INFO [root] broadcast Sending to 4: 11
2025-12-17 02:12:36,031 INFO [root] [1] Starting Batch AVSS. Id: 0, Dealer Id: 3, Client Mode: False
2025-12-17 02:12:36,031 INFO [root] [1] AVSS tag: 3-0-2-B-AVSS
2025-12-17 02:12:36,031 INFO [root] [1] RBC tag: 3-0-2-B-RBC
2025-12-17 02:12:36,031 INFO [root] [1] Starting AVSS with shares_num: 50, dealer_id: 3, client_mode: False
2025-12-17 02:12:36,031 INFO [root] rbc_list: [7, 8, 9, 10, 11]
2025-12-17 02:12:36,031 INFO [root] committee_size: 4
2025-12-17 02:12:36,031 INFO [root] n: 5
2025-12-17 02:12:36,031 INFO [root] f: 1
2025-12-17 02:12:36,031 INFO [root] pid: 1
2025-12-17 02:12:36,031 INFO [root] leader: 3
2025-12-17 02:12:36,031 INFO [root] [1] Received VAL message from 7
2025-12-17 02:12:36,031 INFO [root] entering n == commitee_size + 1
2025-12-17 02:12:36,031 INFO [root] [1] sender: 7, leader: 3
2025-12-17 02:12:36,031 INFO [root] [1] Successfully validated VAL message
2025-12-17 02:12:36,031 INFO [root] [1] Broadcasted ECHO message for roothash b'\x9e\xd1\xc9\xe2>\xfeFbv\x9d\x99/K\x92H6\xd6\xd8\xba\xae\xdb\xc6\x8e\x9af\xeb\xb0hu`\xe6\xca'
2025-12-17 02:12:36,031 INFO [root] broadcast Sending to 1: 8
2025-12-17 02:12:36,031 INFO [root] broadcast Sending to 2: 9
2025-12-17 02:12:36,031 INFO [root] broadcast Sending to 3: 10
2025-12-17 02:12:36,031 INFO [root] broadcast Sending to 4: 11
2025-12-17 02:12:36,032 INFO [root] [2] Received ECHO message from 9
2025-12-17 02:12:36,032 INFO [root] [2] Received ECHO message from 9
2025-12-17 02:12:36,032 INFO [root] [1] Received ECHO message from 9
2025-12-17 02:12:36,032 INFO [root] [1] Received ECHO message from 9
2025-12-17 02:12:36,033 INFO [root] [2] Received ECHO message from 8
2025-12-17 02:12:36,033 INFO [root] [2] Received ECHO message from 11
2025-12-17 02:12:36,033 INFO [root] [2] Broadcasted READY message for roothash b'\xb8|\x13\xea:\xf0\xb4j\xa0\xd3\x96\xd5\xd6\xc7\xac-&\x82\xc5\x90c\xd0\x9a\xb2pf\xc0\xae:]w\xb3'
2025-12-17 02:12:36,033 INFO [root] broadcast Sending to 1: 8
2025-12-17 02:12:36,034 INFO [root] broadcast Sending to 2: 9
2025-12-17 02:12:36,034 INFO [root] broadcast Sending to 3: 10
2025-12-17 02:12:36,034 INFO [root] broadcast Sending to 4: 11
2025-12-17 02:12:36,034 INFO [root] [2] Received ECHO message from 8
2025-12-17 02:12:36,034 INFO [root] [2] Received ECHO message from 11
2025-12-17 02:12:36,034 INFO [root] [2] Broadcasted READY message for roothash b'o2\xf8\xab\x9f4\xaf\xc2~\x04\xea\x9f\\5R\x1a\t`\xdb\x1b\xac\xa6\x82\x1ee\xa0sF|\x0b\xd0\x0b'
2025-12-17 02:12:36,034 INFO [root] broadcast Sending to 1: 8
2025-12-17 02:12:36,034 INFO [root] broadcast Sending to 2: 9
2025-12-17 02:12:36,034 INFO [root] broadcast Sending to 3: 10
2025-12-17 02:12:36,034 INFO [root] broadcast Sending to 4: 11
2025-12-17 02:12:36,034 INFO [root] [1] Received ECHO message from 8
2025-12-17 02:12:36,034 INFO [root] [1] Received ECHO message from 11
2025-12-17 02:12:36,034 INFO [root] [1] Broadcasted READY message for roothash b'I9\xca\xfd\xab|cTL<Z\x1d\xbc\x99\xf2U\xecQ\x99\xd2\xd1\xbd\x14\xd1B7\xa9\xe4+\x03B\xa5'
2025-12-17 02:12:36,034 INFO [root] broadcast Sending to 1: 8
2025-12-17 02:12:36,034 INFO [root] broadcast Sending to 2: 9
2025-12-17 02:12:36,034 INFO [root] broadcast Sending to 3: 10
2025-12-17 02:12:36,034 INFO [root] broadcast Sending to 4: 11
2025-12-17 02:12:36,034 INFO [root] [1] Received ECHO message from 8
2025-12-17 02:12:36,034 INFO [root] [1] Received ECHO message from 11
2025-12-17 02:12:36,034 INFO [root] [1] Broadcasted READY message for roothash b'\x9e\xd1\xc9\xe2>\xfeFbv\x9d\x99/K\x92H6\xd6\xd8\xba\xae\xdb\xc6\x8e\x9af\xeb\xb0hu`\xe6\xca'
2025-12-17 02:12:36,034 INFO [root] broadcast Sending to 1: 8
2025-12-17 02:12:36,034 INFO [root] broadcast Sending to 2: 9
2025-12-17 02:12:36,034 INFO [root] broadcast Sending to 3: 10
2025-12-17 02:12:36,034 INFO [root] broadcast Sending to 4: 11
2025-12-17 02:12:36,035 INFO [root] [2] Received READY message from 9
2025-12-17 02:12:36,035 INFO [root] [2] Received READY message from 9
2025-12-17 02:12:36,035 INFO [root] [1] Received READY message from 9
2025-12-17 02:12:36,035 INFO [root] [1] Received READY message from 9
2025-12-17 02:12:36,035 INFO [root] [2] Received ECHO message from 10
2025-12-17 02:12:36,035 INFO [root] [2] Received READY message from 11
2025-12-17 02:12:36,035 INFO [root] [2] Received ECHO message from 10
2025-12-17 02:12:36,035 INFO [root] [1] Received ECHO message from 10
2025-12-17 02:12:36,035 INFO [root] [1] Received ECHO message from 10
2025-12-17 02:12:36,036 INFO [root] [2] Received READY message from 11
2025-12-17 02:12:36,036 INFO [root] [2] Received READY message from 8
2025-12-17 02:12:36,036 INFO [root] Decoding output for roothash: b'o2\xf8\xab\x9f4\xaf\xc2~\x04\xea\x9f\\5R\x1a\t`\xdb\x1b\xac\xa6\x82\x1ee\xa0sF|\x0b\xd0\x0b'
2025-12-17 02:12:36,036 INFO [root] [1] Received RBC message
2025-12-17 02:12:36,036 INFO [root] multicast list: [8, 9, 10, 11]
2025-12-17 02:12:36,036 INFO [root] before avid.retrieve
2025-12-17 02:12:36,036 INFO [root] [2] Received READY message from 8
2025-12-17 02:12:36,036 INFO [root] Decoding output for roothash: b'\xb8|\x13\xea:\xf0\xb4j\xa0\xd3\x96\xd5\xd6\xc7\xac-&\x82\xc5\x90c\xd0\x9a\xb2pf\xc0\xae:]w\xb3'
2025-12-17 02:12:36,036 INFO [root] [1] Received RBC message
2025-12-17 02:12:36,036 INFO [root] multicast list: [8, 9, 10, 11]
2025-12-17 02:12:36,036 INFO [root] before avid.retrieve
2025-12-17 02:12:36,036 INFO [root] [1] Received READY message from 11
2025-12-17 02:12:36,037 INFO [root] [1] Received READY message from 8
2025-12-17 02:12:36,037 INFO [root] Decoding output for roothash: b'I9\xca\xfd\xab|cTL<Z\x1d\xbc\x99\xf2U\xecQ\x99\xd2\xd1\xbd\x14\xd1B7\xa9\xe4+\x03B\xa5'
2025-12-17 02:12:36,037 INFO [root] [1] Received RBC message
2025-12-17 02:12:36,037 INFO [root] multicast list: [8, 9, 10, 11]
2025-12-17 02:12:36,037 INFO [root] before avid.retrieve
2025-12-17 02:12:36,037 INFO [root] [1] Received READY message from 11
2025-12-17 02:12:36,037 INFO [root] [1] Received READY message from 8
2025-12-17 02:12:36,037 INFO [root] Decoding output for roothash: b'\x9e\xd1\xc9\xe2>\xfeFbv\x9d\x99/K\x92H6\xd6\xd8\xba\xae\xdb\xc6\x8e\x9af\xeb\xb0hu`\xe6\xca'
2025-12-17 02:12:36,037 INFO [root] [1] Received RBC message
2025-12-17 02:12:36,037 INFO [root] multicast list: [8, 9, 10, 11]
2025-12-17 02:12:36,037 INFO [root] before avid.retrieve
2025-12-17 02:12:36,038 INFO [root] AVID broadcast to 1: 8
2025-12-17 02:12:36,038 INFO [root] AVID broadcast to 2: 9
2025-12-17 02:12:36,038 INFO [root] AVID broadcast to 3: 10
2025-12-17 02:12:36,038 INFO [root] AVID broadcast to 4: 11
2025-12-17 02:12:36,038 INFO [root] AVID broadcast to 1: 8
2025-12-17 02:12:36,038 INFO [root] AVID broadcast to 2: 9
2025-12-17 02:12:36,038 INFO [root] AVID broadcast to 3: 10
2025-12-17 02:12:36,038 INFO [root] AVID broadcast to 4: 11
2025-12-17 02:12:36,038 INFO [root] AVID broadcast to 1: 8
2025-12-17 02:12:36,038 INFO [root] AVID broadcast to 2: 9
2025-12-17 02:12:36,038 INFO [root] AVID broadcast to 3: 10
2025-12-17 02:12:36,039 INFO [root] AVID broadcast to 4: 11
2025-12-17 02:12:36,039 INFO [root] AVID broadcast to 1: 8
2025-12-17 02:12:36,039 INFO [root] AVID broadcast to 2: 9
2025-12-17 02:12:36,039 INFO [root] AVID broadcast to 3: 10
2025-12-17 02:12:36,039 INFO [root] AVID broadcast to 4: 11
2025-12-17 02:12:36,040 INFO [root] AVID broadcast to 1: 8
2025-12-17 02:12:36,040 INFO [root] AVID broadcast to 2: 9
2025-12-17 02:12:36,040 INFO [root] AVID broadcast to 3: 10
2025-12-17 02:12:36,040 INFO [root] AVID broadcast to 4: 11
2025-12-17 02:12:36,040 INFO [root] AVID broadcast to 1: 8
2025-12-17 02:12:36,040 INFO [root] AVID broadcast to 2: 9
2025-12-17 02:12:36,040 INFO [root] AVID broadcast to 3: 10
2025-12-17 02:12:36,040 INFO [root] AVID broadcast to 4: 11
2025-12-17 02:12:36,040 INFO [root] AVID broadcast to 1: 8
2025-12-17 02:12:36,040 INFO [root] AVID broadcast to 2: 9
2025-12-17 02:12:36,040 INFO [root] AVID broadcast to 3: 10
2025-12-17 02:12:36,040 INFO [root] AVID broadcast to 4: 11
2025-12-17 02:12:36,040 INFO [root] AVID broadcast to 1: 8
2025-12-17 02:12:36,040 INFO [root] AVID broadcast to 2: 9
2025-12-17 02:12:36,040 INFO [root] AVID broadcast to 3: 10
2025-12-17 02:12:36,040 INFO [root] AVID broadcast to 4: 11
2025-12-17 02:12:36,041 INFO [root] 1-0-2-B-AVSS 1 RETRIEVE called.
2025-12-17 02:12:36,041 INFO [root] AVID broadcast to 1: 8
2025-12-17 02:12:36,041 INFO [root] AVID broadcast to 2: 9
2025-12-17 02:12:36,041 INFO [root] AVID broadcast to 3: 10
2025-12-17 02:12:36,041 INFO [root] AVID broadcast to 4: 11
2025-12-17 02:12:36,041 INFO [root] 1-0-2-B-AVSS 1 RETRIEVE broadcasted.
2025-12-17 02:12:36,042 INFO [root] disperse msid: 1-0-2-B-AVSS, index: 1
2025-12-17 02:12:36,042 INFO [root] AVID retrieve called with sid: 1-0-2-B-AVID, index: 1
2025-12-17 02:12:36,042 INFO [root] 0-0-2-B-AVSS 1 RETRIEVE called.
2025-12-17 02:12:36,042 INFO [root] AVID broadcast to 1: 8
2025-12-17 02:12:36,042 INFO [root] AVID broadcast to 2: 9
2025-12-17 02:12:36,042 INFO [root] AVID broadcast to 3: 10
2025-12-17 02:12:36,042 INFO [root] AVID broadcast to 4: 11
2025-12-17 02:12:36,042 INFO [root] 0-0-2-B-AVSS 1 RETRIEVE broadcasted.
2025-12-17 02:12:36,042 INFO [root] 2-0-2-B-AVSS 1 RETRIEVE called.
2025-12-17 02:12:36,042 INFO [root] AVID broadcast to 1: 8
2025-12-17 02:12:36,042 INFO [root] AVID broadcast to 2: 9
2025-12-17 02:12:36,042 INFO [root] AVID broadcast to 3: 10
2025-12-17 02:12:36,042 INFO [root] AVID broadcast to 4: 11
2025-12-17 02:12:36,043 INFO [root] 2-0-2-B-AVSS 1 RETRIEVE broadcasted.
2025-12-17 02:12:36,043 INFO [root] 3-0-2-B-AVSS 1 RETRIEVE called.
2025-12-17 02:12:36,043 INFO [root] AVID broadcast to 1: 8
2025-12-17 02:12:36,043 INFO [root] AVID broadcast to 2: 9
2025-12-17 02:12:36,043 INFO [root] AVID broadcast to 3: 10
2025-12-17 02:12:36,043 INFO [root] AVID broadcast to 4: 11
2025-12-17 02:12:36,043 INFO [root] 3-0-2-B-AVSS 1 RETRIEVE broadcasted.
2025-12-17 02:12:36,043 INFO [root] disperse msid: 1-0-2-B-AVSS, index: 3
2025-12-17 02:12:36,043 INFO [root] AVID retrieve called with sid: 1-0-2-B-AVID, index: 3
2025-12-17 02:12:36,043 INFO [root] 1-0-2-B-AVSS 1 AVID retrieve msg from 9
2025-12-17 02:12:36,043 INFO [root] AVID retrieve response received
2025-12-17 02:12:36,043 INFO [root] retrieve msid: 1-0-2-B-AVID, response_index: 1
2025-12-17 02:12:36,043 INFO [root] RESPONSE from 9
2025-12-17 02:12:36,043 INFO [root] sender self.committee_size: 1
2025-12-17 02:12:36,043 INFO [root] disperse msid: 0-0-2-B-AVSS, index: 1
2025-12-17 02:12:36,043 INFO [root] AVID retrieve called with sid: 0-0-2-B-AVID, index: 1
2025-12-17 02:12:36,044 INFO [root] disperse msid: 2-0-2-B-AVSS, index: 1
2025-12-17 02:12:36,044 INFO [root] AVID retrieve called with sid: 2-0-2-B-AVID, index: 1
2025-12-17 02:12:36,044 INFO [root] disperse msid: 3-0-2-B-AVSS, index: 1
2025-12-17 02:12:36,044 INFO [root] AVID retrieve called with sid: 3-0-2-B-AVID, index: 1
2025-12-17 02:12:36,044 INFO [root] disperse msid: 0-0-2-B-AVSS, index: 0
2025-12-17 02:12:36,044 INFO [root] AVID retrieve called with sid: 0-0-2-B-AVID, index: 0
2025-12-17 02:12:36,044 INFO [root] disperse msid: 0-0-2-B-AVSS, index: 2
2025-12-17 02:12:36,044 INFO [root] AVID retrieve called with sid: 0-0-2-B-AVID, index: 2
2025-12-17 02:12:36,044 INFO [root] disperse msid: 0-0-2-B-AVSS, index: 3
2025-12-17 02:12:36,044 INFO [root] AVID retrieve called with sid: 0-0-2-B-AVID, index: 3
2025-12-17 02:12:36,044 INFO [root] disperse msid: 2-0-2-B-AVSS, index: 2
2025-12-17 02:12:36,044 INFO [root] AVID retrieve called with sid: 2-0-2-B-AVID, index: 2
2025-12-17 02:12:36,044 INFO [root] disperse msid: 2-0-2-B-AVSS, index: 0
2025-12-17 02:12:36,045 INFO [root] AVID retrieve called with sid: 2-0-2-B-AVID, index: 0
2025-12-17 02:12:36,045 INFO [root] disperse msid: 2-0-2-B-AVSS, index: 3
2025-12-17 02:12:36,045 INFO [root] AVID retrieve called with sid: 2-0-2-B-AVID, index: 3
2025-12-17 02:12:36,045 INFO [root] disperse msid: 3-0-2-B-AVSS, index: 2
2025-12-17 02:12:36,045 INFO [root] AVID retrieve called with sid: 3-0-2-B-AVID, index: 2
2025-12-17 02:12:36,045 INFO [root] disperse msid: 3-0-2-B-AVSS, index: 0
2025-12-17 02:12:36,045 INFO [root] AVID retrieve called with sid: 3-0-2-B-AVID, index: 0
2025-12-17 02:12:36,045 INFO [root] disperse msid: 3-0-2-B-AVSS, index: 3
2025-12-17 02:12:36,045 INFO [root] AVID retrieve called with sid: 3-0-2-B-AVID, index: 3
2025-12-17 02:12:36,045 INFO [root] disperse msid: 1-0-2-B-AVSS, index: 2
2025-12-17 02:12:36,045 INFO [root] AVID retrieve called with sid: 1-0-2-B-AVID, index: 2
2025-12-17 02:12:36,045 INFO [root] disperse msid: 1-0-2-B-AVSS, index: 0
2025-12-17 02:12:36,045 INFO [root] AVID retrieve called with sid: 1-0-2-B-AVID, index: 0
2025-12-17 02:12:36,045 INFO [root] 0-0-2-B-AVSS 1 AVID retrieve msg from 9
2025-12-17 02:12:36,045 INFO [root] AVID retrieve response received
2025-12-17 02:12:36,045 INFO [root] retrieve msid: 0-0-2-B-AVID, response_index: 1
2025-12-17 02:12:36,045 INFO [root] RESPONSE from 9
2025-12-17 02:12:36,045 INFO [root] sender self.committee_size: 1
2025-12-17 02:12:36,046 INFO [root] 2-0-2-B-AVSS 1 AVID retrieve msg from 9
2025-12-17 02:12:36,046 INFO [root] AVID retrieve response received
2025-12-17 02:12:36,046 INFO [root] retrieve msid: 2-0-2-B-AVID, response_index: 1
2025-12-17 02:12:36,046 INFO [root] RESPONSE from 9
2025-12-17 02:12:36,046 INFO [root] sender self.committee_size: 1
2025-12-17 02:12:36,046 INFO [root] 3-0-2-B-AVSS 1 AVID retrieve msg from 9
2025-12-17 02:12:36,046 INFO [root] AVID retrieve response received
2025-12-17 02:12:36,046 INFO [root] retrieve msid: 3-0-2-B-AVID, response_index: 1
2025-12-17 02:12:36,046 INFO [root] RESPONSE from 9
2025-12-17 02:12:36,046 INFO [root] sender self.committee_size: 1
2025-12-17 02:12:36,046 INFO [root] 1-0-2-B-AVSS 1 AVID retrieve msg from 11
2025-12-17 02:12:36,046 INFO [root] AVID retrieve response received
2025-12-17 02:12:36,046 INFO [root] retrieve msid: 1-0-2-B-AVID, response_index: 1
2025-12-17 02:12:36,046 INFO [root] RESPONSE from 11
2025-12-17 02:12:36,046 INFO [root] sender self.committee_size: 3
2025-12-17 02:12:36,047 INFO [root] 1-0-2-B-AVSS 1 RETRIEVE complete.
2025-12-17 02:12:36,047 INFO [root] after avid.retrieve dispersal_msg
2025-12-17 02:12:36,047 INFO [root] Handling dealer messages for dealer_id: 1, tag: 1-0-2-B-AVSS
num_generators 50
padded_num_generators 64
2025-12-17 02:12:36,047 INFO [beaver.hbacss] [PedersenCommit] invoking pyPedersenCommit...
2025-12-17 02:12:36,094 INFO [beaver.hbacss] verifier_result_json: {"verified":true}
2025-12-17 02:12:36,099 INFO [root] inner product verified successfully
2025-12-17 02:12:36,109 INFO [root] shares verified successfully
2025-12-17 02:12:36,109 INFO [root] all_shares_valid: True
2025-12-17 02:12:36,109 INFO [root] after _handle_dealer_msgs, all_shares_valid
2025-12-17 02:12:36,109 INFO [root] self.tagvars[tag]['all_shares_valid']: True
2025-12-17 02:12:36,109 INFO [root] multicast to 8
2025-12-17 02:12:36,109 INFO [root] multicast to 9
2025-12-17 02:12:36,109 INFO [root] multicast to 10
2025-12-17 02:12:36,109 INFO [root] multicast to 11
2025-12-17 02:12:36,110 INFO [root] [1] Received OK from [9]
2025-12-17 02:12:36,110 INFO [root] [1] OK set: {9}
2025-12-17 02:12:36,110 INFO [root] output: True
2025-12-17 02:12:36,110 INFO [root] [1] Received OK from [11]
2025-12-17 02:12:36,110 INFO [root] [1] OK set: {9, 11}
2025-12-17 02:12:36,110 INFO [root] output: True
2025-12-17 02:12:36,111 INFO [root] 0-0-2-B-AVSS 1 AVID retrieve msg from 11
2025-12-17 02:12:36,111 INFO [root] AVID retrieve response received
2025-12-17 02:12:36,111 INFO [root] retrieve msid: 0-0-2-B-AVID, response_index: 1
2025-12-17 02:12:36,111 INFO [root] RESPONSE from 11
2025-12-17 02:12:36,111 INFO [root] sender self.committee_size: 3
2025-12-17 02:12:36,111 INFO [root] 0-0-2-B-AVSS 1 RETRIEVE complete.
2025-12-17 02:12:36,111 INFO [root] after avid.retrieve dispersal_msg
2025-12-17 02:12:36,111 INFO [root] Handling dealer messages for dealer_id: 0, tag: 0-0-2-B-AVSS
2025-12-17 02:12:36,112 INFO [beaver.hbacss] [PedersenCommit] invoking pyPedersenCommit...
num_generators 50
padded_num_generators 64
2025-12-17 02:12:36,158 INFO [beaver.hbacss] verifier_result_json: {"verified":true}
2025-12-17 02:12:36,162 INFO [root] inner product verified successfully
2025-12-17 02:12:36,173 INFO [root] shares verified successfully
2025-12-17 02:12:36,173 INFO [root] all_shares_valid: True
2025-12-17 02:12:36,173 INFO [root] after _handle_dealer_msgs, all_shares_valid
2025-12-17 02:12:36,173 INFO [root] self.tagvars[tag]['all_shares_valid']: True
2025-12-17 02:12:36,173 INFO [root] multicast to 8
2025-12-17 02:12:36,173 INFO [root] multicast to 9
2025-12-17 02:12:36,173 INFO [root] multicast to 10
2025-12-17 02:12:36,173 INFO [root] multicast to 11
2025-12-17 02:12:36,173 INFO [root] 2-0-2-B-AVSS 1 AVID retrieve msg from 11
2025-12-17 02:12:36,173 INFO [root] AVID retrieve response received
2025-12-17 02:12:36,173 INFO [root] retrieve msid: 2-0-2-B-AVID, response_index: 1
2025-12-17 02:12:36,174 INFO [root] RESPONSE from 11
2025-12-17 02:12:36,174 INFO [root] sender self.committee_size: 3
2025-12-17 02:12:36,174 INFO [root] 2-0-2-B-AVSS 1 RETRIEVE complete.
2025-12-17 02:12:36,174 INFO [root] after avid.retrieve dispersal_msg
2025-12-17 02:12:36,174 INFO [root] Handling dealer messages for dealer_id: 2, tag: 2-0-2-B-AVSS
2025-12-17 02:12:36,175 INFO [beaver.hbacss] [PedersenCommit] invoking pyPedersenCommit...
num_generators 50
padded_num_generators 64
2025-12-17 02:12:36,221 INFO [beaver.hbacss] verifier_result_json: {"verified":true}
2025-12-17 02:12:36,225 INFO [root] inner product verified successfully
2025-12-17 02:12:36,235 INFO [root] shares verified successfully
2025-12-17 02:12:36,235 INFO [root] all_shares_valid: True
2025-12-17 02:12:36,236 INFO [root] after _handle_dealer_msgs, all_shares_valid
2025-12-17 02:12:36,236 INFO [root] self.tagvars[tag]['all_shares_valid']: True
2025-12-17 02:12:36,236 INFO [root] multicast to 8
2025-12-17 02:12:36,236 INFO [root] multicast to 9
2025-12-17 02:12:36,236 INFO [root] multicast to 10
2025-12-17 02:12:36,236 INFO [root] multicast to 11
2025-12-17 02:12:36,236 INFO [root] 3-0-2-B-AVSS 1 AVID retrieve msg from 11
2025-12-17 02:12:36,236 INFO [root] AVID retrieve response received
2025-12-17 02:12:36,236 INFO [root] retrieve msid: 3-0-2-B-AVID, response_index: 1
2025-12-17 02:12:36,236 INFO [root] RESPONSE from 11
2025-12-17 02:12:36,236 INFO [root] sender self.committee_size: 3
2025-12-17 02:12:36,236 INFO [root] 3-0-2-B-AVSS 1 RETRIEVE complete.
2025-12-17 02:12:36,236 INFO [root] after avid.retrieve dispersal_msg
2025-12-17 02:12:36,236 INFO [root] Handling dealer messages for dealer_id: 3, tag: 3-0-2-B-AVSS
2025-12-17 02:12:36,237 INFO [beaver.hbacss] [PedersenCommit] invoking pyPedersenCommit...
num_generators 50
padded_num_generators 64
2025-12-17 02:12:36,283 INFO [beaver.hbacss] verifier_result_json: {"verified":true}
2025-12-17 02:12:36,287 INFO [root] inner product verified successfully
2025-12-17 02:12:36,298 INFO [root] shares verified successfully
2025-12-17 02:12:36,298 INFO [root] all_shares_valid: True
2025-12-17 02:12:36,298 INFO [root] after _handle_dealer_msgs, all_shares_valid
2025-12-17 02:12:36,298 INFO [root] self.tagvars[tag]['all_shares_valid']: True
2025-12-17 02:12:36,298 INFO [root] multicast to 8
2025-12-17 02:12:36,298 INFO [root] multicast to 9
2025-12-17 02:12:36,298 INFO [root] multicast to 10
2025-12-17 02:12:36,298 INFO [root] multicast to 11
2025-12-17 02:12:36,299 INFO [root] key_proposal: [1, 0, 2, 3]
2025-12-17 02:12:36,299 INFO [beaver.batch_multiplication] [1] [random shares] Starting ACS where node 1 is set as leader 
2025-12-17 02:12:36,299 INFO [beaver.batch_multiplication] [1] [random shares] The proposal of node 1 is [1, 0, 2, 3]
2025-12-17 02:12:36,299 INFO [root] enter handle_message
2025-12-17 02:12:36,299 INFO [root] [1] I am the leader, broadcasting my input
2025-12-17 02:12:36,299 INFO [root] [1] otmvba Broadcasting to 8
2025-12-17 02:12:36,299 INFO [root] [1] otmvba Broadcasting to 9
2025-12-17 02:12:36,299 INFO [root] [1] otmvba Broadcasting to 10
2025-12-17 02:12:36,299 INFO [root] [1] otmvba Broadcasting to 11
2025-12-17 02:12:36,300 INFO [root] [1] Received OK from [9]
2025-12-17 02:12:36,300 INFO [root] [1] OK set: {9}
2025-12-17 02:12:36,300 INFO [root] output: True
2025-12-17 02:12:36,300 INFO [root] [1] Received OK from [8]
2025-12-17 02:12:36,300 INFO [root] [1] OK set: {8, 9}
2025-12-17 02:12:36,300 INFO [root] output: True
2025-12-17 02:12:36,300 INFO [root] [1] Received OK from [11]
2025-12-17 02:12:36,300 INFO [root] [1] OK set: {8, 9, 11}
2025-12-17 02:12:36,300 INFO [root] output: True
2025-12-17 02:12:36,300 INFO [root] [1] Received OK from [10]
2025-12-17 02:12:36,300 INFO [root] [1] OK set: {8, 9, 10, 11}
2025-12-17 02:12:36,300 INFO [root] output: True
2025-12-17 02:12:36,300 INFO [root] [1] exit
2025-12-17 02:12:36,300 INFO [root] [1] Received OK from [9]
2025-12-17 02:12:36,300 INFO [root] [1] OK set: {9}
2025-12-17 02:12:36,300 INFO [root] output: True
2025-12-17 02:12:36,300 INFO [root] [1] Received OK from [11]
2025-12-17 02:12:36,300 INFO [root] [1] OK set: {9, 11}
2025-12-17 02:12:36,300 INFO [root] output: True
2025-12-17 02:12:36,300 INFO [root] [1] Received OK from [9]
2025-12-17 02:12:36,300 INFO [root] [1] OK set: {9}
2025-12-17 02:12:36,300 INFO [root] output: True
2025-12-17 02:12:36,300 INFO [root] [1] Received OK from [11]
2025-12-17 02:12:36,300 INFO [root] [1] OK set: {9, 11}
2025-12-17 02:12:36,300 INFO [root] output: True
2025-12-17 02:12:36,300 INFO [root] [1] Received OK from [10]
2025-12-17 02:12:36,300 INFO [root] [1] OK set: {9, 10, 11}
2025-12-17 02:12:36,300 INFO [root] output: True
2025-12-17 02:12:36,301 INFO [root] [1] otmvba msg value
2025-12-17 02:12:36,301 INFO [root] [1] otmvba handle value message
2025-12-17 02:12:36,301 INFO [root] [1] value-self.acss_outputs.keys():dict_keys([1, 0, 2, 3])
2025-12-17 02:12:36,301 INFO [root] [1] --Directly send the proposal!--
2025-12-17 02:12:36,302 INFO [root] [1] Received OK from [8]
2025-12-17 02:12:36,302 INFO [root] [1] OK set: {8, 9, 10, 11}
2025-12-17 02:12:36,302 INFO [root] output: True
2025-12-17 02:12:36,302 INFO [root] [1] exit
2025-12-17 02:12:36,302 INFO [root] [1] Received OK from [8]
2025-12-17 02:12:36,302 INFO [root] [1] OK set: {8, 9, 11}
2025-12-17 02:12:36,302 INFO [root] output: True
2025-12-17 02:12:36,302 INFO [root] [1] Received OK from [8]
2025-12-17 02:12:36,302 INFO [root] [1] OK set: {8, 9, 11}
2025-12-17 02:12:36,302 INFO [root] output: True
2025-12-17 02:12:36,302 INFO [root] [1] otmvba msg prevote
2025-12-17 02:12:36,302 INFO [root] [1] otmvba handle prevote message
2025-12-17 02:12:36,310 INFO [root] [1] Received OK from [10]
2025-12-17 02:12:36,310 INFO [root] [1] OK set: {8, 9, 10, 11}
2025-12-17 02:12:36,310 INFO [root] output: True
2025-12-17 02:12:36,310 INFO [root] [1] exit
2025-12-17 02:12:36,310 INFO [root] [1] Received OK from [10]
2025-12-17 02:12:36,310 INFO [root] [1] OK set: {8, 9, 10, 11}
2025-12-17 02:12:36,310 INFO [root] output: True
2025-12-17 02:12:36,310 INFO [root] [1] exit
2025-12-17 02:12:36,310 INFO [root] [1] otmvba msg prevote
2025-12-17 02:12:36,310 INFO [root] [1] otmvba handle prevote message
2025-12-17 02:12:36,318 INFO [root] [1] otmvba msg prevote
2025-12-17 02:12:36,318 INFO [root] [1] otmvba handle prevote message
2025-12-17 02:12:36,334 INFO [root] [1] otmvba Broadcasting to 8
2025-12-17 02:12:36,334 INFO [root] [1] otmvba Broadcasting to 9
2025-12-17 02:12:36,334 INFO [root] [1] otmvba Broadcasting to 10
2025-12-17 02:12:36,334 INFO [root] [1] otmvba Broadcasting to 11
2025-12-17 02:12:36,334 INFO [root] [1] otmvba msg PrevoteQC
2025-12-17 02:12:36,334 INFO [root] [1] otmvba handle prevote qc message
2025-12-17 02:12:36,342 INFO [root] [1] otmvba msg prevote
2025-12-17 02:12:36,342 INFO [root] [1] otmvba handle prevote message
2025-12-17 02:12:36,350 INFO [root] [1] otmvba msg vote
2025-12-17 02:12:36,350 INFO [root] [1] otmvba handle vote message
2025-12-17 02:12:36,358 INFO [root] [1] otmvba msg vote
2025-12-17 02:12:36,358 INFO [root] [1] otmvba handle vote message
2025-12-17 02:12:36,366 INFO [root] [1] otmvba msg vote
2025-12-17 02:12:36,366 INFO [root] [1] otmvba handle vote message
2025-12-17 02:12:36,381 INFO [root] [1] otmvba Broadcasting to 8
2025-12-17 02:12:36,381 INFO [root] [1] otmvba Broadcasting to 9
2025-12-17 02:12:36,381 INFO [root] [1] otmvba Broadcasting to 10
2025-12-17 02:12:36,381 INFO [root] [1] otmvba Broadcasting to 11
2025-12-17 02:12:36,381 INFO [root] [1] otmvba msg vote
2025-12-17 02:12:36,381 INFO [root] [1] otmvba handle vote message
2025-12-17 02:12:36,389 INFO [root] [1] otmvba msg VoteQC
2025-12-17 02:12:36,389 INFO [root] [1] otmvba handle vote qc message
2025-12-17 02:12:36,397 INFO [root] [1] otmvba Broadcasting to 8
2025-12-17 02:12:36,397 INFO [root] [1] otmvba Broadcasting to 9
2025-12-17 02:12:36,397 INFO [root] [1] otmvba Broadcasting to 10
2025-12-17 02:12:36,397 INFO [root] [1] otmvba Broadcasting to 11
2025-12-17 02:12:36,397 INFO [root] [1] otmvba msg Terminate
2025-12-17 02:12:36,397 INFO [root] [1] otmvba handle terminate message
2025-12-17 02:12:36,405 INFO [root] [1] otmvba Broadcasting to 8
2025-12-17 02:12:36,405 INFO [root] [1] otmvba Broadcasting to 9
2025-12-17 02:12:36,405 INFO [root] [1] otmvba Broadcasting to 10
2025-12-17 02:12:36,405 INFO [root] [1] otmvba Broadcasting to 11
2025-12-17 02:12:36,405 INFO [beaver.batch_multiplication] [1] [random shares] The ACS set is [0, 1, 2, 3]
2025-12-17 02:12:36,405 INFO [root] common: [0, 1, 2, 3]
2025-12-17 02:12:36,438 INFO [beaver.batch_multiplication] [1] [asynchronous batch multiplication] Finished! Node 1, total number: 50, time: 0.4085721969604492 (seconds)
2025-12-17 02:12:36,438 INFO [root] layer ID: 2 mul_foll_time: 0.4099709987640381
2025-12-17 02:12:36,438 INFO [root] layer ID: 2 trusted_verification_time: 1.8176469802856445
2025-12-17 02:12:36,440 INFO [root] layer ID: 2 add_outputs length: 50
2025-12-17 02:12:36,441 INFO [root] layer ID: 2 exec_time: 0.002393484115600586
2025-12-17 02:12:36,441 INFO [beaver.transfer] [1] Starting DynamicTransfer
2025-12-17 02:12:36,441 INFO [beaver.transfer] [1] Starting ACSS to share 50 secrets
2025-12-17 02:12:36,441 INFO [root] [1] [asynchronous dynamic transfer] Layer ID: 2
2025-12-17 02:12:36,441 INFO [root] public_keys: [{'X': '3875262518669312577345211548243791498294864866902453383553658088197175683945202035432775158876266684885557722048081', 'Y': '3498702591367497656889872377425894698143048323846357167829437808294236176805150547705150119624878058979125061050297'}, {'X': '1845627372035788407273481137652669976131548313127116267738253379113389503195217701051087067411586195496633245592641', 'Y': '1812922171043105581777102133356299608120380570895119711045648013455955477419912509428122339187766712452142115946421'}, {'X': '1911017709562060633681394622456353662805352681573212302358357346851520284047211090393280198981297602914000539512880', 'Y': '3160111824605785729031976256177216477395265329731082668285393679884146876911652456964019655515218046213367767812870'}, {'X': '523165758390360486633691231757775648652590084060197298916720865956809474860439760844282113005942410549732110492324', 'Y': '2112521349963268664003373260251808895679397256139811605297436833851414292073049913606780971772527821908506773450866'}]
2025-12-17 02:12:36,442 INFO [root] layer ID: 2 trans_pre_time: 0.0010366439819335938
2025-12-17 02:12:36,442 INFO [root] [1] AVSS tag: 1-0-3-B-AVSS
2025-12-17 02:12:36,442 INFO [root] [1] RBC tag: 1-0-3-B-RBC
2025-12-17 02:12:36,442 INFO [root] enter avss_with_aggtransfer
g = {[6679831729115696150 8653662730902241269 1535610680227111361 17342916647841752903 17135755455211762752 1297449291367578485] [13451288730302620273 10097742279870053774 15949884091978425806 5885175747529691540 1016841820992199104 845620083434234474]}
h = {[13794385998538644597 108816626937764141 12130603454454490125 6127379912259600201 17481961476035825978 950355161936836191] [10722765800778186391 17107915684035394744 11626309118465119103 5217919199071354366 6102759180633827794 660535627654889709]}
Equal? false
2025-12-17 02:12:36,590 INFO [root] self.msgmode: avss_with_aggtransfer
2025-12-17 02:12:36,590 INFO [beaver.batch_multiplication] [1] Starting BatchMultiplication
num_generators 50
2025-12-17 02:12:36,800 INFO [beaver.batch_multiplication] Proof hex length: 9288
2025-12-17 02:12:36,801 INFO [beaver.batch_multiplication] Proof size (bytes): 4644
2025-12-17 02:12:36,801 INFO [beaver.batch_multiplication] Proof size (strict bytes): 4644
2025-12-17 02:12:36,801 INFO [beaver.batch_multiplication] [1] Starting ACSS to evaluate 50 multiplication gates
2025-12-17 02:12:36,801 INFO [root] rbc_list: [9, 12, 13, 14, 15]
2025-12-17 02:12:36,801 INFO [root] committee_size: 4
2025-12-17 02:12:36,801 INFO [root] n: 5
2025-12-17 02:12:36,801 INFO [root] f: 1
2025-12-17 02:12:36,801 INFO [root] pid: 1
2025-12-17 02:12:36,801 INFO [root] leader: 1
2025-12-17 02:12:36,801 INFO [root] [1] Sending to 0: 12
2025-12-17 02:12:36,801 INFO [root] [1] Sending to 1: 13
2025-12-17 02:12:36,801 INFO [root] [1] Sending to 2: 14
2025-12-17 02:12:36,801 INFO [root] [1] Sending to 3: 15
2025-12-17 02:12:36,801 INFO [root] [1] Starting AVID disperse
2025-12-17 02:12:36,802 INFO [root] public_keys: [{'X': '3875262518669312577345211548243791498294864866902453383553658088197175683945202035432775158876266684885557722048081', 'Y': '3498702591367497656889872377425894698143048323846357167829437808294236176805150547705150119624878058979125061050297'}, {'X': '1845627372035788407273481137652669976131548313127116267738253379113389503195217701051087067411586195496633245592641', 'Y': '1812922171043105581777102133356299608120380570895119711045648013455955477419912509428122339187766712452142115946421'}, {'X': '1911017709562060633681394622456353662805352681573212302358357346851520284047211090393280198981297602914000539512880', 'Y': '3160111824605785729031976256177216477395265329731082668285393679884146876911652456964019655515218046213367767812870'}, {'X': '523165758390360486633691231757775648652590084060197298916720865956809474860439760844282113005942410549732110492324', 'Y': '2112521349963268664003373260251808895679397256139811605297436833851414292073049913606780971772527821908506773450866'}]
2025-12-17 02:12:36,802 INFO [root] layer ID: 2 mul_pre_time: 0.3600647449493408
2025-12-17 02:12:36,802 INFO [root] layer ID: 2 layer_time: 2.181382179260254
2025-12-17 02:12:36,803 INFO [root] [1] Dispersed VAL message to committee
2025-12-17 02:12:36,803 INFO [root] [1] AVSS tag: 1-0-3-B-AVSS
2025-12-17 02:12:36,803 INFO [root] [1] RBC tag: 1-0-3-B-RBC
g = {[6679831729115696150 8653662730902241269 1535610680227111361 17342916647841752903 17135755455211762752 1297449291367578485] [13451288730302620273 10097742279870053774 15949884091978425806 5885175747529691540 1016841820992199104 845620083434234474]}
h = {[13794385998538644597 108816626937764141 12130603454454490125 6127379912259600201 17481961476035825978 950355161936836191] [10722765800778186391 17107915684035394744 11626309118465119103 5217919199071354366 6102759180633827794 660535627654889709]}
Equal? false
2025-12-17 02:12:36,991 INFO [root] self.msgmode: avss_with_aggbatch_multiplication
2025-12-17 02:12:36,991 INFO [root] rbc_list: [9, 12, 13, 14, 15]
2025-12-17 02:12:36,991 INFO [root] committee_size: 4
2025-12-17 02:12:36,991 INFO [root] n: 5
2025-12-17 02:12:36,992 INFO [root] f: 1
2025-12-17 02:12:36,992 INFO [root] pid: 1
2025-12-17 02:12:36,992 INFO [root] leader: 1
2025-12-17 02:12:36,992 INFO [root] [1] Sending to 0: 12
2025-12-17 02:12:36,992 INFO [root] [1] Sending to 1: 13
2025-12-17 02:12:36,992 INFO [root] [1] Sending to 2: 14
2025-12-17 02:12:36,992 INFO [root] [1] Sending to 3: 15
2025-12-17 02:12:36,992 INFO [root] [1] Starting AVID disperse
2025-12-17 02:12:36,994 INFO [root] [1] Dispersed VAL message to committee
my_send_id: 9 exec_time: 7.186010360717773
2025-12-17 02:12:46,807 INFO [root] [1] Bytes Sent: TR2:303616 which is 14.741%
2025-12-17 02:12:46,807 INFO [root] [1] Bytes Sent: M2:653169 which is 31.712%
2025-12-17 02:12:46,807 INFO [root] [1] Bytes Sent: TR3:318372 which is 15.457%
2025-12-17 02:12:46,807 INFO [root] [1] Bytes Sent: M3:784528 which is 38.09%
2025-12-17 02:12:46,807 INFO [root] [1] Total bytes sent out aa: 2059685
2025-12-17 02:12:46,809 INFO [benchmark_logger] Total bytes sent out: 2059685
2025-12-17 02:12:46,817 ERROR [asyncio] Task was destroyed but it is pending!
task: <Task pending name='Task-35' coro=<subscribe_recv.<locals>._recv_loop() running at /opt/dumbo-mpc/dumbo-mpc/AsyRanTriGen/beaver/utils/misc.py:89> wait_for=<Future pending cb=[<TaskWakeupMethWrapper object at 0x7f530016fa00>()]>>
Exception ignored in: <coroutine object subscribe_recv.<locals>._recv_loop at 0x7f5301253bc0>
Traceback (most recent call last):
  File "/opt/dumbo-mpc/dumbo-mpc/AsyRanTriGen/beaver/utils/misc.py", line 89, in _recv_loop
    j, (tag, o) = await recv()
  File "/usr/lib/python3.8/asyncio/queues.py", line 165, in get
    getter.cancel()  # Just in case getter is not done yet.
  File "uvloop/loop.pyx", line 1281, in uvloop.loop.Loop.call_soon
  File "uvloop/loop.pyx", line 669, in uvloop.loop.Loop._call_soon
  File "uvloop/loop.pyx", line 678, in uvloop.loop.Loop._call_soon_handle
  File "uvloop/loop.pyx", line 673, in uvloop.loop.Loop._append_ready_handle
  File "uvloop/loop.pyx", line 705, in uvloop.loop.Loop._check_closed
RuntimeError: Event loop is closed
2025-12-17 02:12:46,818 ERROR [asyncio] Task was destroyed but it is pending!
task: <Task pending name='Task-37' coro=<subscribe_recv.<locals>._recv_loop() running at /opt/dumbo-mpc/dumbo-mpc/AsyRanTriGen/beaver/utils/misc.py:89> wait_for=<Future pending cb=[<TaskWakeupMethWrapper object at 0x7f5300175df0>()]>>
Exception ignored in: <coroutine object subscribe_recv.<locals>._recv_loop at 0x7f53001a0040>
Traceback (most recent call last):
  File "/opt/dumbo-mpc/dumbo-mpc/AsyRanTriGen/beaver/utils/misc.py", line 89, in _recv_loop
    j, (tag, o) = await recv()
  File "/usr/lib/python3.8/asyncio/queues.py", line 165, in get
    getter.cancel()  # Just in case getter is not done yet.
  File "uvloop/loop.pyx", line 1281, in uvloop.loop.Loop.call_soon
  File "uvloop/loop.pyx", line 669, in uvloop.loop.Loop._call_soon
  File "uvloop/loop.pyx", line 678, in uvloop.loop.Loop._call_soon_handle
  File "uvloop/loop.pyx", line 673, in uvloop.loop.Loop._append_ready_handle
  File "uvloop/loop.pyx", line 705, in uvloop.loop.Loop._check_closed
RuntimeError: Event loop is closed
2025-12-17 02:12:46,819 ERROR [asyncio] Task was destroyed but it is pending!
task: <Task pending name='Task-49' coro=<OptimalCommonSet.fallback_timer() running at /opt/dumbo-mpc/dumbo-mpc/AsyRanTriGen/beaver/broadcast/otmvba_dyn.py:71> wait_for=<Future pending cb=[<TaskWakeupMethWrapper object at 0x7f5300152be0>()]>>
2025-12-17 02:12:46,819 ERROR [asyncio] Task was destroyed but it is pending!
task: <Task pending name='Task-50' coro=<subscribe_recv.<locals>._recv_loop() running at /opt/dumbo-mpc/dumbo-mpc/AsyRanTriGen/beaver/utils/misc.py:89> wait_for=<Future pending cb=[<TaskWakeupMethWrapper object at 0x7f530016fc10>()]>>
2025-12-17 02:12:46,819 ERROR [asyncio] Task was destroyed but it is pending!
task: <Task pending name='Task-52' coro=<subscribe_recv.<locals>._recv_loop() running at /opt/dumbo-mpc/dumbo-mpc/AsyRanTriGen/beaver/utils/misc.py:89> wait_for=<Future pending cb=[<TaskWakeupMethWrapper object at 0x7f53001752b0>()]>>
2025-12-17 02:12:46,819 ERROR [asyncio] Task was destroyed but it is pending!
task: <Task pending name='Task-60' coro=<ACSS_Foll._recv_loop() running at /opt/dumbo-mpc/dumbo-mpc/AsyRanTriGen/beaver/hbacss.py:3694> wait_for=<Future pending cb=[<TaskWakeupMethWrapper object at 0x7f530017a5b0>()]>>
Exception ignored in: <coroutine object subscribe_recv.<locals>._recv_loop at 0x7f53001985c0>
Traceback (most recent call last):
  File "/opt/dumbo-mpc/dumbo-mpc/AsyRanTriGen/beaver/utils/misc.py", line 89, in _recv_loop
    j, (tag, o) = await recv()
  File "/usr/lib/python3.8/asyncio/queues.py", line 165, in get
    getter.cancel()  # Just in case getter is not done yet.
  File "uvloop/loop.pyx", line 1281, in uvloop.loop.Loop.call_soon
  File "uvloop/loop.pyx", line 669, in uvloop.loop.Loop._call_soon
  File "uvloop/loop.pyx", line 678, in uvloop.loop.Loop._call_soon_handle
  File "uvloop/loop.pyx", line 673, in uvloop.loop.Loop._append_ready_handle
  File "uvloop/loop.pyx", line 705, in uvloop.loop.Loop._check_closed
RuntimeError: Event loop is closed
Exception ignored in: <coroutine object subscribe_recv.<locals>._recv_loop at 0x7f53001a00c0>
Traceback (most recent call last):
  File "/opt/dumbo-mpc/dumbo-mpc/AsyRanTriGen/beaver/utils/misc.py", line 89, in _recv_loop
    j, (tag, o) = await recv()
  File "/usr/lib/python3.8/asyncio/queues.py", line 165, in get
    getter.cancel()  # Just in case getter is not done yet.
  File "uvloop/loop.pyx", line 1281, in uvloop.loop.Loop.call_soon
  File "uvloop/loop.pyx", line 669, in uvloop.loop.Loop._call_soon
  File "uvloop/loop.pyx", line 678, in uvloop.loop.Loop._call_soon_handle
  File "uvloop/loop.pyx", line 673, in uvloop.loop.Loop._append_ready_handle
  File "uvloop/loop.pyx", line 705, in uvloop.loop.Loop._check_closed
RuntimeError: Event loop is closed
Exception ignored in: <coroutine object ACSS_Foll._recv_loop at 0x7f5300148e40>
Traceback (most recent call last):
  File "/opt/dumbo-mpc/dumbo-mpc/AsyRanTriGen/beaver/hbacss.py", line 3694, in _recv_loop
    await avid.disperse(tag, self.my_id, dispersal_msg_list)
  File "/opt/dumbo-mpc/dumbo-mpc/AsyRanTriGen/beaver/broadcast/avid.py", line 461, in disperse
    sender, msg = await self.recv()
  File "/usr/lib/python3.8/asyncio/queues.py", line 165, in get
    getter.cancel()  # Just in case getter is not done yet.
  File "uvloop/loop.pyx", line 1281, in uvloop.loop.Loop.call_soon
  File "uvloop/loop.pyx", line 669, in uvloop.loop.Loop._call_soon
  File "uvloop/loop.pyx", line 678, in uvloop.loop.Loop._call_soon_handle
  File "uvloop/loop.pyx", line 673, in uvloop.loop.Loop._append_ready_handle
  File "uvloop/loop.pyx", line 705, in uvloop.loop.Loop._check_closed
RuntimeError: Event loop is closed
2025-12-17 02:12:46,821 ERROR [asyncio] Task was destroyed but it is pending!
task: <Task pending name='Task-61' coro=<subscribe_recv.<locals>._recv_loop() running at /opt/dumbo-mpc/dumbo-mpc/AsyRanTriGen/beaver/utils/misc.py:89> wait_for=<Future pending cb=[<TaskWakeupMethWrapper object at 0x7f530019a130>()]>>
2025-12-17 02:12:46,821 ERROR [asyncio] Task was destroyed but it is pending!
task: <Task pending name='Task-39' coro=<subscribe_recv.<locals>._recv_loop() running at /opt/dumbo-mpc/dumbo-mpc/AsyRanTriGen/beaver/utils/misc.py:89> wait_for=<Future pending cb=[<TaskWakeupMethWrapper object at 0x7f530019a970>()]>>
2025-12-17 02:12:46,821 ERROR [asyncio] Task was destroyed but it is pending!
task: <Task pending name='Task-48' coro=<subscribe_recv.<locals>._recv_loop() running at /opt/dumbo-mpc/dumbo-mpc/AsyRanTriGen/beaver/utils/misc.py:89> wait_for=<Future pending cb=[<TaskWakeupMethWrapper object at 0x7f530014ba30>()]>>
2025-12-17 02:12:46,821 ERROR [asyncio] Task was destroyed but it is pending!
task: <Task pending name='Task-57' coro=<ACSS_Foll._recv_loop() running at /opt/dumbo-mpc/dumbo-mpc/AsyRanTriGen/beaver/hbacss.py:3696> wait_for=<Future pending cb=[<TaskWakeupMethWrapper object at 0x7f530017a8b0>()]>>
2025-12-17 02:12:46,821 ERROR [asyncio] Task was destroyed but it is pending!
task: <Task pending name='Task-58' coro=<ACSS_Foll._recv_loop() running at /opt/dumbo-mpc/dumbo-mpc/AsyRanTriGen/beaver/hbacss.py:3696> wait_for=<Future pending cb=[<TaskWakeupMethWrapper object at 0x7f530017a5e0>()]>>
2025-12-17 02:12:46,821 ERROR [asyncio] Task was destroyed but it is pending!
task: <Task pending name='Task-59' coro=<ACSS_Foll._recv_loop() running at /opt/dumbo-mpc/dumbo-mpc/AsyRanTriGen/beaver/hbacss.py:3694> wait_for=<Future pending cb=[<TaskWakeupMethWrapper object at 0x7f530017a640>()]>>
Exception ignored in: <coroutine object subscribe_recv.<locals>._recv_loop at 0x7f53001a0840>
Traceback (most recent call last):
  File "/opt/dumbo-mpc/dumbo-mpc/AsyRanTriGen/beaver/utils/misc.py", line 89, in _recv_loop
    j, (tag, o) = await recv()
  File "/usr/lib/python3.8/asyncio/queues.py", line 165, in get
    getter.cancel()  # Just in case getter is not done yet.
  File "uvloop/loop.pyx", line 1281, in uvloop.loop.Loop.call_soon
  File "uvloop/loop.pyx", line 669, in uvloop.loop.Loop._call_soon
  File "uvloop/loop.pyx", line 678, in uvloop.loop.Loop._call_soon_handle
  File "uvloop/loop.pyx", line 673, in uvloop.loop.Loop._append_ready_handle
  File "uvloop/loop.pyx", line 705, in uvloop.loop.Loop._check_closed
RuntimeError: Event loop is closed
Exception ignored in: <coroutine object subscribe_recv.<locals>._recv_loop at 0x7f530019cf40>
Traceback (most recent call last):
  File "/opt/dumbo-mpc/dumbo-mpc/AsyRanTriGen/beaver/utils/misc.py", line 89, in _recv_loop
    j, (tag, o) = await recv()
  File "/usr/lib/python3.8/asyncio/queues.py", line 165, in get
    getter.cancel()  # Just in case getter is not done yet.
  File "uvloop/loop.pyx", line 1281, in uvloop.loop.Loop.call_soon
  File "uvloop/loop.pyx", line 669, in uvloop.loop.Loop._call_soon
  File "uvloop/loop.pyx", line 678, in uvloop.loop.Loop._call_soon_handle
  File "uvloop/loop.pyx", line 673, in uvloop.loop.Loop._append_ready_handle
  File "uvloop/loop.pyx", line 705, in uvloop.loop.Loop._check_closed
RuntimeError: Event loop is closed
Exception ignored in: <coroutine object subscribe_recv.<locals>._recv_loop at 0x7f53001b3540>
Traceback (most recent call last):
  File "/opt/dumbo-mpc/dumbo-mpc/AsyRanTriGen/beaver/utils/misc.py", line 89, in _recv_loop
    j, (tag, o) = await recv()
  File "/usr/lib/python3.8/asyncio/queues.py", line 165, in get
    getter.cancel()  # Just in case getter is not done yet.
  File "uvloop/loop.pyx", line 1281, in uvloop.loop.Loop.call_soon
  File "uvloop/loop.pyx", line 669, in uvloop.loop.Loop._call_soon
  File "uvloop/loop.pyx", line 678, in uvloop.loop.Loop._call_soon_handle
  File "uvloop/loop.pyx", line 673, in uvloop.loop.Loop._append_ready_handle
  File "uvloop/loop.pyx", line 705, in uvloop.loop.Loop._check_closed
RuntimeError: Event loop is closed
Exception ignored in: <coroutine object ACSS_Foll._recv_loop at 0x7f5300148cc0>
Traceback (most recent call last):
  File "/opt/dumbo-mpc/dumbo-mpc/AsyRanTriGen/beaver/hbacss.py", line 3696, in _recv_loop
    await avid.disperse(tag, self.my_id+1, dispersal_msg_list)
  File "/opt/dumbo-mpc/dumbo-mpc/AsyRanTriGen/beaver/broadcast/avid.py", line 461, in disperse
    sender, msg = await self.recv()
  File "/usr/lib/python3.8/asyncio/queues.py", line 165, in get
    getter.cancel()  # Just in case getter is not done yet.
  File "uvloop/loop.pyx", line 1281, in uvloop.loop.Loop.call_soon
  File "uvloop/loop.pyx", line 669, in uvloop.loop.Loop._call_soon
  File "uvloop/loop.pyx", line 678, in uvloop.loop.Loop._call_soon_handle
  File "uvloop/loop.pyx", line 673, in uvloop.loop.Loop._append_ready_handle
  File "uvloop/loop.pyx", line 705, in uvloop.loop.Loop._check_closed
RuntimeError: Event loop is closed
Exception ignored in: <coroutine object ACSS_Foll._recv_loop at 0x7f5300148c40>
Traceback (most recent call last):
  File "/opt/dumbo-mpc/dumbo-mpc/AsyRanTriGen/beaver/hbacss.py", line 3696, in _recv_loop
    await avid.disperse(tag, self.my_id+1, dispersal_msg_list)
  File "/opt/dumbo-mpc/dumbo-mpc/AsyRanTriGen/beaver/broadcast/avid.py", line 461, in disperse
    sender, msg = await self.recv()
  File "/usr/lib/python3.8/asyncio/queues.py", line 165, in get
    getter.cancel()  # Just in case getter is not done yet.
  File "uvloop/loop.pyx", line 1281, in uvloop.loop.Loop.call_soon
  File "uvloop/loop.pyx", line 669, in uvloop.loop.Loop._call_soon
  File "uvloop/loop.pyx", line 678, in uvloop.loop.Loop._call_soon_handle
  File "uvloop/loop.pyx", line 673, in uvloop.loop.Loop._append_ready_handle
  File "uvloop/loop.pyx", line 705, in uvloop.loop.Loop._check_closed
RuntimeError: Event loop is closed
Exception ignored in: <coroutine object ACSS_Foll._recv_loop at 0x7f5300148d40>
Traceback (most recent call last):
  File "/opt/dumbo-mpc/dumbo-mpc/AsyRanTriGen/beaver/hbacss.py", line 3694, in _recv_loop
    await avid.disperse(tag, self.my_id, dispersal_msg_list)
  File "/opt/dumbo-mpc/dumbo-mpc/AsyRanTriGen/beaver/broadcast/avid.py", line 461, in disperse
    sender, msg = await self.recv()
  File "/usr/lib/python3.8/asyncio/queues.py", line 165, in get
    getter.cancel()  # Just in case getter is not done yet.
  File "uvloop/loop.pyx", line 1281, in uvloop.loop.Loop.call_soon
  File "uvloop/loop.pyx", line 669, in uvloop.loop.Loop._call_soon
  File "uvloop/loop.pyx", line 678, in uvloop.loop.Loop._call_soon_handle
  File "uvloop/loop.pyx", line 673, in uvloop.loop.Loop._append_ready_handle
  File "uvloop/loop.pyx", line 705, in uvloop.loop.Loop._check_closed
RuntimeError: Event loop is closed
2025-12-17 02:12:46,827 ERROR [asyncio] Task was destroyed but it is pending!
task: <Task pending name='Task-47' coro=<ACSS_Foll._recv_loop() running at /opt/dumbo-mpc/dumbo-mpc/AsyRanTriGen/beaver/hbacss.py:3694> wait_for=<Future pending cb=[<TaskWakeupMethWrapper object at 0x7f530014b7c0>()]>>
Exception ignored in: <coroutine object ACSS_Foll._recv_loop at 0x7f53001a0bc0>
Traceback (most recent call last):
  File "/opt/dumbo-mpc/dumbo-mpc/AsyRanTriGen/beaver/hbacss.py", line 3694, in _recv_loop
    await avid.disperse(tag, self.my_id, dispersal_msg_list)
  File "/opt/dumbo-mpc/dumbo-mpc/AsyRanTriGen/beaver/broadcast/avid.py", line 461, in disperse
    sender, msg = await self.recv()
  File "/usr/lib/python3.8/asyncio/queues.py", line 165, in get
    getter.cancel()  # Just in case getter is not done yet.
  File "uvloop/loop.pyx", line 1281, in uvloop.loop.Loop.call_soon
  File "uvloop/loop.pyx", line 669, in uvloop.loop.Loop._call_soon
  File "uvloop/loop.pyx", line 678, in uvloop.loop.Loop._call_soon_handle
  File "uvloop/loop.pyx", line 673, in uvloop.loop.Loop._append_ready_handle
  File "uvloop/loop.pyx", line 705, in uvloop.loop.Loop._check_closed
RuntimeError: Event loop is closed
2025-12-17 02:12:46,828 ERROR [asyncio] Task was destroyed but it is pending!
task: <Task pending name='Task-62' coro=<OptimalCommonSet.fallback_timer() running at /opt/dumbo-mpc/dumbo-mpc/AsyRanTriGen/beaver/broadcast/otmvba_dyn.py:71> wait_for=<Future pending cb=[<TaskWakeupMethWrapper object at 0x7f530017ab80>()]>>
2025-12-17 02:12:46,828 ERROR [asyncio] Task was destroyed but it is pending!
task: <Task pending name='Task-44' coro=<ACSS_Foll._recv_loop() running at /opt/dumbo-mpc/dumbo-mpc/AsyRanTriGen/beaver/hbacss.py:3696> wait_for=<Future pending cb=[<TaskWakeupMethWrapper object at 0x7f530014b730>()]>>
2025-12-17 02:12:46,828 ERROR [asyncio] Task was destroyed but it is pending!
task: <Task pending name='Task-45' coro=<ACSS_Foll._recv_loop() running at /opt/dumbo-mpc/dumbo-mpc/AsyRanTriGen/beaver/hbacss.py:3694> wait_for=<Future pending cb=[<TaskWakeupMethWrapper object at 0x7f530014b8e0>()]>>
2025-12-17 02:12:46,828 ERROR [asyncio] Task was destroyed but it is pending!
task: <Task pending name='Task-46' coro=<ACSS_Foll._recv_loop() running at /opt/dumbo-mpc/dumbo-mpc/AsyRanTriGen/beaver/hbacss.py:3696> wait_for=<Future pending cb=[<TaskWakeupMethWrapper object at 0x7f53001b64f0>()]>>
Exception ignored in: <coroutine object ACSS_Foll._recv_loop at 0x7f53001987c0>
Traceback (most recent call last):
  File "/opt/dumbo-mpc/dumbo-mpc/AsyRanTriGen/beaver/hbacss.py", line 3696, in _recv_loop
    await avid.disperse(tag, self.my_id+1, dispersal_msg_list)
  File "/opt/dumbo-mpc/dumbo-mpc/AsyRanTriGen/beaver/broadcast/avid.py", line 461, in disperse
    sender, msg = await self.recv()
  File "/usr/lib/python3.8/asyncio/queues.py", line 165, in get
    getter.cancel()  # Just in case getter is not done yet.
  File "uvloop/loop.pyx", line 1281, in uvloop.loop.Loop.call_soon
  File "uvloop/loop.pyx", line 669, in uvloop.loop.Loop._call_soon
  File "uvloop/loop.pyx", line 678, in uvloop.loop.Loop._call_soon_handle
  File "uvloop/loop.pyx", line 673, in uvloop.loop.Loop._append_ready_handle
  File "uvloop/loop.pyx", line 705, in uvloop.loop.Loop._check_closed
RuntimeError: Event loop is closed
Exception ignored in: <coroutine object ACSS_Foll._recv_loop at 0x7f53001a0a40>
Traceback (most recent call last):
  File "/opt/dumbo-mpc/dumbo-mpc/AsyRanTriGen/beaver/hbacss.py", line 3694, in _recv_loop
    await avid.disperse(tag, self.my_id, dispersal_msg_list)
  File "/opt/dumbo-mpc/dumbo-mpc/AsyRanTriGen/beaver/broadcast/avid.py", line 461, in disperse
    sender, msg = await self.recv()
  File "/usr/lib/python3.8/asyncio/queues.py", line 165, in get
    getter.cancel()  # Just in case getter is not done yet.
  File "uvloop/loop.pyx", line 1281, in uvloop.loop.Loop.call_soon
  File "uvloop/loop.pyx", line 669, in uvloop.loop.Loop._call_soon
  File "uvloop/loop.pyx", line 678, in uvloop.loop.Loop._call_soon_handle
  File "uvloop/loop.pyx", line 673, in uvloop.loop.Loop._append_ready_handle
  File "uvloop/loop.pyx", line 705, in uvloop.loop.Loop._check_closed
RuntimeError: Event loop is closed
Exception ignored in: <coroutine object ACSS_Foll._recv_loop at 0x7f53001a03c0>
Traceback (most recent call last):
  File "/opt/dumbo-mpc/dumbo-mpc/AsyRanTriGen/beaver/hbacss.py", line 3696, in _recv_loop
    await avid.disperse(tag, self.my_id+1, dispersal_msg_list)
  File "/opt/dumbo-mpc/dumbo-mpc/AsyRanTriGen/beaver/broadcast/avid.py", line 461, in disperse
    sender, msg = await self.recv()
  File "/usr/lib/python3.8/asyncio/queues.py", line 165, in get
    getter.cancel()  # Just in case getter is not done yet.
  File "uvloop/loop.pyx", line 1281, in uvloop.loop.Loop.call_soon
  File "uvloop/loop.pyx", line 669, in uvloop.loop.Loop._call_soon
  File "uvloop/loop.pyx", line 678, in uvloop.loop.Loop._call_soon_handle
  File "uvloop/loop.pyx", line 673, in uvloop.loop.Loop._append_ready_handle
  File "uvloop/loop.pyx", line 705, in uvloop.loop.Loop._check_closed
RuntimeError: Event loop is closed
2025-12-17 02:12:46,832 ERROR [asyncio] Task was destroyed but it is pending!
task: <Task pending name='Task-76' coro=<rbc_dyn() running at /opt/dumbo-mpc/dumbo-mpc/AsyRanTriGen/beaver/broadcast/reliablebroadcast.py:411> wait_for=<Future cancelled>>
Exception ignored in: <coroutine object rbc_dyn at 0x7f530006e140>
Traceback (most recent call last):
  File "/opt/dumbo-mpc/dumbo-mpc/AsyRanTriGen/beaver/broadcast/reliablebroadcast.py", line 411, in rbc_dyn
    sender, msg = await receive()
  File "/usr/lib/python3.8/asyncio/queues.py", line 165, in get
    getter.cancel()  # Just in case getter is not done yet.
  File "uvloop/loop.pyx", line 1281, in uvloop.loop.Loop.call_soon
  File "uvloop/loop.pyx", line 669, in uvloop.loop.Loop._call_soon
  File "uvloop/loop.pyx", line 678, in uvloop.loop.Loop._call_soon_handle
  File "uvloop/loop.pyx", line 673, in uvloop.loop.Loop._append_ready_handle
  File "uvloop/loop.pyx", line 705, in uvloop.loop.Loop._check_closed
RuntimeError: Event loop is closed
2025-12-17 02:12:46,832 ERROR [asyncio] Task was destroyed but it is pending!
task: <Task pending name='Task-78' coro=<AVID_DYNAMIC.disperse() running at /opt/dumbo-mpc/dumbo-mpc/AsyRanTriGen/beaver/broadcast/avid.py:461> wait_for=<Future cancelled>>
Exception ignored in: <coroutine object AVID_DYNAMIC.disperse at 0x7f53000481c0>
Traceback (most recent call last):
  File "/opt/dumbo-mpc/dumbo-mpc/AsyRanTriGen/beaver/broadcast/avid.py", line 461, in disperse
    sender, msg = await self.recv()
  File "/usr/lib/python3.8/asyncio/queues.py", line 165, in get
    getter.cancel()  # Just in case getter is not done yet.
  File "uvloop/loop.pyx", line 1281, in uvloop.loop.Loop.call_soon
  File "uvloop/loop.pyx", line 669, in uvloop.loop.Loop._call_soon
  File "uvloop/loop.pyx", line 678, in uvloop.loop.Loop._call_soon_handle
  File "uvloop/loop.pyx", line 673, in uvloop.loop.Loop._append_ready_handle
  File "uvloop/loop.pyx", line 705, in uvloop.loop.Loop._check_closed
RuntimeError: Event loop is closed
2025-12-17 02:12:46,833 ERROR [asyncio] Task was destroyed but it is pending!
task: <Task pending name='Task-63' coro=<subscribe_recv.<locals>._recv_loop() running at /opt/dumbo-mpc/dumbo-mpc/AsyRanTriGen/beaver/utils/misc.py:89> wait_for=<Future pending cb=[<TaskWakeupMethWrapper object at 0x7f530019ae20>()]>>
2025-12-17 02:12:46,833 ERROR [asyncio] Task was destroyed but it is pending!
task: <Task pending name='Task-66' coro=<subscribe_recv.<locals>._recv_loop() running at /opt/dumbo-mpc/dumbo-mpc/AsyRanTriGen/beaver/utils/misc.py:89> wait_for=<Future pending cb=[<TaskWakeupMethWrapper object at 0x7f5300175220>()]>>
2025-12-17 02:12:46,833 ERROR [asyncio] Task was destroyed but it is pending!
task: <Task pending name='Task-68' coro=<subscribe_recv.<locals>._recv_loop() running at /opt/dumbo-mpc/dumbo-mpc/AsyRanTriGen/beaver/utils/misc.py:89> wait_for=<Future pending cb=[<TaskWakeupMethWrapper object at 0x7f530017ae20>()]>>
Exception ignored in: <coroutine object subscribe_recv.<locals>._recv_loop at 0x7f5300062440>
Traceback (most recent call last):
  File "/opt/dumbo-mpc/dumbo-mpc/AsyRanTriGen/beaver/utils/misc.py", line 89, in _recv_loop
    j, (tag, o) = await recv()
  File "/usr/lib/python3.8/asyncio/queues.py", line 165, in get
    getter.cancel()  # Just in case getter is not done yet.
  File "uvloop/loop.pyx", line 1281, in uvloop.loop.Loop.call_soon
  File "uvloop/loop.pyx", line 669, in uvloop.loop.Loop._call_soon
  File "uvloop/loop.pyx", line 678, in uvloop.loop.Loop._call_soon_handle
  File "uvloop/loop.pyx", line 673, in uvloop.loop.Loop._append_ready_handle
  File "uvloop/loop.pyx", line 705, in uvloop.loop.Loop._check_closed
RuntimeError: Event loop is closed
Exception ignored in: <coroutine object subscribe_recv.<locals>._recv_loop at 0x7f530016c3c0>
Traceback (most recent call last):
  File "/opt/dumbo-mpc/dumbo-mpc/AsyRanTriGen/beaver/utils/misc.py", line 89, in _recv_loop
    j, (tag, o) = await recv()
  File "/usr/lib/python3.8/asyncio/queues.py", line 165, in get
    getter.cancel()  # Just in case getter is not done yet.
  File "uvloop/loop.pyx", line 1281, in uvloop.loop.Loop.call_soon
  File "uvloop/loop.pyx", line 669, in uvloop.loop.Loop._call_soon
  File "uvloop/loop.pyx", line 678, in uvloop.loop.Loop._call_soon_handle
  File "uvloop/loop.pyx", line 673, in uvloop.loop.Loop._append_ready_handle
  File "uvloop/loop.pyx", line 705, in uvloop.loop.Loop._check_closed
RuntimeError: Event loop is closed
Exception ignored in: <coroutine object subscribe_recv.<locals>._recv_loop at 0x7f530016c740>
Traceback (most recent call last):
  File "/opt/dumbo-mpc/dumbo-mpc/AsyRanTriGen/beaver/utils/misc.py", line 89, in _recv_loop
    j, (tag, o) = await recv()
  File "/usr/lib/python3.8/asyncio/queues.py", line 165, in get
    getter.cancel()  # Just in case getter is not done yet.
  File "uvloop/loop.pyx", line 1281, in uvloop.loop.Loop.call_soon
  File "uvloop/loop.pyx", line 669, in uvloop.loop.Loop._call_soon
  File "uvloop/loop.pyx", line 678, in uvloop.loop.Loop._call_soon_handle
  File "uvloop/loop.pyx", line 673, in uvloop.loop.Loop._append_ready_handle
  File "uvloop/loop.pyx", line 705, in uvloop.loop.Loop._check_closed
RuntimeError: Event loop is closed
2025-12-17 02:12:46,834 ERROR [asyncio] Task was destroyed but it is pending!
task: <Task pending name='Task-74' coro=<subscribe_recv.<locals>._recv_loop() running at /opt/dumbo-mpc/dumbo-mpc/AsyRanTriGen/beaver/utils/misc.py:89> wait_for=<Future pending cb=[<TaskWakeupMethWrapper object at 0x7f530016f3a0>()]>>
2025-12-17 02:12:46,834 ERROR [asyncio] Task was destroyed but it is pending!
task: <Task pending name='Task-70' coro=<rbc_dyn() running at /opt/dumbo-mpc/dumbo-mpc/AsyRanTriGen/beaver/broadcast/reliablebroadcast.py:411> wait_for=<Future pending cb=[<TaskWakeupMethWrapper object at 0x7f530017a730>()]>>
Exception ignored in: <coroutine object subscribe_recv.<locals>._recv_loop at 0x7f530016cb40>
Traceback (most recent call last):
  File "/opt/dumbo-mpc/dumbo-mpc/AsyRanTriGen/beaver/utils/misc.py", line 89, in _recv_loop
    j, (tag, o) = await recv()
  File "/usr/lib/python3.8/asyncio/queues.py", line 165, in get
    getter.cancel()  # Just in case getter is not done yet.
  File "uvloop/loop.pyx", line 1281, in uvloop.loop.Loop.call_soon
  File "uvloop/loop.pyx", line 669, in uvloop.loop.Loop._call_soon
  File "uvloop/loop.pyx", line 678, in uvloop.loop.Loop._call_soon_handle
  File "uvloop/loop.pyx", line 673, in uvloop.loop.Loop._append_ready_handle
  File "uvloop/loop.pyx", line 705, in uvloop.loop.Loop._check_closed
RuntimeError: Event loop is closed
2025-12-17 02:12:46,835 ERROR [asyncio] Task was destroyed but it is pending!
task: <Task pending name='Task-73' coro=<AVID_DYNAMIC.disperse() running at /opt/dumbo-mpc/dumbo-mpc/AsyRanTriGen/beaver/broadcast/avid.py:461> wait_for=<Future pending cb=[<TaskWakeupMethWrapper object at 0x7f530019a1c0>()]>>
Exception ignored in: <coroutine object rbc_dyn at 0x7f530016c6c0>
Traceback (most recent call last):
  File "/opt/dumbo-mpc/dumbo-mpc/AsyRanTriGen/beaver/broadcast/reliablebroadcast.py", line 411, in rbc_dyn
    sender, msg = await receive()
  File "/usr/lib/python3.8/asyncio/queues.py", line 165, in get
    getter.cancel()  # Just in case getter is not done yet.
  File "uvloop/loop.pyx", line 1281, in uvloop.loop.Loop.call_soon
  File "uvloop/loop.pyx", line 669, in uvloop.loop.Loop._call_soon
  File "uvloop/loop.pyx", line 678, in uvloop.loop.Loop._call_soon_handle
  File "uvloop/loop.pyx", line 673, in uvloop.loop.Loop._append_ready_handle
  File "uvloop/loop.pyx", line 705, in uvloop.loop.Loop._check_closed
RuntimeError: Event loop is closed
Exception ignored in: <coroutine object AVID_DYNAMIC.disperse at 0x7f530006e0c0>
Traceback (most recent call last):
  File "/opt/dumbo-mpc/dumbo-mpc/AsyRanTriGen/beaver/broadcast/avid.py", line 461, in disperse
    sender, msg = await self.recv()
  File "/usr/lib/python3.8/asyncio/queues.py", line 165, in get
    getter.cancel()  # Just in case getter is not done yet.
  File "uvloop/loop.pyx", line 1281, in uvloop.loop.Loop.call_soon
  File "uvloop/loop.pyx", line 669, in uvloop.loop.Loop._call_soon
  File "uvloop/loop.pyx", line 678, in uvloop.loop.Loop._call_soon_handle
  File "uvloop/loop.pyx", line 673, in uvloop.loop.Loop._append_ready_handle
  File "uvloop/loop.pyx", line 705, in uvloop.loop.Loop._check_closed
RuntimeError: Event loop is closed
