Warning: Permanently added '124.220.155.155' (ECDSA) to the list of known hosts.
Creating dumbo-mpc_dumbo-mpc_run ... 
Creating dumbo-mpc_dumbo-mpc_run ... done
2025-12-17 02:12:33,940 INFO [root] Running ADMPC ...
2025-12-17 02:12:34,619 INFO [root] my_send_id: 13
2025-12-17 02:12:34,643 INFO [root] ADMPC start time: 1765937554.6437588
2025-12-17 02:12:34,644 INFO [root] [Layer 3] Reached run_admpc checkpoint
2025-12-17 02:12:34,645 INFO [beaver.transfer] [1] Starting DynamicTransfer_Foll
2025-12-17 02:12:34,645 INFO [beaver.transfer] [1] Starting ACSS to share 50 secrets
2025-12-17 02:12:34,645 INFO [root] [1] Starting Batch AVSS. Id: 0, Dealer Id: 0, Client Mode: False
2025-12-17 02:12:34,645 INFO [root] [1] AVSS tag: 0-0-3-B-AVSS
2025-12-17 02:12:34,646 INFO [root] [1] RBC tag: 0-0-3-B-RBC
2025-12-17 02:12:34,646 INFO [root] [1] Starting AVSS with shares_num: 50, dealer_id: 0, client_mode: False
2025-12-17 02:12:34,647 INFO [root] rbc_list: [8, 12, 13, 14, 15]
2025-12-17 02:12:34,647 INFO [root] committee_size: 4
2025-12-17 02:12:34,647 INFO [root] n: 5
2025-12-17 02:12:34,647 INFO [root] f: 1
2025-12-17 02:12:34,647 INFO [root] pid: 2
2025-12-17 02:12:34,647 INFO [root] leader: 0
2025-12-17 02:12:34,648 INFO [root] [1] Starting Batch AVSS. Id: 0, Dealer Id: 1, Client Mode: False
2025-12-17 02:12:34,648 INFO [root] [1] AVSS tag: 1-0-3-B-AVSS
2025-12-17 02:12:34,648 INFO [root] [1] RBC tag: 1-0-3-B-RBC
2025-12-17 02:12:34,648 INFO [root] [1] Starting AVSS with shares_num: 50, dealer_id: 1, client_mode: False
2025-12-17 02:12:34,648 INFO [root] rbc_list: [9, 12, 13, 14, 15]
2025-12-17 02:12:34,648 INFO [root] committee_size: 4
2025-12-17 02:12:34,648 INFO [root] n: 5
2025-12-17 02:12:34,649 INFO [root] f: 1
2025-12-17 02:12:34,649 INFO [root] pid: 2
2025-12-17 02:12:34,649 INFO [root] leader: 1
2025-12-17 02:12:34,649 INFO [root] [1] Starting Batch AVSS. Id: 0, Dealer Id: 2, Client Mode: False
2025-12-17 02:12:34,649 INFO [root] [1] AVSS tag: 2-0-3-B-AVSS
2025-12-17 02:12:34,649 INFO [root] [1] RBC tag: 2-0-3-B-RBC
2025-12-17 02:12:34,649 INFO [root] [1] Starting AVSS with shares_num: 50, dealer_id: 2, client_mode: False
2025-12-17 02:12:34,649 INFO [root] rbc_list: [10, 12, 13, 14, 15]
2025-12-17 02:12:34,649 INFO [root] committee_size: 4
2025-12-17 02:12:34,649 INFO [root] n: 5
2025-12-17 02:12:34,649 INFO [root] f: 1
2025-12-17 02:12:34,649 INFO [root] pid: 1
2025-12-17 02:12:34,649 INFO [root] leader: 2
2025-12-17 02:12:34,650 INFO [root] [1] Starting Batch AVSS. Id: 0, Dealer Id: 3, Client Mode: False
2025-12-17 02:12:34,650 INFO [root] [1] AVSS tag: 3-0-3-B-AVSS
2025-12-17 02:12:34,650 INFO [root] [1] RBC tag: 3-0-3-B-RBC
2025-12-17 02:12:34,650 INFO [root] [1] Starting AVSS with shares_num: 50, dealer_id: 3, client_mode: False
2025-12-17 02:12:34,650 INFO [root] rbc_list: [11, 12, 13, 14, 15]
2025-12-17 02:12:34,650 INFO [root] committee_size: 4
2025-12-17 02:12:34,650 INFO [root] n: 5
2025-12-17 02:12:34,658 INFO [root] f: 1
2025-12-17 02:12:34,658 INFO [root] pid: 1
2025-12-17 02:12:34,658 INFO [root] leader: 3
2025-12-17 02:12:36,803 INFO [root] [2] Received VAL message from 9
2025-12-17 02:12:36,803 INFO [root] entering n == commitee_size + 1
2025-12-17 02:12:36,803 INFO [root] [2] sender: 9, leader: 1
2025-12-17 02:12:36,803 INFO [root] [2] Successfully validated VAL message
2025-12-17 02:12:36,803 INFO [root] [2] Broadcasted ECHO message for roothash b'F\xd9\x87V\x1e\xc5\x00\x91\xc8\xc4\xe3\xd5R\xc1\x84\xff\x80\xa2;~6F\x14\xa2\x08D\xf6\xfe\x1f\x93U\x07'
2025-12-17 02:12:36,803 INFO [root] broadcast Sending to 1: 12
2025-12-17 02:12:36,803 INFO [root] broadcast Sending to 2: 13
2025-12-17 02:12:36,803 INFO [root] broadcast Sending to 3: 14
2025-12-17 02:12:36,803 INFO [root] broadcast Sending to 4: 15
2025-12-17 02:12:36,804 INFO [root] [2] Received ECHO message from 13
2025-12-17 02:12:36,804 INFO [root] [2] Received ECHO message from 12
2025-12-17 02:12:36,805 INFO [root] [2] Received ECHO message from 15
2025-12-17 02:12:36,805 INFO [root] [2] Broadcasted READY message for roothash b'F\xd9\x87V\x1e\xc5\x00\x91\xc8\xc4\xe3\xd5R\xc1\x84\xff\x80\xa2;~6F\x14\xa2\x08D\xf6\xfe\x1f\x93U\x07'
2025-12-17 02:12:36,805 INFO [root] broadcast Sending to 1: 12
2025-12-17 02:12:36,805 INFO [root] broadcast Sending to 2: 13
2025-12-17 02:12:36,805 INFO [root] broadcast Sending to 3: 14
2025-12-17 02:12:36,805 INFO [root] broadcast Sending to 4: 15
2025-12-17 02:12:36,805 INFO [root] [2] Received READY message from 13
2025-12-17 02:12:36,805 INFO [root] [2] Received ECHO message from 14
2025-12-17 02:12:36,806 INFO [root] [2] Received READY message from 14
2025-12-17 02:12:36,806 INFO [root] [2] Received READY message from 12
2025-12-17 02:12:36,806 INFO [root] Decoding output for roothash: b'F\xd9\x87V\x1e\xc5\x00\x91\xc8\xc4\xe3\xd5R\xc1\x84\xff\x80\xa2;~6F\x14\xa2\x08D\xf6\xfe\x1f\x93U\x07'
2025-12-17 02:12:36,806 INFO [root] [1] Received RBC message
2025-12-17 02:12:36,807 INFO [root] multicast list: [12, 13, 14, 15]
2025-12-17 02:12:36,807 INFO [root] before avid.retrieve
2025-12-17 02:12:36,807 INFO [root] [1] Received VAL message from 10
2025-12-17 02:12:36,807 INFO [root] entering n == commitee_size + 1
2025-12-17 02:12:36,807 INFO [root] [1] sender: 10, leader: 2
2025-12-17 02:12:36,807 INFO [root] [1] Successfully validated VAL message
2025-12-17 02:12:36,807 INFO [root] [1] Broadcasted ECHO message for roothash b'\xad\xbb\x9eu\xb4\xca\xc9\xaf\xa9\xde\x95\xd8\xb2\xceW\xe8\x9f\xd0p\xef#;\xfa\xfeCL%\xa7)\xa5\xcb\xc2'
2025-12-17 02:12:36,807 INFO [root] broadcast Sending to 1: 12
2025-12-17 02:12:36,807 INFO [root] broadcast Sending to 2: 13
2025-12-17 02:12:36,807 INFO [root] broadcast Sending to 3: 14
2025-12-17 02:12:36,807 INFO [root] broadcast Sending to 4: 15
2025-12-17 02:12:36,807 INFO [root] [1] Received ECHO message from 13
2025-12-17 02:12:36,808 INFO [root] [2] Received VAL message from 8
2025-12-17 02:12:36,808 INFO [root] entering n == commitee_size + 1
2025-12-17 02:12:36,808 INFO [root] [2] sender: 8, leader: 0
2025-12-17 02:12:36,808 INFO [root] [2] Successfully validated VAL message
2025-12-17 02:12:36,808 INFO [root] [2] Broadcasted ECHO message for roothash b'\xd7\x90\xd8\xcd\xe6[Q\x0b\x1c\xbd6\xdcf\xcc\x8f\xa2\xa8\xa9J\x91;A\x04\xb1\x88\x07\xdb\x14\x17\xb0\xe2\xa8'
2025-12-17 02:12:36,808 INFO [root] broadcast Sending to 1: 12
2025-12-17 02:12:36,808 INFO [root] broadcast Sending to 2: 13
2025-12-17 02:12:36,808 INFO [root] broadcast Sending to 3: 14
2025-12-17 02:12:36,808 INFO [root] broadcast Sending to 4: 15
2025-12-17 02:12:36,808 INFO [root] [1] Received ECHO message from 12
2025-12-17 02:12:36,809 INFO [root] [1] Received ECHO message from 15
2025-12-17 02:12:36,809 INFO [root] [1] Broadcasted READY message for roothash b'\xad\xbb\x9eu\xb4\xca\xc9\xaf\xa9\xde\x95\xd8\xb2\xceW\xe8\x9f\xd0p\xef#;\xfa\xfeCL%\xa7)\xa5\xcb\xc2'
2025-12-17 02:12:36,809 INFO [root] broadcast Sending to 1: 12
2025-12-17 02:12:36,809 INFO [root] broadcast Sending to 2: 13
2025-12-17 02:12:36,809 INFO [root] broadcast Sending to 3: 14
2025-12-17 02:12:36,809 INFO [root] broadcast Sending to 4: 15
2025-12-17 02:12:36,809 INFO [root] [1] Received ECHO message from 14
2025-12-17 02:12:36,809 INFO [root] [2] Received ECHO message from 13
2025-12-17 02:12:36,809 INFO [root] [1] Received READY message from 13
2025-12-17 02:12:36,809 INFO [root] [1] Received READY message from 14
2025-12-17 02:12:36,809 INFO [root] [1] Received VAL message from 11
2025-12-17 02:12:36,809 INFO [root] entering n == commitee_size + 1
2025-12-17 02:12:36,809 INFO [root] [1] sender: 11, leader: 3
2025-12-17 02:12:36,809 INFO [root] [1] Successfully validated VAL message
2025-12-17 02:12:36,810 INFO [root] [1] Broadcasted ECHO message for roothash b'\xa1\x87B\x05^\xefF*I\xe7\x91\xa3\xc0\xcb\xca$\xbfp\xb5\xbfM"\xdf+\xb2\'\x0e\xd1\xfc\xb9B\xcd'
2025-12-17 02:12:36,810 INFO [root] broadcast Sending to 1: 12
2025-12-17 02:12:36,810 INFO [root] broadcast Sending to 2: 13
2025-12-17 02:12:36,810 INFO [root] broadcast Sending to 3: 14
2025-12-17 02:12:36,810 INFO [root] broadcast Sending to 4: 15
2025-12-17 02:12:36,810 INFO [root] [2] Received ECHO message from 12
2025-12-17 02:12:36,810 INFO [root] [1] Received ECHO message from 13
2025-12-17 02:12:36,810 INFO [root] [2] Received ECHO message from 14
2025-12-17 02:12:36,810 INFO [root] [2] Broadcasted READY message for roothash b'\xd7\x90\xd8\xcd\xe6[Q\x0b\x1c\xbd6\xdcf\xcc\x8f\xa2\xa8\xa9J\x91;A\x04\xb1\x88\x07\xdb\x14\x17\xb0\xe2\xa8'
2025-12-17 02:12:36,810 INFO [root] broadcast Sending to 1: 12
2025-12-17 02:12:36,810 INFO [root] broadcast Sending to 2: 13
2025-12-17 02:12:36,810 INFO [root] broadcast Sending to 3: 14
2025-12-17 02:12:36,811 INFO [root] broadcast Sending to 4: 15
2025-12-17 02:12:36,811 INFO [root] [2] Received ECHO message from 15
2025-12-17 02:12:36,811 INFO [root] [1] Received READY message from 12
2025-12-17 02:12:36,811 INFO [root] Decoding output for roothash: b'\xad\xbb\x9eu\xb4\xca\xc9\xaf\xa9\xde\x95\xd8\xb2\xceW\xe8\x9f\xd0p\xef#;\xfa\xfeCL%\xa7)\xa5\xcb\xc2'
2025-12-17 02:12:36,811 INFO [root] [1] Received RBC message
2025-12-17 02:12:36,811 INFO [root] multicast list: [12, 13, 14, 15]
2025-12-17 02:12:36,811 INFO [root] before avid.retrieve
2025-12-17 02:12:36,812 INFO [root] [2] Received READY message from 13
2025-12-17 02:12:36,812 INFO [root] [1] Received ECHO message from 12
2025-12-17 02:12:36,812 INFO [root] [1] Received ECHO message from 14
2025-12-17 02:12:36,812 INFO [root] [1] Broadcasted READY message for roothash b'\xa1\x87B\x05^\xefF*I\xe7\x91\xa3\xc0\xcb\xca$\xbfp\xb5\xbfM"\xdf+\xb2\'\x0e\xd1\xfc\xb9B\xcd'
2025-12-17 02:12:36,812 INFO [root] broadcast Sending to 1: 12
2025-12-17 02:12:36,812 INFO [root] broadcast Sending to 2: 13
2025-12-17 02:12:36,812 INFO [root] broadcast Sending to 3: 14
2025-12-17 02:12:36,812 INFO [root] broadcast Sending to 4: 15
2025-12-17 02:12:36,812 INFO [root] [1] Received ECHO message from 15
2025-12-17 02:12:36,812 INFO [root] [2] Received READY message from 14
2025-12-17 02:12:36,812 INFO [root] [1] Received READY message from 13
2025-12-17 02:12:36,812 INFO [root] [2] Received READY message from 15
2025-12-17 02:12:36,812 INFO [root] Decoding output for roothash: b'\xd7\x90\xd8\xcd\xe6[Q\x0b\x1c\xbd6\xdcf\xcc\x8f\xa2\xa8\xa9J\x91;A\x04\xb1\x88\x07\xdb\x14\x17\xb0\xe2\xa8'
2025-12-17 02:12:36,813 INFO [root] [1] Received RBC message
2025-12-17 02:12:36,813 INFO [root] multicast list: [12, 13, 14, 15]
2025-12-17 02:12:36,813 INFO [root] before avid.retrieve
2025-12-17 02:12:36,813 INFO [root] [1] Received READY message from 14
2025-12-17 02:12:36,814 INFO [root] [1] Received READY message from 15
2025-12-17 02:12:36,814 INFO [root] Decoding output for roothash: b'\xa1\x87B\x05^\xefF*I\xe7\x91\xa3\xc0\xcb\xca$\xbfp\xb5\xbfM"\xdf+\xb2\'\x0e\xd1\xfc\xb9B\xcd'
2025-12-17 02:12:36,814 INFO [root] [1] Received RBC message
2025-12-17 02:12:36,814 INFO [root] multicast list: [12, 13, 14, 15]
2025-12-17 02:12:36,814 INFO [root] before avid.retrieve
2025-12-17 02:12:36,986 INFO [root] AVID broadcast to 1: 12
2025-12-17 02:12:36,986 INFO [root] AVID broadcast to 2: 13
2025-12-17 02:12:36,987 INFO [root] AVID broadcast to 3: 14
2025-12-17 02:12:36,987 INFO [root] AVID broadcast to 4: 15
2025-12-17 02:12:36,987 INFO [root] AVID broadcast to 1: 12
2025-12-17 02:12:36,987 INFO [root] AVID broadcast to 2: 13
2025-12-17 02:12:36,987 INFO [root] AVID broadcast to 3: 14
2025-12-17 02:12:36,987 INFO [root] AVID broadcast to 4: 15
2025-12-17 02:12:36,988 INFO [root] AVID broadcast to 1: 12
2025-12-17 02:12:36,988 INFO [root] AVID broadcast to 2: 13
2025-12-17 02:12:36,988 INFO [root] AVID broadcast to 3: 14
2025-12-17 02:12:36,988 INFO [root] AVID broadcast to 4: 15
2025-12-17 02:12:36,988 INFO [root] AVID broadcast to 1: 12
2025-12-17 02:12:36,989 INFO [root] AVID broadcast to 2: 13
2025-12-17 02:12:36,989 INFO [root] AVID broadcast to 3: 14
2025-12-17 02:12:36,989 INFO [root] AVID broadcast to 4: 15
2025-12-17 02:12:36,989 INFO [root] 3-0-3-B-AVSS 1 RETRIEVE called.
2025-12-17 02:12:36,989 INFO [root] AVID broadcast to 1: 12
2025-12-17 02:12:36,989 INFO [root] AVID broadcast to 2: 13
2025-12-17 02:12:36,989 INFO [root] AVID broadcast to 3: 14
2025-12-17 02:12:36,989 INFO [root] AVID broadcast to 4: 15
2025-12-17 02:12:36,989 INFO [root] 3-0-3-B-AVSS 1 RETRIEVE broadcasted.
2025-12-17 02:12:36,990 INFO [root] disperse msid: 3-0-3-B-AVSS, index: 1
2025-12-17 02:12:36,990 INFO [root] AVID retrieve called with sid: 3-0-3-B-AVID, index: 1
2025-12-17 02:12:36,990 INFO [root] 3-0-3-B-AVSS 1 AVID retrieve msg from 13
2025-12-17 02:12:36,990 INFO [root] AVID retrieve response received
2025-12-17 02:12:36,990 INFO [root] retrieve msid: 3-0-3-B-AVID, response_index: 1
2025-12-17 02:12:36,990 INFO [root] RESPONSE from 13
2025-12-17 02:12:36,990 INFO [root] sender self.committee_size: 1
2025-12-17 02:12:36,990 INFO [root] disperse msid: 3-0-3-B-AVSS, index: 0
2025-12-17 02:12:36,991 INFO [root] AVID retrieve called with sid: 3-0-3-B-AVID, index: 0
2025-12-17 02:12:36,991 INFO [root] 0-0-3-B-AVSS 1 RETRIEVE called.
2025-12-17 02:12:36,991 INFO [root] AVID broadcast to 1: 12
2025-12-17 02:12:36,991 INFO [root] AVID broadcast to 2: 13
2025-12-17 02:12:36,991 INFO [root] AVID broadcast to 3: 14
2025-12-17 02:12:36,991 INFO [root] AVID broadcast to 4: 15
2025-12-17 02:12:36,991 INFO [root] 0-0-3-B-AVSS 1 RETRIEVE broadcasted.
2025-12-17 02:12:36,991 INFO [root] disperse msid: 0-0-3-B-AVSS, index: 1
2025-12-17 02:12:36,991 INFO [root] AVID retrieve called with sid: 0-0-3-B-AVID, index: 1
2025-12-17 02:12:36,992 INFO [root] disperse msid: 3-0-3-B-AVSS, index: 3
2025-12-17 02:12:36,992 INFO [root] AVID retrieve called with sid: 3-0-3-B-AVID, index: 3
2025-12-17 02:12:36,992 INFO [root] 3-0-3-B-AVSS 1 AVID retrieve msg from 12
2025-12-17 02:12:36,992 INFO [root] AVID retrieve response received
2025-12-17 02:12:36,993 INFO [root] retrieve msid: 3-0-3-B-AVID, response_index: 1
2025-12-17 02:12:36,993 INFO [root] RESPONSE from 12
2025-12-17 02:12:36,993 INFO [root] sender self.committee_size: 0
2025-12-17 02:12:36,993 INFO [root] 3-0-3-B-AVSS 1 RETRIEVE complete.
2025-12-17 02:12:36,993 INFO [root] after avid.retrieve dispersal_msg
2025-12-17 02:12:36,993 INFO [root] Handling dealer messages for dealer_id: 3, tag: 3-0-3-B-AVSS
2025-12-17 02:12:37,017 INFO [root] shares verified successfully
2025-12-17 02:12:37,017 INFO [root] all_shares_valid: True
2025-12-17 02:12:37,017 INFO [root] after _handle_dealer_msgs, all_shares_valid
2025-12-17 02:12:37,017 INFO [root] self.tagvars[tag]['all_shares_valid']: True
2025-12-17 02:12:37,017 INFO [root] multicast to 12
2025-12-17 02:12:37,017 INFO [root] multicast to 13
2025-12-17 02:12:37,017 INFO [root] multicast to 14
2025-12-17 02:12:37,017 INFO [root] multicast to 15
2025-12-17 02:12:37,018 INFO [root] 0-0-3-B-AVSS 1 AVID retrieve msg from 13
2025-12-17 02:12:37,018 INFO [root] AVID retrieve response received
2025-12-17 02:12:37,018 INFO [root] retrieve msid: 0-0-3-B-AVID, response_index: 1
2025-12-17 02:12:37,018 INFO [root] RESPONSE from 13
2025-12-17 02:12:37,018 INFO [root] sender self.committee_size: 1
2025-12-17 02:12:37,018 INFO [root] disperse msid: 0-0-3-B-AVSS, index: 0
2025-12-17 02:12:37,018 INFO [root] AVID retrieve called with sid: 0-0-3-B-AVID, index: 0
2025-12-17 02:12:37,018 INFO [root] disperse msid: 0-0-3-B-AVSS, index: 3
2025-12-17 02:12:37,018 INFO [root] AVID retrieve called with sid: 0-0-3-B-AVID, index: 3
2025-12-17 02:12:37,018 INFO [root] disperse msid: 3-0-3-B-AVSS, index: 2
2025-12-17 02:12:37,018 INFO [root] AVID retrieve called with sid: 3-0-3-B-AVID, index: 2
2025-12-17 02:12:37,019 INFO [root] [1] Received OK from [13]
2025-12-17 02:12:37,019 INFO [root] [1] OK set: {13}
2025-12-17 02:12:37,019 INFO [root] output: True
2025-12-17 02:12:37,019 INFO [root] disperse msid: 0-0-3-B-AVSS, index: 2
2025-12-17 02:12:37,019 INFO [root] AVID retrieve called with sid: 0-0-3-B-AVID, index: 2
2025-12-17 02:12:37,019 INFO [root] AVID broadcast to 1: 12
2025-12-17 02:12:37,019 INFO [root] AVID broadcast to 2: 13
2025-12-17 02:12:37,019 INFO [root] AVID broadcast to 3: 14
2025-12-17 02:12:37,019 INFO [root] AVID broadcast to 4: 15
2025-12-17 02:12:37,019 INFO [root] AVID broadcast to 1: 12
2025-12-17 02:12:37,019 INFO [root] AVID broadcast to 2: 13
2025-12-17 02:12:37,019 INFO [root] AVID broadcast to 3: 14
2025-12-17 02:12:37,019 INFO [root] AVID broadcast to 4: 15
2025-12-17 02:12:37,019 INFO [root] [1] Received OK from [15]
2025-12-17 02:12:37,019 INFO [root] [1] OK set: {13, 15}
2025-12-17 02:12:37,019 INFO [root] output: True
2025-12-17 02:12:37,019 INFO [root] [1] Received OK from [12]
2025-12-17 02:12:37,019 INFO [root] [1] OK set: {12, 13, 15}
2025-12-17 02:12:37,020 INFO [root] output: True
2025-12-17 02:12:37,020 INFO [root] 0-0-3-B-AVSS 1 AVID retrieve msg from 15
2025-12-17 02:12:37,020 INFO [root] AVID retrieve response received
2025-12-17 02:12:37,020 INFO [root] retrieve msid: 0-0-3-B-AVID, response_index: 1
2025-12-17 02:12:37,020 INFO [root] RESPONSE from 15
2025-12-17 02:12:37,020 INFO [root] sender self.committee_size: 3
2025-12-17 02:12:37,020 INFO [root] 0-0-3-B-AVSS 1 RETRIEVE complete.
2025-12-17 02:12:37,020 INFO [root] after avid.retrieve dispersal_msg
2025-12-17 02:12:37,020 INFO [root] Handling dealer messages for dealer_id: 0, tag: 0-0-3-B-AVSS
2025-12-17 02:12:37,029 INFO [root] shares verified successfully
2025-12-17 02:12:37,029 INFO [root] all_shares_valid: True
2025-12-17 02:12:37,029 INFO [root] after _handle_dealer_msgs, all_shares_valid
2025-12-17 02:12:37,029 INFO [root] self.tagvars[tag]['all_shares_valid']: True
2025-12-17 02:12:37,029 INFO [root] multicast to 12
2025-12-17 02:12:37,029 INFO [root] multicast to 13
2025-12-17 02:12:37,029 INFO [root] multicast to 14
2025-12-17 02:12:37,029 INFO [root] multicast to 15
2025-12-17 02:12:37,030 INFO [root] AVID broadcast to 1: 12
2025-12-17 02:12:37,030 INFO [root] AVID broadcast to 2: 13
2025-12-17 02:12:37,030 INFO [root] AVID broadcast to 3: 14
2025-12-17 02:12:37,030 INFO [root] AVID broadcast to 4: 15
2025-12-17 02:12:37,030 INFO [root] AVID broadcast to 1: 12
2025-12-17 02:12:37,030 INFO [root] AVID broadcast to 2: 13
2025-12-17 02:12:37,030 INFO [root] AVID broadcast to 3: 14
2025-12-17 02:12:37,030 INFO [root] AVID broadcast to 4: 15
2025-12-17 02:12:37,030 INFO [root] [1] Received OK from [13]
2025-12-17 02:12:37,030 INFO [root] [1] OK set: {13}
2025-12-17 02:12:37,030 INFO [root] output: True
2025-12-17 02:12:37,031 INFO [root] [1] Received OK from [14]
2025-12-17 02:12:37,031 INFO [root] [1] OK set: {12, 13, 14, 15}
2025-12-17 02:12:37,031 INFO [root] output: True
2025-12-17 02:12:37,031 INFO [root] [1] exit
2025-12-17 02:12:37,031 INFO [root] [1] Received OK from [12]
2025-12-17 02:12:37,031 INFO [root] [1] OK set: {12, 13}
2025-12-17 02:12:37,031 INFO [root] output: True
2025-12-17 02:12:37,031 INFO [root] [1] Received OK from [15]
2025-12-17 02:12:37,031 INFO [root] [1] OK set: {12, 13, 15}
2025-12-17 02:12:37,031 INFO [root] output: True
2025-12-17 02:12:37,031 INFO [root] 1-0-3-B-AVSS 1 RETRIEVE called.
2025-12-17 02:12:37,031 INFO [root] AVID broadcast to 1: 12
2025-12-17 02:12:37,031 INFO [root] AVID broadcast to 2: 13
2025-12-17 02:12:37,031 INFO [root] AVID broadcast to 3: 14
2025-12-17 02:12:37,031 INFO [root] AVID broadcast to 4: 15
2025-12-17 02:12:37,031 INFO [root] 1-0-3-B-AVSS 1 RETRIEVE broadcasted.
2025-12-17 02:12:37,031 INFO [root] 2-0-3-B-AVSS 1 RETRIEVE called.
2025-12-17 02:12:37,031 INFO [root] AVID broadcast to 1: 12
2025-12-17 02:12:37,031 INFO [root] AVID broadcast to 2: 13
2025-12-17 02:12:37,031 INFO [root] AVID broadcast to 3: 14
2025-12-17 02:12:37,031 INFO [root] AVID broadcast to 4: 15
2025-12-17 02:12:37,031 INFO [root] 2-0-3-B-AVSS 1 RETRIEVE broadcasted.
2025-12-17 02:12:37,032 INFO [root] disperse msid: 1-0-3-B-AVSS, index: 1
2025-12-17 02:12:37,032 INFO [root] AVID retrieve called with sid: 1-0-3-B-AVID, index: 1
2025-12-17 02:12:37,032 INFO [root] disperse msid: 2-0-3-B-AVSS, index: 1
2025-12-17 02:12:37,032 INFO [root] AVID retrieve called with sid: 2-0-3-B-AVID, index: 1
2025-12-17 02:12:37,032 INFO [root] 1-0-3-B-AVSS 1 AVID retrieve msg from 13
2025-12-17 02:12:37,032 INFO [root] AVID retrieve response received
2025-12-17 02:12:37,032 INFO [root] retrieve msid: 1-0-3-B-AVID, response_index: 1
2025-12-17 02:12:37,032 INFO [root] RESPONSE from 13
2025-12-17 02:12:37,032 INFO [root] sender self.committee_size: 1
2025-12-17 02:12:37,032 INFO [root] 2-0-3-B-AVSS 1 AVID retrieve msg from 13
2025-12-17 02:12:37,032 INFO [root] AVID retrieve response received
2025-12-17 02:12:37,032 INFO [root] retrieve msid: 2-0-3-B-AVID, response_index: 1
2025-12-17 02:12:37,032 INFO [root] RESPONSE from 13
2025-12-17 02:12:37,032 INFO [root] sender self.committee_size: 1
2025-12-17 02:12:37,033 INFO [root] disperse msid: 1-0-3-B-AVSS, index: 0
2025-12-17 02:12:37,033 INFO [root] AVID retrieve called with sid: 1-0-3-B-AVID, index: 0
2025-12-17 02:12:37,033 INFO [root] disperse msid: 1-0-3-B-AVSS, index: 3
2025-12-17 02:12:37,033 INFO [root] AVID retrieve called with sid: 1-0-3-B-AVID, index: 3
2025-12-17 02:12:37,033 INFO [root] disperse msid: 2-0-3-B-AVSS, index: 0
2025-12-17 02:12:37,033 INFO [root] AVID retrieve called with sid: 2-0-3-B-AVID, index: 0
2025-12-17 02:12:37,033 INFO [root] disperse msid: 2-0-3-B-AVSS, index: 3
2025-12-17 02:12:37,033 INFO [root] AVID retrieve called with sid: 2-0-3-B-AVID, index: 3
2025-12-17 02:12:37,033 INFO [root] [1] Received OK from [14]
2025-12-17 02:12:37,033 INFO [root] [1] OK set: {12, 13, 14, 15}
2025-12-17 02:12:37,033 INFO [root] output: True
2025-12-17 02:12:37,033 INFO [root] [1] exit
2025-12-17 02:12:37,034 INFO [root] 1-0-3-B-AVSS 1 AVID retrieve msg from 15
2025-12-17 02:12:37,034 INFO [root] AVID retrieve response received
2025-12-17 02:12:37,034 INFO [root] retrieve msid: 1-0-3-B-AVID, response_index: 1
2025-12-17 02:12:37,034 INFO [root] RESPONSE from 15
2025-12-17 02:12:37,034 INFO [root] sender self.committee_size: 3
2025-12-17 02:12:37,034 INFO [root] 1-0-3-B-AVSS 1 RETRIEVE complete.
2025-12-17 02:12:37,034 INFO [root] after avid.retrieve dispersal_msg
2025-12-17 02:12:37,034 INFO [root] Handling dealer messages for dealer_id: 1, tag: 1-0-3-B-AVSS
2025-12-17 02:12:37,043 INFO [root] shares verified successfully
2025-12-17 02:12:37,043 INFO [root] all_shares_valid: True
2025-12-17 02:12:37,043 INFO [root] after _handle_dealer_msgs, all_shares_valid
2025-12-17 02:12:37,043 INFO [root] self.tagvars[tag]['all_shares_valid']: True
2025-12-17 02:12:37,043 INFO [root] multicast to 12
2025-12-17 02:12:37,044 INFO [root] multicast to 13
2025-12-17 02:12:37,044 INFO [root] multicast to 14
2025-12-17 02:12:37,044 INFO [root] multicast to 15
2025-12-17 02:12:37,044 INFO [root] 2-0-3-B-AVSS 1 AVID retrieve msg from 12
2025-12-17 02:12:37,044 INFO [root] AVID retrieve response received
2025-12-17 02:12:37,044 INFO [root] retrieve msid: 2-0-3-B-AVID, response_index: 1
2025-12-17 02:12:37,044 INFO [root] RESPONSE from 12
2025-12-17 02:12:37,044 INFO [root] sender self.committee_size: 0
2025-12-17 02:12:37,044 INFO [root] 2-0-3-B-AVSS 1 RETRIEVE complete.
2025-12-17 02:12:37,044 INFO [root] after avid.retrieve dispersal_msg
2025-12-17 02:12:37,044 INFO [root] Handling dealer messages for dealer_id: 2, tag: 2-0-3-B-AVSS
2025-12-17 02:12:37,053 INFO [root] shares verified successfully
2025-12-17 02:12:37,053 INFO [root] all_shares_valid: True
2025-12-17 02:12:37,053 INFO [root] after _handle_dealer_msgs, all_shares_valid
2025-12-17 02:12:37,053 INFO [root] self.tagvars[tag]['all_shares_valid']: True
2025-12-17 02:12:37,053 INFO [root] multicast to 12
2025-12-17 02:12:37,053 INFO [root] multicast to 13
2025-12-17 02:12:37,053 INFO [root] multicast to 14
2025-12-17 02:12:37,053 INFO [root] multicast to 15
2025-12-17 02:12:37,054 INFO [root] key_proposal: [3, 0, 1, 2]
2025-12-17 02:12:37,054 INFO [beaver.transfer] [1] [random shares] Starting ACS where node 1 is set as leader 
2025-12-17 02:12:37,054 INFO [beaver.transfer] [1] [random shares] The proposal of node 1 is [3, 0, 1, 2]
2025-12-17 02:12:37,054 INFO [root] enter handle_message
2025-12-17 02:12:37,054 INFO [root] [1] I am the leader, broadcasting my input
2025-12-17 02:12:37,054 INFO [root] [1] otmvba Broadcasting to 12
2025-12-17 02:12:37,054 INFO [root] [1] otmvba Broadcasting to 13
2025-12-17 02:12:37,054 INFO [root] [1] otmvba Broadcasting to 14
2025-12-17 02:12:37,054 INFO [root] [1] otmvba Broadcasting to 15
2025-12-17 02:12:37,055 INFO [root] [1] Received OK from [13]
2025-12-17 02:12:37,055 INFO [root] [1] OK set: {13}
2025-12-17 02:12:37,055 INFO [root] output: True
2025-12-17 02:12:37,055 INFO [root] [1] Received OK from [13]
2025-12-17 02:12:37,055 INFO [root] [1] OK set: {13}
2025-12-17 02:12:37,055 INFO [root] output: True
2025-12-17 02:12:37,055 INFO [root] disperse msid: 1-0-3-B-AVSS, index: 2
2025-12-17 02:12:37,055 INFO [root] AVID retrieve called with sid: 1-0-3-B-AVID, index: 2
2025-12-17 02:12:37,055 INFO [root] disperse msid: 2-0-3-B-AVSS, index: 2
2025-12-17 02:12:37,055 INFO [root] AVID retrieve called with sid: 2-0-3-B-AVID, index: 2
2025-12-17 02:12:37,055 INFO [root] [1] Received OK from [12]
2025-12-17 02:12:37,055 INFO [root] [1] OK set: {12, 13}
2025-12-17 02:12:37,055 INFO [root] output: True
2025-12-17 02:12:37,055 INFO [root] [1] Received OK from [15]
2025-12-17 02:12:37,055 INFO [root] [1] OK set: {12, 13, 15}
2025-12-17 02:12:37,055 INFO [root] output: True
2025-12-17 02:12:37,055 INFO [root] [1] Received OK from [12]
2025-12-17 02:12:37,055 INFO [root] [1] OK set: {12, 13}
2025-12-17 02:12:37,055 INFO [root] output: True
2025-12-17 02:12:37,055 INFO [root] [1] Received OK from [15]
2025-12-17 02:12:37,055 INFO [root] [1] OK set: {12, 13, 15}
2025-12-17 02:12:37,055 INFO [root] output: True
2025-12-17 02:12:37,055 INFO [root] [1] otmvba msg value
2025-12-17 02:12:37,055 INFO [root] [1] otmvba handle value message
2025-12-17 02:12:37,055 INFO [root] [1] value-self.acss_outputs.keys():dict_keys([3, 0, 1, 2])
2025-12-17 02:12:37,056 INFO [root] [1] --Directly send the proposal!--
2025-12-17 02:12:37,056 INFO [root] [1] otmvba msg prevote
2025-12-17 02:12:37,056 INFO [root] [1] otmvba handle prevote message
2025-12-17 02:12:37,064 INFO [root] [1] otmvba msg prevote
2025-12-17 02:12:37,064 INFO [root] [1] otmvba handle prevote message
2025-12-17 02:12:37,071 INFO [root] [1] otmvba msg prevote
2025-12-17 02:12:37,071 INFO [root] [1] otmvba handle prevote message
2025-12-17 02:12:37,087 INFO [root] [1] otmvba Broadcasting to 12
2025-12-17 02:12:37,087 INFO [root] [1] otmvba Broadcasting to 13
2025-12-17 02:12:37,087 INFO [root] [1] otmvba Broadcasting to 14
2025-12-17 02:12:37,087 INFO [root] [1] otmvba Broadcasting to 15
2025-12-17 02:12:37,087 INFO [root] [1] otmvba msg PrevoteQC
2025-12-17 02:12:37,087 INFO [root] [1] otmvba handle prevote qc message
2025-12-17 02:12:37,095 INFO [root] [1] Received OK from [14]
2025-12-17 02:12:37,095 INFO [root] [1] OK set: {12, 13, 14, 15}
2025-12-17 02:12:37,095 INFO [root] output: True
2025-12-17 02:12:37,095 INFO [root] [1] exit
2025-12-17 02:12:37,095 INFO [root] [1] Received OK from [14]
2025-12-17 02:12:37,095 INFO [root] [1] OK set: {12, 13, 14, 15}
2025-12-17 02:12:37,095 INFO [root] output: True
2025-12-17 02:12:37,095 INFO [root] [1] exit
2025-12-17 02:12:37,095 INFO [root] [1] otmvba msg prevote
2025-12-17 02:12:37,096 INFO [root] [1] otmvba handle prevote message
2025-12-17 02:12:37,103 INFO [root] [1] otmvba msg vote
2025-12-17 02:12:37,103 INFO [root] [1] otmvba handle vote message
2025-12-17 02:12:37,111 INFO [root] [1] otmvba msg vote
2025-12-17 02:12:37,111 INFO [root] [1] otmvba handle vote message
2025-12-17 02:12:37,119 INFO [root] [1] otmvba msg vote
2025-12-17 02:12:37,119 INFO [root] [1] otmvba handle vote message
2025-12-17 02:12:37,134 INFO [root] [1] otmvba Broadcasting to 12
2025-12-17 02:12:37,134 INFO [root] [1] otmvba Broadcasting to 13
2025-12-17 02:12:37,134 INFO [root] [1] otmvba Broadcasting to 14
2025-12-17 02:12:37,134 INFO [root] [1] otmvba Broadcasting to 15
2025-12-17 02:12:37,134 INFO [root] [1] otmvba msg vote
2025-12-17 02:12:37,134 INFO [root] [1] otmvba handle vote message
2025-12-17 02:12:37,142 INFO [root] [1] otmvba msg VoteQC
2025-12-17 02:12:37,142 INFO [root] [1] otmvba handle vote qc message
2025-12-17 02:12:37,150 INFO [root] [1] otmvba Broadcasting to 12
2025-12-17 02:12:37,150 INFO [root] [1] otmvba Broadcasting to 13
2025-12-17 02:12:37,150 INFO [root] [1] otmvba Broadcasting to 14
2025-12-17 02:12:37,150 INFO [root] [1] otmvba Broadcasting to 15
2025-12-17 02:12:37,150 INFO [root] [1] otmvba msg Terminate
2025-12-17 02:12:37,150 INFO [root] [1] otmvba handle terminate message
2025-12-17 02:12:37,158 INFO [root] [1] otmvba Broadcasting to 12
2025-12-17 02:12:37,158 INFO [root] [1] otmvba Broadcasting to 13
2025-12-17 02:12:37,158 INFO [root] [1] otmvba Broadcasting to 14
2025-12-17 02:12:37,158 INFO [root] [1] otmvba Broadcasting to 15
2025-12-17 02:12:37,158 INFO [beaver.transfer] [1] [random shares] The ACS set is [0, 1, 2, 3]
2025-12-17 02:12:37,158 INFO [root] common: [0, 1, 2, 3]
2025-12-17 02:12:37,190 INFO [beaver.transfer] [1] [asynchronous dynamic transfer] Finished! Node 1, total number: 50, time: 2.5446529388427734 (seconds)
2025-12-17 02:12:37,190 INFO [root] layer ID: 3 trans_foll_time: 2.5454177856445312
2025-12-17 02:12:37,190 INFO [beaver.batch_multiplication] [1] Starting BatchMultiplication
2025-12-17 02:12:37,190 INFO [beaver.batch_multiplication] [1] Starting ACSS to evaluate 50 multiplication gates
2025-12-17 02:12:37,191 INFO [root] [1] Starting Batch AVSS. Id: 0, Dealer Id: 0, Client Mode: False
2025-12-17 02:12:37,191 INFO [root] [1] AVSS tag: 0-0-3-B-AVSS
2025-12-17 02:12:37,191 INFO [root] [1] RBC tag: 0-0-3-B-RBC
2025-12-17 02:12:37,191 INFO [root] [1] Starting AVSS with shares_num: 50, dealer_id: 0, client_mode: False
2025-12-17 02:12:37,191 INFO [root] rbc_list: [8, 12, 13, 14, 15]
2025-12-17 02:12:37,191 INFO [root] committee_size: 4
2025-12-17 02:12:37,191 INFO [root] n: 5
2025-12-17 02:12:37,191 INFO [root] f: 1
2025-12-17 02:12:37,191 INFO [root] pid: 2
2025-12-17 02:12:37,191 INFO [root] leader: 0
2025-12-17 02:12:37,191 INFO [root] [2] Received VAL message from 8
2025-12-17 02:12:37,191 INFO [root] entering n == commitee_size + 1
2025-12-17 02:12:37,191 INFO [root] [2] sender: 8, leader: 0
2025-12-17 02:12:37,191 INFO [root] [2] Successfully validated VAL message
2025-12-17 02:12:37,191 INFO [root] [2] Broadcasted ECHO message for roothash b'\xd3\x02%\x84\x11f\xf36$\xfb\xa0\xe8\x9e\xfa\x1b\xbd\x89\x85\xdb\xde\xe6\x93\x97.#\xba\x147]"\x08\x07'
2025-12-17 02:12:37,191 INFO [root] broadcast Sending to 1: 12
2025-12-17 02:12:37,191 INFO [root] broadcast Sending to 2: 13
2025-12-17 02:12:37,191 INFO [root] broadcast Sending to 3: 14
2025-12-17 02:12:37,191 INFO [root] broadcast Sending to 4: 15
2025-12-17 02:12:37,191 INFO [root] [1] Starting Batch AVSS. Id: 0, Dealer Id: 1, Client Mode: False
2025-12-17 02:12:37,191 INFO [root] [1] AVSS tag: 1-0-3-B-AVSS
2025-12-17 02:12:37,191 INFO [root] [1] RBC tag: 1-0-3-B-RBC
2025-12-17 02:12:37,191 INFO [root] [1] Starting AVSS with shares_num: 50, dealer_id: 1, client_mode: False
2025-12-17 02:12:37,191 INFO [root] rbc_list: [9, 12, 13, 14, 15]
2025-12-17 02:12:37,191 INFO [root] committee_size: 4
2025-12-17 02:12:37,191 INFO [root] n: 5
2025-12-17 02:12:37,191 INFO [root] f: 1
2025-12-17 02:12:37,191 INFO [root] pid: 2
2025-12-17 02:12:37,191 INFO [root] leader: 1
2025-12-17 02:12:37,191 INFO [root] [2] Received VAL message from 9
2025-12-17 02:12:37,192 INFO [root] entering n == commitee_size + 1
2025-12-17 02:12:37,192 INFO [root] [2] sender: 9, leader: 1
2025-12-17 02:12:37,192 INFO [root] [2] Successfully validated VAL message
2025-12-17 02:12:37,192 INFO [root] [2] Broadcasted ECHO message for roothash b'\x952l\x84A\x91#\x81+\x8b\xdf.\x86 I\t\xccM\x06\xef\xe7\xa9\xc22v\xcd(\x94X\xd7\x9a\xc6'
2025-12-17 02:12:37,192 INFO [root] broadcast Sending to 1: 12
2025-12-17 02:12:37,192 INFO [root] broadcast Sending to 2: 13
2025-12-17 02:12:37,192 INFO [root] broadcast Sending to 3: 14
2025-12-17 02:12:37,192 INFO [root] broadcast Sending to 4: 15
2025-12-17 02:12:37,192 INFO [root] [1] Starting Batch AVSS. Id: 0, Dealer Id: 2, Client Mode: False
2025-12-17 02:12:37,192 INFO [root] [1] AVSS tag: 2-0-3-B-AVSS
2025-12-17 02:12:37,192 INFO [root] [1] RBC tag: 2-0-3-B-RBC
2025-12-17 02:12:37,192 INFO [root] [1] Starting AVSS with shares_num: 50, dealer_id: 2, client_mode: False
2025-12-17 02:12:37,192 INFO [root] rbc_list: [10, 12, 13, 14, 15]
2025-12-17 02:12:37,192 INFO [root] committee_size: 4
2025-12-17 02:12:37,192 INFO [root] n: 5
2025-12-17 02:12:37,192 INFO [root] f: 1
2025-12-17 02:12:37,192 INFO [root] pid: 1
2025-12-17 02:12:37,192 INFO [root] leader: 2
2025-12-17 02:12:37,192 INFO [root] [1] Received VAL message from 10
2025-12-17 02:12:37,192 INFO [root] entering n == commitee_size + 1
2025-12-17 02:12:37,192 INFO [root] [1] sender: 10, leader: 2
2025-12-17 02:12:37,192 INFO [root] [1] Successfully validated VAL message
2025-12-17 02:12:37,192 INFO [root] [1] Broadcasted ECHO message for roothash b'eIm\xcce\xdd)\xa0@\xaf\xb2\xb5\xb0\xbc\xa3T\xd4\xa8\xbdRD\xc6\xf9\xbb\xf37x\x97\xda\xd8\x7f\xad'
2025-12-17 02:12:37,192 INFO [root] broadcast Sending to 1: 12
2025-12-17 02:12:37,192 INFO [root] broadcast Sending to 2: 13
2025-12-17 02:12:37,192 INFO [root] broadcast Sending to 3: 14
2025-12-17 02:12:37,192 INFO [root] broadcast Sending to 4: 15
2025-12-17 02:12:37,192 INFO [root] [1] Starting Batch AVSS. Id: 0, Dealer Id: 3, Client Mode: False
2025-12-17 02:12:37,192 INFO [root] [1] AVSS tag: 3-0-3-B-AVSS
2025-12-17 02:12:37,193 INFO [root] [1] RBC tag: 3-0-3-B-RBC
2025-12-17 02:12:37,193 INFO [root] [1] Starting AVSS with shares_num: 50, dealer_id: 3, client_mode: False
2025-12-17 02:12:37,193 INFO [root] rbc_list: [11, 12, 13, 14, 15]
2025-12-17 02:12:37,193 INFO [root] committee_size: 4
2025-12-17 02:12:37,193 INFO [root] n: 5
2025-12-17 02:12:37,193 INFO [root] f: 1
2025-12-17 02:12:37,193 INFO [root] pid: 1
2025-12-17 02:12:37,193 INFO [root] leader: 3
2025-12-17 02:12:37,193 INFO [root] [1] Received VAL message from 11
2025-12-17 02:12:37,193 INFO [root] entering n == commitee_size + 1
2025-12-17 02:12:37,193 INFO [root] [1] sender: 11, leader: 3
2025-12-17 02:12:37,193 INFO [root] [1] Successfully validated VAL message
2025-12-17 02:12:37,193 INFO [root] [1] Broadcasted ECHO message for roothash b'p\x9cYn\x99\xfdY\x15|7\t\x94\x16\x00\xfcD$[\xf5\xd0f\x815\x1e\xa1I\x99\xaf\xa9J\x06\xe4'
2025-12-17 02:12:37,193 INFO [root] broadcast Sending to 1: 12
2025-12-17 02:12:37,193 INFO [root] broadcast Sending to 2: 13
2025-12-17 02:12:37,193 INFO [root] broadcast Sending to 3: 14
2025-12-17 02:12:37,193 INFO [root] broadcast Sending to 4: 15
2025-12-17 02:12:37,194 INFO [root] [2] Received ECHO message from 13
2025-12-17 02:12:37,194 INFO [root] [2] Received ECHO message from 13
2025-12-17 02:12:37,194 INFO [root] [1] Received ECHO message from 13
2025-12-17 02:12:37,194 INFO [root] [1] Received ECHO message from 13
2025-12-17 02:12:37,194 INFO [root] [2] Received ECHO message from 15
2025-12-17 02:12:37,194 INFO [root] [2] Received ECHO message from 15
2025-12-17 02:12:37,194 INFO [root] [1] Received ECHO message from 15
2025-12-17 02:12:37,195 INFO [root] [1] Received ECHO message from 15
2025-12-17 02:12:37,196 INFO [root] [2] Received ECHO message from 12
2025-12-17 02:12:37,196 INFO [root] [2] Broadcasted READY message for roothash b'\xd3\x02%\x84\x11f\xf36$\xfb\xa0\xe8\x9e\xfa\x1b\xbd\x89\x85\xdb\xde\xe6\x93\x97.#\xba\x147]"\x08\x07'
2025-12-17 02:12:37,196 INFO [root] broadcast Sending to 1: 12
2025-12-17 02:12:37,196 INFO [root] broadcast Sending to 2: 13
2025-12-17 02:12:37,196 INFO [root] broadcast Sending to 3: 14
2025-12-17 02:12:37,196 INFO [root] broadcast Sending to 4: 15
2025-12-17 02:12:37,196 INFO [root] [2] Received ECHO message from 14
2025-12-17 02:12:37,197 INFO [root] [2] Received ECHO message from 12
2025-12-17 02:12:37,197 INFO [root] [2] Broadcasted READY message for roothash b'\x952l\x84A\x91#\x81+\x8b\xdf.\x86 I\t\xccM\x06\xef\xe7\xa9\xc22v\xcd(\x94X\xd7\x9a\xc6'
2025-12-17 02:12:37,197 INFO [root] broadcast Sending to 1: 12
2025-12-17 02:12:37,197 INFO [root] broadcast Sending to 2: 13
2025-12-17 02:12:37,197 INFO [root] broadcast Sending to 3: 14
2025-12-17 02:12:37,197 INFO [root] broadcast Sending to 4: 15
2025-12-17 02:12:37,197 INFO [root] [2] Received ECHO message from 14
2025-12-17 02:12:37,197 INFO [root] [1] Received ECHO message from 12
2025-12-17 02:12:37,197 INFO [root] [1] Broadcasted READY message for roothash b'eIm\xcce\xdd)\xa0@\xaf\xb2\xb5\xb0\xbc\xa3T\xd4\xa8\xbdRD\xc6\xf9\xbb\xf37x\x97\xda\xd8\x7f\xad'
2025-12-17 02:12:37,197 INFO [root] broadcast Sending to 1: 12
2025-12-17 02:12:37,197 INFO [root] broadcast Sending to 2: 13
2025-12-17 02:12:37,197 INFO [root] broadcast Sending to 3: 14
2025-12-17 02:12:37,197 INFO [root] broadcast Sending to 4: 15
2025-12-17 02:12:37,197 INFO [root] [1] Received ECHO message from 14
2025-12-17 02:12:37,197 INFO [root] [1] Received ECHO message from 12
2025-12-17 02:12:37,197 INFO [root] [1] Broadcasted READY message for roothash b'p\x9cYn\x99\xfdY\x15|7\t\x94\x16\x00\xfcD$[\xf5\xd0f\x815\x1e\xa1I\x99\xaf\xa9J\x06\xe4'
2025-12-17 02:12:37,197 INFO [root] broadcast Sending to 1: 12
2025-12-17 02:12:37,197 INFO [root] broadcast Sending to 2: 13
2025-12-17 02:12:37,197 INFO [root] broadcast Sending to 3: 14
2025-12-17 02:12:37,197 INFO [root] broadcast Sending to 4: 15
2025-12-17 02:12:37,197 INFO [root] [1] Received ECHO message from 14
2025-12-17 02:12:37,198 INFO [root] [2] Received READY message from 13
2025-12-17 02:12:37,198 INFO [root] [2] Received READY message from 13
2025-12-17 02:12:37,198 INFO [root] [1] Received READY message from 13
2025-12-17 02:12:37,198 INFO [root] [1] Received READY message from 13
2025-12-17 02:12:37,198 INFO [root] [2] Received READY message from 14
2025-12-17 02:12:37,198 INFO [root] [2] Received READY message from 15
2025-12-17 02:12:37,198 INFO [root] Decoding output for roothash: b'\xd3\x02%\x84\x11f\xf36$\xfb\xa0\xe8\x9e\xfa\x1b\xbd\x89\x85\xdb\xde\xe6\x93\x97.#\xba\x147]"\x08\x07'
2025-12-17 02:12:37,199 INFO [root] [1] Received RBC message
2025-12-17 02:12:37,199 INFO [root] multicast list: [12, 13, 14, 15]
2025-12-17 02:12:37,199 INFO [root] before avid.retrieve
2025-12-17 02:12:37,199 INFO [root] [2] Received READY message from 14
2025-12-17 02:12:37,199 INFO [root] [2] Received READY message from 12
2025-12-17 02:12:37,199 INFO [root] Decoding output for roothash: b'\x952l\x84A\x91#\x81+\x8b\xdf.\x86 I\t\xccM\x06\xef\xe7\xa9\xc22v\xcd(\x94X\xd7\x9a\xc6'
2025-12-17 02:12:37,199 INFO [root] [1] Received RBC message
2025-12-17 02:12:37,199 INFO [root] multicast list: [12, 13, 14, 15]
2025-12-17 02:12:37,199 INFO [root] before avid.retrieve
2025-12-17 02:12:37,199 INFO [root] [1] Received READY message from 14
2025-12-17 02:12:37,199 INFO [root] [1] Received READY message from 12
2025-12-17 02:12:37,199 INFO [root] Decoding output for roothash: b'eIm\xcce\xdd)\xa0@\xaf\xb2\xb5\xb0\xbc\xa3T\xd4\xa8\xbdRD\xc6\xf9\xbb\xf37x\x97\xda\xd8\x7f\xad'
2025-12-17 02:12:37,199 INFO [root] [1] Received RBC message
2025-12-17 02:12:37,200 INFO [root] multicast list: [12, 13, 14, 15]
2025-12-17 02:12:37,200 INFO [root] before avid.retrieve
2025-12-17 02:12:37,200 INFO [root] [1] Received READY message from 14
2025-12-17 02:12:37,200 INFO [root] [1] Received READY message from 12
2025-12-17 02:12:37,200 INFO [root] Decoding output for roothash: b'p\x9cYn\x99\xfdY\x15|7\t\x94\x16\x00\xfcD$[\xf5\xd0f\x815\x1e\xa1I\x99\xaf\xa9J\x06\xe4'
2025-12-17 02:12:37,200 INFO [root] [1] Received RBC message
2025-12-17 02:12:37,200 INFO [root] multicast list: [12, 13, 14, 15]
2025-12-17 02:12:37,200 INFO [root] before avid.retrieve
2025-12-17 02:12:37,200 INFO [root] AVID broadcast to 1: 12
2025-12-17 02:12:37,200 INFO [root] AVID broadcast to 2: 13
2025-12-17 02:12:37,200 INFO [root] AVID broadcast to 3: 14
2025-12-17 02:12:37,200 INFO [root] AVID broadcast to 4: 15
2025-12-17 02:12:37,201 INFO [root] AVID broadcast to 1: 12
2025-12-17 02:12:37,201 INFO [root] AVID broadcast to 2: 13
2025-12-17 02:12:37,201 INFO [root] AVID broadcast to 3: 14
2025-12-17 02:12:37,201 INFO [root] AVID broadcast to 4: 15
2025-12-17 02:12:37,201 INFO [root] AVID broadcast to 1: 12
2025-12-17 02:12:37,201 INFO [root] AVID broadcast to 2: 13
2025-12-17 02:12:37,201 INFO [root] AVID broadcast to 3: 14
2025-12-17 02:12:37,201 INFO [root] AVID broadcast to 4: 15
2025-12-17 02:12:37,201 INFO [root] AVID broadcast to 1: 12
2025-12-17 02:12:37,201 INFO [root] AVID broadcast to 2: 13
2025-12-17 02:12:37,201 INFO [root] AVID broadcast to 3: 14
2025-12-17 02:12:37,201 INFO [root] AVID broadcast to 4: 15
2025-12-17 02:12:37,202 INFO [root] AVID broadcast to 1: 12
2025-12-17 02:12:37,202 INFO [root] AVID broadcast to 2: 13
2025-12-17 02:12:37,202 INFO [root] AVID broadcast to 3: 14
2025-12-17 02:12:37,202 INFO [root] AVID broadcast to 4: 15
2025-12-17 02:12:37,203 INFO [root] AVID broadcast to 1: 12
2025-12-17 02:12:37,203 INFO [root] AVID broadcast to 2: 13
2025-12-17 02:12:37,203 INFO [root] AVID broadcast to 3: 14
2025-12-17 02:12:37,203 INFO [root] AVID broadcast to 4: 15
2025-12-17 02:12:37,203 INFO [root] AVID broadcast to 1: 12
2025-12-17 02:12:37,203 INFO [root] AVID broadcast to 2: 13
2025-12-17 02:12:37,203 INFO [root] AVID broadcast to 3: 14
2025-12-17 02:12:37,203 INFO [root] AVID broadcast to 4: 15
2025-12-17 02:12:37,203 INFO [root] AVID broadcast to 1: 12
2025-12-17 02:12:37,203 INFO [root] AVID broadcast to 2: 13
2025-12-17 02:12:37,203 INFO [root] AVID broadcast to 3: 14
2025-12-17 02:12:37,203 INFO [root] AVID broadcast to 4: 15
2025-12-17 02:12:37,204 INFO [root] 0-0-3-B-AVSS 1 RETRIEVE called.
2025-12-17 02:12:37,204 INFO [root] AVID broadcast to 1: 12
2025-12-17 02:12:37,204 INFO [root] AVID broadcast to 2: 13
2025-12-17 02:12:37,204 INFO [root] AVID broadcast to 3: 14
2025-12-17 02:12:37,204 INFO [root] AVID broadcast to 4: 15
num_generators 50
padded_num_generators 64
2025-12-17 02:12:37,204 INFO [root] 0-0-3-B-AVSS 1 RETRIEVE broadcasted.
2025-12-17 02:12:37,205 INFO [root] 1-0-3-B-AVSS 1 RETRIEVE called.
2025-12-17 02:12:37,205 INFO [root] AVID broadcast to 1: 12
2025-12-17 02:12:37,205 INFO [root] AVID broadcast to 2: 13
2025-12-17 02:12:37,205 INFO [root] AVID broadcast to 3: 14
2025-12-17 02:12:37,205 INFO [root] AVID broadcast to 4: 15
2025-12-17 02:12:37,205 INFO [root] 1-0-3-B-AVSS 1 RETRIEVE broadcasted.
2025-12-17 02:12:37,205 INFO [root] 2-0-3-B-AVSS 1 RETRIEVE called.
2025-12-17 02:12:37,205 INFO [root] AVID broadcast to 1: 12
2025-12-17 02:12:37,205 INFO [root] AVID broadcast to 2: 13
2025-12-17 02:12:37,205 INFO [root] AVID broadcast to 3: 14
2025-12-17 02:12:37,205 INFO [root] AVID broadcast to 4: 15
2025-12-17 02:12:37,205 INFO [root] 2-0-3-B-AVSS 1 RETRIEVE broadcasted.
2025-12-17 02:12:37,205 INFO [root] 3-0-3-B-AVSS 1 RETRIEVE called.
2025-12-17 02:12:37,205 INFO [root] AVID broadcast to 1: 12
2025-12-17 02:12:37,205 INFO [root] AVID broadcast to 2: 13
2025-12-17 02:12:37,205 INFO [root] AVID broadcast to 3: 14
2025-12-17 02:12:37,205 INFO [root] AVID broadcast to 4: 15
2025-12-17 02:12:37,205 INFO [root] 3-0-3-B-AVSS 1 RETRIEVE broadcasted.
2025-12-17 02:12:37,205 INFO [root] disperse msid: 0-0-3-B-AVSS, index: 1
2025-12-17 02:12:37,206 INFO [root] AVID retrieve called with sid: 0-0-3-B-AVID, index: 1
2025-12-17 02:12:37,206 INFO [root] disperse msid: 0-0-3-B-AVSS, index: 2
2025-12-17 02:12:37,206 INFO [root] AVID retrieve called with sid: 0-0-3-B-AVID, index: 2
2025-12-17 02:12:37,206 INFO [root] disperse msid: 1-0-3-B-AVSS, index: 1
2025-12-17 02:12:37,206 INFO [root] AVID retrieve called with sid: 1-0-3-B-AVID, index: 1
2025-12-17 02:12:37,206 INFO [root] disperse msid: 2-0-3-B-AVSS, index: 1
2025-12-17 02:12:37,206 INFO [root] AVID retrieve called with sid: 2-0-3-B-AVID, index: 1
2025-12-17 02:12:37,206 INFO [root] disperse msid: 3-0-3-B-AVSS, index: 1
2025-12-17 02:12:37,206 INFO [root] AVID retrieve called with sid: 3-0-3-B-AVID, index: 1
2025-12-17 02:12:37,206 INFO [root] 0-0-3-B-AVSS 1 AVID retrieve msg from 13
2025-12-17 02:12:37,206 INFO [root] AVID retrieve response received
2025-12-17 02:12:37,207 INFO [root] retrieve msid: 0-0-3-B-AVID, response_index: 1
2025-12-17 02:12:37,207 INFO [root] RESPONSE from 13
2025-12-17 02:12:37,207 INFO [root] sender self.committee_size: 1
2025-12-17 02:12:37,207 INFO [root] 1-0-3-B-AVSS 1 AVID retrieve msg from 13
2025-12-17 02:12:37,207 INFO [root] AVID retrieve response received
2025-12-17 02:12:37,207 INFO [root] retrieve msid: 1-0-3-B-AVID, response_index: 1
2025-12-17 02:12:37,207 INFO [root] RESPONSE from 13
2025-12-17 02:12:37,207 INFO [root] sender self.committee_size: 1
2025-12-17 02:12:37,207 INFO [root] 2-0-3-B-AVSS 1 AVID retrieve msg from 13
2025-12-17 02:12:37,207 INFO [root] AVID retrieve response received
2025-12-17 02:12:37,207 INFO [root] retrieve msid: 2-0-3-B-AVID, response_index: 1
2025-12-17 02:12:37,207 INFO [root] RESPONSE from 13
2025-12-17 02:12:37,207 INFO [root] sender self.committee_size: 1
2025-12-17 02:12:37,207 INFO [root] 3-0-3-B-AVSS 1 AVID retrieve msg from 13
2025-12-17 02:12:37,207 INFO [root] AVID retrieve response received
2025-12-17 02:12:37,207 INFO [root] retrieve msid: 3-0-3-B-AVID, response_index: 1
2025-12-17 02:12:37,207 INFO [root] RESPONSE from 13
2025-12-17 02:12:37,207 INFO [root] sender self.committee_size: 1
2025-12-17 02:12:37,207 INFO [root] disperse msid: 1-0-3-B-AVSS, index: 3
2025-12-17 02:12:37,207 INFO [root] AVID retrieve called with sid: 1-0-3-B-AVID, index: 3
2025-12-17 02:12:37,207 INFO [root] disperse msid: 1-0-3-B-AVSS, index: 2
2025-12-17 02:12:37,207 INFO [root] AVID retrieve called with sid: 1-0-3-B-AVID, index: 2
2025-12-17 02:12:37,207 INFO [root] disperse msid: 1-0-3-B-AVSS, index: 0
2025-12-17 02:12:37,207 INFO [root] AVID retrieve called with sid: 1-0-3-B-AVID, index: 0
2025-12-17 02:12:37,207 INFO [root] disperse msid: 0-0-3-B-AVSS, index: 0
2025-12-17 02:12:37,207 INFO [root] AVID retrieve called with sid: 0-0-3-B-AVID, index: 0
2025-12-17 02:12:37,207 INFO [root] disperse msid: 0-0-3-B-AVSS, index: 3
2025-12-17 02:12:37,207 INFO [root] AVID retrieve called with sid: 0-0-3-B-AVID, index: 3
2025-12-17 02:12:37,207 INFO [root] disperse msid: 2-0-3-B-AVSS, index: 3
2025-12-17 02:12:37,207 INFO [root] AVID retrieve called with sid: 2-0-3-B-AVID, index: 3
2025-12-17 02:12:37,208 INFO [root] disperse msid: 2-0-3-B-AVSS, index: 2
2025-12-17 02:12:37,208 INFO [root] AVID retrieve called with sid: 2-0-3-B-AVID, index: 2
2025-12-17 02:12:37,208 INFO [root] disperse msid: 2-0-3-B-AVSS, index: 0
2025-12-17 02:12:37,208 INFO [root] AVID retrieve called with sid: 2-0-3-B-AVID, index: 0
2025-12-17 02:12:37,208 INFO [root] disperse msid: 3-0-3-B-AVSS, index: 3
2025-12-17 02:12:37,208 INFO [root] AVID retrieve called with sid: 3-0-3-B-AVID, index: 3
2025-12-17 02:12:37,208 INFO [root] disperse msid: 3-0-3-B-AVSS, index: 2
2025-12-17 02:12:37,208 INFO [root] AVID retrieve called with sid: 3-0-3-B-AVID, index: 2
2025-12-17 02:12:37,208 INFO [root] disperse msid: 3-0-3-B-AVSS, index: 0
2025-12-17 02:12:37,208 INFO [root] AVID retrieve called with sid: 3-0-3-B-AVID, index: 0
2025-12-17 02:12:37,209 INFO [root] 0-0-3-B-AVSS 1 AVID retrieve msg from 12
2025-12-17 02:12:37,209 INFO [root] AVID retrieve response received
2025-12-17 02:12:37,209 INFO [root] retrieve msid: 0-0-3-B-AVID, response_index: 1
2025-12-17 02:12:37,209 INFO [root] RESPONSE from 12
2025-12-17 02:12:37,209 INFO [root] sender self.committee_size: 0
2025-12-17 02:12:37,209 INFO [root] 0-0-3-B-AVSS 1 RETRIEVE complete.
2025-12-17 02:12:37,209 INFO [root] after avid.retrieve dispersal_msg
2025-12-17 02:12:37,209 INFO [root] Handling dealer messages for dealer_id: 0, tag: 0-0-3-B-AVSS
2025-12-17 02:12:37,210 INFO [beaver.hbacss] [PedersenCommit] invoking pyPedersenCommit...
2025-12-17 02:12:37,257 INFO [beaver.hbacss] verifier_result_json: {"verified":true}
2025-12-17 02:12:37,261 INFO [root] inner product verified successfully
2025-12-17 02:12:37,272 INFO [root] shares verified successfully
2025-12-17 02:12:37,272 INFO [root] all_shares_valid: True
2025-12-17 02:12:37,272 INFO [root] after _handle_dealer_msgs, all_shares_valid
2025-12-17 02:12:37,272 INFO [root] self.tagvars[tag]['all_shares_valid']: True
2025-12-17 02:12:37,272 INFO [root] multicast to 12
2025-12-17 02:12:37,272 INFO [root] multicast to 13
2025-12-17 02:12:37,272 INFO [root] multicast to 14
2025-12-17 02:12:37,272 INFO [root] multicast to 15
2025-12-17 02:12:37,273 INFO [root] [1] Received OK from [13]
2025-12-17 02:12:37,273 INFO [root] [1] OK set: {13}
2025-12-17 02:12:37,273 INFO [root] output: True
2025-12-17 02:12:37,273 INFO [root] 1-0-3-B-AVSS 1 AVID retrieve msg from 14
2025-12-17 02:12:37,273 INFO [root] AVID retrieve response received
2025-12-17 02:12:37,273 INFO [root] retrieve msid: 1-0-3-B-AVID, response_index: 1
2025-12-17 02:12:37,273 INFO [root] RESPONSE from 14
2025-12-17 02:12:37,273 INFO [root] sender self.committee_size: 2
num_generators 50
padded_num_generators 64
2025-12-17 02:12:37,274 INFO [root] 1-0-3-B-AVSS 1 RETRIEVE complete.
2025-12-17 02:12:37,274 INFO [root] after avid.retrieve dispersal_msg
2025-12-17 02:12:37,274 INFO [root] Handling dealer messages for dealer_id: 1, tag: 1-0-3-B-AVSS
2025-12-17 02:12:37,274 INFO [beaver.hbacss] [PedersenCommit] invoking pyPedersenCommit...
2025-12-17 02:12:37,320 INFO [beaver.hbacss] verifier_result_json: {"verified":true}
2025-12-17 02:12:37,325 INFO [root] inner product verified successfully
2025-12-17 02:12:37,335 INFO [root] shares verified successfully
2025-12-17 02:12:37,335 INFO [root] all_shares_valid: True
2025-12-17 02:12:37,336 INFO [root] after _handle_dealer_msgs, all_shares_valid
2025-12-17 02:12:37,336 INFO [root] self.tagvars[tag]['all_shares_valid']: True
2025-12-17 02:12:37,336 INFO [root] multicast to 12
2025-12-17 02:12:37,336 INFO [root] multicast to 13
2025-12-17 02:12:37,336 INFO [root] multicast to 14
2025-12-17 02:12:37,336 INFO [root] multicast to 15
2025-12-17 02:12:37,336 INFO [root] 2-0-3-B-AVSS 1 AVID retrieve msg from 14
2025-12-17 02:12:37,336 INFO [root] AVID retrieve response received
2025-12-17 02:12:37,336 INFO [root] retrieve msid: 2-0-3-B-AVID, response_index: 1
2025-12-17 02:12:37,336 INFO [root] RESPONSE from 14
2025-12-17 02:12:37,336 INFO [root] sender self.committee_size: 2
2025-12-17 02:12:37,336 INFO [root] 2-0-3-B-AVSS 1 RETRIEVE complete.
2025-12-17 02:12:37,336 INFO [root] after avid.retrieve dispersal_msg
2025-12-17 02:12:37,336 INFO [root] Handling dealer messages for dealer_id: 2, tag: 2-0-3-B-AVSS
2025-12-17 02:12:37,337 INFO [beaver.hbacss] [PedersenCommit] invoking pyPedersenCommit...
num_generators 50
padded_num_generators 64
2025-12-17 02:12:37,383 INFO [beaver.hbacss] verifier_result_json: {"verified":true}
2025-12-17 02:12:37,387 INFO [root] inner product verified successfully
2025-12-17 02:12:37,398 INFO [root] shares verified successfully
2025-12-17 02:12:37,398 INFO [root] all_shares_valid: True
2025-12-17 02:12:37,398 INFO [root] after _handle_dealer_msgs, all_shares_valid
2025-12-17 02:12:37,398 INFO [root] self.tagvars[tag]['all_shares_valid']: True
2025-12-17 02:12:37,398 INFO [root] multicast to 12
2025-12-17 02:12:37,398 INFO [root] multicast to 13
2025-12-17 02:12:37,398 INFO [root] multicast to 14
2025-12-17 02:12:37,398 INFO [root] multicast to 15
2025-12-17 02:12:37,398 INFO [root] 3-0-3-B-AVSS 1 AVID retrieve msg from 14
2025-12-17 02:12:37,398 INFO [root] AVID retrieve response received
2025-12-17 02:12:37,398 INFO [root] retrieve msid: 3-0-3-B-AVID, response_index: 1
2025-12-17 02:12:37,398 INFO [root] RESPONSE from 14
2025-12-17 02:12:37,398 INFO [root] sender self.committee_size: 2
2025-12-17 02:12:37,398 INFO [root] 3-0-3-B-AVSS 1 RETRIEVE complete.
2025-12-17 02:12:37,399 INFO [root] after avid.retrieve dispersal_msg
2025-12-17 02:12:37,399 INFO [root] Handling dealer messages for dealer_id: 3, tag: 3-0-3-B-AVSS
2025-12-17 02:12:37,399 INFO [beaver.hbacss] [PedersenCommit] invoking pyPedersenCommit...
num_generators 50
padded_num_generators 64
2025-12-17 02:12:37,445 INFO [beaver.hbacss] verifier_result_json: {"verified":true}
2025-12-17 02:12:37,449 INFO [root] inner product verified successfully
2025-12-17 02:12:37,460 INFO [root] shares verified successfully
2025-12-17 02:12:37,460 INFO [root] all_shares_valid: True
2025-12-17 02:12:37,460 INFO [root] after _handle_dealer_msgs, all_shares_valid
2025-12-17 02:12:37,460 INFO [root] self.tagvars[tag]['all_shares_valid']: True
2025-12-17 02:12:37,460 INFO [root] multicast to 12
2025-12-17 02:12:37,460 INFO [root] multicast to 13
2025-12-17 02:12:37,460 INFO [root] multicast to 14
2025-12-17 02:12:37,460 INFO [root] multicast to 15
2025-12-17 02:12:37,461 INFO [root] key_proposal: [0, 1, 2, 3]
2025-12-17 02:12:37,461 INFO [beaver.batch_multiplication] [1] [random shares] Starting ACS where node 1 is set as leader 
2025-12-17 02:12:37,461 INFO [beaver.batch_multiplication] [1] [random shares] The proposal of node 1 is [0, 1, 2, 3]
2025-12-17 02:12:37,461 INFO [root] enter handle_message
2025-12-17 02:12:37,461 INFO [root] [1] I am the leader, broadcasting my input
2025-12-17 02:12:37,461 INFO [root] [1] otmvba Broadcasting to 12
2025-12-17 02:12:37,461 INFO [root] [1] otmvba Broadcasting to 13
2025-12-17 02:12:37,461 INFO [root] [1] otmvba Broadcasting to 14
2025-12-17 02:12:37,461 INFO [root] [1] otmvba Broadcasting to 15
2025-12-17 02:12:37,461 INFO [root] [1] Received OK from [15]
2025-12-17 02:12:37,461 INFO [root] [1] OK set: {13, 15}
2025-12-17 02:12:37,461 INFO [root] output: True
2025-12-17 02:12:37,462 INFO [root] [1] Received OK from [13]
2025-12-17 02:12:37,462 INFO [root] [1] OK set: {13}
2025-12-17 02:12:37,462 INFO [root] output: True
2025-12-17 02:12:37,462 INFO [root] [1] Received OK from [13]
2025-12-17 02:12:37,462 INFO [root] [1] OK set: {13}
2025-12-17 02:12:37,462 INFO [root] output: True
2025-12-17 02:12:37,462 INFO [root] [1] Received OK from [13]
2025-12-17 02:12:37,462 INFO [root] [1] OK set: {13}
2025-12-17 02:12:37,462 INFO [root] output: True
2025-12-17 02:12:37,462 INFO [root] [1] Received OK from [12]
2025-12-17 02:12:37,462 INFO [root] [1] OK set: {12, 13}
2025-12-17 02:12:37,462 INFO [root] output: True
2025-12-17 02:12:37,462 INFO [root] [1] Received OK from [15]
2025-12-17 02:12:37,462 INFO [root] [1] OK set: {12, 13, 15}
2025-12-17 02:12:37,462 INFO [root] output: True
2025-12-17 02:12:37,462 INFO [root] [1] Received OK from [14]
2025-12-17 02:12:37,462 INFO [root] [1] OK set: {12, 13, 14, 15}
2025-12-17 02:12:37,462 INFO [root] output: True
2025-12-17 02:12:37,462 INFO [root] [1] exit
2025-12-17 02:12:37,462 INFO [root] [1] Received OK from [14]
2025-12-17 02:12:37,462 INFO [root] [1] OK set: {13, 14, 15}
2025-12-17 02:12:37,462 INFO [root] output: True
2025-12-17 02:12:37,463 INFO [root] [1] otmvba msg value
2025-12-17 02:12:37,463 INFO [root] [1] otmvba handle value message
2025-12-17 02:12:37,463 INFO [root] [1] value-self.acss_outputs.keys():dict_keys([0, 1, 2, 3])
2025-12-17 02:12:37,463 INFO [root] [1] --Directly send the proposal!--
2025-12-17 02:12:37,464 INFO [root] [1] otmvba msg prevote
2025-12-17 02:12:37,464 INFO [root] [1] otmvba handle prevote message
2025-12-17 02:12:37,472 INFO [root] [1] Received OK from [15]
2025-12-17 02:12:37,472 INFO [root] [1] OK set: {13, 15}
2025-12-17 02:12:37,472 INFO [root] output: True
2025-12-17 02:12:37,472 INFO [root] [1] Received OK from [12]
2025-12-17 02:12:37,472 INFO [root] [1] OK set: {12, 13, 15}
2025-12-17 02:12:37,472 INFO [root] output: True
2025-12-17 02:12:37,472 INFO [root] [1] Received OK from [15]
2025-12-17 02:12:37,472 INFO [root] [1] OK set: {13, 15}
2025-12-17 02:12:37,472 INFO [root] output: True
2025-12-17 02:12:37,472 INFO [root] [1] Received OK from [12]
2025-12-17 02:12:37,472 INFO [root] [1] OK set: {12, 13, 15}
2025-12-17 02:12:37,472 INFO [root] output: True
2025-12-17 02:12:37,472 INFO [root] [1] Received OK from [12]
2025-12-17 02:12:37,472 INFO [root] [1] OK set: {12, 13, 14, 15}
2025-12-17 02:12:37,472 INFO [root] output: True
2025-12-17 02:12:37,472 INFO [root] [1] exit
2025-12-17 02:12:37,472 INFO [root] [1] otmvba msg prevote
2025-12-17 02:12:37,472 INFO [root] [1] otmvba handle prevote message
2025-12-17 02:12:37,480 INFO [root] [1] otmvba msg prevote
2025-12-17 02:12:37,480 INFO [root] [1] otmvba handle prevote message
2025-12-17 02:12:37,496 INFO [root] [1] otmvba Broadcasting to 12
2025-12-17 02:12:37,496 INFO [root] [1] otmvba Broadcasting to 13
2025-12-17 02:12:37,496 INFO [root] [1] otmvba Broadcasting to 14
2025-12-17 02:12:37,496 INFO [root] [1] otmvba Broadcasting to 15
2025-12-17 02:12:37,496 INFO [root] [1] otmvba msg prevote
2025-12-17 02:12:37,496 INFO [root] [1] otmvba handle prevote message
2025-12-17 02:12:37,503 INFO [root] [1] Received OK from [14]
2025-12-17 02:12:37,504 INFO [root] [1] OK set: {12, 13, 14, 15}
2025-12-17 02:12:37,504 INFO [root] output: True
2025-12-17 02:12:37,504 INFO [root] [1] exit
2025-12-17 02:12:37,504 INFO [root] [1] Received OK from [14]
2025-12-17 02:12:37,504 INFO [root] [1] OK set: {12, 13, 14, 15}
2025-12-17 02:12:37,504 INFO [root] output: True
2025-12-17 02:12:37,504 INFO [root] [1] exit
2025-12-17 02:12:37,504 INFO [root] [1] otmvba msg PrevoteQC
2025-12-17 02:12:37,504 INFO [root] [1] otmvba handle prevote qc message
2025-12-17 02:12:37,512 INFO [root] [1] otmvba msg vote
2025-12-17 02:12:37,512 INFO [root] [1] otmvba handle vote message
2025-12-17 02:12:37,520 INFO [root] [1] otmvba msg vote
2025-12-17 02:12:37,520 INFO [root] [1] otmvba handle vote message
2025-12-17 02:12:37,528 INFO [root] [1] otmvba msg vote
2025-12-17 02:12:37,528 INFO [root] [1] otmvba handle vote message
2025-12-17 02:12:37,544 INFO [root] [1] otmvba Broadcasting to 12
2025-12-17 02:12:37,544 INFO [root] [1] otmvba Broadcasting to 13
2025-12-17 02:12:37,544 INFO [root] [1] otmvba Broadcasting to 14
2025-12-17 02:12:37,544 INFO [root] [1] otmvba Broadcasting to 15
2025-12-17 02:12:37,544 INFO [root] [1] otmvba msg vote
2025-12-17 02:12:37,544 INFO [root] [1] otmvba handle vote message
2025-12-17 02:12:37,552 INFO [root] [1] otmvba msg VoteQC
2025-12-17 02:12:37,552 INFO [root] [1] otmvba handle vote qc message
2025-12-17 02:12:37,559 INFO [root] [1] otmvba Broadcasting to 12
2025-12-17 02:12:37,559 INFO [root] [1] otmvba Broadcasting to 13
2025-12-17 02:12:37,559 INFO [root] [1] otmvba Broadcasting to 14
2025-12-17 02:12:37,559 INFO [root] [1] otmvba Broadcasting to 15
2025-12-17 02:12:37,560 INFO [root] [1] otmvba msg Terminate
2025-12-17 02:12:37,560 INFO [root] [1] otmvba handle terminate message
2025-12-17 02:12:37,567 INFO [root] [1] otmvba Broadcasting to 12
2025-12-17 02:12:37,567 INFO [root] [1] otmvba Broadcasting to 13
2025-12-17 02:12:37,567 INFO [root] [1] otmvba Broadcasting to 14
2025-12-17 02:12:37,568 INFO [root] [1] otmvba Broadcasting to 15
2025-12-17 02:12:37,568 INFO [beaver.batch_multiplication] [1] [random shares] The ACS set is [0, 1, 2, 3]
2025-12-17 02:12:37,568 INFO [root] common: [0, 1, 2, 3]
2025-12-17 02:12:37,600 INFO [beaver.batch_multiplication] [1] [asynchronous batch multiplication] Finished! Node 1, total number: 50, time: 0.4091160297393799 (seconds)
2025-12-17 02:12:37,600 INFO [root] layer ID: 3 mul_foll_time: 0.41042089462280273
2025-12-17 02:12:37,600 INFO [root] layer ID: 3 trusted_verification_time: 2.955838680267334
2025-12-17 02:12:37,603 INFO [root] layer ID: 3 add_outputs length: 50
2025-12-17 02:12:37,603 INFO [root] layer ID: 3 exec_time: 0.002521514892578125
2025-12-17 02:12:37,603 INFO [beaver.transfer] [1] Starting DynamicTransfer
2025-12-17 02:12:37,604 INFO [beaver.transfer] [1] Starting ACSS to share 50 secrets
2025-12-17 02:12:37,604 INFO [root] [1] [asynchronous dynamic transfer] Layer ID: 3
2025-12-17 02:12:37,604 INFO [root] public_keys: [{'X': '3645887656131329684749757493786878108123530698406226470135090090673912450587807925578393314736750791236099077912338', 'Y': '2252965750819675461440134279901618323775519999929891032665195695275426925331595164167277444286561213933849935638521'}, {'X': '763525160869301974499630271772563475900015636217451378735452923859536596859686517613959188083894881097624019895055', 'Y': '78192745304302656097120131965443653453330235885786865858728743331806873141713497836714499427338560748663688609454'}, {'X': '1663859598698688725721821696568089719205343269256218716277046748499911675099451065522116033101513594222423711688119', 'Y': '1446152611653505051150436344071264773540901734917949420709284203137027691985424550592310138060821058022068481844284'}, {'X': '3550209349774480636946799424573874138885040337791111277158115509695521098511065402287562655710484103761138758282619', 'Y': '173838327532145614021697696914713862712109789565011485948921540589188330819815550905407730031824960044002382604949'}]
2025-12-17 02:12:37,604 INFO [root] layer ID: 3 trans_pre_time: 0.001146078109741211
2025-12-17 02:12:37,604 INFO [root] [1] AVSS tag: 1-0-4-B-AVSS
2025-12-17 02:12:37,604 INFO [root] [1] RBC tag: 1-0-4-B-RBC
2025-12-17 02:12:37,605 INFO [root] enter avss_with_aggtransfer
g = {[6679831729115696150 8653662730902241269 1535610680227111361 17342916647841752903 17135755455211762752 1297449291367578485] [13451288730302620273 10097742279870053774 15949884091978425806 5885175747529691540 1016841820992199104 845620083434234474]}
h = {[13794385998538644597 108816626937764141 12130603454454490125 6127379912259600201 17481961476035825978 950355161936836191] [10722765800778186391 17107915684035394744 11626309118465119103 5217919199071354366 6102759180633827794 660535627654889709]}
Equal? false
2025-12-17 02:12:37,752 INFO [root] self.msgmode: avss_with_aggtransfer
2025-12-17 02:12:37,752 INFO [beaver.batch_multiplication] [1] Starting BatchMultiplication
num_generators 50
2025-12-17 02:12:37,965 INFO [beaver.batch_multiplication] Proof hex length: 9288
2025-12-17 02:12:37,965 INFO [beaver.batch_multiplication] Proof size (bytes): 4644
2025-12-17 02:12:37,965 INFO [beaver.batch_multiplication] Proof size (strict bytes): 4644
2025-12-17 02:12:37,965 INFO [beaver.batch_multiplication] [1] Starting ACSS to evaluate 50 multiplication gates
2025-12-17 02:12:37,965 INFO [root] rbc_list: [13, 16, 17, 18, 19]
2025-12-17 02:12:37,965 INFO [root] committee_size: 4
2025-12-17 02:12:37,965 INFO [root] n: 5
2025-12-17 02:12:37,965 INFO [root] f: 1
2025-12-17 02:12:37,965 INFO [root] pid: 1
2025-12-17 02:12:37,965 INFO [root] leader: 1
2025-12-17 02:12:37,965 INFO [root] [1] Sending to 0: 16
2025-12-17 02:12:37,965 INFO [root] [1] Sending to 1: 17
2025-12-17 02:12:37,965 INFO [root] [1] Sending to 2: 18
2025-12-17 02:12:37,965 INFO [root] [1] Sending to 3: 19
2025-12-17 02:12:37,965 INFO [root] [1] Starting AVID disperse
2025-12-17 02:12:37,965 INFO [root] public_keys: [{'X': '3645887656131329684749757493786878108123530698406226470135090090673912450587807925578393314736750791236099077912338', 'Y': '2252965750819675461440134279901618323775519999929891032665195695275426925331595164167277444286561213933849935638521'}, {'X': '763525160869301974499630271772563475900015636217451378735452923859536596859686517613959188083894881097624019895055', 'Y': '78192745304302656097120131965443653453330235885786865858728743331806873141713497836714499427338560748663688609454'}, {'X': '1663859598698688725721821696568089719205343269256218716277046748499911675099451065522116033101513594222423711688119', 'Y': '1446152611653505051150436344071264773540901734917949420709284203137027691985424550592310138060821058022068481844284'}, {'X': '3550209349774480636946799424573874138885040337791111277158115509695521098511065402287562655710484103761138758282619', 'Y': '173838327532145614021697696914713862712109789565011485948921540589188330819815550905407730031824960044002382604949'}]
2025-12-17 02:12:37,965 INFO [root] layer ID: 3 mul_pre_time: 0.3612806797027588
2025-12-17 02:12:37,966 INFO [root] layer ID: 3 layer_time: 3.3210864067077637
2025-12-17 02:12:37,966 INFO [root] [1] Dispersed VAL message to committee
2025-12-17 02:12:37,966 INFO [root] [1] AVSS tag: 1-0-4-B-AVSS
2025-12-17 02:12:37,966 INFO [root] [1] RBC tag: 1-0-4-B-RBC
g = {[6679831729115696150 8653662730902241269 1535610680227111361 17342916647841752903 17135755455211762752 1297449291367578485] [13451288730302620273 10097742279870053774 15949884091978425806 5885175747529691540 1016841820992199104 845620083434234474]}
h = {[13794385998538644597 108816626937764141 12130603454454490125 6127379912259600201 17481961476035825978 950355161936836191] [10722765800778186391 17107915684035394744 11626309118465119103 5217919199071354366 6102759180633827794 660535627654889709]}
Equal? false
2025-12-17 02:12:38,146 INFO [root] self.msgmode: avss_with_aggbatch_multiplication
2025-12-17 02:12:38,146 INFO [root] rbc_list: [13, 16, 17, 18, 19]
2025-12-17 02:12:38,146 INFO [root] committee_size: 4
2025-12-17 02:12:38,146 INFO [root] n: 5
2025-12-17 02:12:38,146 INFO [root] f: 1
2025-12-17 02:12:38,146 INFO [root] pid: 1
2025-12-17 02:12:38,147 INFO [root] leader: 1
2025-12-17 02:12:38,147 INFO [root] [1] Sending to 0: 16
2025-12-17 02:12:38,147 INFO [root] [1] Sending to 1: 17
2025-12-17 02:12:38,147 INFO [root] [1] Sending to 2: 18
2025-12-17 02:12:38,147 INFO [root] [1] Sending to 3: 19
2025-12-17 02:12:38,147 INFO [root] [1] Starting AVID disperse
2025-12-17 02:12:38,149 INFO [root] [1] Dispersed VAL message to committee
my_send_id: 13 exec_time: 8.32878851890564
2025-12-17 02:12:47,973 INFO [root] [1] Bytes Sent: TR3:303559 which is 14.737%
2025-12-17 02:12:47,973 INFO [root] [1] Bytes Sent: M3:653136 which is 31.708%
2025-12-17 02:12:47,974 INFO [root] [1] Bytes Sent: TR4:318460 which is 15.461%
2025-12-17 02:12:47,974 INFO [root] [1] Bytes Sent: M4:784672 which is 38.094%
2025-12-17 02:12:47,974 INFO [root] [1] Total bytes sent out aa: 2059827
2025-12-17 02:12:47,975 INFO [benchmark_logger] Total bytes sent out: 2059827
2025-12-17 02:12:47,984 ERROR [asyncio] Task was destroyed but it is pending!
task: <Task pending name='Task-35' coro=<subscribe_recv.<locals>._recv_loop() running at /opt/dumbo-mpc/dumbo-mpc/AsyRanTriGen/beaver/utils/misc.py:89> wait_for=<Future pending cb=[<TaskWakeupMethWrapper object at 0x7fd4874056d0>()]>>
Exception ignored in: <coroutine object subscribe_recv.<locals>._recv_loop at 0x7fd49404dbc0>
Traceback (most recent call last):
  File "/opt/dumbo-mpc/dumbo-mpc/AsyRanTriGen/beaver/utils/misc.py", line 89, in _recv_loop
    j, (tag, o) = await recv()
  File "/usr/lib/python3.8/asyncio/queues.py", line 165, in get
    getter.cancel()  # Just in case getter is not done yet.
  File "uvloop/loop.pyx", line 1281, in uvloop.loop.Loop.call_soon
  File "uvloop/loop.pyx", line 669, in uvloop.loop.Loop._call_soon
  File "uvloop/loop.pyx", line 678, in uvloop.loop.Loop._call_soon_handle
  File "uvloop/loop.pyx", line 673, in uvloop.loop.Loop._append_ready_handle
  File "uvloop/loop.pyx", line 705, in uvloop.loop.Loop._check_closed
RuntimeError: Event loop is closed
2025-12-17 02:12:47,985 ERROR [asyncio] Task was destroyed but it is pending!
task: <Task pending name='Task-37' coro=<subscribe_recv.<locals>._recv_loop() running at /opt/dumbo-mpc/dumbo-mpc/AsyRanTriGen/beaver/utils/misc.py:89> wait_for=<Future pending cb=[<TaskWakeupMethWrapper object at 0x7fd4873e5cd0>()]>>
Exception ignored in: <coroutine object subscribe_recv.<locals>._recv_loop at 0x7fd487464040>
Traceback (most recent call last):
  File "/opt/dumbo-mpc/dumbo-mpc/AsyRanTriGen/beaver/utils/misc.py", line 89, in _recv_loop
    j, (tag, o) = await recv()
  File "/usr/lib/python3.8/asyncio/queues.py", line 165, in get
    getter.cancel()  # Just in case getter is not done yet.
  File "uvloop/loop.pyx", line 1281, in uvloop.loop.Loop.call_soon
  File "uvloop/loop.pyx", line 669, in uvloop.loop.Loop._call_soon
  File "uvloop/loop.pyx", line 678, in uvloop.loop.Loop._call_soon_handle
  File "uvloop/loop.pyx", line 673, in uvloop.loop.Loop._append_ready_handle
  File "uvloop/loop.pyx", line 705, in uvloop.loop.Loop._check_closed
RuntimeError: Event loop is closed
2025-12-17 02:12:47,985 ERROR [asyncio] Task was destroyed but it is pending!
task: <Task pending name='Task-49' coro=<OptimalCommonSet.fallback_timer() running at /opt/dumbo-mpc/dumbo-mpc/AsyRanTriGen/beaver/broadcast/otmvba_dyn.py:71> wait_for=<Future pending cb=[<TaskWakeupMethWrapper object at 0x7fd4873cf730>()]>>
2025-12-17 02:12:47,985 ERROR [asyncio] Task was destroyed but it is pending!
task: <Task pending name='Task-50' coro=<subscribe_recv.<locals>._recv_loop() running at /opt/dumbo-mpc/dumbo-mpc/AsyRanTriGen/beaver/utils/misc.py:89> wait_for=<Future pending cb=[<TaskWakeupMethWrapper object at 0x7fd487405430>()]>>
2025-12-17 02:12:47,985 ERROR [asyncio] Task was destroyed but it is pending!
task: <Task pending name='Task-52' coro=<subscribe_recv.<locals>._recv_loop() running at /opt/dumbo-mpc/dumbo-mpc/AsyRanTriGen/beaver/utils/misc.py:89> wait_for=<Future pending cb=[<TaskWakeupMethWrapper object at 0x7fd487468fa0>()]>>
2025-12-17 02:12:47,986 ERROR [asyncio] Task was destroyed but it is pending!
task: <Task pending name='Task-60' coro=<ACSS_Foll._recv_loop() running at /opt/dumbo-mpc/dumbo-mpc/AsyRanTriGen/beaver/hbacss.py:3694> wait_for=<Future pending cb=[<TaskWakeupMethWrapper object at 0x7fd4873e5eb0>()]>>
Exception ignored in: <coroutine object subscribe_recv.<locals>._recv_loop at 0x7fd4874747c0>
Traceback (most recent call last):
  File "/opt/dumbo-mpc/dumbo-mpc/AsyRanTriGen/beaver/utils/misc.py", line 89, in _recv_loop
    j, (tag, o) = await recv()
  File "/usr/lib/python3.8/asyncio/queues.py", line 165, in get
    getter.cancel()  # Just in case getter is not done yet.
  File "uvloop/loop.pyx", line 1281, in uvloop.loop.Loop.call_soon
  File "uvloop/loop.pyx", line 669, in uvloop.loop.Loop._call_soon
  File "uvloop/loop.pyx", line 678, in uvloop.loop.Loop._call_soon_handle
  File "uvloop/loop.pyx", line 673, in uvloop.loop.Loop._append_ready_handle
  File "uvloop/loop.pyx", line 705, in uvloop.loop.Loop._check_closed
RuntimeError: Event loop is closed
Exception ignored in: <coroutine object subscribe_recv.<locals>._recv_loop at 0x7fd487474640>
Traceback (most recent call last):
  File "/opt/dumbo-mpc/dumbo-mpc/AsyRanTriGen/beaver/utils/misc.py", line 89, in _recv_loop
    j, (tag, o) = await recv()
  File "/usr/lib/python3.8/asyncio/queues.py", line 165, in get
    getter.cancel()  # Just in case getter is not done yet.
  File "uvloop/loop.pyx", line 1281, in uvloop.loop.Loop.call_soon
  File "uvloop/loop.pyx", line 669, in uvloop.loop.Loop._call_soon
  File "uvloop/loop.pyx", line 678, in uvloop.loop.Loop._call_soon_handle
  File "uvloop/loop.pyx", line 673, in uvloop.loop.Loop._append_ready_handle
  File "uvloop/loop.pyx", line 705, in uvloop.loop.Loop._check_closed
RuntimeError: Event loop is closed
Exception ignored in: <coroutine object ACSS_Foll._recv_loop at 0x7fd4873c9e40>
Traceback (most recent call last):
  File "/opt/dumbo-mpc/dumbo-mpc/AsyRanTriGen/beaver/hbacss.py", line 3694, in _recv_loop
    await avid.disperse(tag, self.my_id, dispersal_msg_list)
  File "/opt/dumbo-mpc/dumbo-mpc/AsyRanTriGen/beaver/broadcast/avid.py", line 461, in disperse
    sender, msg = await self.recv()
  File "/usr/lib/python3.8/asyncio/queues.py", line 165, in get
    getter.cancel()  # Just in case getter is not done yet.
  File "uvloop/loop.pyx", line 1281, in uvloop.loop.Loop.call_soon
  File "uvloop/loop.pyx", line 669, in uvloop.loop.Loop._call_soon
  File "uvloop/loop.pyx", line 678, in uvloop.loop.Loop._call_soon_handle
  File "uvloop/loop.pyx", line 673, in uvloop.loop.Loop._append_ready_handle
  File "uvloop/loop.pyx", line 705, in uvloop.loop.Loop._check_closed
RuntimeError: Event loop is closed
2025-12-17 02:12:47,988 ERROR [asyncio] Task was destroyed but it is pending!
task: <Task pending name='Task-57' coro=<ACSS_Foll._recv_loop() running at /opt/dumbo-mpc/dumbo-mpc/AsyRanTriGen/beaver/hbacss.py:3696> wait_for=<Future pending cb=[<TaskWakeupMethWrapper object at 0x7fd4873cf700>()]>>
Exception ignored in: <coroutine object ACSS_Foll._recv_loop at 0x7fd4874646c0>
Traceback (most recent call last):
  File "/opt/dumbo-mpc/dumbo-mpc/AsyRanTriGen/beaver/hbacss.py", line 3696, in _recv_loop
    await avid.disperse(tag, self.my_id+1, dispersal_msg_list)
  File "/opt/dumbo-mpc/dumbo-mpc/AsyRanTriGen/beaver/broadcast/avid.py", line 461, in disperse
    sender, msg = await self.recv()
  File "/usr/lib/python3.8/asyncio/queues.py", line 165, in get
    getter.cancel()  # Just in case getter is not done yet.
  File "uvloop/loop.pyx", line 1281, in uvloop.loop.Loop.call_soon
  File "uvloop/loop.pyx", line 669, in uvloop.loop.Loop._call_soon
  File "uvloop/loop.pyx", line 678, in uvloop.loop.Loop._call_soon_handle
  File "uvloop/loop.pyx", line 673, in uvloop.loop.Loop._append_ready_handle
  File "uvloop/loop.pyx", line 705, in uvloop.loop.Loop._check_closed
RuntimeError: Event loop is closed
2025-12-17 02:12:47,989 ERROR [asyncio] Task was destroyed but it is pending!
task: <Task pending name='Task-61' coro=<subscribe_recv.<locals>._recv_loop() running at /opt/dumbo-mpc/dumbo-mpc/AsyRanTriGen/beaver/utils/misc.py:89> wait_for=<Future pending cb=[<TaskWakeupMethWrapper object at 0x7fd4873e9820>()]>>
2025-12-17 02:12:47,989 ERROR [asyncio] Task was destroyed but it is pending!
task: <Task pending name='Task-39' coro=<subscribe_recv.<locals>._recv_loop() running at /opt/dumbo-mpc/dumbo-mpc/AsyRanTriGen/beaver/utils/misc.py:89> wait_for=<Future pending cb=[<TaskWakeupMethWrapper object at 0x7fd4873cf8e0>()]>>
2025-12-17 02:12:47,989 ERROR [asyncio] Task was destroyed but it is pending!
task: <Task pending name='Task-48' coro=<subscribe_recv.<locals>._recv_loop() running at /opt/dumbo-mpc/dumbo-mpc/AsyRanTriGen/beaver/utils/misc.py:89> wait_for=<Future pending cb=[<TaskWakeupMethWrapper object at 0x7fd4873cf670>()]>>
2025-12-17 02:12:47,989 ERROR [asyncio] Task was destroyed but it is pending!
task: <Task pending name='Task-58' coro=<ACSS_Foll._recv_loop() running at /opt/dumbo-mpc/dumbo-mpc/AsyRanTriGen/beaver/hbacss.py:3696> wait_for=<Future pending cb=[<TaskWakeupMethWrapper object at 0x7fd4873e5f40>()]>>
2025-12-17 02:12:47,989 ERROR [asyncio] Task was destroyed but it is pending!
task: <Task pending name='Task-59' coro=<ACSS_Foll._recv_loop() running at /opt/dumbo-mpc/dumbo-mpc/AsyRanTriGen/beaver/hbacss.py:3694> wait_for=<Future pending cb=[<TaskWakeupMethWrapper object at 0x7fd487405100>()]>>
Exception ignored in: <coroutine object subscribe_recv.<locals>._recv_loop at 0x7fd485361140>
Traceback (most recent call last):
  File "/opt/dumbo-mpc/dumbo-mpc/AsyRanTriGen/beaver/utils/misc.py", line 89, in _recv_loop
    j, (tag, o) = await recv()
  File "/usr/lib/python3.8/asyncio/queues.py", line 165, in get
    getter.cancel()  # Just in case getter is not done yet.
  File "uvloop/loop.pyx", line 1281, in uvloop.loop.Loop.call_soon
  File "uvloop/loop.pyx", line 669, in uvloop.loop.Loop._call_soon
  File "uvloop/loop.pyx", line 678, in uvloop.loop.Loop._call_soon_handle
  File "uvloop/loop.pyx", line 673, in uvloop.loop.Loop._append_ready_handle
  File "uvloop/loop.pyx", line 705, in uvloop.loop.Loop._check_closed
RuntimeError: Event loop is closed
Exception ignored in: <coroutine object subscribe_recv.<locals>._recv_loop at 0x7fd487460f40>
Traceback (most recent call last):
  File "/opt/dumbo-mpc/dumbo-mpc/AsyRanTriGen/beaver/utils/misc.py", line 89, in _recv_loop
    j, (tag, o) = await recv()
  File "/usr/lib/python3.8/asyncio/queues.py", line 165, in get
    getter.cancel()  # Just in case getter is not done yet.
  File "uvloop/loop.pyx", line 1281, in uvloop.loop.Loop.call_soon
  File "uvloop/loop.pyx", line 669, in uvloop.loop.Loop._call_soon
  File "uvloop/loop.pyx", line 678, in uvloop.loop.Loop._call_soon_handle
  File "uvloop/loop.pyx", line 673, in uvloop.loop.Loop._append_ready_handle
  File "uvloop/loop.pyx", line 705, in uvloop.loop.Loop._check_closed
RuntimeError: Event loop is closed
Exception ignored in: <coroutine object subscribe_recv.<locals>._recv_loop at 0x7fd487464940>
Traceback (most recent call last):
  File "/opt/dumbo-mpc/dumbo-mpc/AsyRanTriGen/beaver/utils/misc.py", line 89, in _recv_loop
    j, (tag, o) = await recv()
  File "/usr/lib/python3.8/asyncio/queues.py", line 165, in get
    getter.cancel()  # Just in case getter is not done yet.
  File "uvloop/loop.pyx", line 1281, in uvloop.loop.Loop.call_soon
  File "uvloop/loop.pyx", line 669, in uvloop.loop.Loop._call_soon
  File "uvloop/loop.pyx", line 678, in uvloop.loop.Loop._call_soon_handle
  File "uvloop/loop.pyx", line 673, in uvloop.loop.Loop._append_ready_handle
  File "uvloop/loop.pyx", line 705, in uvloop.loop.Loop._check_closed
RuntimeError: Event loop is closed
Exception ignored in: <coroutine object ACSS_Foll._recv_loop at 0x7fd4873c9cc0>
Traceback (most recent call last):
  File "/opt/dumbo-mpc/dumbo-mpc/AsyRanTriGen/beaver/hbacss.py", line 3696, in _recv_loop
    await avid.disperse(tag, self.my_id+1, dispersal_msg_list)
  File "/opt/dumbo-mpc/dumbo-mpc/AsyRanTriGen/beaver/broadcast/avid.py", line 461, in disperse
    sender, msg = await self.recv()
  File "/usr/lib/python3.8/asyncio/queues.py", line 165, in get
    getter.cancel()  # Just in case getter is not done yet.
  File "uvloop/loop.pyx", line 1281, in uvloop.loop.Loop.call_soon
  File "uvloop/loop.pyx", line 669, in uvloop.loop.Loop._call_soon
  File "uvloop/loop.pyx", line 678, in uvloop.loop.Loop._call_soon_handle
  File "uvloop/loop.pyx", line 673, in uvloop.loop.Loop._append_ready_handle
  File "uvloop/loop.pyx", line 705, in uvloop.loop.Loop._check_closed
RuntimeError: Event loop is closed
Exception ignored in: <coroutine object ACSS_Foll._recv_loop at 0x7fd4873c9d40>
Traceback (most recent call last):
  File "/opt/dumbo-mpc/dumbo-mpc/AsyRanTriGen/beaver/hbacss.py", line 3694, in _recv_loop
    await avid.disperse(tag, self.my_id, dispersal_msg_list)
  File "/opt/dumbo-mpc/dumbo-mpc/AsyRanTriGen/beaver/broadcast/avid.py", line 461, in disperse
    sender, msg = await self.recv()
  File "/usr/lib/python3.8/asyncio/queues.py", line 165, in get
    getter.cancel()  # Just in case getter is not done yet.
  File "uvloop/loop.pyx", line 1281, in uvloop.loop.Loop.call_soon
  File "uvloop/loop.pyx", line 669, in uvloop.loop.Loop._call_soon
  File "uvloop/loop.pyx", line 678, in uvloop.loop.Loop._call_soon_handle
  File "uvloop/loop.pyx", line 673, in uvloop.loop.Loop._append_ready_handle
  File "uvloop/loop.pyx", line 705, in uvloop.loop.Loop._check_closed
RuntimeError: Event loop is closed
2025-12-17 02:12:47,993 ERROR [asyncio] Task was destroyed but it is pending!
task: <Task pending name='Task-47' coro=<ACSS_Foll._recv_loop() running at /opt/dumbo-mpc/dumbo-mpc/AsyRanTriGen/beaver/hbacss.py:3694> wait_for=<Future pending cb=[<TaskWakeupMethWrapper object at 0x7fd487468cd0>()]>>
Exception ignored in: <coroutine object ACSS_Foll._recv_loop at 0x7fd487464bc0>
Traceback (most recent call last):
  File "/opt/dumbo-mpc/dumbo-mpc/AsyRanTriGen/beaver/hbacss.py", line 3694, in _recv_loop
    await avid.disperse(tag, self.my_id, dispersal_msg_list)
  File "/opt/dumbo-mpc/dumbo-mpc/AsyRanTriGen/beaver/broadcast/avid.py", line 461, in disperse
    sender, msg = await self.recv()
  File "/usr/lib/python3.8/asyncio/queues.py", line 165, in get
    getter.cancel()  # Just in case getter is not done yet.
  File "uvloop/loop.pyx", line 1281, in uvloop.loop.Loop.call_soon
  File "uvloop/loop.pyx", line 669, in uvloop.loop.Loop._call_soon
  File "uvloop/loop.pyx", line 678, in uvloop.loop.Loop._call_soon_handle
  File "uvloop/loop.pyx", line 673, in uvloop.loop.Loop._append_ready_handle
  File "uvloop/loop.pyx", line 705, in uvloop.loop.Loop._check_closed
RuntimeError: Event loop is closed
2025-12-17 02:12:47,994 ERROR [asyncio] Task was destroyed but it is pending!
task: <Task pending name='Task-62' coro=<OptimalCommonSet.fallback_timer() running at /opt/dumbo-mpc/dumbo-mpc/AsyRanTriGen/beaver/broadcast/otmvba_dyn.py:71> wait_for=<Future pending cb=[<TaskWakeupMethWrapper object at 0x7fd4874059d0>()]>>
2025-12-17 02:12:47,994 ERROR [asyncio] Task was destroyed but it is pending!
task: <Task pending name='Task-44' coro=<ACSS_Foll._recv_loop() running at /opt/dumbo-mpc/dumbo-mpc/AsyRanTriGen/beaver/hbacss.py:3696> wait_for=<Future pending cb=[<TaskWakeupMethWrapper object at 0x7fd4873cf790>()]>>
2025-12-17 02:12:47,994 ERROR [asyncio] Task was destroyed but it is pending!
task: <Task pending name='Task-45' coro=<ACSS_Foll._recv_loop() running at /opt/dumbo-mpc/dumbo-mpc/AsyRanTriGen/beaver/hbacss.py:3694> wait_for=<Future pending cb=[<TaskWakeupMethWrapper object at 0x7fd4874680a0>()]>>
2025-12-17 02:12:47,994 ERROR [asyncio] Task was destroyed but it is pending!
task: <Task pending name='Task-46' coro=<ACSS_Foll._recv_loop() running at /opt/dumbo-mpc/dumbo-mpc/AsyRanTriGen/beaver/hbacss.py:3696> wait_for=<Future pending cb=[<TaskWakeupMethWrapper object at 0x7fd4874798b0>()]>>
Exception ignored in: <coroutine object ACSS_Foll._recv_loop at 0x7fd4874648c0>
Traceback (most recent call last):
  File "/opt/dumbo-mpc/dumbo-mpc/AsyRanTriGen/beaver/hbacss.py", line 3696, in _recv_loop
    await avid.disperse(tag, self.my_id+1, dispersal_msg_list)
  File "/opt/dumbo-mpc/dumbo-mpc/AsyRanTriGen/beaver/broadcast/avid.py", line 461, in disperse
    sender, msg = await self.recv()
  File "/usr/lib/python3.8/asyncio/queues.py", line 165, in get
    getter.cancel()  # Just in case getter is not done yet.
  File "uvloop/loop.pyx", line 1281, in uvloop.loop.Loop.call_soon
  File "uvloop/loop.pyx", line 669, in uvloop.loop.Loop._call_soon
  File "uvloop/loop.pyx", line 678, in uvloop.loop.Loop._call_soon_handle
  File "uvloop/loop.pyx", line 673, in uvloop.loop.Loop._append_ready_handle
  File "uvloop/loop.pyx", line 705, in uvloop.loop.Loop._check_closed
RuntimeError: Event loop is closed
Exception ignored in: <coroutine object ACSS_Foll._recv_loop at 0x7fd487464a40>
Traceback (most recent call last):
  File "/opt/dumbo-mpc/dumbo-mpc/AsyRanTriGen/beaver/hbacss.py", line 3694, in _recv_loop
    await avid.disperse(tag, self.my_id, dispersal_msg_list)
  File "/opt/dumbo-mpc/dumbo-mpc/AsyRanTriGen/beaver/broadcast/avid.py", line 461, in disperse
    sender, msg = await self.recv()
  File "/usr/lib/python3.8/asyncio/queues.py", line 165, in get
    getter.cancel()  # Just in case getter is not done yet.
  File "uvloop/loop.pyx", line 1281, in uvloop.loop.Loop.call_soon
  File "uvloop/loop.pyx", line 669, in uvloop.loop.Loop._call_soon
  File "uvloop/loop.pyx", line 678, in uvloop.loop.Loop._call_soon_handle
  File "uvloop/loop.pyx", line 673, in uvloop.loop.Loop._append_ready_handle
  File "uvloop/loop.pyx", line 705, in uvloop.loop.Loop._check_closed
RuntimeError: Event loop is closed
Exception ignored in: <coroutine object ACSS_Foll._recv_loop at 0x7fd4874643c0>
Traceback (most recent call last):
  File "/opt/dumbo-mpc/dumbo-mpc/AsyRanTriGen/beaver/hbacss.py", line 3696, in _recv_loop
    await avid.disperse(tag, self.my_id+1, dispersal_msg_list)
  File "/opt/dumbo-mpc/dumbo-mpc/AsyRanTriGen/beaver/broadcast/avid.py", line 461, in disperse
    sender, msg = await self.recv()
  File "/usr/lib/python3.8/asyncio/queues.py", line 165, in get
    getter.cancel()  # Just in case getter is not done yet.
  File "uvloop/loop.pyx", line 1281, in uvloop.loop.Loop.call_soon
  File "uvloop/loop.pyx", line 669, in uvloop.loop.Loop._call_soon
  File "uvloop/loop.pyx", line 678, in uvloop.loop.Loop._call_soon_handle
  File "uvloop/loop.pyx", line 673, in uvloop.loop.Loop._append_ready_handle
  File "uvloop/loop.pyx", line 705, in uvloop.loop.Loop._check_closed
RuntimeError: Event loop is closed
2025-12-17 02:12:47,998 ERROR [asyncio] Task was destroyed but it is pending!
task: <Task pending name='Task-76' coro=<rbc_dyn() running at /opt/dumbo-mpc/dumbo-mpc/AsyRanTriGen/beaver/broadcast/reliablebroadcast.py:411> wait_for=<Future cancelled>>
Exception ignored in: <coroutine object rbc_dyn at 0x7fd4873f9140>
Traceback (most recent call last):
  File "/opt/dumbo-mpc/dumbo-mpc/AsyRanTriGen/beaver/broadcast/reliablebroadcast.py", line 411, in rbc_dyn
    sender, msg = await receive()
  File "/usr/lib/python3.8/asyncio/queues.py", line 165, in get
    getter.cancel()  # Just in case getter is not done yet.
  File "uvloop/loop.pyx", line 1281, in uvloop.loop.Loop.call_soon
  File "uvloop/loop.pyx", line 669, in uvloop.loop.Loop._call_soon
  File "uvloop/loop.pyx", line 678, in uvloop.loop.Loop._call_soon_handle
  File "uvloop/loop.pyx", line 673, in uvloop.loop.Loop._append_ready_handle
  File "uvloop/loop.pyx", line 705, in uvloop.loop.Loop._check_closed
RuntimeError: Event loop is closed
2025-12-17 02:12:47,998 ERROR [asyncio] Task was destroyed but it is pending!
task: <Task pending name='Task-78' coro=<AVID_DYNAMIC.disperse() running at /opt/dumbo-mpc/dumbo-mpc/AsyRanTriGen/beaver/broadcast/avid.py:461> wait_for=<Future cancelled>>
Exception ignored in: <coroutine object AVID_DYNAMIC.disperse at 0x7fd48534a240>
Traceback (most recent call last):
  File "/opt/dumbo-mpc/dumbo-mpc/AsyRanTriGen/beaver/broadcast/avid.py", line 461, in disperse
    sender, msg = await self.recv()
  File "/usr/lib/python3.8/asyncio/queues.py", line 165, in get
    getter.cancel()  # Just in case getter is not done yet.
  File "uvloop/loop.pyx", line 1281, in uvloop.loop.Loop.call_soon
  File "uvloop/loop.pyx", line 669, in uvloop.loop.Loop._call_soon
  File "uvloop/loop.pyx", line 678, in uvloop.loop.Loop._call_soon_handle
  File "uvloop/loop.pyx", line 673, in uvloop.loop.Loop._append_ready_handle
  File "uvloop/loop.pyx", line 705, in uvloop.loop.Loop._check_closed
RuntimeError: Event loop is closed
2025-12-17 02:12:47,999 ERROR [asyncio] Task was destroyed but it is pending!
task: <Task pending name='Task-63' coro=<subscribe_recv.<locals>._recv_loop() running at /opt/dumbo-mpc/dumbo-mpc/AsyRanTriGen/beaver/utils/misc.py:89> wait_for=<Future pending cb=[<TaskWakeupMethWrapper object at 0x7fd487479610>()]>>
2025-12-17 02:12:47,999 ERROR [asyncio] Task was destroyed but it is pending!
task: <Task pending name='Task-66' coro=<subscribe_recv.<locals>._recv_loop() running at /opt/dumbo-mpc/dumbo-mpc/AsyRanTriGen/beaver/utils/misc.py:89> wait_for=<Future pending cb=[<TaskWakeupMethWrapper object at 0x7fd487405520>()]>>
2025-12-17 02:12:47,999 ERROR [asyncio] Task was destroyed but it is pending!
task: <Task pending name='Task-68' coro=<subscribe_recv.<locals>._recv_loop() running at /opt/dumbo-mpc/dumbo-mpc/AsyRanTriGen/beaver/utils/misc.py:89> wait_for=<Future pending cb=[<TaskWakeupMethWrapper object at 0x7fd487405d00>()]>>
Exception ignored in: <coroutine object subscribe_recv.<locals>._recv_loop at 0x7fd485375bc0>
Traceback (most recent call last):
  File "/opt/dumbo-mpc/dumbo-mpc/AsyRanTriGen/beaver/utils/misc.py", line 89, in _recv_loop
    j, (tag, o) = await recv()
  File "/usr/lib/python3.8/asyncio/queues.py", line 165, in get
    getter.cancel()  # Just in case getter is not done yet.
  File "uvloop/loop.pyx", line 1281, in uvloop.loop.Loop.call_soon
  File "uvloop/loop.pyx", line 669, in uvloop.loop.Loop._call_soon
  File "uvloop/loop.pyx", line 678, in uvloop.loop.Loop._call_soon_handle
  File "uvloop/loop.pyx", line 673, in uvloop.loop.Loop._append_ready_handle
  File "uvloop/loop.pyx", line 705, in uvloop.loop.Loop._check_closed
RuntimeError: Event loop is closed
Exception ignored in: <coroutine object subscribe_recv.<locals>._recv_loop at 0x7fd4873f23c0>
Traceback (most recent call last):
  File "/opt/dumbo-mpc/dumbo-mpc/AsyRanTriGen/beaver/utils/misc.py", line 89, in _recv_loop
    j, (tag, o) = await recv()
  File "/usr/lib/python3.8/asyncio/queues.py", line 165, in get
    getter.cancel()  # Just in case getter is not done yet.
  File "uvloop/loop.pyx", line 1281, in uvloop.loop.Loop.call_soon
  File "uvloop/loop.pyx", line 669, in uvloop.loop.Loop._call_soon
  File "uvloop/loop.pyx", line 678, in uvloop.loop.Loop._call_soon_handle
  File "uvloop/loop.pyx", line 673, in uvloop.loop.Loop._append_ready_handle
  File "uvloop/loop.pyx", line 705, in uvloop.loop.Loop._check_closed
RuntimeError: Event loop is closed
Exception ignored in: <coroutine object subscribe_recv.<locals>._recv_loop at 0x7fd4873f2740>
Traceback (most recent call last):
  File "/opt/dumbo-mpc/dumbo-mpc/AsyRanTriGen/beaver/utils/misc.py", line 89, in _recv_loop
    j, (tag, o) = await recv()
  File "/usr/lib/python3.8/asyncio/queues.py", line 165, in get
    getter.cancel()  # Just in case getter is not done yet.
  File "uvloop/loop.pyx", line 1281, in uvloop.loop.Loop.call_soon
  File "uvloop/loop.pyx", line 669, in uvloop.loop.Loop._call_soon
  File "uvloop/loop.pyx", line 678, in uvloop.loop.Loop._call_soon_handle
  File "uvloop/loop.pyx", line 673, in uvloop.loop.Loop._append_ready_handle
  File "uvloop/loop.pyx", line 705, in uvloop.loop.Loop._check_closed
RuntimeError: Event loop is closed
2025-12-17 02:12:48,000 ERROR [asyncio] Task was destroyed but it is pending!
task: <Task pending name='Task-74' coro=<subscribe_recv.<locals>._recv_loop() running at /opt/dumbo-mpc/dumbo-mpc/AsyRanTriGen/beaver/utils/misc.py:89> wait_for=<Future pending cb=[<TaskWakeupMethWrapper object at 0x7fd4873e9520>()]>>
2025-12-17 02:12:48,001 ERROR [asyncio] Task was destroyed but it is pending!
task: <Task pending name='Task-70' coro=<rbc_dyn() running at /opt/dumbo-mpc/dumbo-mpc/AsyRanTriGen/beaver/broadcast/reliablebroadcast.py:411> wait_for=<Future pending cb=[<TaskWakeupMethWrapper object at 0x7fd48745e940>()]>>
Exception ignored in: <coroutine object subscribe_recv.<locals>._recv_loop at 0x7fd4873f2b40>
Traceback (most recent call last):
  File "/opt/dumbo-mpc/dumbo-mpc/AsyRanTriGen/beaver/utils/misc.py", line 89, in _recv_loop
    j, (tag, o) = await recv()
  File "/usr/lib/python3.8/asyncio/queues.py", line 165, in get
    getter.cancel()  # Just in case getter is not done yet.
  File "uvloop/loop.pyx", line 1281, in uvloop.loop.Loop.call_soon
  File "uvloop/loop.pyx", line 669, in uvloop.loop.Loop._call_soon
  File "uvloop/loop.pyx", line 678, in uvloop.loop.Loop._call_soon_handle
  File "uvloop/loop.pyx", line 673, in uvloop.loop.Loop._append_ready_handle
  File "uvloop/loop.pyx", line 705, in uvloop.loop.Loop._check_closed
RuntimeError: Event loop is closed
2025-12-17 02:12:48,001 ERROR [asyncio] Task was destroyed but it is pending!
task: <Task pending name='Task-73' coro=<AVID_DYNAMIC.disperse() running at /opt/dumbo-mpc/dumbo-mpc/AsyRanTriGen/beaver/broadcast/avid.py:461> wait_for=<Future pending cb=[<TaskWakeupMethWrapper object at 0x7fd4873e9400>()]>>
Exception ignored in: <coroutine object rbc_dyn at 0x7fd4873f26c0>
Traceback (most recent call last):
  File "/opt/dumbo-mpc/dumbo-mpc/AsyRanTriGen/beaver/broadcast/reliablebroadcast.py", line 411, in rbc_dyn
    sender, msg = await receive()
  File "/usr/lib/python3.8/asyncio/queues.py", line 165, in get
    getter.cancel()  # Just in case getter is not done yet.
  File "uvloop/loop.pyx", line 1281, in uvloop.loop.Loop.call_soon
  File "uvloop/loop.pyx", line 669, in uvloop.loop.Loop._call_soon
  File "uvloop/loop.pyx", line 678, in uvloop.loop.Loop._call_soon_handle
  File "uvloop/loop.pyx", line 673, in uvloop.loop.Loop._append_ready_handle
  File "uvloop/loop.pyx", line 705, in uvloop.loop.Loop._check_closed
RuntimeError: Event loop is closed
Exception ignored in: <coroutine object AVID_DYNAMIC.disperse at 0x7fd4873f90c0>
Traceback (most recent call last):
  File "/opt/dumbo-mpc/dumbo-mpc/AsyRanTriGen/beaver/broadcast/avid.py", line 461, in disperse
    sender, msg = await self.recv()
  File "/usr/lib/python3.8/asyncio/queues.py", line 165, in get
    getter.cancel()  # Just in case getter is not done yet.
  File "uvloop/loop.pyx", line 1281, in uvloop.loop.Loop.call_soon
  File "uvloop/loop.pyx", line 669, in uvloop.loop.Loop._call_soon
  File "uvloop/loop.pyx", line 678, in uvloop.loop.Loop._call_soon_handle
  File "uvloop/loop.pyx", line 673, in uvloop.loop.Loop._append_ready_handle
  File "uvloop/loop.pyx", line 705, in uvloop.loop.Loop._check_closed
RuntimeError: Event loop is closed
