Warning: Permanently added '43.142.51.121' (ECDSA) to the list of known hosts.
Creating dumbo-mpc_dumbo-mpc_run ... 
Creating dumbo-mpc_dumbo-mpc_run ... done
2025-12-17 02:12:33,990 INFO [root] Running ADMPC ...
2025-12-17 02:12:34,716 INFO [root] my_send_id: 4
2025-12-17 02:12:34,729 INFO [root] ADMPC start time: 1765937554.7297356
2025-12-17 02:12:34,742 INFO [root] [Layer 1] Reached run_admpc checkpoint
2025-12-17 02:12:34,742 INFO [root] [0] Starting Batch AVSS. Id: 0, Dealer Id: 0, Client Mode: False
2025-12-17 02:12:34,742 INFO [root] [0] AVSS tag: 0-0-1-B-AVSS
2025-12-17 02:12:34,742 INFO [root] [0] RBC tag: 0-0-1-B-RBC
2025-12-17 02:12:34,742 INFO [root] [0] Starting AVSS with shares_num: 50, dealer_id: 0, client_mode: False
2025-12-17 02:12:34,743 INFO [root] rbc_list: [0, 4, 5, 6, 7]
2025-12-17 02:12:34,743 INFO [root] committee_size: 4
2025-12-17 02:12:34,743 INFO [root] n: 5
2025-12-17 02:12:34,743 INFO [root] f: 1
2025-12-17 02:12:34,743 INFO [root] pid: 1
2025-12-17 02:12:34,743 INFO [root] leader: 0
2025-12-17 02:12:34,743 INFO [root] [0] Starting Batch AVSS. Id: 0, Dealer Id: 1, Client Mode: False
2025-12-17 02:12:34,743 INFO [root] [0] AVSS tag: 1-0-1-B-AVSS
2025-12-17 02:12:34,743 INFO [root] [0] RBC tag: 1-0-1-B-RBC
2025-12-17 02:12:34,743 INFO [root] [0] Starting AVSS with shares_num: 50, dealer_id: 1, client_mode: False
2025-12-17 02:12:34,743 INFO [root] rbc_list: [1, 4, 5, 6, 7]
2025-12-17 02:12:34,743 INFO [root] committee_size: 4
2025-12-17 02:12:34,743 INFO [root] n: 5
2025-12-17 02:12:34,744 INFO [root] f: 1
2025-12-17 02:12:34,744 INFO [root] pid: 0
2025-12-17 02:12:34,744 INFO [root] leader: 1
2025-12-17 02:12:34,744 INFO [root] [0] Starting Batch AVSS. Id: 0, Dealer Id: 2, Client Mode: False
2025-12-17 02:12:34,744 INFO [root] [0] AVSS tag: 2-0-1-B-AVSS
2025-12-17 02:12:34,744 INFO [root] [0] RBC tag: 2-0-1-B-RBC
2025-12-17 02:12:34,744 INFO [root] [0] Starting AVSS with shares_num: 50, dealer_id: 2, client_mode: False
2025-12-17 02:12:34,744 INFO [root] rbc_list: [2, 4, 5, 6, 7]
2025-12-17 02:12:34,744 INFO [root] committee_size: 4
2025-12-17 02:12:34,745 INFO [root] n: 5
2025-12-17 02:12:34,745 INFO [root] f: 1
2025-12-17 02:12:34,745 INFO [root] pid: 0
2025-12-17 02:12:34,745 INFO [root] leader: 2
2025-12-17 02:12:34,745 INFO [root] [0] Starting Batch AVSS. Id: 0, Dealer Id: 3, Client Mode: False
2025-12-17 02:12:34,746 INFO [root] [0] AVSS tag: 3-0-1-B-AVSS
2025-12-17 02:12:34,746 INFO [root] [0] RBC tag: 3-0-1-B-RBC
2025-12-17 02:12:34,746 INFO [root] [0] Starting AVSS with shares_num: 50, dealer_id: 3, client_mode: False
2025-12-17 02:12:34,746 INFO [root] rbc_list: [3, 4, 5, 6, 7]
2025-12-17 02:12:34,747 INFO [root] committee_size: 4
2025-12-17 02:12:34,747 INFO [root] n: 5
2025-12-17 02:12:34,747 INFO [root] f: 1
2025-12-17 02:12:34,747 INFO [root] pid: 0
2025-12-17 02:12:34,748 INFO [root] leader: 3
2025-12-17 02:12:34,876 INFO [root] [0] Received VAL message from 1
2025-12-17 02:12:34,876 INFO [root] entering n == commitee_size + 1
2025-12-17 02:12:34,876 INFO [root] [0] sender: 1, leader: 1
2025-12-17 02:12:34,876 INFO [root] [0] Successfully validated VAL message
2025-12-17 02:12:34,876 INFO [root] [0] Broadcasted ECHO message for roothash b']\x85}"\x8b.d\x13\x95J\xc7\xf3\xf6)\xca\x04*\xcf\xc9~\xdb\r\x9b\x9d\x011C\'\xb5gk2'
2025-12-17 02:12:34,876 INFO [root] broadcast Sending to 1: 4
2025-12-17 02:12:34,876 INFO [root] broadcast Sending to 2: 5
2025-12-17 02:12:34,876 INFO [root] broadcast Sending to 3: 6
2025-12-17 02:12:34,876 INFO [root] broadcast Sending to 4: 7
2025-12-17 02:12:34,876 INFO [root] [0] Received ECHO message from 4
2025-12-17 02:12:34,878 INFO [root] [0] Received ECHO message from 5
2025-12-17 02:12:34,878 INFO [root] [0] Received READY message from 5
2025-12-17 02:12:34,903 INFO [root] [0] Received ECHO message from 6
2025-12-17 02:12:34,903 INFO [root] [0] Broadcasted READY message for roothash b']\x85}"\x8b.d\x13\x95J\xc7\xf3\xf6)\xca\x04*\xcf\xc9~\xdb\r\x9b\x9d\x011C\'\xb5gk2'
2025-12-17 02:12:34,903 INFO [root] broadcast Sending to 1: 4
2025-12-17 02:12:34,903 INFO [root] broadcast Sending to 2: 5
2025-12-17 02:12:34,903 INFO [root] broadcast Sending to 3: 6
2025-12-17 02:12:34,903 INFO [root] broadcast Sending to 4: 7
2025-12-17 02:12:34,903 INFO [root] [0] Received READY message from 6
2025-12-17 02:12:34,903 INFO [root] [0] Received READY message from 4
2025-12-17 02:12:34,903 INFO [root] Decoding output for roothash: b']\x85}"\x8b.d\x13\x95J\xc7\xf3\xf6)\xca\x04*\xcf\xc9~\xdb\r\x9b\x9d\x011C\'\xb5gk2'
2025-12-17 02:12:34,904 INFO [root] [0] Received RBC message
2025-12-17 02:12:34,904 INFO [root] multicast list: [4, 5, 6, 7]
2025-12-17 02:12:34,904 INFO [root] before avid.retrieve
2025-12-17 02:12:34,904 INFO [root] AVID broadcast to 1: 4
2025-12-17 02:12:34,904 INFO [root] AVID broadcast to 2: 5
2025-12-17 02:12:34,904 INFO [root] AVID broadcast to 3: 6
2025-12-17 02:12:34,904 INFO [root] AVID broadcast to 4: 7
2025-12-17 02:12:34,906 INFO [root] AVID broadcast to 1: 4
2025-12-17 02:12:34,906 INFO [root] AVID broadcast to 2: 5
2025-12-17 02:12:34,906 INFO [root] AVID broadcast to 3: 6
2025-12-17 02:12:34,906 INFO [root] AVID broadcast to 4: 7
2025-12-17 02:12:34,907 INFO [root] 1-0-1-B-AVSS 0 RETRIEVE called.
2025-12-17 02:12:34,907 INFO [root] AVID broadcast to 1: 4
2025-12-17 02:12:34,907 INFO [root] AVID broadcast to 2: 5
2025-12-17 02:12:34,907 INFO [root] AVID broadcast to 3: 6
2025-12-17 02:12:34,907 INFO [root] AVID broadcast to 4: 7
2025-12-17 02:12:34,907 INFO [root] 1-0-1-B-AVSS 0 RETRIEVE broadcasted.
2025-12-17 02:12:34,907 INFO [root] disperse msid: 1-0-1-B-AVSS, index: 0
2025-12-17 02:12:34,907 INFO [root] AVID retrieve called with sid: 1-0-1-B-AVID, index: 0
2025-12-17 02:12:34,907 INFO [root] 1-0-1-B-AVSS 0 AVID retrieve msg from 4
2025-12-17 02:12:34,907 INFO [root] AVID retrieve response received
2025-12-17 02:12:34,907 INFO [root] retrieve msid: 1-0-1-B-AVID, response_index: 0
2025-12-17 02:12:34,907 INFO [root] RESPONSE from 4
2025-12-17 02:12:34,907 INFO [root] sender self.committee_size: 0
2025-12-17 02:12:34,908 INFO [root] disperse msid: 1-0-1-B-AVSS, index: 1
2025-12-17 02:12:34,908 INFO [root] AVID retrieve called with sid: 1-0-1-B-AVID, index: 1
2025-12-17 02:12:34,909 INFO [root] disperse msid: 1-0-1-B-AVSS, index: 2
2025-12-17 02:12:34,909 INFO [root] AVID retrieve called with sid: 1-0-1-B-AVID, index: 2
2025-12-17 02:12:34,909 INFO [root] [0] Received VAL message from 2
2025-12-17 02:12:34,909 INFO [root] entering n == commitee_size + 1
2025-12-17 02:12:34,909 INFO [root] [0] sender: 2, leader: 2
2025-12-17 02:12:34,910 INFO [root] [0] Successfully validated VAL message
2025-12-17 02:12:34,910 INFO [root] [0] Broadcasted ECHO message for roothash b'\xf2\x9f5\xaa\x15\x87\x91\x00ct\x1d\x91\xd7\x98\xc1\xbdX\x88K\x16(\xdd^\xc9\xba\xa1\xae5\xa7):p'
2025-12-17 02:12:34,910 INFO [root] broadcast Sending to 1: 4
2025-12-17 02:12:34,910 INFO [root] broadcast Sending to 2: 5
2025-12-17 02:12:34,910 INFO [root] broadcast Sending to 3: 6
2025-12-17 02:12:34,911 INFO [root] broadcast Sending to 4: 7
2025-12-17 02:12:34,912 INFO [root] [0] Received ECHO message from 4
2025-12-17 02:12:34,912 INFO [root] [0] Received ECHO message from 5
2025-12-17 02:12:34,912 INFO [root] [0] Received ECHO message from 6
2025-12-17 02:12:34,912 INFO [root] [0] Broadcasted READY message for roothash b'\xf2\x9f5\xaa\x15\x87\x91\x00ct\x1d\x91\xd7\x98\xc1\xbdX\x88K\x16(\xdd^\xc9\xba\xa1\xae5\xa7):p'
2025-12-17 02:12:34,912 INFO [root] broadcast Sending to 1: 4
2025-12-17 02:12:34,912 INFO [root] broadcast Sending to 2: 5
2025-12-17 02:12:34,912 INFO [root] broadcast Sending to 3: 6
2025-12-17 02:12:34,912 INFO [root] broadcast Sending to 4: 7
2025-12-17 02:12:34,913 INFO [root] 1-0-1-B-AVSS 0 AVID retrieve msg from 5
2025-12-17 02:12:34,913 INFO [root] AVID retrieve response received
2025-12-17 02:12:34,913 INFO [root] retrieve msid: 1-0-1-B-AVID, response_index: 0
2025-12-17 02:12:34,913 INFO [root] RESPONSE from 5
2025-12-17 02:12:34,913 INFO [root] sender self.committee_size: 1
2025-12-17 02:12:34,913 INFO [root] 1-0-1-B-AVSS 0 RETRIEVE complete.
2025-12-17 02:12:34,913 INFO [root] after avid.retrieve dispersal_msg
2025-12-17 02:12:34,913 INFO [root] Handling dealer messages for dealer_id: 1, tag: 1-0-1-B-AVSS
2025-12-17 02:12:34,914 INFO [root] Decrypting dispersal message from dealer_id 1
2025-12-17 02:12:34,965 INFO [root] shares verified successfully
2025-12-17 02:12:34,965 INFO [root] all_shares_valid: True
2025-12-17 02:12:34,966 INFO [root] after _handle_dealer_msgs, all_shares_valid
2025-12-17 02:12:34,966 INFO [root] self.tagvars[tag]['all_shares_valid']: True
2025-12-17 02:12:34,966 INFO [root] avss_without_proof dealer_id: 1
2025-12-17 02:12:34,966 INFO [root] multicast to 4
2025-12-17 02:12:34,967 INFO [root] multicast to 5
2025-12-17 02:12:34,967 INFO [root] multicast to 6
2025-12-17 02:12:34,967 INFO [root] multicast to 7
2025-12-17 02:12:34,967 INFO [root] layer ID: 1 received shares from dealer 1
2025-12-17 02:12:34,967 INFO [root] [0] Received READY message from 4
2025-12-17 02:12:34,968 INFO [root] [0] Received OK from [4]
2025-12-17 02:12:34,968 INFO [root] [0] OK set: {4}
2025-12-17 02:12:34,968 INFO [root] output: True
2025-12-17 02:12:34,968 INFO [root] [0] Received OK from [6]
2025-12-17 02:12:34,968 INFO [root] [0] OK set: {4, 6}
2025-12-17 02:12:34,968 INFO [root] output: True
2025-12-17 02:12:34,968 INFO [root] [0] Received OK from [5]
2025-12-17 02:12:34,968 INFO [root] [0] OK set: {4, 5, 6}
2025-12-17 02:12:34,968 INFO [root] output: True
2025-12-17 02:12:34,968 INFO [root] [0] Received READY message from 6
2025-12-17 02:12:34,968 INFO [root] [0] Received READY message from 5
2025-12-17 02:12:34,968 INFO [root] Decoding output for roothash: b'\xf2\x9f5\xaa\x15\x87\x91\x00ct\x1d\x91\xd7\x98\xc1\xbdX\x88K\x16(\xdd^\xc9\xba\xa1\xae5\xa7):p'
2025-12-17 02:12:34,968 INFO [root] [0] Received RBC message
2025-12-17 02:12:34,968 INFO [root] multicast list: [4, 5, 6, 7]
2025-12-17 02:12:34,968 INFO [root] before avid.retrieve
2025-12-17 02:12:34,969 INFO [root] AVID broadcast to 1: 4
2025-12-17 02:12:34,969 INFO [root] AVID broadcast to 2: 5
2025-12-17 02:12:34,969 INFO [root] AVID broadcast to 3: 6
2025-12-17 02:12:34,969 INFO [root] AVID broadcast to 4: 7
2025-12-17 02:12:34,970 INFO [root] AVID broadcast to 1: 4
2025-12-17 02:12:34,970 INFO [root] AVID broadcast to 2: 5
2025-12-17 02:12:34,970 INFO [root] AVID broadcast to 3: 6
2025-12-17 02:12:34,970 INFO [root] AVID broadcast to 4: 7
2025-12-17 02:12:34,971 INFO [root] 2-0-1-B-AVSS 0 RETRIEVE called.
2025-12-17 02:12:34,971 INFO [root] AVID broadcast to 1: 4
2025-12-17 02:12:34,971 INFO [root] AVID broadcast to 2: 5
2025-12-17 02:12:34,971 INFO [root] AVID broadcast to 3: 6
2025-12-17 02:12:34,971 INFO [root] AVID broadcast to 4: 7
2025-12-17 02:12:34,971 INFO [root] 2-0-1-B-AVSS 0 RETRIEVE broadcasted.
2025-12-17 02:12:34,971 INFO [root] disperse msid: 2-0-1-B-AVSS, index: 0
2025-12-17 02:12:34,971 INFO [root] AVID retrieve called with sid: 2-0-1-B-AVID, index: 0
2025-12-17 02:12:34,972 INFO [root] 2-0-1-B-AVSS 0 AVID retrieve msg from 4
2025-12-17 02:12:34,972 INFO [root] AVID retrieve response received
2025-12-17 02:12:34,972 INFO [root] retrieve msid: 2-0-1-B-AVID, response_index: 0
2025-12-17 02:12:34,972 INFO [root] RESPONSE from 4
2025-12-17 02:12:34,972 INFO [root] sender self.committee_size: 0
2025-12-17 02:12:34,973 INFO [root] disperse msid: 2-0-1-B-AVSS, index: 2
2025-12-17 02:12:34,973 INFO [root] AVID retrieve called with sid: 2-0-1-B-AVID, index: 2
2025-12-17 02:12:34,973 INFO [root] disperse msid: 2-0-1-B-AVSS, index: 1
2025-12-17 02:12:34,973 INFO [root] AVID retrieve called with sid: 2-0-1-B-AVID, index: 1
2025-12-17 02:12:34,973 INFO [root] 2-0-1-B-AVSS 0 AVID retrieve msg from 5
2025-12-17 02:12:34,973 INFO [root] AVID retrieve response received
2025-12-17 02:12:34,973 INFO [root] retrieve msid: 2-0-1-B-AVID, response_index: 0
2025-12-17 02:12:34,973 INFO [root] RESPONSE from 5
2025-12-17 02:12:34,974 INFO [root] sender self.committee_size: 1
2025-12-17 02:12:34,974 INFO [root] 2-0-1-B-AVSS 0 RETRIEVE complete.
2025-12-17 02:12:34,974 INFO [root] after avid.retrieve dispersal_msg
2025-12-17 02:12:34,974 INFO [root] Handling dealer messages for dealer_id: 2, tag: 2-0-1-B-AVSS
2025-12-17 02:12:34,975 INFO [root] Decrypting dispersal message from dealer_id 2
2025-12-17 02:12:34,980 INFO [root] shares verified successfully
2025-12-17 02:12:34,980 INFO [root] all_shares_valid: True
2025-12-17 02:12:34,980 INFO [root] after _handle_dealer_msgs, all_shares_valid
2025-12-17 02:12:34,981 INFO [root] self.tagvars[tag]['all_shares_valid']: True
2025-12-17 02:12:34,981 INFO [root] avss_without_proof dealer_id: 2
2025-12-17 02:12:34,981 INFO [root] multicast to 4
2025-12-17 02:12:34,981 INFO [root] multicast to 5
2025-12-17 02:12:34,981 INFO [root] multicast to 6
2025-12-17 02:12:34,981 INFO [root] multicast to 7
2025-12-17 02:12:34,981 INFO [root] layer ID: 1 received shares from dealer 2
2025-12-17 02:12:34,982 INFO [root] [0] Received OK from [4]
2025-12-17 02:12:34,982 INFO [root] [0] OK set: {4}
2025-12-17 02:12:34,982 INFO [root] output: True
2025-12-17 02:12:34,982 INFO [root] [0] Received OK from [5]
2025-12-17 02:12:34,982 INFO [root] [0] OK set: {4, 5}
2025-12-17 02:12:34,982 INFO [root] output: True
2025-12-17 02:12:34,982 INFO [root] [0] Received OK from [6]
2025-12-17 02:12:34,982 INFO [root] [0] OK set: {4, 5, 6}
2025-12-17 02:12:34,982 INFO [root] output: True
2025-12-17 02:12:35,000 INFO [root] [1] Received VAL message from 0
2025-12-17 02:12:35,000 INFO [root] entering n == commitee_size + 1
2025-12-17 02:12:35,000 INFO [root] [1] sender: 0, leader: 0
2025-12-17 02:12:35,000 INFO [root] [1] Successfully validated VAL message
2025-12-17 02:12:35,000 INFO [root] [1] Broadcasted ECHO message for roothash b'1`r\x04$\xd3\x854yD\x93+\xcfqIBT\x1e\x8d\x80u\xf4\x17\xc4U\xda\xa0\xcb\xeb\xff\x9c\x1b'
2025-12-17 02:12:35,000 INFO [root] broadcast Sending to 1: 4
2025-12-17 02:12:35,000 INFO [root] broadcast Sending to 2: 5
2025-12-17 02:12:35,000 INFO [root] broadcast Sending to 3: 6
2025-12-17 02:12:35,000 INFO [root] broadcast Sending to 4: 7
2025-12-17 02:12:35,001 INFO [root] [1] Received ECHO message from 4
2025-12-17 02:12:35,001 INFO [root] [1] Received ECHO message from 5
2025-12-17 02:12:35,001 INFO [root] [1] Received ECHO message from 6
2025-12-17 02:12:35,001 INFO [root] [1] Broadcasted READY message for roothash b'1`r\x04$\xd3\x854yD\x93+\xcfqIBT\x1e\x8d\x80u\xf4\x17\xc4U\xda\xa0\xcb\xeb\xff\x9c\x1b'
2025-12-17 02:12:35,001 INFO [root] broadcast Sending to 1: 4
2025-12-17 02:12:35,001 INFO [root] broadcast Sending to 2: 5
2025-12-17 02:12:35,001 INFO [root] broadcast Sending to 3: 6
2025-12-17 02:12:35,001 INFO [root] broadcast Sending to 4: 7
2025-12-17 02:12:35,001 INFO [root] [1] Received READY message from 4
2025-12-17 02:12:35,003 INFO [root] [1] Received READY message from 5
2025-12-17 02:12:35,003 INFO [root] [1] Received READY message from 6
2025-12-17 02:12:35,003 INFO [root] Decoding output for roothash: b'1`r\x04$\xd3\x854yD\x93+\xcfqIBT\x1e\x8d\x80u\xf4\x17\xc4U\xda\xa0\xcb\xeb\xff\x9c\x1b'
2025-12-17 02:12:35,003 INFO [root] [0] Received RBC message
2025-12-17 02:12:35,003 INFO [root] multicast list: [4, 5, 6, 7]
2025-12-17 02:12:35,003 INFO [root] before avid.retrieve
2025-12-17 02:12:35,003 INFO [root] AVID broadcast to 1: 4
2025-12-17 02:12:35,003 INFO [root] AVID broadcast to 2: 5
2025-12-17 02:12:35,003 INFO [root] AVID broadcast to 3: 6
2025-12-17 02:12:35,003 INFO [root] AVID broadcast to 4: 7
2025-12-17 02:12:35,004 INFO [root] AVID broadcast to 1: 4
2025-12-17 02:12:35,004 INFO [root] AVID broadcast to 2: 5
2025-12-17 02:12:35,004 INFO [root] AVID broadcast to 3: 6
2025-12-17 02:12:35,004 INFO [root] AVID broadcast to 4: 7
2025-12-17 02:12:35,005 INFO [root] 0-0-1-B-AVSS 0 RETRIEVE called.
2025-12-17 02:12:35,005 INFO [root] AVID broadcast to 1: 4
2025-12-17 02:12:35,005 INFO [root] AVID broadcast to 2: 5
2025-12-17 02:12:35,005 INFO [root] AVID broadcast to 3: 6
2025-12-17 02:12:35,006 INFO [root] AVID broadcast to 4: 7
2025-12-17 02:12:35,006 INFO [root] 0-0-1-B-AVSS 0 RETRIEVE broadcasted.
2025-12-17 02:12:35,006 INFO [root] disperse msid: 0-0-1-B-AVSS, index: 0
2025-12-17 02:12:35,006 INFO [root] AVID retrieve called with sid: 0-0-1-B-AVID, index: 0
2025-12-17 02:12:35,006 INFO [root] 0-0-1-B-AVSS 0 AVID retrieve msg from 4
2025-12-17 02:12:35,006 INFO [root] AVID retrieve response received
2025-12-17 02:12:35,006 INFO [root] retrieve msid: 0-0-1-B-AVID, response_index: 0
2025-12-17 02:12:35,006 INFO [root] RESPONSE from 4
2025-12-17 02:12:35,006 INFO [root] sender self.committee_size: 0
2025-12-17 02:12:35,007 INFO [root] disperse msid: 0-0-1-B-AVSS, index: 1
2025-12-17 02:12:35,007 INFO [root] AVID retrieve called with sid: 0-0-1-B-AVID, index: 1
2025-12-17 02:12:35,007 INFO [root] disperse msid: 0-0-1-B-AVSS, index: 2
2025-12-17 02:12:35,007 INFO [root] AVID retrieve called with sid: 0-0-1-B-AVID, index: 2
2025-12-17 02:12:35,008 INFO [root] 0-0-1-B-AVSS 0 AVID retrieve msg from 6
2025-12-17 02:12:35,008 INFO [root] AVID retrieve response received
2025-12-17 02:12:35,008 INFO [root] retrieve msid: 0-0-1-B-AVID, response_index: 0
2025-12-17 02:12:35,008 INFO [root] RESPONSE from 6
2025-12-17 02:12:35,008 INFO [root] sender self.committee_size: 2
2025-12-17 02:12:35,008 INFO [root] 0-0-1-B-AVSS 0 RETRIEVE complete.
2025-12-17 02:12:35,008 INFO [root] after avid.retrieve dispersal_msg
2025-12-17 02:12:35,008 INFO [root] Handling dealer messages for dealer_id: 0, tag: 0-0-1-B-AVSS
2025-12-17 02:12:35,008 INFO [root] Decrypting dispersal message from dealer_id 0
2025-12-17 02:12:35,013 INFO [root] shares verified successfully
2025-12-17 02:12:35,013 INFO [root] all_shares_valid: True
2025-12-17 02:12:35,013 INFO [root] after _handle_dealer_msgs, all_shares_valid
2025-12-17 02:12:35,013 INFO [root] self.tagvars[tag]['all_shares_valid']: True
2025-12-17 02:12:35,013 INFO [root] avss_without_proof dealer_id: 0
2025-12-17 02:12:35,013 INFO [root] multicast to 4
2025-12-17 02:12:35,013 INFO [root] multicast to 5
2025-12-17 02:12:35,013 INFO [root] multicast to 6
2025-12-17 02:12:35,013 INFO [root] multicast to 7
2025-12-17 02:12:35,013 INFO [root] layer ID: 1 received shares from dealer 0
2025-12-17 02:12:35,014 INFO [root] [0] Received OK from [4]
2025-12-17 02:12:35,014 INFO [root] [0] OK set: {4}
2025-12-17 02:12:35,014 INFO [root] output: True
2025-12-17 02:12:35,014 INFO [root] [0] Received OK from [6]
2025-12-17 02:12:35,014 INFO [root] [0] OK set: {4, 6}
2025-12-17 02:12:35,014 INFO [root] output: True
2025-12-17 02:12:35,014 INFO [root] [0] Received OK from [5]
2025-12-17 02:12:35,014 INFO [root] [0] OK set: {4, 5, 6}
2025-12-17 02:12:35,014 INFO [root] output: True
2025-12-17 02:12:35,144 INFO [root] disperse msid: 1-0-1-B-AVSS, index: 3
2025-12-17 02:12:35,144 INFO [root] AVID retrieve called with sid: 1-0-1-B-AVID, index: 3
2025-12-17 02:12:35,148 INFO [root] disperse msid: 2-0-1-B-AVSS, index: 3
2025-12-17 02:12:35,148 INFO [root] AVID retrieve called with sid: 2-0-1-B-AVID, index: 3
2025-12-17 02:12:35,148 INFO [root] disperse msid: 0-0-1-B-AVSS, index: 3
2025-12-17 02:12:35,148 INFO [root] AVID retrieve called with sid: 0-0-1-B-AVID, index: 3
2025-12-17 02:12:35,203 INFO [root] [0] Received OK from [7]
2025-12-17 02:12:35,203 INFO [root] [0] OK set: {4, 5, 6, 7}
2025-12-17 02:12:35,203 INFO [root] output: True
2025-12-17 02:12:35,203 INFO [root] [0] exit
2025-12-17 02:12:35,241 INFO [root] [0] Received OK from [7]
2025-12-17 02:12:35,241 INFO [root] [0] OK set: {4, 5, 6, 7}
2025-12-17 02:12:35,241 INFO [root] output: True
2025-12-17 02:12:35,241 INFO [root] [0] exit
2025-12-17 02:12:35,241 INFO [root] [0] Received OK from [7]
2025-12-17 02:12:35,241 INFO [root] [0] OK set: {4, 5, 6, 7}
2025-12-17 02:12:35,241 INFO [root] output: True
2025-12-17 02:12:35,241 INFO [root] [0] exit
2025-12-17 02:12:35,270 INFO [root] [0] Received VAL message from 3
2025-12-17 02:12:35,270 INFO [root] entering n == commitee_size + 1
2025-12-17 02:12:35,270 INFO [root] [0] sender: 3, leader: 3
2025-12-17 02:12:35,270 INFO [root] [0] Successfully validated VAL message
2025-12-17 02:12:35,270 INFO [root] [0] Broadcasted ECHO message for roothash b'@\xa7\r\x05\xfb\x80\xf0\x9a\x14\xbe\x80\x10m\xa5\x866\x93\xd0\x9e\x00R\xd0}\x08\x00.\r\xb8\xc6\xcf\x9f\xf6'
2025-12-17 02:12:35,270 INFO [root] broadcast Sending to 1: 4
2025-12-17 02:12:35,270 INFO [root] broadcast Sending to 2: 5
2025-12-17 02:12:35,270 INFO [root] broadcast Sending to 3: 6
2025-12-17 02:12:35,270 INFO [root] broadcast Sending to 4: 7
2025-12-17 02:12:35,270 INFO [root] [0] Received ECHO message from 4
2025-12-17 02:12:35,271 INFO [root] [0] Received ECHO message from 5
2025-12-17 02:12:35,271 INFO [root] [0] Received ECHO message from 6
2025-12-17 02:12:35,272 INFO [root] [0] Broadcasted READY message for roothash b'@\xa7\r\x05\xfb\x80\xf0\x9a\x14\xbe\x80\x10m\xa5\x866\x93\xd0\x9e\x00R\xd0}\x08\x00.\r\xb8\xc6\xcf\x9f\xf6'
2025-12-17 02:12:35,272 INFO [root] broadcast Sending to 1: 4
2025-12-17 02:12:35,272 INFO [root] broadcast Sending to 2: 5
2025-12-17 02:12:35,272 INFO [root] broadcast Sending to 3: 6
2025-12-17 02:12:35,272 INFO [root] broadcast Sending to 4: 7
2025-12-17 02:12:35,272 INFO [root] [0] Received ECHO message from 7
2025-12-17 02:12:35,272 INFO [root] [0] Received READY message from 4
2025-12-17 02:12:35,272 INFO [root] [0] Received READY message from 6
2025-12-17 02:12:35,272 INFO [root] [0] Received READY message from 5
2025-12-17 02:12:35,272 INFO [root] Decoding output for roothash: b'@\xa7\r\x05\xfb\x80\xf0\x9a\x14\xbe\x80\x10m\xa5\x866\x93\xd0\x9e\x00R\xd0}\x08\x00.\r\xb8\xc6\xcf\x9f\xf6'
2025-12-17 02:12:35,273 INFO [root] [0] Received RBC message
2025-12-17 02:12:35,273 INFO [root] multicast list: [4, 5, 6, 7]
2025-12-17 02:12:35,273 INFO [root] before avid.retrieve
2025-12-17 02:12:35,273 INFO [root] AVID broadcast to 1: 4
2025-12-17 02:12:35,273 INFO [root] AVID broadcast to 2: 5
2025-12-17 02:12:35,273 INFO [root] AVID broadcast to 3: 6
2025-12-17 02:12:35,273 INFO [root] AVID broadcast to 4: 7
2025-12-17 02:12:35,274 INFO [root] AVID broadcast to 1: 4
2025-12-17 02:12:35,274 INFO [root] AVID broadcast to 2: 5
2025-12-17 02:12:35,274 INFO [root] AVID broadcast to 3: 6
2025-12-17 02:12:35,274 INFO [root] AVID broadcast to 4: 7
2025-12-17 02:12:35,275 INFO [root] 3-0-1-B-AVSS 0 RETRIEVE called.
2025-12-17 02:12:35,275 INFO [root] AVID broadcast to 1: 4
2025-12-17 02:12:35,275 INFO [root] AVID broadcast to 2: 5
2025-12-17 02:12:35,275 INFO [root] AVID broadcast to 3: 6
2025-12-17 02:12:35,275 INFO [root] AVID broadcast to 4: 7
2025-12-17 02:12:35,275 INFO [root] 3-0-1-B-AVSS 0 RETRIEVE broadcasted.
2025-12-17 02:12:35,275 INFO [root] disperse msid: 3-0-1-B-AVSS, index: 0
2025-12-17 02:12:35,275 INFO [root] AVID retrieve called with sid: 3-0-1-B-AVID, index: 0
2025-12-17 02:12:35,275 INFO [root] 3-0-1-B-AVSS 0 AVID retrieve msg from 4
2025-12-17 02:12:35,275 INFO [root] AVID retrieve response received
2025-12-17 02:12:35,275 INFO [root] retrieve msid: 3-0-1-B-AVID, response_index: 0
2025-12-17 02:12:35,276 INFO [root] RESPONSE from 4
2025-12-17 02:12:35,276 INFO [root] sender self.committee_size: 0
2025-12-17 02:12:35,276 INFO [root] disperse msid: 3-0-1-B-AVSS, index: 2
2025-12-17 02:12:35,276 INFO [root] AVID retrieve called with sid: 3-0-1-B-AVID, index: 2
2025-12-17 02:12:35,276 INFO [root] disperse msid: 3-0-1-B-AVSS, index: 3
2025-12-17 02:12:35,276 INFO [root] AVID retrieve called with sid: 3-0-1-B-AVID, index: 3
2025-12-17 02:12:35,276 INFO [root] disperse msid: 3-0-1-B-AVSS, index: 1
2025-12-17 02:12:35,276 INFO [root] AVID retrieve called with sid: 3-0-1-B-AVID, index: 1
2025-12-17 02:12:35,277 INFO [root] 3-0-1-B-AVSS 0 AVID retrieve msg from 7
2025-12-17 02:12:35,277 INFO [root] AVID retrieve response received
2025-12-17 02:12:35,277 INFO [root] retrieve msid: 3-0-1-B-AVID, response_index: 0
2025-12-17 02:12:35,277 INFO [root] RESPONSE from 7
2025-12-17 02:12:35,277 INFO [root] sender self.committee_size: 3
2025-12-17 02:12:35,277 INFO [root] 3-0-1-B-AVSS 0 RETRIEVE complete.
2025-12-17 02:12:35,277 INFO [root] after avid.retrieve dispersal_msg
2025-12-17 02:12:35,277 INFO [root] Handling dealer messages for dealer_id: 3, tag: 3-0-1-B-AVSS
2025-12-17 02:12:35,278 INFO [root] Decrypting dispersal message from dealer_id 3
2025-12-17 02:12:35,282 INFO [root] shares verified successfully
2025-12-17 02:12:35,282 INFO [root] all_shares_valid: True
2025-12-17 02:12:35,282 INFO [root] after _handle_dealer_msgs, all_shares_valid
2025-12-17 02:12:35,282 INFO [root] self.tagvars[tag]['all_shares_valid']: True
2025-12-17 02:12:35,283 INFO [root] avss_without_proof dealer_id: 3
2025-12-17 02:12:35,283 INFO [root] multicast to 4
2025-12-17 02:12:35,283 INFO [root] multicast to 5
2025-12-17 02:12:35,283 INFO [root] multicast to 6
2025-12-17 02:12:35,283 INFO [root] multicast to 7
2025-12-17 02:12:35,283 INFO [root] layer ID: 1 received shares from dealer 3
2025-12-17 02:12:35,283 INFO [root] layer ID: 1 received all shares from the previous layer
2025-12-17 02:12:35,283 INFO [root] layer ID: 1 clients_input_shares length: 200
2025-12-17 02:12:35,283 INFO [root] layer ID: 1 recv_input_time: 0.5414063930511475
2025-12-17 02:12:35,284 INFO [root] layer ID: 1 trusted_verification_time: 0.5414063930511475
2025-12-17 02:12:35,286 INFO [root] layer ID: 1 add_outputs length: 50
2025-12-17 02:12:35,286 INFO [root] layer ID: 1 exec_time: 0.0026798248291015625
2025-12-17 02:12:35,287 INFO [beaver.transfer] [0] Starting DynamicTransfer
2025-12-17 02:12:35,287 INFO [beaver.transfer] [0] Starting ACSS to share 50 secrets
2025-12-17 02:12:35,287 INFO [root] [0] [asynchronous dynamic transfer] Layer ID: 1
2025-12-17 02:12:35,287 INFO [root] public_keys: [{'X': '2495639941869507074388661161247447113476007600157829706936244666258118764744446950614596177235311470937149496389665', 'Y': '3038569179245429960206007066456700548787161333237496063561426275230280060630806250755370922973468477859584573591343'}, {'X': '1137374903221767975261432610195886760628185367798197039840429361336690351145815656625761157106800221205042706278483', 'Y': '421028650874630913922744241702325110695401167380619327410919147840121838046704103152619581877371697457855919416826'}, {'X': '2306877681724899585285199652789104997856766704355412483784546554467919750745327289454949246536845146405119674558153', 'Y': '66660341316990067845644560258635820255638055164017380640842245945527851989187848158916637107422470441443794815145'}, {'X': '662888966957629999519975777252900163953621627809061057424026912503017200332129688718304066381321156070216010546535', 'Y': '3838123684490030169504280839790982536062881110603746933687047280737233131982918713029498038500252916387202459744046'}]
2025-12-17 02:12:35,287 INFO [root] layer ID: 1 trans_pre_time: 0.0011298656463623047
2025-12-17 02:12:35,288 INFO [root] [0] AVSS tag: 0-0-2-B-AVSS
2025-12-17 02:12:35,288 INFO [root] [0] RBC tag: 0-0-2-B-RBC
2025-12-17 02:12:35,288 INFO [root] enter avss_with_aggtransfer
g = {[6679831729115696150 8653662730902241269 1535610680227111361 17342916647841752903 17135755455211762752 1297449291367578485] [13451288730302620273 10097742279870053774 15949884091978425806 5885175747529691540 1016841820992199104 845620083434234474]}
h = {[13794385998538644597 108816626937764141 12130603454454490125 6127379912259600201 17481961476035825978 950355161936836191] [10722765800778186391 17107915684035394744 11626309118465119103 5217919199071354366 6102759180633827794 660535627654889709]}
Equal? false
2025-12-17 02:12:35,437 INFO [root] self.msgmode: avss_with_aggtransfer
2025-12-17 02:12:35,437 INFO [beaver.batch_multiplication] [0] Starting BatchMultiplication
num_generators 50
2025-12-17 02:12:35,655 INFO [beaver.batch_multiplication] Proof hex length: 9288
2025-12-17 02:12:35,655 INFO [beaver.batch_multiplication] Proof size (bytes): 4644
2025-12-17 02:12:35,655 INFO [beaver.batch_multiplication] Proof size (strict bytes): 4644
2025-12-17 02:12:35,655 INFO [beaver.batch_multiplication] [0] Starting ACSS to evaluate 50 multiplication gates
2025-12-17 02:12:35,656 INFO [root] [0] Received OK from [4]
2025-12-17 02:12:35,656 INFO [root] [0] OK set: {4}
2025-12-17 02:12:35,656 INFO [root] output: True
2025-12-17 02:12:35,656 INFO [root] rbc_list: [4, 8, 9, 10, 11]
2025-12-17 02:12:35,656 INFO [root] committee_size: 4
2025-12-17 02:12:35,656 INFO [root] n: 5
2025-12-17 02:12:35,656 INFO [root] f: 1
2025-12-17 02:12:35,656 INFO [root] pid: 0
2025-12-17 02:12:35,656 INFO [root] leader: 0
2025-12-17 02:12:35,656 INFO [root] [0] Sending to 0: 8
2025-12-17 02:12:35,656 INFO [root] [0] Sending to 1: 9
2025-12-17 02:12:35,656 INFO [root] [0] Sending to 2: 10
2025-12-17 02:12:35,656 INFO [root] [0] Sending to 3: 11
2025-12-17 02:12:35,656 INFO [root] [0] Starting AVID disperse
2025-12-17 02:12:35,656 INFO [root] public_keys: [{'X': '2495639941869507074388661161247447113476007600157829706936244666258118764744446950614596177235311470937149496389665', 'Y': '3038569179245429960206007066456700548787161333237496063561426275230280060630806250755370922973468477859584573591343'}, {'X': '1137374903221767975261432610195886760628185367798197039840429361336690351145815656625761157106800221205042706278483', 'Y': '421028650874630913922744241702325110695401167380619327410919147840121838046704103152619581877371697457855919416826'}, {'X': '2306877681724899585285199652789104997856766704355412483784546554467919750745327289454949246536845146405119674558153', 'Y': '66660341316990067845644560258635820255638055164017380640842245945527851989187848158916637107422470441443794815145'}, {'X': '662888966957629999519975777252900163953621627809061057424026912503017200332129688718304066381321156070216010546535', 'Y': '3838123684490030169504280839790982536062881110603746933687047280737233131982918713029498038500252916387202459744046'}]
2025-12-17 02:12:35,657 INFO [root] layer ID: 1 mul_pre_time: 0.36906957626342773
2025-12-17 02:12:35,657 INFO [root] layer ID: 1 layer_time: 0.914492130279541
2025-12-17 02:12:35,658 INFO [root] [0] Dispersed VAL message to committee
2025-12-17 02:12:35,658 INFO [root] [0] AVSS tag: 0-0-2-B-AVSS
2025-12-17 02:12:35,658 INFO [root] [0] RBC tag: 0-0-2-B-RBC
g = {[6679831729115696150 8653662730902241269 1535610680227111361 17342916647841752903 17135755455211762752 1297449291367578485] [13451288730302620273 10097742279870053774 15949884091978425806 5885175747529691540 1016841820992199104 845620083434234474]}
h = {[13794385998538644597 108816626937764141 12130603454454490125 6127379912259600201 17481961476035825978 950355161936836191] [10722765800778186391 17107915684035394744 11626309118465119103 5217919199071354366 6102759180633827794 660535627654889709]}
Equal? false
2025-12-17 02:12:35,839 INFO [root] self.msgmode: avss_with_aggbatch_multiplication
2025-12-17 02:12:35,839 INFO [root] rbc_list: [4, 8, 9, 10, 11]
2025-12-17 02:12:35,840 INFO [root] committee_size: 4
2025-12-17 02:12:35,840 INFO [root] n: 5
2025-12-17 02:12:35,840 INFO [root] f: 1
2025-12-17 02:12:35,840 INFO [root] pid: 0
2025-12-17 02:12:35,840 INFO [root] leader: 0
2025-12-17 02:12:35,840 INFO [root] [0] Sending to 0: 8
2025-12-17 02:12:35,840 INFO [root] [0] Sending to 1: 9
2025-12-17 02:12:35,840 INFO [root] [0] Sending to 2: 10
2025-12-17 02:12:35,840 INFO [root] [0] Sending to 3: 11
2025-12-17 02:12:35,840 INFO [root] [0] Starting AVID disperse
2025-12-17 02:12:35,840 INFO [root] [0] Received OK from [6]
2025-12-17 02:12:35,840 INFO [root] [0] OK set: {4, 6}
2025-12-17 02:12:35,840 INFO [root] output: True
2025-12-17 02:12:35,840 INFO [root] [0] Received OK from [5]
2025-12-17 02:12:35,840 INFO [root] [0] OK set: {4, 5, 6}
2025-12-17 02:12:35,840 INFO [root] output: True
2025-12-17 02:12:35,840 INFO [root] [0] Received OK from [7]
2025-12-17 02:12:35,840 INFO [root] [0] OK set: {4, 5, 6, 7}
2025-12-17 02:12:35,840 INFO [root] output: True
2025-12-17 02:12:35,840 INFO [root] [0] exit
2025-12-17 02:12:35,843 INFO [root] [0] Dispersed VAL message to committee
my_send_id: 4 exec_time: 5.933069705963135
2025-12-17 02:12:45,662 INFO [root] [0] Bytes Sent: A1:219617 which is 16.598%
2025-12-17 02:12:45,662 INFO [root] [0] Bytes Sent: TR2:318604 which is 24.079%
2025-12-17 02:12:45,662 INFO [root] [0] Bytes Sent: M2:784964 which is 59.324%
2025-12-17 02:12:45,662 INFO [root] [0] Total bytes sent out aa: 1323185
2025-12-17 02:12:45,664 INFO [benchmark_logger] Total bytes sent out: 1323185
2025-12-17 02:12:45,673 ERROR [asyncio] Task was destroyed but it is pending!
task: <Task pending name='Task-35' coro=<subscribe_recv.<locals>._recv_loop() running at /opt/dumbo-mpc/dumbo-mpc/AsyRanTriGen/beaver/utils/misc.py:89> wait_for=<Future pending cb=[<TaskWakeupMethWrapper object at 0x7fa3ea2efbb0>()]>>
2025-12-17 02:12:45,673 ERROR [asyncio] Task was destroyed but it is pending!
task: <Task pending name='Task-37' coro=<subscribe_recv.<locals>._recv_loop() running at /opt/dumbo-mpc/dumbo-mpc/AsyRanTriGen/beaver/utils/misc.py:89> wait_for=<Future pending cb=[<TaskWakeupMethWrapper object at 0x7fa3e99f3130>()]>>
Exception ignored in: <coroutine object subscribe_recv.<locals>._recv_loop at 0x7fa3ecb8dbc0>
Traceback (most recent call last):
  File "/opt/dumbo-mpc/dumbo-mpc/AsyRanTriGen/beaver/utils/misc.py", line 89, in _recv_loop
    j, (tag, o) = await recv()
  File "/usr/lib/python3.8/asyncio/queues.py", line 165, in get
    getter.cancel()  # Just in case getter is not done yet.
  File "uvloop/loop.pyx", line 1281, in uvloop.loop.Loop.call_soon
  File "uvloop/loop.pyx", line 669, in uvloop.loop.Loop._call_soon
  File "uvloop/loop.pyx", line 678, in uvloop.loop.Loop._call_soon_handle
  File "uvloop/loop.pyx", line 673, in uvloop.loop.Loop._append_ready_handle
  File "uvloop/loop.pyx", line 705, in uvloop.loop.Loop._check_closed
RuntimeError: Event loop is closed
Exception ignored in: <coroutine object subscribe_recv.<locals>._recv_loop at 0x7fa3ecb59a40>
Traceback (most recent call last):
  File "/opt/dumbo-mpc/dumbo-mpc/AsyRanTriGen/beaver/utils/misc.py", line 89, in _recv_loop
    j, (tag, o) = await recv()
  File "/usr/lib/python3.8/asyncio/queues.py", line 165, in get
    getter.cancel()  # Just in case getter is not done yet.
  File "uvloop/loop.pyx", line 1281, in uvloop.loop.Loop.call_soon
  File "uvloop/loop.pyx", line 669, in uvloop.loop.Loop._call_soon
  File "uvloop/loop.pyx", line 678, in uvloop.loop.Loop._call_soon_handle
  File "uvloop/loop.pyx", line 673, in uvloop.loop.Loop._append_ready_handle
  File "uvloop/loop.pyx", line 705, in uvloop.loop.Loop._check_closed
RuntimeError: Event loop is closed
2025-12-17 02:12:45,674 ERROR [asyncio] Task was destroyed but it is pending!
task: <Task pending name='Task-45' coro=<ACSS_Foll._recv_loop() running at /opt/dumbo-mpc/dumbo-mpc/AsyRanTriGen/beaver/hbacss.py:3694> wait_for=<Future pending cb=[<TaskWakeupMethWrapper object at 0x7fa3e9a41910>()]>>
2025-12-17 02:12:45,674 ERROR [asyncio] Task was destroyed but it is pending!
task: <Task pending name='Task-43' coro=<ACSS_Foll._recv_loop() running at /opt/dumbo-mpc/dumbo-mpc/AsyRanTriGen/beaver/hbacss.py:3694> wait_for=<Future pending cb=[<TaskWakeupMethWrapper object at 0x7fa3ea2fa7f0>()]>>
2025-12-17 02:12:45,674 ERROR [asyncio] Task was destroyed but it is pending!
task: <Task pending name='Task-44' coro=<ACSS_Foll._recv_loop() running at /opt/dumbo-mpc/dumbo-mpc/AsyRanTriGen/beaver/hbacss.py:3696> wait_for=<Future pending cb=[<TaskWakeupMethWrapper object at 0x7fa3ea2efee0>()]>>
Exception ignored in: <coroutine object ACSS_Foll._recv_loop at 0x7fa3ea30bf40>
Traceback (most recent call last):
  File "/opt/dumbo-mpc/dumbo-mpc/AsyRanTriGen/beaver/hbacss.py", line 3694, in _recv_loop
    await avid.disperse(tag, self.my_id, dispersal_msg_list)
  File "/opt/dumbo-mpc/dumbo-mpc/AsyRanTriGen/beaver/broadcast/avid.py", line 461, in disperse
    sender, msg = await self.recv()
  File "/usr/lib/python3.8/asyncio/queues.py", line 165, in get
    getter.cancel()  # Just in case getter is not done yet.
  File "uvloop/loop.pyx", line 1281, in uvloop.loop.Loop.call_soon
  File "uvloop/loop.pyx", line 669, in uvloop.loop.Loop._call_soon
  File "uvloop/loop.pyx", line 678, in uvloop.loop.Loop._call_soon_handle
  File "uvloop/loop.pyx", line 673, in uvloop.loop.Loop._append_ready_handle
  File "uvloop/loop.pyx", line 705, in uvloop.loop.Loop._check_closed
RuntimeError: Event loop is closed
Exception ignored in: <coroutine object ACSS_Foll._recv_loop at 0x7fa3ea2f6640>
Traceback (most recent call last):
  File "/opt/dumbo-mpc/dumbo-mpc/AsyRanTriGen/beaver/hbacss.py", line 3694, in _recv_loop
    await avid.disperse(tag, self.my_id, dispersal_msg_list)
  File "/opt/dumbo-mpc/dumbo-mpc/AsyRanTriGen/beaver/broadcast/avid.py", line 461, in disperse
    sender, msg = await self.recv()
  File "/usr/lib/python3.8/asyncio/queues.py", line 165, in get
    getter.cancel()  # Just in case getter is not done yet.
  File "uvloop/loop.pyx", line 1281, in uvloop.loop.Loop.call_soon
  File "uvloop/loop.pyx", line 669, in uvloop.loop.Loop._call_soon
  File "uvloop/loop.pyx", line 678, in uvloop.loop.Loop._call_soon_handle
  File "uvloop/loop.pyx", line 673, in uvloop.loop.Loop._append_ready_handle
  File "uvloop/loop.pyx", line 705, in uvloop.loop.Loop._check_closed
RuntimeError: Event loop is closed
Exception ignored in: <coroutine object ACSS_Foll._recv_loop at 0x7fa3ea2f1f40>
Traceback (most recent call last):
  File "/opt/dumbo-mpc/dumbo-mpc/AsyRanTriGen/beaver/hbacss.py", line 3696, in _recv_loop
    await avid.disperse(tag, self.my_id+1, dispersal_msg_list)
  File "/opt/dumbo-mpc/dumbo-mpc/AsyRanTriGen/beaver/broadcast/avid.py", line 461, in disperse
    sender, msg = await self.recv()
  File "/usr/lib/python3.8/asyncio/queues.py", line 165, in get
    getter.cancel()  # Just in case getter is not done yet.
  File "uvloop/loop.pyx", line 1281, in uvloop.loop.Loop.call_soon
  File "uvloop/loop.pyx", line 669, in uvloop.loop.Loop._call_soon
  File "uvloop/loop.pyx", line 678, in uvloop.loop.Loop._call_soon_handle
  File "uvloop/loop.pyx", line 673, in uvloop.loop.Loop._append_ready_handle
  File "uvloop/loop.pyx", line 705, in uvloop.loop.Loop._check_closed
RuntimeError: Event loop is closed
2025-12-17 02:12:45,679 ERROR [asyncio] Task was destroyed but it is pending!
task: <Task pending name='Task-46' coro=<subscribe_recv.<locals>._recv_loop() running at /opt/dumbo-mpc/dumbo-mpc/AsyRanTriGen/beaver/utils/misc.py:89> wait_for=<Future pending cb=[<TaskWakeupMethWrapper object at 0x7fa3ea295e80>()]>>
2025-12-17 02:12:45,679 ERROR [asyncio] Task was destroyed but it is pending!
task: <Task pending name='Task-49' coro=<subscribe_recv.<locals>._recv_loop() running at /opt/dumbo-mpc/dumbo-mpc/AsyRanTriGen/beaver/utils/misc.py:89> wait_for=<Future pending cb=[<TaskWakeupMethWrapper object at 0x7fa3ea2950a0>()]>>
2025-12-17 02:12:45,679 ERROR [asyncio] Task was destroyed but it is pending!
task: <Task pending name='Task-51' coro=<subscribe_recv.<locals>._recv_loop() running at /opt/dumbo-mpc/dumbo-mpc/AsyRanTriGen/beaver/utils/misc.py:89> wait_for=<Future pending cb=[<TaskWakeupMethWrapper object at 0x7fa3e9a41d60>()]>>
Exception ignored in: <coroutine object subscribe_recv.<locals>._recv_loop at 0x7fa3ea2f6540>
Traceback (most recent call last):
  File "/opt/dumbo-mpc/dumbo-mpc/AsyRanTriGen/beaver/utils/misc.py", line 89, in _recv_loop
    j, (tag, o) = await recv()
  File "/usr/lib/python3.8/asyncio/queues.py", line 165, in get
    getter.cancel()  # Just in case getter is not done yet.
  File "uvloop/loop.pyx", line 1281, in uvloop.loop.Loop.call_soon
  File "uvloop/loop.pyx", line 669, in uvloop.loop.Loop._call_soon
  File "uvloop/loop.pyx", line 678, in uvloop.loop.Loop._call_soon_handle
  File "uvloop/loop.pyx", line 673, in uvloop.loop.Loop._append_ready_handle
  File "uvloop/loop.pyx", line 705, in uvloop.loop.Loop._check_closed
RuntimeError: Event loop is closed
Exception ignored in: <coroutine object subscribe_recv.<locals>._recv_loop at 0x7fa3e9a40240>
Traceback (most recent call last):
  File "/opt/dumbo-mpc/dumbo-mpc/AsyRanTriGen/beaver/utils/misc.py", line 89, in _recv_loop
    j, (tag, o) = await recv()
  File "/usr/lib/python3.8/asyncio/queues.py", line 165, in get
    getter.cancel()  # Just in case getter is not done yet.
  File "uvloop/loop.pyx", line 1281, in uvloop.loop.Loop.call_soon
  File "uvloop/loop.pyx", line 669, in uvloop.loop.Loop._call_soon
  File "uvloop/loop.pyx", line 678, in uvloop.loop.Loop._call_soon_handle
  File "uvloop/loop.pyx", line 673, in uvloop.loop.Loop._append_ready_handle
  File "uvloop/loop.pyx", line 705, in uvloop.loop.Loop._check_closed
RuntimeError: Event loop is closed
Exception ignored in: <coroutine object subscribe_recv.<locals>._recv_loop at 0x7fa3e9a40640>
Traceback (most recent call last):
  File "/opt/dumbo-mpc/dumbo-mpc/AsyRanTriGen/beaver/utils/misc.py", line 89, in _recv_loop
    j, (tag, o) = await recv()
  File "/usr/lib/python3.8/asyncio/queues.py", line 165, in get
    getter.cancel()  # Just in case getter is not done yet.
  File "uvloop/loop.pyx", line 1281, in uvloop.loop.Loop.call_soon
  File "uvloop/loop.pyx", line 669, in uvloop.loop.Loop._call_soon
  File "uvloop/loop.pyx", line 678, in uvloop.loop.Loop._call_soon_handle
  File "uvloop/loop.pyx", line 673, in uvloop.loop.Loop._append_ready_handle
  File "uvloop/loop.pyx", line 705, in uvloop.loop.Loop._check_closed
RuntimeError: Event loop is closed
2025-12-17 02:12:45,681 ERROR [asyncio] Task was destroyed but it is pending!
task: <Task pending name='Task-57' coro=<subscribe_recv.<locals>._recv_loop() running at /opt/dumbo-mpc/dumbo-mpc/AsyRanTriGen/beaver/utils/misc.py:89> wait_for=<Future pending cb=[<TaskWakeupMethWrapper object at 0x7fa3e9a41e50>()]>>
2025-12-17 02:12:45,681 ERROR [asyncio] Task was destroyed but it is pending!
task: <Task pending name='Task-42' coro=<ACSS_Foll._recv_loop() running at /opt/dumbo-mpc/dumbo-mpc/AsyRanTriGen/beaver/hbacss.py:3694> wait_for=<Future pending cb=[<TaskWakeupMethWrapper object at 0x7fa3ea2ef520>()]>>
2025-12-17 02:12:45,681 ERROR [asyncio] Task was destroyed but it is pending!
task: <Task pending name='Task-53' coro=<rbc_dyn() running at /opt/dumbo-mpc/dumbo-mpc/AsyRanTriGen/beaver/broadcast/reliablebroadcast.py:411> wait_for=<Future pending cb=[<TaskWakeupMethWrapper object at 0x7fa3e9a41b20>()]>>
Exception ignored in: <coroutine object subscribe_recv.<locals>._recv_loop at 0x7fa3e9a40a40>
Traceback (most recent call last):
  File "/opt/dumbo-mpc/dumbo-mpc/AsyRanTriGen/beaver/utils/misc.py", line 89, in _recv_loop
    j, (tag, o) = await recv()
  File "/usr/lib/python3.8/asyncio/queues.py", line 165, in get
    getter.cancel()  # Just in case getter is not done yet.
  File "uvloop/loop.pyx", line 1281, in uvloop.loop.Loop.call_soon
  File "uvloop/loop.pyx", line 669, in uvloop.loop.Loop._call_soon
  File "uvloop/loop.pyx", line 678, in uvloop.loop.Loop._call_soon_handle
  File "uvloop/loop.pyx", line 673, in uvloop.loop.Loop._append_ready_handle
  File "uvloop/loop.pyx", line 705, in uvloop.loop.Loop._check_closed
RuntimeError: Event loop is closed
2025-12-17 02:12:45,681 ERROR [asyncio] Task was destroyed but it is pending!
task: <Task pending name='Task-56' coro=<AVID_DYNAMIC.disperse() running at /opt/dumbo-mpc/dumbo-mpc/AsyRanTriGen/beaver/broadcast/avid.py:461> wait_for=<Future pending cb=[<TaskWakeupMethWrapper object at 0x7fa3e9a41e80>()]>>
Exception ignored in: <coroutine object ACSS_Foll._recv_loop at 0x7fa3ea2f1dc0>
Traceback (most recent call last):
  File "/opt/dumbo-mpc/dumbo-mpc/AsyRanTriGen/beaver/hbacss.py", line 3694, in _recv_loop
    await avid.disperse(tag, self.my_id, dispersal_msg_list)
  File "/opt/dumbo-mpc/dumbo-mpc/AsyRanTriGen/beaver/broadcast/avid.py", line 461, in disperse
    sender, msg = await self.recv()
  File "/usr/lib/python3.8/asyncio/queues.py", line 165, in get
    getter.cancel()  # Just in case getter is not done yet.
  File "uvloop/loop.pyx", line 1281, in uvloop.loop.Loop.call_soon
  File "uvloop/loop.pyx", line 669, in uvloop.loop.Loop._call_soon
  File "uvloop/loop.pyx", line 678, in uvloop.loop.Loop._call_soon_handle
  File "uvloop/loop.pyx", line 673, in uvloop.loop.Loop._append_ready_handle
  File "uvloop/loop.pyx", line 705, in uvloop.loop.Loop._check_closed
RuntimeError: Event loop is closed
Exception ignored in: <coroutine object rbc_dyn at 0x7fa3e9a405c0>
Traceback (most recent call last):
  File "/opt/dumbo-mpc/dumbo-mpc/AsyRanTriGen/beaver/broadcast/reliablebroadcast.py", line 411, in rbc_dyn
    sender, msg = await receive()
  File "/usr/lib/python3.8/asyncio/queues.py", line 165, in get
    getter.cancel()  # Just in case getter is not done yet.
  File "uvloop/loop.pyx", line 1281, in uvloop.loop.Loop.call_soon
  File "uvloop/loop.pyx", line 669, in uvloop.loop.Loop._call_soon
  File "uvloop/loop.pyx", line 678, in uvloop.loop.Loop._call_soon_handle
  File "uvloop/loop.pyx", line 673, in uvloop.loop.Loop._append_ready_handle
  File "uvloop/loop.pyx", line 705, in uvloop.loop.Loop._check_closed
RuntimeError: Event loop is closed
Exception ignored in: <coroutine object AVID_DYNAMIC.disperse at 0x7fa3e99e5e40>
Traceback (most recent call last):
  File "/opt/dumbo-mpc/dumbo-mpc/AsyRanTriGen/beaver/broadcast/avid.py", line 461, in disperse
    sender, msg = await self.recv()
  File "/usr/lib/python3.8/asyncio/queues.py", line 165, in get
    getter.cancel()  # Just in case getter is not done yet.
  File "uvloop/loop.pyx", line 1281, in uvloop.loop.Loop.call_soon
  File "uvloop/loop.pyx", line 669, in uvloop.loop.Loop._call_soon
  File "uvloop/loop.pyx", line 678, in uvloop.loop.Loop._call_soon_handle
  File "uvloop/loop.pyx", line 673, in uvloop.loop.Loop._append_ready_handle
  File "uvloop/loop.pyx", line 705, in uvloop.loop.Loop._check_closed
RuntimeError: Event loop is closed
2025-12-17 02:12:45,684 ERROR [asyncio] Task was destroyed but it is pending!
task: <Task pending name='Task-59' coro=<rbc_dyn() running at /opt/dumbo-mpc/dumbo-mpc/AsyRanTriGen/beaver/broadcast/reliablebroadcast.py:411> wait_for=<Future cancelled>>
Exception ignored in: <coroutine object rbc_dyn at 0x7fa3e99f0040>
Traceback (most recent call last):
  File "/opt/dumbo-mpc/dumbo-mpc/AsyRanTriGen/beaver/broadcast/reliablebroadcast.py", line 411, in rbc_dyn
    sender, msg = await receive()
  File "/usr/lib/python3.8/asyncio/queues.py", line 165, in get
    getter.cancel()  # Just in case getter is not done yet.
  File "uvloop/loop.pyx", line 1281, in uvloop.loop.Loop.call_soon
  File "uvloop/loop.pyx", line 669, in uvloop.loop.Loop._call_soon
  File "uvloop/loop.pyx", line 678, in uvloop.loop.Loop._call_soon_handle
  File "uvloop/loop.pyx", line 673, in uvloop.loop.Loop._append_ready_handle
  File "uvloop/loop.pyx", line 705, in uvloop.loop.Loop._check_closed
RuntimeError: Event loop is closed
2025-12-17 02:12:45,684 ERROR [asyncio] Task was destroyed but it is pending!
task: <Task pending name='Task-61' coro=<AVID_DYNAMIC.disperse() running at /opt/dumbo-mpc/dumbo-mpc/AsyRanTriGen/beaver/broadcast/avid.py:461> wait_for=<Future cancelled>>
Exception ignored in: <coroutine object AVID_DYNAMIC.disperse at 0x7fa3e99e5140>
Traceback (most recent call last):
  File "/opt/dumbo-mpc/dumbo-mpc/AsyRanTriGen/beaver/broadcast/avid.py", line 461, in disperse
    sender, msg = await self.recv()
  File "/usr/lib/python3.8/asyncio/queues.py", line 165, in get
    getter.cancel()  # Just in case getter is not done yet.
  File "uvloop/loop.pyx", line 1281, in uvloop.loop.Loop.call_soon
  File "uvloop/loop.pyx", line 669, in uvloop.loop.Loop._call_soon
  File "uvloop/loop.pyx", line 678, in uvloop.loop.Loop._call_soon_handle
  File "uvloop/loop.pyx", line 673, in uvloop.loop.Loop._append_ready_handle
  File "uvloop/loop.pyx", line 705, in uvloop.loop.Loop._check_closed
RuntimeError: Event loop is closed
