Warning: Permanently added '1.15.15.230' (ECDSA) to the list of known hosts.
Creating dumbo-mpc_dumbo-mpc_run ... 
Creating dumbo-mpc_dumbo-mpc_run ... done
2025-08-23 08:15:36,573 INFO [root] Running ADMPC ...
2025-08-23 08:15:37,032 INFO [root] my_send_id: 45
2025-08-23 08:15:37,105 INFO [root] ADMPC start time: 1755936937.1054723
2025-08-23 08:15:37,105 INFO [root] [Layer 3] Reached run_admpc checkpoint
2025-08-23 08:15:37,106 INFO [beaver.transfer] [6] Starting DynamicTransfer_Foll
2025-08-23 08:15:37,106 INFO [beaver.transfer] [6] Starting ACSS to share 0 secrets
2025-08-23 08:15:37,106 INFO [root] [6] Starting Batch AVSS. Id: 0, Dealer Id: 0, Client Mode: False
2025-08-23 08:15:37,106 INFO [root] [6] AVSS tag: 0-0-3-B-AVSS
2025-08-23 08:15:37,106 INFO [root] [6] RBC tag: 0-0-3-B-RBC
2025-08-23 08:15:37,106 INFO [root] [6] Starting AVSS with shares_num: 0, dealer_id: 0, client_mode: False
2025-08-23 08:15:37,106 INFO [root] rbc_list: [26, 39, 40, 41, 42, 43, 44, 45, 46, 47, 48, 49, 50, 51]
2025-08-23 08:15:37,106 INFO [root] committee_size: 13
2025-08-23 08:15:37,106 INFO [root] n: 14
2025-08-23 08:15:37,106 INFO [root] f: 4
2025-08-23 08:15:37,106 INFO [root] pid: 7
2025-08-23 08:15:37,106 INFO [root] leader: 0
2025-08-23 08:15:37,106 INFO [root] [6] Starting Batch AVSS. Id: 0, Dealer Id: 1, Client Mode: False
2025-08-23 08:15:37,106 INFO [root] [6] AVSS tag: 1-0-3-B-AVSS
2025-08-23 08:15:37,106 INFO [root] [6] RBC tag: 1-0-3-B-RBC
2025-08-23 08:15:37,106 INFO [root] [6] Starting AVSS with shares_num: 0, dealer_id: 1, client_mode: False
2025-08-23 08:15:37,106 INFO [root] rbc_list: [27, 39, 40, 41, 42, 43, 44, 45, 46, 47, 48, 49, 50, 51]
2025-08-23 08:15:37,106 INFO [root] committee_size: 13
2025-08-23 08:15:37,106 INFO [root] n: 14
2025-08-23 08:15:37,106 INFO [root] f: 4
2025-08-23 08:15:37,107 INFO [root] pid: 7
2025-08-23 08:15:37,107 INFO [root] leader: 1
2025-08-23 08:15:37,107 INFO [root] [6] Starting Batch AVSS. Id: 0, Dealer Id: 2, Client Mode: False
2025-08-23 08:15:37,107 INFO [root] [6] AVSS tag: 2-0-3-B-AVSS
2025-08-23 08:15:37,107 INFO [root] [6] RBC tag: 2-0-3-B-RBC
2025-08-23 08:15:37,107 INFO [root] [6] Starting AVSS with shares_num: 0, dealer_id: 2, client_mode: False
2025-08-23 08:15:37,107 INFO [root] rbc_list: [28, 39, 40, 41, 42, 43, 44, 45, 46, 47, 48, 49, 50, 51]
2025-08-23 08:15:37,107 INFO [root] committee_size: 13
2025-08-23 08:15:37,107 INFO [root] n: 14
2025-08-23 08:15:37,107 INFO [root] f: 4
2025-08-23 08:15:37,107 INFO [root] pid: 7
2025-08-23 08:15:37,107 INFO [root] leader: 2
2025-08-23 08:15:37,107 INFO [root] [6] Starting Batch AVSS. Id: 0, Dealer Id: 3, Client Mode: False
2025-08-23 08:15:37,107 INFO [root] [6] AVSS tag: 3-0-3-B-AVSS
2025-08-23 08:15:37,107 INFO [root] [6] RBC tag: 3-0-3-B-RBC
2025-08-23 08:15:37,107 INFO [root] [6] Starting AVSS with shares_num: 0, dealer_id: 3, client_mode: False
2025-08-23 08:15:37,107 INFO [root] rbc_list: [29, 39, 40, 41, 42, 43, 44, 45, 46, 47, 48, 49, 50, 51]
2025-08-23 08:15:37,107 INFO [root] committee_size: 13
2025-08-23 08:15:37,107 INFO [root] n: 14
2025-08-23 08:15:37,107 INFO [root] f: 4
2025-08-23 08:15:37,107 INFO [root] pid: 7
2025-08-23 08:15:37,107 INFO [root] leader: 3
2025-08-23 08:15:37,107 INFO [root] [6] Starting Batch AVSS. Id: 0, Dealer Id: 4, Client Mode: False
2025-08-23 08:15:37,107 INFO [root] [6] AVSS tag: 4-0-3-B-AVSS
2025-08-23 08:15:37,107 INFO [root] [6] RBC tag: 4-0-3-B-RBC
2025-08-23 08:15:37,107 INFO [root] [6] Starting AVSS with shares_num: 0, dealer_id: 4, client_mode: False
2025-08-23 08:15:37,107 INFO [root] rbc_list: [30, 39, 40, 41, 42, 43, 44, 45, 46, 47, 48, 49, 50, 51]
2025-08-23 08:15:37,107 INFO [root] committee_size: 13
2025-08-23 08:15:37,107 INFO [root] n: 14
2025-08-23 08:15:37,107 INFO [root] f: 4
2025-08-23 08:15:37,107 INFO [root] pid: 7
2025-08-23 08:15:37,107 INFO [root] leader: 4
2025-08-23 08:15:37,107 INFO [root] [6] Starting Batch AVSS. Id: 0, Dealer Id: 5, Client Mode: False
2025-08-23 08:15:37,107 INFO [root] [6] AVSS tag: 5-0-3-B-AVSS
2025-08-23 08:15:37,107 INFO [root] [6] RBC tag: 5-0-3-B-RBC
2025-08-23 08:15:37,107 INFO [root] [6] Starting AVSS with shares_num: 0, dealer_id: 5, client_mode: False
2025-08-23 08:15:37,108 INFO [root] rbc_list: [31, 39, 40, 41, 42, 43, 44, 45, 46, 47, 48, 49, 50, 51]
2025-08-23 08:15:37,108 INFO [root] committee_size: 13
2025-08-23 08:15:37,108 INFO [root] n: 14
2025-08-23 08:15:37,108 INFO [root] f: 4
2025-08-23 08:15:37,108 INFO [root] pid: 7
2025-08-23 08:15:37,108 INFO [root] leader: 5
2025-08-23 08:15:37,108 INFO [root] [6] Starting Batch AVSS. Id: 0, Dealer Id: 6, Client Mode: False
2025-08-23 08:15:37,108 INFO [root] [6] AVSS tag: 6-0-3-B-AVSS
2025-08-23 08:15:37,108 INFO [root] [6] RBC tag: 6-0-3-B-RBC
2025-08-23 08:15:37,108 INFO [root] [6] Starting AVSS with shares_num: 0, dealer_id: 6, client_mode: False
2025-08-23 08:15:37,108 INFO [root] rbc_list: [32, 39, 40, 41, 42, 43, 44, 45, 46, 47, 48, 49, 50, 51]
2025-08-23 08:15:37,108 INFO [root] committee_size: 13
2025-08-23 08:15:37,108 INFO [root] n: 14
2025-08-23 08:15:37,108 INFO [root] f: 4
2025-08-23 08:15:37,108 INFO [root] pid: 7
2025-08-23 08:15:37,108 INFO [root] leader: 6
2025-08-23 08:15:37,108 INFO [root] [6] Starting Batch AVSS. Id: 0, Dealer Id: 7, Client Mode: False
2025-08-23 08:15:37,108 INFO [root] [6] AVSS tag: 7-0-3-B-AVSS
2025-08-23 08:15:37,108 INFO [root] [6] RBC tag: 7-0-3-B-RBC
2025-08-23 08:15:37,108 INFO [root] [6] Starting AVSS with shares_num: 0, dealer_id: 7, client_mode: False
2025-08-23 08:15:37,108 INFO [root] rbc_list: [33, 39, 40, 41, 42, 43, 44, 45, 46, 47, 48, 49, 50, 51]
2025-08-23 08:15:37,108 INFO [root] committee_size: 13
2025-08-23 08:15:37,108 INFO [root] n: 14
2025-08-23 08:15:37,108 INFO [root] f: 4
2025-08-23 08:15:37,108 INFO [root] pid: 6
2025-08-23 08:15:37,108 INFO [root] leader: 7
2025-08-23 08:15:37,108 INFO [root] [6] Starting Batch AVSS. Id: 0, Dealer Id: 8, Client Mode: False
2025-08-23 08:15:37,108 INFO [root] [6] AVSS tag: 8-0-3-B-AVSS
2025-08-23 08:15:37,108 INFO [root] [6] RBC tag: 8-0-3-B-RBC
2025-08-23 08:15:37,108 INFO [root] [6] Starting AVSS with shares_num: 0, dealer_id: 8, client_mode: False
2025-08-23 08:15:37,108 INFO [root] rbc_list: [34, 39, 40, 41, 42, 43, 44, 45, 46, 47, 48, 49, 50, 51]
2025-08-23 08:15:37,108 INFO [root] committee_size: 13
2025-08-23 08:15:37,108 INFO [root] n: 14
2025-08-23 08:15:37,108 INFO [root] f: 4
2025-08-23 08:15:37,108 INFO [root] pid: 6
2025-08-23 08:15:37,108 INFO [root] leader: 8
2025-08-23 08:15:37,108 INFO [root] [6] Starting Batch AVSS. Id: 0, Dealer Id: 9, Client Mode: False
2025-08-23 08:15:37,108 INFO [root] [6] AVSS tag: 9-0-3-B-AVSS
2025-08-23 08:15:37,108 INFO [root] [6] RBC tag: 9-0-3-B-RBC
2025-08-23 08:15:37,109 INFO [root] [6] Starting AVSS with shares_num: 0, dealer_id: 9, client_mode: False
2025-08-23 08:15:37,109 INFO [root] rbc_list: [35, 39, 40, 41, 42, 43, 44, 45, 46, 47, 48, 49, 50, 51]
2025-08-23 08:15:37,109 INFO [root] committee_size: 13
2025-08-23 08:15:37,109 INFO [root] n: 14
2025-08-23 08:15:37,109 INFO [root] f: 4
2025-08-23 08:15:37,109 INFO [root] pid: 6
2025-08-23 08:15:37,109 INFO [root] leader: 9
2025-08-23 08:15:37,109 INFO [root] [6] Starting Batch AVSS. Id: 0, Dealer Id: 10, Client Mode: False
2025-08-23 08:15:37,109 INFO [root] [6] AVSS tag: 10-0-3-B-AVSS
2025-08-23 08:15:37,109 INFO [root] [6] RBC tag: 10-0-3-B-RBC
2025-08-23 08:15:37,109 INFO [root] [6] Starting AVSS with shares_num: 0, dealer_id: 10, client_mode: False
2025-08-23 08:15:37,109 INFO [root] rbc_list: [36, 39, 40, 41, 42, 43, 44, 45, 46, 47, 48, 49, 50, 51]
2025-08-23 08:15:37,109 INFO [root] committee_size: 13
2025-08-23 08:15:37,109 INFO [root] n: 14
2025-08-23 08:15:37,109 INFO [root] f: 4
2025-08-23 08:15:37,109 INFO [root] pid: 6
2025-08-23 08:15:37,109 INFO [root] leader: 10
2025-08-23 08:15:37,109 INFO [root] [6] Starting Batch AVSS. Id: 0, Dealer Id: 11, Client Mode: False
2025-08-23 08:15:37,109 INFO [root] [6] AVSS tag: 11-0-3-B-AVSS
2025-08-23 08:15:37,109 INFO [root] [6] RBC tag: 11-0-3-B-RBC
2025-08-23 08:15:37,109 INFO [root] [6] Starting AVSS with shares_num: 0, dealer_id: 11, client_mode: False
2025-08-23 08:15:37,109 INFO [root] rbc_list: [37, 39, 40, 41, 42, 43, 44, 45, 46, 47, 48, 49, 50, 51]
2025-08-23 08:15:37,109 INFO [root] committee_size: 13
2025-08-23 08:15:37,109 INFO [root] n: 14
2025-08-23 08:15:37,109 INFO [root] f: 4
2025-08-23 08:15:37,109 INFO [root] pid: 6
2025-08-23 08:15:37,109 INFO [root] leader: 11
2025-08-23 08:15:37,109 INFO [root] [6] Starting Batch AVSS. Id: 0, Dealer Id: 12, Client Mode: False
2025-08-23 08:15:37,109 INFO [root] [6] AVSS tag: 12-0-3-B-AVSS
2025-08-23 08:15:37,109 INFO [root] [6] RBC tag: 12-0-3-B-RBC
2025-08-23 08:15:37,109 INFO [root] [6] Starting AVSS with shares_num: 0, dealer_id: 12, client_mode: False
2025-08-23 08:15:37,109 INFO [root] rbc_list: [38, 39, 40, 41, 42, 43, 44, 45, 46, 47, 48, 49, 50, 51]
2025-08-23 08:15:37,109 INFO [root] committee_size: 13
2025-08-23 08:15:37,109 INFO [root] n: 14
2025-08-23 08:15:37,109 INFO [root] f: 4
2025-08-23 08:15:37,109 INFO [root] pid: 6
2025-08-23 08:15:37,109 INFO [root] leader: 12
