Warning: Permanently added '111.229.141.164' (ECDSA) to the list of known hosts.
Creating dumbo-mpc_dumbo-mpc_run ... 
Creating dumbo-mpc_dumbo-mpc_run ... done
2025-12-17 02:12:33,982 INFO [root] Running ADMPC ...
2025-12-17 02:12:34,746 INFO [root] my_send_id: 22
2025-12-17 02:12:34,754 INFO [root] ADMPC start time: 1765937554.7540832
2025-12-17 02:12:34,754 INFO [root] [Layer 5] Reached run_admpc checkpoint
2025-12-17 02:12:34,755 INFO [beaver.transfer] [2] Starting DynamicTransfer_Foll
2025-12-17 02:12:34,755 INFO [beaver.transfer] [2] Starting ACSS to share 50 secrets
2025-12-17 02:12:34,756 INFO [root] [2] Starting Batch AVSS. Id: 0, Dealer Id: 0, Client Mode: False
2025-12-17 02:12:34,756 INFO [root] [2] AVSS tag: 0-0-5-B-AVSS
2025-12-17 02:12:34,756 INFO [root] [2] RBC tag: 0-0-5-B-RBC
2025-12-17 02:12:34,756 INFO [root] [2] Starting AVSS with shares_num: 50, dealer_id: 0, client_mode: False
2025-12-17 02:12:34,757 INFO [root] rbc_list: [16, 20, 21, 22, 23]
2025-12-17 02:12:34,757 INFO [root] committee_size: 4
2025-12-17 02:12:34,757 INFO [root] n: 5
2025-12-17 02:12:34,757 INFO [root] f: 1
2025-12-17 02:12:34,757 INFO [root] pid: 3
2025-12-17 02:12:34,757 INFO [root] leader: 0
2025-12-17 02:12:34,758 INFO [root] [2] Starting Batch AVSS. Id: 0, Dealer Id: 1, Client Mode: False
2025-12-17 02:12:34,758 INFO [root] [2] AVSS tag: 1-0-5-B-AVSS
2025-12-17 02:12:34,758 INFO [root] [2] RBC tag: 1-0-5-B-RBC
2025-12-17 02:12:34,758 INFO [root] [2] Starting AVSS with shares_num: 50, dealer_id: 1, client_mode: False
2025-12-17 02:12:34,758 INFO [root] rbc_list: [17, 20, 21, 22, 23]
2025-12-17 02:12:34,759 INFO [root] committee_size: 4
2025-12-17 02:12:34,759 INFO [root] n: 5
2025-12-17 02:12:34,759 INFO [root] f: 1
2025-12-17 02:12:34,759 INFO [root] pid: 3
2025-12-17 02:12:34,759 INFO [root] leader: 1
2025-12-17 02:12:34,759 INFO [root] [2] Starting Batch AVSS. Id: 0, Dealer Id: 2, Client Mode: False
2025-12-17 02:12:34,760 INFO [root] [2] AVSS tag: 2-0-5-B-AVSS
2025-12-17 02:12:34,760 INFO [root] [2] RBC tag: 2-0-5-B-RBC
2025-12-17 02:12:34,760 INFO [root] [2] Starting AVSS with shares_num: 50, dealer_id: 2, client_mode: False
2025-12-17 02:12:34,760 INFO [root] rbc_list: [18, 20, 21, 22, 23]
2025-12-17 02:12:34,760 INFO [root] committee_size: 4
2025-12-17 02:12:34,761 INFO [root] n: 5
2025-12-17 02:12:34,761 INFO [root] f: 1
2025-12-17 02:12:34,761 INFO [root] pid: 3
2025-12-17 02:12:34,761 INFO [root] leader: 2
2025-12-17 02:12:34,761 INFO [root] [2] Starting Batch AVSS. Id: 0, Dealer Id: 3, Client Mode: False
2025-12-17 02:12:34,761 INFO [root] [2] AVSS tag: 3-0-5-B-AVSS
2025-12-17 02:12:34,761 INFO [root] [2] RBC tag: 3-0-5-B-RBC
2025-12-17 02:12:34,762 INFO [root] [2] Starting AVSS with shares_num: 50, dealer_id: 3, client_mode: False
2025-12-17 02:12:34,762 INFO [root] rbc_list: [19, 20, 21, 22, 23]
2025-12-17 02:12:34,762 INFO [root] committee_size: 4
2025-12-17 02:12:34,762 INFO [root] n: 5
2025-12-17 02:12:34,762 INFO [root] f: 1
2025-12-17 02:12:34,763 INFO [root] pid: 2
2025-12-17 02:12:34,763 INFO [root] leader: 3
2025-12-17 02:12:39,308 INFO [root] [3] Received VAL message from 17
2025-12-17 02:12:39,308 INFO [root] entering n == commitee_size + 1
2025-12-17 02:12:39,308 INFO [root] [3] sender: 17, leader: 1
2025-12-17 02:12:39,308 INFO [root] [3] Successfully validated VAL message
2025-12-17 02:12:39,308 INFO [root] [3] Broadcasted ECHO message for roothash b'~\xc4\x1bV\x9f\x8eVfDgqC\x00\x8d%]\xfc57w\x97\xc7cKV>\xb3=\x92\xa2\x8cK'
2025-12-17 02:12:39,308 INFO [root] broadcast Sending to 1: 20
2025-12-17 02:12:39,308 INFO [root] broadcast Sending to 2: 21
2025-12-17 02:12:39,308 INFO [root] broadcast Sending to 3: 22
2025-12-17 02:12:39,308 INFO [root] broadcast Sending to 4: 23
2025-12-17 02:12:39,308 INFO [root] [2] Received VAL message from 19
2025-12-17 02:12:39,308 INFO [root] entering n == commitee_size + 1
2025-12-17 02:12:39,308 INFO [root] [2] sender: 19, leader: 3
2025-12-17 02:12:39,308 INFO [root] [2] Successfully validated VAL message
2025-12-17 02:12:39,308 INFO [root] [2] Broadcasted ECHO message for roothash b'z\xba\x98b\xa2\xae\xaf\xa9\xbd\x12\t\x93\xb5\x88\xf3\xca\x15\xa6\xbf\xe8\xe8Z\x85D\x1d"\x96\xf0\xfa<\xd7\xd2'
2025-12-17 02:12:39,308 INFO [root] broadcast Sending to 1: 20
2025-12-17 02:12:39,308 INFO [root] broadcast Sending to 2: 21
2025-12-17 02:12:39,308 INFO [root] broadcast Sending to 3: 22
2025-12-17 02:12:39,308 INFO [root] broadcast Sending to 4: 23
2025-12-17 02:12:39,308 INFO [root] [3] Received ECHO message from 22
2025-12-17 02:12:39,308 INFO [root] [2] Received ECHO message from 22
2025-12-17 02:12:39,309 INFO [root] [3] Received ECHO message from 23
2025-12-17 02:12:39,309 INFO [root] [3] Received VAL message from 16
2025-12-17 02:12:39,309 INFO [root] entering n == commitee_size + 1
2025-12-17 02:12:39,309 INFO [root] [3] sender: 16, leader: 0
2025-12-17 02:12:39,309 INFO [root] [3] Successfully validated VAL message
2025-12-17 02:12:39,309 INFO [root] [3] Broadcasted ECHO message for roothash b'\xa3\xaa"\xad\xe8\xc3\x8dQ)\x92g\xcc\xe2\x90\xa6\xc4\xc0\xca\xaa\xd9\x89c\xd8[m\xe2wK\xc8\x1a\xa2n'
2025-12-17 02:12:39,309 INFO [root] broadcast Sending to 1: 20
2025-12-17 02:12:39,309 INFO [root] broadcast Sending to 2: 21
2025-12-17 02:12:39,309 INFO [root] broadcast Sending to 3: 22
2025-12-17 02:12:39,309 INFO [root] broadcast Sending to 4: 23
2025-12-17 02:12:39,310 INFO [root] [3] Received ECHO message from 22
2025-12-17 02:12:39,310 INFO [root] [2] Received ECHO message from 23
2025-12-17 02:12:39,310 INFO [root] [2] Received ECHO message from 20
2025-12-17 02:12:39,310 INFO [root] [2] Broadcasted READY message for roothash b'z\xba\x98b\xa2\xae\xaf\xa9\xbd\x12\t\x93\xb5\x88\xf3\xca\x15\xa6\xbf\xe8\xe8Z\x85D\x1d"\x96\xf0\xfa<\xd7\xd2'
2025-12-17 02:12:39,310 INFO [root] broadcast Sending to 1: 20
2025-12-17 02:12:39,310 INFO [root] broadcast Sending to 2: 21
2025-12-17 02:12:39,310 INFO [root] broadcast Sending to 3: 22
2025-12-17 02:12:39,310 INFO [root] broadcast Sending to 4: 23
2025-12-17 02:12:39,310 INFO [root] [2] Received ECHO message from 21
2025-12-17 02:12:39,310 INFO [root] [3] Received ECHO message from 20
2025-12-17 02:12:39,310 INFO [root] [3] Broadcasted READY message for roothash b'~\xc4\x1bV\x9f\x8eVfDgqC\x00\x8d%]\xfc57w\x97\xc7cKV>\xb3=\x92\xa2\x8cK'
2025-12-17 02:12:39,310 INFO [root] broadcast Sending to 1: 20
2025-12-17 02:12:39,310 INFO [root] broadcast Sending to 2: 21
2025-12-17 02:12:39,310 INFO [root] broadcast Sending to 3: 22
2025-12-17 02:12:39,310 INFO [root] broadcast Sending to 4: 23
2025-12-17 02:12:39,310 INFO [root] [3] Received ECHO message from 21
2025-12-17 02:12:39,311 INFO [root] [2] Received READY message from 22
2025-12-17 02:12:39,311 INFO [root] [3] Received READY message from 22
2025-12-17 02:12:39,311 INFO [root] [3] Received ECHO message from 23
2025-12-17 02:12:39,311 INFO [root] [3] Received ECHO message from 20
2025-12-17 02:12:39,311 INFO [root] [3] Broadcasted READY message for roothash b'\xa3\xaa"\xad\xe8\xc3\x8dQ)\x92g\xcc\xe2\x90\xa6\xc4\xc0\xca\xaa\xd9\x89c\xd8[m\xe2wK\xc8\x1a\xa2n'
2025-12-17 02:12:39,312 INFO [root] broadcast Sending to 1: 20
2025-12-17 02:12:39,312 INFO [root] broadcast Sending to 2: 21
2025-12-17 02:12:39,312 INFO [root] broadcast Sending to 3: 22
2025-12-17 02:12:39,312 INFO [root] broadcast Sending to 4: 23
2025-12-17 02:12:39,312 INFO [root] [3] Received READY message from 20
2025-12-17 02:12:39,312 INFO [root] [2] Received READY message from 20
2025-12-17 02:12:39,312 INFO [root] [3] Received READY message from 22
2025-12-17 02:12:39,312 INFO [root] [3] Received READY message from 23
2025-12-17 02:12:39,312 INFO [root] Decoding output for roothash: b'~\xc4\x1bV\x9f\x8eVfDgqC\x00\x8d%]\xfc57w\x97\xc7cKV>\xb3=\x92\xa2\x8cK'
2025-12-17 02:12:39,313 INFO [root] [2] Received RBC message
2025-12-17 02:12:39,313 INFO [root] multicast list: [20, 21, 22, 23]
2025-12-17 02:12:39,313 INFO [root] before avid.retrieve
2025-12-17 02:12:39,313 INFO [root] [3] Received READY message from 20
2025-12-17 02:12:39,313 INFO [root] [3] Received ECHO message from 21
2025-12-17 02:12:39,313 INFO [root] [2] Received READY message from 23
2025-12-17 02:12:39,313 INFO [root] Decoding output for roothash: b'z\xba\x98b\xa2\xae\xaf\xa9\xbd\x12\t\x93\xb5\x88\xf3\xca\x15\xa6\xbf\xe8\xe8Z\x85D\x1d"\x96\xf0\xfa<\xd7\xd2'
2025-12-17 02:12:39,313 INFO [root] [2] Received RBC message
2025-12-17 02:12:39,313 INFO [root] multicast list: [20, 21, 22, 23]
2025-12-17 02:12:39,313 INFO [root] before avid.retrieve
2025-12-17 02:12:39,314 INFO [root] [3] Received READY message from 23
2025-12-17 02:12:39,314 INFO [root] Decoding output for roothash: b'\xa3\xaa"\xad\xe8\xc3\x8dQ)\x92g\xcc\xe2\x90\xa6\xc4\xc0\xca\xaa\xd9\x89c\xd8[m\xe2wK\xc8\x1a\xa2n'
2025-12-17 02:12:39,314 INFO [root] [2] Received RBC message
2025-12-17 02:12:39,314 INFO [root] multicast list: [20, 21, 22, 23]
2025-12-17 02:12:39,314 INFO [root] before avid.retrieve
2025-12-17 02:12:39,314 INFO [root] [3] Received VAL message from 18
2025-12-17 02:12:39,314 INFO [root] entering n == commitee_size + 1
2025-12-17 02:12:39,314 INFO [root] [3] sender: 18, leader: 2
2025-12-17 02:12:39,314 INFO [root] [3] Successfully validated VAL message
2025-12-17 02:12:39,314 INFO [root] [3] Broadcasted ECHO message for roothash b'\x98\x9a\xa4\xc9\xc2\xa90\x11#\xabB\xb3\xa5$U\x08\xb6\xeca\xf4\x95S\x1fXpGhRTY(\xbe'
2025-12-17 02:12:39,314 INFO [root] broadcast Sending to 1: 20
2025-12-17 02:12:39,314 INFO [root] broadcast Sending to 2: 21
2025-12-17 02:12:39,314 INFO [root] broadcast Sending to 3: 22
2025-12-17 02:12:39,314 INFO [root] broadcast Sending to 4: 23
2025-12-17 02:12:39,315 INFO [root] [3] Received ECHO message from 22
2025-12-17 02:12:39,315 INFO [root] [3] Received ECHO message from 20
2025-12-17 02:12:39,315 INFO [root] [3] Received ECHO message from 23
2025-12-17 02:12:39,315 INFO [root] [3] Broadcasted READY message for roothash b'\x98\x9a\xa4\xc9\xc2\xa90\x11#\xabB\xb3\xa5$U\x08\xb6\xeca\xf4\x95S\x1fXpGhRTY(\xbe'
2025-12-17 02:12:39,316 INFO [root] broadcast Sending to 1: 20
2025-12-17 02:12:39,316 INFO [root] broadcast Sending to 2: 21
2025-12-17 02:12:39,316 INFO [root] broadcast Sending to 3: 22
2025-12-17 02:12:39,316 INFO [root] broadcast Sending to 4: 23
2025-12-17 02:12:39,316 INFO [root] [3] Received READY message from 22
2025-12-17 02:12:39,316 INFO [root] [3] Received ECHO message from 21
2025-12-17 02:12:39,316 INFO [root] [3] Received READY message from 20
2025-12-17 02:12:39,317 INFO [root] [3] Received READY message from 23
2025-12-17 02:12:39,317 INFO [root] Decoding output for roothash: b'\x98\x9a\xa4\xc9\xc2\xa90\x11#\xabB\xb3\xa5$U\x08\xb6\xeca\xf4\x95S\x1fXpGhRTY(\xbe'
2025-12-17 02:12:39,317 INFO [root] [2] Received RBC message
2025-12-17 02:12:39,317 INFO [root] multicast list: [20, 21, 22, 23]
2025-12-17 02:12:39,317 INFO [root] before avid.retrieve
2025-12-17 02:12:39,487 INFO [root] AVID broadcast to 1: 20
2025-12-17 02:12:39,487 INFO [root] AVID broadcast to 2: 21
2025-12-17 02:12:39,487 INFO [root] AVID broadcast to 3: 22
2025-12-17 02:12:39,487 INFO [root] AVID broadcast to 4: 23
2025-12-17 02:12:39,489 INFO [root] AVID broadcast to 1: 20
2025-12-17 02:12:39,489 INFO [root] AVID broadcast to 2: 21
2025-12-17 02:12:39,489 INFO [root] AVID broadcast to 3: 22
2025-12-17 02:12:39,489 INFO [root] AVID broadcast to 4: 23
2025-12-17 02:12:39,490 INFO [root] 3-0-5-B-AVSS 2 RETRIEVE called.
2025-12-17 02:12:39,490 INFO [root] AVID broadcast to 1: 20
2025-12-17 02:12:39,490 INFO [root] AVID broadcast to 2: 21
2025-12-17 02:12:39,490 INFO [root] AVID broadcast to 3: 22
2025-12-17 02:12:39,490 INFO [root] AVID broadcast to 4: 23
2025-12-17 02:12:39,490 INFO [root] 3-0-5-B-AVSS 2 RETRIEVE broadcasted.
2025-12-17 02:12:39,490 INFO [root] disperse msid: 3-0-5-B-AVSS, index: 2
2025-12-17 02:12:39,490 INFO [root] AVID retrieve called with sid: 3-0-5-B-AVID, index: 2
2025-12-17 02:12:39,491 INFO [root] AVID broadcast to 1: 20
2025-12-17 02:12:39,491 INFO [root] AVID broadcast to 2: 21
2025-12-17 02:12:39,491 INFO [root] AVID broadcast to 3: 22
2025-12-17 02:12:39,491 INFO [root] AVID broadcast to 4: 23
2025-12-17 02:12:39,491 INFO [root] AVID broadcast to 1: 20
2025-12-17 02:12:39,491 INFO [root] AVID broadcast to 2: 21
2025-12-17 02:12:39,491 INFO [root] AVID broadcast to 3: 22
2025-12-17 02:12:39,491 INFO [root] AVID broadcast to 4: 23
2025-12-17 02:12:39,492 INFO [root] 3-0-5-B-AVSS 2 AVID retrieve msg from 22
2025-12-17 02:12:39,492 INFO [root] AVID retrieve response received
2025-12-17 02:12:39,492 INFO [root] retrieve msid: 3-0-5-B-AVID, response_index: 2
2025-12-17 02:12:39,492 INFO [root] RESPONSE from 22
2025-12-17 02:12:39,492 INFO [root] sender self.committee_size: 2
2025-12-17 02:12:39,492 INFO [root] disperse msid: 3-0-5-B-AVSS, index: 1
2025-12-17 02:12:39,492 INFO [root] AVID retrieve called with sid: 3-0-5-B-AVID, index: 1
2025-12-17 02:12:39,492 INFO [root] disperse msid: 3-0-5-B-AVSS, index: 0
2025-12-17 02:12:39,492 INFO [root] AVID retrieve called with sid: 3-0-5-B-AVID, index: 0
2025-12-17 02:12:39,492 INFO [root] disperse msid: 3-0-5-B-AVSS, index: 3
2025-12-17 02:12:39,492 INFO [root] AVID retrieve called with sid: 3-0-5-B-AVID, index: 3
2025-12-17 02:12:39,494 INFO [root] AVID broadcast to 1: 20
2025-12-17 02:12:39,494 INFO [root] AVID broadcast to 2: 21
2025-12-17 02:12:39,494 INFO [root] AVID broadcast to 3: 22
2025-12-17 02:12:39,494 INFO [root] AVID broadcast to 4: 23
2025-12-17 02:12:39,494 INFO [root] AVID broadcast to 1: 20
2025-12-17 02:12:39,494 INFO [root] AVID broadcast to 2: 21
2025-12-17 02:12:39,494 INFO [root] AVID broadcast to 3: 22
2025-12-17 02:12:39,494 INFO [root] AVID broadcast to 4: 23
2025-12-17 02:12:39,494 INFO [root] 3-0-5-B-AVSS 2 AVID retrieve msg from 20
2025-12-17 02:12:39,494 INFO [root] AVID retrieve response received
2025-12-17 02:12:39,494 INFO [root] retrieve msid: 3-0-5-B-AVID, response_index: 2
2025-12-17 02:12:39,494 INFO [root] RESPONSE from 20
2025-12-17 02:12:39,494 INFO [root] sender self.committee_size: 0
2025-12-17 02:12:39,495 INFO [root] 3-0-5-B-AVSS 2 RETRIEVE complete.
2025-12-17 02:12:39,495 INFO [root] after avid.retrieve dispersal_msg
2025-12-17 02:12:39,495 INFO [root] Handling dealer messages for dealer_id: 3, tag: 3-0-5-B-AVSS
2025-12-17 02:12:39,517 INFO [root] shares verified successfully
2025-12-17 02:12:39,517 INFO [root] all_shares_valid: True
2025-12-17 02:12:39,518 INFO [root] after _handle_dealer_msgs, all_shares_valid
2025-12-17 02:12:39,518 INFO [root] self.tagvars[tag]['all_shares_valid']: True
2025-12-17 02:12:39,518 INFO [root] multicast to 20
2025-12-17 02:12:39,518 INFO [root] multicast to 21
2025-12-17 02:12:39,518 INFO [root] multicast to 22
2025-12-17 02:12:39,518 INFO [root] multicast to 23
2025-12-17 02:12:39,519 INFO [root] [2] Received OK from [22]
2025-12-17 02:12:39,519 INFO [root] [2] OK set: {22}
2025-12-17 02:12:39,519 INFO [root] output: True
2025-12-17 02:12:39,519 INFO [root] AVID broadcast to 1: 20
2025-12-17 02:12:39,519 INFO [root] AVID broadcast to 2: 21
2025-12-17 02:12:39,519 INFO [root] AVID broadcast to 3: 22
2025-12-17 02:12:39,519 INFO [root] AVID broadcast to 4: 23
2025-12-17 02:12:39,519 INFO [root] [2] Received OK from [23]
2025-12-17 02:12:39,520 INFO [root] [2] OK set: {22, 23}
2025-12-17 02:12:39,520 INFO [root] output: True
2025-12-17 02:12:39,520 INFO [root] [2] Received OK from [21]
2025-12-17 02:12:39,520 INFO [root] [2] OK set: {21, 22, 23}
2025-12-17 02:12:39,520 INFO [root] output: True
2025-12-17 02:12:39,520 INFO [root] [2] Received OK from [20]
2025-12-17 02:12:39,520 INFO [root] [2] OK set: {20, 21, 22, 23}
2025-12-17 02:12:39,520 INFO [root] output: True
2025-12-17 02:12:39,520 INFO [root] [2] exit
2025-12-17 02:12:39,520 INFO [root] 1-0-5-B-AVSS 2 RETRIEVE called.
2025-12-17 02:12:39,520 INFO [root] AVID broadcast to 1: 20
2025-12-17 02:12:39,520 INFO [root] AVID broadcast to 2: 21
2025-12-17 02:12:39,520 INFO [root] AVID broadcast to 3: 22
2025-12-17 02:12:39,520 INFO [root] AVID broadcast to 4: 23
2025-12-17 02:12:39,520 INFO [root] 1-0-5-B-AVSS 2 RETRIEVE broadcasted.
2025-12-17 02:12:39,520 INFO [root] 0-0-5-B-AVSS 2 RETRIEVE called.
2025-12-17 02:12:39,520 INFO [root] AVID broadcast to 1: 20
2025-12-17 02:12:39,520 INFO [root] AVID broadcast to 2: 21
2025-12-17 02:12:39,520 INFO [root] AVID broadcast to 3: 22
2025-12-17 02:12:39,520 INFO [root] AVID broadcast to 4: 23
2025-12-17 02:12:39,520 INFO [root] 0-0-5-B-AVSS 2 RETRIEVE broadcasted.
2025-12-17 02:12:39,521 INFO [root] disperse msid: 1-0-5-B-AVSS, index: 2
2025-12-17 02:12:39,521 INFO [root] AVID retrieve called with sid: 1-0-5-B-AVID, index: 2
2025-12-17 02:12:39,521 INFO [root] disperse msid: 1-0-5-B-AVSS, index: 3
2025-12-17 02:12:39,521 INFO [root] AVID retrieve called with sid: 1-0-5-B-AVID, index: 3
2025-12-17 02:12:39,521 INFO [root] disperse msid: 1-0-5-B-AVSS, index: 1
2025-12-17 02:12:39,521 INFO [root] AVID retrieve called with sid: 1-0-5-B-AVID, index: 1
2025-12-17 02:12:39,521 INFO [root] disperse msid: 0-0-5-B-AVSS, index: 2
2025-12-17 02:12:39,521 INFO [root] AVID retrieve called with sid: 0-0-5-B-AVID, index: 2
2025-12-17 02:12:39,521 INFO [root] disperse msid: 0-0-5-B-AVSS, index: 3
2025-12-17 02:12:39,521 INFO [root] AVID retrieve called with sid: 0-0-5-B-AVID, index: 3
2025-12-17 02:12:39,521 INFO [root] disperse msid: 0-0-5-B-AVSS, index: 1
2025-12-17 02:12:39,521 INFO [root] AVID retrieve called with sid: 0-0-5-B-AVID, index: 1
2025-12-17 02:12:39,521 INFO [root] AVID broadcast to 1: 20
2025-12-17 02:12:39,521 INFO [root] AVID broadcast to 2: 21
2025-12-17 02:12:39,521 INFO [root] AVID broadcast to 3: 22
2025-12-17 02:12:39,522 INFO [root] AVID broadcast to 4: 23
2025-12-17 02:12:39,522 INFO [root] disperse msid: 1-0-5-B-AVSS, index: 0
2025-12-17 02:12:39,522 INFO [root] AVID retrieve called with sid: 1-0-5-B-AVID, index: 0
2025-12-17 02:12:39,522 INFO [root] disperse msid: 0-0-5-B-AVSS, index: 0
2025-12-17 02:12:39,522 INFO [root] AVID retrieve called with sid: 0-0-5-B-AVID, index: 0
2025-12-17 02:12:39,522 INFO [root] 1-0-5-B-AVSS 2 AVID retrieve msg from 22
2025-12-17 02:12:39,522 INFO [root] AVID retrieve response received
2025-12-17 02:12:39,522 INFO [root] retrieve msid: 1-0-5-B-AVID, response_index: 2
2025-12-17 02:12:39,522 INFO [root] RESPONSE from 22
2025-12-17 02:12:39,522 INFO [root] sender self.committee_size: 2
2025-12-17 02:12:39,522 INFO [root] 0-0-5-B-AVSS 2 AVID retrieve msg from 22
2025-12-17 02:12:39,522 INFO [root] AVID retrieve response received
2025-12-17 02:12:39,522 INFO [root] retrieve msid: 0-0-5-B-AVID, response_index: 2
2025-12-17 02:12:39,522 INFO [root] RESPONSE from 22
2025-12-17 02:12:39,523 INFO [root] sender self.committee_size: 2
2025-12-17 02:12:39,523 INFO [root] 2-0-5-B-AVSS 2 RETRIEVE called.
2025-12-17 02:12:39,523 INFO [root] AVID broadcast to 1: 20
2025-12-17 02:12:39,523 INFO [root] AVID broadcast to 2: 21
2025-12-17 02:12:39,523 INFO [root] AVID broadcast to 3: 22
2025-12-17 02:12:39,523 INFO [root] AVID broadcast to 4: 23
2025-12-17 02:12:39,523 INFO [root] 2-0-5-B-AVSS 2 RETRIEVE broadcasted.
2025-12-17 02:12:39,523 INFO [root] 1-0-5-B-AVSS 2 AVID retrieve msg from 21
2025-12-17 02:12:39,523 INFO [root] AVID retrieve response received
2025-12-17 02:12:39,523 INFO [root] retrieve msid: 1-0-5-B-AVID, response_index: 2
2025-12-17 02:12:39,523 INFO [root] RESPONSE from 21
2025-12-17 02:12:39,524 INFO [root] sender self.committee_size: 1
2025-12-17 02:12:39,524 INFO [root] 1-0-5-B-AVSS 2 RETRIEVE complete.
2025-12-17 02:12:39,524 INFO [root] after avid.retrieve dispersal_msg
2025-12-17 02:12:39,524 INFO [root] Handling dealer messages for dealer_id: 1, tag: 1-0-5-B-AVSS
2025-12-17 02:12:39,533 INFO [root] shares verified successfully
2025-12-17 02:12:39,533 INFO [root] all_shares_valid: True
2025-12-17 02:12:39,533 INFO [root] after _handle_dealer_msgs, all_shares_valid
2025-12-17 02:12:39,533 INFO [root] self.tagvars[tag]['all_shares_valid']: True
2025-12-17 02:12:39,533 INFO [root] multicast to 20
2025-12-17 02:12:39,533 INFO [root] multicast to 21
2025-12-17 02:12:39,533 INFO [root] multicast to 22
2025-12-17 02:12:39,533 INFO [root] multicast to 23
2025-12-17 02:12:39,533 INFO [root] disperse msid: 2-0-5-B-AVSS, index: 2
2025-12-17 02:12:39,533 INFO [root] AVID retrieve called with sid: 2-0-5-B-AVID, index: 2
2025-12-17 02:12:39,533 INFO [root] 0-0-5-B-AVSS 2 AVID retrieve msg from 21
2025-12-17 02:12:39,533 INFO [root] AVID retrieve response received
2025-12-17 02:12:39,533 INFO [root] retrieve msid: 0-0-5-B-AVID, response_index: 2
2025-12-17 02:12:39,533 INFO [root] RESPONSE from 21
2025-12-17 02:12:39,533 INFO [root] sender self.committee_size: 1
2025-12-17 02:12:39,534 INFO [root] 0-0-5-B-AVSS 2 RETRIEVE complete.
2025-12-17 02:12:39,534 INFO [root] after avid.retrieve dispersal_msg
2025-12-17 02:12:39,534 INFO [root] Handling dealer messages for dealer_id: 0, tag: 0-0-5-B-AVSS
2025-12-17 02:12:39,542 INFO [root] shares verified successfully
2025-12-17 02:12:39,542 INFO [root] all_shares_valid: True
2025-12-17 02:12:39,542 INFO [root] after _handle_dealer_msgs, all_shares_valid
2025-12-17 02:12:39,542 INFO [root] self.tagvars[tag]['all_shares_valid']: True
2025-12-17 02:12:39,542 INFO [root] multicast to 20
2025-12-17 02:12:39,542 INFO [root] multicast to 21
2025-12-17 02:12:39,543 INFO [root] multicast to 22
2025-12-17 02:12:39,543 INFO [root] multicast to 23
2025-12-17 02:12:39,543 INFO [root] [2] Received OK from [22]
2025-12-17 02:12:39,543 INFO [root] [2] OK set: {22}
2025-12-17 02:12:39,543 INFO [root] output: True
2025-12-17 02:12:39,543 INFO [root] key_proposal: [3, 1, 0]
2025-12-17 02:12:39,543 INFO [beaver.transfer] [2] [random shares] Starting ACS where node 1 is set as leader 
2025-12-17 02:12:39,543 INFO [beaver.transfer] [2] [random shares] The proposal of node 2 is [3, 1, 0]
2025-12-17 02:12:39,543 INFO [root] enter handle_message
2025-12-17 02:12:39,543 INFO [root] 2-0-5-B-AVSS 2 AVID retrieve msg from 22
2025-12-17 02:12:39,543 INFO [root] AVID retrieve response received
2025-12-17 02:12:39,544 INFO [root] retrieve msid: 2-0-5-B-AVID, response_index: 2
2025-12-17 02:12:39,544 INFO [root] RESPONSE from 22
2025-12-17 02:12:39,544 INFO [root] sender self.committee_size: 2
2025-12-17 02:12:39,544 INFO [root] disperse msid: 2-0-5-B-AVSS, index: 0
2025-12-17 02:12:39,544 INFO [root] AVID retrieve called with sid: 2-0-5-B-AVID, index: 0
2025-12-17 02:12:39,544 INFO [root] [2] Received OK from [23]
2025-12-17 02:12:39,544 INFO [root] [2] OK set: {22, 23}
2025-12-17 02:12:39,544 INFO [root] output: True
2025-12-17 02:12:39,544 INFO [root] [2] Received OK from [22]
2025-12-17 02:12:39,544 INFO [root] [2] OK set: {22}
2025-12-17 02:12:39,544 INFO [root] output: True
2025-12-17 02:12:39,544 INFO [root] [2] Received OK from [23]
2025-12-17 02:12:39,544 INFO [root] [2] OK set: {22, 23}
2025-12-17 02:12:39,544 INFO [root] output: True
2025-12-17 02:12:39,544 INFO [root] [2] Received OK from [21]
2025-12-17 02:12:39,544 INFO [root] [2] OK set: {21, 22, 23}
2025-12-17 02:12:39,544 INFO [root] output: True
2025-12-17 02:12:39,544 INFO [root] [2] Received OK from [21]
2025-12-17 02:12:39,544 INFO [root] [2] OK set: {21, 22, 23}
2025-12-17 02:12:39,544 INFO [root] output: True
2025-12-17 02:12:39,544 INFO [root] disperse msid: 2-0-5-B-AVSS, index: 3
2025-12-17 02:12:39,544 INFO [root] AVID retrieve called with sid: 2-0-5-B-AVID, index: 3
2025-12-17 02:12:39,545 INFO [root] disperse msid: 2-0-5-B-AVSS, index: 1
2025-12-17 02:12:39,545 INFO [root] AVID retrieve called with sid: 2-0-5-B-AVID, index: 1
2025-12-17 02:12:39,545 INFO [root] [2] otmvba msg value
2025-12-17 02:12:39,545 INFO [root] [2] otmvba handle value message
2025-12-17 02:12:39,545 INFO [root] [2] value-self.acss_outputs.keys():dict_keys([3, 1, 0])
2025-12-17 02:12:39,546 INFO [root] [2] --Directly send the proposal!--
2025-12-17 02:12:39,546 INFO [root] 2-0-5-B-AVSS 2 AVID retrieve msg from 23
2025-12-17 02:12:39,546 INFO [root] AVID retrieve response received
2025-12-17 02:12:39,546 INFO [root] retrieve msid: 2-0-5-B-AVID, response_index: 2
2025-12-17 02:12:39,546 INFO [root] RESPONSE from 23
2025-12-17 02:12:39,546 INFO [root] sender self.committee_size: 3
2025-12-17 02:12:39,546 INFO [root] 2-0-5-B-AVSS 2 RETRIEVE complete.
2025-12-17 02:12:39,546 INFO [root] after avid.retrieve dispersal_msg
2025-12-17 02:12:39,546 INFO [root] Handling dealer messages for dealer_id: 2, tag: 2-0-5-B-AVSS
2025-12-17 02:12:39,555 INFO [root] shares verified successfully
2025-12-17 02:12:39,555 INFO [root] all_shares_valid: True
2025-12-17 02:12:39,555 INFO [root] after _handle_dealer_msgs, all_shares_valid
2025-12-17 02:12:39,555 INFO [root] self.tagvars[tag]['all_shares_valid']: True
2025-12-17 02:12:39,555 INFO [root] multicast to 20
2025-12-17 02:12:39,555 INFO [root] multicast to 21
2025-12-17 02:12:39,555 INFO [root] multicast to 22
2025-12-17 02:12:39,555 INFO [root] multicast to 23
2025-12-17 02:12:39,556 INFO [root] [2] Received OK from [22]
2025-12-17 02:12:39,556 INFO [root] [2] OK set: {22}
2025-12-17 02:12:39,556 INFO [root] output: True
2025-12-17 02:12:39,556 INFO [root] [2] Received OK from [20]
2025-12-17 02:12:39,556 INFO [root] [2] OK set: {20, 21, 22, 23}
2025-12-17 02:12:39,556 INFO [root] output: True
2025-12-17 02:12:39,556 INFO [root] [2] exit
2025-12-17 02:12:39,556 INFO [root] [2] Received OK from [20]
2025-12-17 02:12:39,556 INFO [root] [2] OK set: {20, 21, 22, 23}
2025-12-17 02:12:39,556 INFO [root] output: True
2025-12-17 02:12:39,556 INFO [root] [2] exit
2025-12-17 02:12:39,558 INFO [root] [2] Received OK from [20]
2025-12-17 02:12:39,558 INFO [root] [2] OK set: {20, 22}
2025-12-17 02:12:39,558 INFO [root] output: True
2025-12-17 02:12:39,565 INFO [root] [2] Received OK from [23]
2025-12-17 02:12:39,565 INFO [root] [2] OK set: {20, 22, 23}
2025-12-17 02:12:39,565 INFO [root] output: True
2025-12-17 02:12:39,588 INFO [root] [2] otmvba msg PrevoteQC
2025-12-17 02:12:39,588 INFO [root] [2] otmvba handle prevote qc message
2025-12-17 02:12:39,596 INFO [root] [2] Received OK from [21]
2025-12-17 02:12:39,596 INFO [root] [2] OK set: {20, 21, 22, 23}
2025-12-17 02:12:39,596 INFO [root] output: True
2025-12-17 02:12:39,596 INFO [root] [2] exit
2025-12-17 02:12:39,642 INFO [root] [2] otmvba msg VoteQC
2025-12-17 02:12:39,642 INFO [root] [2] otmvba handle vote qc message
2025-12-17 02:12:39,650 INFO [root] [2] otmvba Broadcasting to 20
2025-12-17 02:12:39,650 INFO [root] [2] otmvba Broadcasting to 21
2025-12-17 02:12:39,650 INFO [root] [2] otmvba Broadcasting to 22
2025-12-17 02:12:39,650 INFO [root] [2] otmvba Broadcasting to 23
2025-12-17 02:12:39,650 INFO [root] [2] otmvba msg Terminate
2025-12-17 02:12:39,650 INFO [root] [2] otmvba handle terminate message
2025-12-17 02:12:39,658 INFO [root] [2] otmvba Broadcasting to 20
2025-12-17 02:12:39,658 INFO [root] [2] otmvba Broadcasting to 21
2025-12-17 02:12:39,658 INFO [root] [2] otmvba Broadcasting to 22
2025-12-17 02:12:39,658 INFO [root] [2] otmvba Broadcasting to 23
2025-12-17 02:12:39,658 INFO [beaver.transfer] [2] [random shares] The ACS set is [0, 1, 3]
2025-12-17 02:12:39,658 INFO [root] common: [0, 1, 3]
2025-12-17 02:12:39,691 INFO [beaver.transfer] [2] [asynchronous dynamic transfer] Finished! Node 2, total number: 50, time: 4.93614649772644 (seconds)
2025-12-17 02:12:39,692 INFO [root] layer ID: 5 trans_foll_time: 4.93688440322876
2025-12-17 02:12:39,692 INFO [beaver.batch_multiplication] [2] Starting BatchMultiplication
2025-12-17 02:12:39,692 INFO [beaver.batch_multiplication] [2] Starting ACSS to evaluate 50 multiplication gates
2025-12-17 02:12:39,692 INFO [root] [2] Starting Batch AVSS. Id: 0, Dealer Id: 0, Client Mode: False
2025-12-17 02:12:39,692 INFO [root] [2] AVSS tag: 0-0-5-B-AVSS
2025-12-17 02:12:39,692 INFO [root] [2] RBC tag: 0-0-5-B-RBC
2025-12-17 02:12:39,692 INFO [root] [2] Starting AVSS with shares_num: 50, dealer_id: 0, client_mode: False
2025-12-17 02:12:39,692 INFO [root] rbc_list: [16, 20, 21, 22, 23]
2025-12-17 02:12:39,692 INFO [root] committee_size: 4
2025-12-17 02:12:39,692 INFO [root] n: 5
2025-12-17 02:12:39,692 INFO [root] f: 1
2025-12-17 02:12:39,693 INFO [root] pid: 3
2025-12-17 02:12:39,693 INFO [root] leader: 0
2025-12-17 02:12:39,693 INFO [root] [3] Received VAL message from 16
2025-12-17 02:12:39,693 INFO [root] entering n == commitee_size + 1
2025-12-17 02:12:39,693 INFO [root] [3] sender: 16, leader: 0
2025-12-17 02:12:39,693 INFO [root] [3] Successfully validated VAL message
2025-12-17 02:12:39,693 INFO [root] [3] Broadcasted ECHO message for roothash b'\xfa#\xc9P,\xac\xa9L\x87c\x07w\xa9\t\xec\x1e^\t\xce\xad \x7f[\xaaL\xc2zYn\x93\x8d\x87'
2025-12-17 02:12:39,693 INFO [root] broadcast Sending to 1: 20
2025-12-17 02:12:39,693 INFO [root] broadcast Sending to 2: 21
2025-12-17 02:12:39,693 INFO [root] broadcast Sending to 3: 22
2025-12-17 02:12:39,693 INFO [root] broadcast Sending to 4: 23
2025-12-17 02:12:39,693 INFO [root] [2] Starting Batch AVSS. Id: 0, Dealer Id: 1, Client Mode: False
2025-12-17 02:12:39,693 INFO [root] [2] AVSS tag: 1-0-5-B-AVSS
2025-12-17 02:12:39,693 INFO [root] [2] RBC tag: 1-0-5-B-RBC
2025-12-17 02:12:39,693 INFO [root] [2] Starting AVSS with shares_num: 50, dealer_id: 1, client_mode: False
2025-12-17 02:12:39,693 INFO [root] rbc_list: [17, 20, 21, 22, 23]
2025-12-17 02:12:39,693 INFO [root] committee_size: 4
2025-12-17 02:12:39,693 INFO [root] n: 5
2025-12-17 02:12:39,693 INFO [root] f: 1
2025-12-17 02:12:39,693 INFO [root] pid: 3
2025-12-17 02:12:39,693 INFO [root] leader: 1
2025-12-17 02:12:39,693 INFO [root] [3] Received VAL message from 17
2025-12-17 02:12:39,693 INFO [root] entering n == commitee_size + 1
2025-12-17 02:12:39,693 INFO [root] [3] sender: 17, leader: 1
2025-12-17 02:12:39,693 INFO [root] [3] Successfully validated VAL message
2025-12-17 02:12:39,693 INFO [root] [3] Broadcasted ECHO message for roothash b'\xcc\x16\xe1\xc6\x02+\xe7\xf7\x93k\x82\xc1\xe2\x0b\xc7n\x10\xf6\xbbw)\x18s\xc02\xdf?*\x9f\xdfr.'
2025-12-17 02:12:39,693 INFO [root] broadcast Sending to 1: 20
2025-12-17 02:12:39,693 INFO [root] broadcast Sending to 2: 21
2025-12-17 02:12:39,693 INFO [root] broadcast Sending to 3: 22
2025-12-17 02:12:39,694 INFO [root] broadcast Sending to 4: 23
2025-12-17 02:12:39,694 INFO [root] [2] Starting Batch AVSS. Id: 0, Dealer Id: 2, Client Mode: False
2025-12-17 02:12:39,694 INFO [root] [2] AVSS tag: 2-0-5-B-AVSS
2025-12-17 02:12:39,694 INFO [root] [2] RBC tag: 2-0-5-B-RBC
2025-12-17 02:12:39,694 INFO [root] [2] Starting AVSS with shares_num: 50, dealer_id: 2, client_mode: False
2025-12-17 02:12:39,694 INFO [root] rbc_list: [18, 20, 21, 22, 23]
2025-12-17 02:12:39,694 INFO [root] committee_size: 4
2025-12-17 02:12:39,694 INFO [root] n: 5
2025-12-17 02:12:39,694 INFO [root] f: 1
2025-12-17 02:12:39,694 INFO [root] pid: 3
2025-12-17 02:12:39,694 INFO [root] leader: 2
2025-12-17 02:12:39,694 INFO [root] [3] Received VAL message from 18
2025-12-17 02:12:39,694 INFO [root] entering n == commitee_size + 1
2025-12-17 02:12:39,694 INFO [root] [3] sender: 18, leader: 2
2025-12-17 02:12:39,694 INFO [root] [3] Successfully validated VAL message
2025-12-17 02:12:39,694 INFO [root] [3] Broadcasted ECHO message for roothash b'N\xc9G\xdf\xac\xc5\xf5\xc6\xfc\xe5=\x94|\x16\xf1L\xfe\xff+\n\xc3e\xc2\x92\xd7X\xb8\xc1\xb4#\x08\x1a'
2025-12-17 02:12:39,694 INFO [root] broadcast Sending to 1: 20
2025-12-17 02:12:39,694 INFO [root] broadcast Sending to 2: 21
2025-12-17 02:12:39,694 INFO [root] broadcast Sending to 3: 22
2025-12-17 02:12:39,694 INFO [root] broadcast Sending to 4: 23
2025-12-17 02:12:39,694 INFO [root] [2] Starting Batch AVSS. Id: 0, Dealer Id: 3, Client Mode: False
2025-12-17 02:12:39,694 INFO [root] [2] AVSS tag: 3-0-5-B-AVSS
2025-12-17 02:12:39,694 INFO [root] [2] RBC tag: 3-0-5-B-RBC
2025-12-17 02:12:39,694 INFO [root] [2] Starting AVSS with shares_num: 50, dealer_id: 3, client_mode: False
2025-12-17 02:12:39,694 INFO [root] rbc_list: [19, 20, 21, 22, 23]
2025-12-17 02:12:39,694 INFO [root] committee_size: 4
2025-12-17 02:12:39,694 INFO [root] n: 5
2025-12-17 02:12:39,695 INFO [root] f: 1
2025-12-17 02:12:39,695 INFO [root] pid: 2
2025-12-17 02:12:39,695 INFO [root] leader: 3
2025-12-17 02:12:39,695 INFO [root] [2] Received VAL message from 19
2025-12-17 02:12:39,695 INFO [root] entering n == commitee_size + 1
2025-12-17 02:12:39,695 INFO [root] [2] sender: 19, leader: 3
2025-12-17 02:12:39,695 INFO [root] [2] Successfully validated VAL message
2025-12-17 02:12:39,695 INFO [root] [2] Broadcasted ECHO message for roothash b'|\x06\xf7\xa2\x02:\xf2\xe3E\x87\xc5\xd5\\\xf7s\x85\x18\x0e\xdd*\xd8\xb1\xaco\xe5|=\x1e{`Q\x94'
2025-12-17 02:12:39,695 INFO [root] broadcast Sending to 1: 20
2025-12-17 02:12:39,695 INFO [root] broadcast Sending to 2: 21
2025-12-17 02:12:39,695 INFO [root] broadcast Sending to 3: 22
2025-12-17 02:12:39,695 INFO [root] broadcast Sending to 4: 23
2025-12-17 02:12:39,695 INFO [root] [3] Received ECHO message from 22
2025-12-17 02:12:39,695 INFO [root] [3] Received ECHO message from 22
2025-12-17 02:12:39,695 INFO [root] [3] Received ECHO message from 22
2025-12-17 02:12:39,696 INFO [root] [2] Received ECHO message from 22
2025-12-17 02:12:39,696 INFO [root] [3] Received ECHO message from 21
2025-12-17 02:12:39,696 INFO [root] [3] Received ECHO message from 21
2025-12-17 02:12:39,696 INFO [root] [3] Received ECHO message from 21
2025-12-17 02:12:39,696 INFO [root] [2] Received ECHO message from 21
2025-12-17 02:12:39,696 INFO [root] [3] Received ECHO message from 20
2025-12-17 02:12:39,696 INFO [root] [3] Broadcasted READY message for roothash b'\xfa#\xc9P,\xac\xa9L\x87c\x07w\xa9\t\xec\x1e^\t\xce\xad \x7f[\xaaL\xc2zYn\x93\x8d\x87'
2025-12-17 02:12:39,696 INFO [root] broadcast Sending to 1: 20
2025-12-17 02:12:39,696 INFO [root] broadcast Sending to 2: 21
2025-12-17 02:12:39,696 INFO [root] broadcast Sending to 3: 22
2025-12-17 02:12:39,696 INFO [root] broadcast Sending to 4: 23
2025-12-17 02:12:39,696 INFO [root] [3] Received ECHO message from 23
2025-12-17 02:12:39,696 INFO [root] [3] Received ECHO message from 20
2025-12-17 02:12:39,696 INFO [root] [3] Broadcasted READY message for roothash b'\xcc\x16\xe1\xc6\x02+\xe7\xf7\x93k\x82\xc1\xe2\x0b\xc7n\x10\xf6\xbbw)\x18s\xc02\xdf?*\x9f\xdfr.'
2025-12-17 02:12:39,696 INFO [root] broadcast Sending to 1: 20
2025-12-17 02:12:39,697 INFO [root] broadcast Sending to 2: 21
2025-12-17 02:12:39,697 INFO [root] broadcast Sending to 3: 22
2025-12-17 02:12:39,697 INFO [root] broadcast Sending to 4: 23
2025-12-17 02:12:39,697 INFO [root] [3] Received ECHO message from 23
2025-12-17 02:12:39,697 INFO [root] [3] Received ECHO message from 20
2025-12-17 02:12:39,697 INFO [root] [3] Broadcasted READY message for roothash b'N\xc9G\xdf\xac\xc5\xf5\xc6\xfc\xe5=\x94|\x16\xf1L\xfe\xff+\n\xc3e\xc2\x92\xd7X\xb8\xc1\xb4#\x08\x1a'
2025-12-17 02:12:39,697 INFO [root] broadcast Sending to 1: 20
2025-12-17 02:12:39,697 INFO [root] broadcast Sending to 2: 21
2025-12-17 02:12:39,697 INFO [root] broadcast Sending to 3: 22
2025-12-17 02:12:39,697 INFO [root] broadcast Sending to 4: 23
2025-12-17 02:12:39,697 INFO [root] [3] Received ECHO message from 23
2025-12-17 02:12:39,697 INFO [root] [2] Received ECHO message from 20
2025-12-17 02:12:39,697 INFO [root] [2] Broadcasted READY message for roothash b'|\x06\xf7\xa2\x02:\xf2\xe3E\x87\xc5\xd5\\\xf7s\x85\x18\x0e\xdd*\xd8\xb1\xaco\xe5|=\x1e{`Q\x94'
2025-12-17 02:12:39,697 INFO [root] broadcast Sending to 1: 20
2025-12-17 02:12:39,697 INFO [root] broadcast Sending to 2: 21
2025-12-17 02:12:39,697 INFO [root] broadcast Sending to 3: 22
2025-12-17 02:12:39,697 INFO [root] broadcast Sending to 4: 23
2025-12-17 02:12:39,697 INFO [root] [2] Received ECHO message from 23
2025-12-17 02:12:39,697 INFO [root] [3] Received READY message from 22
2025-12-17 02:12:39,697 INFO [root] [3] Received READY message from 22
2025-12-17 02:12:39,697 INFO [root] [3] Received READY message from 22
2025-12-17 02:12:39,697 INFO [root] [2] Received READY message from 22
2025-12-17 02:12:39,698 INFO [root] [3] Received READY message from 20
2025-12-17 02:12:39,698 INFO [root] [3] Received READY message from 21
2025-12-17 02:12:39,698 INFO [root] Decoding output for roothash: b'\xfa#\xc9P,\xac\xa9L\x87c\x07w\xa9\t\xec\x1e^\t\xce\xad \x7f[\xaaL\xc2zYn\x93\x8d\x87'
2025-12-17 02:12:39,698 INFO [root] [2] Received RBC message
2025-12-17 02:12:39,699 INFO [root] multicast list: [20, 21, 22, 23]
2025-12-17 02:12:39,699 INFO [root] before avid.retrieve
2025-12-17 02:12:39,699 INFO [root] [3] Received READY message from 20
2025-12-17 02:12:39,699 INFO [root] [3] Received READY message from 21
2025-12-17 02:12:39,699 INFO [root] Decoding output for roothash: b'\xcc\x16\xe1\xc6\x02+\xe7\xf7\x93k\x82\xc1\xe2\x0b\xc7n\x10\xf6\xbbw)\x18s\xc02\xdf?*\x9f\xdfr.'
2025-12-17 02:12:39,699 INFO [root] [2] Received RBC message
2025-12-17 02:12:39,699 INFO [root] multicast list: [20, 21, 22, 23]
2025-12-17 02:12:39,699 INFO [root] before avid.retrieve
2025-12-17 02:12:39,699 INFO [root] [3] Received READY message from 20
2025-12-17 02:12:39,699 INFO [root] [3] Received READY message from 21
2025-12-17 02:12:39,699 INFO [root] Decoding output for roothash: b'N\xc9G\xdf\xac\xc5\xf5\xc6\xfc\xe5=\x94|\x16\xf1L\xfe\xff+\n\xc3e\xc2\x92\xd7X\xb8\xc1\xb4#\x08\x1a'
2025-12-17 02:12:39,699 INFO [root] [2] Received RBC message
2025-12-17 02:12:39,699 INFO [root] multicast list: [20, 21, 22, 23]
2025-12-17 02:12:39,699 INFO [root] before avid.retrieve
2025-12-17 02:12:39,699 INFO [root] [2] Received READY message from 20
2025-12-17 02:12:39,699 INFO [root] [2] Received READY message from 21
2025-12-17 02:12:39,699 INFO [root] Decoding output for roothash: b'|\x06\xf7\xa2\x02:\xf2\xe3E\x87\xc5\xd5\\\xf7s\x85\x18\x0e\xdd*\xd8\xb1\xaco\xe5|=\x1e{`Q\x94'
2025-12-17 02:12:39,700 INFO [root] [2] Received RBC message
2025-12-17 02:12:39,700 INFO [root] multicast list: [20, 21, 22, 23]
2025-12-17 02:12:39,700 INFO [root] before avid.retrieve
2025-12-17 02:12:39,700 INFO [root] AVID broadcast to 1: 20
2025-12-17 02:12:39,700 INFO [root] AVID broadcast to 2: 21
2025-12-17 02:12:39,700 INFO [root] AVID broadcast to 3: 22
2025-12-17 02:12:39,700 INFO [root] AVID broadcast to 4: 23
2025-12-17 02:12:39,700 INFO [root] AVID broadcast to 1: 20
2025-12-17 02:12:39,700 INFO [root] AVID broadcast to 2: 21
2025-12-17 02:12:39,700 INFO [root] AVID broadcast to 3: 22
2025-12-17 02:12:39,700 INFO [root] AVID broadcast to 4: 23
2025-12-17 02:12:39,701 INFO [root] AVID broadcast to 1: 20
2025-12-17 02:12:39,701 INFO [root] AVID broadcast to 2: 21
2025-12-17 02:12:39,701 INFO [root] AVID broadcast to 3: 22
2025-12-17 02:12:39,701 INFO [root] AVID broadcast to 4: 23
2025-12-17 02:12:39,701 INFO [root] AVID broadcast to 1: 20
2025-12-17 02:12:39,701 INFO [root] AVID broadcast to 2: 21
2025-12-17 02:12:39,701 INFO [root] AVID broadcast to 3: 22
2025-12-17 02:12:39,701 INFO [root] AVID broadcast to 4: 23
2025-12-17 02:12:39,702 INFO [root] AVID broadcast to 1: 20
2025-12-17 02:12:39,702 INFO [root] AVID broadcast to 2: 21
2025-12-17 02:12:39,702 INFO [root] AVID broadcast to 3: 22
2025-12-17 02:12:39,703 INFO [root] AVID broadcast to 4: 23
2025-12-17 02:12:39,703 INFO [root] AVID broadcast to 1: 20
2025-12-17 02:12:39,703 INFO [root] AVID broadcast to 2: 21
2025-12-17 02:12:39,703 INFO [root] AVID broadcast to 3: 22
2025-12-17 02:12:39,703 INFO [root] AVID broadcast to 4: 23
2025-12-17 02:12:39,703 INFO [root] AVID broadcast to 1: 20
2025-12-17 02:12:39,703 INFO [root] AVID broadcast to 2: 21
2025-12-17 02:12:39,703 INFO [root] AVID broadcast to 3: 22
2025-12-17 02:12:39,703 INFO [root] AVID broadcast to 4: 23
2025-12-17 02:12:39,703 INFO [root] AVID broadcast to 1: 20
2025-12-17 02:12:39,703 INFO [root] AVID broadcast to 2: 21
2025-12-17 02:12:39,703 INFO [root] AVID broadcast to 3: 22
2025-12-17 02:12:39,703 INFO [root] AVID broadcast to 4: 23
2025-12-17 02:12:39,704 INFO [root] 0-0-5-B-AVSS 2 RETRIEVE called.
2025-12-17 02:12:39,704 INFO [root] AVID broadcast to 1: 20
2025-12-17 02:12:39,704 INFO [root] AVID broadcast to 2: 21
2025-12-17 02:12:39,704 INFO [root] AVID broadcast to 3: 22
2025-12-17 02:12:39,704 INFO [root] AVID broadcast to 4: 23
2025-12-17 02:12:39,704 INFO [root] 0-0-5-B-AVSS 2 RETRIEVE broadcasted.
2025-12-17 02:12:39,704 INFO [root] 1-0-5-B-AVSS 2 RETRIEVE called.
2025-12-17 02:12:39,704 INFO [root] AVID broadcast to 1: 20
2025-12-17 02:12:39,704 INFO [root] AVID broadcast to 2: 21
2025-12-17 02:12:39,704 INFO [root] AVID broadcast to 3: 22
2025-12-17 02:12:39,704 INFO [root] AVID broadcast to 4: 23
2025-12-17 02:12:39,704 INFO [root] 1-0-5-B-AVSS 2 RETRIEVE broadcasted.
2025-12-17 02:12:39,704 INFO [root] 2-0-5-B-AVSS 2 RETRIEVE called.
2025-12-17 02:12:39,704 INFO [root] AVID broadcast to 1: 20
2025-12-17 02:12:39,704 INFO [root] AVID broadcast to 2: 21
2025-12-17 02:12:39,704 INFO [root] AVID broadcast to 3: 22
2025-12-17 02:12:39,704 INFO [root] AVID broadcast to 4: 23
2025-12-17 02:12:39,704 INFO [root] 2-0-5-B-AVSS 2 RETRIEVE broadcasted.
2025-12-17 02:12:39,705 INFO [root] 3-0-5-B-AVSS 2 RETRIEVE called.
2025-12-17 02:12:39,705 INFO [root] AVID broadcast to 1: 20
2025-12-17 02:12:39,705 INFO [root] AVID broadcast to 2: 21
2025-12-17 02:12:39,705 INFO [root] AVID broadcast to 3: 22
2025-12-17 02:12:39,705 INFO [root] AVID broadcast to 4: 23
2025-12-17 02:12:39,705 INFO [root] 3-0-5-B-AVSS 2 RETRIEVE broadcasted.
2025-12-17 02:12:39,705 INFO [root] disperse msid: 0-0-5-B-AVSS, index: 2
2025-12-17 02:12:39,705 INFO [root] AVID retrieve called with sid: 0-0-5-B-AVID, index: 2
2025-12-17 02:12:39,705 INFO [root] disperse msid: 1-0-5-B-AVSS, index: 2
2025-12-17 02:12:39,705 INFO [root] AVID retrieve called with sid: 1-0-5-B-AVID, index: 2
2025-12-17 02:12:39,705 INFO [root] disperse msid: 2-0-5-B-AVSS, index: 2
2025-12-17 02:12:39,705 INFO [root] AVID retrieve called with sid: 2-0-5-B-AVID, index: 2
2025-12-17 02:12:39,705 INFO [root] disperse msid: 3-0-5-B-AVSS, index: 2
2025-12-17 02:12:39,705 INFO [root] AVID retrieve called with sid: 3-0-5-B-AVID, index: 2
2025-12-17 02:12:39,706 INFO [root] 0-0-5-B-AVSS 2 AVID retrieve msg from 22
2025-12-17 02:12:39,706 INFO [root] AVID retrieve response received
2025-12-17 02:12:39,706 INFO [root] retrieve msid: 0-0-5-B-AVID, response_index: 2
2025-12-17 02:12:39,706 INFO [root] RESPONSE from 22
2025-12-17 02:12:39,706 INFO [root] sender self.committee_size: 2
2025-12-17 02:12:39,706 INFO [root] 1-0-5-B-AVSS 2 AVID retrieve msg from 22
2025-12-17 02:12:39,706 INFO [root] AVID retrieve response received
2025-12-17 02:12:39,706 INFO [root] retrieve msid: 1-0-5-B-AVID, response_index: 2
2025-12-17 02:12:39,706 INFO [root] RESPONSE from 22
2025-12-17 02:12:39,706 INFO [root] sender self.committee_size: 2
2025-12-17 02:12:39,706 INFO [root] 2-0-5-B-AVSS 2 AVID retrieve msg from 22
2025-12-17 02:12:39,706 INFO [root] AVID retrieve response received
2025-12-17 02:12:39,706 INFO [root] retrieve msid: 2-0-5-B-AVID, response_index: 2
2025-12-17 02:12:39,706 INFO [root] RESPONSE from 22
2025-12-17 02:12:39,706 INFO [root] sender self.committee_size: 2
2025-12-17 02:12:39,706 INFO [root] 3-0-5-B-AVSS 2 AVID retrieve msg from 22
2025-12-17 02:12:39,706 INFO [root] AVID retrieve response received
2025-12-17 02:12:39,706 INFO [root] retrieve msid: 3-0-5-B-AVID, response_index: 2
2025-12-17 02:12:39,706 INFO [root] RESPONSE from 22
2025-12-17 02:12:39,706 INFO [root] sender self.committee_size: 2
2025-12-17 02:12:39,707 INFO [root] disperse msid: 0-0-5-B-AVSS, index: 0
2025-12-17 02:12:39,707 INFO [root] AVID retrieve called with sid: 0-0-5-B-AVID, index: 0
2025-12-17 02:12:39,707 INFO [root] disperse msid: 0-0-5-B-AVSS, index: 1
2025-12-17 02:12:39,707 INFO [root] AVID retrieve called with sid: 0-0-5-B-AVID, index: 1
2025-12-17 02:12:39,707 INFO [root] disperse msid: 1-0-5-B-AVSS, index: 0
2025-12-17 02:12:39,707 INFO [root] AVID retrieve called with sid: 1-0-5-B-AVID, index: 0
2025-12-17 02:12:39,707 INFO [root] disperse msid: 1-0-5-B-AVSS, index: 1
2025-12-17 02:12:39,707 INFO [root] AVID retrieve called with sid: 1-0-5-B-AVID, index: 1
2025-12-17 02:12:39,707 INFO [root] disperse msid: 1-0-5-B-AVSS, index: 3
2025-12-17 02:12:39,707 INFO [root] AVID retrieve called with sid: 1-0-5-B-AVID, index: 3
2025-12-17 02:12:39,707 INFO [root] disperse msid: 2-0-5-B-AVSS, index: 0
2025-12-17 02:12:39,707 INFO [root] AVID retrieve called with sid: 2-0-5-B-AVID, index: 0
2025-12-17 02:12:39,707 INFO [root] disperse msid: 2-0-5-B-AVSS, index: 1
2025-12-17 02:12:39,707 INFO [root] AVID retrieve called with sid: 2-0-5-B-AVID, index: 1
2025-12-17 02:12:39,707 INFO [root] disperse msid: 3-0-5-B-AVSS, index: 0
num_generators 50
padded_num_generators 64
2025-12-17 02:12:39,707 INFO [root] AVID retrieve called with sid: 3-0-5-B-AVID, index: 0
2025-12-17 02:12:39,707 INFO [root] disperse msid: 3-0-5-B-AVSS, index: 1
2025-12-17 02:12:39,707 INFO [root] AVID retrieve called with sid: 3-0-5-B-AVID, index: 1
2025-12-17 02:12:39,708 INFO [root] disperse msid: 2-0-5-B-AVSS, index: 3
2025-12-17 02:12:39,708 INFO [root] AVID retrieve called with sid: 2-0-5-B-AVID, index: 3
2025-12-17 02:12:39,708 INFO [root] disperse msid: 0-0-5-B-AVSS, index: 3
2025-12-17 02:12:39,708 INFO [root] AVID retrieve called with sid: 0-0-5-B-AVID, index: 3
2025-12-17 02:12:39,708 INFO [root] disperse msid: 3-0-5-B-AVSS, index: 3
2025-12-17 02:12:39,708 INFO [root] AVID retrieve called with sid: 3-0-5-B-AVID, index: 3
2025-12-17 02:12:39,708 INFO [root] 0-0-5-B-AVSS 2 AVID retrieve msg from 21
2025-12-17 02:12:39,708 INFO [root] AVID retrieve response received
2025-12-17 02:12:39,708 INFO [root] retrieve msid: 0-0-5-B-AVID, response_index: 2
2025-12-17 02:12:39,709 INFO [root] RESPONSE from 21
2025-12-17 02:12:39,709 INFO [root] sender self.committee_size: 1
2025-12-17 02:12:39,709 INFO [root] 0-0-5-B-AVSS 2 RETRIEVE complete.
2025-12-17 02:12:39,709 INFO [root] after avid.retrieve dispersal_msg
2025-12-17 02:12:39,709 INFO [root] Handling dealer messages for dealer_id: 0, tag: 0-0-5-B-AVSS
2025-12-17 02:12:39,710 INFO [beaver.hbacss] [PedersenCommit] invoking pyPedersenCommit...
2025-12-17 02:12:39,756 INFO [beaver.hbacss] verifier_result_json: {"verified":true}
2025-12-17 02:12:39,761 INFO [root] inner product verified successfully
2025-12-17 02:12:39,771 INFO [root] shares verified successfully
2025-12-17 02:12:39,771 INFO [root] all_shares_valid: True
2025-12-17 02:12:39,771 INFO [root] after _handle_dealer_msgs, all_shares_valid
2025-12-17 02:12:39,772 INFO [root] self.tagvars[tag]['all_shares_valid']: True
2025-12-17 02:12:39,772 INFO [root] multicast to 20
2025-12-17 02:12:39,772 INFO [root] multicast to 21
2025-12-17 02:12:39,772 INFO [root] multicast to 22
2025-12-17 02:12:39,772 INFO [root] multicast to 23
2025-12-17 02:12:39,772 INFO [root] [2] Received OK from [22]
2025-12-17 02:12:39,772 INFO [root] [2] OK set: {22}
2025-12-17 02:12:39,772 INFO [root] output: True
2025-12-17 02:12:39,772 INFO [root] [2] Received OK from [21]
2025-12-17 02:12:39,772 INFO [root] [2] OK set: {21, 22}
2025-12-17 02:12:39,772 INFO [root] output: True
2025-12-17 02:12:39,773 INFO [root] 1-0-5-B-AVSS 2 AVID retrieve msg from 20
2025-12-17 02:12:39,773 INFO [root] AVID retrieve response received
2025-12-17 02:12:39,773 INFO [root] retrieve msid: 1-0-5-B-AVID, response_index: 2
2025-12-17 02:12:39,773 INFO [root] RESPONSE from 20
2025-12-17 02:12:39,773 INFO [root] sender self.committee_size: 0
2025-12-17 02:12:39,773 INFO [root] 1-0-5-B-AVSS 2 RETRIEVE complete.
2025-12-17 02:12:39,773 INFO [root] after avid.retrieve dispersal_msg
2025-12-17 02:12:39,773 INFO [root] Handling dealer messages for dealer_id: 1, tag: 1-0-5-B-AVSS
2025-12-17 02:12:39,774 INFO [beaver.hbacss] [PedersenCommit] invoking pyPedersenCommit...
num_generators 50
padded_num_generators 64
2025-12-17 02:12:39,820 INFO [beaver.hbacss] verifier_result_json: {"verified":true}
2025-12-17 02:12:39,824 INFO [root] inner product verified successfully
2025-12-17 02:12:39,835 INFO [root] shares verified successfully
2025-12-17 02:12:39,835 INFO [root] all_shares_valid: True
2025-12-17 02:12:39,835 INFO [root] after _handle_dealer_msgs, all_shares_valid
2025-12-17 02:12:39,835 INFO [root] self.tagvars[tag]['all_shares_valid']: True
2025-12-17 02:12:39,835 INFO [root] multicast to 20
2025-12-17 02:12:39,835 INFO [root] multicast to 21
2025-12-17 02:12:39,835 INFO [root] multicast to 22
2025-12-17 02:12:39,835 INFO [root] multicast to 23
2025-12-17 02:12:39,835 INFO [root] 2-0-5-B-AVSS 2 AVID retrieve msg from 20
2025-12-17 02:12:39,835 INFO [root] AVID retrieve response received
2025-12-17 02:12:39,835 INFO [root] retrieve msid: 2-0-5-B-AVID, response_index: 2
2025-12-17 02:12:39,835 INFO [root] RESPONSE from 20
2025-12-17 02:12:39,835 INFO [root] sender self.committee_size: 0
2025-12-17 02:12:39,836 INFO [root] 2-0-5-B-AVSS 2 RETRIEVE complete.
2025-12-17 02:12:39,836 INFO [root] after avid.retrieve dispersal_msg
2025-12-17 02:12:39,836 INFO [root] Handling dealer messages for dealer_id: 2, tag: 2-0-5-B-AVSS
2025-12-17 02:12:39,836 INFO [beaver.hbacss] [PedersenCommit] invoking pyPedersenCommit...
num_generators 50
padded_num_generators 64
2025-12-17 02:12:39,882 INFO [beaver.hbacss] verifier_result_json: {"verified":true}
2025-12-17 02:12:39,887 INFO [root] inner product verified successfully
2025-12-17 02:12:39,897 INFO [root] shares verified successfully
2025-12-17 02:12:39,897 INFO [root] all_shares_valid: True
2025-12-17 02:12:39,897 INFO [root] after _handle_dealer_msgs, all_shares_valid
2025-12-17 02:12:39,897 INFO [root] self.tagvars[tag]['all_shares_valid']: True
2025-12-17 02:12:39,897 INFO [root] multicast to 20
2025-12-17 02:12:39,897 INFO [root] multicast to 21
2025-12-17 02:12:39,897 INFO [root] multicast to 22
2025-12-17 02:12:39,897 INFO [root] multicast to 23
2025-12-17 02:12:39,897 INFO [root] 3-0-5-B-AVSS 2 AVID retrieve msg from 20
2025-12-17 02:12:39,897 INFO [root] AVID retrieve response received
2025-12-17 02:12:39,897 INFO [root] retrieve msid: 3-0-5-B-AVID, response_index: 2
2025-12-17 02:12:39,897 INFO [root] RESPONSE from 20
2025-12-17 02:12:39,897 INFO [root] sender self.committee_size: 0
2025-12-17 02:12:39,898 INFO [root] 3-0-5-B-AVSS 2 RETRIEVE complete.
2025-12-17 02:12:39,898 INFO [root] after avid.retrieve dispersal_msg
2025-12-17 02:12:39,898 INFO [root] Handling dealer messages for dealer_id: 3, tag: 3-0-5-B-AVSS
2025-12-17 02:12:39,898 INFO [beaver.hbacss] [PedersenCommit] invoking pyPedersenCommit...
num_generators 50
padded_num_generators 64
2025-12-17 02:12:39,945 INFO [beaver.hbacss] verifier_result_json: {"verified":true}
2025-12-17 02:12:39,949 INFO [root] inner product verified successfully
2025-12-17 02:12:39,960 INFO [root] shares verified successfully
2025-12-17 02:12:39,960 INFO [root] all_shares_valid: True
2025-12-17 02:12:39,960 INFO [root] after _handle_dealer_msgs, all_shares_valid
2025-12-17 02:12:39,960 INFO [root] self.tagvars[tag]['all_shares_valid']: True
2025-12-17 02:12:39,960 INFO [root] multicast to 20
2025-12-17 02:12:39,960 INFO [root] multicast to 21
2025-12-17 02:12:39,961 INFO [root] multicast to 22
2025-12-17 02:12:39,961 INFO [root] multicast to 23
2025-12-17 02:12:39,961 INFO [root] key_proposal: [0, 1, 2, 3]
2025-12-17 02:12:39,961 INFO [beaver.batch_multiplication] [2] [random shares] Starting ACS where node 1 is set as leader 
2025-12-17 02:12:39,961 INFO [beaver.batch_multiplication] [2] [random shares] The proposal of node 2 is [0, 1, 2, 3]
2025-12-17 02:12:39,961 INFO [root] enter handle_message
2025-12-17 02:12:39,962 INFO [root] [2] Received OK from [22]
2025-12-17 02:12:39,962 INFO [root] [2] OK set: {22}
2025-12-17 02:12:39,962 INFO [root] output: True
2025-12-17 02:12:39,962 INFO [root] [2] Received OK from [22]
2025-12-17 02:12:39,962 INFO [root] [2] OK set: {22}
2025-12-17 02:12:39,962 INFO [root] output: True
2025-12-17 02:12:39,962 INFO [root] [2] Received OK from [22]
2025-12-17 02:12:39,962 INFO [root] [2] OK set: {22}
2025-12-17 02:12:39,962 INFO [root] output: True
2025-12-17 02:12:39,962 INFO [root] [2] Received OK from [20]
2025-12-17 02:12:39,962 INFO [root] [2] OK set: {20, 21, 22}
2025-12-17 02:12:39,962 INFO [root] output: True
2025-12-17 02:12:39,962 INFO [root] [2] Received OK from [23]
2025-12-17 02:12:39,962 INFO [root] [2] OK set: {20, 21, 22, 23}
2025-12-17 02:12:39,962 INFO [root] output: True
2025-12-17 02:12:39,962 INFO [root] [2] exit
2025-12-17 02:12:39,962 INFO [root] [2] Received OK from [23]
2025-12-17 02:12:39,962 INFO [root] [2] OK set: {22, 23}
2025-12-17 02:12:39,962 INFO [root] output: True
2025-12-17 02:12:39,962 INFO [root] [2] Received OK from [23]
2025-12-17 02:12:39,962 INFO [root] [2] OK set: {22, 23}
2025-12-17 02:12:39,963 INFO [root] output: True
2025-12-17 02:12:39,963 INFO [root] [2] Received OK from [21]
2025-12-17 02:12:39,963 INFO [root] [2] OK set: {21, 22, 23}
2025-12-17 02:12:39,963 INFO [root] output: True
2025-12-17 02:12:39,963 INFO [root] [2] Received OK from [20]
2025-12-17 02:12:39,963 INFO [root] [2] OK set: {20, 21, 22, 23}
2025-12-17 02:12:39,963 INFO [root] output: True
2025-12-17 02:12:39,963 INFO [root] [2] exit
2025-12-17 02:12:39,963 INFO [root] [2] Received OK from [21]
2025-12-17 02:12:39,963 INFO [root] [2] OK set: {21, 22, 23}
2025-12-17 02:12:39,963 INFO [root] output: True
2025-12-17 02:12:39,963 INFO [root] [2] Received OK from [20]
2025-12-17 02:12:39,963 INFO [root] [2] OK set: {20, 21, 22, 23}
2025-12-17 02:12:39,963 INFO [root] output: True
2025-12-17 02:12:39,963 INFO [root] [2] exit
2025-12-17 02:12:39,963 INFO [root] [2] Received OK from [23]
2025-12-17 02:12:39,963 INFO [root] [2] OK set: {22, 23}
2025-12-17 02:12:39,963 INFO [root] output: True
2025-12-17 02:12:39,963 INFO [root] [2] Received OK from [21]
2025-12-17 02:12:39,963 INFO [root] [2] OK set: {21, 22, 23}
2025-12-17 02:12:39,963 INFO [root] output: True
2025-12-17 02:12:39,963 INFO [root] [2] Received OK from [20]
2025-12-17 02:12:39,963 INFO [root] [2] OK set: {20, 21, 22, 23}
2025-12-17 02:12:39,963 INFO [root] output: True
2025-12-17 02:12:39,963 INFO [root] [2] exit
2025-12-17 02:12:39,963 INFO [root] [2] otmvba msg value
2025-12-17 02:12:39,963 INFO [root] [2] otmvba handle value message
2025-12-17 02:12:39,963 INFO [root] [2] value-self.acss_outputs.keys():dict_keys([0, 1, 2, 3])
2025-12-17 02:12:39,964 INFO [root] [2] --Directly send the proposal!--
2025-12-17 02:12:39,997 INFO [root] [2] otmvba msg PrevoteQC
2025-12-17 02:12:39,997 INFO [root] [2] otmvba handle prevote qc message
2025-12-17 02:12:40,051 INFO [root] [2] otmvba msg VoteQC
2025-12-17 02:12:40,051 INFO [root] [2] otmvba handle vote qc message
2025-12-17 02:12:40,059 INFO [root] [2] otmvba Broadcasting to 20
2025-12-17 02:12:40,059 INFO [root] [2] otmvba Broadcasting to 21
2025-12-17 02:12:40,059 INFO [root] [2] otmvba Broadcasting to 22
2025-12-17 02:12:40,059 INFO [root] [2] otmvba Broadcasting to 23
2025-12-17 02:12:40,059 INFO [root] [2] otmvba msg Terminate
2025-12-17 02:12:40,059 INFO [root] [2] otmvba handle terminate message
2025-12-17 02:12:40,067 INFO [root] [2] otmvba Broadcasting to 20
2025-12-17 02:12:40,067 INFO [root] [2] otmvba Broadcasting to 21
2025-12-17 02:12:40,067 INFO [root] [2] otmvba Broadcasting to 22
2025-12-17 02:12:40,067 INFO [root] [2] otmvba Broadcasting to 23
2025-12-17 02:12:40,067 INFO [beaver.batch_multiplication] [2] [random shares] The ACS set is [0, 1, 2, 3]
2025-12-17 02:12:40,067 INFO [root] common: [0, 1, 2, 3]
2025-12-17 02:12:40,099 INFO [beaver.batch_multiplication] [2] [asynchronous batch multiplication] Finished! Node 2, total number: 50, time: 0.4061920642852783 (seconds)
2025-12-17 02:12:40,099 INFO [root] layer ID: 5 mul_foll_time: 0.4074714183807373
2025-12-17 02:12:40,099 INFO [root] layer ID: 5 trusted_verification_time: 5.344355821609497
2025-12-17 02:12:40,102 INFO [root] layer ID: 5 add_outputs length: 50
2025-12-17 02:12:40,102 INFO [root] layer ID: 5 exec_time: 0.002497434616088867
2025-12-17 02:12:40,102 INFO [beaver.transfer] [2] Starting DynamicTransfer
2025-12-17 02:12:40,102 INFO [beaver.transfer] [2] Starting ACSS to share 50 secrets
2025-12-17 02:12:40,102 INFO [root] [2] [asynchronous dynamic transfer] Layer ID: 5
2025-12-17 02:12:40,103 INFO [root] public_keys: [{'X': '3862443358144566964890266021661184265155203271123092435993857355097881496572734602901375063599372409334301135353551', 'Y': '2162147546406042678821322852553731348576777340554521520277115715122610277920556686593124457412326408894654914443956'}, {'X': '2208939997223719428662269884968957131794400497218876848762786101363847431888750685839108638123468767490621703993992', 'Y': '329743003893617293619730534983312663407902037270802677046969186561852494069322330334419526379918192004294450249346'}, {'X': '2557128109398935527876896682611016971239949366002741548426278442935967723614505563550953232190261854031062265950030', 'Y': '2924228956194098834932719434085995346708161653210440015844339831672510305720114010308066045361943354243814361404646'}, {'X': '2523849084154103511177283023306311431244041403250819772690330012950215901604754525158628528795197903924326248158741', 'Y': '145541780151065173674996933821310976658465079434448320480020190429432576209950255499765299463915927432525419533897'}]
2025-12-17 02:12:40,103 INFO [root] layer ID: 5 trans_pre_time: 0.0010528564453125
2025-12-17 02:12:40,103 INFO [root] [2] AVSS tag: 2-0-6-B-AVSS
2025-12-17 02:12:40,103 INFO [root] [2] RBC tag: 2-0-6-B-RBC
2025-12-17 02:12:40,103 INFO [root] enter avss_with_aggtransfer
g = {[6679831729115696150 8653662730902241269 1535610680227111361 17342916647841752903 17135755455211762752 1297449291367578485] [13451288730302620273 10097742279870053774 15949884091978425806 5885175747529691540 1016841820992199104 845620083434234474]}
h = {[13794385998538644597 108816626937764141 12130603454454490125 6127379912259600201 17481961476035825978 950355161936836191] [10722765800778186391 17107915684035394744 11626309118465119103 5217919199071354366 6102759180633827794 660535627654889709]}
Equal? false
2025-12-17 02:12:40,251 INFO [root] self.msgmode: avss_with_aggtransfer
2025-12-17 02:12:40,252 INFO [beaver.batch_multiplication] [2] Starting BatchMultiplication
num_generators 50
2025-12-17 02:12:40,462 INFO [beaver.batch_multiplication] Proof hex length: 9288
2025-12-17 02:12:40,462 INFO [beaver.batch_multiplication] Proof size (bytes): 4644
2025-12-17 02:12:40,462 INFO [beaver.batch_multiplication] Proof size (strict bytes): 4644
2025-12-17 02:12:40,462 INFO [beaver.batch_multiplication] [2] Starting ACSS to evaluate 50 multiplication gates
2025-12-17 02:12:40,462 INFO [root] rbc_list: [22, 24, 25, 26, 27]
2025-12-17 02:12:40,462 INFO [root] committee_size: 4
2025-12-17 02:12:40,462 INFO [root] n: 5
2025-12-17 02:12:40,462 INFO [root] f: 1
2025-12-17 02:12:40,462 INFO [root] pid: 2
2025-12-17 02:12:40,462 INFO [root] leader: 2
2025-12-17 02:12:40,463 INFO [root] [2] Sending to 0: 24
2025-12-17 02:12:40,463 INFO [root] [2] Sending to 1: 25
2025-12-17 02:12:40,463 INFO [root] [2] Sending to 2: 26
2025-12-17 02:12:40,463 INFO [root] [2] Sending to 3: 27
2025-12-17 02:12:40,463 INFO [root] [2] Starting AVID disperse
2025-12-17 02:12:40,463 INFO [root] public_keys: [{'X': '3862443358144566964890266021661184265155203271123092435993857355097881496572734602901375063599372409334301135353551', 'Y': '2162147546406042678821322852553731348576777340554521520277115715122610277920556686593124457412326408894654914443956'}, {'X': '2208939997223719428662269884968957131794400497218876848762786101363847431888750685839108638123468767490621703993992', 'Y': '329743003893617293619730534983312663407902037270802677046969186561852494069322330334419526379918192004294450249346'}, {'X': '2557128109398935527876896682611016971239949366002741548426278442935967723614505563550953232190261854031062265950030', 'Y': '2924228956194098834932719434085995346708161653210440015844339831672510305720114010308066045361943354243814361404646'}, {'X': '2523849084154103511177283023306311431244041403250819772690330012950215901604754525158628528795197903924326248158741', 'Y': '145541780151065173674996933821310976658465079434448320480020190429432576209950255499765299463915927432525419533897'}]
2025-12-17 02:12:40,463 INFO [root] layer ID: 5 mul_pre_time: 0.36035585403442383
2025-12-17 02:12:40,463 INFO [root] layer ID: 5 layer_time: 5.70854640007019
2025-12-17 02:12:40,464 INFO [root] [2] Dispersed VAL message to committee
2025-12-17 02:12:40,464 INFO [root] [2] AVSS tag: 2-0-6-B-AVSS
2025-12-17 02:12:40,464 INFO [root] [2] RBC tag: 2-0-6-B-RBC
g = {[6679831729115696150 8653662730902241269 1535610680227111361 17342916647841752903 17135755455211762752 1297449291367578485] [13451288730302620273 10097742279870053774 15949884091978425806 5885175747529691540 1016841820992199104 845620083434234474]}
h = {[13794385998538644597 108816626937764141 12130603454454490125 6127379912259600201 17481961476035825978 950355161936836191] [10722765800778186391 17107915684035394744 11626309118465119103 5217919199071354366 6102759180633827794 660535627654889709]}
Equal? false
2025-12-17 02:12:40,639 INFO [root] self.msgmode: avss_with_aggbatch_multiplication
2025-12-17 02:12:40,639 INFO [root] rbc_list: [22, 24, 25, 26, 27]
2025-12-17 02:12:40,639 INFO [root] committee_size: 4
2025-12-17 02:12:40,639 INFO [root] n: 5
2025-12-17 02:12:40,640 INFO [root] f: 1
2025-12-17 02:12:40,640 INFO [root] pid: 2
2025-12-17 02:12:40,640 INFO [root] leader: 2
2025-12-17 02:12:40,640 INFO [root] [2] Sending to 0: 24
2025-12-17 02:12:40,640 INFO [root] [2] Sending to 1: 25
2025-12-17 02:12:40,640 INFO [root] [2] Sending to 2: 26
2025-12-17 02:12:40,640 INFO [root] [2] Sending to 3: 27
2025-12-17 02:12:40,640 INFO [root] [2] Starting AVID disperse
2025-12-17 02:12:40,641 INFO [root] [2] Dispersed VAL message to committee
my_send_id: 22 exec_time: 10.709196090698242
2025-12-17 02:12:50,463 INFO [root] [2] Bytes Sent: TR5:302938 which is 14.713%
2025-12-17 02:12:50,463 INFO [root] [2] Bytes Sent: M5:652607 which is 31.697%
2025-12-17 02:12:50,463 INFO [root] [2] Bytes Sent: TR6:318480 which is 15.468%
2025-12-17 02:12:50,463 INFO [root] [2] Bytes Sent: M6:784892 which is 38.122%
2025-12-17 02:12:50,463 INFO [root] [2] Total bytes sent out aa: 2058917
2025-12-17 02:12:50,464 INFO [benchmark_logger] Total bytes sent out: 2058917
2025-12-17 02:12:50,471 ERROR [asyncio] Task was destroyed but it is pending!
task: <Task pending name='Task-35' coro=<subscribe_recv.<locals>._recv_loop() running at /opt/dumbo-mpc/dumbo-mpc/AsyRanTriGen/beaver/utils/misc.py:89> wait_for=<Future pending cb=[<TaskWakeupMethWrapper object at 0x7f50c7074610>()]>>
Exception ignored in: <coroutine object subscribe_recv.<locals>._recv_loop at 0x7f50c994abc0>
Traceback (most recent call last):
  File "/opt/dumbo-mpc/dumbo-mpc/AsyRanTriGen/beaver/utils/misc.py", line 89, in _recv_loop
    j, (tag, o) = await recv()
  File "/usr/lib/python3.8/asyncio/queues.py", line 165, in get
    getter.cancel()  # Just in case getter is not done yet.
  File "uvloop/loop.pyx", line 1281, in uvloop.loop.Loop.call_soon
  File "uvloop/loop.pyx", line 669, in uvloop.loop.Loop._call_soon
  File "uvloop/loop.pyx", line 678, in uvloop.loop.Loop._call_soon_handle
  File "uvloop/loop.pyx", line 673, in uvloop.loop.Loop._append_ready_handle
  File "uvloop/loop.pyx", line 705, in uvloop.loop.Loop._check_closed
RuntimeError: Event loop is closed
2025-12-17 02:12:50,472 ERROR [asyncio] Task was destroyed but it is pending!
task: <Task pending name='Task-37' coro=<subscribe_recv.<locals>._recv_loop() running at /opt/dumbo-mpc/dumbo-mpc/AsyRanTriGen/beaver/utils/misc.py:89> wait_for=<Future pending cb=[<TaskWakeupMethWrapper object at 0x7f50c706fd60>()]>>
Exception ignored in: <coroutine object subscribe_recv.<locals>._recv_loop at 0x7f50c7097040>
Traceback (most recent call last):
  File "/opt/dumbo-mpc/dumbo-mpc/AsyRanTriGen/beaver/utils/misc.py", line 89, in _recv_loop
    j, (tag, o) = await recv()
  File "/usr/lib/python3.8/asyncio/queues.py", line 165, in get
    getter.cancel()  # Just in case getter is not done yet.
  File "uvloop/loop.pyx", line 1281, in uvloop.loop.Loop.call_soon
  File "uvloop/loop.pyx", line 669, in uvloop.loop.Loop._call_soon
  File "uvloop/loop.pyx", line 678, in uvloop.loop.Loop._call_soon_handle
  File "uvloop/loop.pyx", line 673, in uvloop.loop.Loop._append_ready_handle
  File "uvloop/loop.pyx", line 705, in uvloop.loop.Loop._check_closed
RuntimeError: Event loop is closed
2025-12-17 02:12:50,472 ERROR [asyncio] Task was destroyed but it is pending!
task: <Task pending name='Task-49' coro=<OptimalCommonSet.fallback_timer() running at /opt/dumbo-mpc/dumbo-mpc/AsyRanTriGen/beaver/broadcast/otmvba_dyn.py:71> wait_for=<Future pending cb=[<TaskWakeupMethWrapper object at 0x7f50c7051b80>()]>>
2025-12-17 02:12:50,473 ERROR [asyncio] Task was destroyed but it is pending!
task: <Task pending name='Task-50' coro=<subscribe_recv.<locals>._recv_loop() running at /opt/dumbo-mpc/dumbo-mpc/AsyRanTriGen/beaver/utils/misc.py:89> wait_for=<Future pending cb=[<TaskWakeupMethWrapper object at 0x7f50c70638e0>()]>>
2025-12-17 02:12:50,473 ERROR [asyncio] Task was destroyed but it is pending!
task: <Task pending name='Task-52' coro=<subscribe_recv.<locals>._recv_loop() running at /opt/dumbo-mpc/dumbo-mpc/AsyRanTriGen/beaver/utils/misc.py:89> wait_for=<Future pending cb=[<TaskWakeupMethWrapper object at 0x7f50c7074970>()]>>
2025-12-17 02:12:50,473 ERROR [asyncio] Task was destroyed but it is pending!
task: <Task pending name='Task-60' coro=<ACSS_Foll._recv_loop() running at /opt/dumbo-mpc/dumbo-mpc/AsyRanTriGen/beaver/hbacss.py:3694> wait_for=<Future pending cb=[<TaskWakeupMethWrapper object at 0x7f50c7051a90>()]>>
Exception ignored in: <coroutine object subscribe_recv.<locals>._recv_loop at 0x7f50c7097ac0>
Traceback (most recent call last):
  File "/opt/dumbo-mpc/dumbo-mpc/AsyRanTriGen/beaver/utils/misc.py", line 89, in _recv_loop
    j, (tag, o) = await recv()
  File "/usr/lib/python3.8/asyncio/queues.py", line 165, in get
    getter.cancel()  # Just in case getter is not done yet.
  File "uvloop/loop.pyx", line 1281, in uvloop.loop.Loop.call_soon
  File "uvloop/loop.pyx", line 669, in uvloop.loop.Loop._call_soon
  File "uvloop/loop.pyx", line 678, in uvloop.loop.Loop._call_soon_handle
  File "uvloop/loop.pyx", line 673, in uvloop.loop.Loop._append_ready_handle
  File "uvloop/loop.pyx", line 705, in uvloop.loop.Loop._check_closed
RuntimeError: Event loop is closed
Exception ignored in: <coroutine object subscribe_recv.<locals>._recv_loop at 0x7f50c70970c0>
Traceback (most recent call last):
  File "/opt/dumbo-mpc/dumbo-mpc/AsyRanTriGen/beaver/utils/misc.py", line 89, in _recv_loop
    j, (tag, o) = await recv()
  File "/usr/lib/python3.8/asyncio/queues.py", line 165, in get
    getter.cancel()  # Just in case getter is not done yet.
  File "uvloop/loop.pyx", line 1281, in uvloop.loop.Loop.call_soon
  File "uvloop/loop.pyx", line 669, in uvloop.loop.Loop._call_soon
  File "uvloop/loop.pyx", line 678, in uvloop.loop.Loop._call_soon_handle
  File "uvloop/loop.pyx", line 673, in uvloop.loop.Loop._append_ready_handle
  File "uvloop/loop.pyx", line 705, in uvloop.loop.Loop._check_closed
RuntimeError: Event loop is closed
Exception ignored in: <coroutine object ACSS_Foll._recv_loop at 0x7f50c7044dc0>
Traceback (most recent call last):
  File "/opt/dumbo-mpc/dumbo-mpc/AsyRanTriGen/beaver/hbacss.py", line 3694, in _recv_loop
    await avid.disperse(tag, self.my_id, dispersal_msg_list)
  File "/opt/dumbo-mpc/dumbo-mpc/AsyRanTriGen/beaver/broadcast/avid.py", line 461, in disperse
    sender, msg = await self.recv()
  File "/usr/lib/python3.8/asyncio/queues.py", line 165, in get
    getter.cancel()  # Just in case getter is not done yet.
  File "uvloop/loop.pyx", line 1281, in uvloop.loop.Loop.call_soon
  File "uvloop/loop.pyx", line 669, in uvloop.loop.Loop._call_soon
  File "uvloop/loop.pyx", line 678, in uvloop.loop.Loop._call_soon_handle
  File "uvloop/loop.pyx", line 673, in uvloop.loop.Loop._append_ready_handle
  File "uvloop/loop.pyx", line 705, in uvloop.loop.Loop._check_closed
RuntimeError: Event loop is closed
2025-12-17 02:12:50,475 ERROR [asyncio] Task was destroyed but it is pending!
task: <Task pending name='Task-57' coro=<ACSS_Foll._recv_loop() running at /opt/dumbo-mpc/dumbo-mpc/AsyRanTriGen/beaver/hbacss.py:3696> wait_for=<Future pending cb=[<TaskWakeupMethWrapper object at 0x7f50c7074520>()]>>
Exception ignored in: <coroutine object ACSS_Foll._recv_loop at 0x7f50c7093340>
Traceback (most recent call last):
  File "/opt/dumbo-mpc/dumbo-mpc/AsyRanTriGen/beaver/hbacss.py", line 3696, in _recv_loop
    await avid.disperse(tag, self.my_id+1, dispersal_msg_list)
  File "/opt/dumbo-mpc/dumbo-mpc/AsyRanTriGen/beaver/broadcast/avid.py", line 461, in disperse
    sender, msg = await self.recv()
  File "/usr/lib/python3.8/asyncio/queues.py", line 165, in get
    getter.cancel()  # Just in case getter is not done yet.
  File "uvloop/loop.pyx", line 1281, in uvloop.loop.Loop.call_soon
  File "uvloop/loop.pyx", line 669, in uvloop.loop.Loop._call_soon
  File "uvloop/loop.pyx", line 678, in uvloop.loop.Loop._call_soon_handle
  File "uvloop/loop.pyx", line 673, in uvloop.loop.Loop._append_ready_handle
  File "uvloop/loop.pyx", line 705, in uvloop.loop.Loop._check_closed
RuntimeError: Event loop is closed
2025-12-17 02:12:50,476 ERROR [asyncio] Task was destroyed but it is pending!
task: <Task pending name='Task-61' coro=<subscribe_recv.<locals>._recv_loop() running at /opt/dumbo-mpc/dumbo-mpc/AsyRanTriGen/beaver/utils/misc.py:89> wait_for=<Future pending cb=[<TaskWakeupMethWrapper object at 0x7f50c7063c70>()]>>
2025-12-17 02:12:50,476 ERROR [asyncio] Task was destroyed but it is pending!
task: <Task pending name='Task-39' coro=<subscribe_recv.<locals>._recv_loop() running at /opt/dumbo-mpc/dumbo-mpc/AsyRanTriGen/beaver/utils/misc.py:89> wait_for=<Future pending cb=[<TaskWakeupMethWrapper object at 0x7f50c7091dc0>()]>>
2025-12-17 02:12:50,476 ERROR [asyncio] Task was destroyed but it is pending!
task: <Task pending name='Task-48' coro=<subscribe_recv.<locals>._recv_loop() running at /opt/dumbo-mpc/dumbo-mpc/AsyRanTriGen/beaver/utils/misc.py:89> wait_for=<Future pending cb=[<TaskWakeupMethWrapper object at 0x7f50c706fe20>()]>>
2025-12-17 02:12:50,476 ERROR [asyncio] Task was destroyed but it is pending!
task: <Task pending name='Task-58' coro=<ACSS_Foll._recv_loop() running at /opt/dumbo-mpc/dumbo-mpc/AsyRanTriGen/beaver/hbacss.py:3696> wait_for=<Future pending cb=[<TaskWakeupMethWrapper object at 0x7f50c706fd00>()]>>
2025-12-17 02:12:50,476 ERROR [asyncio] Task was destroyed but it is pending!
task: <Task pending name='Task-59' coro=<ACSS_Foll._recv_loop() running at /opt/dumbo-mpc/dumbo-mpc/AsyRanTriGen/beaver/hbacss.py:3696> wait_for=<Future pending cb=[<TaskWakeupMethWrapper object at 0x7f50c7042fd0>()]>>
Exception ignored in: <coroutine object subscribe_recv.<locals>._recv_loop at 0x7f50c6787440>
Traceback (most recent call last):
  File "/opt/dumbo-mpc/dumbo-mpc/AsyRanTriGen/beaver/utils/misc.py", line 89, in _recv_loop
    j, (tag, o) = await recv()
  File "/usr/lib/python3.8/asyncio/queues.py", line 165, in get
    getter.cancel()  # Just in case getter is not done yet.
  File "uvloop/loop.pyx", line 1281, in uvloop.loop.Loop.call_soon
  File "uvloop/loop.pyx", line 669, in uvloop.loop.Loop._call_soon
  File "uvloop/loop.pyx", line 678, in uvloop.loop.Loop._call_soon_handle
  File "uvloop/loop.pyx", line 673, in uvloop.loop.Loop._append_ready_handle
  File "uvloop/loop.pyx", line 705, in uvloop.loop.Loop._check_closed
RuntimeError: Event loop is closed
Exception ignored in: <coroutine object subscribe_recv.<locals>._recv_loop at 0x7f50c7093f40>
Traceback (most recent call last):
  File "/opt/dumbo-mpc/dumbo-mpc/AsyRanTriGen/beaver/utils/misc.py", line 89, in _recv_loop
    j, (tag, o) = await recv()
  File "/usr/lib/python3.8/asyncio/queues.py", line 165, in get
    getter.cancel()  # Just in case getter is not done yet.
  File "uvloop/loop.pyx", line 1281, in uvloop.loop.Loop.call_soon
  File "uvloop/loop.pyx", line 669, in uvloop.loop.Loop._call_soon
  File "uvloop/loop.pyx", line 678, in uvloop.loop.Loop._call_soon_handle
  File "uvloop/loop.pyx", line 673, in uvloop.loop.Loop._append_ready_handle
  File "uvloop/loop.pyx", line 705, in uvloop.loop.Loop._check_closed
RuntimeError: Event loop is closed
Exception ignored in: <coroutine object subscribe_recv.<locals>._recv_loop at 0x7f50c70ab540>
Traceback (most recent call last):
  File "/opt/dumbo-mpc/dumbo-mpc/AsyRanTriGen/beaver/utils/misc.py", line 89, in _recv_loop
    j, (tag, o) = await recv()
  File "/usr/lib/python3.8/asyncio/queues.py", line 165, in get
    getter.cancel()  # Just in case getter is not done yet.
  File "uvloop/loop.pyx", line 1281, in uvloop.loop.Loop.call_soon
  File "uvloop/loop.pyx", line 669, in uvloop.loop.Loop._call_soon
  File "uvloop/loop.pyx", line 678, in uvloop.loop.Loop._call_soon_handle
  File "uvloop/loop.pyx", line 673, in uvloop.loop.Loop._append_ready_handle
  File "uvloop/loop.pyx", line 705, in uvloop.loop.Loop._check_closed
RuntimeError: Event loop is closed
Exception ignored in: <coroutine object ACSS_Foll._recv_loop at 0x7f50c7044cc0>
Traceback (most recent call last):
  File "/opt/dumbo-mpc/dumbo-mpc/AsyRanTriGen/beaver/hbacss.py", line 3696, in _recv_loop
    await avid.disperse(tag, self.my_id+1, dispersal_msg_list)
  File "/opt/dumbo-mpc/dumbo-mpc/AsyRanTriGen/beaver/broadcast/avid.py", line 461, in disperse
    sender, msg = await self.recv()
  File "/usr/lib/python3.8/asyncio/queues.py", line 165, in get
    getter.cancel()  # Just in case getter is not done yet.
  File "uvloop/loop.pyx", line 1281, in uvloop.loop.Loop.call_soon
  File "uvloop/loop.pyx", line 669, in uvloop.loop.Loop._call_soon
  File "uvloop/loop.pyx", line 678, in uvloop.loop.Loop._call_soon_handle
  File "uvloop/loop.pyx", line 673, in uvloop.loop.Loop._append_ready_handle
  File "uvloop/loop.pyx", line 705, in uvloop.loop.Loop._check_closed
RuntimeError: Event loop is closed
Exception ignored in: <coroutine object ACSS_Foll._recv_loop at 0x7f50c7044ec0>
Traceback (most recent call last):
  File "/opt/dumbo-mpc/dumbo-mpc/AsyRanTriGen/beaver/hbacss.py", line 3696, in _recv_loop
    await avid.disperse(tag, self.my_id+1, dispersal_msg_list)
  File "/opt/dumbo-mpc/dumbo-mpc/AsyRanTriGen/beaver/broadcast/avid.py", line 461, in disperse
    sender, msg = await self.recv()
  File "/usr/lib/python3.8/asyncio/queues.py", line 165, in get
    getter.cancel()  # Just in case getter is not done yet.
  File "uvloop/loop.pyx", line 1281, in uvloop.loop.Loop.call_soon
  File "uvloop/loop.pyx", line 669, in uvloop.loop.Loop._call_soon
  File "uvloop/loop.pyx", line 678, in uvloop.loop.Loop._call_soon_handle
  File "uvloop/loop.pyx", line 673, in uvloop.loop.Loop._append_ready_handle
  File "uvloop/loop.pyx", line 705, in uvloop.loop.Loop._check_closed
RuntimeError: Event loop is closed
2025-12-17 02:12:50,480 ERROR [asyncio] Task was destroyed but it is pending!
task: <Task pending name='Task-47' coro=<ACSS_Foll._recv_loop() running at /opt/dumbo-mpc/dumbo-mpc/AsyRanTriGen/beaver/hbacss.py:3696> wait_for=<Future pending cb=[<TaskWakeupMethWrapper object at 0x7f50c709cca0>()]>>
Exception ignored in: <coroutine object ACSS_Foll._recv_loop at 0x7f50c7097a40>
Traceback (most recent call last):
  File "/opt/dumbo-mpc/dumbo-mpc/AsyRanTriGen/beaver/hbacss.py", line 3696, in _recv_loop
    await avid.disperse(tag, self.my_id+1, dispersal_msg_list)
  File "/opt/dumbo-mpc/dumbo-mpc/AsyRanTriGen/beaver/broadcast/avid.py", line 461, in disperse
    sender, msg = await self.recv()
  File "/usr/lib/python3.8/asyncio/queues.py", line 165, in get
    getter.cancel()  # Just in case getter is not done yet.
  File "uvloop/loop.pyx", line 1281, in uvloop.loop.Loop.call_soon
  File "uvloop/loop.pyx", line 669, in uvloop.loop.Loop._call_soon
  File "uvloop/loop.pyx", line 678, in uvloop.loop.Loop._call_soon_handle
  File "uvloop/loop.pyx", line 673, in uvloop.loop.Loop._append_ready_handle
  File "uvloop/loop.pyx", line 705, in uvloop.loop.Loop._check_closed
RuntimeError: Event loop is closed
2025-12-17 02:12:50,481 ERROR [asyncio] Task was destroyed but it is pending!
task: <Task pending name='Task-62' coro=<OptimalCommonSet.fallback_timer() running at /opt/dumbo-mpc/dumbo-mpc/AsyRanTriGen/beaver/broadcast/otmvba_dyn.py:71> wait_for=<Future pending cb=[<TaskWakeupMethWrapper object at 0x7f50c7074580>()]>>
2025-12-17 02:12:50,482 ERROR [asyncio] Task was destroyed but it is pending!
task: <Task pending name='Task-44' coro=<ACSS_Foll._recv_loop() running at /opt/dumbo-mpc/dumbo-mpc/AsyRanTriGen/beaver/hbacss.py:3696> wait_for=<Future pending cb=[<TaskWakeupMethWrapper object at 0x7f50c7091280>()]>>
2025-12-17 02:12:50,482 ERROR [asyncio] Task was destroyed but it is pending!
task: <Task pending name='Task-45' coro=<ACSS_Foll._recv_loop() running at /opt/dumbo-mpc/dumbo-mpc/AsyRanTriGen/beaver/hbacss.py:3694> wait_for=<Future pending cb=[<TaskWakeupMethWrapper object at 0x7f50c709cf10>()]>>
2025-12-17 02:12:50,482 ERROR [asyncio] Task was destroyed but it is pending!
task: <Task pending name='Task-46' coro=<ACSS_Foll._recv_loop() running at /opt/dumbo-mpc/dumbo-mpc/AsyRanTriGen/beaver/hbacss.py:3696> wait_for=<Future pending cb=[<TaskWakeupMethWrapper object at 0x7f50c70ac3a0>()]>>
Exception ignored in: <coroutine object ACSS_Foll._recv_loop at 0x7f50c70978c0>
Traceback (most recent call last):
  File "/opt/dumbo-mpc/dumbo-mpc/AsyRanTriGen/beaver/hbacss.py", line 3696, in _recv_loop
    await avid.disperse(tag, self.my_id+1, dispersal_msg_list)
  File "/opt/dumbo-mpc/dumbo-mpc/AsyRanTriGen/beaver/broadcast/avid.py", line 461, in disperse
    sender, msg = await self.recv()
  File "/usr/lib/python3.8/asyncio/queues.py", line 165, in get
    getter.cancel()  # Just in case getter is not done yet.
  File "uvloop/loop.pyx", line 1281, in uvloop.loop.Loop.call_soon
  File "uvloop/loop.pyx", line 669, in uvloop.loop.Loop._call_soon
  File "uvloop/loop.pyx", line 678, in uvloop.loop.Loop._call_soon_handle
  File "uvloop/loop.pyx", line 673, in uvloop.loop.Loop._append_ready_handle
  File "uvloop/loop.pyx", line 705, in uvloop.loop.Loop._check_closed
RuntimeError: Event loop is closed
Exception ignored in: <coroutine object ACSS_Foll._recv_loop at 0x7f50c7097bc0>
Traceback (most recent call last):
  File "/opt/dumbo-mpc/dumbo-mpc/AsyRanTriGen/beaver/hbacss.py", line 3694, in _recv_loop
    await avid.disperse(tag, self.my_id, dispersal_msg_list)
  File "/opt/dumbo-mpc/dumbo-mpc/AsyRanTriGen/beaver/broadcast/avid.py", line 461, in disperse
    sender, msg = await self.recv()
  File "/usr/lib/python3.8/asyncio/queues.py", line 165, in get
    getter.cancel()  # Just in case getter is not done yet.
  File "uvloop/loop.pyx", line 1281, in uvloop.loop.Loop.call_soon
  File "uvloop/loop.pyx", line 669, in uvloop.loop.Loop._call_soon
  File "uvloop/loop.pyx", line 678, in uvloop.loop.Loop._call_soon_handle
  File "uvloop/loop.pyx", line 673, in uvloop.loop.Loop._append_ready_handle
  File "uvloop/loop.pyx", line 705, in uvloop.loop.Loop._check_closed
RuntimeError: Event loop is closed
Exception ignored in: <coroutine object ACSS_Foll._recv_loop at 0x7f50c70973c0>
Traceback (most recent call last):
  File "/opt/dumbo-mpc/dumbo-mpc/AsyRanTriGen/beaver/hbacss.py", line 3696, in _recv_loop
    await avid.disperse(tag, self.my_id+1, dispersal_msg_list)
  File "/opt/dumbo-mpc/dumbo-mpc/AsyRanTriGen/beaver/broadcast/avid.py", line 461, in disperse
    sender, msg = await self.recv()
  File "/usr/lib/python3.8/asyncio/queues.py", line 165, in get
    getter.cancel()  # Just in case getter is not done yet.
  File "uvloop/loop.pyx", line 1281, in uvloop.loop.Loop.call_soon
  File "uvloop/loop.pyx", line 669, in uvloop.loop.Loop._call_soon
  File "uvloop/loop.pyx", line 678, in uvloop.loop.Loop._call_soon_handle
  File "uvloop/loop.pyx", line 673, in uvloop.loop.Loop._append_ready_handle
  File "uvloop/loop.pyx", line 705, in uvloop.loop.Loop._check_closed
RuntimeError: Event loop is closed
2025-12-17 02:12:50,485 ERROR [asyncio] Task was destroyed but it is pending!
task: <Task pending name='Task-76' coro=<rbc_dyn() running at /opt/dumbo-mpc/dumbo-mpc/AsyRanTriGen/beaver/broadcast/reliablebroadcast.py:411> wait_for=<Future cancelled>>
Exception ignored in: <coroutine object rbc_dyn at 0x7f50c706d140>
Traceback (most recent call last):
  File "/opt/dumbo-mpc/dumbo-mpc/AsyRanTriGen/beaver/broadcast/reliablebroadcast.py", line 411, in rbc_dyn
    sender, msg = await receive()
  File "/usr/lib/python3.8/asyncio/queues.py", line 165, in get
    getter.cancel()  # Just in case getter is not done yet.
  File "uvloop/loop.pyx", line 1281, in uvloop.loop.Loop.call_soon
  File "uvloop/loop.pyx", line 669, in uvloop.loop.Loop._call_soon
  File "uvloop/loop.pyx", line 678, in uvloop.loop.Loop._call_soon_handle
  File "uvloop/loop.pyx", line 673, in uvloop.loop.Loop._append_ready_handle
  File "uvloop/loop.pyx", line 705, in uvloop.loop.Loop._check_closed
RuntimeError: Event loop is closed
2025-12-17 02:12:50,486 ERROR [asyncio] Task was destroyed but it is pending!
task: <Task pending name='Task-78' coro=<AVID_DYNAMIC.disperse() running at /opt/dumbo-mpc/dumbo-mpc/AsyRanTriGen/beaver/broadcast/avid.py:461> wait_for=<Future cancelled>>
Exception ignored in: <coroutine object AVID_DYNAMIC.disperse at 0x7f50c6786240>
Traceback (most recent call last):
  File "/opt/dumbo-mpc/dumbo-mpc/AsyRanTriGen/beaver/broadcast/avid.py", line 461, in disperse
    sender, msg = await self.recv()
  File "/usr/lib/python3.8/asyncio/queues.py", line 165, in get
    getter.cancel()  # Just in case getter is not done yet.
  File "uvloop/loop.pyx", line 1281, in uvloop.loop.Loop.call_soon
  File "uvloop/loop.pyx", line 669, in uvloop.loop.Loop._call_soon
  File "uvloop/loop.pyx", line 678, in uvloop.loop.Loop._call_soon_handle
  File "uvloop/loop.pyx", line 673, in uvloop.loop.Loop._append_ready_handle
  File "uvloop/loop.pyx", line 705, in uvloop.loop.Loop._check_closed
RuntimeError: Event loop is closed
2025-12-17 02:12:50,486 ERROR [asyncio] Task was destroyed but it is pending!
task: <Task pending name='Task-63' coro=<subscribe_recv.<locals>._recv_loop() running at /opt/dumbo-mpc/dumbo-mpc/AsyRanTriGen/beaver/utils/misc.py:89> wait_for=<Future pending cb=[<TaskWakeupMethWrapper object at 0x7f50c70ac2e0>()]>>
2025-12-17 02:12:50,486 ERROR [asyncio] Task was destroyed but it is pending!
task: <Task pending name='Task-66' coro=<subscribe_recv.<locals>._recv_loop() running at /opt/dumbo-mpc/dumbo-mpc/AsyRanTriGen/beaver/utils/misc.py:89> wait_for=<Future pending cb=[<TaskWakeupMethWrapper object at 0x7f50c70ac4c0>()]>>
2025-12-17 02:12:50,486 ERROR [asyncio] Task was destroyed but it is pending!
task: <Task pending name='Task-68' coro=<subscribe_recv.<locals>._recv_loop() running at /opt/dumbo-mpc/dumbo-mpc/AsyRanTriGen/beaver/utils/misc.py:89> wait_for=<Future pending cb=[<TaskWakeupMethWrapper object at 0x7f50c7074d60>()]>>
Exception ignored in: <coroutine object subscribe_recv.<locals>._recv_loop at 0x7f50c67870c0>
Traceback (most recent call last):
  File "/opt/dumbo-mpc/dumbo-mpc/AsyRanTriGen/beaver/utils/misc.py", line 89, in _recv_loop
    j, (tag, o) = await recv()
  File "/usr/lib/python3.8/asyncio/queues.py", line 165, in get
    getter.cancel()  # Just in case getter is not done yet.
  File "uvloop/loop.pyx", line 1281, in uvloop.loop.Loop.call_soon
  File "uvloop/loop.pyx", line 669, in uvloop.loop.Loop._call_soon
  File "uvloop/loop.pyx", line 678, in uvloop.loop.Loop._call_soon_handle
  File "uvloop/loop.pyx", line 673, in uvloop.loop.Loop._append_ready_handle
  File "uvloop/loop.pyx", line 705, in uvloop.loop.Loop._check_closed
RuntimeError: Event loop is closed
Exception ignored in: <coroutine object subscribe_recv.<locals>._recv_loop at 0x7f50c706b340>
Traceback (most recent call last):
  File "/opt/dumbo-mpc/dumbo-mpc/AsyRanTriGen/beaver/utils/misc.py", line 89, in _recv_loop
    j, (tag, o) = await recv()
  File "/usr/lib/python3.8/asyncio/queues.py", line 165, in get
    getter.cancel()  # Just in case getter is not done yet.
  File "uvloop/loop.pyx", line 1281, in uvloop.loop.Loop.call_soon
  File "uvloop/loop.pyx", line 669, in uvloop.loop.Loop._call_soon
  File "uvloop/loop.pyx", line 678, in uvloop.loop.Loop._call_soon_handle
  File "uvloop/loop.pyx", line 673, in uvloop.loop.Loop._append_ready_handle
  File "uvloop/loop.pyx", line 705, in uvloop.loop.Loop._check_closed
RuntimeError: Event loop is closed
Exception ignored in: <coroutine object subscribe_recv.<locals>._recv_loop at 0x7f50c706b740>
Traceback (most recent call last):
  File "/opt/dumbo-mpc/dumbo-mpc/AsyRanTriGen/beaver/utils/misc.py", line 89, in _recv_loop
    j, (tag, o) = await recv()
  File "/usr/lib/python3.8/asyncio/queues.py", line 165, in get
    getter.cancel()  # Just in case getter is not done yet.
  File "uvloop/loop.pyx", line 1281, in uvloop.loop.Loop.call_soon
  File "uvloop/loop.pyx", line 669, in uvloop.loop.Loop._call_soon
  File "uvloop/loop.pyx", line 678, in uvloop.loop.Loop._call_soon_handle
  File "uvloop/loop.pyx", line 673, in uvloop.loop.Loop._append_ready_handle
  File "uvloop/loop.pyx", line 705, in uvloop.loop.Loop._check_closed
RuntimeError: Event loop is closed
2025-12-17 02:12:50,488 ERROR [asyncio] Task was destroyed but it is pending!
task: <Task pending name='Task-74' coro=<subscribe_recv.<locals>._recv_loop() running at /opt/dumbo-mpc/dumbo-mpc/AsyRanTriGen/beaver/utils/misc.py:89> wait_for=<Future pending cb=[<TaskWakeupMethWrapper object at 0x7f50c7063640>()]>>
2025-12-17 02:12:50,488 ERROR [asyncio] Task was destroyed but it is pending!
task: <Task pending name='Task-70' coro=<rbc_dyn() running at /opt/dumbo-mpc/dumbo-mpc/AsyRanTriGen/beaver/broadcast/reliablebroadcast.py:411> wait_for=<Future pending cb=[<TaskWakeupMethWrapper object at 0x7f50c7051fa0>()]>>
Exception ignored in: <coroutine object subscribe_recv.<locals>._recv_loop at 0x7f50c706bb40>
Traceback (most recent call last):
  File "/opt/dumbo-mpc/dumbo-mpc/AsyRanTriGen/beaver/utils/misc.py", line 89, in _recv_loop
    j, (tag, o) = await recv()
  File "/usr/lib/python3.8/asyncio/queues.py", line 165, in get
    getter.cancel()  # Just in case getter is not done yet.
  File "uvloop/loop.pyx", line 1281, in uvloop.loop.Loop.call_soon
  File "uvloop/loop.pyx", line 669, in uvloop.loop.Loop._call_soon
  File "uvloop/loop.pyx", line 678, in uvloop.loop.Loop._call_soon_handle
  File "uvloop/loop.pyx", line 673, in uvloop.loop.Loop._append_ready_handle
  File "uvloop/loop.pyx", line 705, in uvloop.loop.Loop._check_closed
RuntimeError: Event loop is closed
2025-12-17 02:12:50,488 ERROR [asyncio] Task was destroyed but it is pending!
task: <Task pending name='Task-73' coro=<AVID_DYNAMIC.disperse() running at /opt/dumbo-mpc/dumbo-mpc/AsyRanTriGen/beaver/broadcast/avid.py:461> wait_for=<Future pending cb=[<TaskWakeupMethWrapper object at 0x7f50c7063550>()]>>
Exception ignored in: <coroutine object rbc_dyn at 0x7f50c706b6c0>
Traceback (most recent call last):
  File "/opt/dumbo-mpc/dumbo-mpc/AsyRanTriGen/beaver/broadcast/reliablebroadcast.py", line 411, in rbc_dyn
    sender, msg = await receive()
  File "/usr/lib/python3.8/asyncio/queues.py", line 165, in get
    getter.cancel()  # Just in case getter is not done yet.
  File "uvloop/loop.pyx", line 1281, in uvloop.loop.Loop.call_soon
  File "uvloop/loop.pyx", line 669, in uvloop.loop.Loop._call_soon
  File "uvloop/loop.pyx", line 678, in uvloop.loop.Loop._call_soon_handle
  File "uvloop/loop.pyx", line 673, in uvloop.loop.Loop._append_ready_handle
  File "uvloop/loop.pyx", line 705, in uvloop.loop.Loop._check_closed
RuntimeError: Event loop is closed
Exception ignored in: <coroutine object AVID_DYNAMIC.disperse at 0x7f50c706d0c0>
Traceback (most recent call last):
  File "/opt/dumbo-mpc/dumbo-mpc/AsyRanTriGen/beaver/broadcast/avid.py", line 461, in disperse
    sender, msg = await self.recv()
  File "/usr/lib/python3.8/asyncio/queues.py", line 165, in get
    getter.cancel()  # Just in case getter is not done yet.
  File "uvloop/loop.pyx", line 1281, in uvloop.loop.Loop.call_soon
  File "uvloop/loop.pyx", line 669, in uvloop.loop.Loop._call_soon
  File "uvloop/loop.pyx", line 678, in uvloop.loop.Loop._call_soon_handle
  File "uvloop/loop.pyx", line 673, in uvloop.loop.Loop._append_ready_handle
  File "uvloop/loop.pyx", line 705, in uvloop.loop.Loop._check_closed
RuntimeError: Event loop is closed
