Warning: Permanently added '124.220.155.155' (ECDSA) to the list of known hosts.
Creating dumbo-mpc_dumbo-mpc_run ... 
Creating dumbo-mpc_dumbo-mpc_run ... done
2025-12-17 02:12:33,866 INFO [root] Running ADMPC ...
2025-12-17 02:12:34,603 INFO [root] my_send_id: 29
2025-12-17 02:12:34,613 INFO [root] ADMPC start time: 1765937554.613295
2025-12-17 02:12:34,620 INFO [root] [Layer 7] Reached run_admpc checkpoint
2025-12-17 02:12:34,621 INFO [beaver.transfer] [1] Starting DynamicTransfer_Foll
2025-12-17 02:12:34,621 INFO [beaver.transfer] [1] Starting ACSS to share 50 secrets
2025-12-17 02:12:34,622 INFO [root] [1] Starting Batch AVSS. Id: 0, Dealer Id: 0, Client Mode: False
2025-12-17 02:12:34,624 INFO [root] [1] AVSS tag: 0-0-7-B-AVSS
2025-12-17 02:12:34,624 INFO [root] [1] RBC tag: 0-0-7-B-RBC
2025-12-17 02:12:34,624 INFO [root] [1] Starting AVSS with shares_num: 50, dealer_id: 0, client_mode: False
2025-12-17 02:12:34,624 INFO [root] rbc_list: [24, 28, 29, 30, 31]
2025-12-17 02:12:34,624 INFO [root] committee_size: 4
2025-12-17 02:12:34,625 INFO [root] n: 5
2025-12-17 02:12:34,625 INFO [root] f: 1
2025-12-17 02:12:34,625 INFO [root] pid: 2
2025-12-17 02:12:34,625 INFO [root] leader: 0
2025-12-17 02:12:34,625 INFO [root] [1] Starting Batch AVSS. Id: 0, Dealer Id: 1, Client Mode: False
2025-12-17 02:12:34,625 INFO [root] [1] AVSS tag: 1-0-7-B-AVSS
2025-12-17 02:12:34,625 INFO [root] [1] RBC tag: 1-0-7-B-RBC
2025-12-17 02:12:34,625 INFO [root] [1] Starting AVSS with shares_num: 50, dealer_id: 1, client_mode: False
2025-12-17 02:12:34,626 INFO [root] rbc_list: [25, 28, 29, 30, 31]
2025-12-17 02:12:34,626 INFO [root] committee_size: 4
2025-12-17 02:12:34,626 INFO [root] n: 5
2025-12-17 02:12:34,626 INFO [root] f: 1
2025-12-17 02:12:34,627 INFO [root] pid: 2
2025-12-17 02:12:34,627 INFO [root] leader: 1
2025-12-17 02:12:34,627 INFO [root] [1] Starting Batch AVSS. Id: 0, Dealer Id: 2, Client Mode: False
2025-12-17 02:12:34,627 INFO [root] [1] AVSS tag: 2-0-7-B-AVSS
2025-12-17 02:12:34,627 INFO [root] [1] RBC tag: 2-0-7-B-RBC
2025-12-17 02:12:34,628 INFO [root] [1] Starting AVSS with shares_num: 50, dealer_id: 2, client_mode: False
2025-12-17 02:12:34,642 INFO [root] rbc_list: [26, 28, 29, 30, 31]
2025-12-17 02:12:34,642 INFO [root] committee_size: 4
2025-12-17 02:12:34,642 INFO [root] n: 5
2025-12-17 02:12:34,642 INFO [root] f: 1
2025-12-17 02:12:34,642 INFO [root] pid: 1
2025-12-17 02:12:34,642 INFO [root] leader: 2
2025-12-17 02:12:34,642 INFO [root] [1] Starting Batch AVSS. Id: 0, Dealer Id: 3, Client Mode: False
2025-12-17 02:12:34,642 INFO [root] [1] AVSS tag: 3-0-7-B-AVSS
2025-12-17 02:12:34,642 INFO [root] [1] RBC tag: 3-0-7-B-RBC
2025-12-17 02:12:34,642 INFO [root] [1] Starting AVSS with shares_num: 50, dealer_id: 3, client_mode: False
2025-12-17 02:12:34,642 INFO [root] rbc_list: [27, 28, 29, 30, 31]
2025-12-17 02:12:34,642 INFO [root] committee_size: 4
2025-12-17 02:12:34,642 INFO [root] n: 5
2025-12-17 02:12:34,642 INFO [root] f: 1
2025-12-17 02:12:34,642 INFO [root] pid: 1
2025-12-17 02:12:34,642 INFO [root] leader: 3
2025-12-17 02:12:41,552 INFO [root] [1] Received VAL message from 27
2025-12-17 02:12:41,552 INFO [root] entering n == commitee_size + 1
2025-12-17 02:12:41,552 INFO [root] [1] sender: 27, leader: 3
2025-12-17 02:12:41,552 INFO [root] [1] Successfully validated VAL message
2025-12-17 02:12:41,552 INFO [root] [1] Broadcasted ECHO message for roothash b'\xa8`Is\xd2+2\xb9\x97\xbf\xaf\xff)\x06U[\xdew-\xe6\x00du\x9c\xa1o\xad<\xa1NX\xab'
2025-12-17 02:12:41,552 INFO [root] broadcast Sending to 1: 28
2025-12-17 02:12:41,552 INFO [root] broadcast Sending to 2: 29
2025-12-17 02:12:41,552 INFO [root] broadcast Sending to 3: 30
2025-12-17 02:12:41,552 INFO [root] broadcast Sending to 4: 31
2025-12-17 02:12:41,552 INFO [root] [2] Received VAL message from 25
2025-12-17 02:12:41,552 INFO [root] entering n == commitee_size + 1
2025-12-17 02:12:41,552 INFO [root] [2] sender: 25, leader: 1
2025-12-17 02:12:41,552 INFO [root] [2] Successfully validated VAL message
2025-12-17 02:12:41,552 INFO [root] [2] Broadcasted ECHO message for roothash b'\x03\xc6\xd4\x11\x10\xb6_\xd9\xc6z\xe0\xae\x9c\xe5\xcc\xd7X\x8f\xab&}R\xeb-O\xa8\xc2_\xd8e\xa3\x80'
2025-12-17 02:12:41,552 INFO [root] broadcast Sending to 1: 28
2025-12-17 02:12:41,552 INFO [root] broadcast Sending to 2: 29
2025-12-17 02:12:41,552 INFO [root] broadcast Sending to 3: 30
2025-12-17 02:12:41,552 INFO [root] broadcast Sending to 4: 31
2025-12-17 02:12:41,553 INFO [root] [1] Received ECHO message from 29
2025-12-17 02:12:41,553 INFO [root] [2] Received ECHO message from 29
2025-12-17 02:12:41,553 INFO [root] [2] Received VAL message from 24
2025-12-17 02:12:41,553 INFO [root] entering n == commitee_size + 1
2025-12-17 02:12:41,553 INFO [root] [2] sender: 24, leader: 0
2025-12-17 02:12:41,553 INFO [root] [2] Successfully validated VAL message
2025-12-17 02:12:41,553 INFO [root] [2] Broadcasted ECHO message for roothash b'\xed\x92L\x82\xab\x91[\x10\x0e\xd7;8P\xfd\x1ca\xcf\xbe\xf8\x9b\xbdM\xa8\xe6[\x0f\x1d\x81g\xde\xeeB'
2025-12-17 02:12:41,553 INFO [root] broadcast Sending to 1: 28
2025-12-17 02:12:41,553 INFO [root] broadcast Sending to 2: 29
2025-12-17 02:12:41,553 INFO [root] broadcast Sending to 3: 30
2025-12-17 02:12:41,553 INFO [root] broadcast Sending to 4: 31
2025-12-17 02:12:41,554 INFO [root] [2] Received ECHO message from 29
2025-12-17 02:12:41,554 INFO [root] [2] Received ECHO message from 28
2025-12-17 02:12:41,554 INFO [root] [2] Received ECHO message from 31
2025-12-17 02:12:41,554 INFO [root] [2] Broadcasted READY message for roothash b'\x03\xc6\xd4\x11\x10\xb6_\xd9\xc6z\xe0\xae\x9c\xe5\xcc\xd7X\x8f\xab&}R\xeb-O\xa8\xc2_\xd8e\xa3\x80'
2025-12-17 02:12:41,554 INFO [root] broadcast Sending to 1: 28
2025-12-17 02:12:41,554 INFO [root] broadcast Sending to 2: 29
2025-12-17 02:12:41,554 INFO [root] broadcast Sending to 3: 30
2025-12-17 02:12:41,554 INFO [root] broadcast Sending to 4: 31
2025-12-17 02:12:41,555 INFO [root] [1] Received ECHO message from 28
2025-12-17 02:12:41,555 INFO [root] [1] Received ECHO message from 31
2025-12-17 02:12:41,555 INFO [root] [1] Broadcasted READY message for roothash b'\xa8`Is\xd2+2\xb9\x97\xbf\xaf\xff)\x06U[\xdew-\xe6\x00du\x9c\xa1o\xad<\xa1NX\xab'
2025-12-17 02:12:41,555 INFO [root] broadcast Sending to 1: 28
2025-12-17 02:12:41,555 INFO [root] broadcast Sending to 2: 29
2025-12-17 02:12:41,555 INFO [root] broadcast Sending to 3: 30
2025-12-17 02:12:41,555 INFO [root] broadcast Sending to 4: 31
2025-12-17 02:12:41,555 INFO [root] [1] Received VAL message from 26
2025-12-17 02:12:41,555 INFO [root] entering n == commitee_size + 1
2025-12-17 02:12:41,555 INFO [root] [1] sender: 26, leader: 2
2025-12-17 02:12:41,555 INFO [root] [1] Successfully validated VAL message
2025-12-17 02:12:41,555 INFO [root] [1] Broadcasted ECHO message for roothash b'\x1b\xf0ZKEp\xcf\xa5kc\x01O,\xe6D\xb5&\xb4\xbaXe}\xfey\x94\xb6\xa6\x81\xcc$\x8f\xd2'
2025-12-17 02:12:41,555 INFO [root] broadcast Sending to 1: 28
2025-12-17 02:12:41,555 INFO [root] broadcast Sending to 2: 29
2025-12-17 02:12:41,555 INFO [root] broadcast Sending to 3: 30
2025-12-17 02:12:41,555 INFO [root] broadcast Sending to 4: 31
2025-12-17 02:12:41,555 INFO [root] [2] Received READY message from 29
2025-12-17 02:12:41,556 INFO [root] [2] Received ECHO message from 30
2025-12-17 02:12:41,556 INFO [root] [1] Received READY message from 29
2025-12-17 02:12:41,556 INFO [root] [1] Received ECHO message from 30
2025-12-17 02:12:41,556 INFO [root] [1] Received ECHO message from 29
2025-12-17 02:12:41,556 INFO [root] [2] Received ECHO message from 28
2025-12-17 02:12:41,556 INFO [root] [2] Received ECHO message from 31
2025-12-17 02:12:41,556 INFO [root] [2] Broadcasted READY message for roothash b'\xed\x92L\x82\xab\x91[\x10\x0e\xd7;8P\xfd\x1ca\xcf\xbe\xf8\x9b\xbdM\xa8\xe6[\x0f\x1d\x81g\xde\xeeB'
2025-12-17 02:12:41,556 INFO [root] broadcast Sending to 1: 28
2025-12-17 02:12:41,556 INFO [root] broadcast Sending to 2: 29
2025-12-17 02:12:41,556 INFO [root] broadcast Sending to 3: 30
2025-12-17 02:12:41,556 INFO [root] broadcast Sending to 4: 31
2025-12-17 02:12:41,556 INFO [root] [2] Received READY message from 29
2025-12-17 02:12:41,557 INFO [root] [1] Received READY message from 28
2025-12-17 02:12:41,557 INFO [root] [1] Received READY message from 31
2025-12-17 02:12:41,557 INFO [root] Decoding output for roothash: b'\xa8`Is\xd2+2\xb9\x97\xbf\xaf\xff)\x06U[\xdew-\xe6\x00du\x9c\xa1o\xad<\xa1NX\xab'
2025-12-17 02:12:41,557 INFO [root] [1] Received RBC message
2025-12-17 02:12:41,557 INFO [root] multicast list: [28, 29, 30, 31]
2025-12-17 02:12:41,557 INFO [root] before avid.retrieve
2025-12-17 02:12:41,557 INFO [root] [2] Received READY message from 31
2025-12-17 02:12:41,557 INFO [root] [2] Received READY message from 28
2025-12-17 02:12:41,557 INFO [root] Decoding output for roothash: b'\x03\xc6\xd4\x11\x10\xb6_\xd9\xc6z\xe0\xae\x9c\xe5\xcc\xd7X\x8f\xab&}R\xeb-O\xa8\xc2_\xd8e\xa3\x80'
2025-12-17 02:12:41,558 INFO [root] [1] Received RBC message
2025-12-17 02:12:41,558 INFO [root] multicast list: [28, 29, 30, 31]
2025-12-17 02:12:41,558 INFO [root] before avid.retrieve
2025-12-17 02:12:41,558 INFO [root] [2] Received ECHO message from 30
2025-12-17 02:12:41,558 INFO [root] [1] Received ECHO message from 28
2025-12-17 02:12:41,558 INFO [root] [1] Received ECHO message from 31
2025-12-17 02:12:41,558 INFO [root] [1] Broadcasted READY message for roothash b'\x1b\xf0ZKEp\xcf\xa5kc\x01O,\xe6D\xb5&\xb4\xbaXe}\xfey\x94\xb6\xa6\x81\xcc$\x8f\xd2'
2025-12-17 02:12:41,558 INFO [root] broadcast Sending to 1: 28
2025-12-17 02:12:41,558 INFO [root] broadcast Sending to 2: 29
2025-12-17 02:12:41,558 INFO [root] broadcast Sending to 3: 30
2025-12-17 02:12:41,558 INFO [root] broadcast Sending to 4: 31
2025-12-17 02:12:41,559 INFO [root] [1] Received READY message from 29
2025-12-17 02:12:41,559 INFO [root] [2] Received READY message from 31
2025-12-17 02:12:41,559 INFO [root] [2] Received READY message from 28
2025-12-17 02:12:41,559 INFO [root] Decoding output for roothash: b'\xed\x92L\x82\xab\x91[\x10\x0e\xd7;8P\xfd\x1ca\xcf\xbe\xf8\x9b\xbdM\xa8\xe6[\x0f\x1d\x81g\xde\xeeB'
2025-12-17 02:12:41,559 INFO [root] [1] Received RBC message
2025-12-17 02:12:41,559 INFO [root] multicast list: [28, 29, 30, 31]
2025-12-17 02:12:41,559 INFO [root] before avid.retrieve
2025-12-17 02:12:41,559 INFO [root] [1] Received ECHO message from 30
2025-12-17 02:12:41,559 INFO [root] [1] Received READY message from 31
2025-12-17 02:12:41,560 INFO [root] [1] Received READY message from 28
2025-12-17 02:12:41,560 INFO [root] Decoding output for roothash: b'\x1b\xf0ZKEp\xcf\xa5kc\x01O,\xe6D\xb5&\xb4\xbaXe}\xfey\x94\xb6\xa6\x81\xcc$\x8f\xd2'
2025-12-17 02:12:41,560 INFO [root] [1] Received RBC message
2025-12-17 02:12:41,560 INFO [root] multicast list: [28, 29, 30, 31]
2025-12-17 02:12:41,560 INFO [root] before avid.retrieve
2025-12-17 02:12:41,732 INFO [root] AVID broadcast to 1: 28
2025-12-17 02:12:41,732 INFO [root] AVID broadcast to 2: 29
2025-12-17 02:12:41,732 INFO [root] AVID broadcast to 3: 30
2025-12-17 02:12:41,733 INFO [root] AVID broadcast to 4: 31
2025-12-17 02:12:41,733 INFO [root] AVID broadcast to 1: 28
2025-12-17 02:12:41,733 INFO [root] AVID broadcast to 2: 29
2025-12-17 02:12:41,733 INFO [root] AVID broadcast to 3: 30
2025-12-17 02:12:41,733 INFO [root] AVID broadcast to 4: 31
2025-12-17 02:12:41,734 INFO [root] AVID broadcast to 1: 28
2025-12-17 02:12:41,734 INFO [root] AVID broadcast to 2: 29
2025-12-17 02:12:41,734 INFO [root] AVID broadcast to 3: 30
2025-12-17 02:12:41,734 INFO [root] AVID broadcast to 4: 31
2025-12-17 02:12:41,734 INFO [root] AVID broadcast to 1: 28
2025-12-17 02:12:41,734 INFO [root] AVID broadcast to 2: 29
2025-12-17 02:12:41,734 INFO [root] AVID broadcast to 3: 30
2025-12-17 02:12:41,734 INFO [root] AVID broadcast to 4: 31
2025-12-17 02:12:41,734 INFO [root] AVID broadcast to 1: 28
2025-12-17 02:12:41,735 INFO [root] AVID broadcast to 2: 29
2025-12-17 02:12:41,735 INFO [root] AVID broadcast to 3: 30
2025-12-17 02:12:41,735 INFO [root] AVID broadcast to 4: 31
2025-12-17 02:12:41,735 INFO [root] AVID broadcast to 1: 28
2025-12-17 02:12:41,735 INFO [root] AVID broadcast to 2: 29
2025-12-17 02:12:41,735 INFO [root] AVID broadcast to 3: 30
2025-12-17 02:12:41,735 INFO [root] AVID broadcast to 4: 31
2025-12-17 02:12:41,736 INFO [root] AVID broadcast to 1: 28
2025-12-17 02:12:41,736 INFO [root] AVID broadcast to 2: 29
2025-12-17 02:12:41,736 INFO [root] AVID broadcast to 3: 30
2025-12-17 02:12:41,736 INFO [root] AVID broadcast to 4: 31
2025-12-17 02:12:41,737 INFO [root] 3-0-7-B-AVSS 1 RETRIEVE called.
2025-12-17 02:12:41,737 INFO [root] AVID broadcast to 1: 28
2025-12-17 02:12:41,737 INFO [root] AVID broadcast to 2: 29
2025-12-17 02:12:41,737 INFO [root] AVID broadcast to 3: 30
2025-12-17 02:12:41,737 INFO [root] AVID broadcast to 4: 31
2025-12-17 02:12:41,737 INFO [root] 3-0-7-B-AVSS 1 RETRIEVE broadcasted.
2025-12-17 02:12:41,737 INFO [root] 0-0-7-B-AVSS 1 RETRIEVE called.
2025-12-17 02:12:41,737 INFO [root] AVID broadcast to 1: 28
2025-12-17 02:12:41,737 INFO [root] AVID broadcast to 2: 29
2025-12-17 02:12:41,737 INFO [root] AVID broadcast to 3: 30
2025-12-17 02:12:41,737 INFO [root] AVID broadcast to 4: 31
2025-12-17 02:12:41,738 INFO [root] 0-0-7-B-AVSS 1 RETRIEVE broadcasted.
2025-12-17 02:12:41,738 INFO [root] 1-0-7-B-AVSS 1 RETRIEVE called.
2025-12-17 02:12:41,738 INFO [root] AVID broadcast to 1: 28
2025-12-17 02:12:41,738 INFO [root] AVID broadcast to 2: 29
2025-12-17 02:12:41,738 INFO [root] AVID broadcast to 3: 30
2025-12-17 02:12:41,738 INFO [root] AVID broadcast to 4: 31
2025-12-17 02:12:41,738 INFO [root] 1-0-7-B-AVSS 1 RETRIEVE broadcasted.
2025-12-17 02:12:41,738 INFO [root] disperse msid: 3-0-7-B-AVSS, index: 1
2025-12-17 02:12:41,738 INFO [root] AVID retrieve called with sid: 3-0-7-B-AVID, index: 1
2025-12-17 02:12:41,739 INFO [root] disperse msid: 3-0-7-B-AVSS, index: 0
2025-12-17 02:12:41,739 INFO [root] AVID retrieve called with sid: 3-0-7-B-AVID, index: 0
2025-12-17 02:12:41,739 INFO [root] disperse msid: 0-0-7-B-AVSS, index: 1
2025-12-17 02:12:41,739 INFO [root] AVID retrieve called with sid: 0-0-7-B-AVID, index: 1
2025-12-17 02:12:41,739 INFO [root] disperse msid: 1-0-7-B-AVSS, index: 1
2025-12-17 02:12:41,739 INFO [root] AVID retrieve called with sid: 1-0-7-B-AVID, index: 1
2025-12-17 02:12:41,739 INFO [root] 3-0-7-B-AVSS 1 AVID retrieve msg from 29
2025-12-17 02:12:41,739 INFO [root] AVID retrieve response received
2025-12-17 02:12:41,739 INFO [root] retrieve msid: 3-0-7-B-AVID, response_index: 1
2025-12-17 02:12:41,739 INFO [root] RESPONSE from 29
2025-12-17 02:12:41,739 INFO [root] sender self.committee_size: 1
2025-12-17 02:12:41,739 INFO [root] disperse msid: 3-0-7-B-AVSS, index: 2
2025-12-17 02:12:41,739 INFO [root] AVID retrieve called with sid: 3-0-7-B-AVID, index: 2
2025-12-17 02:12:41,739 INFO [root] disperse msid: 3-0-7-B-AVSS, index: 3
2025-12-17 02:12:41,739 INFO [root] AVID retrieve called with sid: 3-0-7-B-AVID, index: 3
2025-12-17 02:12:41,739 INFO [root] AVID broadcast to 1: 28
2025-12-17 02:12:41,739 INFO [root] AVID broadcast to 2: 29
2025-12-17 02:12:41,739 INFO [root] AVID broadcast to 3: 30
2025-12-17 02:12:41,739 INFO [root] AVID broadcast to 4: 31
2025-12-17 02:12:41,739 INFO [root] disperse msid: 1-0-7-B-AVSS, index: 0
2025-12-17 02:12:41,740 INFO [root] AVID retrieve called with sid: 1-0-7-B-AVID, index: 0
2025-12-17 02:12:41,740 INFO [root] disperse msid: 0-0-7-B-AVSS, index: 0
2025-12-17 02:12:41,740 INFO [root] AVID retrieve called with sid: 0-0-7-B-AVID, index: 0
2025-12-17 02:12:41,740 INFO [root] 0-0-7-B-AVSS 1 AVID retrieve msg from 29
2025-12-17 02:12:41,740 INFO [root] AVID retrieve response received
2025-12-17 02:12:41,740 INFO [root] retrieve msid: 0-0-7-B-AVID, response_index: 1
2025-12-17 02:12:41,740 INFO [root] RESPONSE from 29
2025-12-17 02:12:41,741 INFO [root] sender self.committee_size: 1
2025-12-17 02:12:41,741 INFO [root] 1-0-7-B-AVSS 1 AVID retrieve msg from 29
2025-12-17 02:12:41,741 INFO [root] AVID retrieve response received
2025-12-17 02:12:41,741 INFO [root] retrieve msid: 1-0-7-B-AVID, response_index: 1
2025-12-17 02:12:41,741 INFO [root] RESPONSE from 29
2025-12-17 02:12:41,741 INFO [root] sender self.committee_size: 1
2025-12-17 02:12:41,741 INFO [root] disperse msid: 1-0-7-B-AVSS, index: 3
2025-12-17 02:12:41,741 INFO [root] AVID retrieve called with sid: 1-0-7-B-AVID, index: 3
2025-12-17 02:12:41,741 INFO [root] disperse msid: 1-0-7-B-AVSS, index: 2
2025-12-17 02:12:41,741 INFO [root] AVID retrieve called with sid: 1-0-7-B-AVID, index: 2
2025-12-17 02:12:41,741 INFO [root] disperse msid: 0-0-7-B-AVSS, index: 3
2025-12-17 02:12:41,741 INFO [root] AVID retrieve called with sid: 0-0-7-B-AVID, index: 3
2025-12-17 02:12:41,741 INFO [root] disperse msid: 0-0-7-B-AVSS, index: 2
2025-12-17 02:12:41,741 INFO [root] AVID retrieve called with sid: 0-0-7-B-AVID, index: 2
2025-12-17 02:12:41,741 INFO [root] 2-0-7-B-AVSS 1 RETRIEVE called.
2025-12-17 02:12:41,741 INFO [root] AVID broadcast to 1: 28
2025-12-17 02:12:41,741 INFO [root] AVID broadcast to 2: 29
2025-12-17 02:12:41,741 INFO [root] AVID broadcast to 3: 30
2025-12-17 02:12:41,741 INFO [root] AVID broadcast to 4: 31
2025-12-17 02:12:41,741 INFO [root] 2-0-7-B-AVSS 1 RETRIEVE broadcasted.
2025-12-17 02:12:41,742 INFO [root] 3-0-7-B-AVSS 1 AVID retrieve msg from 28
2025-12-17 02:12:41,742 INFO [root] AVID retrieve response received
2025-12-17 02:12:41,742 INFO [root] retrieve msid: 3-0-7-B-AVID, response_index: 1
2025-12-17 02:12:41,742 INFO [root] RESPONSE from 28
2025-12-17 02:12:41,742 INFO [root] sender self.committee_size: 0
2025-12-17 02:12:41,742 INFO [root] 3-0-7-B-AVSS 1 RETRIEVE complete.
2025-12-17 02:12:41,742 INFO [root] after avid.retrieve dispersal_msg
2025-12-17 02:12:41,742 INFO [root] Handling dealer messages for dealer_id: 3, tag: 3-0-7-B-AVSS
2025-12-17 02:12:41,764 INFO [root] shares verified successfully
2025-12-17 02:12:41,765 INFO [root] all_shares_valid: True
2025-12-17 02:12:41,765 INFO [root] after _handle_dealer_msgs, all_shares_valid
2025-12-17 02:12:41,765 INFO [root] self.tagvars[tag]['all_shares_valid']: True
2025-12-17 02:12:41,765 INFO [root] multicast to 28
2025-12-17 02:12:41,765 INFO [root] multicast to 29
2025-12-17 02:12:41,765 INFO [root] multicast to 30
2025-12-17 02:12:41,765 INFO [root] multicast to 31
2025-12-17 02:12:41,765 INFO [root] disperse msid: 2-0-7-B-AVSS, index: 1
2025-12-17 02:12:41,765 INFO [root] AVID retrieve called with sid: 2-0-7-B-AVID, index: 1
2025-12-17 02:12:41,766 INFO [root] [1] Received OK from [29]
2025-12-17 02:12:41,766 INFO [root] [1] OK set: {29}
2025-12-17 02:12:41,766 INFO [root] output: True
2025-12-17 02:12:41,766 INFO [root] [1] Received OK from [28]
2025-12-17 02:12:41,766 INFO [root] [1] OK set: {28, 29}
2025-12-17 02:12:41,766 INFO [root] output: True
2025-12-17 02:12:41,766 INFO [root] 0-0-7-B-AVSS 1 AVID retrieve msg from 28
2025-12-17 02:12:41,766 INFO [root] AVID retrieve response received
2025-12-17 02:12:41,766 INFO [root] retrieve msid: 0-0-7-B-AVID, response_index: 1
2025-12-17 02:12:41,766 INFO [root] RESPONSE from 28
2025-12-17 02:12:41,766 INFO [root] sender self.committee_size: 0
2025-12-17 02:12:41,766 INFO [root] 0-0-7-B-AVSS 1 RETRIEVE complete.
2025-12-17 02:12:41,767 INFO [root] after avid.retrieve dispersal_msg
2025-12-17 02:12:41,767 INFO [root] Handling dealer messages for dealer_id: 0, tag: 0-0-7-B-AVSS
2025-12-17 02:12:41,775 INFO [root] shares verified successfully
2025-12-17 02:12:41,776 INFO [root] all_shares_valid: True
2025-12-17 02:12:41,776 INFO [root] after _handle_dealer_msgs, all_shares_valid
2025-12-17 02:12:41,776 INFO [root] self.tagvars[tag]['all_shares_valid']: True
2025-12-17 02:12:41,776 INFO [root] multicast to 28
2025-12-17 02:12:41,776 INFO [root] multicast to 29
2025-12-17 02:12:41,776 INFO [root] multicast to 30
2025-12-17 02:12:41,776 INFO [root] multicast to 31
2025-12-17 02:12:41,776 INFO [root] 1-0-7-B-AVSS 1 AVID retrieve msg from 31
2025-12-17 02:12:41,776 INFO [root] AVID retrieve response received
2025-12-17 02:12:41,776 INFO [root] retrieve msid: 1-0-7-B-AVID, response_index: 1
2025-12-17 02:12:41,776 INFO [root] RESPONSE from 31
2025-12-17 02:12:41,776 INFO [root] sender self.committee_size: 3
2025-12-17 02:12:41,776 INFO [root] 1-0-7-B-AVSS 1 RETRIEVE complete.
2025-12-17 02:12:41,776 INFO [root] after avid.retrieve dispersal_msg
2025-12-17 02:12:41,776 INFO [root] Handling dealer messages for dealer_id: 1, tag: 1-0-7-B-AVSS
2025-12-17 02:12:41,785 INFO [root] shares verified successfully
2025-12-17 02:12:41,785 INFO [root] all_shares_valid: True
2025-12-17 02:12:41,785 INFO [root] after _handle_dealer_msgs, all_shares_valid
2025-12-17 02:12:41,785 INFO [root] self.tagvars[tag]['all_shares_valid']: True
2025-12-17 02:12:41,785 INFO [root] multicast to 28
2025-12-17 02:12:41,785 INFO [root] multicast to 29
2025-12-17 02:12:41,785 INFO [root] multicast to 30
2025-12-17 02:12:41,785 INFO [root] multicast to 31
2025-12-17 02:12:41,786 INFO [root] key_proposal: [3, 0, 1]
2025-12-17 02:12:41,786 INFO [beaver.transfer] [1] [random shares] Starting ACS where node 1 is set as leader 
2025-12-17 02:12:41,786 INFO [beaver.transfer] [1] [random shares] The proposal of node 1 is [3, 0, 1]
2025-12-17 02:12:41,786 INFO [root] enter handle_message
2025-12-17 02:12:41,786 INFO [root] [1] I am the leader, broadcasting my input
2025-12-17 02:12:41,786 INFO [root] [1] otmvba Broadcasting to 28
2025-12-17 02:12:41,786 INFO [root] [1] otmvba Broadcasting to 29
2025-12-17 02:12:41,786 INFO [root] [1] otmvba Broadcasting to 30
2025-12-17 02:12:41,786 INFO [root] [1] otmvba Broadcasting to 31
2025-12-17 02:12:41,786 INFO [root] 2-0-7-B-AVSS 1 AVID retrieve msg from 29
2025-12-17 02:12:41,786 INFO [root] AVID retrieve response received
2025-12-17 02:12:41,786 INFO [root] retrieve msid: 2-0-7-B-AVID, response_index: 1
2025-12-17 02:12:41,786 INFO [root] RESPONSE from 29
2025-12-17 02:12:41,786 INFO [root] sender self.committee_size: 1
2025-12-17 02:12:41,786 INFO [root] [1] Received OK from [31]
2025-12-17 02:12:41,787 INFO [root] [1] OK set: {28, 29, 31}
2025-12-17 02:12:41,787 INFO [root] output: True
2025-12-17 02:12:41,787 INFO [root] [1] Received OK from [30]
2025-12-17 02:12:41,787 INFO [root] [1] OK set: {28, 29, 30, 31}
2025-12-17 02:12:41,787 INFO [root] output: True
2025-12-17 02:12:41,787 INFO [root] [1] exit
2025-12-17 02:12:41,787 INFO [root] disperse msid: 2-0-7-B-AVSS, index: 3
2025-12-17 02:12:41,787 INFO [root] AVID retrieve called with sid: 2-0-7-B-AVID, index: 3
2025-12-17 02:12:41,787 INFO [root] disperse msid: 2-0-7-B-AVSS, index: 2
2025-12-17 02:12:41,787 INFO [root] AVID retrieve called with sid: 2-0-7-B-AVID, index: 2
2025-12-17 02:12:41,787 INFO [root] [1] Received OK from [29]
2025-12-17 02:12:41,787 INFO [root] [1] OK set: {29}
2025-12-17 02:12:41,787 INFO [root] output: True
2025-12-17 02:12:41,787 INFO [root] [1] Received OK from [29]
2025-12-17 02:12:41,787 INFO [root] [1] OK set: {29}
2025-12-17 02:12:41,787 INFO [root] output: True
2025-12-17 02:12:41,788 INFO [root] disperse msid: 2-0-7-B-AVSS, index: 0
2025-12-17 02:12:41,788 INFO [root] AVID retrieve called with sid: 2-0-7-B-AVID, index: 0
2025-12-17 02:12:41,788 INFO [root] [1] Received OK from [28]
2025-12-17 02:12:41,788 INFO [root] [1] OK set: {28, 29}
2025-12-17 02:12:41,788 INFO [root] output: True
2025-12-17 02:12:41,788 INFO [root] [1] Received OK from [28]
2025-12-17 02:12:41,788 INFO [root] [1] OK set: {28, 29}
2025-12-17 02:12:41,788 INFO [root] output: True
2025-12-17 02:12:41,788 INFO [root] [1] otmvba msg value
2025-12-17 02:12:41,788 INFO [root] [1] otmvba handle value message
2025-12-17 02:12:41,788 INFO [root] [1] value-self.acss_outputs.keys():dict_keys([3, 0, 1])
2025-12-17 02:12:41,789 INFO [root] [1] --Directly send the proposal!--
2025-12-17 02:12:41,789 INFO [root] [1] Received OK from [31]
2025-12-17 02:12:41,789 INFO [root] [1] OK set: {28, 29, 31}
2025-12-17 02:12:41,789 INFO [root] output: True
2025-12-17 02:12:41,789 INFO [root] [1] Received OK from [30]
2025-12-17 02:12:41,789 INFO [root] [1] OK set: {28, 29, 30, 31}
2025-12-17 02:12:41,789 INFO [root] output: True
2025-12-17 02:12:41,789 INFO [root] [1] exit
2025-12-17 02:12:41,789 INFO [root] [1] Received OK from [30]
2025-12-17 02:12:41,789 INFO [root] [1] OK set: {28, 29, 30}
2025-12-17 02:12:41,790 INFO [root] output: True
2025-12-17 02:12:41,790 INFO [root] [1] Received OK from [31]
2025-12-17 02:12:41,790 INFO [root] [1] OK set: {28, 29, 30, 31}
2025-12-17 02:12:41,790 INFO [root] output: True
2025-12-17 02:12:41,790 INFO [root] [1] exit
2025-12-17 02:12:41,790 INFO [root] 2-0-7-B-AVSS 1 AVID retrieve msg from 28
2025-12-17 02:12:41,790 INFO [root] AVID retrieve response received
2025-12-17 02:12:41,790 INFO [root] retrieve msid: 2-0-7-B-AVID, response_index: 1
2025-12-17 02:12:41,790 INFO [root] RESPONSE from 28
2025-12-17 02:12:41,790 INFO [root] sender self.committee_size: 0
2025-12-17 02:12:41,790 INFO [root] 2-0-7-B-AVSS 1 RETRIEVE complete.
2025-12-17 02:12:41,790 INFO [root] after avid.retrieve dispersal_msg
2025-12-17 02:12:41,790 INFO [root] Handling dealer messages for dealer_id: 2, tag: 2-0-7-B-AVSS
2025-12-17 02:12:41,799 INFO [root] shares verified successfully
2025-12-17 02:12:41,799 INFO [root] all_shares_valid: True
2025-12-17 02:12:41,799 INFO [root] after _handle_dealer_msgs, all_shares_valid
2025-12-17 02:12:41,799 INFO [root] self.tagvars[tag]['all_shares_valid']: True
2025-12-17 02:12:41,799 INFO [root] multicast to 28
2025-12-17 02:12:41,799 INFO [root] multicast to 29
2025-12-17 02:12:41,799 INFO [root] multicast to 30
2025-12-17 02:12:41,799 INFO [root] multicast to 31
2025-12-17 02:12:41,799 INFO [root] [1] otmvba msg prevote
2025-12-17 02:12:41,799 INFO [root] [1] otmvba handle prevote message
2025-12-17 02:12:41,807 INFO [root] [1] otmvba msg prevote
2025-12-17 02:12:41,807 INFO [root] [1] otmvba handle prevote message
2025-12-17 02:12:41,815 INFO [root] [1] Received OK from [29]
2025-12-17 02:12:41,815 INFO [root] [1] OK set: {29}
2025-12-17 02:12:41,815 INFO [root] output: True
2025-12-17 02:12:41,815 INFO [root] [1] otmvba msg prevote
2025-12-17 02:12:41,815 INFO [root] [1] otmvba handle prevote message
2025-12-17 02:12:41,830 INFO [root] [1] otmvba Broadcasting to 28
2025-12-17 02:12:41,830 INFO [root] [1] otmvba Broadcasting to 29
2025-12-17 02:12:41,830 INFO [root] [1] otmvba Broadcasting to 30
2025-12-17 02:12:41,830 INFO [root] [1] otmvba Broadcasting to 31
2025-12-17 02:12:41,830 INFO [root] [1] otmvba msg prevote
2025-12-17 02:12:41,830 INFO [root] [1] otmvba handle prevote message
2025-12-17 02:12:41,838 INFO [root] [1] Received OK from [28]
2025-12-17 02:12:41,838 INFO [root] [1] OK set: {28, 29}
2025-12-17 02:12:41,838 INFO [root] output: True
2025-12-17 02:12:41,838 INFO [root] [1] Received OK from [31]
2025-12-17 02:12:41,838 INFO [root] [1] OK set: {28, 29, 31}
2025-12-17 02:12:41,838 INFO [root] output: True
2025-12-17 02:12:41,838 INFO [root] [1] Received OK from [30]
2025-12-17 02:12:41,838 INFO [root] [1] OK set: {28, 29, 30, 31}
2025-12-17 02:12:41,838 INFO [root] output: True
2025-12-17 02:12:41,838 INFO [root] [1] exit
2025-12-17 02:12:41,838 INFO [root] [1] otmvba msg PrevoteQC
2025-12-17 02:12:41,838 INFO [root] [1] otmvba handle prevote qc message
2025-12-17 02:12:41,847 INFO [root] [1] otmvba msg vote
2025-12-17 02:12:41,847 INFO [root] [1] otmvba handle vote message
2025-12-17 02:12:41,854 INFO [root] [1] otmvba msg vote
2025-12-17 02:12:41,855 INFO [root] [1] otmvba handle vote message
2025-12-17 02:12:41,862 INFO [root] [1] otmvba msg vote
2025-12-17 02:12:41,862 INFO [root] [1] otmvba handle vote message
2025-12-17 02:12:41,877 INFO [root] [1] otmvba Broadcasting to 28
2025-12-17 02:12:41,877 INFO [root] [1] otmvba Broadcasting to 29
2025-12-17 02:12:41,877 INFO [root] [1] otmvba Broadcasting to 30
2025-12-17 02:12:41,877 INFO [root] [1] otmvba Broadcasting to 31
2025-12-17 02:12:41,877 INFO [root] [1] otmvba msg vote
2025-12-17 02:12:41,877 INFO [root] [1] otmvba handle vote message
2025-12-17 02:12:41,885 INFO [root] [1] otmvba msg VoteQC
2025-12-17 02:12:41,885 INFO [root] [1] otmvba handle vote qc message
2025-12-17 02:12:41,892 INFO [root] [1] otmvba Broadcasting to 28
2025-12-17 02:12:41,893 INFO [root] [1] otmvba Broadcasting to 29
2025-12-17 02:12:41,893 INFO [root] [1] otmvba Broadcasting to 30
2025-12-17 02:12:41,893 INFO [root] [1] otmvba Broadcasting to 31
2025-12-17 02:12:41,893 INFO [root] [1] otmvba msg Terminate
2025-12-17 02:12:41,893 INFO [root] [1] otmvba handle terminate message
2025-12-17 02:12:41,900 INFO [root] [1] otmvba Broadcasting to 28
2025-12-17 02:12:41,900 INFO [root] [1] otmvba Broadcasting to 29
2025-12-17 02:12:41,900 INFO [root] [1] otmvba Broadcasting to 30
2025-12-17 02:12:41,900 INFO [root] [1] otmvba Broadcasting to 31
2025-12-17 02:12:41,900 INFO [beaver.transfer] [1] [random shares] The ACS set is [0, 1, 3]
2025-12-17 02:12:41,901 INFO [root] common: [0, 1, 3]
2025-12-17 02:12:41,934 INFO [beaver.transfer] [1] [asynchronous dynamic transfer] Finished! Node 1, total number: 50, time: 7.3128581047058105 (seconds)
2025-12-17 02:12:41,934 INFO [root] layer ID: 7 trans_foll_time: 7.313876390457153
2025-12-17 02:12:41,934 INFO [beaver.batch_multiplication] [1] Starting BatchMultiplication
2025-12-17 02:12:41,934 INFO [beaver.batch_multiplication] [1] Starting ACSS to evaluate 50 multiplication gates
2025-12-17 02:12:41,935 INFO [root] [1] Starting Batch AVSS. Id: 0, Dealer Id: 0, Client Mode: False
2025-12-17 02:12:41,935 INFO [root] [1] AVSS tag: 0-0-7-B-AVSS
2025-12-17 02:12:41,935 INFO [root] [1] RBC tag: 0-0-7-B-RBC
2025-12-17 02:12:41,935 INFO [root] [1] Starting AVSS with shares_num: 50, dealer_id: 0, client_mode: False
2025-12-17 02:12:41,935 INFO [root] rbc_list: [24, 28, 29, 30, 31]
2025-12-17 02:12:41,935 INFO [root] committee_size: 4
2025-12-17 02:12:41,935 INFO [root] n: 5
2025-12-17 02:12:41,935 INFO [root] f: 1
2025-12-17 02:12:41,935 INFO [root] pid: 2
2025-12-17 02:12:41,935 INFO [root] leader: 0
2025-12-17 02:12:41,935 INFO [root] [2] Received VAL message from 24
2025-12-17 02:12:41,935 INFO [root] entering n == commitee_size + 1
2025-12-17 02:12:41,935 INFO [root] [2] sender: 24, leader: 0
2025-12-17 02:12:41,935 INFO [root] [2] Successfully validated VAL message
2025-12-17 02:12:41,935 INFO [root] [2] Broadcasted ECHO message for roothash b'\\j\xd1\xcd\xbfe\x0e\xfbG\xbfd\xc3\x994#n\x03\x9f\xc4r\x9dO4`\xc1\x04\xc1(\xe63<}'
2025-12-17 02:12:41,935 INFO [root] broadcast Sending to 1: 28
2025-12-17 02:12:41,935 INFO [root] broadcast Sending to 2: 29
2025-12-17 02:12:41,935 INFO [root] broadcast Sending to 3: 30
2025-12-17 02:12:41,935 INFO [root] broadcast Sending to 4: 31
2025-12-17 02:12:41,935 INFO [root] [1] Starting Batch AVSS. Id: 0, Dealer Id: 1, Client Mode: False
2025-12-17 02:12:41,935 INFO [root] [1] AVSS tag: 1-0-7-B-AVSS
2025-12-17 02:12:41,936 INFO [root] [1] RBC tag: 1-0-7-B-RBC
2025-12-17 02:12:41,936 INFO [root] [1] Starting AVSS with shares_num: 50, dealer_id: 1, client_mode: False
2025-12-17 02:12:41,936 INFO [root] rbc_list: [25, 28, 29, 30, 31]
2025-12-17 02:12:41,936 INFO [root] committee_size: 4
2025-12-17 02:12:41,936 INFO [root] n: 5
2025-12-17 02:12:41,936 INFO [root] f: 1
2025-12-17 02:12:41,936 INFO [root] pid: 2
2025-12-17 02:12:41,936 INFO [root] leader: 1
2025-12-17 02:12:41,936 INFO [root] [2] Received VAL message from 25
2025-12-17 02:12:41,936 INFO [root] entering n == commitee_size + 1
2025-12-17 02:12:41,936 INFO [root] [2] sender: 25, leader: 1
2025-12-17 02:12:41,936 INFO [root] [2] Successfully validated VAL message
2025-12-17 02:12:41,936 INFO [root] [2] Broadcasted ECHO message for roothash b'\xd3\x1a\xa1\xce\xf0NR\x08\x1c*<\xd0u\xa14Afb\xf5\x96\x991\xee\xa9I\xda\\\x14n\xe4\xa4R'
2025-12-17 02:12:41,936 INFO [root] broadcast Sending to 1: 28
2025-12-17 02:12:41,936 INFO [root] broadcast Sending to 2: 29
2025-12-17 02:12:41,936 INFO [root] broadcast Sending to 3: 30
2025-12-17 02:12:41,936 INFO [root] broadcast Sending to 4: 31
2025-12-17 02:12:41,936 INFO [root] [1] Starting Batch AVSS. Id: 0, Dealer Id: 2, Client Mode: False
2025-12-17 02:12:41,936 INFO [root] [1] AVSS tag: 2-0-7-B-AVSS
2025-12-17 02:12:41,936 INFO [root] [1] RBC tag: 2-0-7-B-RBC
2025-12-17 02:12:41,936 INFO [root] [1] Starting AVSS with shares_num: 50, dealer_id: 2, client_mode: False
2025-12-17 02:12:41,936 INFO [root] rbc_list: [26, 28, 29, 30, 31]
2025-12-17 02:12:41,936 INFO [root] committee_size: 4
2025-12-17 02:12:41,936 INFO [root] n: 5
2025-12-17 02:12:41,936 INFO [root] f: 1
2025-12-17 02:12:41,937 INFO [root] pid: 1
2025-12-17 02:12:41,937 INFO [root] leader: 2
2025-12-17 02:12:41,937 INFO [root] [1] Received VAL message from 26
2025-12-17 02:12:41,937 INFO [root] entering n == commitee_size + 1
2025-12-17 02:12:41,937 INFO [root] [1] sender: 26, leader: 2
2025-12-17 02:12:41,937 INFO [root] [1] Successfully validated VAL message
2025-12-17 02:12:41,937 INFO [root] [1] Broadcasted ECHO message for roothash b'\xce4\x8c5\x06J\x95\xda0Fl\xcbq\xe3~FW+\xde\xf5z%\xe0\xcc\x9fU6\xea\xa5\x1e\x82g'
2025-12-17 02:12:41,937 INFO [root] broadcast Sending to 1: 28
2025-12-17 02:12:41,937 INFO [root] broadcast Sending to 2: 29
2025-12-17 02:12:41,937 INFO [root] broadcast Sending to 3: 30
2025-12-17 02:12:41,937 INFO [root] broadcast Sending to 4: 31
2025-12-17 02:12:41,937 INFO [root] [1] Starting Batch AVSS. Id: 0, Dealer Id: 3, Client Mode: False
2025-12-17 02:12:41,937 INFO [root] [1] AVSS tag: 3-0-7-B-AVSS
2025-12-17 02:12:41,937 INFO [root] [1] RBC tag: 3-0-7-B-RBC
2025-12-17 02:12:41,937 INFO [root] [1] Starting AVSS with shares_num: 50, dealer_id: 3, client_mode: False
2025-12-17 02:12:41,937 INFO [root] rbc_list: [27, 28, 29, 30, 31]
2025-12-17 02:12:41,937 INFO [root] committee_size: 4
2025-12-17 02:12:41,937 INFO [root] n: 5
2025-12-17 02:12:41,937 INFO [root] f: 1
2025-12-17 02:12:41,937 INFO [root] pid: 1
2025-12-17 02:12:41,937 INFO [root] leader: 3
2025-12-17 02:12:41,937 INFO [root] [1] Received VAL message from 27
2025-12-17 02:12:41,937 INFO [root] entering n == commitee_size + 1
2025-12-17 02:12:41,937 INFO [root] [1] sender: 27, leader: 3
2025-12-17 02:12:41,937 INFO [root] [1] Successfully validated VAL message
2025-12-17 02:12:41,937 INFO [root] [1] Broadcasted ECHO message for roothash b'\x19Z\xd6\x99R\xedB\x10\x1c?\xb0S\xf9\x01\x8f\x83"H\xa5vu6f\xf2A(\x17\xa8\xae+\xda\xca'
2025-12-17 02:12:41,937 INFO [root] broadcast Sending to 1: 28
2025-12-17 02:12:41,937 INFO [root] broadcast Sending to 2: 29
2025-12-17 02:12:41,937 INFO [root] broadcast Sending to 3: 30
2025-12-17 02:12:41,938 INFO [root] broadcast Sending to 4: 31
2025-12-17 02:12:41,938 INFO [root] [2] Received ECHO message from 29
2025-12-17 02:12:41,938 INFO [root] [2] Received ECHO message from 29
2025-12-17 02:12:41,938 INFO [root] [1] Received ECHO message from 29
2025-12-17 02:12:41,938 INFO [root] [1] Received ECHO message from 29
2025-12-17 02:12:41,939 INFO [root] [2] Received ECHO message from 31
2025-12-17 02:12:41,939 INFO [root] [2] Received ECHO message from 31
2025-12-17 02:12:41,939 INFO [root] [1] Received ECHO message from 31
2025-12-17 02:12:41,939 INFO [root] [1] Received ECHO message from 31
2025-12-17 02:12:41,940 INFO [root] [2] Received ECHO message from 28
2025-12-17 02:12:41,940 INFO [root] [2] Broadcasted READY message for roothash b'\\j\xd1\xcd\xbfe\x0e\xfbG\xbfd\xc3\x994#n\x03\x9f\xc4r\x9dO4`\xc1\x04\xc1(\xe63<}'
2025-12-17 02:12:41,940 INFO [root] broadcast Sending to 1: 28
2025-12-17 02:12:41,940 INFO [root] broadcast Sending to 2: 29
2025-12-17 02:12:41,940 INFO [root] broadcast Sending to 3: 30
2025-12-17 02:12:41,940 INFO [root] broadcast Sending to 4: 31
2025-12-17 02:12:41,940 INFO [root] [2] Received ECHO message from 30
2025-12-17 02:12:41,940 INFO [root] [2] Received ECHO message from 28
2025-12-17 02:12:41,940 INFO [root] [2] Broadcasted READY message for roothash b'\xd3\x1a\xa1\xce\xf0NR\x08\x1c*<\xd0u\xa14Afb\xf5\x96\x991\xee\xa9I\xda\\\x14n\xe4\xa4R'
2025-12-17 02:12:41,940 INFO [root] broadcast Sending to 1: 28
2025-12-17 02:12:41,940 INFO [root] broadcast Sending to 2: 29
2025-12-17 02:12:41,940 INFO [root] broadcast Sending to 3: 30
2025-12-17 02:12:41,940 INFO [root] broadcast Sending to 4: 31
2025-12-17 02:12:41,940 INFO [root] [2] Received ECHO message from 30
2025-12-17 02:12:41,940 INFO [root] [1] Received ECHO message from 28
2025-12-17 02:12:41,940 INFO [root] [1] Broadcasted READY message for roothash b'\xce4\x8c5\x06J\x95\xda0Fl\xcbq\xe3~FW+\xde\xf5z%\xe0\xcc\x9fU6\xea\xa5\x1e\x82g'
2025-12-17 02:12:41,940 INFO [root] broadcast Sending to 1: 28
2025-12-17 02:12:41,940 INFO [root] broadcast Sending to 2: 29
2025-12-17 02:12:41,941 INFO [root] broadcast Sending to 3: 30
2025-12-17 02:12:41,941 INFO [root] broadcast Sending to 4: 31
2025-12-17 02:12:41,941 INFO [root] [1] Received ECHO message from 30
2025-12-17 02:12:41,941 INFO [root] [1] Received ECHO message from 28
2025-12-17 02:12:41,941 INFO [root] [1] Broadcasted READY message for roothash b'\x19Z\xd6\x99R\xedB\x10\x1c?\xb0S\xf9\x01\x8f\x83"H\xa5vu6f\xf2A(\x17\xa8\xae+\xda\xca'
2025-12-17 02:12:41,941 INFO [root] broadcast Sending to 1: 28
2025-12-17 02:12:41,941 INFO [root] broadcast Sending to 2: 29
2025-12-17 02:12:41,941 INFO [root] broadcast Sending to 3: 30
2025-12-17 02:12:41,941 INFO [root] broadcast Sending to 4: 31
2025-12-17 02:12:41,941 INFO [root] [1] Received ECHO message from 30
2025-12-17 02:12:41,941 INFO [root] [2] Received READY message from 29
2025-12-17 02:12:41,941 INFO [root] [2] Received READY message from 29
2025-12-17 02:12:41,941 INFO [root] [1] Received READY message from 29
2025-12-17 02:12:41,941 INFO [root] [1] Received READY message from 29
2025-12-17 02:12:41,942 INFO [root] [2] Received READY message from 28
2025-12-17 02:12:41,942 INFO [root] [2] Received READY message from 31
2025-12-17 02:12:41,942 INFO [root] Decoding output for roothash: b'\\j\xd1\xcd\xbfe\x0e\xfbG\xbfd\xc3\x994#n\x03\x9f\xc4r\x9dO4`\xc1\x04\xc1(\xe63<}'
2025-12-17 02:12:41,942 INFO [root] [1] Received RBC message
2025-12-17 02:12:41,942 INFO [root] multicast list: [28, 29, 30, 31]
2025-12-17 02:12:41,942 INFO [root] before avid.retrieve
2025-12-17 02:12:41,942 INFO [root] [2] Received READY message from 28
2025-12-17 02:12:41,942 INFO [root] [2] Received READY message from 31
2025-12-17 02:12:41,942 INFO [root] Decoding output for roothash: b'\xd3\x1a\xa1\xce\xf0NR\x08\x1c*<\xd0u\xa14Afb\xf5\x96\x991\xee\xa9I\xda\\\x14n\xe4\xa4R'
2025-12-17 02:12:41,943 INFO [root] [1] Received RBC message
2025-12-17 02:12:41,943 INFO [root] multicast list: [28, 29, 30, 31]
2025-12-17 02:12:41,943 INFO [root] before avid.retrieve
2025-12-17 02:12:41,943 INFO [root] [1] Received READY message from 28
2025-12-17 02:12:41,943 INFO [root] [1] Received READY message from 31
2025-12-17 02:12:41,943 INFO [root] Decoding output for roothash: b'\xce4\x8c5\x06J\x95\xda0Fl\xcbq\xe3~FW+\xde\xf5z%\xe0\xcc\x9fU6\xea\xa5\x1e\x82g'
2025-12-17 02:12:41,943 INFO [root] [1] Received RBC message
2025-12-17 02:12:41,943 INFO [root] multicast list: [28, 29, 30, 31]
2025-12-17 02:12:41,943 INFO [root] before avid.retrieve
2025-12-17 02:12:41,943 INFO [root] [1] Received READY message from 28
2025-12-17 02:12:41,943 INFO [root] [1] Received READY message from 31
2025-12-17 02:12:41,943 INFO [root] Decoding output for roothash: b'\x19Z\xd6\x99R\xedB\x10\x1c?\xb0S\xf9\x01\x8f\x83"H\xa5vu6f\xf2A(\x17\xa8\xae+\xda\xca'
2025-12-17 02:12:41,943 INFO [root] [1] Received RBC message
2025-12-17 02:12:41,943 INFO [root] multicast list: [28, 29, 30, 31]
2025-12-17 02:12:41,944 INFO [root] before avid.retrieve
2025-12-17 02:12:41,944 INFO [root] AVID broadcast to 1: 28
2025-12-17 02:12:41,944 INFO [root] AVID broadcast to 2: 29
2025-12-17 02:12:41,944 INFO [root] AVID broadcast to 3: 30
2025-12-17 02:12:41,944 INFO [root] AVID broadcast to 4: 31
2025-12-17 02:12:41,944 INFO [root] AVID broadcast to 1: 28
2025-12-17 02:12:41,944 INFO [root] AVID broadcast to 2: 29
2025-12-17 02:12:41,944 INFO [root] AVID broadcast to 3: 30
2025-12-17 02:12:41,944 INFO [root] AVID broadcast to 4: 31
2025-12-17 02:12:41,944 INFO [root] AVID broadcast to 1: 28
2025-12-17 02:12:41,945 INFO [root] AVID broadcast to 2: 29
2025-12-17 02:12:41,945 INFO [root] AVID broadcast to 3: 30
2025-12-17 02:12:41,945 INFO [root] AVID broadcast to 4: 31
2025-12-17 02:12:41,945 INFO [root] AVID broadcast to 1: 28
2025-12-17 02:12:41,945 INFO [root] AVID broadcast to 2: 29
2025-12-17 02:12:41,945 INFO [root] AVID broadcast to 3: 30
2025-12-17 02:12:41,945 INFO [root] AVID broadcast to 4: 31
2025-12-17 02:12:41,946 INFO [root] AVID broadcast to 1: 28
2025-12-17 02:12:41,946 INFO [root] AVID broadcast to 2: 29
2025-12-17 02:12:41,946 INFO [root] AVID broadcast to 3: 30
2025-12-17 02:12:41,946 INFO [root] AVID broadcast to 4: 31
2025-12-17 02:12:41,946 INFO [root] AVID broadcast to 1: 28
2025-12-17 02:12:41,946 INFO [root] AVID broadcast to 2: 29
2025-12-17 02:12:41,946 INFO [root] AVID broadcast to 3: 30
2025-12-17 02:12:41,946 INFO [root] AVID broadcast to 4: 31
2025-12-17 02:12:41,946 INFO [root] AVID broadcast to 1: 28
2025-12-17 02:12:41,946 INFO [root] AVID broadcast to 2: 29
2025-12-17 02:12:41,946 INFO [root] AVID broadcast to 3: 30
2025-12-17 02:12:41,947 INFO [root] AVID broadcast to 4: 31
2025-12-17 02:12:41,947 INFO [root] AVID broadcast to 1: 28
2025-12-17 02:12:41,947 INFO [root] AVID broadcast to 2: 29
2025-12-17 02:12:41,947 INFO [root] AVID broadcast to 3: 30
2025-12-17 02:12:41,947 INFO [root] AVID broadcast to 4: 31
2025-12-17 02:12:41,948 INFO [root] 0-0-7-B-AVSS 1 RETRIEVE called.
2025-12-17 02:12:41,948 INFO [root] AVID broadcast to 1: 28
2025-12-17 02:12:41,948 INFO [root] AVID broadcast to 2: 29
2025-12-17 02:12:41,948 INFO [root] AVID broadcast to 3: 30
2025-12-17 02:12:41,948 INFO [root] AVID broadcast to 4: 31
2025-12-17 02:12:41,948 INFO [root] 0-0-7-B-AVSS 1 RETRIEVE broadcasted.
2025-12-17 02:12:41,948 INFO [root] 1-0-7-B-AVSS 1 RETRIEVE called.
2025-12-17 02:12:41,948 INFO [root] AVID broadcast to 1: 28
2025-12-17 02:12:41,948 INFO [root] AVID broadcast to 2: 29
2025-12-17 02:12:41,948 INFO [root] AVID broadcast to 3: 30
2025-12-17 02:12:41,948 INFO [root] AVID broadcast to 4: 31
2025-12-17 02:12:41,948 INFO [root] 1-0-7-B-AVSS 1 RETRIEVE broadcasted.
2025-12-17 02:12:41,948 INFO [root] 2-0-7-B-AVSS 1 RETRIEVE called.
2025-12-17 02:12:41,948 INFO [root] AVID broadcast to 1: 28
2025-12-17 02:12:41,948 INFO [root] AVID broadcast to 2: 29
2025-12-17 02:12:41,948 INFO [root] AVID broadcast to 3: 30
2025-12-17 02:12:41,948 INFO [root] AVID broadcast to 4: 31
2025-12-17 02:12:41,948 INFO [root] 2-0-7-B-AVSS 1 RETRIEVE broadcasted.
2025-12-17 02:12:41,948 INFO [root] 3-0-7-B-AVSS 1 RETRIEVE called.
2025-12-17 02:12:41,948 INFO [root] AVID broadcast to 1: 28
2025-12-17 02:12:41,948 INFO [root] AVID broadcast to 2: 29
2025-12-17 02:12:41,948 INFO [root] AVID broadcast to 3: 30
2025-12-17 02:12:41,948 INFO [root] AVID broadcast to 4: 31
2025-12-17 02:12:41,948 INFO [root] 3-0-7-B-AVSS 1 RETRIEVE broadcasted.
2025-12-17 02:12:41,949 INFO [root] disperse msid: 0-0-7-B-AVSS, index: 1
2025-12-17 02:12:41,949 INFO [root] AVID retrieve called with sid: 0-0-7-B-AVID, index: 1
2025-12-17 02:12:41,949 INFO [root] disperse msid: 1-0-7-B-AVSS, index: 1
2025-12-17 02:12:41,949 INFO [root] AVID retrieve called with sid: 1-0-7-B-AVID, index: 1
2025-12-17 02:12:41,949 INFO [root] disperse msid: 2-0-7-B-AVSS, index: 1
2025-12-17 02:12:41,949 INFO [root] AVID retrieve called with sid: 2-0-7-B-AVID, index: 1
2025-12-17 02:12:41,949 INFO [root] disperse msid: 3-0-7-B-AVSS, index: 1
2025-12-17 02:12:41,949 INFO [root] AVID retrieve called with sid: 3-0-7-B-AVID, index: 1
2025-12-17 02:12:41,950 INFO [root] 0-0-7-B-AVSS 1 AVID retrieve msg from 29
2025-12-17 02:12:41,950 INFO [root] AVID retrieve response received
2025-12-17 02:12:41,950 INFO [root] retrieve msid: 0-0-7-B-AVID, response_index: 1
2025-12-17 02:12:41,950 INFO [root] RESPONSE from 29
2025-12-17 02:12:41,950 INFO [root] sender self.committee_size: 1
2025-12-17 02:12:41,950 INFO [root] 1-0-7-B-AVSS 1 AVID retrieve msg from 29
2025-12-17 02:12:41,950 INFO [root] AVID retrieve response received
2025-12-17 02:12:41,950 INFO [root] retrieve msid: 1-0-7-B-AVID, response_index: 1
2025-12-17 02:12:41,950 INFO [root] RESPONSE from 29
2025-12-17 02:12:41,950 INFO [root] sender self.committee_size: 1
2025-12-17 02:12:41,950 INFO [root] 2-0-7-B-AVSS 1 AVID retrieve msg from 29
2025-12-17 02:12:41,950 INFO [root] AVID retrieve response received
2025-12-17 02:12:41,950 INFO [root] retrieve msid: 2-0-7-B-AVID, response_index: 1
2025-12-17 02:12:41,950 INFO [root] RESPONSE from 29
2025-12-17 02:12:41,950 INFO [root] sender self.committee_size: 1
2025-12-17 02:12:41,950 INFO [root] 3-0-7-B-AVSS 1 AVID retrieve msg from 29
2025-12-17 02:12:41,950 INFO [root] AVID retrieve response received
2025-12-17 02:12:41,950 INFO [root] retrieve msid: 3-0-7-B-AVID, response_index: 1
2025-12-17 02:12:41,950 INFO [root] RESPONSE from 29
2025-12-17 02:12:41,950 INFO [root] sender self.committee_size: 1
2025-12-17 02:12:41,950 INFO [root] disperse msid: 0-0-7-B-AVSS, index: 0
2025-12-17 02:12:41,950 INFO [root] AVID retrieve called with sid: 0-0-7-B-AVID, index: 0
2025-12-17 02:12:41,950 INFO [root] disperse msid: 1-0-7-B-AVSS, index: 0
2025-12-17 02:12:41,950 INFO [root] AVID retrieve called with sid: 1-0-7-B-AVID, index: 0
2025-12-17 02:12:41,950 INFO [root] disperse msid: 2-0-7-B-AVSS, index: 0
2025-12-17 02:12:41,950 INFO [root] AVID retrieve called with sid: 2-0-7-B-AVID, index: 0
2025-12-17 02:12:41,950 INFO [root] disperse msid: 3-0-7-B-AVSS, index: 0
2025-12-17 02:12:41,951 INFO [root] AVID retrieve called with sid: 3-0-7-B-AVID, index: 0
2025-12-17 02:12:41,951 INFO [root] disperse msid: 0-0-7-B-AVSS, index: 3
2025-12-17 02:12:41,951 INFO [root] AVID retrieve called with sid: 0-0-7-B-AVID, index: 3
2025-12-17 02:12:41,951 INFO [root] disperse msid: 0-0-7-B-AVSS, index: 2
2025-12-17 02:12:41,951 INFO [root] AVID retrieve called with sid: 0-0-7-B-AVID, index: 2
2025-12-17 02:12:41,951 INFO [root] disperse msid: 1-0-7-B-AVSS, index: 2
2025-12-17 02:12:41,951 INFO [root] AVID retrieve called with sid: 1-0-7-B-AVID, index: 2
2025-12-17 02:12:41,951 INFO [root] disperse msid: 1-0-7-B-AVSS, index: 3
2025-12-17 02:12:41,951 INFO [root] AVID retrieve called with sid: 1-0-7-B-AVID, index: 3
2025-12-17 02:12:41,951 INFO [root] disperse msid: 2-0-7-B-AVSS, index: 2
2025-12-17 02:12:41,951 INFO [root] AVID retrieve called with sid: 2-0-7-B-AVID, index: 2
2025-12-17 02:12:41,951 INFO [root] disperse msid: 2-0-7-B-AVSS, index: 3
2025-12-17 02:12:41,951 INFO [root] AVID retrieve called with sid: 2-0-7-B-AVID, index: 3
2025-12-17 02:12:41,951 INFO [root] disperse msid: 3-0-7-B-AVSS, index: 2
2025-12-17 02:12:41,951 INFO [root] AVID retrieve called with sid: 3-0-7-B-AVID, index: 2
2025-12-17 02:12:41,951 INFO [root] disperse msid: 3-0-7-B-AVSS, index: 3
2025-12-17 02:12:41,951 INFO [root] AVID retrieve called with sid: 3-0-7-B-AVID, index: 3
2025-12-17 02:12:41,952 INFO [root] 0-0-7-B-AVSS 1 AVID retrieve msg from 28
2025-12-17 02:12:41,952 INFO [root] AVID retrieve response received
2025-12-17 02:12:41,952 INFO [root] retrieve msid: 0-0-7-B-AVID, response_index: 1
2025-12-17 02:12:41,952 INFO [root] RESPONSE from 28
2025-12-17 02:12:41,952 INFO [root] sender self.committee_size: 0
num_generators 50
padded_num_generators 64
2025-12-17 02:12:41,953 INFO [root] 0-0-7-B-AVSS 1 RETRIEVE complete.
2025-12-17 02:12:41,953 INFO [root] after avid.retrieve dispersal_msg
2025-12-17 02:12:41,953 INFO [root] Handling dealer messages for dealer_id: 0, tag: 0-0-7-B-AVSS
2025-12-17 02:12:41,953 INFO [beaver.hbacss] [PedersenCommit] invoking pyPedersenCommit...
2025-12-17 02:12:42,001 INFO [beaver.hbacss] verifier_result_json: {"verified":true}
2025-12-17 02:12:42,005 INFO [root] inner product verified successfully
num_generators 50
padded_num_generators 64
2025-12-17 02:12:42,016 INFO [root] shares verified successfully
2025-12-17 02:12:42,016 INFO [root] all_shares_valid: True
2025-12-17 02:12:42,016 INFO [root] after _handle_dealer_msgs, all_shares_valid
2025-12-17 02:12:42,016 INFO [root] self.tagvars[tag]['all_shares_valid']: True
2025-12-17 02:12:42,016 INFO [root] multicast to 28
2025-12-17 02:12:42,016 INFO [root] multicast to 29
2025-12-17 02:12:42,016 INFO [root] multicast to 30
2025-12-17 02:12:42,016 INFO [root] multicast to 31
2025-12-17 02:12:42,017 INFO [root] [1] Received OK from [29]
2025-12-17 02:12:42,017 INFO [root] [1] OK set: {29}
2025-12-17 02:12:42,017 INFO [root] output: True
2025-12-17 02:12:42,017 INFO [root] [1] Received OK from [28]
2025-12-17 02:12:42,017 INFO [root] [1] OK set: {28, 29}
2025-12-17 02:12:42,017 INFO [root] output: True
2025-12-17 02:12:42,017 INFO [root] [1] Received OK from [31]
2025-12-17 02:12:42,017 INFO [root] [1] OK set: {28, 29, 31}
2025-12-17 02:12:42,017 INFO [root] output: True
2025-12-17 02:12:42,017 INFO [root] [1] Received OK from [30]
2025-12-17 02:12:42,017 INFO [root] [1] OK set: {28, 29, 30, 31}
2025-12-17 02:12:42,017 INFO [root] output: True
2025-12-17 02:12:42,017 INFO [root] [1] exit
2025-12-17 02:12:42,017 INFO [root] 1-0-7-B-AVSS 1 AVID retrieve msg from 28
2025-12-17 02:12:42,017 INFO [root] AVID retrieve response received
2025-12-17 02:12:42,017 INFO [root] retrieve msid: 1-0-7-B-AVID, response_index: 1
2025-12-17 02:12:42,017 INFO [root] RESPONSE from 28
2025-12-17 02:12:42,017 INFO [root] sender self.committee_size: 0
2025-12-17 02:12:42,018 INFO [root] 1-0-7-B-AVSS 1 RETRIEVE complete.
2025-12-17 02:12:42,018 INFO [root] after avid.retrieve dispersal_msg
2025-12-17 02:12:42,018 INFO [root] Handling dealer messages for dealer_id: 1, tag: 1-0-7-B-AVSS
2025-12-17 02:12:42,018 INFO [beaver.hbacss] [PedersenCommit] invoking pyPedersenCommit...
2025-12-17 02:12:42,065 INFO [beaver.hbacss] verifier_result_json: {"verified":true}
2025-12-17 02:12:42,069 INFO [root] inner product verified successfully
2025-12-17 02:12:42,080 INFO [root] shares verified successfully
2025-12-17 02:12:42,080 INFO [root] all_shares_valid: True
2025-12-17 02:12:42,080 INFO [root] after _handle_dealer_msgs, all_shares_valid
2025-12-17 02:12:42,080 INFO [root] self.tagvars[tag]['all_shares_valid']: True
2025-12-17 02:12:42,080 INFO [root] multicast to 28
2025-12-17 02:12:42,080 INFO [root] multicast to 29
2025-12-17 02:12:42,080 INFO [root] multicast to 30
2025-12-17 02:12:42,080 INFO [root] multicast to 31
2025-12-17 02:12:42,080 INFO [root] 2-0-7-B-AVSS 1 AVID retrieve msg from 28
2025-12-17 02:12:42,080 INFO [root] AVID retrieve response received
2025-12-17 02:12:42,080 INFO [root] retrieve msid: 2-0-7-B-AVID, response_index: 1
2025-12-17 02:12:42,080 INFO [root] RESPONSE from 28
2025-12-17 02:12:42,081 INFO [root] sender self.committee_size: 0
2025-12-17 02:12:42,081 INFO [root] 2-0-7-B-AVSS 1 RETRIEVE complete.
2025-12-17 02:12:42,081 INFO [root] after avid.retrieve dispersal_msg
2025-12-17 02:12:42,081 INFO [root] Handling dealer messages for dealer_id: 2, tag: 2-0-7-B-AVSS
2025-12-17 02:12:42,081 INFO [beaver.hbacss] [PedersenCommit] invoking pyPedersenCommit...
num_generators 50
padded_num_generators 64
2025-12-17 02:12:42,128 INFO [beaver.hbacss] verifier_result_json: {"verified":true}
2025-12-17 02:12:42,132 INFO [root] inner product verified successfully
2025-12-17 02:12:42,143 INFO [root] shares verified successfully
2025-12-17 02:12:42,143 INFO [root] all_shares_valid: True
2025-12-17 02:12:42,143 INFO [root] after _handle_dealer_msgs, all_shares_valid
2025-12-17 02:12:42,143 INFO [root] self.tagvars[tag]['all_shares_valid']: True
2025-12-17 02:12:42,143 INFO [root] multicast to 28
2025-12-17 02:12:42,143 INFO [root] multicast to 29
2025-12-17 02:12:42,143 INFO [root] multicast to 30
2025-12-17 02:12:42,143 INFO [root] multicast to 31
2025-12-17 02:12:42,143 INFO [root] 3-0-7-B-AVSS 1 AVID retrieve msg from 28
2025-12-17 02:12:42,143 INFO [root] AVID retrieve response received
2025-12-17 02:12:42,143 INFO [root] retrieve msid: 3-0-7-B-AVID, response_index: 1
2025-12-17 02:12:42,143 INFO [root] RESPONSE from 28
2025-12-17 02:12:42,143 INFO [root] sender self.committee_size: 0
2025-12-17 02:12:42,143 INFO [root] 3-0-7-B-AVSS 1 RETRIEVE complete.
2025-12-17 02:12:42,144 INFO [root] after avid.retrieve dispersal_msg
2025-12-17 02:12:42,144 INFO [root] Handling dealer messages for dealer_id: 3, tag: 3-0-7-B-AVSS
2025-12-17 02:12:42,144 INFO [beaver.hbacss] [PedersenCommit] invoking pyPedersenCommit...
num_generators 50
padded_num_generators 64
2025-12-17 02:12:42,190 INFO [beaver.hbacss] verifier_result_json: {"verified":true}
2025-12-17 02:12:42,195 INFO [root] inner product verified successfully
2025-12-17 02:12:42,205 INFO [root] shares verified successfully
2025-12-17 02:12:42,205 INFO [root] all_shares_valid: True
2025-12-17 02:12:42,205 INFO [root] after _handle_dealer_msgs, all_shares_valid
2025-12-17 02:12:42,205 INFO [root] self.tagvars[tag]['all_shares_valid']: True
2025-12-17 02:12:42,205 INFO [root] multicast to 28
2025-12-17 02:12:42,205 INFO [root] multicast to 29
2025-12-17 02:12:42,205 INFO [root] multicast to 30
2025-12-17 02:12:42,205 INFO [root] multicast to 31
2025-12-17 02:12:42,206 INFO [root] key_proposal: [0, 1, 2, 3]
2025-12-17 02:12:42,206 INFO [beaver.batch_multiplication] [1] [random shares] Starting ACS where node 1 is set as leader 
2025-12-17 02:12:42,206 INFO [beaver.batch_multiplication] [1] [random shares] The proposal of node 1 is [0, 1, 2, 3]
2025-12-17 02:12:42,206 INFO [root] enter handle_message
2025-12-17 02:12:42,206 INFO [root] [1] I am the leader, broadcasting my input
2025-12-17 02:12:42,206 INFO [root] [1] otmvba Broadcasting to 28
2025-12-17 02:12:42,206 INFO [root] [1] otmvba Broadcasting to 29
2025-12-17 02:12:42,206 INFO [root] [1] otmvba Broadcasting to 30
2025-12-17 02:12:42,206 INFO [root] [1] otmvba Broadcasting to 31
2025-12-17 02:12:42,207 INFO [root] [1] Received OK from [29]
2025-12-17 02:12:42,207 INFO [root] [1] OK set: {29}
2025-12-17 02:12:42,207 INFO [root] output: True
2025-12-17 02:12:42,207 INFO [root] [1] Received OK from [29]
2025-12-17 02:12:42,207 INFO [root] [1] OK set: {29}
2025-12-17 02:12:42,207 INFO [root] output: True
2025-12-17 02:12:42,207 INFO [root] [1] Received OK from [29]
2025-12-17 02:12:42,207 INFO [root] [1] OK set: {29}
2025-12-17 02:12:42,207 INFO [root] output: True
2025-12-17 02:12:42,207 INFO [root] [1] Received OK from [31]
2025-12-17 02:12:42,207 INFO [root] [1] OK set: {29, 31}
2025-12-17 02:12:42,207 INFO [root] output: True
2025-12-17 02:12:42,207 INFO [root] [1] Received OK from [28]
2025-12-17 02:12:42,207 INFO [root] [1] OK set: {28, 29, 31}
2025-12-17 02:12:42,207 INFO [root] output: True
2025-12-17 02:12:42,207 INFO [root] [1] Received OK from [30]
2025-12-17 02:12:42,207 INFO [root] [1] OK set: {28, 29, 30, 31}
2025-12-17 02:12:42,207 INFO [root] output: True
2025-12-17 02:12:42,207 INFO [root] [1] exit
2025-12-17 02:12:42,207 INFO [root] [1] Received OK from [31]
2025-12-17 02:12:42,207 INFO [root] [1] OK set: {29, 31}
2025-12-17 02:12:42,207 INFO [root] output: True
2025-12-17 02:12:42,208 INFO [root] [1] Received OK from [28]
2025-12-17 02:12:42,208 INFO [root] [1] OK set: {28, 29, 31}
2025-12-17 02:12:42,208 INFO [root] output: True
2025-12-17 02:12:42,208 INFO [root] [1] Received OK from [30]
2025-12-17 02:12:42,208 INFO [root] [1] OK set: {28, 29, 30, 31}
2025-12-17 02:12:42,208 INFO [root] output: True
2025-12-17 02:12:42,208 INFO [root] [1] exit
2025-12-17 02:12:42,208 INFO [root] [1] Received OK from [31]
2025-12-17 02:12:42,208 INFO [root] [1] OK set: {29, 31}
2025-12-17 02:12:42,208 INFO [root] output: True
2025-12-17 02:12:42,208 INFO [root] [1] Received OK from [28]
2025-12-17 02:12:42,208 INFO [root] [1] OK set: {28, 29, 31}
2025-12-17 02:12:42,208 INFO [root] output: True
2025-12-17 02:12:42,208 INFO [root] [1] Received OK from [30]
2025-12-17 02:12:42,208 INFO [root] [1] OK set: {28, 29, 30, 31}
2025-12-17 02:12:42,208 INFO [root] output: True
2025-12-17 02:12:42,208 INFO [root] [1] exit
2025-12-17 02:12:42,208 INFO [root] [1] otmvba msg value
2025-12-17 02:12:42,208 INFO [root] [1] otmvba handle value message
2025-12-17 02:12:42,208 INFO [root] [1] value-self.acss_outputs.keys():dict_keys([0, 1, 2, 3])
2025-12-17 02:12:42,209 INFO [root] [1] --Directly send the proposal!--
2025-12-17 02:12:42,209 INFO [root] [1] otmvba msg prevote
2025-12-17 02:12:42,209 INFO [root] [1] otmvba handle prevote message
2025-12-17 02:12:42,217 INFO [root] [1] otmvba msg prevote
2025-12-17 02:12:42,217 INFO [root] [1] otmvba handle prevote message
2025-12-17 02:12:42,224 INFO [root] [1] otmvba msg prevote
2025-12-17 02:12:42,225 INFO [root] [1] otmvba handle prevote message
2025-12-17 02:12:42,240 INFO [root] [1] otmvba Broadcasting to 28
2025-12-17 02:12:42,240 INFO [root] [1] otmvba Broadcasting to 29
2025-12-17 02:12:42,240 INFO [root] [1] otmvba Broadcasting to 30
2025-12-17 02:12:42,240 INFO [root] [1] otmvba Broadcasting to 31
2025-12-17 02:12:42,240 INFO [root] [1] otmvba msg prevote
2025-12-17 02:12:42,240 INFO [root] [1] otmvba handle prevote message
2025-12-17 02:12:42,248 INFO [root] [1] otmvba msg PrevoteQC
2025-12-17 02:12:42,248 INFO [root] [1] otmvba handle prevote qc message
2025-12-17 02:12:42,256 INFO [root] [1] otmvba msg vote
2025-12-17 02:12:42,256 INFO [root] [1] otmvba handle vote message
2025-12-17 02:12:42,264 INFO [root] [1] otmvba msg vote
2025-12-17 02:12:42,264 INFO [root] [1] otmvba handle vote message
2025-12-17 02:12:42,271 INFO [root] [1] otmvba msg vote
2025-12-17 02:12:42,271 INFO [root] [1] otmvba handle vote message
2025-12-17 02:12:42,287 INFO [root] [1] otmvba Broadcasting to 28
2025-12-17 02:12:42,287 INFO [root] [1] otmvba Broadcasting to 29
2025-12-17 02:12:42,287 INFO [root] [1] otmvba Broadcasting to 30
2025-12-17 02:12:42,287 INFO [root] [1] otmvba Broadcasting to 31
2025-12-17 02:12:42,287 INFO [root] [1] otmvba msg vote
2025-12-17 02:12:42,287 INFO [root] [1] otmvba handle vote message
2025-12-17 02:12:42,295 INFO [root] [1] otmvba msg VoteQC
2025-12-17 02:12:42,295 INFO [root] [1] otmvba handle vote qc message
2025-12-17 02:12:42,302 INFO [root] [1] otmvba Broadcasting to 28
2025-12-17 02:12:42,302 INFO [root] [1] otmvba Broadcasting to 29
2025-12-17 02:12:42,302 INFO [root] [1] otmvba Broadcasting to 30
2025-12-17 02:12:42,302 INFO [root] [1] otmvba Broadcasting to 31
2025-12-17 02:12:42,302 INFO [root] [1] otmvba msg Terminate
2025-12-17 02:12:42,302 INFO [root] [1] otmvba handle terminate message
2025-12-17 02:12:42,310 INFO [root] [1] otmvba Broadcasting to 28
2025-12-17 02:12:42,310 INFO [root] [1] otmvba Broadcasting to 29
2025-12-17 02:12:42,310 INFO [root] [1] otmvba Broadcasting to 30
2025-12-17 02:12:42,310 INFO [root] [1] otmvba Broadcasting to 31
2025-12-17 02:12:42,310 INFO [beaver.batch_multiplication] [1] [random shares] The ACS set is [0, 1, 2, 3]
2025-12-17 02:12:42,310 INFO [root] common: [0, 1, 2, 3]
2025-12-17 02:12:42,343 INFO [beaver.batch_multiplication] [1] [asynchronous batch multiplication] Finished! Node 1, total number: 50, time: 0.4075169563293457 (seconds)
2025-12-17 02:12:42,343 INFO [root] layer ID: 7 mul_foll_time: 0.4087636470794678
2025-12-17 02:12:42,343 INFO [root] layer ID: 7 trusted_verification_time: 7.722640037536621
2025-12-17 02:12:42,343 INFO [root] layer ID: 7 raw_proofs length: 50
2025-12-17 02:12:42,343 INFO [root] [Layer 7] Sending shares to sender 28
2025-12-17 02:12:42,343 INFO [root] [Layer 7] Sending shares to sender 29
2025-12-17 02:12:42,343 INFO [root] [Layer 7] Sending shares to sender 30
2025-12-17 02:12:42,343 INFO [root] [Layer 7] Sending shares to sender 31
2025-12-17 02:12:42,418 INFO [root] layer ID: 7 reconstructed trans_values length: 50
2025-12-17 02:12:42,419 INFO [root] layer ID: 7 layer_time: 7.798338890075684
my_send_id: 29 exec_time: 12.806488037109375
2025-12-17 02:12:52,420 INFO [root] [1] Bytes Sent: TR7:303570 which is 31.335%
2025-12-17 02:12:52,420 INFO [root] [1] Bytes Sent: M7:653300 which is 67.435%
2025-12-17 02:12:52,420 INFO [root] [1] Bytes Sent: RR_:11910 which is 1.229%
2025-12-17 02:12:52,420 INFO [root] [1] Total bytes sent out aa: 968780
2025-12-17 02:12:52,421 INFO [benchmark_logger] Total bytes sent out: 968780
2025-12-17 02:12:52,429 ERROR [asyncio] Task was destroyed but it is pending!
task: <Task pending name='Task-35' coro=<subscribe_recv.<locals>._recv_loop() running at /opt/dumbo-mpc/dumbo-mpc/AsyRanTriGen/beaver/utils/misc.py:89> wait_for=<Future pending cb=[<TaskWakeupMethWrapper object at 0x7f43796d92e0>()]>>
Exception ignored in: <coroutine object subscribe_recv.<locals>._recv_loop at 0x7f437d20bbc0>
Traceback (most recent call last):
  File "/opt/dumbo-mpc/dumbo-mpc/AsyRanTriGen/beaver/utils/misc.py", line 89, in _recv_loop
    j, (tag, o) = await recv()
  File "/usr/lib/python3.8/asyncio/queues.py", line 165, in get
    getter.cancel()  # Just in case getter is not done yet.
  File "uvloop/loop.pyx", line 1281, in uvloop.loop.Loop.call_soon
  File "uvloop/loop.pyx", line 669, in uvloop.loop.Loop._call_soon
  File "uvloop/loop.pyx", line 678, in uvloop.loop.Loop._call_soon_handle
  File "uvloop/loop.pyx", line 673, in uvloop.loop.Loop._append_ready_handle
  File "uvloop/loop.pyx", line 705, in uvloop.loop.Loop._check_closed
RuntimeError: Event loop is closed
2025-12-17 02:12:52,430 ERROR [asyncio] Task was destroyed but it is pending!
task: <Task pending name='Task-37' coro=<subscribe_recv.<locals>._recv_loop() running at /opt/dumbo-mpc/dumbo-mpc/AsyRanTriGen/beaver/utils/misc.py:89> wait_for=<Future pending cb=[<TaskWakeupMethWrapper object at 0x7f437a92dd00>()]>>
Exception ignored in: <coroutine object subscribe_recv.<locals>._recv_loop at 0x7f437a959040>
Traceback (most recent call last):
  File "/opt/dumbo-mpc/dumbo-mpc/AsyRanTriGen/beaver/utils/misc.py", line 89, in _recv_loop
    j, (tag, o) = await recv()
  File "/usr/lib/python3.8/asyncio/queues.py", line 165, in get
    getter.cancel()  # Just in case getter is not done yet.
  File "uvloop/loop.pyx", line 1281, in uvloop.loop.Loop.call_soon
  File "uvloop/loop.pyx", line 669, in uvloop.loop.Loop._call_soon
  File "uvloop/loop.pyx", line 678, in uvloop.loop.Loop._call_soon_handle
  File "uvloop/loop.pyx", line 673, in uvloop.loop.Loop._append_ready_handle
  File "uvloop/loop.pyx", line 705, in uvloop.loop.Loop._check_closed
RuntimeError: Event loop is closed
2025-12-17 02:12:52,431 ERROR [asyncio] Task was destroyed but it is pending!
task: <Task pending name='Task-49' coro=<OptimalCommonSet.fallback_timer() running at /opt/dumbo-mpc/dumbo-mpc/AsyRanTriGen/beaver/broadcast/otmvba_dyn.py:71> wait_for=<Future pending cb=[<TaskWakeupMethWrapper object at 0x7f437a910bb0>()]>>
2025-12-17 02:12:52,431 ERROR [asyncio] Task was destroyed but it is pending!
task: <Task pending name='Task-50' coro=<subscribe_recv.<locals>._recv_loop() running at /opt/dumbo-mpc/dumbo-mpc/AsyRanTriGen/beaver/utils/misc.py:89> wait_for=<Future pending cb=[<TaskWakeupMethWrapper object at 0x7f437a953940>()]>>
2025-12-17 02:12:52,431 ERROR [asyncio] Task was destroyed but it is pending!
task: <Task pending name='Task-52' coro=<subscribe_recv.<locals>._recv_loop() running at /opt/dumbo-mpc/dumbo-mpc/AsyRanTriGen/beaver/utils/misc.py:89> wait_for=<Future pending cb=[<TaskWakeupMethWrapper object at 0x7f437a92deb0>()]>>
2025-12-17 02:12:52,431 ERROR [asyncio] Task was destroyed but it is pending!
task: <Task pending name='Task-60' coro=<ACSS_Foll._recv_loop() running at /opt/dumbo-mpc/dumbo-mpc/AsyRanTriGen/beaver/hbacss.py:3694> wait_for=<Future pending cb=[<TaskWakeupMethWrapper object at 0x7f437a9708e0>()]>>
Exception ignored in: <coroutine object subscribe_recv.<locals>._recv_loop at 0x7f437a9590c0>
Traceback (most recent call last):
  File "/opt/dumbo-mpc/dumbo-mpc/AsyRanTriGen/beaver/utils/misc.py", line 89, in _recv_loop
    j, (tag, o) = await recv()
  File "/usr/lib/python3.8/asyncio/queues.py", line 165, in get
    getter.cancel()  # Just in case getter is not done yet.
  File "uvloop/loop.pyx", line 1281, in uvloop.loop.Loop.call_soon
  File "uvloop/loop.pyx", line 669, in uvloop.loop.Loop._call_soon
  File "uvloop/loop.pyx", line 678, in uvloop.loop.Loop._call_soon_handle
  File "uvloop/loop.pyx", line 673, in uvloop.loop.Loop._append_ready_handle
  File "uvloop/loop.pyx", line 705, in uvloop.loop.Loop._check_closed
RuntimeError: Event loop is closed
Exception ignored in: <coroutine object subscribe_recv.<locals>._recv_loop at 0x7f437a955ec0>
Traceback (most recent call last):
  File "/opt/dumbo-mpc/dumbo-mpc/AsyRanTriGen/beaver/utils/misc.py", line 89, in _recv_loop
    j, (tag, o) = await recv()
  File "/usr/lib/python3.8/asyncio/queues.py", line 165, in get
    getter.cancel()  # Just in case getter is not done yet.
  File "uvloop/loop.pyx", line 1281, in uvloop.loop.Loop.call_soon
  File "uvloop/loop.pyx", line 669, in uvloop.loop.Loop._call_soon
  File "uvloop/loop.pyx", line 678, in uvloop.loop.Loop._call_soon_handle
  File "uvloop/loop.pyx", line 673, in uvloop.loop.Loop._append_ready_handle
  File "uvloop/loop.pyx", line 705, in uvloop.loop.Loop._check_closed
RuntimeError: Event loop is closed
Exception ignored in: <coroutine object ACSS_Foll._recv_loop at 0x7f437a902e40>
Traceback (most recent call last):
  File "/opt/dumbo-mpc/dumbo-mpc/AsyRanTriGen/beaver/hbacss.py", line 3694, in _recv_loop
    await avid.disperse(tag, self.my_id, dispersal_msg_list)
  File "/opt/dumbo-mpc/dumbo-mpc/AsyRanTriGen/beaver/broadcast/avid.py", line 461, in disperse
    sender, msg = await self.recv()
  File "/usr/lib/python3.8/asyncio/queues.py", line 165, in get
    getter.cancel()  # Just in case getter is not done yet.
  File "uvloop/loop.pyx", line 1281, in uvloop.loop.Loop.call_soon
  File "uvloop/loop.pyx", line 669, in uvloop.loop.Loop._call_soon
  File "uvloop/loop.pyx", line 678, in uvloop.loop.Loop._call_soon_handle
  File "uvloop/loop.pyx", line 673, in uvloop.loop.Loop._append_ready_handle
  File "uvloop/loop.pyx", line 705, in uvloop.loop.Loop._check_closed
RuntimeError: Event loop is closed
2025-12-17 02:12:52,433 ERROR [asyncio] Task was destroyed but it is pending!
task: <Task pending name='Task-61' coro=<subscribe_recv.<locals>._recv_loop() running at /opt/dumbo-mpc/dumbo-mpc/AsyRanTriGen/beaver/utils/misc.py:89> wait_for=<Future pending cb=[<TaskWakeupMethWrapper object at 0x7f437d225790>()]>>
2025-12-17 02:12:52,433 ERROR [asyncio] Task was destroyed but it is pending!
task: <Task pending name='Task-39' coro=<subscribe_recv.<locals>._recv_loop() running at /opt/dumbo-mpc/dumbo-mpc/AsyRanTriGen/beaver/utils/misc.py:89> wait_for=<Future pending cb=[<TaskWakeupMethWrapper object at 0x7f437a953eb0>()]>>
2025-12-17 02:12:52,433 ERROR [asyncio] Task was destroyed but it is pending!
task: <Task pending name='Task-48' coro=<subscribe_recv.<locals>._recv_loop() running at /opt/dumbo-mpc/dumbo-mpc/AsyRanTriGen/beaver/utils/misc.py:89> wait_for=<Future pending cb=[<TaskWakeupMethWrapper object at 0x7f437a907a60>()]>>
2025-12-17 02:12:52,433 ERROR [asyncio] Task was destroyed but it is pending!
task: <Task pending name='Task-58' coro=<ACSS_Foll._recv_loop() running at /opt/dumbo-mpc/dumbo-mpc/AsyRanTriGen/beaver/hbacss.py:3696> wait_for=<Future pending cb=[<TaskWakeupMethWrapper object at 0x7f437a92de80>()]>>
2025-12-17 02:12:52,433 ERROR [asyncio] Task was destroyed but it is pending!
task: <Task pending name='Task-57' coro=<ACSS_Foll._recv_loop() running at /opt/dumbo-mpc/dumbo-mpc/AsyRanTriGen/beaver/hbacss.py:3696> wait_for=<Future pending cb=[<TaskWakeupMethWrapper object at 0x7f437a9321c0>()]>>
2025-12-17 02:12:52,433 ERROR [asyncio] Task was destroyed but it is pending!
task: <Task pending name='Task-59' coro=<ACSS_Foll._recv_loop() running at /opt/dumbo-mpc/dumbo-mpc/AsyRanTriGen/beaver/hbacss.py:3694> wait_for=<Future pending cb=[<TaskWakeupMethWrapper object at 0x7f437a9324c0>()]>>
Exception ignored in: <coroutine object subscribe_recv.<locals>._recv_loop at 0x7f437a059840>
Traceback (most recent call last):
  File "/opt/dumbo-mpc/dumbo-mpc/AsyRanTriGen/beaver/utils/misc.py", line 89, in _recv_loop
    j, (tag, o) = await recv()
  File "/usr/lib/python3.8/asyncio/queues.py", line 165, in get
    getter.cancel()  # Just in case getter is not done yet.
  File "uvloop/loop.pyx", line 1281, in uvloop.loop.Loop.call_soon
  File "uvloop/loop.pyx", line 669, in uvloop.loop.Loop._call_soon
  File "uvloop/loop.pyx", line 678, in uvloop.loop.Loop._call_soon_handle
  File "uvloop/loop.pyx", line 673, in uvloop.loop.Loop._append_ready_handle
  File "uvloop/loop.pyx", line 705, in uvloop.loop.Loop._check_closed
RuntimeError: Event loop is closed
Exception ignored in: <coroutine object subscribe_recv.<locals>._recv_loop at 0x7f437a955f40>
Traceback (most recent call last):
  File "/opt/dumbo-mpc/dumbo-mpc/AsyRanTriGen/beaver/utils/misc.py", line 89, in _recv_loop
    j, (tag, o) = await recv()
  File "/usr/lib/python3.8/asyncio/queues.py", line 165, in get
    getter.cancel()  # Just in case getter is not done yet.
  File "uvloop/loop.pyx", line 1281, in uvloop.loop.Loop.call_soon
  File "uvloop/loop.pyx", line 669, in uvloop.loop.Loop._call_soon
  File "uvloop/loop.pyx", line 678, in uvloop.loop.Loop._call_soon_handle
  File "uvloop/loop.pyx", line 673, in uvloop.loop.Loop._append_ready_handle
  File "uvloop/loop.pyx", line 705, in uvloop.loop.Loop._check_closed
RuntimeError: Event loop is closed
Exception ignored in: <coroutine object subscribe_recv.<locals>._recv_loop at 0x7f437a96e540>
Traceback (most recent call last):
  File "/opt/dumbo-mpc/dumbo-mpc/AsyRanTriGen/beaver/utils/misc.py", line 89, in _recv_loop
    j, (tag, o) = await recv()
  File "/usr/lib/python3.8/asyncio/queues.py", line 165, in get
    getter.cancel()  # Just in case getter is not done yet.
  File "uvloop/loop.pyx", line 1281, in uvloop.loop.Loop.call_soon
  File "uvloop/loop.pyx", line 669, in uvloop.loop.Loop._call_soon
  File "uvloop/loop.pyx", line 678, in uvloop.loop.Loop._call_soon_handle
  File "uvloop/loop.pyx", line 673, in uvloop.loop.Loop._append_ready_handle
  File "uvloop/loop.pyx", line 705, in uvloop.loop.Loop._check_closed
RuntimeError: Event loop is closed
Exception ignored in: <coroutine object ACSS_Foll._recv_loop at 0x7f437a902d40>
Traceback (most recent call last):
  File "/opt/dumbo-mpc/dumbo-mpc/AsyRanTriGen/beaver/hbacss.py", line 3696, in _recv_loop
    await avid.disperse(tag, self.my_id+1, dispersal_msg_list)
  File "/opt/dumbo-mpc/dumbo-mpc/AsyRanTriGen/beaver/broadcast/avid.py", line 461, in disperse
    sender, msg = await self.recv()
  File "/usr/lib/python3.8/asyncio/queues.py", line 165, in get
    getter.cancel()  # Just in case getter is not done yet.
  File "uvloop/loop.pyx", line 1281, in uvloop.loop.Loop.call_soon
  File "uvloop/loop.pyx", line 669, in uvloop.loop.Loop._call_soon
  File "uvloop/loop.pyx", line 678, in uvloop.loop.Loop._call_soon_handle
  File "uvloop/loop.pyx", line 673, in uvloop.loop.Loop._append_ready_handle
  File "uvloop/loop.pyx", line 705, in uvloop.loop.Loop._check_closed
RuntimeError: Event loop is closed
Exception ignored in: <coroutine object ACSS_Foll._recv_loop at 0x7f437a902bc0>
Traceback (most recent call last):
  File "/opt/dumbo-mpc/dumbo-mpc/AsyRanTriGen/beaver/hbacss.py", line 3696, in _recv_loop
    await avid.disperse(tag, self.my_id+1, dispersal_msg_list)
  File "/opt/dumbo-mpc/dumbo-mpc/AsyRanTriGen/beaver/broadcast/avid.py", line 461, in disperse
    sender, msg = await self.recv()
  File "/usr/lib/python3.8/asyncio/queues.py", line 165, in get
    getter.cancel()  # Just in case getter is not done yet.
  File "uvloop/loop.pyx", line 1281, in uvloop.loop.Loop.call_soon
  File "uvloop/loop.pyx", line 669, in uvloop.loop.Loop._call_soon
  File "uvloop/loop.pyx", line 678, in uvloop.loop.Loop._call_soon_handle
  File "uvloop/loop.pyx", line 673, in uvloop.loop.Loop._append_ready_handle
  File "uvloop/loop.pyx", line 705, in uvloop.loop.Loop._check_closed
RuntimeError: Event loop is closed
Exception ignored in: <coroutine object ACSS_Foll._recv_loop at 0x7f437a9029c0>
Traceback (most recent call last):
  File "/opt/dumbo-mpc/dumbo-mpc/AsyRanTriGen/beaver/hbacss.py", line 3694, in _recv_loop
    await avid.disperse(tag, self.my_id, dispersal_msg_list)
  File "/opt/dumbo-mpc/dumbo-mpc/AsyRanTriGen/beaver/broadcast/avid.py", line 461, in disperse
    sender, msg = await self.recv()
  File "/usr/lib/python3.8/asyncio/queues.py", line 165, in get
    getter.cancel()  # Just in case getter is not done yet.
  File "uvloop/loop.pyx", line 1281, in uvloop.loop.Loop.call_soon
  File "uvloop/loop.pyx", line 669, in uvloop.loop.Loop._call_soon
  File "uvloop/loop.pyx", line 678, in uvloop.loop.Loop._call_soon_handle
  File "uvloop/loop.pyx", line 673, in uvloop.loop.Loop._append_ready_handle
  File "uvloop/loop.pyx", line 705, in uvloop.loop.Loop._check_closed
RuntimeError: Event loop is closed
2025-12-17 02:12:52,438 ERROR [asyncio] Task was destroyed but it is pending!
task: <Task pending name='Task-47' coro=<ACSS_Foll._recv_loop() running at /opt/dumbo-mpc/dumbo-mpc/AsyRanTriGen/beaver/hbacss.py:3694> wait_for=<Future pending cb=[<TaskWakeupMethWrapper object at 0x7f437a970c40>()]>>
Exception ignored in: <coroutine object ACSS_Foll._recv_loop at 0x7f437a959a40>
Traceback (most recent call last):
  File "/opt/dumbo-mpc/dumbo-mpc/AsyRanTriGen/beaver/hbacss.py", line 3694, in _recv_loop
    await avid.disperse(tag, self.my_id, dispersal_msg_list)
  File "/opt/dumbo-mpc/dumbo-mpc/AsyRanTriGen/beaver/broadcast/avid.py", line 461, in disperse
    sender, msg = await self.recv()
  File "/usr/lib/python3.8/asyncio/queues.py", line 165, in get
    getter.cancel()  # Just in case getter is not done yet.
  File "uvloop/loop.pyx", line 1281, in uvloop.loop.Loop.call_soon
  File "uvloop/loop.pyx", line 669, in uvloop.loop.Loop._call_soon
  File "uvloop/loop.pyx", line 678, in uvloop.loop.Loop._call_soon_handle
  File "uvloop/loop.pyx", line 673, in uvloop.loop.Loop._append_ready_handle
  File "uvloop/loop.pyx", line 705, in uvloop.loop.Loop._check_closed
RuntimeError: Event loop is closed
2025-12-17 02:12:52,439 ERROR [asyncio] Task was destroyed but it is pending!
task: <Task pending name='Task-62' coro=<OptimalCommonSet.fallback_timer() running at /opt/dumbo-mpc/dumbo-mpc/AsyRanTriGen/beaver/broadcast/otmvba_dyn.py:71> wait_for=<Future pending cb=[<TaskWakeupMethWrapper object at 0x7f437a953970>()]>>
2025-12-17 02:12:52,439 ERROR [asyncio] Task was destroyed but it is pending!
task: <Task pending name='Task-44' coro=<ACSS_Foll._recv_loop() running at /opt/dumbo-mpc/dumbo-mpc/AsyRanTriGen/beaver/hbacss.py:3694> wait_for=<Future pending cb=[<TaskWakeupMethWrapper object at 0x7f437a953df0>()]>>
2025-12-17 02:12:52,439 ERROR [asyncio] Task was destroyed but it is pending!
task: <Task pending name='Task-45' coro=<ACSS_Foll._recv_loop() running at /opt/dumbo-mpc/dumbo-mpc/AsyRanTriGen/beaver/hbacss.py:3696> wait_for=<Future pending cb=[<TaskWakeupMethWrapper object at 0x7f437a95cb50>()]>>
2025-12-17 02:12:52,439 ERROR [asyncio] Task was destroyed but it is pending!
task: <Task pending name='Task-46' coro=<ACSS_Foll._recv_loop() running at /opt/dumbo-mpc/dumbo-mpc/AsyRanTriGen/beaver/hbacss.py:3696> wait_for=<Future pending cb=[<TaskWakeupMethWrapper object at 0x7f437a95c4c0>()]>>
Exception ignored in: <coroutine object ACSS_Foll._recv_loop at 0x7f437a955a40>
Traceback (most recent call last):
  File "/opt/dumbo-mpc/dumbo-mpc/AsyRanTriGen/beaver/hbacss.py", line 3694, in _recv_loop
    await avid.disperse(tag, self.my_id, dispersal_msg_list)
  File "/opt/dumbo-mpc/dumbo-mpc/AsyRanTriGen/beaver/broadcast/avid.py", line 461, in disperse
    sender, msg = await self.recv()
  File "/usr/lib/python3.8/asyncio/queues.py", line 165, in get
    getter.cancel()  # Just in case getter is not done yet.
  File "uvloop/loop.pyx", line 1281, in uvloop.loop.Loop.call_soon
  File "uvloop/loop.pyx", line 669, in uvloop.loop.Loop._call_soon
  File "uvloop/loop.pyx", line 678, in uvloop.loop.Loop._call_soon_handle
  File "uvloop/loop.pyx", line 673, in uvloop.loop.Loop._append_ready_handle
  File "uvloop/loop.pyx", line 705, in uvloop.loop.Loop._check_closed
RuntimeError: Event loop is closed
Exception ignored in: <coroutine object ACSS_Foll._recv_loop at 0x7f437a955c40>
Traceback (most recent call last):
  File "/opt/dumbo-mpc/dumbo-mpc/AsyRanTriGen/beaver/hbacss.py", line 3696, in _recv_loop
    await avid.disperse(tag, self.my_id+1, dispersal_msg_list)
  File "/opt/dumbo-mpc/dumbo-mpc/AsyRanTriGen/beaver/broadcast/avid.py", line 461, in disperse
    sender, msg = await self.recv()
  File "/usr/lib/python3.8/asyncio/queues.py", line 165, in get
    getter.cancel()  # Just in case getter is not done yet.
  File "uvloop/loop.pyx", line 1281, in uvloop.loop.Loop.call_soon
  File "uvloop/loop.pyx", line 669, in uvloop.loop.Loop._call_soon
  File "uvloop/loop.pyx", line 678, in uvloop.loop.Loop._call_soon_handle
  File "uvloop/loop.pyx", line 673, in uvloop.loop.Loop._append_ready_handle
  File "uvloop/loop.pyx", line 705, in uvloop.loop.Loop._check_closed
RuntimeError: Event loop is closed
Exception ignored in: <coroutine object ACSS_Foll._recv_loop at 0x7f437a9593c0>
Traceback (most recent call last):
  File "/opt/dumbo-mpc/dumbo-mpc/AsyRanTriGen/beaver/hbacss.py", line 3696, in _recv_loop
    await avid.disperse(tag, self.my_id+1, dispersal_msg_list)
  File "/opt/dumbo-mpc/dumbo-mpc/AsyRanTriGen/beaver/broadcast/avid.py", line 461, in disperse
    sender, msg = await self.recv()
  File "/usr/lib/python3.8/asyncio/queues.py", line 165, in get
    getter.cancel()  # Just in case getter is not done yet.
  File "uvloop/loop.pyx", line 1281, in uvloop.loop.Loop.call_soon
  File "uvloop/loop.pyx", line 669, in uvloop.loop.Loop._call_soon
  File "uvloop/loop.pyx", line 678, in uvloop.loop.Loop._call_soon_handle
  File "uvloop/loop.pyx", line 673, in uvloop.loop.Loop._append_ready_handle
  File "uvloop/loop.pyx", line 705, in uvloop.loop.Loop._check_closed
RuntimeError: Event loop is closed
