Warning: Permanently added '111.229.141.164' (ECDSA) to the list of known hosts.
Creating dumbo-mpc_dumbo-mpc_run ... 
Creating dumbo-mpc_dumbo-mpc_run ... done
2025-12-17 02:12:33,975 INFO [root] Running ADMPC ...
2025-12-17 02:12:34,735 INFO [root] my_send_id: 18
2025-12-17 02:12:34,740 INFO [root] ADMPC start time: 1765937554.740945
2025-12-17 02:12:34,741 INFO [root] [Layer 4] Reached run_admpc checkpoint
2025-12-17 02:12:34,742 INFO [beaver.transfer] [2] Starting DynamicTransfer_Foll
2025-12-17 02:12:34,742 INFO [beaver.transfer] [2] Starting ACSS to share 50 secrets
2025-12-17 02:12:34,742 INFO [root] [2] Starting Batch AVSS. Id: 0, Dealer Id: 0, Client Mode: False
2025-12-17 02:12:34,742 INFO [root] [2] AVSS tag: 0-0-4-B-AVSS
2025-12-17 02:12:34,743 INFO [root] [2] RBC tag: 0-0-4-B-RBC
2025-12-17 02:12:34,743 INFO [root] [2] Starting AVSS with shares_num: 50, dealer_id: 0, client_mode: False
2025-12-17 02:12:34,743 INFO [root] rbc_list: [12, 16, 17, 18, 19]
2025-12-17 02:12:34,743 INFO [root] committee_size: 4
2025-12-17 02:12:34,743 INFO [root] n: 5
2025-12-17 02:12:34,743 INFO [root] f: 1
2025-12-17 02:12:34,744 INFO [root] pid: 3
2025-12-17 02:12:34,744 INFO [root] leader: 0
2025-12-17 02:12:34,744 INFO [root] [2] Starting Batch AVSS. Id: 0, Dealer Id: 1, Client Mode: False
2025-12-17 02:12:34,744 INFO [root] [2] AVSS tag: 1-0-4-B-AVSS
2025-12-17 02:12:34,744 INFO [root] [2] RBC tag: 1-0-4-B-RBC
2025-12-17 02:12:34,745 INFO [root] [2] Starting AVSS with shares_num: 50, dealer_id: 1, client_mode: False
2025-12-17 02:12:34,745 INFO [root] rbc_list: [13, 16, 17, 18, 19]
2025-12-17 02:12:34,745 INFO [root] committee_size: 4
2025-12-17 02:12:34,745 INFO [root] n: 5
2025-12-17 02:12:34,746 INFO [root] f: 1
2025-12-17 02:12:34,746 INFO [root] pid: 3
2025-12-17 02:12:34,746 INFO [root] leader: 1
2025-12-17 02:12:34,747 INFO [root] [2] Starting Batch AVSS. Id: 0, Dealer Id: 2, Client Mode: False
2025-12-17 02:12:34,747 INFO [root] [2] AVSS tag: 2-0-4-B-AVSS
2025-12-17 02:12:34,747 INFO [root] [2] RBC tag: 2-0-4-B-RBC
2025-12-17 02:12:34,747 INFO [root] [2] Starting AVSS with shares_num: 50, dealer_id: 2, client_mode: False
2025-12-17 02:12:34,747 INFO [root] rbc_list: [14, 16, 17, 18, 19]
2025-12-17 02:12:34,748 INFO [root] committee_size: 4
2025-12-17 02:12:34,748 INFO [root] n: 5
2025-12-17 02:12:34,748 INFO [root] f: 1
2025-12-17 02:12:34,748 INFO [root] pid: 3
2025-12-17 02:12:34,748 INFO [root] leader: 2
2025-12-17 02:12:34,748 INFO [root] [2] Starting Batch AVSS. Id: 0, Dealer Id: 3, Client Mode: False
2025-12-17 02:12:34,748 INFO [root] [2] AVSS tag: 3-0-4-B-AVSS
2025-12-17 02:12:34,749 INFO [root] [2] RBC tag: 3-0-4-B-RBC
2025-12-17 02:12:34,749 INFO [root] [2] Starting AVSS with shares_num: 50, dealer_id: 3, client_mode: False
2025-12-17 02:12:34,749 INFO [root] rbc_list: [15, 16, 17, 18, 19]
2025-12-17 02:12:34,749 INFO [root] committee_size: 4
2025-12-17 02:12:34,749 INFO [root] n: 5
2025-12-17 02:12:34,749 INFO [root] f: 1
2025-12-17 02:12:34,749 INFO [root] pid: 2
2025-12-17 02:12:34,750 INFO [root] leader: 3
2025-12-17 02:12:38,040 INFO [root] [3] Received VAL message from 13
2025-12-17 02:12:38,040 INFO [root] entering n == commitee_size + 1
2025-12-17 02:12:38,040 INFO [root] [3] sender: 13, leader: 1
2025-12-17 02:12:38,040 INFO [root] [3] Successfully validated VAL message
2025-12-17 02:12:38,040 INFO [root] [3] Broadcasted ECHO message for roothash b'\xbd\x194\xe7L\x19\xf1\xa5\x9a\x87\xd6I/Y\xadx\x1f;K\xe1\n%\xef\xb6\xf6\x18J\x18\x1d\x0ba\x12'
2025-12-17 02:12:38,040 INFO [root] broadcast Sending to 1: 16
2025-12-17 02:12:38,040 INFO [root] broadcast Sending to 2: 17
2025-12-17 02:12:38,040 INFO [root] broadcast Sending to 3: 18
2025-12-17 02:12:38,040 INFO [root] broadcast Sending to 4: 19
2025-12-17 02:12:38,040 INFO [root] [3] Received VAL message from 14
2025-12-17 02:12:38,040 INFO [root] entering n == commitee_size + 1
2025-12-17 02:12:38,040 INFO [root] [3] sender: 14, leader: 2
2025-12-17 02:12:38,040 INFO [root] [3] Successfully validated VAL message
2025-12-17 02:12:38,040 INFO [root] [3] Broadcasted ECHO message for roothash b'hOQ\x13&\xbf\xc7]\xad]\xc2\xf8\x12jh\x15\xb2\xcfO\xdb\x1a\xa0\xbf\xa0J\xf0\xe7\xa5\xe1\xfe\x9d\xb8'
2025-12-17 02:12:38,040 INFO [root] broadcast Sending to 1: 16
2025-12-17 02:12:38,040 INFO [root] broadcast Sending to 2: 17
2025-12-17 02:12:38,040 INFO [root] broadcast Sending to 3: 18
2025-12-17 02:12:38,040 INFO [root] broadcast Sending to 4: 19
2025-12-17 02:12:38,040 INFO [root] [3] Received ECHO message from 18
2025-12-17 02:12:38,041 INFO [root] [3] Received ECHO message from 18
2025-12-17 02:12:38,041 INFO [root] [3] Received ECHO message from 19
2025-12-17 02:12:38,041 INFO [root] [3] Received ECHO message from 17
2025-12-17 02:12:38,042 INFO [root] [3] Broadcasted READY message for roothash b'\xbd\x194\xe7L\x19\xf1\xa5\x9a\x87\xd6I/Y\xadx\x1f;K\xe1\n%\xef\xb6\xf6\x18J\x18\x1d\x0ba\x12'
2025-12-17 02:12:38,042 INFO [root] broadcast Sending to 1: 16
2025-12-17 02:12:38,042 INFO [root] broadcast Sending to 2: 17
2025-12-17 02:12:38,042 INFO [root] broadcast Sending to 3: 18
2025-12-17 02:12:38,042 INFO [root] broadcast Sending to 4: 19
2025-12-17 02:12:38,042 INFO [root] [3] Received ECHO message from 17
2025-12-17 02:12:38,042 INFO [root] [3] Received ECHO message from 16
2025-12-17 02:12:38,042 INFO [root] [3] Received ECHO message from 19
2025-12-17 02:12:38,042 INFO [root] [3] Broadcasted READY message for roothash b'hOQ\x13&\xbf\xc7]\xad]\xc2\xf8\x12jh\x15\xb2\xcfO\xdb\x1a\xa0\xbf\xa0J\xf0\xe7\xa5\xe1\xfe\x9d\xb8'
2025-12-17 02:12:38,042 INFO [root] broadcast Sending to 1: 16
2025-12-17 02:12:38,042 INFO [root] broadcast Sending to 2: 17
2025-12-17 02:12:38,042 INFO [root] broadcast Sending to 3: 18
2025-12-17 02:12:38,042 INFO [root] broadcast Sending to 4: 19
2025-12-17 02:12:38,042 INFO [root] [3] Received ECHO message from 16
2025-12-17 02:12:38,043 INFO [root] [3] Received READY message from 18
2025-12-17 02:12:38,043 INFO [root] [3] Received READY message from 18
2025-12-17 02:12:38,043 INFO [root] [3] Received VAL message from 12
2025-12-17 02:12:38,043 INFO [root] entering n == commitee_size + 1
2025-12-17 02:12:38,043 INFO [root] [3] sender: 12, leader: 0
2025-12-17 02:12:38,043 INFO [root] [3] Successfully validated VAL message
2025-12-17 02:12:38,043 INFO [root] [3] Broadcasted ECHO message for roothash b'Aw\x05f\td\x96\xdf%\x15\x9e|@\x03\x03@x/\xf0\x9f*7\xca\xe2U9[A\xe4Su\xe0'
2025-12-17 02:12:38,043 INFO [root] broadcast Sending to 1: 16
2025-12-17 02:12:38,043 INFO [root] broadcast Sending to 2: 17
2025-12-17 02:12:38,043 INFO [root] broadcast Sending to 3: 18
2025-12-17 02:12:38,043 INFO [root] broadcast Sending to 4: 19
2025-12-17 02:12:38,043 INFO [root] [3] Received ECHO message from 18
2025-12-17 02:12:38,043 INFO [root] [3] Received READY message from 16
2025-12-17 02:12:38,044 INFO [root] [3] Received READY message from 17
2025-12-17 02:12:38,044 INFO [root] Decoding output for roothash: b'\xbd\x194\xe7L\x19\xf1\xa5\x9a\x87\xd6I/Y\xadx\x1f;K\xe1\n%\xef\xb6\xf6\x18J\x18\x1d\x0ba\x12'
2025-12-17 02:12:38,044 INFO [root] [2] Received RBC message
2025-12-17 02:12:38,044 INFO [root] multicast list: [16, 17, 18, 19]
2025-12-17 02:12:38,044 INFO [root] before avid.retrieve
2025-12-17 02:12:38,044 INFO [root] [3] Received READY message from 16
2025-12-17 02:12:38,044 INFO [root] [3] Received READY message from 17
2025-12-17 02:12:38,044 INFO [root] Decoding output for roothash: b'hOQ\x13&\xbf\xc7]\xad]\xc2\xf8\x12jh\x15\xb2\xcfO\xdb\x1a\xa0\xbf\xa0J\xf0\xe7\xa5\xe1\xfe\x9d\xb8'
2025-12-17 02:12:38,044 INFO [root] [2] Received RBC message
2025-12-17 02:12:38,044 INFO [root] multicast list: [16, 17, 18, 19]
2025-12-17 02:12:38,044 INFO [root] before avid.retrieve
2025-12-17 02:12:38,045 INFO [root] [2] Received VAL message from 15
2025-12-17 02:12:38,045 INFO [root] entering n == commitee_size + 1
2025-12-17 02:12:38,045 INFO [root] [2] sender: 15, leader: 3
2025-12-17 02:12:38,045 INFO [root] [2] Successfully validated VAL message
2025-12-17 02:12:38,045 INFO [root] [2] Broadcasted ECHO message for roothash b'v\xb7\xe7?x\x92\xd9\x84\x86*-\xe3{;\x8blw%\xe3zh\xde\xcaY\xefZXKd\xa4\xcd)'
2025-12-17 02:12:38,045 INFO [root] broadcast Sending to 1: 16
2025-12-17 02:12:38,045 INFO [root] broadcast Sending to 2: 17
2025-12-17 02:12:38,045 INFO [root] broadcast Sending to 3: 18
2025-12-17 02:12:38,045 INFO [root] broadcast Sending to 4: 19
2025-12-17 02:12:38,045 INFO [root] [3] Received ECHO message from 16
2025-12-17 02:12:38,045 INFO [root] [3] Received ECHO message from 17
2025-12-17 02:12:38,045 INFO [root] [3] Broadcasted READY message for roothash b'Aw\x05f\td\x96\xdf%\x15\x9e|@\x03\x03@x/\xf0\x9f*7\xca\xe2U9[A\xe4Su\xe0'
2025-12-17 02:12:38,045 INFO [root] broadcast Sending to 1: 16
2025-12-17 02:12:38,045 INFO [root] broadcast Sending to 2: 17
2025-12-17 02:12:38,045 INFO [root] broadcast Sending to 3: 18
2025-12-17 02:12:38,045 INFO [root] broadcast Sending to 4: 19
2025-12-17 02:12:38,046 INFO [root] [2] Received ECHO message from 18
2025-12-17 02:12:38,046 INFO [root] [3] Received READY message from 18
2025-12-17 02:12:38,046 INFO [root] [2] Received ECHO message from 16
2025-12-17 02:12:38,046 INFO [root] [3] Received READY message from 16
2025-12-17 02:12:38,046 INFO [root] [2] Received ECHO message from 17
2025-12-17 02:12:38,047 INFO [root] [2] Broadcasted READY message for roothash b'v\xb7\xe7?x\x92\xd9\x84\x86*-\xe3{;\x8blw%\xe3zh\xde\xcaY\xefZXKd\xa4\xcd)'
2025-12-17 02:12:38,047 INFO [root] broadcast Sending to 1: 16
2025-12-17 02:12:38,047 INFO [root] broadcast Sending to 2: 17
2025-12-17 02:12:38,047 INFO [root] broadcast Sending to 3: 18
2025-12-17 02:12:38,047 INFO [root] broadcast Sending to 4: 19
2025-12-17 02:12:38,047 INFO [root] [2] Received READY message from 18
2025-12-17 02:12:38,047 INFO [root] [3] Received READY message from 17
2025-12-17 02:12:38,047 INFO [root] Decoding output for roothash: b'Aw\x05f\td\x96\xdf%\x15\x9e|@\x03\x03@x/\xf0\x9f*7\xca\xe2U9[A\xe4Su\xe0'
2025-12-17 02:12:38,047 INFO [root] [2] Received RBC message
2025-12-17 02:12:38,047 INFO [root] multicast list: [16, 17, 18, 19]
2025-12-17 02:12:38,047 INFO [root] before avid.retrieve
2025-12-17 02:12:38,048 INFO [root] [2] Received READY message from 16
2025-12-17 02:12:38,048 INFO [root] [2] Received READY message from 17
2025-12-17 02:12:38,048 INFO [root] Decoding output for roothash: b'v\xb7\xe7?x\x92\xd9\x84\x86*-\xe3{;\x8blw%\xe3zh\xde\xcaY\xefZXKd\xa4\xcd)'
2025-12-17 02:12:38,049 INFO [root] [2] Received RBC message
2025-12-17 02:12:38,049 INFO [root] multicast list: [16, 17, 18, 19]
2025-12-17 02:12:38,049 INFO [root] before avid.retrieve
2025-12-17 02:12:38,221 INFO [root] AVID broadcast to 1: 16
2025-12-17 02:12:38,221 INFO [root] AVID broadcast to 2: 17
2025-12-17 02:12:38,221 INFO [root] AVID broadcast to 3: 18
2025-12-17 02:12:38,221 INFO [root] AVID broadcast to 4: 19
2025-12-17 02:12:38,222 INFO [root] AVID broadcast to 1: 16
2025-12-17 02:12:38,222 INFO [root] AVID broadcast to 2: 17
2025-12-17 02:12:38,222 INFO [root] AVID broadcast to 3: 18
2025-12-17 02:12:38,222 INFO [root] AVID broadcast to 4: 19
2025-12-17 02:12:38,223 INFO [root] AVID broadcast to 1: 16
2025-12-17 02:12:38,223 INFO [root] AVID broadcast to 2: 17
2025-12-17 02:12:38,223 INFO [root] AVID broadcast to 3: 18
2025-12-17 02:12:38,223 INFO [root] AVID broadcast to 4: 19
2025-12-17 02:12:38,223 INFO [root] 2-0-4-B-AVSS 2 RETRIEVE called.
2025-12-17 02:12:38,224 INFO [root] AVID broadcast to 1: 16
2025-12-17 02:12:38,224 INFO [root] AVID broadcast to 2: 17
2025-12-17 02:12:38,224 INFO [root] AVID broadcast to 3: 18
2025-12-17 02:12:38,224 INFO [root] AVID broadcast to 4: 19
2025-12-17 02:12:38,224 INFO [root] 2-0-4-B-AVSS 2 RETRIEVE broadcasted.
2025-12-17 02:12:38,225 INFO [root] disperse msid: 2-0-4-B-AVSS, index: 2
2025-12-17 02:12:38,225 INFO [root] AVID retrieve called with sid: 2-0-4-B-AVID, index: 2
2025-12-17 02:12:38,225 INFO [root] AVID broadcast to 1: 16
2025-12-17 02:12:38,225 INFO [root] AVID broadcast to 2: 17
2025-12-17 02:12:38,225 INFO [root] AVID broadcast to 3: 18
2025-12-17 02:12:38,225 INFO [root] AVID broadcast to 4: 19
2025-12-17 02:12:38,225 INFO [root] AVID broadcast to 1: 16
2025-12-17 02:12:38,225 INFO [root] AVID broadcast to 2: 17
2025-12-17 02:12:38,225 INFO [root] AVID broadcast to 3: 18
2025-12-17 02:12:38,226 INFO [root] AVID broadcast to 4: 19
2025-12-17 02:12:38,226 INFO [root] AVID broadcast to 1: 16
2025-12-17 02:12:38,226 INFO [root] AVID broadcast to 2: 17
2025-12-17 02:12:38,226 INFO [root] AVID broadcast to 3: 18
2025-12-17 02:12:38,226 INFO [root] AVID broadcast to 4: 19
2025-12-17 02:12:38,227 INFO [root] 2-0-4-B-AVSS 2 AVID retrieve msg from 18
2025-12-17 02:12:38,227 INFO [root] AVID retrieve response received
2025-12-17 02:12:38,227 INFO [root] retrieve msid: 2-0-4-B-AVID, response_index: 2
2025-12-17 02:12:38,227 INFO [root] RESPONSE from 18
2025-12-17 02:12:38,227 INFO [root] sender self.committee_size: 2
2025-12-17 02:12:38,227 INFO [root] disperse msid: 2-0-4-B-AVSS, index: 1
2025-12-17 02:12:38,227 INFO [root] AVID retrieve called with sid: 2-0-4-B-AVID, index: 1
2025-12-17 02:12:38,227 INFO [root] disperse msid: 2-0-4-B-AVSS, index: 3
2025-12-17 02:12:38,228 INFO [root] AVID retrieve called with sid: 2-0-4-B-AVID, index: 3
2025-12-17 02:12:38,228 INFO [root] disperse msid: 2-0-4-B-AVSS, index: 0
2025-12-17 02:12:38,228 INFO [root] AVID retrieve called with sid: 2-0-4-B-AVID, index: 0
2025-12-17 02:12:38,228 INFO [root] AVID broadcast to 1: 16
2025-12-17 02:12:38,228 INFO [root] AVID broadcast to 2: 17
2025-12-17 02:12:38,228 INFO [root] AVID broadcast to 3: 18
2025-12-17 02:12:38,228 INFO [root] AVID broadcast to 4: 19
2025-12-17 02:12:38,228 INFO [root] 2-0-4-B-AVSS 2 AVID retrieve msg from 16
2025-12-17 02:12:38,228 INFO [root] AVID retrieve response received
2025-12-17 02:12:38,228 INFO [root] retrieve msid: 2-0-4-B-AVID, response_index: 2
2025-12-17 02:12:38,228 INFO [root] RESPONSE from 16
2025-12-17 02:12:38,228 INFO [root] sender self.committee_size: 0
2025-12-17 02:12:38,229 INFO [root] 2-0-4-B-AVSS 2 RETRIEVE complete.
2025-12-17 02:12:38,229 INFO [root] after avid.retrieve dispersal_msg
2025-12-17 02:12:38,229 INFO [root] Handling dealer messages for dealer_id: 2, tag: 2-0-4-B-AVSS
2025-12-17 02:12:38,251 INFO [root] shares verified successfully
2025-12-17 02:12:38,251 INFO [root] all_shares_valid: True
2025-12-17 02:12:38,251 INFO [root] after _handle_dealer_msgs, all_shares_valid
2025-12-17 02:12:38,251 INFO [root] self.tagvars[tag]['all_shares_valid']: True
2025-12-17 02:12:38,252 INFO [root] multicast to 16
2025-12-17 02:12:38,252 INFO [root] multicast to 17
2025-12-17 02:12:38,252 INFO [root] multicast to 18
2025-12-17 02:12:38,252 INFO [root] multicast to 19
2025-12-17 02:12:38,252 INFO [root] 1-0-4-B-AVSS 2 RETRIEVE called.
2025-12-17 02:12:38,252 INFO [root] AVID broadcast to 1: 16
2025-12-17 02:12:38,252 INFO [root] AVID broadcast to 2: 17
2025-12-17 02:12:38,252 INFO [root] AVID broadcast to 3: 18
2025-12-17 02:12:38,252 INFO [root] AVID broadcast to 4: 19
2025-12-17 02:12:38,252 INFO [root] 1-0-4-B-AVSS 2 RETRIEVE broadcasted.
2025-12-17 02:12:38,253 INFO [root] [2] Received OK from [18]
2025-12-17 02:12:38,253 INFO [root] [2] OK set: {18}
2025-12-17 02:12:38,253 INFO [root] output: True
2025-12-17 02:12:38,253 INFO [root] disperse msid: 1-0-4-B-AVSS, index: 2
2025-12-17 02:12:38,253 INFO [root] AVID retrieve called with sid: 1-0-4-B-AVID, index: 2
2025-12-17 02:12:38,253 INFO [root] disperse msid: 1-0-4-B-AVSS, index: 0
2025-12-17 02:12:38,253 INFO [root] AVID retrieve called with sid: 1-0-4-B-AVID, index: 0
2025-12-17 02:12:38,253 INFO [root] disperse msid: 0-0-4-B-AVSS, index: 0
2025-12-17 02:12:38,253 INFO [root] AVID retrieve called with sid: 0-0-4-B-AVID, index: 0
2025-12-17 02:12:38,253 INFO [root] AVID broadcast to 1: 16
2025-12-17 02:12:38,253 INFO [root] AVID broadcast to 2: 17
2025-12-17 02:12:38,254 INFO [root] AVID broadcast to 3: 18
2025-12-17 02:12:38,254 INFO [root] AVID broadcast to 4: 19
2025-12-17 02:12:38,254 INFO [root] [2] Received OK from [16]
2025-12-17 02:12:38,254 INFO [root] [2] OK set: {16, 18}
2025-12-17 02:12:38,254 INFO [root] output: True
2025-12-17 02:12:38,254 INFO [root] 0-0-4-B-AVSS 2 RETRIEVE called.
2025-12-17 02:12:38,254 INFO [root] AVID broadcast to 1: 16
2025-12-17 02:12:38,254 INFO [root] AVID broadcast to 2: 17
2025-12-17 02:12:38,254 INFO [root] AVID broadcast to 3: 18
2025-12-17 02:12:38,254 INFO [root] AVID broadcast to 4: 19
2025-12-17 02:12:38,254 INFO [root] 0-0-4-B-AVSS 2 RETRIEVE broadcasted.
2025-12-17 02:12:38,255 INFO [root] disperse msid: 0-0-4-B-AVSS, index: 1
2025-12-17 02:12:38,255 INFO [root] AVID retrieve called with sid: 0-0-4-B-AVID, index: 1
2025-12-17 02:12:38,255 INFO [root] disperse msid: 1-0-4-B-AVSS, index: 1
2025-12-17 02:12:38,255 INFO [root] AVID retrieve called with sid: 1-0-4-B-AVID, index: 1
2025-12-17 02:12:38,255 INFO [root] [2] Received OK from [17]
2025-12-17 02:12:38,255 INFO [root] [2] OK set: {16, 17, 18}
2025-12-17 02:12:38,255 INFO [root] output: True
2025-12-17 02:12:38,255 INFO [root] 1-0-4-B-AVSS 2 AVID retrieve msg from 18
2025-12-17 02:12:38,255 INFO [root] AVID retrieve response received
2025-12-17 02:12:38,255 INFO [root] retrieve msid: 1-0-4-B-AVID, response_index: 2
2025-12-17 02:12:38,255 INFO [root] RESPONSE from 18
2025-12-17 02:12:38,255 INFO [root] sender self.committee_size: 2
2025-12-17 02:12:38,255 INFO [root] disperse msid: 0-0-4-B-AVSS, index: 2
2025-12-17 02:12:38,255 INFO [root] AVID retrieve called with sid: 0-0-4-B-AVID, index: 2
2025-12-17 02:12:38,255 INFO [root] disperse msid: 0-0-4-B-AVSS, index: 3
2025-12-17 02:12:38,255 INFO [root] AVID retrieve called with sid: 0-0-4-B-AVID, index: 3
2025-12-17 02:12:38,256 INFO [root] disperse msid: 1-0-4-B-AVSS, index: 3
2025-12-17 02:12:38,256 INFO [root] AVID retrieve called with sid: 1-0-4-B-AVID, index: 3
2025-12-17 02:12:38,256 INFO [root] [2] Received OK from [19]
2025-12-17 02:12:38,256 INFO [root] [2] OK set: {16, 17, 18, 19}
2025-12-17 02:12:38,256 INFO [root] output: True
2025-12-17 02:12:38,256 INFO [root] [2] exit
2025-12-17 02:12:38,256 INFO [root] 1-0-4-B-AVSS 2 AVID retrieve msg from 16
2025-12-17 02:12:38,256 INFO [root] AVID retrieve response received
2025-12-17 02:12:38,256 INFO [root] retrieve msid: 1-0-4-B-AVID, response_index: 2
2025-12-17 02:12:38,256 INFO [root] RESPONSE from 16
2025-12-17 02:12:38,256 INFO [root] sender self.committee_size: 0
2025-12-17 02:12:38,256 INFO [root] 1-0-4-B-AVSS 2 RETRIEVE complete.
2025-12-17 02:12:38,256 INFO [root] after avid.retrieve dispersal_msg
2025-12-17 02:12:38,256 INFO [root] Handling dealer messages for dealer_id: 1, tag: 1-0-4-B-AVSS
2025-12-17 02:12:38,265 INFO [root] shares verified successfully
2025-12-17 02:12:38,265 INFO [root] all_shares_valid: True
2025-12-17 02:12:38,265 INFO [root] after _handle_dealer_msgs, all_shares_valid
2025-12-17 02:12:38,265 INFO [root] self.tagvars[tag]['all_shares_valid']: True
2025-12-17 02:12:38,265 INFO [root] multicast to 16
2025-12-17 02:12:38,265 INFO [root] multicast to 17
2025-12-17 02:12:38,265 INFO [root] multicast to 18
2025-12-17 02:12:38,265 INFO [root] multicast to 19
2025-12-17 02:12:38,265 INFO [root] 3-0-4-B-AVSS 2 RETRIEVE called.
2025-12-17 02:12:38,265 INFO [root] AVID broadcast to 1: 16
2025-12-17 02:12:38,265 INFO [root] AVID broadcast to 2: 17
2025-12-17 02:12:38,265 INFO [root] AVID broadcast to 3: 18
2025-12-17 02:12:38,265 INFO [root] AVID broadcast to 4: 19
2025-12-17 02:12:38,265 INFO [root] 3-0-4-B-AVSS 2 RETRIEVE broadcasted.
2025-12-17 02:12:38,266 INFO [root] 0-0-4-B-AVSS 2 AVID retrieve msg from 18
2025-12-17 02:12:38,266 INFO [root] AVID retrieve response received
2025-12-17 02:12:38,266 INFO [root] retrieve msid: 0-0-4-B-AVID, response_index: 2
2025-12-17 02:12:38,266 INFO [root] RESPONSE from 18
2025-12-17 02:12:38,266 INFO [root] sender self.committee_size: 2
2025-12-17 02:12:38,266 INFO [root] [2] Received OK from [18]
2025-12-17 02:12:38,266 INFO [root] [2] OK set: {18}
2025-12-17 02:12:38,266 INFO [root] output: True
2025-12-17 02:12:38,266 INFO [root] disperse msid: 3-0-4-B-AVSS, index: 2
2025-12-17 02:12:38,266 INFO [root] AVID retrieve called with sid: 3-0-4-B-AVID, index: 2
2025-12-17 02:12:38,266 INFO [root] 3-0-4-B-AVSS 2 AVID retrieve msg from 18
2025-12-17 02:12:38,266 INFO [root] AVID retrieve response received
2025-12-17 02:12:38,266 INFO [root] retrieve msid: 3-0-4-B-AVID, response_index: 2
2025-12-17 02:12:38,266 INFO [root] RESPONSE from 18
2025-12-17 02:12:38,266 INFO [root] sender self.committee_size: 2
2025-12-17 02:12:38,274 INFO [root] [2] Received OK from [16]
2025-12-17 02:12:38,274 INFO [root] [2] OK set: {16, 18}
2025-12-17 02:12:38,274 INFO [root] output: True
2025-12-17 02:12:38,275 INFO [root] [2] Received OK from [17]
2025-12-17 02:12:38,275 INFO [root] [2] OK set: {16, 17, 18}
2025-12-17 02:12:38,275 INFO [root] output: True
2025-12-17 02:12:38,276 INFO [root] 0-0-4-B-AVSS 2 AVID retrieve msg from 16
2025-12-17 02:12:38,276 INFO [root] AVID retrieve response received
2025-12-17 02:12:38,276 INFO [root] retrieve msid: 0-0-4-B-AVID, response_index: 2
2025-12-17 02:12:38,276 INFO [root] RESPONSE from 16
2025-12-17 02:12:38,276 INFO [root] sender self.committee_size: 0
2025-12-17 02:12:38,276 INFO [root] 0-0-4-B-AVSS 2 RETRIEVE complete.
2025-12-17 02:12:38,276 INFO [root] after avid.retrieve dispersal_msg
2025-12-17 02:12:38,276 INFO [root] Handling dealer messages for dealer_id: 0, tag: 0-0-4-B-AVSS
2025-12-17 02:12:38,285 INFO [root] shares verified successfully
2025-12-17 02:12:38,285 INFO [root] all_shares_valid: True
2025-12-17 02:12:38,285 INFO [root] after _handle_dealer_msgs, all_shares_valid
2025-12-17 02:12:38,285 INFO [root] self.tagvars[tag]['all_shares_valid']: True
2025-12-17 02:12:38,285 INFO [root] multicast to 16
2025-12-17 02:12:38,285 INFO [root] multicast to 17
2025-12-17 02:12:38,285 INFO [root] multicast to 18
2025-12-17 02:12:38,285 INFO [root] multicast to 19
2025-12-17 02:12:38,285 INFO [root] [2] Received OK from [16]
2025-12-17 02:12:38,285 INFO [root] [2] OK set: {16}
2025-12-17 02:12:38,286 INFO [root] output: True
2025-12-17 02:12:38,286 INFO [root] [2] Received OK from [17]
2025-12-17 02:12:38,286 INFO [root] [2] OK set: {16, 17}
2025-12-17 02:12:38,286 INFO [root] output: True
2025-12-17 02:12:38,286 INFO [root] 3-0-4-B-AVSS 2 AVID retrieve msg from 16
2025-12-17 02:12:38,286 INFO [root] AVID retrieve response received
2025-12-17 02:12:38,286 INFO [root] retrieve msid: 3-0-4-B-AVID, response_index: 2
2025-12-17 02:12:38,286 INFO [root] RESPONSE from 16
2025-12-17 02:12:38,286 INFO [root] sender self.committee_size: 0
2025-12-17 02:12:38,286 INFO [root] 3-0-4-B-AVSS 2 RETRIEVE complete.
2025-12-17 02:12:38,286 INFO [root] after avid.retrieve dispersal_msg
2025-12-17 02:12:38,286 INFO [root] Handling dealer messages for dealer_id: 3, tag: 3-0-4-B-AVSS
2025-12-17 02:12:38,295 INFO [root] shares verified successfully
2025-12-17 02:12:38,295 INFO [root] all_shares_valid: True
2025-12-17 02:12:38,295 INFO [root] after _handle_dealer_msgs, all_shares_valid
2025-12-17 02:12:38,295 INFO [root] self.tagvars[tag]['all_shares_valid']: True
2025-12-17 02:12:38,295 INFO [root] multicast to 16
2025-12-17 02:12:38,295 INFO [root] multicast to 17
2025-12-17 02:12:38,295 INFO [root] multicast to 18
2025-12-17 02:12:38,295 INFO [root] multicast to 19
2025-12-17 02:12:38,295 INFO [root] key_proposal: [2, 1, 0, 3]
2025-12-17 02:12:38,296 INFO [beaver.transfer] [2] [random shares] Starting ACS where node 1 is set as leader 
2025-12-17 02:12:38,296 INFO [beaver.transfer] [2] [random shares] The proposal of node 2 is [2, 1, 0, 3]
2025-12-17 02:12:38,296 INFO [root] enter handle_message
2025-12-17 02:12:38,296 INFO [root] [2] Received OK from [18]
2025-12-17 02:12:38,296 INFO [root] [2] OK set: {16, 17, 18}
2025-12-17 02:12:38,296 INFO [root] output: True
2025-12-17 02:12:38,296 INFO [root] [2] Received OK from [18]
2025-12-17 02:12:38,296 INFO [root] [2] OK set: {18}
2025-12-17 02:12:38,296 INFO [root] output: True
2025-12-17 02:12:38,296 INFO [root] [2] otmvba msg value
2025-12-17 02:12:38,296 INFO [root] [2] otmvba handle value message
2025-12-17 02:12:38,296 INFO [root] [2] value-self.acss_outputs.keys():dict_keys([2, 1, 0, 3])
2025-12-17 02:12:38,297 INFO [root] [2] --Directly send the proposal!--
2025-12-17 02:12:38,297 INFO [root] disperse msid: 3-0-4-B-AVSS, index: 0
2025-12-17 02:12:38,297 INFO [root] AVID retrieve called with sid: 3-0-4-B-AVID, index: 0
2025-12-17 02:12:38,297 INFO [root] disperse msid: 3-0-4-B-AVSS, index: 3
2025-12-17 02:12:38,297 INFO [root] AVID retrieve called with sid: 3-0-4-B-AVID, index: 3
2025-12-17 02:12:38,297 INFO [root] disperse msid: 3-0-4-B-AVSS, index: 1
2025-12-17 02:12:38,297 INFO [root] AVID retrieve called with sid: 3-0-4-B-AVID, index: 1
2025-12-17 02:12:38,297 INFO [root] [2] Received OK from [16]
2025-12-17 02:12:38,298 INFO [root] [2] OK set: {16, 18}
2025-12-17 02:12:38,298 INFO [root] output: True
2025-12-17 02:12:38,298 INFO [root] [2] Received OK from [19]
2025-12-17 02:12:38,298 INFO [root] [2] OK set: {16, 18, 19}
2025-12-17 02:12:38,298 INFO [root] output: True
2025-12-17 02:12:38,298 INFO [root] [2] Received OK from [19]
2025-12-17 02:12:38,298 INFO [root] [2] OK set: {16, 17, 18, 19}
2025-12-17 02:12:38,298 INFO [root] output: True
2025-12-17 02:12:38,298 INFO [root] [2] exit
2025-12-17 02:12:38,298 INFO [root] [2] Received OK from [19]
2025-12-17 02:12:38,298 INFO [root] [2] OK set: {16, 17, 18, 19}
2025-12-17 02:12:38,298 INFO [root] output: True
2025-12-17 02:12:38,298 INFO [root] [2] exit
2025-12-17 02:12:38,310 INFO [root] [2] otmvba msg PrevoteQC
2025-12-17 02:12:38,311 INFO [root] [2] otmvba handle prevote qc message
2025-12-17 02:12:38,320 INFO [root] [2] Received OK from [17]
2025-12-17 02:12:38,320 INFO [root] [2] OK set: {16, 17, 18, 19}
2025-12-17 02:12:38,321 INFO [root] output: True
2025-12-17 02:12:38,321 INFO [root] [2] exit
2025-12-17 02:12:38,369 INFO [root] [2] otmvba msg VoteQC
2025-12-17 02:12:38,369 INFO [root] [2] otmvba handle vote qc message
2025-12-17 02:12:38,376 INFO [root] [2] otmvba Broadcasting to 16
2025-12-17 02:12:38,376 INFO [root] [2] otmvba Broadcasting to 17
2025-12-17 02:12:38,376 INFO [root] [2] otmvba Broadcasting to 18
2025-12-17 02:12:38,376 INFO [root] [2] otmvba Broadcasting to 19
2025-12-17 02:12:38,376 INFO [root] [2] otmvba msg Terminate
2025-12-17 02:12:38,376 INFO [root] [2] otmvba handle terminate message
2025-12-17 02:12:38,384 INFO [root] [2] otmvba Broadcasting to 16
2025-12-17 02:12:38,384 INFO [root] [2] otmvba Broadcasting to 17
2025-12-17 02:12:38,384 INFO [root] [2] otmvba Broadcasting to 18
2025-12-17 02:12:38,384 INFO [root] [2] otmvba Broadcasting to 19
2025-12-17 02:12:38,384 INFO [beaver.transfer] [2] [random shares] The ACS set is [0, 1, 2]
2025-12-17 02:12:38,384 INFO [root] common: [0, 1, 2]
2025-12-17 02:12:38,406 INFO [beaver.transfer] [2] [asynchronous dynamic transfer] Finished! Node 2, total number: 50, time: 3.664137601852417 (seconds)
2025-12-17 02:12:38,406 INFO [root] layer ID: 4 trans_foll_time: 3.6647074222564697
2025-12-17 02:12:38,406 INFO [beaver.batch_multiplication] [2] Starting BatchMultiplication
2025-12-17 02:12:38,406 INFO [beaver.batch_multiplication] [2] Starting ACSS to evaluate 50 multiplication gates
2025-12-17 02:12:38,407 INFO [root] [2] Starting Batch AVSS. Id: 0, Dealer Id: 0, Client Mode: False
2025-12-17 02:12:38,407 INFO [root] [2] AVSS tag: 0-0-4-B-AVSS
2025-12-17 02:12:38,407 INFO [root] [2] RBC tag: 0-0-4-B-RBC
2025-12-17 02:12:38,407 INFO [root] [2] Starting AVSS with shares_num: 50, dealer_id: 0, client_mode: False
2025-12-17 02:12:38,407 INFO [root] rbc_list: [12, 16, 17, 18, 19]
2025-12-17 02:12:38,407 INFO [root] committee_size: 4
2025-12-17 02:12:38,407 INFO [root] n: 5
2025-12-17 02:12:38,407 INFO [root] f: 1
2025-12-17 02:12:38,407 INFO [root] pid: 3
2025-12-17 02:12:38,407 INFO [root] leader: 0
2025-12-17 02:12:38,407 INFO [root] [3] Received VAL message from 12
2025-12-17 02:12:38,407 INFO [root] entering n == commitee_size + 1
2025-12-17 02:12:38,407 INFO [root] [3] sender: 12, leader: 0
2025-12-17 02:12:38,407 INFO [root] [3] Successfully validated VAL message
2025-12-17 02:12:38,407 INFO [root] [3] Broadcasted ECHO message for roothash b'\xe0\xb0\x0f$"|\xb2\xbd\x11\r[]\r!^\x14\xd0\x06\xcc?\x9am\xe5\xc6:\x0fc7\x1c\xe2\x0f\x0b'
2025-12-17 02:12:38,407 INFO [root] broadcast Sending to 1: 16
2025-12-17 02:12:38,407 INFO [root] broadcast Sending to 2: 17
2025-12-17 02:12:38,407 INFO [root] broadcast Sending to 3: 18
2025-12-17 02:12:38,408 INFO [root] broadcast Sending to 4: 19
2025-12-17 02:12:38,408 INFO [root] [2] Starting Batch AVSS. Id: 0, Dealer Id: 1, Client Mode: False
2025-12-17 02:12:38,408 INFO [root] [2] AVSS tag: 1-0-4-B-AVSS
2025-12-17 02:12:38,408 INFO [root] [2] RBC tag: 1-0-4-B-RBC
2025-12-17 02:12:38,408 INFO [root] [2] Starting AVSS with shares_num: 50, dealer_id: 1, client_mode: False
2025-12-17 02:12:38,408 INFO [root] rbc_list: [13, 16, 17, 18, 19]
2025-12-17 02:12:38,408 INFO [root] committee_size: 4
2025-12-17 02:12:38,408 INFO [root] n: 5
2025-12-17 02:12:38,408 INFO [root] f: 1
2025-12-17 02:12:38,408 INFO [root] pid: 3
2025-12-17 02:12:38,408 INFO [root] leader: 1
2025-12-17 02:12:38,408 INFO [root] [3] Received VAL message from 13
2025-12-17 02:12:38,408 INFO [root] entering n == commitee_size + 1
2025-12-17 02:12:38,408 INFO [root] [3] sender: 13, leader: 1
2025-12-17 02:12:38,408 INFO [root] [3] Successfully validated VAL message
2025-12-17 02:12:38,408 INFO [root] [3] Broadcasted ECHO message for roothash b'\xa6\xf9\xaa;\x06\xc6\x84Q\x99?h$\xc4\x7f\xb4\xc4\xe7g\xad\xd0\xfe(\\\xa1\xf9%\xf3kAz#\xcb'
2025-12-17 02:12:38,408 INFO [root] broadcast Sending to 1: 16
2025-12-17 02:12:38,408 INFO [root] broadcast Sending to 2: 17
2025-12-17 02:12:38,408 INFO [root] broadcast Sending to 3: 18
2025-12-17 02:12:38,408 INFO [root] broadcast Sending to 4: 19
2025-12-17 02:12:38,408 INFO [root] [2] Starting Batch AVSS. Id: 0, Dealer Id: 2, Client Mode: False
2025-12-17 02:12:38,408 INFO [root] [2] AVSS tag: 2-0-4-B-AVSS
2025-12-17 02:12:38,408 INFO [root] [2] RBC tag: 2-0-4-B-RBC
2025-12-17 02:12:38,408 INFO [root] [2] Starting AVSS with shares_num: 50, dealer_id: 2, client_mode: False
2025-12-17 02:12:38,408 INFO [root] rbc_list: [14, 16, 17, 18, 19]
2025-12-17 02:12:38,408 INFO [root] committee_size: 4
2025-12-17 02:12:38,409 INFO [root] n: 5
2025-12-17 02:12:38,409 INFO [root] f: 1
2025-12-17 02:12:38,409 INFO [root] pid: 3
2025-12-17 02:12:38,409 INFO [root] leader: 2
2025-12-17 02:12:38,409 INFO [root] [3] Received VAL message from 14
2025-12-17 02:12:38,409 INFO [root] entering n == commitee_size + 1
2025-12-17 02:12:38,409 INFO [root] [3] sender: 14, leader: 2
2025-12-17 02:12:38,409 INFO [root] [3] Successfully validated VAL message
2025-12-17 02:12:38,409 INFO [root] [3] Broadcasted ECHO message for roothash b'j\xaaa\x96\xc7j\xeb\xb9\xf2\t\x1c\x98\xa6\xe2\xf3\x0f\x15DL\x80-\x89W\x13[2\xbeN\x86\xad\xcf4'
2025-12-17 02:12:38,409 INFO [root] broadcast Sending to 1: 16
2025-12-17 02:12:38,409 INFO [root] broadcast Sending to 2: 17
2025-12-17 02:12:38,409 INFO [root] broadcast Sending to 3: 18
2025-12-17 02:12:38,409 INFO [root] broadcast Sending to 4: 19
2025-12-17 02:12:38,409 INFO [root] [2] Starting Batch AVSS. Id: 0, Dealer Id: 3, Client Mode: False
2025-12-17 02:12:38,409 INFO [root] [2] AVSS tag: 3-0-4-B-AVSS
2025-12-17 02:12:38,409 INFO [root] [2] RBC tag: 3-0-4-B-RBC
2025-12-17 02:12:38,409 INFO [root] [2] Starting AVSS with shares_num: 50, dealer_id: 3, client_mode: False
2025-12-17 02:12:38,409 INFO [root] rbc_list: [15, 16, 17, 18, 19]
2025-12-17 02:12:38,409 INFO [root] committee_size: 4
2025-12-17 02:12:38,409 INFO [root] n: 5
2025-12-17 02:12:38,409 INFO [root] f: 1
2025-12-17 02:12:38,409 INFO [root] pid: 2
2025-12-17 02:12:38,409 INFO [root] leader: 3
2025-12-17 02:12:38,409 INFO [root] [2] Received VAL message from 15
2025-12-17 02:12:38,409 INFO [root] entering n == commitee_size + 1
2025-12-17 02:12:38,409 INFO [root] [2] sender: 15, leader: 3
2025-12-17 02:12:38,409 INFO [root] [2] Successfully validated VAL message
2025-12-17 02:12:38,409 INFO [root] [2] Broadcasted ECHO message for roothash b'l]\xdb4\xa3\xaf\xaf\xd5\xb9\xc25\xc6?\xad\xf4\xa2\r\x8e\x1a[\t\x7f\x93\x11C\xffD6\xf3\x9f\xce\xa6'
2025-12-17 02:12:38,409 INFO [root] broadcast Sending to 1: 16
2025-12-17 02:12:38,410 INFO [root] broadcast Sending to 2: 17
2025-12-17 02:12:38,410 INFO [root] broadcast Sending to 3: 18
2025-12-17 02:12:38,410 INFO [root] broadcast Sending to 4: 19
2025-12-17 02:12:38,411 INFO [root] [3] Received ECHO message from 18
2025-12-17 02:12:38,411 INFO [root] [3] Received ECHO message from 18
2025-12-17 02:12:38,411 INFO [root] [3] Received ECHO message from 18
2025-12-17 02:12:38,411 INFO [root] [2] Received ECHO message from 18
2025-12-17 02:12:38,411 INFO [root] [3] Received ECHO message from 19
2025-12-17 02:12:38,411 INFO [root] [3] Received ECHO message from 16
2025-12-17 02:12:38,411 INFO [root] [3] Broadcasted READY message for roothash b'\xe0\xb0\x0f$"|\xb2\xbd\x11\r[]\r!^\x14\xd0\x06\xcc?\x9am\xe5\xc6:\x0fc7\x1c\xe2\x0f\x0b'
2025-12-17 02:12:38,411 INFO [root] broadcast Sending to 1: 16
2025-12-17 02:12:38,411 INFO [root] broadcast Sending to 2: 17
2025-12-17 02:12:38,411 INFO [root] broadcast Sending to 3: 18
2025-12-17 02:12:38,411 INFO [root] broadcast Sending to 4: 19
2025-12-17 02:12:38,411 INFO [root] [3] Received ECHO message from 19
2025-12-17 02:12:38,411 INFO [root] [3] Received ECHO message from 16
2025-12-17 02:12:38,411 INFO [root] [3] Broadcasted READY message for roothash b'\xa6\xf9\xaa;\x06\xc6\x84Q\x99?h$\xc4\x7f\xb4\xc4\xe7g\xad\xd0\xfe(\\\xa1\xf9%\xf3kAz#\xcb'
2025-12-17 02:12:38,411 INFO [root] broadcast Sending to 1: 16
2025-12-17 02:12:38,411 INFO [root] broadcast Sending to 2: 17
2025-12-17 02:12:38,411 INFO [root] broadcast Sending to 3: 18
2025-12-17 02:12:38,411 INFO [root] broadcast Sending to 4: 19
2025-12-17 02:12:38,411 INFO [root] [3] Received ECHO message from 19
2025-12-17 02:12:38,411 INFO [root] [3] Received ECHO message from 16
2025-12-17 02:12:38,411 INFO [root] [3] Broadcasted READY message for roothash b'j\xaaa\x96\xc7j\xeb\xb9\xf2\t\x1c\x98\xa6\xe2\xf3\x0f\x15DL\x80-\x89W\x13[2\xbeN\x86\xad\xcf4'
2025-12-17 02:12:38,411 INFO [root] broadcast Sending to 1: 16
2025-12-17 02:12:38,411 INFO [root] broadcast Sending to 2: 17
2025-12-17 02:12:38,411 INFO [root] broadcast Sending to 3: 18
2025-12-17 02:12:38,411 INFO [root] broadcast Sending to 4: 19
2025-12-17 02:12:38,411 INFO [root] [2] Received ECHO message from 19
2025-12-17 02:12:38,411 INFO [root] [2] Received ECHO message from 16
2025-12-17 02:12:38,411 INFO [root] [2] Broadcasted READY message for roothash b'l]\xdb4\xa3\xaf\xaf\xd5\xb9\xc25\xc6?\xad\xf4\xa2\r\x8e\x1a[\t\x7f\x93\x11C\xffD6\xf3\x9f\xce\xa6'
2025-12-17 02:12:38,412 INFO [root] broadcast Sending to 1: 16
2025-12-17 02:12:38,412 INFO [root] broadcast Sending to 2: 17
2025-12-17 02:12:38,412 INFO [root] broadcast Sending to 3: 18
2025-12-17 02:12:38,412 INFO [root] broadcast Sending to 4: 19
2025-12-17 02:12:38,412 INFO [root] [3] Received READY message from 18
2025-12-17 02:12:38,412 INFO [root] [3] Received READY message from 18
2025-12-17 02:12:38,412 INFO [root] [3] Received READY message from 18
2025-12-17 02:12:38,412 INFO [root] [2] Received READY message from 18
2025-12-17 02:12:38,412 INFO [root] [3] Received READY message from 19
2025-12-17 02:12:38,412 INFO [root] [3] Received READY message from 16
2025-12-17 02:12:38,412 INFO [root] Decoding output for roothash: b'\xe0\xb0\x0f$"|\xb2\xbd\x11\r[]\r!^\x14\xd0\x06\xcc?\x9am\xe5\xc6:\x0fc7\x1c\xe2\x0f\x0b'
2025-12-17 02:12:38,413 INFO [root] [2] Received RBC message
2025-12-17 02:12:38,413 INFO [root] multicast list: [16, 17, 18, 19]
2025-12-17 02:12:38,413 INFO [root] before avid.retrieve
2025-12-17 02:12:38,413 INFO [root] [3] Received READY message from 16
2025-12-17 02:12:38,413 INFO [root] [3] Received READY message from 16
2025-12-17 02:12:38,413 INFO [root] [2] Received READY message from 16
2025-12-17 02:12:38,413 INFO [root] AVID broadcast to 1: 16
2025-12-17 02:12:38,413 INFO [root] AVID broadcast to 2: 17
2025-12-17 02:12:38,413 INFO [root] AVID broadcast to 3: 18
2025-12-17 02:12:38,413 INFO [root] AVID broadcast to 4: 19
2025-12-17 02:12:38,414 INFO [root] [3] Received READY message from 19
2025-12-17 02:12:38,414 INFO [root] Decoding output for roothash: b'\xa6\xf9\xaa;\x06\xc6\x84Q\x99?h$\xc4\x7f\xb4\xc4\xe7g\xad\xd0\xfe(\\\xa1\xf9%\xf3kAz#\xcb'
2025-12-17 02:12:38,414 INFO [root] [2] Received RBC message
2025-12-17 02:12:38,414 INFO [root] multicast list: [16, 17, 18, 19]
2025-12-17 02:12:38,414 INFO [root] before avid.retrieve
2025-12-17 02:12:38,414 INFO [root] [3] Received READY message from 19
2025-12-17 02:12:38,414 INFO [root] Decoding output for roothash: b'j\xaaa\x96\xc7j\xeb\xb9\xf2\t\x1c\x98\xa6\xe2\xf3\x0f\x15DL\x80-\x89W\x13[2\xbeN\x86\xad\xcf4'
2025-12-17 02:12:38,414 INFO [root] [2] Received RBC message
2025-12-17 02:12:38,414 INFO [root] multicast list: [16, 17, 18, 19]
2025-12-17 02:12:38,414 INFO [root] before avid.retrieve
2025-12-17 02:12:38,415 INFO [root] [2] Received READY message from 19
2025-12-17 02:12:38,415 INFO [root] Decoding output for roothash: b'l]\xdb4\xa3\xaf\xaf\xd5\xb9\xc25\xc6?\xad\xf4\xa2\r\x8e\x1a[\t\x7f\x93\x11C\xffD6\xf3\x9f\xce\xa6'
2025-12-17 02:12:38,415 INFO [root] [2] Received RBC message
2025-12-17 02:12:38,415 INFO [root] multicast list: [16, 17, 18, 19]
2025-12-17 02:12:38,415 INFO [root] before avid.retrieve
2025-12-17 02:12:38,415 INFO [root] AVID broadcast to 1: 16
2025-12-17 02:12:38,415 INFO [root] AVID broadcast to 2: 17
2025-12-17 02:12:38,415 INFO [root] AVID broadcast to 3: 18
2025-12-17 02:12:38,415 INFO [root] AVID broadcast to 4: 19
2025-12-17 02:12:38,416 INFO [root] AVID broadcast to 1: 16
2025-12-17 02:12:38,416 INFO [root] AVID broadcast to 2: 17
2025-12-17 02:12:38,416 INFO [root] AVID broadcast to 3: 18
2025-12-17 02:12:38,416 INFO [root] AVID broadcast to 4: 19
2025-12-17 02:12:38,416 INFO [root] AVID broadcast to 1: 16
2025-12-17 02:12:38,416 INFO [root] AVID broadcast to 2: 17
2025-12-17 02:12:38,416 INFO [root] AVID broadcast to 3: 18
2025-12-17 02:12:38,416 INFO [root] AVID broadcast to 4: 19
2025-12-17 02:12:38,417 INFO [root] AVID broadcast to 1: 16
2025-12-17 02:12:38,417 INFO [root] AVID broadcast to 2: 17
2025-12-17 02:12:38,417 INFO [root] AVID broadcast to 3: 18
2025-12-17 02:12:38,417 INFO [root] AVID broadcast to 4: 19
2025-12-17 02:12:38,417 INFO [root] AVID broadcast to 1: 16
2025-12-17 02:12:38,417 INFO [root] AVID broadcast to 2: 17
2025-12-17 02:12:38,417 INFO [root] AVID broadcast to 3: 18
2025-12-17 02:12:38,417 INFO [root] AVID broadcast to 4: 19
2025-12-17 02:12:38,418 INFO [root] AVID broadcast to 1: 16
2025-12-17 02:12:38,418 INFO [root] AVID broadcast to 2: 17
2025-12-17 02:12:38,418 INFO [root] AVID broadcast to 3: 18
2025-12-17 02:12:38,418 INFO [root] AVID broadcast to 4: 19
2025-12-17 02:12:38,418 INFO [root] AVID broadcast to 1: 16
2025-12-17 02:12:38,418 INFO [root] AVID broadcast to 2: 17
2025-12-17 02:12:38,418 INFO [root] AVID broadcast to 3: 18
2025-12-17 02:12:38,418 INFO [root] AVID broadcast to 4: 19
2025-12-17 02:12:38,419 INFO [root] 1-0-4-B-AVSS 2 RETRIEVE called.
2025-12-17 02:12:38,419 INFO [root] AVID broadcast to 1: 16
2025-12-17 02:12:38,419 INFO [root] AVID broadcast to 2: 17
2025-12-17 02:12:38,419 INFO [root] AVID broadcast to 3: 18
2025-12-17 02:12:38,419 INFO [root] AVID broadcast to 4: 19
2025-12-17 02:12:38,419 INFO [root] 1-0-4-B-AVSS 2 RETRIEVE broadcasted.
2025-12-17 02:12:38,419 INFO [root] 0-0-4-B-AVSS 2 RETRIEVE called.
2025-12-17 02:12:38,419 INFO [root] AVID broadcast to 1: 16
2025-12-17 02:12:38,419 INFO [root] AVID broadcast to 2: 17
2025-12-17 02:12:38,419 INFO [root] AVID broadcast to 3: 18
2025-12-17 02:12:38,419 INFO [root] AVID broadcast to 4: 19
2025-12-17 02:12:38,419 INFO [root] 0-0-4-B-AVSS 2 RETRIEVE broadcasted.
2025-12-17 02:12:38,419 INFO [root] disperse msid: 1-0-4-B-AVSS, index: 2
2025-12-17 02:12:38,419 INFO [root] AVID retrieve called with sid: 1-0-4-B-AVID, index: 2
2025-12-17 02:12:38,419 INFO [root] disperse msid: 0-0-4-B-AVSS, index: 2
2025-12-17 02:12:38,419 INFO [root] AVID retrieve called with sid: 0-0-4-B-AVID, index: 2
2025-12-17 02:12:38,419 INFO [root] 2-0-4-B-AVSS 2 RETRIEVE called.
2025-12-17 02:12:38,419 INFO [root] AVID broadcast to 1: 16
2025-12-17 02:12:38,419 INFO [root] AVID broadcast to 2: 17
2025-12-17 02:12:38,419 INFO [root] AVID broadcast to 3: 18
2025-12-17 02:12:38,419 INFO [root] AVID broadcast to 4: 19
2025-12-17 02:12:38,420 INFO [root] 2-0-4-B-AVSS 2 RETRIEVE broadcasted.
2025-12-17 02:12:38,420 INFO [root] 3-0-4-B-AVSS 2 RETRIEVE called.
2025-12-17 02:12:38,420 INFO [root] AVID broadcast to 1: 16
2025-12-17 02:12:38,420 INFO [root] AVID broadcast to 2: 17
2025-12-17 02:12:38,420 INFO [root] AVID broadcast to 3: 18
2025-12-17 02:12:38,420 INFO [root] AVID broadcast to 4: 19
num_generators 50
padded_num_generators 64
2025-12-17 02:12:38,420 INFO [root] 3-0-4-B-AVSS 2 RETRIEVE broadcasted.
2025-12-17 02:12:38,420 INFO [root] 1-0-4-B-AVSS 2 AVID retrieve msg from 18
2025-12-17 02:12:38,420 INFO [root] AVID retrieve response received
2025-12-17 02:12:38,420 INFO [root] retrieve msid: 1-0-4-B-AVID, response_index: 2
2025-12-17 02:12:38,420 INFO [root] RESPONSE from 18
2025-12-17 02:12:38,420 INFO [root] sender self.committee_size: 2
2025-12-17 02:12:38,420 INFO [root] 0-0-4-B-AVSS 2 AVID retrieve msg from 18
2025-12-17 02:12:38,420 INFO [root] AVID retrieve response received
2025-12-17 02:12:38,420 INFO [root] retrieve msid: 0-0-4-B-AVID, response_index: 2
2025-12-17 02:12:38,420 INFO [root] RESPONSE from 18
2025-12-17 02:12:38,420 INFO [root] sender self.committee_size: 2
2025-12-17 02:12:38,420 INFO [root] disperse msid: 2-0-4-B-AVSS, index: 2
2025-12-17 02:12:38,421 INFO [root] AVID retrieve called with sid: 2-0-4-B-AVID, index: 2
2025-12-17 02:12:38,421 INFO [root] disperse msid: 3-0-4-B-AVSS, index: 2
2025-12-17 02:12:38,421 INFO [root] AVID retrieve called with sid: 3-0-4-B-AVID, index: 2
2025-12-17 02:12:38,421 INFO [root] disperse msid: 0-0-4-B-AVSS, index: 0
2025-12-17 02:12:38,421 INFO [root] AVID retrieve called with sid: 0-0-4-B-AVID, index: 0
2025-12-17 02:12:38,421 INFO [root] disperse msid: 1-0-4-B-AVSS, index: 0
2025-12-17 02:12:38,421 INFO [root] AVID retrieve called with sid: 1-0-4-B-AVID, index: 0
2025-12-17 02:12:38,421 INFO [root] disperse msid: 2-0-4-B-AVSS, index: 0
2025-12-17 02:12:38,421 INFO [root] AVID retrieve called with sid: 2-0-4-B-AVID, index: 0
2025-12-17 02:12:38,421 INFO [root] 2-0-4-B-AVSS 2 AVID retrieve msg from 18
2025-12-17 02:12:38,421 INFO [root] AVID retrieve response received
2025-12-17 02:12:38,421 INFO [root] retrieve msid: 2-0-4-B-AVID, response_index: 2
2025-12-17 02:12:38,421 INFO [root] RESPONSE from 18
2025-12-17 02:12:38,421 INFO [root] sender self.committee_size: 2
2025-12-17 02:12:38,422 INFO [root] 3-0-4-B-AVSS 2 AVID retrieve msg from 18
2025-12-17 02:12:38,422 INFO [root] AVID retrieve response received
2025-12-17 02:12:38,422 INFO [root] retrieve msid: 3-0-4-B-AVID, response_index: 2
2025-12-17 02:12:38,422 INFO [root] RESPONSE from 18
2025-12-17 02:12:38,422 INFO [root] sender self.committee_size: 2
2025-12-17 02:12:38,422 INFO [root] disperse msid: 1-0-4-B-AVSS, index: 3
2025-12-17 02:12:38,422 INFO [root] AVID retrieve called with sid: 1-0-4-B-AVID, index: 3
2025-12-17 02:12:38,422 INFO [root] disperse msid: 2-0-4-B-AVSS, index: 3
2025-12-17 02:12:38,422 INFO [root] AVID retrieve called with sid: 2-0-4-B-AVID, index: 3
2025-12-17 02:12:38,422 INFO [root] disperse msid: 3-0-4-B-AVSS, index: 0
2025-12-17 02:12:38,422 INFO [root] AVID retrieve called with sid: 3-0-4-B-AVID, index: 0
2025-12-17 02:12:38,422 INFO [root] disperse msid: 3-0-4-B-AVSS, index: 3
2025-12-17 02:12:38,422 INFO [root] AVID retrieve called with sid: 3-0-4-B-AVID, index: 3
2025-12-17 02:12:38,422 INFO [root] disperse msid: 0-0-4-B-AVSS, index: 3
2025-12-17 02:12:38,422 INFO [root] AVID retrieve called with sid: 0-0-4-B-AVID, index: 3
2025-12-17 02:12:38,423 INFO [root] 1-0-4-B-AVSS 2 AVID retrieve msg from 19
2025-12-17 02:12:38,423 INFO [root] AVID retrieve response received
2025-12-17 02:12:38,423 INFO [root] retrieve msid: 1-0-4-B-AVID, response_index: 2
2025-12-17 02:12:38,423 INFO [root] RESPONSE from 19
2025-12-17 02:12:38,423 INFO [root] sender self.committee_size: 3
2025-12-17 02:12:38,424 INFO [root] 1-0-4-B-AVSS 2 RETRIEVE complete.
2025-12-17 02:12:38,424 INFO [root] after avid.retrieve dispersal_msg
2025-12-17 02:12:38,424 INFO [root] Handling dealer messages for dealer_id: 1, tag: 1-0-4-B-AVSS
2025-12-17 02:12:38,425 INFO [beaver.hbacss] [PedersenCommit] invoking pyPedersenCommit...
2025-12-17 02:12:38,471 INFO [beaver.hbacss] verifier_result_json: {"verified":true}
2025-12-17 02:12:38,476 INFO [root] inner product verified successfully
2025-12-17 02:12:38,486 INFO [root] shares verified successfully
2025-12-17 02:12:38,486 INFO [root] all_shares_valid: True
2025-12-17 02:12:38,486 INFO [root] after _handle_dealer_msgs, all_shares_valid
2025-12-17 02:12:38,486 INFO [root] self.tagvars[tag]['all_shares_valid']: True
2025-12-17 02:12:38,486 INFO [root] multicast to 16
2025-12-17 02:12:38,486 INFO [root] multicast to 17
2025-12-17 02:12:38,486 INFO [root] multicast to 18
2025-12-17 02:12:38,486 INFO [root] multicast to 19
2025-12-17 02:12:38,487 INFO [root] 0-0-4-B-AVSS 2 AVID retrieve msg from 16
2025-12-17 02:12:38,487 INFO [root] AVID retrieve response received
2025-12-17 02:12:38,488 INFO [root] retrieve msid: 0-0-4-B-AVID, response_index: 2
2025-12-17 02:12:38,488 INFO [root] RESPONSE from 16
2025-12-17 02:12:38,488 INFO [root] sender self.committee_size: 0
2025-12-17 02:12:38,488 INFO [root] 0-0-4-B-AVSS 2 RETRIEVE complete.
2025-12-17 02:12:38,488 INFO [root] after avid.retrieve dispersal_msg
2025-12-17 02:12:38,488 INFO [root] Handling dealer messages for dealer_id: 0, tag: 0-0-4-B-AVSS
2025-12-17 02:12:38,489 INFO [beaver.hbacss] [PedersenCommit] invoking pyPedersenCommit...
num_generators 50
padded_num_generators 64
2025-12-17 02:12:38,535 INFO [beaver.hbacss] verifier_result_json: {"verified":true}
2025-12-17 02:12:38,539 INFO [root] inner product verified successfully
2025-12-17 02:12:38,550 INFO [root] shares verified successfully
2025-12-17 02:12:38,550 INFO [root] all_shares_valid: True
2025-12-17 02:12:38,550 INFO [root] after _handle_dealer_msgs, all_shares_valid
2025-12-17 02:12:38,550 INFO [root] self.tagvars[tag]['all_shares_valid']: True
2025-12-17 02:12:38,550 INFO [root] multicast to 16
2025-12-17 02:12:38,550 INFO [root] multicast to 17
2025-12-17 02:12:38,550 INFO [root] multicast to 18
2025-12-17 02:12:38,550 INFO [root] multicast to 19
2025-12-17 02:12:38,550 INFO [root] [2] Received OK from [18]
2025-12-17 02:12:38,550 INFO [root] [2] OK set: {18}
2025-12-17 02:12:38,550 INFO [root] output: True
2025-12-17 02:12:38,550 INFO [root] disperse msid: 0-0-4-B-AVSS, index: 1
2025-12-17 02:12:38,550 INFO [root] AVID retrieve called with sid: 0-0-4-B-AVID, index: 1
2025-12-17 02:12:38,550 INFO [root] disperse msid: 3-0-4-B-AVSS, index: 1
2025-12-17 02:12:38,551 INFO [root] AVID retrieve called with sid: 3-0-4-B-AVID, index: 1
2025-12-17 02:12:38,551 INFO [root] disperse msid: 2-0-4-B-AVSS, index: 1
2025-12-17 02:12:38,551 INFO [root] AVID retrieve called with sid: 2-0-4-B-AVID, index: 1
2025-12-17 02:12:38,551 INFO [root] disperse msid: 1-0-4-B-AVSS, index: 1
2025-12-17 02:12:38,551 INFO [root] AVID retrieve called with sid: 1-0-4-B-AVID, index: 1
2025-12-17 02:12:38,551 INFO [root] [2] Received OK from [19]
2025-12-17 02:12:38,551 INFO [root] [2] OK set: {18, 19}
2025-12-17 02:12:38,551 INFO [root] output: True
2025-12-17 02:12:38,551 INFO [root] [2] Received OK from [16]
2025-12-17 02:12:38,551 INFO [root] [2] OK set: {16}
2025-12-17 02:12:38,551 INFO [root] output: True
2025-12-17 02:12:38,551 INFO [root] [2] Received OK from [18]
2025-12-17 02:12:38,551 INFO [root] [2] OK set: {16, 18}
2025-12-17 02:12:38,551 INFO [root] output: True
2025-12-17 02:12:38,551 INFO [root] 3-0-4-B-AVSS 2 AVID retrieve msg from 16
2025-12-17 02:12:38,551 INFO [root] AVID retrieve response received
2025-12-17 02:12:38,551 INFO [root] retrieve msid: 3-0-4-B-AVID, response_index: 2
2025-12-17 02:12:38,551 INFO [root] RESPONSE from 16
2025-12-17 02:12:38,551 INFO [root] sender self.committee_size: 0
2025-12-17 02:12:38,552 INFO [root] 3-0-4-B-AVSS 2 RETRIEVE complete.
2025-12-17 02:12:38,552 INFO [root] after avid.retrieve dispersal_msg
2025-12-17 02:12:38,552 INFO [root] Handling dealer messages for dealer_id: 3, tag: 3-0-4-B-AVSS
2025-12-17 02:12:38,552 INFO [beaver.hbacss] [PedersenCommit] invoking pyPedersenCommit...
num_generators 50
padded_num_generators 64
2025-12-17 02:12:38,598 INFO [beaver.hbacss] verifier_result_json: {"verified":true}
2025-12-17 02:12:38,602 INFO [root] inner product verified successfully
2025-12-17 02:12:38,613 INFO [root] shares verified successfully
2025-12-17 02:12:38,613 INFO [root] all_shares_valid: True
2025-12-17 02:12:38,613 INFO [root] after _handle_dealer_msgs, all_shares_valid
2025-12-17 02:12:38,613 INFO [root] self.tagvars[tag]['all_shares_valid']: True
2025-12-17 02:12:38,613 INFO [root] multicast to 16
2025-12-17 02:12:38,613 INFO [root] multicast to 17
2025-12-17 02:12:38,613 INFO [root] multicast to 18
2025-12-17 02:12:38,613 INFO [root] multicast to 19
2025-12-17 02:12:38,613 INFO [root] 2-0-4-B-AVSS 2 AVID retrieve msg from 19
2025-12-17 02:12:38,613 INFO [root] AVID retrieve response received
2025-12-17 02:12:38,613 INFO [root] retrieve msid: 2-0-4-B-AVID, response_index: 2
2025-12-17 02:12:38,613 INFO [root] RESPONSE from 19
2025-12-17 02:12:38,613 INFO [root] sender self.committee_size: 3
2025-12-17 02:12:38,614 INFO [root] 2-0-4-B-AVSS 2 RETRIEVE complete.
2025-12-17 02:12:38,614 INFO [root] after avid.retrieve dispersal_msg
2025-12-17 02:12:38,614 INFO [root] Handling dealer messages for dealer_id: 2, tag: 2-0-4-B-AVSS
2025-12-17 02:12:38,614 INFO [beaver.hbacss] [PedersenCommit] invoking pyPedersenCommit...
num_generators 50
padded_num_generators 64
2025-12-17 02:12:38,660 INFO [beaver.hbacss] verifier_result_json: {"verified":true}
2025-12-17 02:12:38,665 INFO [root] inner product verified successfully
2025-12-17 02:12:38,675 INFO [root] shares verified successfully
2025-12-17 02:12:38,675 INFO [root] all_shares_valid: True
2025-12-17 02:12:38,675 INFO [root] after _handle_dealer_msgs, all_shares_valid
2025-12-17 02:12:38,675 INFO [root] self.tagvars[tag]['all_shares_valid']: True
2025-12-17 02:12:38,676 INFO [root] multicast to 16
2025-12-17 02:12:38,676 INFO [root] multicast to 17
2025-12-17 02:12:38,676 INFO [root] multicast to 18
2025-12-17 02:12:38,676 INFO [root] multicast to 19
2025-12-17 02:12:38,676 INFO [root] key_proposal: [1, 0, 3, 2]
2025-12-17 02:12:38,676 INFO [beaver.batch_multiplication] [2] [random shares] Starting ACS where node 1 is set as leader 
2025-12-17 02:12:38,676 INFO [beaver.batch_multiplication] [2] [random shares] The proposal of node 2 is [1, 0, 3, 2]
2025-12-17 02:12:38,676 INFO [root] enter handle_message
2025-12-17 02:12:38,677 INFO [root] [2] Received OK from [18]
2025-12-17 02:12:38,677 INFO [root] [2] OK set: {18}
2025-12-17 02:12:38,677 INFO [root] output: True
2025-12-17 02:12:38,677 INFO [root] [2] Received OK from [18]
2025-12-17 02:12:38,677 INFO [root] [2] OK set: {18}
2025-12-17 02:12:38,677 INFO [root] output: True
2025-12-17 02:12:38,677 INFO [root] [2] Received OK from [17]
2025-12-17 02:12:38,677 INFO [root] [2] OK set: {17, 18}
2025-12-17 02:12:38,677 INFO [root] output: True
2025-12-17 02:12:38,677 INFO [root] [2] Received OK from [19]
2025-12-17 02:12:38,677 INFO [root] [2] OK set: {17, 18, 19}
2025-12-17 02:12:38,677 INFO [root] output: True
2025-12-17 02:12:38,677 INFO [root] [2] Received OK from [16]
2025-12-17 02:12:38,677 INFO [root] [2] OK set: {16, 17, 18, 19}
2025-12-17 02:12:38,677 INFO [root] output: True
2025-12-17 02:12:38,677 INFO [root] [2] exit
2025-12-17 02:12:38,677 INFO [root] [2] Received OK from [16]
2025-12-17 02:12:38,677 INFO [root] [2] OK set: {16, 18, 19}
2025-12-17 02:12:38,677 INFO [root] output: True
2025-12-17 02:12:38,677 INFO [root] [2] Received OK from [19]
2025-12-17 02:12:38,677 INFO [root] [2] OK set: {16, 18, 19}
2025-12-17 02:12:38,677 INFO [root] output: True
2025-12-17 02:12:38,677 INFO [root] [2] Received OK from [16]
2025-12-17 02:12:38,677 INFO [root] [2] OK set: {16, 18}
2025-12-17 02:12:38,677 INFO [root] output: True
2025-12-17 02:12:38,678 INFO [root] [2] Received OK from [19]
2025-12-17 02:12:38,678 INFO [root] [2] OK set: {16, 18, 19}
2025-12-17 02:12:38,678 INFO [root] output: True
2025-12-17 02:12:38,806 INFO [root] [2] Received OK from [17]
2025-12-17 02:12:38,806 INFO [root] [2] OK set: {16, 17, 18, 19}
2025-12-17 02:12:38,806 INFO [root] output: True
2025-12-17 02:12:38,806 INFO [root] [2] exit
2025-12-17 02:12:38,806 INFO [root] [2] Received OK from [17]
2025-12-17 02:12:38,806 INFO [root] [2] OK set: {16, 17, 18, 19}
2025-12-17 02:12:38,806 INFO [root] output: True
2025-12-17 02:12:38,806 INFO [root] [2] exit
2025-12-17 02:12:38,806 INFO [root] [2] Received OK from [17]
2025-12-17 02:12:38,806 INFO [root] [2] OK set: {16, 17, 18, 19}
2025-12-17 02:12:38,806 INFO [root] output: True
2025-12-17 02:12:38,806 INFO [root] [2] exit
2025-12-17 02:12:38,807 INFO [root] [2] otmvba msg value
2025-12-17 02:12:38,807 INFO [root] [2] otmvba handle value message
2025-12-17 02:12:38,807 INFO [root] [2] value-self.acss_outputs.keys():dict_keys([1, 0, 3, 2])
2025-12-17 02:12:38,808 INFO [root] [2] --Directly send the proposal!--
2025-12-17 02:12:38,841 INFO [root] [2] otmvba msg PrevoteQC
2025-12-17 02:12:38,841 INFO [root] [2] otmvba handle prevote qc message
2025-12-17 02:12:38,896 INFO [root] [2] otmvba msg VoteQC
2025-12-17 02:12:38,896 INFO [root] [2] otmvba handle vote qc message
2025-12-17 02:12:38,903 INFO [root] [2] otmvba Broadcasting to 16
2025-12-17 02:12:38,904 INFO [root] [2] otmvba Broadcasting to 17
2025-12-17 02:12:38,904 INFO [root] [2] otmvba Broadcasting to 18
2025-12-17 02:12:38,904 INFO [root] [2] otmvba Broadcasting to 19
2025-12-17 02:12:38,904 INFO [root] [2] otmvba msg Terminate
2025-12-17 02:12:38,904 INFO [root] [2] otmvba handle terminate message
2025-12-17 02:12:38,912 INFO [root] [2] otmvba Broadcasting to 16
2025-12-17 02:12:38,912 INFO [root] [2] otmvba Broadcasting to 17
2025-12-17 02:12:38,912 INFO [root] [2] otmvba Broadcasting to 18
2025-12-17 02:12:38,912 INFO [root] [2] otmvba Broadcasting to 19
2025-12-17 02:12:38,912 INFO [beaver.batch_multiplication] [2] [random shares] The ACS set is [0, 1, 2, 3]
2025-12-17 02:12:38,912 INFO [root] common: [0, 1, 2, 3]
2025-12-17 02:12:38,944 INFO [beaver.batch_multiplication] [2] [asynchronous batch multiplication] Finished! Node 2, total number: 50, time: 0.536837100982666 (seconds)
2025-12-17 02:12:38,944 INFO [root] layer ID: 4 mul_foll_time: 0.5381345748901367
2025-12-17 02:12:38,944 INFO [root] layer ID: 4 trusted_verification_time: 4.2028419971466064
2025-12-17 02:12:38,947 INFO [root] layer ID: 4 add_outputs length: 50
2025-12-17 02:12:38,947 INFO [root] layer ID: 4 exec_time: 0.0025446414947509766
2025-12-17 02:12:38,947 INFO [beaver.transfer] [2] Starting DynamicTransfer
2025-12-17 02:12:38,947 INFO [beaver.transfer] [2] Starting ACSS to share 50 secrets
2025-12-17 02:12:38,948 INFO [root] [2] [asynchronous dynamic transfer] Layer ID: 4
2025-12-17 02:12:38,948 INFO [root] public_keys: [{'X': '3484415939389275499417716773457837476525787569244420764674439934669744207318952129787282997917137000702511004200984', 'Y': '2669311321524225553359628154343437008513952003348550941729211730483546868683922670896016964451401588085276148970297'}, {'X': '1625867403677262403130571488422757903431824966039772345158518525778647430776957397527282011004835559089807225977063', 'Y': '2891532997359700570055213681747412549232568203702950053999151698678542912965801098819802765049209690880019022934827'}, {'X': '1906098455754244066505926322300655480163918662760944683222444887954976994688208565460763220319540453491168630969907', 'Y': '2173811363780572445874554499744561667086528523631357450342839599485261328099984095097700540329523068736355381319837'}, {'X': '1218613252158803242923547774733628449256139451710550367914553278372199724474837201280429603619702837828268248447991', 'Y': '1840650301891066900241019484312073597127953610601995410993598191276666434361952953448142240738254990016580563824'}]
2025-12-17 02:12:38,948 INFO [root] layer ID: 4 trans_pre_time: 0.0009758472442626953
2025-12-17 02:12:38,948 INFO [root] [2] AVSS tag: 2-0-5-B-AVSS
2025-12-17 02:12:38,948 INFO [root] [2] RBC tag: 2-0-5-B-RBC
2025-12-17 02:12:38,948 INFO [root] enter avss_with_aggtransfer
g = {[6679831729115696150 8653662730902241269 1535610680227111361 17342916647841752903 17135755455211762752 1297449291367578485] [13451288730302620273 10097742279870053774 15949884091978425806 5885175747529691540 1016841820992199104 845620083434234474]}
h = {[13794385998538644597 108816626937764141 12130603454454490125 6127379912259600201 17481961476035825978 950355161936836191] [10722765800778186391 17107915684035394744 11626309118465119103 5217919199071354366 6102759180633827794 660535627654889709]}
Equal? false
2025-12-17 02:12:39,098 INFO [root] self.msgmode: avss_with_aggtransfer
2025-12-17 02:12:39,098 INFO [beaver.batch_multiplication] [2] Starting BatchMultiplication
num_generators 50
2025-12-17 02:12:39,310 INFO [beaver.batch_multiplication] Proof hex length: 9288
2025-12-17 02:12:39,311 INFO [beaver.batch_multiplication] Proof size (bytes): 4644
2025-12-17 02:12:39,311 INFO [beaver.batch_multiplication] Proof size (strict bytes): 4644
2025-12-17 02:12:39,311 INFO [beaver.batch_multiplication] [2] Starting ACSS to evaluate 50 multiplication gates
2025-12-17 02:12:39,311 INFO [root] rbc_list: [18, 20, 21, 22, 23]
2025-12-17 02:12:39,311 INFO [root] committee_size: 4
2025-12-17 02:12:39,311 INFO [root] n: 5
2025-12-17 02:12:39,311 INFO [root] f: 1
2025-12-17 02:12:39,311 INFO [root] pid: 2
2025-12-17 02:12:39,311 INFO [root] leader: 2
2025-12-17 02:12:39,311 INFO [root] [2] Sending to 0: 20
2025-12-17 02:12:39,311 INFO [root] [2] Sending to 1: 21
2025-12-17 02:12:39,312 INFO [root] [2] Sending to 2: 22
2025-12-17 02:12:39,312 INFO [root] [2] Sending to 3: 23
2025-12-17 02:12:39,312 INFO [root] [2] Starting AVID disperse
2025-12-17 02:12:39,312 INFO [root] public_keys: [{'X': '3484415939389275499417716773457837476525787569244420764674439934669744207318952129787282997917137000702511004200984', 'Y': '2669311321524225553359628154343437008513952003348550941729211730483546868683922670896016964451401588085276148970297'}, {'X': '1625867403677262403130571488422757903431824966039772345158518525778647430776957397527282011004835559089807225977063', 'Y': '2891532997359700570055213681747412549232568203702950053999151698678542912965801098819802765049209690880019022934827'}, {'X': '1906098455754244066505926322300655480163918662760944683222444887954976994688208565460763220319540453491168630969907', 'Y': '2173811363780572445874554499744561667086528523631357450342839599485261328099984095097700540329523068736355381319837'}, {'X': '1218613252158803242923547774733628449256139451710550367914553278372199724474837201280429603619702837828268248447991', 'Y': '1840650301891066900241019484312073597127953610601995410993598191276666434361952953448142240738254990016580563824'}]
2025-12-17 02:12:39,312 INFO [root] layer ID: 4 mul_pre_time: 0.364077091217041
2025-12-17 02:12:39,312 INFO [root] layer ID: 4 layer_time: 4.57069993019104
2025-12-17 02:12:39,313 INFO [root] [2] Dispersed VAL message to committee
2025-12-17 02:12:39,313 INFO [root] [2] AVSS tag: 2-0-5-B-AVSS
2025-12-17 02:12:39,313 INFO [root] [2] RBC tag: 2-0-5-B-RBC
g = {[6679831729115696150 8653662730902241269 1535610680227111361 17342916647841752903 17135755455211762752 1297449291367578485] [13451288730302620273 10097742279870053774 15949884091978425806 5885175747529691540 1016841820992199104 845620083434234474]}
h = {[13794385998538644597 108816626937764141 12130603454454490125 6127379912259600201 17481961476035825978 950355161936836191] [10722765800778186391 17107915684035394744 11626309118465119103 5217919199071354366 6102759180633827794 660535627654889709]}
Equal? false
2025-12-17 02:12:39,492 INFO [root] self.msgmode: avss_with_aggbatch_multiplication
2025-12-17 02:12:39,492 INFO [root] rbc_list: [18, 20, 21, 22, 23]
2025-12-17 02:12:39,492 INFO [root] committee_size: 4
2025-12-17 02:12:39,492 INFO [root] n: 5
2025-12-17 02:12:39,492 INFO [root] f: 1
2025-12-17 02:12:39,492 INFO [root] pid: 2
2025-12-17 02:12:39,493 INFO [root] leader: 2
2025-12-17 02:12:39,493 INFO [root] [2] Sending to 0: 20
2025-12-17 02:12:39,493 INFO [root] [2] Sending to 1: 21
2025-12-17 02:12:39,493 INFO [root] [2] Sending to 2: 22
2025-12-17 02:12:39,493 INFO [root] [2] Sending to 3: 23
2025-12-17 02:12:39,493 INFO [root] [2] Starting AVID disperse
2025-12-17 02:12:39,495 INFO [root] [2] Dispersed VAL message to committee
my_send_id: 18 exec_time: 9.577582120895386
2025-12-17 02:12:49,318 INFO [root] [2] Bytes Sent: TR4:302983 which is 14.715%
2025-12-17 02:12:49,318 INFO [root] [2] Bytes Sent: M4:652650 which is 31.698%
2025-12-17 02:12:49,318 INFO [root] [2] Bytes Sent: TR5:318428 which is 15.465%
2025-12-17 02:12:49,318 INFO [root] [2] Bytes Sent: M5:784904 which is 38.121%
2025-12-17 02:12:49,318 INFO [root] [2] Total bytes sent out aa: 2058965
2025-12-17 02:12:49,320 INFO [benchmark_logger] Total bytes sent out: 2058965
2025-12-17 02:12:49,329 ERROR [asyncio] Task was destroyed but it is pending!
task: <Task pending name='Task-35' coro=<subscribe_recv.<locals>._recv_loop() running at /opt/dumbo-mpc/dumbo-mpc/AsyRanTriGen/beaver/utils/misc.py:89> wait_for=<Future pending cb=[<TaskWakeupMethWrapper object at 0x7f15f01f5100>()]>>
Exception ignored in: <coroutine object subscribe_recv.<locals>._recv_loop at 0x7f15f12efbc0>
Traceback (most recent call last):
  File "/opt/dumbo-mpc/dumbo-mpc/AsyRanTriGen/beaver/utils/misc.py", line 89, in _recv_loop
    j, (tag, o) = await recv()
  File "/usr/lib/python3.8/asyncio/queues.py", line 165, in get
    getter.cancel()  # Just in case getter is not done yet.
  File "uvloop/loop.pyx", line 1281, in uvloop.loop.Loop.call_soon
  File "uvloop/loop.pyx", line 669, in uvloop.loop.Loop._call_soon
  File "uvloop/loop.pyx", line 678, in uvloop.loop.Loop._call_soon_handle
  File "uvloop/loop.pyx", line 673, in uvloop.loop.Loop._append_ready_handle
  File "uvloop/loop.pyx", line 705, in uvloop.loop.Loop._check_closed
RuntimeError: Event loop is closed
2025-12-17 02:12:49,330 ERROR [asyncio] Task was destroyed but it is pending!
task: <Task pending name='Task-37' coro=<subscribe_recv.<locals>._recv_loop() running at /opt/dumbo-mpc/dumbo-mpc/AsyRanTriGen/beaver/utils/misc.py:89> wait_for=<Future pending cb=[<TaskWakeupMethWrapper object at 0x7f15f01cbdc0>()]>>
Exception ignored in: <coroutine object subscribe_recv.<locals>._recv_loop at 0x7f15f0252040>
Traceback (most recent call last):
  File "/opt/dumbo-mpc/dumbo-mpc/AsyRanTriGen/beaver/utils/misc.py", line 89, in _recv_loop
    j, (tag, o) = await recv()
  File "/usr/lib/python3.8/asyncio/queues.py", line 165, in get
    getter.cancel()  # Just in case getter is not done yet.
  File "uvloop/loop.pyx", line 1281, in uvloop.loop.Loop.call_soon
  File "uvloop/loop.pyx", line 669, in uvloop.loop.Loop._call_soon
  File "uvloop/loop.pyx", line 678, in uvloop.loop.Loop._call_soon_handle
  File "uvloop/loop.pyx", line 673, in uvloop.loop.Loop._append_ready_handle
  File "uvloop/loop.pyx", line 705, in uvloop.loop.Loop._check_closed
RuntimeError: Event loop is closed
2025-12-17 02:12:49,330 ERROR [asyncio] Task was destroyed but it is pending!
task: <Task pending name='Task-49' coro=<OptimalCommonSet.fallback_timer() running at /opt/dumbo-mpc/dumbo-mpc/AsyRanTriGen/beaver/broadcast/otmvba_dyn.py:71> wait_for=<Future pending cb=[<TaskWakeupMethWrapper object at 0x7f15f01cb880>()]>>
2025-12-17 02:12:49,330 ERROR [asyncio] Task was destroyed but it is pending!
task: <Task pending name='Task-50' coro=<subscribe_recv.<locals>._recv_loop() running at /opt/dumbo-mpc/dumbo-mpc/AsyRanTriGen/beaver/utils/misc.py:89> wait_for=<Future pending cb=[<TaskWakeupMethWrapper object at 0x7f15f01f5130>()]>>
2025-12-17 02:12:49,330 ERROR [asyncio] Task was destroyed but it is pending!
task: <Task pending name='Task-52' coro=<subscribe_recv.<locals>._recv_loop() running at /opt/dumbo-mpc/dumbo-mpc/AsyRanTriGen/beaver/utils/misc.py:89> wait_for=<Future pending cb=[<TaskWakeupMethWrapper object at 0x7f15f01d8ee0>()]>>
2025-12-17 02:12:49,330 ERROR [asyncio] Task was destroyed but it is pending!
task: <Task pending name='Task-60' coro=<ACSS_Foll._recv_loop() running at /opt/dumbo-mpc/dumbo-mpc/AsyRanTriGen/beaver/hbacss.py:3694> wait_for=<Future pending cb=[<TaskWakeupMethWrapper object at 0x7f15f01ee580>()]>>
Exception ignored in: <coroutine object subscribe_recv.<locals>._recv_loop at 0x7f15f0265440>
Traceback (most recent call last):
  File "/opt/dumbo-mpc/dumbo-mpc/AsyRanTriGen/beaver/utils/misc.py", line 89, in _recv_loop
    j, (tag, o) = await recv()
  File "/usr/lib/python3.8/asyncio/queues.py", line 165, in get
    getter.cancel()  # Just in case getter is not done yet.
  File "uvloop/loop.pyx", line 1281, in uvloop.loop.Loop.call_soon
  File "uvloop/loop.pyx", line 669, in uvloop.loop.Loop._call_soon
  File "uvloop/loop.pyx", line 678, in uvloop.loop.Loop._call_soon_handle
  File "uvloop/loop.pyx", line 673, in uvloop.loop.Loop._append_ready_handle
  File "uvloop/loop.pyx", line 705, in uvloop.loop.Loop._check_closed
RuntimeError: Event loop is closed
Exception ignored in: <coroutine object subscribe_recv.<locals>._recv_loop at 0x7f15f02652c0>
Traceback (most recent call last):
  File "/opt/dumbo-mpc/dumbo-mpc/AsyRanTriGen/beaver/utils/misc.py", line 89, in _recv_loop
    j, (tag, o) = await recv()
  File "/usr/lib/python3.8/asyncio/queues.py", line 165, in get
    getter.cancel()  # Just in case getter is not done yet.
  File "uvloop/loop.pyx", line 1281, in uvloop.loop.Loop.call_soon
  File "uvloop/loop.pyx", line 669, in uvloop.loop.Loop._call_soon
  File "uvloop/loop.pyx", line 678, in uvloop.loop.Loop._call_soon_handle
  File "uvloop/loop.pyx", line 673, in uvloop.loop.Loop._append_ready_handle
  File "uvloop/loop.pyx", line 705, in uvloop.loop.Loop._check_closed
RuntimeError: Event loop is closed
Exception ignored in: <coroutine object ACSS_Foll._recv_loop at 0x7f15f01bfdc0>
Traceback (most recent call last):
  File "/opt/dumbo-mpc/dumbo-mpc/AsyRanTriGen/beaver/hbacss.py", line 3694, in _recv_loop
    await avid.disperse(tag, self.my_id, dispersal_msg_list)
  File "/opt/dumbo-mpc/dumbo-mpc/AsyRanTriGen/beaver/broadcast/avid.py", line 461, in disperse
    sender, msg = await self.recv()
  File "/usr/lib/python3.8/asyncio/queues.py", line 165, in get
    getter.cancel()  # Just in case getter is not done yet.
  File "uvloop/loop.pyx", line 1281, in uvloop.loop.Loop.call_soon
  File "uvloop/loop.pyx", line 669, in uvloop.loop.Loop._call_soon
  File "uvloop/loop.pyx", line 678, in uvloop.loop.Loop._call_soon_handle
  File "uvloop/loop.pyx", line 673, in uvloop.loop.Loop._append_ready_handle
  File "uvloop/loop.pyx", line 705, in uvloop.loop.Loop._check_closed
RuntimeError: Event loop is closed
2025-12-17 02:12:49,332 ERROR [asyncio] Task was destroyed but it is pending!
task: <Task pending name='Task-61' coro=<subscribe_recv.<locals>._recv_loop() running at /opt/dumbo-mpc/dumbo-mpc/AsyRanTriGen/beaver/utils/misc.py:89> wait_for=<Future pending cb=[<TaskWakeupMethWrapper object at 0x7f15f01f5970>()]>>
2025-12-17 02:12:49,332 ERROR [asyncio] Task was destroyed but it is pending!
task: <Task pending name='Task-39' coro=<subscribe_recv.<locals>._recv_loop() running at /opt/dumbo-mpc/dumbo-mpc/AsyRanTriGen/beaver/utils/misc.py:89> wait_for=<Future pending cb=[<TaskWakeupMethWrapper object at 0x7f15f02664f0>()]>>
2025-12-17 02:12:49,333 ERROR [asyncio] Task was destroyed but it is pending!
task: <Task pending name='Task-48' coro=<subscribe_recv.<locals>._recv_loop() running at /opt/dumbo-mpc/dumbo-mpc/AsyRanTriGen/beaver/utils/misc.py:89> wait_for=<Future pending cb=[<TaskWakeupMethWrapper object at 0x7f15f02665e0>()]>>
2025-12-17 02:12:49,333 ERROR [asyncio] Task was destroyed but it is pending!
task: <Task pending name='Task-57' coro=<ACSS_Foll._recv_loop() running at /opt/dumbo-mpc/dumbo-mpc/AsyRanTriGen/beaver/hbacss.py:3696> wait_for=<Future pending cb=[<TaskWakeupMethWrapper object at 0x7f15f01d8e20>()]>>
2025-12-17 02:12:49,333 ERROR [asyncio] Task was destroyed but it is pending!
task: <Task pending name='Task-59' coro=<ACSS_Foll._recv_loop() running at /opt/dumbo-mpc/dumbo-mpc/AsyRanTriGen/beaver/hbacss.py:3696> wait_for=<Future pending cb=[<TaskWakeupMethWrapper object at 0x7f15f01ee4f0>()]>>
2025-12-17 02:12:49,333 ERROR [asyncio] Task was destroyed but it is pending!
task: <Task pending name='Task-58' coro=<ACSS_Foll._recv_loop() running at /opt/dumbo-mpc/dumbo-mpc/AsyRanTriGen/beaver/hbacss.py:3696> wait_for=<Future pending cb=[<TaskWakeupMethWrapper object at 0x7f15f024c910>()]>>
Exception ignored in: <coroutine object subscribe_recv.<locals>._recv_loop at 0x7f15f00ff6c0>
Traceback (most recent call last):
  File "/opt/dumbo-mpc/dumbo-mpc/AsyRanTriGen/beaver/utils/misc.py", line 89, in _recv_loop
    j, (tag, o) = await recv()
  File "/usr/lib/python3.8/asyncio/queues.py", line 165, in get
    getter.cancel()  # Just in case getter is not done yet.
  File "uvloop/loop.pyx", line 1281, in uvloop.loop.Loop.call_soon
  File "uvloop/loop.pyx", line 669, in uvloop.loop.Loop._call_soon
  File "uvloop/loop.pyx", line 678, in uvloop.loop.Loop._call_soon_handle
  File "uvloop/loop.pyx", line 673, in uvloop.loop.Loop._append_ready_handle
  File "uvloop/loop.pyx", line 705, in uvloop.loop.Loop._check_closed
RuntimeError: Event loop is closed
Exception ignored in: <coroutine object subscribe_recv.<locals>._recv_loop at 0x7f15f024ef40>
Traceback (most recent call last):
  File "/opt/dumbo-mpc/dumbo-mpc/AsyRanTriGen/beaver/utils/misc.py", line 89, in _recv_loop
    j, (tag, o) = await recv()
  File "/usr/lib/python3.8/asyncio/queues.py", line 165, in get
    getter.cancel()  # Just in case getter is not done yet.
  File "uvloop/loop.pyx", line 1281, in uvloop.loop.Loop.call_soon
  File "uvloop/loop.pyx", line 669, in uvloop.loop.Loop._call_soon
  File "uvloop/loop.pyx", line 678, in uvloop.loop.Loop._call_soon_handle
  File "uvloop/loop.pyx", line 673, in uvloop.loop.Loop._append_ready_handle
  File "uvloop/loop.pyx", line 705, in uvloop.loop.Loop._check_closed
RuntimeError: Event loop is closed
Exception ignored in: <coroutine object subscribe_recv.<locals>._recv_loop at 0x7f15f0265540>
Traceback (most recent call last):
  File "/opt/dumbo-mpc/dumbo-mpc/AsyRanTriGen/beaver/utils/misc.py", line 89, in _recv_loop
    j, (tag, o) = await recv()
  File "/usr/lib/python3.8/asyncio/queues.py", line 165, in get
    getter.cancel()  # Just in case getter is not done yet.
  File "uvloop/loop.pyx", line 1281, in uvloop.loop.Loop.call_soon
  File "uvloop/loop.pyx", line 669, in uvloop.loop.Loop._call_soon
  File "uvloop/loop.pyx", line 678, in uvloop.loop.Loop._call_soon_handle
  File "uvloop/loop.pyx", line 673, in uvloop.loop.Loop._append_ready_handle
  File "uvloop/loop.pyx", line 705, in uvloop.loop.Loop._check_closed
RuntimeError: Event loop is closed
Exception ignored in: <coroutine object ACSS_Foll._recv_loop at 0x7f15f0252340>
Traceback (most recent call last):
  File "/opt/dumbo-mpc/dumbo-mpc/AsyRanTriGen/beaver/hbacss.py", line 3696, in _recv_loop
    await avid.disperse(tag, self.my_id+1, dispersal_msg_list)
  File "/opt/dumbo-mpc/dumbo-mpc/AsyRanTriGen/beaver/broadcast/avid.py", line 461, in disperse
    sender, msg = await self.recv()
  File "/usr/lib/python3.8/asyncio/queues.py", line 165, in get
    getter.cancel()  # Just in case getter is not done yet.
  File "uvloop/loop.pyx", line 1281, in uvloop.loop.Loop.call_soon
  File "uvloop/loop.pyx", line 669, in uvloop.loop.Loop._call_soon
  File "uvloop/loop.pyx", line 678, in uvloop.loop.Loop._call_soon_handle
  File "uvloop/loop.pyx", line 673, in uvloop.loop.Loop._append_ready_handle
  File "uvloop/loop.pyx", line 705, in uvloop.loop.Loop._check_closed
RuntimeError: Event loop is closed
Exception ignored in: <coroutine object ACSS_Foll._recv_loop at 0x7f15f01bfec0>
Traceback (most recent call last):
  File "/opt/dumbo-mpc/dumbo-mpc/AsyRanTriGen/beaver/hbacss.py", line 3696, in _recv_loop
    await avid.disperse(tag, self.my_id+1, dispersal_msg_list)
  File "/opt/dumbo-mpc/dumbo-mpc/AsyRanTriGen/beaver/broadcast/avid.py", line 461, in disperse
    sender, msg = await self.recv()
  File "/usr/lib/python3.8/asyncio/queues.py", line 165, in get
    getter.cancel()  # Just in case getter is not done yet.
  File "uvloop/loop.pyx", line 1281, in uvloop.loop.Loop.call_soon
  File "uvloop/loop.pyx", line 669, in uvloop.loop.Loop._call_soon
  File "uvloop/loop.pyx", line 678, in uvloop.loop.Loop._call_soon_handle
  File "uvloop/loop.pyx", line 673, in uvloop.loop.Loop._append_ready_handle
  File "uvloop/loop.pyx", line 705, in uvloop.loop.Loop._check_closed
RuntimeError: Event loop is closed
Exception ignored in: <coroutine object ACSS_Foll._recv_loop at 0x7f15f01bfbc0>
Traceback (most recent call last):
  File "/opt/dumbo-mpc/dumbo-mpc/AsyRanTriGen/beaver/hbacss.py", line 3696, in _recv_loop
    await avid.disperse(tag, self.my_id+1, dispersal_msg_list)
  File "/opt/dumbo-mpc/dumbo-mpc/AsyRanTriGen/beaver/broadcast/avid.py", line 461, in disperse
    sender, msg = await self.recv()
  File "/usr/lib/python3.8/asyncio/queues.py", line 165, in get
    getter.cancel()  # Just in case getter is not done yet.
  File "uvloop/loop.pyx", line 1281, in uvloop.loop.Loop.call_soon
  File "uvloop/loop.pyx", line 669, in uvloop.loop.Loop._call_soon
  File "uvloop/loop.pyx", line 678, in uvloop.loop.Loop._call_soon_handle
  File "uvloop/loop.pyx", line 673, in uvloop.loop.Loop._append_ready_handle
  File "uvloop/loop.pyx", line 705, in uvloop.loop.Loop._check_closed
RuntimeError: Event loop is closed
2025-12-17 02:12:49,338 ERROR [asyncio] Task was destroyed but it is pending!
task: <Task pending name='Task-47' coro=<ACSS_Foll._recv_loop() running at /opt/dumbo-mpc/dumbo-mpc/AsyRanTriGen/beaver/hbacss.py:3694> wait_for=<Future pending cb=[<TaskWakeupMethWrapper object at 0x7f15f01c38e0>()]>>
Exception ignored in: <coroutine object ACSS_Foll._recv_loop at 0x7f15f0252bc0>
Traceback (most recent call last):
  File "/opt/dumbo-mpc/dumbo-mpc/AsyRanTriGen/beaver/hbacss.py", line 3694, in _recv_loop
    await avid.disperse(tag, self.my_id, dispersal_msg_list)
  File "/opt/dumbo-mpc/dumbo-mpc/AsyRanTriGen/beaver/broadcast/avid.py", line 461, in disperse
    sender, msg = await self.recv()
  File "/usr/lib/python3.8/asyncio/queues.py", line 165, in get
    getter.cancel()  # Just in case getter is not done yet.
  File "uvloop/loop.pyx", line 1281, in uvloop.loop.Loop.call_soon
  File "uvloop/loop.pyx", line 669, in uvloop.loop.Loop._call_soon
  File "uvloop/loop.pyx", line 678, in uvloop.loop.Loop._call_soon_handle
  File "uvloop/loop.pyx", line 673, in uvloop.loop.Loop._append_ready_handle
  File "uvloop/loop.pyx", line 705, in uvloop.loop.Loop._check_closed
RuntimeError: Event loop is closed
2025-12-17 02:12:49,339 ERROR [asyncio] Task was destroyed but it is pending!
task: <Task pending name='Task-62' coro=<OptimalCommonSet.fallback_timer() running at /opt/dumbo-mpc/dumbo-mpc/AsyRanTriGen/beaver/broadcast/otmvba_dyn.py:71> wait_for=<Future pending cb=[<TaskWakeupMethWrapper object at 0x7f15f01eeac0>()]>>
2025-12-17 02:12:49,339 ERROR [asyncio] Task was destroyed but it is pending!
task: <Task pending name='Task-44' coro=<ACSS_Foll._recv_loop() running at /opt/dumbo-mpc/dumbo-mpc/AsyRanTriGen/beaver/hbacss.py:3696> wait_for=<Future pending cb=[<TaskWakeupMethWrapper object at 0x7f15f0257f70>()]>>
2025-12-17 02:12:49,339 ERROR [asyncio] Task was destroyed but it is pending!
task: <Task pending name='Task-45' coro=<ACSS_Foll._recv_loop() running at /opt/dumbo-mpc/dumbo-mpc/AsyRanTriGen/beaver/hbacss.py:3696> wait_for=<Future pending cb=[<TaskWakeupMethWrapper object at 0x7f15f0257f10>()]>>
2025-12-17 02:12:49,339 ERROR [asyncio] Task was destroyed but it is pending!
task: <Task pending name='Task-46' coro=<ACSS_Foll._recv_loop() running at /opt/dumbo-mpc/dumbo-mpc/AsyRanTriGen/beaver/hbacss.py:3696> wait_for=<Future pending cb=[<TaskWakeupMethWrapper object at 0x7f15f01cb7f0>()]>>
Exception ignored in: <coroutine object ACSS_Foll._recv_loop at 0x7f15f1308940>
Traceback (most recent call last):
  File "/opt/dumbo-mpc/dumbo-mpc/AsyRanTriGen/beaver/hbacss.py", line 3696, in _recv_loop
    await avid.disperse(tag, self.my_id+1, dispersal_msg_list)
  File "/opt/dumbo-mpc/dumbo-mpc/AsyRanTriGen/beaver/broadcast/avid.py", line 461, in disperse
    sender, msg = await self.recv()
  File "/usr/lib/python3.8/asyncio/queues.py", line 165, in get
    getter.cancel()  # Just in case getter is not done yet.
  File "uvloop/loop.pyx", line 1281, in uvloop.loop.Loop.call_soon
  File "uvloop/loop.pyx", line 669, in uvloop.loop.Loop._call_soon
  File "uvloop/loop.pyx", line 678, in uvloop.loop.Loop._call_soon_handle
  File "uvloop/loop.pyx", line 673, in uvloop.loop.Loop._append_ready_handle
  File "uvloop/loop.pyx", line 705, in uvloop.loop.Loop._check_closed
RuntimeError: Event loop is closed
Exception ignored in: <coroutine object ACSS_Foll._recv_loop at 0x7f15f024e040>
Traceback (most recent call last):
  File "/opt/dumbo-mpc/dumbo-mpc/AsyRanTriGen/beaver/hbacss.py", line 3696, in _recv_loop
    await avid.disperse(tag, self.my_id+1, dispersal_msg_list)
  File "/opt/dumbo-mpc/dumbo-mpc/AsyRanTriGen/beaver/broadcast/avid.py", line 461, in disperse
    sender, msg = await self.recv()
  File "/usr/lib/python3.8/asyncio/queues.py", line 165, in get
    getter.cancel()  # Just in case getter is not done yet.
  File "uvloop/loop.pyx", line 1281, in uvloop.loop.Loop.call_soon
  File "uvloop/loop.pyx", line 669, in uvloop.loop.Loop._call_soon
  File "uvloop/loop.pyx", line 678, in uvloop.loop.Loop._call_soon_handle
  File "uvloop/loop.pyx", line 673, in uvloop.loop.Loop._append_ready_handle
  File "uvloop/loop.pyx", line 705, in uvloop.loop.Loop._check_closed
RuntimeError: Event loop is closed
Exception ignored in: <coroutine object ACSS_Foll._recv_loop at 0x7f15f02523c0>
Traceback (most recent call last):
  File "/opt/dumbo-mpc/dumbo-mpc/AsyRanTriGen/beaver/hbacss.py", line 3696, in _recv_loop
    await avid.disperse(tag, self.my_id+1, dispersal_msg_list)
  File "/opt/dumbo-mpc/dumbo-mpc/AsyRanTriGen/beaver/broadcast/avid.py", line 461, in disperse
    sender, msg = await self.recv()
  File "/usr/lib/python3.8/asyncio/queues.py", line 165, in get
    getter.cancel()  # Just in case getter is not done yet.
  File "uvloop/loop.pyx", line 1281, in uvloop.loop.Loop.call_soon
  File "uvloop/loop.pyx", line 669, in uvloop.loop.Loop._call_soon
  File "uvloop/loop.pyx", line 678, in uvloop.loop.Loop._call_soon_handle
  File "uvloop/loop.pyx", line 673, in uvloop.loop.Loop._append_ready_handle
  File "uvloop/loop.pyx", line 705, in uvloop.loop.Loop._check_closed
RuntimeError: Event loop is closed
2025-12-17 02:12:49,343 ERROR [asyncio] Task was destroyed but it is pending!
task: <Task pending name='Task-76' coro=<rbc_dyn() running at /opt/dumbo-mpc/dumbo-mpc/AsyRanTriGen/beaver/broadcast/reliablebroadcast.py:411> wait_for=<Future cancelled>>
Exception ignored in: <coroutine object rbc_dyn at 0x7f15f00f8140>
Traceback (most recent call last):
  File "/opt/dumbo-mpc/dumbo-mpc/AsyRanTriGen/beaver/broadcast/reliablebroadcast.py", line 411, in rbc_dyn
    sender, msg = await receive()
  File "/usr/lib/python3.8/asyncio/queues.py", line 165, in get
    getter.cancel()  # Just in case getter is not done yet.
  File "uvloop/loop.pyx", line 1281, in uvloop.loop.Loop.call_soon
  File "uvloop/loop.pyx", line 669, in uvloop.loop.Loop._call_soon
  File "uvloop/loop.pyx", line 678, in uvloop.loop.Loop._call_soon_handle
  File "uvloop/loop.pyx", line 673, in uvloop.loop.Loop._append_ready_handle
  File "uvloop/loop.pyx", line 705, in uvloop.loop.Loop._check_closed
RuntimeError: Event loop is closed
2025-12-17 02:12:49,343 ERROR [asyncio] Task was destroyed but it is pending!
task: <Task pending name='Task-78' coro=<AVID_DYNAMIC.disperse() running at /opt/dumbo-mpc/dumbo-mpc/AsyRanTriGen/beaver/broadcast/avid.py:461> wait_for=<Future cancelled>>
Exception ignored in: <coroutine object AVID_DYNAMIC.disperse at 0x7f15f00f2140>
Traceback (most recent call last):
  File "/opt/dumbo-mpc/dumbo-mpc/AsyRanTriGen/beaver/broadcast/avid.py", line 461, in disperse
    sender, msg = await self.recv()
  File "/usr/lib/python3.8/asyncio/queues.py", line 165, in get
    getter.cancel()  # Just in case getter is not done yet.
  File "uvloop/loop.pyx", line 1281, in uvloop.loop.Loop.call_soon
  File "uvloop/loop.pyx", line 669, in uvloop.loop.Loop._call_soon
  File "uvloop/loop.pyx", line 678, in uvloop.loop.Loop._call_soon_handle
  File "uvloop/loop.pyx", line 673, in uvloop.loop.Loop._append_ready_handle
  File "uvloop/loop.pyx", line 705, in uvloop.loop.Loop._check_closed
RuntimeError: Event loop is closed
2025-12-17 02:12:49,344 ERROR [asyncio] Task was destroyed but it is pending!
task: <Task pending name='Task-63' coro=<subscribe_recv.<locals>._recv_loop() running at /opt/dumbo-mpc/dumbo-mpc/AsyRanTriGen/beaver/utils/misc.py:89> wait_for=<Future pending cb=[<TaskWakeupMethWrapper object at 0x7f15f01cbd60>()]>>
2025-12-17 02:12:49,344 ERROR [asyncio] Task was destroyed but it is pending!
task: <Task pending name='Task-66' coro=<subscribe_recv.<locals>._recv_loop() running at /opt/dumbo-mpc/dumbo-mpc/AsyRanTriGen/beaver/utils/misc.py:89> wait_for=<Future pending cb=[<TaskWakeupMethWrapper object at 0x7f15f01d8160>()]>>
2025-12-17 02:12:49,344 ERROR [asyncio] Task was destroyed but it is pending!
task: <Task pending name='Task-68' coro=<subscribe_recv.<locals>._recv_loop() running at /opt/dumbo-mpc/dumbo-mpc/AsyRanTriGen/beaver/utils/misc.py:89> wait_for=<Future pending cb=[<TaskWakeupMethWrapper object at 0x7f15f01eee20>()]>>
Exception ignored in: <coroutine object subscribe_recv.<locals>._recv_loop at 0x7f15f00ffec0>
Traceback (most recent call last):
  File "/opt/dumbo-mpc/dumbo-mpc/AsyRanTriGen/beaver/utils/misc.py", line 89, in _recv_loop
    j, (tag, o) = await recv()
  File "/usr/lib/python3.8/asyncio/queues.py", line 165, in get
    getter.cancel()  # Just in case getter is not done yet.
  File "uvloop/loop.pyx", line 1281, in uvloop.loop.Loop.call_soon
  File "uvloop/loop.pyx", line 669, in uvloop.loop.Loop._call_soon
  File "uvloop/loop.pyx", line 678, in uvloop.loop.Loop._call_soon_handle
  File "uvloop/loop.pyx", line 673, in uvloop.loop.Loop._append_ready_handle
  File "uvloop/loop.pyx", line 705, in uvloop.loop.Loop._check_closed
RuntimeError: Event loop is closed
Exception ignored in: <coroutine object subscribe_recv.<locals>._recv_loop at 0x7f15f01dc340>
Traceback (most recent call last):
  File "/opt/dumbo-mpc/dumbo-mpc/AsyRanTriGen/beaver/utils/misc.py", line 89, in _recv_loop
    j, (tag, o) = await recv()
  File "/usr/lib/python3.8/asyncio/queues.py", line 165, in get
    getter.cancel()  # Just in case getter is not done yet.
  File "uvloop/loop.pyx", line 1281, in uvloop.loop.Loop.call_soon
  File "uvloop/loop.pyx", line 669, in uvloop.loop.Loop._call_soon
  File "uvloop/loop.pyx", line 678, in uvloop.loop.Loop._call_soon_handle
  File "uvloop/loop.pyx", line 673, in uvloop.loop.Loop._append_ready_handle
  File "uvloop/loop.pyx", line 705, in uvloop.loop.Loop._check_closed
RuntimeError: Event loop is closed
Exception ignored in: <coroutine object subscribe_recv.<locals>._recv_loop at 0x7f15f01dc740>
Traceback (most recent call last):
  File "/opt/dumbo-mpc/dumbo-mpc/AsyRanTriGen/beaver/utils/misc.py", line 89, in _recv_loop
    j, (tag, o) = await recv()
  File "/usr/lib/python3.8/asyncio/queues.py", line 165, in get
    getter.cancel()  # Just in case getter is not done yet.
  File "uvloop/loop.pyx", line 1281, in uvloop.loop.Loop.call_soon
  File "uvloop/loop.pyx", line 669, in uvloop.loop.Loop._call_soon
  File "uvloop/loop.pyx", line 678, in uvloop.loop.Loop._call_soon_handle
  File "uvloop/loop.pyx", line 673, in uvloop.loop.Loop._append_ready_handle
  File "uvloop/loop.pyx", line 705, in uvloop.loop.Loop._check_closed
RuntimeError: Event loop is closed
2025-12-17 02:12:49,345 ERROR [asyncio] Task was destroyed but it is pending!
task: <Task pending name='Task-74' coro=<subscribe_recv.<locals>._recv_loop() running at /opt/dumbo-mpc/dumbo-mpc/AsyRanTriGen/beaver/utils/misc.py:89> wait_for=<Future pending cb=[<TaskWakeupMethWrapper object at 0x7f15f01f56d0>()]>>
2025-12-17 02:12:49,345 ERROR [asyncio] Task was destroyed but it is pending!
task: <Task pending name='Task-70' coro=<rbc_dyn() running at /opt/dumbo-mpc/dumbo-mpc/AsyRanTriGen/beaver/broadcast/reliablebroadcast.py:411> wait_for=<Future pending cb=[<TaskWakeupMethWrapper object at 0x7f15f01d8d60>()]>>
Exception ignored in: <coroutine object subscribe_recv.<locals>._recv_loop at 0x7f15f01dcb40>
Traceback (most recent call last):
  File "/opt/dumbo-mpc/dumbo-mpc/AsyRanTriGen/beaver/utils/misc.py", line 89, in _recv_loop
    j, (tag, o) = await recv()
  File "/usr/lib/python3.8/asyncio/queues.py", line 165, in get
    getter.cancel()  # Just in case getter is not done yet.
  File "uvloop/loop.pyx", line 1281, in uvloop.loop.Loop.call_soon
  File "uvloop/loop.pyx", line 669, in uvloop.loop.Loop._call_soon
  File "uvloop/loop.pyx", line 678, in uvloop.loop.Loop._call_soon_handle
  File "uvloop/loop.pyx", line 673, in uvloop.loop.Loop._append_ready_handle
  File "uvloop/loop.pyx", line 705, in uvloop.loop.Loop._check_closed
RuntimeError: Event loop is closed
2025-12-17 02:12:49,346 ERROR [asyncio] Task was destroyed but it is pending!
task: <Task pending name='Task-73' coro=<AVID_DYNAMIC.disperse() running at /opt/dumbo-mpc/dumbo-mpc/AsyRanTriGen/beaver/broadcast/avid.py:461> wait_for=<Future pending cb=[<TaskWakeupMethWrapper object at 0x7f15f01f53a0>()]>>
Exception ignored in: <coroutine object rbc_dyn at 0x7f15f01dc6c0>
Traceback (most recent call last):
  File "/opt/dumbo-mpc/dumbo-mpc/AsyRanTriGen/beaver/broadcast/reliablebroadcast.py", line 411, in rbc_dyn
    sender, msg = await receive()
  File "/usr/lib/python3.8/asyncio/queues.py", line 165, in get
    getter.cancel()  # Just in case getter is not done yet.
  File "uvloop/loop.pyx", line 1281, in uvloop.loop.Loop.call_soon
  File "uvloop/loop.pyx", line 669, in uvloop.loop.Loop._call_soon
  File "uvloop/loop.pyx", line 678, in uvloop.loop.Loop._call_soon_handle
  File "uvloop/loop.pyx", line 673, in uvloop.loop.Loop._append_ready_handle
  File "uvloop/loop.pyx", line 705, in uvloop.loop.Loop._check_closed
RuntimeError: Event loop is closed
Exception ignored in: <coroutine object AVID_DYNAMIC.disperse at 0x7f15f00f80c0>
Traceback (most recent call last):
  File "/opt/dumbo-mpc/dumbo-mpc/AsyRanTriGen/beaver/broadcast/avid.py", line 461, in disperse
    sender, msg = await self.recv()
  File "/usr/lib/python3.8/asyncio/queues.py", line 165, in get
    getter.cancel()  # Just in case getter is not done yet.
  File "uvloop/loop.pyx", line 1281, in uvloop.loop.Loop.call_soon
  File "uvloop/loop.pyx", line 669, in uvloop.loop.Loop._call_soon
  File "uvloop/loop.pyx", line 678, in uvloop.loop.Loop._call_soon_handle
  File "uvloop/loop.pyx", line 673, in uvloop.loop.Loop._append_ready_handle
  File "uvloop/loop.pyx", line 705, in uvloop.loop.Loop._check_closed
RuntimeError: Event loop is closed
