Warning: Permanently added '106.53.26.38' (ECDSA) to the list of known hosts.
Creating dumbo-mpc_dumbo-mpc_run ... 
Creating dumbo-mpc_dumbo-mpc_run ... done
2025-08-23 08:15:36,598 INFO [root] Running ADMPC ...
2025-08-23 08:15:37,076 INFO [root] my_send_id: 61
2025-08-23 08:15:37,155 INFO [root] ADMPC start time: 1755936937.1555731
2025-08-23 08:15:37,155 INFO [root] [Layer 4] Reached run_admpc checkpoint
2025-08-23 08:15:37,156 INFO [beaver.transfer] [9] Starting DynamicTransfer_Foll
2025-08-23 08:15:37,156 INFO [beaver.transfer] [9] Starting ACSS to share 0 secrets
2025-08-23 08:15:37,156 INFO [root] [9] Starting Batch AVSS. Id: 0, Dealer Id: 0, Client Mode: False
2025-08-23 08:15:37,156 INFO [root] [9] AVSS tag: 0-0-4-B-AVSS
2025-08-23 08:15:37,156 INFO [root] [9] RBC tag: 0-0-4-B-RBC
2025-08-23 08:15:37,156 INFO [root] [9] Starting AVSS with shares_num: 0, dealer_id: 0, client_mode: False
2025-08-23 08:15:37,156 INFO [root] rbc_list: [39, 52, 53, 54, 55, 56, 57, 58, 59, 60, 61, 62, 63, 64]
2025-08-23 08:15:37,156 INFO [root] committee_size: 13
2025-08-23 08:15:37,156 INFO [root] n: 14
2025-08-23 08:15:37,156 INFO [root] f: 4
2025-08-23 08:15:37,156 INFO [root] pid: 10
2025-08-23 08:15:37,156 INFO [root] leader: 0
2025-08-23 08:15:37,156 INFO [root] [9] Starting Batch AVSS. Id: 0, Dealer Id: 1, Client Mode: False
2025-08-23 08:15:37,156 INFO [root] [9] AVSS tag: 1-0-4-B-AVSS
2025-08-23 08:15:37,156 INFO [root] [9] RBC tag: 1-0-4-B-RBC
2025-08-23 08:15:37,156 INFO [root] [9] Starting AVSS with shares_num: 0, dealer_id: 1, client_mode: False
2025-08-23 08:15:37,157 INFO [root] rbc_list: [40, 52, 53, 54, 55, 56, 57, 58, 59, 60, 61, 62, 63, 64]
2025-08-23 08:15:37,157 INFO [root] committee_size: 13
2025-08-23 08:15:37,157 INFO [root] n: 14
2025-08-23 08:15:37,157 INFO [root] f: 4
2025-08-23 08:15:37,157 INFO [root] pid: 10
2025-08-23 08:15:37,157 INFO [root] leader: 1
2025-08-23 08:15:37,157 INFO [root] [9] Starting Batch AVSS. Id: 0, Dealer Id: 2, Client Mode: False
2025-08-23 08:15:37,157 INFO [root] [9] AVSS tag: 2-0-4-B-AVSS
2025-08-23 08:15:37,157 INFO [root] [9] RBC tag: 2-0-4-B-RBC
2025-08-23 08:15:37,157 INFO [root] [9] Starting AVSS with shares_num: 0, dealer_id: 2, client_mode: False
2025-08-23 08:15:37,157 INFO [root] rbc_list: [41, 52, 53, 54, 55, 56, 57, 58, 59, 60, 61, 62, 63, 64]
2025-08-23 08:15:37,157 INFO [root] committee_size: 13
2025-08-23 08:15:37,157 INFO [root] n: 14
2025-08-23 08:15:37,157 INFO [root] f: 4
2025-08-23 08:15:37,157 INFO [root] pid: 10
2025-08-23 08:15:37,157 INFO [root] leader: 2
2025-08-23 08:15:37,157 INFO [root] [9] Starting Batch AVSS. Id: 0, Dealer Id: 3, Client Mode: False
2025-08-23 08:15:37,157 INFO [root] [9] AVSS tag: 3-0-4-B-AVSS
2025-08-23 08:15:37,157 INFO [root] [9] RBC tag: 3-0-4-B-RBC
2025-08-23 08:15:37,157 INFO [root] [9] Starting AVSS with shares_num: 0, dealer_id: 3, client_mode: False
2025-08-23 08:15:37,157 INFO [root] rbc_list: [42, 52, 53, 54, 55, 56, 57, 58, 59, 60, 61, 62, 63, 64]
2025-08-23 08:15:37,157 INFO [root] committee_size: 13
2025-08-23 08:15:37,157 INFO [root] n: 14
2025-08-23 08:15:37,157 INFO [root] f: 4
2025-08-23 08:15:37,157 INFO [root] pid: 10
2025-08-23 08:15:37,157 INFO [root] leader: 3
2025-08-23 08:15:37,157 INFO [root] [9] Starting Batch AVSS. Id: 0, Dealer Id: 4, Client Mode: False
2025-08-23 08:15:37,157 INFO [root] [9] AVSS tag: 4-0-4-B-AVSS
2025-08-23 08:15:37,157 INFO [root] [9] RBC tag: 4-0-4-B-RBC
2025-08-23 08:15:37,157 INFO [root] [9] Starting AVSS with shares_num: 0, dealer_id: 4, client_mode: False
2025-08-23 08:15:37,158 INFO [root] rbc_list: [43, 52, 53, 54, 55, 56, 57, 58, 59, 60, 61, 62, 63, 64]
2025-08-23 08:15:37,158 INFO [root] committee_size: 13
2025-08-23 08:15:37,158 INFO [root] n: 14
2025-08-23 08:15:37,158 INFO [root] f: 4
2025-08-23 08:15:37,158 INFO [root] pid: 10
2025-08-23 08:15:37,158 INFO [root] leader: 4
2025-08-23 08:15:37,158 INFO [root] [9] Starting Batch AVSS. Id: 0, Dealer Id: 5, Client Mode: False
2025-08-23 08:15:37,158 INFO [root] [9] AVSS tag: 5-0-4-B-AVSS
2025-08-23 08:15:37,158 INFO [root] [9] RBC tag: 5-0-4-B-RBC
2025-08-23 08:15:37,158 INFO [root] [9] Starting AVSS with shares_num: 0, dealer_id: 5, client_mode: False
2025-08-23 08:15:37,158 INFO [root] rbc_list: [44, 52, 53, 54, 55, 56, 57, 58, 59, 60, 61, 62, 63, 64]
2025-08-23 08:15:37,158 INFO [root] committee_size: 13
2025-08-23 08:15:37,158 INFO [root] n: 14
2025-08-23 08:15:37,158 INFO [root] f: 4
2025-08-23 08:15:37,158 INFO [root] pid: 10
2025-08-23 08:15:37,158 INFO [root] leader: 5
2025-08-23 08:15:37,158 INFO [root] [9] Starting Batch AVSS. Id: 0, Dealer Id: 6, Client Mode: False
2025-08-23 08:15:37,158 INFO [root] [9] AVSS tag: 6-0-4-B-AVSS
2025-08-23 08:15:37,158 INFO [root] [9] RBC tag: 6-0-4-B-RBC
2025-08-23 08:15:37,159 INFO [root] [9] Starting AVSS with shares_num: 0, dealer_id: 6, client_mode: False
2025-08-23 08:15:37,159 INFO [root] rbc_list: [45, 52, 53, 54, 55, 56, 57, 58, 59, 60, 61, 62, 63, 64]
2025-08-23 08:15:37,159 INFO [root] committee_size: 13
2025-08-23 08:15:37,159 INFO [root] n: 14
2025-08-23 08:15:37,159 INFO [root] f: 4
2025-08-23 08:15:37,159 INFO [root] pid: 10
2025-08-23 08:15:37,159 INFO [root] leader: 6
2025-08-23 08:15:37,159 INFO [root] [9] Starting Batch AVSS. Id: 0, Dealer Id: 7, Client Mode: False
2025-08-23 08:15:37,159 INFO [root] [9] AVSS tag: 7-0-4-B-AVSS
2025-08-23 08:15:37,159 INFO [root] [9] RBC tag: 7-0-4-B-RBC
2025-08-23 08:15:37,159 INFO [root] [9] Starting AVSS with shares_num: 0, dealer_id: 7, client_mode: False
2025-08-23 08:15:37,159 INFO [root] rbc_list: [46, 52, 53, 54, 55, 56, 57, 58, 59, 60, 61, 62, 63, 64]
2025-08-23 08:15:37,159 INFO [root] committee_size: 13
2025-08-23 08:15:37,159 INFO [root] n: 14
2025-08-23 08:15:37,160 INFO [root] f: 4
2025-08-23 08:15:37,160 INFO [root] pid: 10
2025-08-23 08:15:37,160 INFO [root] leader: 7
2025-08-23 08:15:37,160 INFO [root] [9] Starting Batch AVSS. Id: 0, Dealer Id: 8, Client Mode: False
2025-08-23 08:15:37,160 INFO [root] [9] AVSS tag: 8-0-4-B-AVSS
2025-08-23 08:15:37,160 INFO [root] [9] RBC tag: 8-0-4-B-RBC
2025-08-23 08:15:37,160 INFO [root] [9] Starting AVSS with shares_num: 0, dealer_id: 8, client_mode: False
2025-08-23 08:15:37,160 INFO [root] rbc_list: [47, 52, 53, 54, 55, 56, 57, 58, 59, 60, 61, 62, 63, 64]
2025-08-23 08:15:37,160 INFO [root] committee_size: 13
2025-08-23 08:15:37,160 INFO [root] n: 14
2025-08-23 08:15:37,160 INFO [root] f: 4
2025-08-23 08:15:37,160 INFO [root] pid: 10
2025-08-23 08:15:37,160 INFO [root] leader: 8
2025-08-23 08:15:37,160 INFO [root] [9] Starting Batch AVSS. Id: 0, Dealer Id: 9, Client Mode: False
2025-08-23 08:15:37,160 INFO [root] [9] AVSS tag: 9-0-4-B-AVSS
2025-08-23 08:15:37,160 INFO [root] [9] RBC tag: 9-0-4-B-RBC
2025-08-23 08:15:37,160 INFO [root] [9] Starting AVSS with shares_num: 0, dealer_id: 9, client_mode: False
2025-08-23 08:15:37,160 INFO [root] rbc_list: [48, 52, 53, 54, 55, 56, 57, 58, 59, 60, 61, 62, 63, 64]
2025-08-23 08:15:37,160 INFO [root] committee_size: 13
2025-08-23 08:15:37,160 INFO [root] n: 14
2025-08-23 08:15:37,161 INFO [root] f: 4
2025-08-23 08:15:37,161 INFO [root] pid: 10
2025-08-23 08:15:37,161 INFO [root] leader: 9
2025-08-23 08:15:37,161 INFO [root] [9] Starting Batch AVSS. Id: 0, Dealer Id: 10, Client Mode: False
2025-08-23 08:15:37,161 INFO [root] [9] AVSS tag: 10-0-4-B-AVSS
2025-08-23 08:15:37,161 INFO [root] [9] RBC tag: 10-0-4-B-RBC
2025-08-23 08:15:37,161 INFO [root] [9] Starting AVSS with shares_num: 0, dealer_id: 10, client_mode: False
2025-08-23 08:15:37,161 INFO [root] rbc_list: [49, 52, 53, 54, 55, 56, 57, 58, 59, 60, 61, 62, 63, 64]
2025-08-23 08:15:37,161 INFO [root] committee_size: 13
2025-08-23 08:15:37,161 INFO [root] n: 14
2025-08-23 08:15:37,161 INFO [root] f: 4
2025-08-23 08:15:37,161 INFO [root] pid: 9
2025-08-23 08:15:37,161 INFO [root] leader: 10
2025-08-23 08:15:37,161 INFO [root] [9] Starting Batch AVSS. Id: 0, Dealer Id: 11, Client Mode: False
2025-08-23 08:15:37,161 INFO [root] [9] AVSS tag: 11-0-4-B-AVSS
2025-08-23 08:15:37,161 INFO [root] [9] RBC tag: 11-0-4-B-RBC
2025-08-23 08:15:37,161 INFO [root] [9] Starting AVSS with shares_num: 0, dealer_id: 11, client_mode: False
2025-08-23 08:15:37,161 INFO [root] rbc_list: [50, 52, 53, 54, 55, 56, 57, 58, 59, 60, 61, 62, 63, 64]
2025-08-23 08:15:37,161 INFO [root] committee_size: 13
2025-08-23 08:15:37,161 INFO [root] n: 14
2025-08-23 08:15:37,162 INFO [root] f: 4
2025-08-23 08:15:37,162 INFO [root] pid: 9
2025-08-23 08:15:37,162 INFO [root] leader: 11
2025-08-23 08:15:37,162 INFO [root] [9] Starting Batch AVSS. Id: 0, Dealer Id: 12, Client Mode: False
2025-08-23 08:15:37,162 INFO [root] [9] AVSS tag: 12-0-4-B-AVSS
2025-08-23 08:15:37,162 INFO [root] [9] RBC tag: 12-0-4-B-RBC
2025-08-23 08:15:37,162 INFO [root] [9] Starting AVSS with shares_num: 0, dealer_id: 12, client_mode: False
2025-08-23 08:15:37,162 INFO [root] rbc_list: [51, 52, 53, 54, 55, 56, 57, 58, 59, 60, 61, 62, 63, 64]
2025-08-23 08:15:37,162 INFO [root] committee_size: 13
2025-08-23 08:15:37,162 INFO [root] n: 14
2025-08-23 08:15:37,162 INFO [root] f: 4
2025-08-23 08:15:37,162 INFO [root] pid: 9
2025-08-23 08:15:37,162 INFO [root] leader: 12
