Warning: Permanently added '111.229.141.164' (ECDSA) to the list of known hosts.
Creating dumbo-mpc_dumbo-mpc_run ... 
Creating dumbo-mpc_dumbo-mpc_run ... done
2025-12-17 02:12:33,975 INFO [root] Running ADMPC ...
2025-12-17 02:12:34,780 INFO [root] my_send_id: 6
2025-12-17 02:12:34,804 INFO [root] ADMPC start time: 1765937554.8043203
2025-12-17 02:12:34,804 INFO [root] [Layer 1] Reached run_admpc checkpoint
2025-12-17 02:12:34,805 INFO [root] [2] Starting Batch AVSS. Id: 0, Dealer Id: 0, Client Mode: False
2025-12-17 02:12:34,805 INFO [root] [2] AVSS tag: 0-0-1-B-AVSS
2025-12-17 02:12:34,805 INFO [root] [2] RBC tag: 0-0-1-B-RBC
2025-12-17 02:12:34,805 INFO [root] [2] Starting AVSS with shares_num: 50, dealer_id: 0, client_mode: False
2025-12-17 02:12:34,805 INFO [root] rbc_list: [0, 4, 5, 6, 7]
2025-12-17 02:12:34,805 INFO [root] committee_size: 4
2025-12-17 02:12:34,805 INFO [root] n: 5
2025-12-17 02:12:34,805 INFO [root] f: 1
2025-12-17 02:12:34,805 INFO [root] pid: 3
2025-12-17 02:12:34,805 INFO [root] leader: 0
2025-12-17 02:12:34,805 INFO [root] [2] Starting Batch AVSS. Id: 0, Dealer Id: 1, Client Mode: False
2025-12-17 02:12:34,805 INFO [root] [2] AVSS tag: 1-0-1-B-AVSS
2025-12-17 02:12:34,805 INFO [root] [2] RBC tag: 1-0-1-B-RBC
2025-12-17 02:12:34,805 INFO [root] [2] Starting AVSS with shares_num: 50, dealer_id: 1, client_mode: False
2025-12-17 02:12:34,806 INFO [root] rbc_list: [1, 4, 5, 6, 7]
2025-12-17 02:12:34,806 INFO [root] committee_size: 4
2025-12-17 02:12:34,806 INFO [root] n: 5
2025-12-17 02:12:34,806 INFO [root] f: 1
2025-12-17 02:12:34,806 INFO [root] pid: 3
2025-12-17 02:12:34,806 INFO [root] leader: 1
2025-12-17 02:12:34,807 INFO [root] [2] Starting Batch AVSS. Id: 0, Dealer Id: 2, Client Mode: False
2025-12-17 02:12:34,807 INFO [root] [2] AVSS tag: 2-0-1-B-AVSS
2025-12-17 02:12:34,807 INFO [root] [2] RBC tag: 2-0-1-B-RBC
2025-12-17 02:12:34,807 INFO [root] [2] Starting AVSS with shares_num: 50, dealer_id: 2, client_mode: False
2025-12-17 02:12:34,807 INFO [root] rbc_list: [2, 4, 5, 6, 7]
2025-12-17 02:12:34,807 INFO [root] committee_size: 4
2025-12-17 02:12:34,807 INFO [root] n: 5
2025-12-17 02:12:34,807 INFO [root] f: 1
2025-12-17 02:12:34,808 INFO [root] pid: 3
2025-12-17 02:12:34,808 INFO [root] leader: 2
2025-12-17 02:12:34,808 INFO [root] [2] Starting Batch AVSS. Id: 0, Dealer Id: 3, Client Mode: False
2025-12-17 02:12:34,808 INFO [root] [2] AVSS tag: 3-0-1-B-AVSS
2025-12-17 02:12:34,808 INFO [root] [2] RBC tag: 3-0-1-B-RBC
2025-12-17 02:12:34,808 INFO [root] [2] Starting AVSS with shares_num: 50, dealer_id: 3, client_mode: False
2025-12-17 02:12:34,809 INFO [root] rbc_list: [3, 4, 5, 6, 7]
2025-12-17 02:12:34,809 INFO [root] committee_size: 4
2025-12-17 02:12:34,809 INFO [root] n: 5
2025-12-17 02:12:34,809 INFO [root] f: 1
2025-12-17 02:12:34,809 INFO [root] pid: 2
2025-12-17 02:12:34,809 INFO [root] leader: 3
2025-12-17 02:12:34,948 INFO [root] [3] Received VAL message from 1
2025-12-17 02:12:34,949 INFO [root] entering n == commitee_size + 1
2025-12-17 02:12:34,949 INFO [root] [3] sender: 1, leader: 1
2025-12-17 02:12:34,949 INFO [root] [3] Successfully validated VAL message
2025-12-17 02:12:34,949 INFO [root] [3] Broadcasted ECHO message for roothash b']\x85}"\x8b.d\x13\x95J\xc7\xf3\xf6)\xca\x04*\xcf\xc9~\xdb\r\x9b\x9d\x011C\'\xb5gk2'
2025-12-17 02:12:34,949 INFO [root] broadcast Sending to 1: 4
2025-12-17 02:12:34,949 INFO [root] broadcast Sending to 2: 5
2025-12-17 02:12:34,949 INFO [root] broadcast Sending to 3: 6
2025-12-17 02:12:34,949 INFO [root] broadcast Sending to 4: 7
2025-12-17 02:12:34,949 INFO [root] [3] Received ECHO message from 6
2025-12-17 02:12:34,950 INFO [root] [3] Received ECHO message from 4
2025-12-17 02:12:34,950 INFO [root] [3] Received ECHO message from 5
2025-12-17 02:12:34,950 INFO [root] [3] Broadcasted READY message for roothash b']\x85}"\x8b.d\x13\x95J\xc7\xf3\xf6)\xca\x04*\xcf\xc9~\xdb\r\x9b\x9d\x011C\'\xb5gk2'
2025-12-17 02:12:34,950 INFO [root] broadcast Sending to 1: 4
2025-12-17 02:12:34,950 INFO [root] broadcast Sending to 2: 5
2025-12-17 02:12:34,950 INFO [root] broadcast Sending to 3: 6
2025-12-17 02:12:34,950 INFO [root] broadcast Sending to 4: 7
2025-12-17 02:12:34,950 INFO [root] [3] Received READY message from 6
2025-12-17 02:12:34,951 INFO [root] [3] Received READY message from 5
2025-12-17 02:12:34,976 INFO [root] [3] Received READY message from 4
2025-12-17 02:12:34,977 INFO [root] Decoding output for roothash: b']\x85}"\x8b.d\x13\x95J\xc7\xf3\xf6)\xca\x04*\xcf\xc9~\xdb\r\x9b\x9d\x011C\'\xb5gk2'
2025-12-17 02:12:34,977 INFO [root] [2] Received RBC message
2025-12-17 02:12:34,977 INFO [root] multicast list: [4, 5, 6, 7]
2025-12-17 02:12:34,977 INFO [root] before avid.retrieve
2025-12-17 02:12:34,977 INFO [root] AVID broadcast to 1: 4
2025-12-17 02:12:34,977 INFO [root] AVID broadcast to 2: 5
2025-12-17 02:12:34,977 INFO [root] AVID broadcast to 3: 6
2025-12-17 02:12:34,977 INFO [root] AVID broadcast to 4: 7
2025-12-17 02:12:34,978 INFO [root] AVID broadcast to 1: 4
2025-12-17 02:12:34,978 INFO [root] AVID broadcast to 2: 5
2025-12-17 02:12:34,978 INFO [root] AVID broadcast to 3: 6
2025-12-17 02:12:34,978 INFO [root] AVID broadcast to 4: 7
2025-12-17 02:12:34,979 INFO [root] 1-0-1-B-AVSS 2 RETRIEVE called.
2025-12-17 02:12:34,979 INFO [root] AVID broadcast to 1: 4
2025-12-17 02:12:34,979 INFO [root] AVID broadcast to 2: 5
2025-12-17 02:12:34,979 INFO [root] AVID broadcast to 3: 6
2025-12-17 02:12:34,979 INFO [root] AVID broadcast to 4: 7
2025-12-17 02:12:34,980 INFO [root] 1-0-1-B-AVSS 2 RETRIEVE broadcasted.
2025-12-17 02:12:34,980 INFO [root] disperse msid: 1-0-1-B-AVSS, index: 2
2025-12-17 02:12:34,980 INFO [root] AVID retrieve called with sid: 1-0-1-B-AVID, index: 2
2025-12-17 02:12:34,980 INFO [root] 1-0-1-B-AVSS 2 AVID retrieve msg from 6
2025-12-17 02:12:34,980 INFO [root] AVID retrieve response received
2025-12-17 02:12:34,980 INFO [root] retrieve msid: 1-0-1-B-AVID, response_index: 2
2025-12-17 02:12:34,980 INFO [root] RESPONSE from 6
2025-12-17 02:12:34,980 INFO [root] sender self.committee_size: 2
2025-12-17 02:12:34,981 INFO [root] disperse msid: 1-0-1-B-AVSS, index: 1
2025-12-17 02:12:34,981 INFO [root] AVID retrieve called with sid: 1-0-1-B-AVID, index: 1
2025-12-17 02:12:34,981 INFO [root] disperse msid: 1-0-1-B-AVSS, index: 0
2025-12-17 02:12:34,981 INFO [root] AVID retrieve called with sid: 1-0-1-B-AVID, index: 0
2025-12-17 02:12:34,981 INFO [root] [3] Received VAL message from 2
2025-12-17 02:12:34,981 INFO [root] entering n == commitee_size + 1
2025-12-17 02:12:34,981 INFO [root] [3] sender: 2, leader: 2
2025-12-17 02:12:34,981 INFO [root] [3] Successfully validated VAL message
2025-12-17 02:12:34,981 INFO [root] [3] Broadcasted ECHO message for roothash b'\xf2\x9f5\xaa\x15\x87\x91\x00ct\x1d\x91\xd7\x98\xc1\xbdX\x88K\x16(\xdd^\xc9\xba\xa1\xae5\xa7):p'
2025-12-17 02:12:34,981 INFO [root] broadcast Sending to 1: 4
2025-12-17 02:12:34,981 INFO [root] broadcast Sending to 2: 5
2025-12-17 02:12:34,981 INFO [root] broadcast Sending to 3: 6
2025-12-17 02:12:34,981 INFO [root] broadcast Sending to 4: 7
2025-12-17 02:12:34,982 INFO [root] [3] Received ECHO message from 6
2025-12-17 02:12:34,982 INFO [root] 1-0-1-B-AVSS 2 AVID retrieve msg from 5
2025-12-17 02:12:34,982 INFO [root] AVID retrieve response received
2025-12-17 02:12:34,982 INFO [root] retrieve msid: 1-0-1-B-AVID, response_index: 2
2025-12-17 02:12:34,982 INFO [root] RESPONSE from 5
2025-12-17 02:12:34,982 INFO [root] sender self.committee_size: 1
2025-12-17 02:12:34,982 INFO [root] 1-0-1-B-AVSS 2 RETRIEVE complete.
2025-12-17 02:12:34,982 INFO [root] after avid.retrieve dispersal_msg
2025-12-17 02:12:34,982 INFO [root] Handling dealer messages for dealer_id: 1, tag: 1-0-1-B-AVSS
2025-12-17 02:12:34,983 INFO [root] Decrypting dispersal message from dealer_id 1
2025-12-17 02:12:35,000 INFO [root] shares verified successfully
2025-12-17 02:12:35,000 INFO [root] all_shares_valid: True
2025-12-17 02:12:35,000 INFO [root] after _handle_dealer_msgs, all_shares_valid
2025-12-17 02:12:35,001 INFO [root] self.tagvars[tag]['all_shares_valid']: True
2025-12-17 02:12:35,001 INFO [root] avss_without_proof dealer_id: 1
2025-12-17 02:12:35,001 INFO [root] multicast to 4
2025-12-17 02:12:35,001 INFO [root] multicast to 5
2025-12-17 02:12:35,001 INFO [root] multicast to 6
2025-12-17 02:12:35,001 INFO [root] multicast to 7
2025-12-17 02:12:35,001 INFO [root] layer ID: 1 received shares from dealer 1
2025-12-17 02:12:35,001 INFO [root] [2] Received OK from [6]
2025-12-17 02:12:35,001 INFO [root] [2] OK set: {6}
2025-12-17 02:12:35,001 INFO [root] output: True
2025-12-17 02:12:35,001 INFO [root] [3] Received ECHO message from 5
2025-12-17 02:12:35,002 INFO [root] [3] Received ECHO message from 4
2025-12-17 02:12:35,002 INFO [root] [3] Broadcasted READY message for roothash b'\xf2\x9f5\xaa\x15\x87\x91\x00ct\x1d\x91\xd7\x98\xc1\xbdX\x88K\x16(\xdd^\xc9\xba\xa1\xae5\xa7):p'
2025-12-17 02:12:35,002 INFO [root] broadcast Sending to 1: 4
2025-12-17 02:12:35,002 INFO [root] broadcast Sending to 2: 5
2025-12-17 02:12:35,002 INFO [root] broadcast Sending to 3: 6
2025-12-17 02:12:35,002 INFO [root] broadcast Sending to 4: 7
2025-12-17 02:12:35,002 INFO [root] [3] Received READY message from 6
2025-12-17 02:12:35,002 INFO [root] [2] Received OK from [5]
2025-12-17 02:12:35,002 INFO [root] [2] OK set: {5, 6}
2025-12-17 02:12:35,002 INFO [root] output: True
2025-12-17 02:12:35,003 INFO [root] [3] Received READY message from 5
2025-12-17 02:12:35,040 INFO [root] [3] Received READY message from 4
2025-12-17 02:12:35,040 INFO [root] Decoding output for roothash: b'\xf2\x9f5\xaa\x15\x87\x91\x00ct\x1d\x91\xd7\x98\xc1\xbdX\x88K\x16(\xdd^\xc9\xba\xa1\xae5\xa7):p'
2025-12-17 02:12:35,040 INFO [root] [2] Received RBC message
2025-12-17 02:12:35,041 INFO [root] multicast list: [4, 5, 6, 7]
2025-12-17 02:12:35,041 INFO [root] before avid.retrieve
2025-12-17 02:12:35,041 INFO [root] [2] Received OK from [4]
2025-12-17 02:12:35,041 INFO [root] [2] OK set: {4, 5, 6}
2025-12-17 02:12:35,041 INFO [root] output: True
2025-12-17 02:12:35,041 INFO [root] AVID broadcast to 1: 4
2025-12-17 02:12:35,041 INFO [root] AVID broadcast to 2: 5
2025-12-17 02:12:35,041 INFO [root] AVID broadcast to 3: 6
2025-12-17 02:12:35,041 INFO [root] AVID broadcast to 4: 7
2025-12-17 02:12:35,042 INFO [root] AVID broadcast to 1: 4
2025-12-17 02:12:35,042 INFO [root] AVID broadcast to 2: 5
2025-12-17 02:12:35,042 INFO [root] AVID broadcast to 3: 6
2025-12-17 02:12:35,042 INFO [root] AVID broadcast to 4: 7
2025-12-17 02:12:35,043 INFO [root] 2-0-1-B-AVSS 2 RETRIEVE called.
2025-12-17 02:12:35,043 INFO [root] AVID broadcast to 1: 4
2025-12-17 02:12:35,043 INFO [root] AVID broadcast to 2: 5
2025-12-17 02:12:35,043 INFO [root] AVID broadcast to 3: 6
2025-12-17 02:12:35,043 INFO [root] AVID broadcast to 4: 7
2025-12-17 02:12:35,043 INFO [root] 2-0-1-B-AVSS 2 RETRIEVE broadcasted.
2025-12-17 02:12:35,043 INFO [root] disperse msid: 2-0-1-B-AVSS, index: 2
2025-12-17 02:12:35,044 INFO [root] AVID retrieve called with sid: 2-0-1-B-AVID, index: 2
2025-12-17 02:12:35,044 INFO [root] 2-0-1-B-AVSS 2 AVID retrieve msg from 6
2025-12-17 02:12:35,044 INFO [root] AVID retrieve response received
2025-12-17 02:12:35,044 INFO [root] retrieve msid: 2-0-1-B-AVID, response_index: 2
2025-12-17 02:12:35,044 INFO [root] RESPONSE from 6
2025-12-17 02:12:35,044 INFO [root] sender self.committee_size: 2
2025-12-17 02:12:35,044 INFO [root] disperse msid: 2-0-1-B-AVSS, index: 1
2025-12-17 02:12:35,044 INFO [root] AVID retrieve called with sid: 2-0-1-B-AVID, index: 1
2025-12-17 02:12:35,045 INFO [root] disperse msid: 2-0-1-B-AVSS, index: 0
2025-12-17 02:12:35,045 INFO [root] AVID retrieve called with sid: 2-0-1-B-AVID, index: 0
2025-12-17 02:12:35,045 INFO [root] 2-0-1-B-AVSS 2 AVID retrieve msg from 5
2025-12-17 02:12:35,045 INFO [root] AVID retrieve response received
2025-12-17 02:12:35,045 INFO [root] retrieve msid: 2-0-1-B-AVID, response_index: 2
2025-12-17 02:12:35,045 INFO [root] RESPONSE from 5
2025-12-17 02:12:35,045 INFO [root] sender self.committee_size: 1
2025-12-17 02:12:35,045 INFO [root] 2-0-1-B-AVSS 2 RETRIEVE complete.
2025-12-17 02:12:35,045 INFO [root] after avid.retrieve dispersal_msg
2025-12-17 02:12:35,046 INFO [root] Handling dealer messages for dealer_id: 2, tag: 2-0-1-B-AVSS
2025-12-17 02:12:35,046 INFO [root] Decrypting dispersal message from dealer_id 2
2025-12-17 02:12:35,050 INFO [root] shares verified successfully
2025-12-17 02:12:35,050 INFO [root] all_shares_valid: True
2025-12-17 02:12:35,050 INFO [root] after _handle_dealer_msgs, all_shares_valid
2025-12-17 02:12:35,050 INFO [root] self.tagvars[tag]['all_shares_valid']: True
2025-12-17 02:12:35,050 INFO [root] avss_without_proof dealer_id: 2
2025-12-17 02:12:35,050 INFO [root] multicast to 4
2025-12-17 02:12:35,050 INFO [root] multicast to 5
2025-12-17 02:12:35,050 INFO [root] multicast to 6
2025-12-17 02:12:35,050 INFO [root] multicast to 7
2025-12-17 02:12:35,050 INFO [root] layer ID: 1 received shares from dealer 2
2025-12-17 02:12:35,051 INFO [root] [2] Received OK from [6]
2025-12-17 02:12:35,051 INFO [root] [2] OK set: {6}
2025-12-17 02:12:35,051 INFO [root] output: True
2025-12-17 02:12:35,051 INFO [root] [2] Received OK from [5]
2025-12-17 02:12:35,051 INFO [root] [2] OK set: {5, 6}
2025-12-17 02:12:35,051 INFO [root] output: True
2025-12-17 02:12:35,055 INFO [root] [2] Received OK from [4]
2025-12-17 02:12:35,055 INFO [root] [2] OK set: {4, 5, 6}
2025-12-17 02:12:35,055 INFO [root] output: True
2025-12-17 02:12:35,072 INFO [root] [3] Received VAL message from 0
2025-12-17 02:12:35,072 INFO [root] entering n == commitee_size + 1
2025-12-17 02:12:35,072 INFO [root] [3] sender: 0, leader: 0
2025-12-17 02:12:35,072 INFO [root] [3] Successfully validated VAL message
2025-12-17 02:12:35,072 INFO [root] [3] Broadcasted ECHO message for roothash b'1`r\x04$\xd3\x854yD\x93+\xcfqIBT\x1e\x8d\x80u\xf4\x17\xc4U\xda\xa0\xcb\xeb\xff\x9c\x1b'
2025-12-17 02:12:35,072 INFO [root] broadcast Sending to 1: 4
2025-12-17 02:12:35,072 INFO [root] broadcast Sending to 2: 5
2025-12-17 02:12:35,072 INFO [root] broadcast Sending to 3: 6
2025-12-17 02:12:35,072 INFO [root] broadcast Sending to 4: 7
2025-12-17 02:12:35,073 INFO [root] [3] Received ECHO message from 6
2025-12-17 02:12:35,073 INFO [root] [3] Received ECHO message from 5
2025-12-17 02:12:35,074 INFO [root] [3] Received ECHO message from 4
2025-12-17 02:12:35,074 INFO [root] [3] Broadcasted READY message for roothash b'1`r\x04$\xd3\x854yD\x93+\xcfqIBT\x1e\x8d\x80u\xf4\x17\xc4U\xda\xa0\xcb\xeb\xff\x9c\x1b'
2025-12-17 02:12:35,074 INFO [root] broadcast Sending to 1: 4
2025-12-17 02:12:35,074 INFO [root] broadcast Sending to 2: 5
2025-12-17 02:12:35,074 INFO [root] broadcast Sending to 3: 6
2025-12-17 02:12:35,074 INFO [root] broadcast Sending to 4: 7
2025-12-17 02:12:35,075 INFO [root] [3] Received READY message from 6
2025-12-17 02:12:35,075 INFO [root] [3] Received READY message from 4
2025-12-17 02:12:35,075 INFO [root] [3] Received READY message from 5
2025-12-17 02:12:35,075 INFO [root] Decoding output for roothash: b'1`r\x04$\xd3\x854yD\x93+\xcfqIBT\x1e\x8d\x80u\xf4\x17\xc4U\xda\xa0\xcb\xeb\xff\x9c\x1b'
2025-12-17 02:12:35,075 INFO [root] [2] Received RBC message
2025-12-17 02:12:35,075 INFO [root] multicast list: [4, 5, 6, 7]
2025-12-17 02:12:35,075 INFO [root] before avid.retrieve
2025-12-17 02:12:35,076 INFO [root] AVID broadcast to 1: 4
2025-12-17 02:12:35,076 INFO [root] AVID broadcast to 2: 5
2025-12-17 02:12:35,076 INFO [root] AVID broadcast to 3: 6
2025-12-17 02:12:35,076 INFO [root] AVID broadcast to 4: 7
2025-12-17 02:12:35,077 INFO [root] AVID broadcast to 1: 4
2025-12-17 02:12:35,077 INFO [root] AVID broadcast to 2: 5
2025-12-17 02:12:35,077 INFO [root] AVID broadcast to 3: 6
2025-12-17 02:12:35,077 INFO [root] AVID broadcast to 4: 7
2025-12-17 02:12:35,078 INFO [root] 0-0-1-B-AVSS 2 RETRIEVE called.
2025-12-17 02:12:35,078 INFO [root] AVID broadcast to 1: 4
2025-12-17 02:12:35,078 INFO [root] AVID broadcast to 2: 5
2025-12-17 02:12:35,078 INFO [root] AVID broadcast to 3: 6
2025-12-17 02:12:35,078 INFO [root] AVID broadcast to 4: 7
2025-12-17 02:12:35,078 INFO [root] 0-0-1-B-AVSS 2 RETRIEVE broadcasted.
2025-12-17 02:12:35,078 INFO [root] disperse msid: 0-0-1-B-AVSS, index: 2
2025-12-17 02:12:35,078 INFO [root] AVID retrieve called with sid: 0-0-1-B-AVID, index: 2
2025-12-17 02:12:35,078 INFO [root] 0-0-1-B-AVSS 2 AVID retrieve msg from 6
2025-12-17 02:12:35,078 INFO [root] AVID retrieve response received
2025-12-17 02:12:35,078 INFO [root] retrieve msid: 0-0-1-B-AVID, response_index: 2
2025-12-17 02:12:35,078 INFO [root] RESPONSE from 6
2025-12-17 02:12:35,078 INFO [root] sender self.committee_size: 2
2025-12-17 02:12:35,079 INFO [root] disperse msid: 0-0-1-B-AVSS, index: 1
2025-12-17 02:12:35,079 INFO [root] AVID retrieve called with sid: 0-0-1-B-AVID, index: 1
2025-12-17 02:12:35,079 INFO [root] disperse msid: 0-0-1-B-AVSS, index: 0
2025-12-17 02:12:35,079 INFO [root] AVID retrieve called with sid: 0-0-1-B-AVID, index: 0
2025-12-17 02:12:35,080 INFO [root] 0-0-1-B-AVSS 2 AVID retrieve msg from 5
2025-12-17 02:12:35,080 INFO [root] AVID retrieve response received
2025-12-17 02:12:35,080 INFO [root] retrieve msid: 0-0-1-B-AVID, response_index: 2
2025-12-17 02:12:35,080 INFO [root] RESPONSE from 5
2025-12-17 02:12:35,080 INFO [root] sender self.committee_size: 1
2025-12-17 02:12:35,080 INFO [root] 0-0-1-B-AVSS 2 RETRIEVE complete.
2025-12-17 02:12:35,080 INFO [root] after avid.retrieve dispersal_msg
2025-12-17 02:12:35,080 INFO [root] Handling dealer messages for dealer_id: 0, tag: 0-0-1-B-AVSS
2025-12-17 02:12:35,080 INFO [root] Decrypting dispersal message from dealer_id 0
2025-12-17 02:12:35,085 INFO [root] shares verified successfully
2025-12-17 02:12:35,085 INFO [root] all_shares_valid: True
2025-12-17 02:12:35,085 INFO [root] after _handle_dealer_msgs, all_shares_valid
2025-12-17 02:12:35,085 INFO [root] self.tagvars[tag]['all_shares_valid']: True
2025-12-17 02:12:35,085 INFO [root] avss_without_proof dealer_id: 0
2025-12-17 02:12:35,085 INFO [root] multicast to 4
2025-12-17 02:12:35,085 INFO [root] multicast to 5
2025-12-17 02:12:35,085 INFO [root] multicast to 6
2025-12-17 02:12:35,085 INFO [root] multicast to 7
2025-12-17 02:12:35,085 INFO [root] layer ID: 1 received shares from dealer 0
2025-12-17 02:12:35,085 INFO [root] [2] Received OK from [6]
2025-12-17 02:12:35,085 INFO [root] [2] OK set: {6}
2025-12-17 02:12:35,085 INFO [root] output: True
2025-12-17 02:12:35,086 INFO [root] [2] Received OK from [5]
2025-12-17 02:12:35,086 INFO [root] [2] OK set: {5, 6}
2025-12-17 02:12:35,086 INFO [root] output: True
2025-12-17 02:12:35,087 INFO [root] [2] Received OK from [4]
2025-12-17 02:12:35,087 INFO [root] [2] OK set: {4, 5, 6}
2025-12-17 02:12:35,087 INFO [root] output: True
2025-12-17 02:12:35,216 INFO [root] disperse msid: 1-0-1-B-AVSS, index: 3
2025-12-17 02:12:35,216 INFO [root] AVID retrieve called with sid: 1-0-1-B-AVID, index: 3
2025-12-17 02:12:35,220 INFO [root] disperse msid: 2-0-1-B-AVSS, index: 3
2025-12-17 02:12:35,220 INFO [root] AVID retrieve called with sid: 2-0-1-B-AVID, index: 3
2025-12-17 02:12:35,220 INFO [root] disperse msid: 0-0-1-B-AVSS, index: 3
2025-12-17 02:12:35,221 INFO [root] AVID retrieve called with sid: 0-0-1-B-AVID, index: 3
2025-12-17 02:12:35,275 INFO [root] [2] Received OK from [7]
2025-12-17 02:12:35,275 INFO [root] [2] OK set: {4, 5, 6, 7}
2025-12-17 02:12:35,275 INFO [root] output: True
2025-12-17 02:12:35,275 INFO [root] [2] exit
2025-12-17 02:12:35,295 INFO [root] [2] Received OK from [7]
2025-12-17 02:12:35,295 INFO [root] [2] OK set: {4, 5, 6, 7}
2025-12-17 02:12:35,295 INFO [root] output: True
2025-12-17 02:12:35,295 INFO [root] [2] exit
2025-12-17 02:12:35,313 INFO [root] [2] Received OK from [7]
2025-12-17 02:12:35,313 INFO [root] [2] OK set: {4, 5, 6, 7}
2025-12-17 02:12:35,313 INFO [root] output: True
2025-12-17 02:12:35,313 INFO [root] [2] exit
2025-12-17 02:12:35,343 INFO [root] [2] Received VAL message from 3
2025-12-17 02:12:35,343 INFO [root] entering n == commitee_size + 1
2025-12-17 02:12:35,343 INFO [root] [2] sender: 3, leader: 3
2025-12-17 02:12:35,343 INFO [root] [2] Successfully validated VAL message
2025-12-17 02:12:35,343 INFO [root] [2] Broadcasted ECHO message for roothash b'@\xa7\r\x05\xfb\x80\xf0\x9a\x14\xbe\x80\x10m\xa5\x866\x93\xd0\x9e\x00R\xd0}\x08\x00.\r\xb8\xc6\xcf\x9f\xf6'
2025-12-17 02:12:35,343 INFO [root] broadcast Sending to 1: 4
2025-12-17 02:12:35,343 INFO [root] broadcast Sending to 2: 5
2025-12-17 02:12:35,343 INFO [root] broadcast Sending to 3: 6
2025-12-17 02:12:35,343 INFO [root] broadcast Sending to 4: 7
2025-12-17 02:12:35,343 INFO [root] [2] Received ECHO message from 6
2025-12-17 02:12:35,343 INFO [root] [2] Received ECHO message from 4
2025-12-17 02:12:35,344 INFO [root] [2] Received ECHO message from 5
2025-12-17 02:12:35,344 INFO [root] [2] Broadcasted READY message for roothash b'@\xa7\r\x05\xfb\x80\xf0\x9a\x14\xbe\x80\x10m\xa5\x866\x93\xd0\x9e\x00R\xd0}\x08\x00.\r\xb8\xc6\xcf\x9f\xf6'
2025-12-17 02:12:35,344 INFO [root] broadcast Sending to 1: 4
2025-12-17 02:12:35,344 INFO [root] broadcast Sending to 2: 5
2025-12-17 02:12:35,344 INFO [root] broadcast Sending to 3: 6
2025-12-17 02:12:35,344 INFO [root] broadcast Sending to 4: 7
2025-12-17 02:12:35,344 INFO [root] [2] Received READY message from 6
2025-12-17 02:12:35,344 INFO [root] [2] Received ECHO message from 7
2025-12-17 02:12:35,345 INFO [root] [2] Received READY message from 4
2025-12-17 02:12:35,345 INFO [root] [2] Received READY message from 5
2025-12-17 02:12:35,345 INFO [root] Decoding output for roothash: b'@\xa7\r\x05\xfb\x80\xf0\x9a\x14\xbe\x80\x10m\xa5\x866\x93\xd0\x9e\x00R\xd0}\x08\x00.\r\xb8\xc6\xcf\x9f\xf6'
2025-12-17 02:12:35,345 INFO [root] [2] Received RBC message
2025-12-17 02:12:35,345 INFO [root] multicast list: [4, 5, 6, 7]
2025-12-17 02:12:35,345 INFO [root] before avid.retrieve
2025-12-17 02:12:35,346 INFO [root] AVID broadcast to 1: 4
2025-12-17 02:12:35,346 INFO [root] AVID broadcast to 2: 5
2025-12-17 02:12:35,346 INFO [root] AVID broadcast to 3: 6
2025-12-17 02:12:35,346 INFO [root] AVID broadcast to 4: 7
2025-12-17 02:12:35,346 INFO [root] AVID broadcast to 1: 4
2025-12-17 02:12:35,346 INFO [root] AVID broadcast to 2: 5
2025-12-17 02:12:35,347 INFO [root] AVID broadcast to 3: 6
2025-12-17 02:12:35,347 INFO [root] AVID broadcast to 4: 7
2025-12-17 02:12:35,347 INFO [root] 3-0-1-B-AVSS 2 RETRIEVE called.
2025-12-17 02:12:35,347 INFO [root] AVID broadcast to 1: 4
2025-12-17 02:12:35,347 INFO [root] AVID broadcast to 2: 5
2025-12-17 02:12:35,347 INFO [root] AVID broadcast to 3: 6
2025-12-17 02:12:35,348 INFO [root] AVID broadcast to 4: 7
2025-12-17 02:12:35,348 INFO [root] 3-0-1-B-AVSS 2 RETRIEVE broadcasted.
2025-12-17 02:12:35,348 INFO [root] disperse msid: 3-0-1-B-AVSS, index: 2
2025-12-17 02:12:35,348 INFO [root] AVID retrieve called with sid: 3-0-1-B-AVID, index: 2
2025-12-17 02:12:35,348 INFO [root] 3-0-1-B-AVSS 2 AVID retrieve msg from 6
2025-12-17 02:12:35,348 INFO [root] AVID retrieve response received
2025-12-17 02:12:35,348 INFO [root] retrieve msid: 3-0-1-B-AVID, response_index: 2
2025-12-17 02:12:35,348 INFO [root] RESPONSE from 6
2025-12-17 02:12:35,348 INFO [root] sender self.committee_size: 2
2025-12-17 02:12:35,348 INFO [root] disperse msid: 3-0-1-B-AVSS, index: 0
2025-12-17 02:12:35,348 INFO [root] AVID retrieve called with sid: 3-0-1-B-AVID, index: 0
2025-12-17 02:12:35,349 INFO [root] disperse msid: 3-0-1-B-AVSS, index: 3
2025-12-17 02:12:35,349 INFO [root] AVID retrieve called with sid: 3-0-1-B-AVID, index: 3
2025-12-17 02:12:35,349 INFO [root] disperse msid: 3-0-1-B-AVSS, index: 1
2025-12-17 02:12:35,349 INFO [root] AVID retrieve called with sid: 3-0-1-B-AVID, index: 1
2025-12-17 02:12:35,350 INFO [root] 3-0-1-B-AVSS 2 AVID retrieve msg from 4
2025-12-17 02:12:35,350 INFO [root] AVID retrieve response received
2025-12-17 02:12:35,350 INFO [root] retrieve msid: 3-0-1-B-AVID, response_index: 2
2025-12-17 02:12:35,350 INFO [root] RESPONSE from 4
2025-12-17 02:12:35,350 INFO [root] sender self.committee_size: 0
2025-12-17 02:12:35,350 INFO [root] 3-0-1-B-AVSS 2 RETRIEVE complete.
2025-12-17 02:12:35,350 INFO [root] after avid.retrieve dispersal_msg
2025-12-17 02:12:35,350 INFO [root] Handling dealer messages for dealer_id: 3, tag: 3-0-1-B-AVSS
2025-12-17 02:12:35,350 INFO [root] Decrypting dispersal message from dealer_id 3
2025-12-17 02:12:35,354 INFO [root] shares verified successfully
2025-12-17 02:12:35,354 INFO [root] all_shares_valid: True
2025-12-17 02:12:35,354 INFO [root] after _handle_dealer_msgs, all_shares_valid
2025-12-17 02:12:35,355 INFO [root] self.tagvars[tag]['all_shares_valid']: True
2025-12-17 02:12:35,355 INFO [root] avss_without_proof dealer_id: 3
2025-12-17 02:12:35,355 INFO [root] multicast to 4
2025-12-17 02:12:35,355 INFO [root] multicast to 5
2025-12-17 02:12:35,355 INFO [root] multicast to 6
2025-12-17 02:12:35,355 INFO [root] multicast to 7
2025-12-17 02:12:35,355 INFO [root] layer ID: 1 received shares from dealer 3
2025-12-17 02:12:35,355 INFO [root] layer ID: 1 received all shares from the previous layer
2025-12-17 02:12:35,355 INFO [root] layer ID: 1 clients_input_shares length: 200
2025-12-17 02:12:35,355 INFO [root] layer ID: 1 recv_input_time: 0.5510849952697754
2025-12-17 02:12:35,355 INFO [root] layer ID: 1 trusted_verification_time: 0.5510849952697754
2025-12-17 02:12:35,358 INFO [root] layer ID: 1 add_outputs length: 50
2025-12-17 02:12:35,358 INFO [root] layer ID: 1 exec_time: 0.002943754196166992
2025-12-17 02:12:35,359 INFO [beaver.transfer] [2] Starting DynamicTransfer
2025-12-17 02:12:35,359 INFO [beaver.transfer] [2] Starting ACSS to share 50 secrets
2025-12-17 02:12:35,359 INFO [root] [2] [asynchronous dynamic transfer] Layer ID: 1
2025-12-17 02:12:35,359 INFO [root] public_keys: [{'X': '3000743866861859072863732073270255799489883458326216217246843997655242128891056642794959628966206118525916179527369', 'Y': '3686563964985599372931228094049802498745949692715084559587310969852904422411478931017648253381653074320556927257554'}, {'X': '977824512181433877638259709915426528828019406811594959870495866004700742594738681493029474581428484802456707276715', 'Y': '2851838582721133000508363504346381227746434839508965211959805168056777282137228880580871428357919320966272821236411'}, {'X': '3333150637119306764286676333047933289503326302408820348769288812457073962900696113053581918339109442086644781914572', 'Y': '3275329024577127477985803201512903822971268202679280161866600562500534034465575299113721051214111411316546272495798'}, {'X': '757084389795952512099288520337707201658355633682237824483049375341570466282585698539106240199863247923462838003589', 'Y': '3227562915820680640733724191227739263264976114307328164232637928308288595200347568614510842789801339990297195480461'}]
2025-12-17 02:12:35,359 INFO [root] layer ID: 1 trans_pre_time: 0.0008680820465087891
2025-12-17 02:12:35,360 INFO [root] [2] AVSS tag: 2-0-2-B-AVSS
2025-12-17 02:12:35,360 INFO [root] [2] RBC tag: 2-0-2-B-RBC
2025-12-17 02:12:35,360 INFO [root] enter avss_with_aggtransfer
g = {[6679831729115696150 8653662730902241269 1535610680227111361 17342916647841752903 17135755455211762752 1297449291367578485] [13451288730302620273 10097742279870053774 15949884091978425806 5885175747529691540 1016841820992199104 845620083434234474]}
h = {[13794385998538644597 108816626937764141 12130603454454490125 6127379912259600201 17481961476035825978 950355161936836191] [10722765800778186391 17107915684035394744 11626309118465119103 5217919199071354366 6102759180633827794 660535627654889709]}
Equal? false
2025-12-17 02:12:35,510 INFO [root] self.msgmode: avss_with_aggtransfer
2025-12-17 02:12:35,510 INFO [beaver.batch_multiplication] [2] Starting BatchMultiplication
num_generators 50
2025-12-17 02:12:35,725 INFO [beaver.batch_multiplication] Proof hex length: 9288
2025-12-17 02:12:35,725 INFO [beaver.batch_multiplication] Proof size (bytes): 4644
2025-12-17 02:12:35,725 INFO [beaver.batch_multiplication] Proof size (strict bytes): 4644
2025-12-17 02:12:35,725 INFO [beaver.batch_multiplication] [2] Starting ACSS to evaluate 50 multiplication gates
2025-12-17 02:12:35,726 INFO [root] [2] Received OK from [6]
2025-12-17 02:12:35,726 INFO [root] [2] OK set: {6}
2025-12-17 02:12:35,726 INFO [root] output: True
2025-12-17 02:12:35,726 INFO [root] rbc_list: [6, 8, 9, 10, 11]
2025-12-17 02:12:35,726 INFO [root] committee_size: 4
2025-12-17 02:12:35,726 INFO [root] n: 5
2025-12-17 02:12:35,726 INFO [root] f: 1
2025-12-17 02:12:35,726 INFO [root] pid: 2
2025-12-17 02:12:35,726 INFO [root] leader: 2
2025-12-17 02:12:35,726 INFO [root] [2] Sending to 0: 8
2025-12-17 02:12:35,726 INFO [root] [2] Sending to 1: 9
2025-12-17 02:12:35,726 INFO [root] [2] Sending to 2: 10
2025-12-17 02:12:35,726 INFO [root] [2] Sending to 3: 11
2025-12-17 02:12:35,726 INFO [root] [2] Starting AVID disperse
2025-12-17 02:12:35,727 INFO [root] public_keys: [{'X': '3000743866861859072863732073270255799489883458326216217246843997655242128891056642794959628966206118525916179527369', 'Y': '3686563964985599372931228094049802498745949692715084559587310969852904422411478931017648253381653074320556927257554'}, {'X': '977824512181433877638259709915426528828019406811594959870495866004700742594738681493029474581428484802456707276715', 'Y': '2851838582721133000508363504346381227746434839508965211959805168056777282137228880580871428357919320966272821236411'}, {'X': '3333150637119306764286676333047933289503326302408820348769288812457073962900696113053581918339109442086644781914572', 'Y': '3275329024577127477985803201512903822971268202679280161866600562500534034465575299113721051214111411316546272495798'}, {'X': '757084389795952512099288520337707201658355633682237824483049375341570466282585698539106240199863247923462838003589', 'Y': '3227562915820680640733724191227739263264976114307328164232637928308288595200347568614510842789801339990297195480461'}]
2025-12-17 02:12:35,727 INFO [root] layer ID: 1 mul_pre_time: 0.367281436920166
2025-12-17 02:12:35,727 INFO [root] layer ID: 1 layer_time: 0.9223861694335938
2025-12-17 02:12:35,727 INFO [root] [2] Dispersed VAL message to committee
2025-12-17 02:12:35,728 INFO [root] [2] AVSS tag: 2-0-2-B-AVSS
2025-12-17 02:12:35,728 INFO [root] [2] RBC tag: 2-0-2-B-RBC
g = {[6679831729115696150 8653662730902241269 1535610680227111361 17342916647841752903 17135755455211762752 1297449291367578485] [13451288730302620273 10097742279870053774 15949884091978425806 5885175747529691540 1016841820992199104 845620083434234474]}
h = {[13794385998538644597 108816626937764141 12130603454454490125 6127379912259600201 17481961476035825978 950355161936836191] [10722765800778186391 17107915684035394744 11626309118465119103 5217919199071354366 6102759180633827794 660535627654889709]}
Equal? false
2025-12-17 02:12:35,906 INFO [root] self.msgmode: avss_with_aggbatch_multiplication
2025-12-17 02:12:35,906 INFO [root] rbc_list: [6, 8, 9, 10, 11]
2025-12-17 02:12:35,906 INFO [root] committee_size: 4
2025-12-17 02:12:35,906 INFO [root] n: 5
2025-12-17 02:12:35,906 INFO [root] f: 1
2025-12-17 02:12:35,906 INFO [root] pid: 2
2025-12-17 02:12:35,906 INFO [root] leader: 2
2025-12-17 02:12:35,907 INFO [root] [2] Sending to 0: 8
2025-12-17 02:12:35,907 INFO [root] [2] Sending to 1: 9
2025-12-17 02:12:35,907 INFO [root] [2] Sending to 2: 10
2025-12-17 02:12:35,907 INFO [root] [2] Sending to 3: 11
2025-12-17 02:12:35,907 INFO [root] [2] Starting AVID disperse
2025-12-17 02:12:35,908 INFO [root] [2] Dispersed VAL message to committee
2025-12-17 02:12:35,908 INFO [root] [2] Received OK from [5]
2025-12-17 02:12:35,908 INFO [root] [2] OK set: {5, 6}
2025-12-17 02:12:35,908 INFO [root] output: True
2025-12-17 02:12:35,908 INFO [root] [2] Received OK from [7]
2025-12-17 02:12:35,908 INFO [root] [2] OK set: {5, 6, 7}
2025-12-17 02:12:35,908 INFO [root] output: True
2025-12-17 02:12:35,908 INFO [root] [2] Received OK from [4]
2025-12-17 02:12:35,909 INFO [root] [2] OK set: {4, 5, 6, 7}
2025-12-17 02:12:35,909 INFO [root] output: True
2025-12-17 02:12:35,909 INFO [root] [2] exit
my_send_id: 6 exec_time: 5.926743745803833
2025-12-17 02:12:45,731 INFO [root] [2] Bytes Sent: A1:219625 which is 16.604%
2025-12-17 02:12:45,731 INFO [root] [2] Bytes Sent: TR2:318456 which is 24.076%
2025-12-17 02:12:45,731 INFO [root] [2] Bytes Sent: M2:784652 which is 59.321%
2025-12-17 02:12:45,731 INFO [root] [2] Total bytes sent out aa: 1322733
2025-12-17 02:12:45,733 INFO [benchmark_logger] Total bytes sent out: 1322733
2025-12-17 02:12:45,742 ERROR [asyncio] Task was destroyed but it is pending!
task: <Task pending name='Task-35' coro=<subscribe_recv.<locals>._recv_loop() running at /opt/dumbo-mpc/dumbo-mpc/AsyRanTriGen/beaver/utils/misc.py:89> wait_for=<Future pending cb=[<TaskWakeupMethWrapper object at 0x7fd81839a0d0>()]>>
2025-12-17 02:12:45,742 ERROR [asyncio] Task was destroyed but it is pending!
task: <Task pending name='Task-37' coro=<subscribe_recv.<locals>._recv_loop() running at /opt/dumbo-mpc/dumbo-mpc/AsyRanTriGen/beaver/utils/misc.py:89> wait_for=<Future pending cb=[<TaskWakeupMethWrapper object at 0x7fd81839a130>()]>>
Exception ignored in: <coroutine object subscribe_recv.<locals>._recv_loop at 0x7fd818d8bbc0>
Traceback (most recent call last):
  File "/opt/dumbo-mpc/dumbo-mpc/AsyRanTriGen/beaver/utils/misc.py", line 89, in _recv_loop
    j, (tag, o) = await recv()
  File "/usr/lib/python3.8/asyncio/queues.py", line 165, in get
    getter.cancel()  # Just in case getter is not done yet.
  File "uvloop/loop.pyx", line 1281, in uvloop.loop.Loop.call_soon
  File "uvloop/loop.pyx", line 669, in uvloop.loop.Loop._call_soon
  File "uvloop/loop.pyx", line 678, in uvloop.loop.Loop._call_soon_handle
  File "uvloop/loop.pyx", line 673, in uvloop.loop.Loop._append_ready_handle
  File "uvloop/loop.pyx", line 705, in uvloop.loop.Loop._check_closed
RuntimeError: Event loop is closed
Exception ignored in: <coroutine object subscribe_recv.<locals>._recv_loop at 0x7fd818d58a40>
Traceback (most recent call last):
  File "/opt/dumbo-mpc/dumbo-mpc/AsyRanTriGen/beaver/utils/misc.py", line 89, in _recv_loop
    j, (tag, o) = await recv()
  File "/usr/lib/python3.8/asyncio/queues.py", line 165, in get
    getter.cancel()  # Just in case getter is not done yet.
  File "uvloop/loop.pyx", line 1281, in uvloop.loop.Loop.call_soon
  File "uvloop/loop.pyx", line 669, in uvloop.loop.Loop._call_soon
  File "uvloop/loop.pyx", line 678, in uvloop.loop.Loop._call_soon_handle
  File "uvloop/loop.pyx", line 673, in uvloop.loop.Loop._append_ready_handle
  File "uvloop/loop.pyx", line 705, in uvloop.loop.Loop._check_closed
RuntimeError: Event loop is closed
2025-12-17 02:12:45,743 ERROR [asyncio] Task was destroyed but it is pending!
task: <Task pending name='Task-45' coro=<ACSS_Foll._recv_loop() running at /opt/dumbo-mpc/dumbo-mpc/AsyRanTriGen/beaver/hbacss.py:3694> wait_for=<Future pending cb=[<TaskWakeupMethWrapper object at 0x7fd81847b580>()]>>
2025-12-17 02:12:45,743 ERROR [asyncio] Task was destroyed but it is pending!
task: <Task pending name='Task-43' coro=<ACSS_Foll._recv_loop() running at /opt/dumbo-mpc/dumbo-mpc/AsyRanTriGen/beaver/hbacss.py:3696> wait_for=<Future pending cb=[<TaskWakeupMethWrapper object at 0x7fd8185087f0>()]>>
2025-12-17 02:12:45,743 ERROR [asyncio] Task was destroyed but it is pending!
task: <Task pending name='Task-44' coro=<ACSS_Foll._recv_loop() running at /opt/dumbo-mpc/dumbo-mpc/AsyRanTriGen/beaver/hbacss.py:3696> wait_for=<Future pending cb=[<TaskWakeupMethWrapper object at 0x7fd818d8df70>()]>>
Exception ignored in: <coroutine object ACSS_Foll._recv_loop at 0x7fd8184f1d40>
Traceback (most recent call last):
  File "/opt/dumbo-mpc/dumbo-mpc/AsyRanTriGen/beaver/hbacss.py", line 3694, in _recv_loop
    await avid.disperse(tag, self.my_id, dispersal_msg_list)
  File "/opt/dumbo-mpc/dumbo-mpc/AsyRanTriGen/beaver/broadcast/avid.py", line 461, in disperse
    sender, msg = await self.recv()
  File "/usr/lib/python3.8/asyncio/queues.py", line 165, in get
    getter.cancel()  # Just in case getter is not done yet.
  File "uvloop/loop.pyx", line 1281, in uvloop.loop.Loop.call_soon
  File "uvloop/loop.pyx", line 669, in uvloop.loop.Loop._call_soon
  File "uvloop/loop.pyx", line 678, in uvloop.loop.Loop._call_soon_handle
  File "uvloop/loop.pyx", line 673, in uvloop.loop.Loop._append_ready_handle
  File "uvloop/loop.pyx", line 705, in uvloop.loop.Loop._check_closed
RuntimeError: Event loop is closed
Exception ignored in: <coroutine object ACSS_Foll._recv_loop at 0x7fd8184de640>
Traceback (most recent call last):
  File "/opt/dumbo-mpc/dumbo-mpc/AsyRanTriGen/beaver/hbacss.py", line 3696, in _recv_loop
    await avid.disperse(tag, self.my_id+1, dispersal_msg_list)
  File "/opt/dumbo-mpc/dumbo-mpc/AsyRanTriGen/beaver/broadcast/avid.py", line 461, in disperse
    sender, msg = await self.recv()
  File "/usr/lib/python3.8/asyncio/queues.py", line 165, in get
    getter.cancel()  # Just in case getter is not done yet.
  File "uvloop/loop.pyx", line 1281, in uvloop.loop.Loop.call_soon
  File "uvloop/loop.pyx", line 669, in uvloop.loop.Loop._call_soon
  File "uvloop/loop.pyx", line 678, in uvloop.loop.Loop._call_soon_handle
  File "uvloop/loop.pyx", line 673, in uvloop.loop.Loop._append_ready_handle
  File "uvloop/loop.pyx", line 705, in uvloop.loop.Loop._check_closed
RuntimeError: Event loop is closed
Exception ignored in: <coroutine object ACSS_Foll._recv_loop at 0x7fd8184d9f40>
Traceback (most recent call last):
  File "/opt/dumbo-mpc/dumbo-mpc/AsyRanTriGen/beaver/hbacss.py", line 3696, in _recv_loop
    await avid.disperse(tag, self.my_id+1, dispersal_msg_list)
  File "/opt/dumbo-mpc/dumbo-mpc/AsyRanTriGen/beaver/broadcast/avid.py", line 461, in disperse
    sender, msg = await self.recv()
  File "/usr/lib/python3.8/asyncio/queues.py", line 165, in get
    getter.cancel()  # Just in case getter is not done yet.
  File "uvloop/loop.pyx", line 1281, in uvloop.loop.Loop.call_soon
  File "uvloop/loop.pyx", line 669, in uvloop.loop.Loop._call_soon
  File "uvloop/loop.pyx", line 678, in uvloop.loop.Loop._call_soon_handle
  File "uvloop/loop.pyx", line 673, in uvloop.loop.Loop._append_ready_handle
  File "uvloop/loop.pyx", line 705, in uvloop.loop.Loop._check_closed
RuntimeError: Event loop is closed
2025-12-17 02:12:45,748 ERROR [asyncio] Task was destroyed but it is pending!
task: <Task pending name='Task-46' coro=<subscribe_recv.<locals>._recv_loop() running at /opt/dumbo-mpc/dumbo-mpc/AsyRanTriGen/beaver/utils/misc.py:89> wait_for=<Future pending cb=[<TaskWakeupMethWrapper object at 0x7fd81847bd00>()]>>
2025-12-17 02:12:45,748 ERROR [asyncio] Task was destroyed but it is pending!
task: <Task pending name='Task-49' coro=<subscribe_recv.<locals>._recv_loop() running at /opt/dumbo-mpc/dumbo-mpc/AsyRanTriGen/beaver/utils/misc.py:89> wait_for=<Future pending cb=[<TaskWakeupMethWrapper object at 0x7fd8183ea850>()]>>
2025-12-17 02:12:45,748 ERROR [asyncio] Task was destroyed but it is pending!
task: <Task pending name='Task-51' coro=<subscribe_recv.<locals>._recv_loop() running at /opt/dumbo-mpc/dumbo-mpc/AsyRanTriGen/beaver/utils/misc.py:89> wait_for=<Future pending cb=[<TaskWakeupMethWrapper object at 0x7fd8183ead00>()]>>
Exception ignored in: <coroutine object subscribe_recv.<locals>._recv_loop at 0x7fd8184de840>
Traceback (most recent call last):
  File "/opt/dumbo-mpc/dumbo-mpc/AsyRanTriGen/beaver/utils/misc.py", line 89, in _recv_loop
    j, (tag, o) = await recv()
  File "/usr/lib/python3.8/asyncio/queues.py", line 165, in get
    getter.cancel()  # Just in case getter is not done yet.
  File "uvloop/loop.pyx", line 1281, in uvloop.loop.Loop.call_soon
  File "uvloop/loop.pyx", line 669, in uvloop.loop.Loop._call_soon
  File "uvloop/loop.pyx", line 678, in uvloop.loop.Loop._call_soon_handle
  File "uvloop/loop.pyx", line 673, in uvloop.loop.Loop._append_ready_handle
  File "uvloop/loop.pyx", line 705, in uvloop.loop.Loop._check_closed
RuntimeError: Event loop is closed
Exception ignored in: <coroutine object subscribe_recv.<locals>._recv_loop at 0x7fd8183e9240>
Traceback (most recent call last):
  File "/opt/dumbo-mpc/dumbo-mpc/AsyRanTriGen/beaver/utils/misc.py", line 89, in _recv_loop
    j, (tag, o) = await recv()
  File "/usr/lib/python3.8/asyncio/queues.py", line 165, in get
    getter.cancel()  # Just in case getter is not done yet.
  File "uvloop/loop.pyx", line 1281, in uvloop.loop.Loop.call_soon
  File "uvloop/loop.pyx", line 669, in uvloop.loop.Loop._call_soon
  File "uvloop/loop.pyx", line 678, in uvloop.loop.Loop._call_soon_handle
  File "uvloop/loop.pyx", line 673, in uvloop.loop.Loop._append_ready_handle
  File "uvloop/loop.pyx", line 705, in uvloop.loop.Loop._check_closed
RuntimeError: Event loop is closed
Exception ignored in: <coroutine object subscribe_recv.<locals>._recv_loop at 0x7fd8183e9640>
Traceback (most recent call last):
  File "/opt/dumbo-mpc/dumbo-mpc/AsyRanTriGen/beaver/utils/misc.py", line 89, in _recv_loop
    j, (tag, o) = await recv()
  File "/usr/lib/python3.8/asyncio/queues.py", line 165, in get
    getter.cancel()  # Just in case getter is not done yet.
  File "uvloop/loop.pyx", line 1281, in uvloop.loop.Loop.call_soon
  File "uvloop/loop.pyx", line 669, in uvloop.loop.Loop._call_soon
  File "uvloop/loop.pyx", line 678, in uvloop.loop.Loop._call_soon_handle
  File "uvloop/loop.pyx", line 673, in uvloop.loop.Loop._append_ready_handle
  File "uvloop/loop.pyx", line 705, in uvloop.loop.Loop._check_closed
RuntimeError: Event loop is closed
2025-12-17 02:12:45,750 ERROR [asyncio] Task was destroyed but it is pending!
task: <Task pending name='Task-57' coro=<subscribe_recv.<locals>._recv_loop() running at /opt/dumbo-mpc/dumbo-mpc/AsyRanTriGen/beaver/utils/misc.py:89> wait_for=<Future pending cb=[<TaskWakeupMethWrapper object at 0x7fd8183eadc0>()]>>
2025-12-17 02:12:45,750 ERROR [asyncio] Task was destroyed but it is pending!
task: <Task pending name='Task-42' coro=<ACSS_Foll._recv_loop() running at /opt/dumbo-mpc/dumbo-mpc/AsyRanTriGen/beaver/hbacss.py:3696> wait_for=<Future pending cb=[<TaskWakeupMethWrapper object at 0x7fd818508850>()]>>
2025-12-17 02:12:45,750 ERROR [asyncio] Task was destroyed but it is pending!
task: <Task pending name='Task-53' coro=<rbc_dyn() running at /opt/dumbo-mpc/dumbo-mpc/AsyRanTriGen/beaver/broadcast/reliablebroadcast.py:411> wait_for=<Future pending cb=[<TaskWakeupMethWrapper object at 0x7fd81847bfa0>()]>>
Exception ignored in: <coroutine object subscribe_recv.<locals>._recv_loop at 0x7fd8183e9a40>
Traceback (most recent call last):
  File "/opt/dumbo-mpc/dumbo-mpc/AsyRanTriGen/beaver/utils/misc.py", line 89, in _recv_loop
    j, (tag, o) = await recv()
  File "/usr/lib/python3.8/asyncio/queues.py", line 165, in get
    getter.cancel()  # Just in case getter is not done yet.
  File "uvloop/loop.pyx", line 1281, in uvloop.loop.Loop.call_soon
  File "uvloop/loop.pyx", line 669, in uvloop.loop.Loop._call_soon
  File "uvloop/loop.pyx", line 678, in uvloop.loop.Loop._call_soon_handle
  File "uvloop/loop.pyx", line 673, in uvloop.loop.Loop._append_ready_handle
  File "uvloop/loop.pyx", line 705, in uvloop.loop.Loop._check_closed
RuntimeError: Event loop is closed
2025-12-17 02:12:45,750 ERROR [asyncio] Task was destroyed but it is pending!
task: <Task pending name='Task-56' coro=<AVID_DYNAMIC.disperse() running at /opt/dumbo-mpc/dumbo-mpc/AsyRanTriGen/beaver/broadcast/avid.py:461> wait_for=<Future pending cb=[<TaskWakeupMethWrapper object at 0x7fd8183eadf0>()]>>
Exception ignored in: <coroutine object ACSS_Foll._recv_loop at 0x7fd8184d9dc0>
Traceback (most recent call last):
  File "/opt/dumbo-mpc/dumbo-mpc/AsyRanTriGen/beaver/hbacss.py", line 3696, in _recv_loop
    await avid.disperse(tag, self.my_id+1, dispersal_msg_list)
  File "/opt/dumbo-mpc/dumbo-mpc/AsyRanTriGen/beaver/broadcast/avid.py", line 461, in disperse
    sender, msg = await self.recv()
  File "/usr/lib/python3.8/asyncio/queues.py", line 165, in get
    getter.cancel()  # Just in case getter is not done yet.
  File "uvloop/loop.pyx", line 1281, in uvloop.loop.Loop.call_soon
  File "uvloop/loop.pyx", line 669, in uvloop.loop.Loop._call_soon
  File "uvloop/loop.pyx", line 678, in uvloop.loop.Loop._call_soon_handle
  File "uvloop/loop.pyx", line 673, in uvloop.loop.Loop._append_ready_handle
  File "uvloop/loop.pyx", line 705, in uvloop.loop.Loop._check_closed
RuntimeError: Event loop is closed
Exception ignored in: <coroutine object rbc_dyn at 0x7fd8183e95c0>
Traceback (most recent call last):
  File "/opt/dumbo-mpc/dumbo-mpc/AsyRanTriGen/beaver/broadcast/reliablebroadcast.py", line 411, in rbc_dyn
    sender, msg = await receive()
  File "/usr/lib/python3.8/asyncio/queues.py", line 165, in get
    getter.cancel()  # Just in case getter is not done yet.
  File "uvloop/loop.pyx", line 1281, in uvloop.loop.Loop.call_soon
  File "uvloop/loop.pyx", line 669, in uvloop.loop.Loop._call_soon
  File "uvloop/loop.pyx", line 678, in uvloop.loop.Loop._call_soon_handle
  File "uvloop/loop.pyx", line 673, in uvloop.loop.Loop._append_ready_handle
  File "uvloop/loop.pyx", line 705, in uvloop.loop.Loop._check_closed
RuntimeError: Event loop is closed
Exception ignored in: <coroutine object AVID_DYNAMIC.disperse at 0x7fd81838de40>
Traceback (most recent call last):
  File "/opt/dumbo-mpc/dumbo-mpc/AsyRanTriGen/beaver/broadcast/avid.py", line 461, in disperse
    sender, msg = await self.recv()
  File "/usr/lib/python3.8/asyncio/queues.py", line 165, in get
    getter.cancel()  # Just in case getter is not done yet.
  File "uvloop/loop.pyx", line 1281, in uvloop.loop.Loop.call_soon
  File "uvloop/loop.pyx", line 669, in uvloop.loop.Loop._call_soon
  File "uvloop/loop.pyx", line 678, in uvloop.loop.Loop._call_soon_handle
  File "uvloop/loop.pyx", line 673, in uvloop.loop.Loop._append_ready_handle
  File "uvloop/loop.pyx", line 705, in uvloop.loop.Loop._check_closed
RuntimeError: Event loop is closed
2025-12-17 02:12:45,752 ERROR [asyncio] Task was destroyed but it is pending!
task: <Task pending name='Task-59' coro=<rbc_dyn() running at /opt/dumbo-mpc/dumbo-mpc/AsyRanTriGen/beaver/broadcast/reliablebroadcast.py:411> wait_for=<Future cancelled>>
Exception ignored in: <coroutine object rbc_dyn at 0x7fd818397040>
Traceback (most recent call last):
  File "/opt/dumbo-mpc/dumbo-mpc/AsyRanTriGen/beaver/broadcast/reliablebroadcast.py", line 411, in rbc_dyn
    sender, msg = await receive()
  File "/usr/lib/python3.8/asyncio/queues.py", line 165, in get
    getter.cancel()  # Just in case getter is not done yet.
  File "uvloop/loop.pyx", line 1281, in uvloop.loop.Loop.call_soon
  File "uvloop/loop.pyx", line 669, in uvloop.loop.Loop._call_soon
  File "uvloop/loop.pyx", line 678, in uvloop.loop.Loop._call_soon_handle
  File "uvloop/loop.pyx", line 673, in uvloop.loop.Loop._append_ready_handle
  File "uvloop/loop.pyx", line 705, in uvloop.loop.Loop._check_closed
RuntimeError: Event loop is closed
2025-12-17 02:12:45,753 ERROR [asyncio] Task was destroyed but it is pending!
task: <Task pending name='Task-61' coro=<AVID_DYNAMIC.disperse() running at /opt/dumbo-mpc/dumbo-mpc/AsyRanTriGen/beaver/broadcast/avid.py:461> wait_for=<Future cancelled>>
Exception ignored in: <coroutine object AVID_DYNAMIC.disperse at 0x7fd81838d1c0>
Traceback (most recent call last):
  File "/opt/dumbo-mpc/dumbo-mpc/AsyRanTriGen/beaver/broadcast/avid.py", line 461, in disperse
    sender, msg = await self.recv()
  File "/usr/lib/python3.8/asyncio/queues.py", line 165, in get
    getter.cancel()  # Just in case getter is not done yet.
  File "uvloop/loop.pyx", line 1281, in uvloop.loop.Loop.call_soon
  File "uvloop/loop.pyx", line 669, in uvloop.loop.Loop._call_soon
  File "uvloop/loop.pyx", line 678, in uvloop.loop.Loop._call_soon_handle
  File "uvloop/loop.pyx", line 673, in uvloop.loop.Loop._append_ready_handle
  File "uvloop/loop.pyx", line 705, in uvloop.loop.Loop._check_closed
RuntimeError: Event loop is closed
