Warning: Permanently added '43.139.185.179' (ECDSA) to the list of known hosts.
Creating dumbo-mpc_dumbo-mpc_run ... 
Creating dumbo-mpc_dumbo-mpc_run ... done
2025-08-23 08:15:36,621 INFO [root] Running ADMPC ...
2025-08-23 08:15:37,212 INFO [root] my_send_id: 102
2025-08-23 08:15:37,304 INFO [root] ADMPC start time: 1755936937.3045876
2025-08-23 08:15:37,305 INFO [root] [Layer 7] Reached run_admpc checkpoint
2025-08-23 08:15:37,305 INFO [beaver.transfer] [11] Starting DynamicTransfer_Foll
2025-08-23 08:15:37,305 INFO [beaver.transfer] [11] Starting ACSS to share 0 secrets
2025-08-23 08:15:37,305 INFO [root] [11] Starting Batch AVSS. Id: 0, Dealer Id: 0, Client Mode: False
2025-08-23 08:15:37,305 INFO [root] [11] AVSS tag: 0-0-7-B-AVSS
2025-08-23 08:15:37,305 INFO [root] [11] RBC tag: 0-0-7-B-RBC
2025-08-23 08:15:37,305 INFO [root] [11] Starting AVSS with shares_num: 0, dealer_id: 0, client_mode: False
2025-08-23 08:15:37,305 INFO [root] rbc_list: [78, 91, 92, 93, 94, 95, 96, 97, 98, 99, 100, 101, 102, 103]
2025-08-23 08:15:37,305 INFO [root] committee_size: 13
2025-08-23 08:15:37,305 INFO [root] n: 14
2025-08-23 08:15:37,305 INFO [root] f: 4
2025-08-23 08:15:37,305 INFO [root] pid: 12
2025-08-23 08:15:37,305 INFO [root] leader: 0
2025-08-23 08:15:37,305 INFO [root] [11] Starting Batch AVSS. Id: 0, Dealer Id: 1, Client Mode: False
2025-08-23 08:15:37,305 INFO [root] [11] AVSS tag: 1-0-7-B-AVSS
2025-08-23 08:15:37,305 INFO [root] [11] RBC tag: 1-0-7-B-RBC
2025-08-23 08:15:37,305 INFO [root] [11] Starting AVSS with shares_num: 0, dealer_id: 1, client_mode: False
2025-08-23 08:15:37,305 INFO [root] rbc_list: [79, 91, 92, 93, 94, 95, 96, 97, 98, 99, 100, 101, 102, 103]
2025-08-23 08:15:37,305 INFO [root] committee_size: 13
2025-08-23 08:15:37,305 INFO [root] n: 14
2025-08-23 08:15:37,305 INFO [root] f: 4
2025-08-23 08:15:37,305 INFO [root] pid: 12
2025-08-23 08:15:37,305 INFO [root] leader: 1
2025-08-23 08:15:37,306 INFO [root] [11] Starting Batch AVSS. Id: 0, Dealer Id: 2, Client Mode: False
2025-08-23 08:15:37,306 INFO [root] [11] AVSS tag: 2-0-7-B-AVSS
2025-08-23 08:15:37,306 INFO [root] [11] RBC tag: 2-0-7-B-RBC
2025-08-23 08:15:37,306 INFO [root] [11] Starting AVSS with shares_num: 0, dealer_id: 2, client_mode: False
2025-08-23 08:15:37,306 INFO [root] rbc_list: [80, 91, 92, 93, 94, 95, 96, 97, 98, 99, 100, 101, 102, 103]
2025-08-23 08:15:37,306 INFO [root] committee_size: 13
2025-08-23 08:15:37,306 INFO [root] n: 14
2025-08-23 08:15:37,306 INFO [root] f: 4
2025-08-23 08:15:37,306 INFO [root] pid: 12
2025-08-23 08:15:37,306 INFO [root] leader: 2
2025-08-23 08:15:37,306 INFO [root] [11] Starting Batch AVSS. Id: 0, Dealer Id: 3, Client Mode: False
2025-08-23 08:15:37,306 INFO [root] [11] AVSS tag: 3-0-7-B-AVSS
2025-08-23 08:15:37,306 INFO [root] [11] RBC tag: 3-0-7-B-RBC
2025-08-23 08:15:37,306 INFO [root] [11] Starting AVSS with shares_num: 0, dealer_id: 3, client_mode: False
2025-08-23 08:15:37,306 INFO [root] rbc_list: [81, 91, 92, 93, 94, 95, 96, 97, 98, 99, 100, 101, 102, 103]
2025-08-23 08:15:37,306 INFO [root] committee_size: 13
2025-08-23 08:15:37,306 INFO [root] n: 14
2025-08-23 08:15:37,306 INFO [root] f: 4
2025-08-23 08:15:37,306 INFO [root] pid: 12
2025-08-23 08:15:37,306 INFO [root] leader: 3
2025-08-23 08:15:37,306 INFO [root] [11] Starting Batch AVSS. Id: 0, Dealer Id: 4, Client Mode: False
2025-08-23 08:15:37,306 INFO [root] [11] AVSS tag: 4-0-7-B-AVSS
2025-08-23 08:15:37,306 INFO [root] [11] RBC tag: 4-0-7-B-RBC
2025-08-23 08:15:37,306 INFO [root] [11] Starting AVSS with shares_num: 0, dealer_id: 4, client_mode: False
2025-08-23 08:15:37,306 INFO [root] rbc_list: [82, 91, 92, 93, 94, 95, 96, 97, 98, 99, 100, 101, 102, 103]
2025-08-23 08:15:37,306 INFO [root] committee_size: 13
2025-08-23 08:15:37,306 INFO [root] n: 14
2025-08-23 08:15:37,306 INFO [root] f: 4
2025-08-23 08:15:37,306 INFO [root] pid: 12
2025-08-23 08:15:37,306 INFO [root] leader: 4
2025-08-23 08:15:37,306 INFO [root] [11] Starting Batch AVSS. Id: 0, Dealer Id: 5, Client Mode: False
2025-08-23 08:15:37,306 INFO [root] [11] AVSS tag: 5-0-7-B-AVSS
2025-08-23 08:15:37,306 INFO [root] [11] RBC tag: 5-0-7-B-RBC
2025-08-23 08:15:37,306 INFO [root] [11] Starting AVSS with shares_num: 0, dealer_id: 5, client_mode: False
2025-08-23 08:15:37,307 INFO [root] rbc_list: [83, 91, 92, 93, 94, 95, 96, 97, 98, 99, 100, 101, 102, 103]
2025-08-23 08:15:37,307 INFO [root] committee_size: 13
2025-08-23 08:15:37,307 INFO [root] n: 14
2025-08-23 08:15:37,307 INFO [root] f: 4
2025-08-23 08:15:37,307 INFO [root] pid: 12
2025-08-23 08:15:37,307 INFO [root] leader: 5
2025-08-23 08:15:37,307 INFO [root] [11] Starting Batch AVSS. Id: 0, Dealer Id: 6, Client Mode: False
2025-08-23 08:15:37,307 INFO [root] [11] AVSS tag: 6-0-7-B-AVSS
2025-08-23 08:15:37,307 INFO [root] [11] RBC tag: 6-0-7-B-RBC
2025-08-23 08:15:37,307 INFO [root] [11] Starting AVSS with shares_num: 0, dealer_id: 6, client_mode: False
2025-08-23 08:15:37,307 INFO [root] rbc_list: [84, 91, 92, 93, 94, 95, 96, 97, 98, 99, 100, 101, 102, 103]
2025-08-23 08:15:37,307 INFO [root] committee_size: 13
2025-08-23 08:15:37,307 INFO [root] n: 14
2025-08-23 08:15:37,307 INFO [root] f: 4
2025-08-23 08:15:37,307 INFO [root] pid: 12
2025-08-23 08:15:37,307 INFO [root] leader: 6
2025-08-23 08:15:37,307 INFO [root] [11] Starting Batch AVSS. Id: 0, Dealer Id: 7, Client Mode: False
2025-08-23 08:15:37,307 INFO [root] [11] AVSS tag: 7-0-7-B-AVSS
2025-08-23 08:15:37,307 INFO [root] [11] RBC tag: 7-0-7-B-RBC
2025-08-23 08:15:37,307 INFO [root] [11] Starting AVSS with shares_num: 0, dealer_id: 7, client_mode: False
2025-08-23 08:15:37,307 INFO [root] rbc_list: [85, 91, 92, 93, 94, 95, 96, 97, 98, 99, 100, 101, 102, 103]
2025-08-23 08:15:37,307 INFO [root] committee_size: 13
2025-08-23 08:15:37,307 INFO [root] n: 14
2025-08-23 08:15:37,307 INFO [root] f: 4
2025-08-23 08:15:37,307 INFO [root] pid: 12
2025-08-23 08:15:37,307 INFO [root] leader: 7
2025-08-23 08:15:37,307 INFO [root] [11] Starting Batch AVSS. Id: 0, Dealer Id: 8, Client Mode: False
2025-08-23 08:15:37,307 INFO [root] [11] AVSS tag: 8-0-7-B-AVSS
2025-08-23 08:15:37,307 INFO [root] [11] RBC tag: 8-0-7-B-RBC
2025-08-23 08:15:37,307 INFO [root] [11] Starting AVSS with shares_num: 0, dealer_id: 8, client_mode: False
2025-08-23 08:15:37,307 INFO [root] rbc_list: [86, 91, 92, 93, 94, 95, 96, 97, 98, 99, 100, 101, 102, 103]
2025-08-23 08:15:37,307 INFO [root] committee_size: 13
2025-08-23 08:15:37,307 INFO [root] n: 14
2025-08-23 08:15:37,307 INFO [root] f: 4
2025-08-23 08:15:37,307 INFO [root] pid: 12
2025-08-23 08:15:37,307 INFO [root] leader: 8
2025-08-23 08:15:37,307 INFO [root] [11] Starting Batch AVSS. Id: 0, Dealer Id: 9, Client Mode: False
2025-08-23 08:15:37,308 INFO [root] [11] AVSS tag: 9-0-7-B-AVSS
2025-08-23 08:15:37,308 INFO [root] [11] RBC tag: 9-0-7-B-RBC
2025-08-23 08:15:37,308 INFO [root] [11] Starting AVSS with shares_num: 0, dealer_id: 9, client_mode: False
2025-08-23 08:15:37,308 INFO [root] rbc_list: [87, 91, 92, 93, 94, 95, 96, 97, 98, 99, 100, 101, 102, 103]
2025-08-23 08:15:37,308 INFO [root] committee_size: 13
2025-08-23 08:15:37,308 INFO [root] n: 14
2025-08-23 08:15:37,308 INFO [root] f: 4
2025-08-23 08:15:37,308 INFO [root] pid: 12
2025-08-23 08:15:37,308 INFO [root] leader: 9
2025-08-23 08:15:37,308 INFO [root] [11] Starting Batch AVSS. Id: 0, Dealer Id: 10, Client Mode: False
2025-08-23 08:15:37,308 INFO [root] [11] AVSS tag: 10-0-7-B-AVSS
2025-08-23 08:15:37,308 INFO [root] [11] RBC tag: 10-0-7-B-RBC
2025-08-23 08:15:37,308 INFO [root] [11] Starting AVSS with shares_num: 0, dealer_id: 10, client_mode: False
2025-08-23 08:15:37,308 INFO [root] rbc_list: [88, 91, 92, 93, 94, 95, 96, 97, 98, 99, 100, 101, 102, 103]
2025-08-23 08:15:37,308 INFO [root] committee_size: 13
2025-08-23 08:15:37,308 INFO [root] n: 14
2025-08-23 08:15:37,308 INFO [root] f: 4
2025-08-23 08:15:37,308 INFO [root] pid: 12
2025-08-23 08:15:37,308 INFO [root] leader: 10
2025-08-23 08:15:37,308 INFO [root] [11] Starting Batch AVSS. Id: 0, Dealer Id: 11, Client Mode: False
2025-08-23 08:15:37,308 INFO [root] [11] AVSS tag: 11-0-7-B-AVSS
2025-08-23 08:15:37,308 INFO [root] [11] RBC tag: 11-0-7-B-RBC
2025-08-23 08:15:37,308 INFO [root] [11] Starting AVSS with shares_num: 0, dealer_id: 11, client_mode: False
2025-08-23 08:15:37,308 INFO [root] rbc_list: [89, 91, 92, 93, 94, 95, 96, 97, 98, 99, 100, 101, 102, 103]
2025-08-23 08:15:37,308 INFO [root] committee_size: 13
2025-08-23 08:15:37,308 INFO [root] n: 14
2025-08-23 08:15:37,308 INFO [root] f: 4
2025-08-23 08:15:37,308 INFO [root] pid: 12
2025-08-23 08:15:37,308 INFO [root] leader: 11
2025-08-23 08:15:37,308 INFO [root] [11] Starting Batch AVSS. Id: 0, Dealer Id: 12, Client Mode: False
2025-08-23 08:15:37,308 INFO [root] [11] AVSS tag: 12-0-7-B-AVSS
2025-08-23 08:15:37,308 INFO [root] [11] RBC tag: 12-0-7-B-RBC
2025-08-23 08:15:37,308 INFO [root] [11] Starting AVSS with shares_num: 0, dealer_id: 12, client_mode: False
2025-08-23 08:15:37,308 INFO [root] rbc_list: [90, 91, 92, 93, 94, 95, 96, 97, 98, 99, 100, 101, 102, 103]
2025-08-23 08:15:37,308 INFO [root] committee_size: 13
2025-08-23 08:15:37,308 INFO [root] n: 14
2025-08-23 08:15:37,308 INFO [root] f: 4
2025-08-23 08:15:37,308 INFO [root] pid: 11
2025-08-23 08:15:37,308 INFO [root] leader: 12
