Warning: Permanently added '106.53.26.38' (ECDSA) to the list of known hosts.
Creating dumbo-mpc_dumbo-mpc_run ... 
Creating dumbo-mpc_dumbo-mpc_run ... done
2025-08-23 08:15:36,598 INFO [root] Running ADMPC ...
2025-08-23 08:15:37,032 INFO [root] my_send_id: 9
2025-08-23 08:15:37,115 INFO [root] ADMPC start time: 1755936937.1155155
2025-08-23 08:15:37,115 INFO [root] [Layer 0] Reached run_admpc checkpoint
2025-08-23 08:15:37,115 INFO [root] layer ID: 0 inputs_num: 15, n: 13, w: 100
2025-08-23 08:15:37,116 INFO [root] public_keys: [{'X': '1418272850782304932682411378080028767785273898266341955886853396065459769885761023331238708778292430264528913651936', 'Y': '3218043438419157856225508957309975520884699410801564404271740405956101140780542619868955144926053897262798050935351'}, {'X': '3245098813995855413843770560595602654315373583947905806553524454871178455091986710584022310995665048165654490531549', 'Y': '1957273202620885565563184299545403409856071253041024964070182241363530494970831830094755695803584275389583649150391'}, {'X': '1388986075985161151312720851799675365877768455632161049932988945733584898514614978060806760633699204790892847423134', 'Y': '1092423787944903913229726972774715467791011839502972775949735349762914813292941243109893619623667303179254324550372'}, {'X': '2275979504948994842211253673428215855518053860583009690119803338088288165536581066395579246860897615310149853447815', 'Y': '1385686410809403962824113583409285067383209779748256857235916383051256653714842545670934239377340490173322094628758'}, {'X': '2137826501903484056037840846859067729762163333787784748663634413939893164130367456805404029226394600057275660314126', 'Y': '2242719921588830228203454667224048895682169096120598565652706866269426724139109535401651399907651768730565396218253'}, {'X': '636746011246384351852504316026302706857571880973991695638415318445070143950710635304719199699908761440090496026042', 'Y': '1352149312856905073367247971215562876435624301652244023347751740558573808557694302506810181119282037686367054044181'}, {'X': '3716162217010432656369318929231011452984318488106475293418056003604654690893914363946558191917789867371566349259223', 'Y': '3415408314177678758432609868283041596634368019001339674770913985069869607204307744844099528208664243804476467733703'}, {'X': '574852225658477249536824826447052637708316054355412000081599496653263107259672198374125822603669984715375477778802', 'Y': '1706636178783475848731510173501125673024375811645335138926823237128630483434114358097836998139399980714274116432412'}, {'X': '3720171176220130107841889051808256647009233188980955656711349279005480659893479591113233216893808972466820635371006', 'Y': '2064229323959389595184550272214341684442637223442388563635297192458253920347832022126295252336099065366864514561071'}, {'X': '762557343419109703507401138912460715513999504000924097335359416830043742396822326966888005397844080777046182065585', 'Y': '3803139678662850913370073455367662231088003308835165677428364518630165433779868973070353275067869398332148636618488'}, {'X': '3904494873237682527835613388107960365275297660356109499963098396771023407313367946486815171598370971941454110145540', 'Y': '114993820795955547852416637396309141378928398767450877169001778969846506592640163461244166391281189935608886133648'}, {'X': '3880018024349441670655188843456778385941012038237705329909978356403699476978071237652587140784313047571526341991292', 'Y': '1223150099908883982396461835207957151528894098909886916644487112066938398509619725457193163156597708974824005685776'}, {'X': '2230806379432117690619693140204388718233374281950787356214976190830705568842986014719623479666654033563306273950725', 'Y': '236162534198380507504078864463735937543019158444984628425799862025670771860976542003570532208328529145289517708696'}]
2025-08-23 08:15:37,116 INFO [root] [9] AVSS tag: 9-0-1-B-AVSS
2025-08-23 08:15:37,116 INFO [root] [9] RBC tag: 9-0-1-B-RBC
2025-08-23 08:15:37,193 INFO [root] self.msgmode: avss_without_proof
2025-08-23 08:15:37,193 INFO [root] rbc_list: [9, 13, 14, 15, 16, 17, 18, 19, 20, 21, 22, 23, 24, 25]
2025-08-23 08:15:37,193 INFO [root] committee_size: 13
2025-08-23 08:15:37,193 INFO [root] n: 14
2025-08-23 08:15:37,193 INFO [root] f: 4
2025-08-23 08:15:37,193 INFO [root] pid: 9
2025-08-23 08:15:37,193 INFO [root] leader: 9
2025-08-23 08:15:37,193 INFO [root] [9] Sending to 0: 13
2025-08-23 08:15:37,193 INFO [root] [9] Sending to 1: 14
2025-08-23 08:15:37,193 INFO [root] [9] Sending to 2: 15
2025-08-23 08:15:37,193 INFO [root] [9] Sending to 3: 16
2025-08-23 08:15:37,193 INFO [root] [9] Sending to 4: 17
2025-08-23 08:15:37,193 INFO [root] [9] Sending to 5: 18
2025-08-23 08:15:37,193 INFO [root] [9] Sending to 6: 19
2025-08-23 08:15:37,193 INFO [root] [9] Sending to 7: 20
2025-08-23 08:15:37,193 INFO [root] [9] Sending to 8: 21
2025-08-23 08:15:37,193 INFO [root] [9] Sending to 9: 22
2025-08-23 08:15:37,193 INFO [root] [9] Sending to 10: 23
2025-08-23 08:15:37,193 INFO [root] [9] Sending to 11: 24
2025-08-23 08:15:37,193 INFO [root] [9] Sending to 12: 25
2025-08-23 08:15:37,194 INFO [root] [9] Starting AVID disperse
2025-08-23 08:15:37,194 INFO [root] layer ID: 0 acss_pre_time: 0.07798337936401367
2025-08-23 08:15:37,194 INFO [root] layer ID: 0 layer_time: 0.0781853199005127
2025-08-23 08:15:37,195 INFO [root] [9] Dispersed VAL message to committee
my_send_id: 9 exec_time: 5.082556962966919
2025-08-23 08:15:47,198 INFO [root] [9] Bytes Sent: A1:276518 which is 100.0%
2025-08-23 08:15:47,198 INFO [root] [9] Total bytes sent out aa: 276518
2025-08-23 08:15:47,201 INFO [benchmark_logger] Total bytes sent out: 276518
2025-08-23 08:15:47,208 ERROR [asyncio] Task was destroyed but it is pending!
task: <Task pending name='Task-107' coro=<subscribe_recv.<locals>._recv_loop() running at /opt/dumbo-mpc/dumbo-mpc/AsyRanTriGen/beaver/utils/misc.py:89> wait_for=<Future pending cb=[<TaskWakeupMethWrapper object at 0x7f54365d12e0>()]>>
2025-08-23 08:15:47,208 ERROR [asyncio] Task was destroyed but it is pending!
task: <Task pending name='Task-109' coro=<subscribe_recv.<locals>._recv_loop() running at /opt/dumbo-mpc/dumbo-mpc/AsyRanTriGen/beaver/utils/misc.py:89> wait_for=<Future pending cb=[<TaskWakeupMethWrapper object at 0x7f54365d1700>()]>>
Exception ignored in: <coroutine object subscribe_recv.<locals>._recv_loop at 0x7f547405e840>
Traceback (most recent call last):
  File "/opt/dumbo-mpc/dumbo-mpc/AsyRanTriGen/beaver/utils/misc.py", line 89, in _recv_loop
    j, (tag, o) = await recv()
  File "/usr/lib/python3.8/asyncio/queues.py", line 165, in get
    getter.cancel()  # Just in case getter is not done yet.
  File "uvloop/loop.pyx", line 1281, in uvloop.loop.Loop.call_soon
  File "uvloop/loop.pyx", line 669, in uvloop.loop.Loop._call_soon
  File "uvloop/loop.pyx", line 678, in uvloop.loop.Loop._call_soon_handle
  File "uvloop/loop.pyx", line 673, in uvloop.loop.Loop._append_ready_handle
  File "uvloop/loop.pyx", line 705, in uvloop.loop.Loop._check_closed
RuntimeError: Event loop is closed
Exception ignored in: <coroutine object subscribe_recv.<locals>._recv_loop at 0x7f54740df0c0>
Traceback (most recent call last):
  File "/opt/dumbo-mpc/dumbo-mpc/AsyRanTriGen/beaver/utils/misc.py", line 89, in _recv_loop
    j, (tag, o) = await recv()
  File "/usr/lib/python3.8/asyncio/queues.py", line 165, in get
    getter.cancel()  # Just in case getter is not done yet.
  File "uvloop/loop.pyx", line 1281, in uvloop.loop.Loop.call_soon
  File "uvloop/loop.pyx", line 669, in uvloop.loop.Loop._call_soon
  File "uvloop/loop.pyx", line 678, in uvloop.loop.Loop._call_soon_handle
  File "uvloop/loop.pyx", line 673, in uvloop.loop.Loop._append_ready_handle
  File "uvloop/loop.pyx", line 705, in uvloop.loop.Loop._check_closed
RuntimeError: Event loop is closed
2025-08-23 08:15:47,209 ERROR [asyncio] Task was destroyed but it is pending!
task: <Task pending name='Task-111' coro=<rbc_dyn() running at /opt/dumbo-mpc/dumbo-mpc/AsyRanTriGen/beaver/broadcast/reliablebroadcast.py:411> wait_for=<Future cancelled>>
Exception ignored in: <coroutine object rbc_dyn at 0x7f54365d3640>
Traceback (most recent call last):
  File "/opt/dumbo-mpc/dumbo-mpc/AsyRanTriGen/beaver/broadcast/reliablebroadcast.py", line 411, in rbc_dyn
    sender, msg = await receive()
  File "/usr/lib/python3.8/asyncio/queues.py", line 165, in get
    getter.cancel()  # Just in case getter is not done yet.
  File "uvloop/loop.pyx", line 1281, in uvloop.loop.Loop.call_soon
  File "uvloop/loop.pyx", line 669, in uvloop.loop.Loop._call_soon
  File "uvloop/loop.pyx", line 678, in uvloop.loop.Loop._call_soon_handle
  File "uvloop/loop.pyx", line 673, in uvloop.loop.Loop._append_ready_handle
  File "uvloop/loop.pyx", line 705, in uvloop.loop.Loop._check_closed
RuntimeError: Event loop is closed
2025-08-23 08:15:47,209 ERROR [asyncio] Task was destroyed but it is pending!
task: <Task pending name='Task-113' coro=<AVID_DYNAMIC.disperse() running at /opt/dumbo-mpc/dumbo-mpc/AsyRanTriGen/beaver/broadcast/avid.py:461> wait_for=<Future cancelled>>
Exception ignored in: <coroutine object AVID_DYNAMIC.disperse at 0x7f54365d3b40>
Traceback (most recent call last):
  File "/opt/dumbo-mpc/dumbo-mpc/AsyRanTriGen/beaver/broadcast/avid.py", line 461, in disperse
    sender, msg = await self.recv()
  File "/usr/lib/python3.8/asyncio/queues.py", line 165, in get
    getter.cancel()  # Just in case getter is not done yet.
  File "uvloop/loop.pyx", line 1281, in uvloop.loop.Loop.call_soon
  File "uvloop/loop.pyx", line 669, in uvloop.loop.Loop._call_soon
  File "uvloop/loop.pyx", line 678, in uvloop.loop.Loop._call_soon_handle
  File "uvloop/loop.pyx", line 673, in uvloop.loop.Loop._append_ready_handle
  File "uvloop/loop.pyx", line 705, in uvloop.loop.Loop._check_closed
RuntimeError: Event loop is closed
