Warning: Permanently added '111.231.28.183' (ECDSA) to the list of known hosts.
Creating dumbo-mpc_dumbo-mpc_run ... 
Creating dumbo-mpc_dumbo-mpc_run ... done
2025-12-17 02:12:34,291 INFO [root] Running ADMPC ...
2025-12-17 02:12:34,983 INFO [root] my_send_id: 23
2025-12-17 02:12:35,020 INFO [root] ADMPC start time: 1765937555.0202122
2025-12-17 02:12:35,020 INFO [root] [Layer 5] Reached run_admpc checkpoint
2025-12-17 02:12:35,020 INFO [beaver.transfer] [3] Starting DynamicTransfer_Foll
2025-12-17 02:12:35,020 INFO [beaver.transfer] [3] Starting ACSS to share 50 secrets
2025-12-17 02:12:35,021 INFO [root] [3] Starting Batch AVSS. Id: 0, Dealer Id: 0, Client Mode: False
2025-12-17 02:12:35,021 INFO [root] [3] AVSS tag: 0-0-5-B-AVSS
2025-12-17 02:12:35,021 INFO [root] [3] RBC tag: 0-0-5-B-RBC
2025-12-17 02:12:35,021 INFO [root] [3] Starting AVSS with shares_num: 50, dealer_id: 0, client_mode: False
2025-12-17 02:12:35,021 INFO [root] rbc_list: [16, 20, 21, 22, 23]
2025-12-17 02:12:35,021 INFO [root] committee_size: 4
2025-12-17 02:12:35,021 INFO [root] n: 5
2025-12-17 02:12:35,021 INFO [root] f: 1
2025-12-17 02:12:35,021 INFO [root] pid: 4
2025-12-17 02:12:35,021 INFO [root] leader: 0
2025-12-17 02:12:35,022 INFO [root] [3] Starting Batch AVSS. Id: 0, Dealer Id: 1, Client Mode: False
2025-12-17 02:12:35,022 INFO [root] [3] AVSS tag: 1-0-5-B-AVSS
2025-12-17 02:12:35,022 INFO [root] [3] RBC tag: 1-0-5-B-RBC
2025-12-17 02:12:35,022 INFO [root] [3] Starting AVSS with shares_num: 50, dealer_id: 1, client_mode: False
2025-12-17 02:12:35,022 INFO [root] rbc_list: [17, 20, 21, 22, 23]
2025-12-17 02:12:35,022 INFO [root] committee_size: 4
2025-12-17 02:12:35,022 INFO [root] n: 5
2025-12-17 02:12:35,022 INFO [root] f: 1
2025-12-17 02:12:35,022 INFO [root] pid: 4
2025-12-17 02:12:35,022 INFO [root] leader: 1
2025-12-17 02:12:35,023 INFO [root] [3] Starting Batch AVSS. Id: 0, Dealer Id: 2, Client Mode: False
2025-12-17 02:12:35,023 INFO [root] [3] AVSS tag: 2-0-5-B-AVSS
2025-12-17 02:12:35,023 INFO [root] [3] RBC tag: 2-0-5-B-RBC
2025-12-17 02:12:35,023 INFO [root] [3] Starting AVSS with shares_num: 50, dealer_id: 2, client_mode: False
2025-12-17 02:12:35,023 INFO [root] rbc_list: [18, 20, 21, 22, 23]
2025-12-17 02:12:35,023 INFO [root] committee_size: 4
2025-12-17 02:12:35,023 INFO [root] n: 5
2025-12-17 02:12:35,023 INFO [root] f: 1
2025-12-17 02:12:35,023 INFO [root] pid: 4
2025-12-17 02:12:35,023 INFO [root] leader: 2
2025-12-17 02:12:35,023 INFO [root] [3] Starting Batch AVSS. Id: 0, Dealer Id: 3, Client Mode: False
2025-12-17 02:12:35,023 INFO [root] [3] AVSS tag: 3-0-5-B-AVSS
2025-12-17 02:12:35,023 INFO [root] [3] RBC tag: 3-0-5-B-RBC
2025-12-17 02:12:35,023 INFO [root] [3] Starting AVSS with shares_num: 50, dealer_id: 3, client_mode: False
2025-12-17 02:12:35,023 INFO [root] rbc_list: [19, 20, 21, 22, 23]
2025-12-17 02:12:35,023 INFO [root] committee_size: 4
2025-12-17 02:12:35,024 INFO [root] n: 5
2025-12-17 02:12:35,024 INFO [root] f: 1
2025-12-17 02:12:35,024 INFO [root] pid: 4
2025-12-17 02:12:35,024 INFO [root] leader: 3
2025-12-17 02:12:39,241 INFO [root] [4] Received VAL message from 17
2025-12-17 02:12:39,241 INFO [root] entering n == commitee_size + 1
2025-12-17 02:12:39,241 INFO [root] [4] sender: 17, leader: 1
2025-12-17 02:12:39,241 INFO [root] [4] Successfully validated VAL message
2025-12-17 02:12:39,241 INFO [root] [4] Broadcasted ECHO message for roothash b'~\xc4\x1bV\x9f\x8eVfDgqC\x00\x8d%]\xfc57w\x97\xc7cKV>\xb3=\x92\xa2\x8cK'
2025-12-17 02:12:39,241 INFO [root] broadcast Sending to 1: 20
2025-12-17 02:12:39,242 INFO [root] broadcast Sending to 2: 21
2025-12-17 02:12:39,242 INFO [root] broadcast Sending to 3: 22
2025-12-17 02:12:39,242 INFO [root] broadcast Sending to 4: 23
2025-12-17 02:12:39,242 INFO [root] [4] Received ECHO message from 23
2025-12-17 02:12:39,242 INFO [root] [4] Received VAL message from 19
2025-12-17 02:12:39,242 INFO [root] entering n == commitee_size + 1
2025-12-17 02:12:39,242 INFO [root] [4] sender: 19, leader: 3
2025-12-17 02:12:39,242 INFO [root] [4] Successfully validated VAL message
2025-12-17 02:12:39,242 INFO [root] [4] Broadcasted ECHO message for roothash b'z\xba\x98b\xa2\xae\xaf\xa9\xbd\x12\t\x93\xb5\x88\xf3\xca\x15\xa6\xbf\xe8\xe8Z\x85D\x1d"\x96\xf0\xfa<\xd7\xd2'
2025-12-17 02:12:39,242 INFO [root] broadcast Sending to 1: 20
2025-12-17 02:12:39,242 INFO [root] broadcast Sending to 2: 21
2025-12-17 02:12:39,242 INFO [root] broadcast Sending to 3: 22
2025-12-17 02:12:39,242 INFO [root] broadcast Sending to 4: 23
2025-12-17 02:12:39,242 INFO [root] [4] Received ECHO message from 23
2025-12-17 02:12:39,243 INFO [root] [4] Received ECHO message from 22
2025-12-17 02:12:39,243 INFO [root] [4] Received ECHO message from 22
2025-12-17 02:12:39,243 INFO [root] [4] Received VAL message from 16
2025-12-17 02:12:39,243 INFO [root] entering n == commitee_size + 1
2025-12-17 02:12:39,243 INFO [root] [4] sender: 16, leader: 0
2025-12-17 02:12:39,243 INFO [root] [4] Successfully validated VAL message
2025-12-17 02:12:39,243 INFO [root] [4] Broadcasted ECHO message for roothash b'\xa3\xaa"\xad\xe8\xc3\x8dQ)\x92g\xcc\xe2\x90\xa6\xc4\xc0\xca\xaa\xd9\x89c\xd8[m\xe2wK\xc8\x1a\xa2n'
2025-12-17 02:12:39,243 INFO [root] broadcast Sending to 1: 20
2025-12-17 02:12:39,243 INFO [root] broadcast Sending to 2: 21
2025-12-17 02:12:39,243 INFO [root] broadcast Sending to 3: 22
2025-12-17 02:12:39,243 INFO [root] broadcast Sending to 4: 23
2025-12-17 02:12:39,244 INFO [root] [4] Received ECHO message from 23
2025-12-17 02:12:39,244 INFO [root] [4] Received ECHO message from 20
2025-12-17 02:12:39,244 INFO [root] [4] Broadcasted READY message for roothash b'~\xc4\x1bV\x9f\x8eVfDgqC\x00\x8d%]\xfc57w\x97\xc7cKV>\xb3=\x92\xa2\x8cK'
2025-12-17 02:12:39,244 INFO [root] broadcast Sending to 1: 20
2025-12-17 02:12:39,244 INFO [root] broadcast Sending to 2: 21
2025-12-17 02:12:39,244 INFO [root] broadcast Sending to 3: 22
2025-12-17 02:12:39,244 INFO [root] broadcast Sending to 4: 23
2025-12-17 02:12:39,244 INFO [root] [4] Received ECHO message from 21
2025-12-17 02:12:39,244 INFO [root] [4] Received ECHO message from 20
2025-12-17 02:12:39,244 INFO [root] [4] Broadcasted READY message for roothash b'z\xba\x98b\xa2\xae\xaf\xa9\xbd\x12\t\x93\xb5\x88\xf3\xca\x15\xa6\xbf\xe8\xe8Z\x85D\x1d"\x96\xf0\xfa<\xd7\xd2'
2025-12-17 02:12:39,244 INFO [root] broadcast Sending to 1: 20
2025-12-17 02:12:39,244 INFO [root] broadcast Sending to 2: 21
2025-12-17 02:12:39,244 INFO [root] broadcast Sending to 3: 22
2025-12-17 02:12:39,244 INFO [root] broadcast Sending to 4: 23
2025-12-17 02:12:39,245 INFO [root] [4] Received ECHO message from 21
2025-12-17 02:12:39,245 INFO [root] [4] Received READY message from 23
2025-12-17 02:12:39,245 INFO [root] [4] Received READY message from 23
2025-12-17 02:12:39,245 INFO [root] [4] Received ECHO message from 22
2025-12-17 02:12:39,245 INFO [root] [4] Received READY message from 20
2025-12-17 02:12:39,246 INFO [root] [4] Received ECHO message from 20
2025-12-17 02:12:39,246 INFO [root] [4] Broadcasted READY message for roothash b'\xa3\xaa"\xad\xe8\xc3\x8dQ)\x92g\xcc\xe2\x90\xa6\xc4\xc0\xca\xaa\xd9\x89c\xd8[m\xe2wK\xc8\x1a\xa2n'
2025-12-17 02:12:39,246 INFO [root] broadcast Sending to 1: 20
2025-12-17 02:12:39,246 INFO [root] broadcast Sending to 2: 21
2025-12-17 02:12:39,246 INFO [root] broadcast Sending to 3: 22
2025-12-17 02:12:39,246 INFO [root] broadcast Sending to 4: 23
2025-12-17 02:12:39,246 INFO [root] [4] Received READY message from 20
2025-12-17 02:12:39,246 INFO [root] [4] Received READY message from 22
2025-12-17 02:12:39,246 INFO [root] Decoding output for roothash: b'z\xba\x98b\xa2\xae\xaf\xa9\xbd\x12\t\x93\xb5\x88\xf3\xca\x15\xa6\xbf\xe8\xe8Z\x85D\x1d"\x96\xf0\xfa<\xd7\xd2'
2025-12-17 02:12:39,246 INFO [root] [3] Received RBC message
2025-12-17 02:12:39,247 INFO [root] multicast list: [20, 21, 22, 23]
2025-12-17 02:12:39,247 INFO [root] before avid.retrieve
2025-12-17 02:12:39,247 INFO [root] [4] Received READY message from 22
2025-12-17 02:12:39,247 INFO [root] Decoding output for roothash: b'~\xc4\x1bV\x9f\x8eVfDgqC\x00\x8d%]\xfc57w\x97\xc7cKV>\xb3=\x92\xa2\x8cK'
2025-12-17 02:12:39,247 INFO [root] [3] Received RBC message
2025-12-17 02:12:39,247 INFO [root] multicast list: [20, 21, 22, 23]
2025-12-17 02:12:39,247 INFO [root] before avid.retrieve
2025-12-17 02:12:39,247 INFO [root] [4] Received READY message from 23
2025-12-17 02:12:39,247 INFO [root] [4] Received ECHO message from 21
2025-12-17 02:12:39,247 INFO [root] [4] Received READY message from 20
2025-12-17 02:12:39,248 INFO [root] [4] Received READY message from 22
2025-12-17 02:12:39,248 INFO [root] Decoding output for roothash: b'\xa3\xaa"\xad\xe8\xc3\x8dQ)\x92g\xcc\xe2\x90\xa6\xc4\xc0\xca\xaa\xd9\x89c\xd8[m\xe2wK\xc8\x1a\xa2n'
2025-12-17 02:12:39,248 INFO [root] [3] Received RBC message
2025-12-17 02:12:39,248 INFO [root] multicast list: [20, 21, 22, 23]
2025-12-17 02:12:39,248 INFO [root] before avid.retrieve
2025-12-17 02:12:39,248 INFO [root] [4] Received VAL message from 18
2025-12-17 02:12:39,248 INFO [root] entering n == commitee_size + 1
2025-12-17 02:12:39,248 INFO [root] [4] sender: 18, leader: 2
2025-12-17 02:12:39,248 INFO [root] [4] Successfully validated VAL message
2025-12-17 02:12:39,248 INFO [root] [4] Broadcasted ECHO message for roothash b'\x98\x9a\xa4\xc9\xc2\xa90\x11#\xabB\xb3\xa5$U\x08\xb6\xeca\xf4\x95S\x1fXpGhRTY(\xbe'
2025-12-17 02:12:39,248 INFO [root] broadcast Sending to 1: 20
2025-12-17 02:12:39,248 INFO [root] broadcast Sending to 2: 21
2025-12-17 02:12:39,248 INFO [root] broadcast Sending to 3: 22
2025-12-17 02:12:39,248 INFO [root] broadcast Sending to 4: 23
2025-12-17 02:12:39,249 INFO [root] [4] Received ECHO message from 23
2025-12-17 02:12:39,249 INFO [root] [4] Received ECHO message from 20
2025-12-17 02:12:39,249 INFO [root] [4] Received ECHO message from 22
2025-12-17 02:12:39,249 INFO [root] [4] Broadcasted READY message for roothash b'\x98\x9a\xa4\xc9\xc2\xa90\x11#\xabB\xb3\xa5$U\x08\xb6\xeca\xf4\x95S\x1fXpGhRTY(\xbe'
2025-12-17 02:12:39,249 INFO [root] broadcast Sending to 1: 20
2025-12-17 02:12:39,249 INFO [root] broadcast Sending to 2: 21
2025-12-17 02:12:39,249 INFO [root] broadcast Sending to 3: 22
2025-12-17 02:12:39,250 INFO [root] broadcast Sending to 4: 23
2025-12-17 02:12:39,250 INFO [root] [4] Received READY message from 23
2025-12-17 02:12:39,250 INFO [root] [4] Received ECHO message from 21
2025-12-17 02:12:39,250 INFO [root] [4] Received READY message from 20
2025-12-17 02:12:39,250 INFO [root] [4] Received READY message from 22
2025-12-17 02:12:39,250 INFO [root] Decoding output for roothash: b'\x98\x9a\xa4\xc9\xc2\xa90\x11#\xabB\xb3\xa5$U\x08\xb6\xeca\xf4\x95S\x1fXpGhRTY(\xbe'
2025-12-17 02:12:39,251 INFO [root] [3] Received RBC message
2025-12-17 02:12:39,251 INFO [root] multicast list: [20, 21, 22, 23]
2025-12-17 02:12:39,251 INFO [root] before avid.retrieve
2025-12-17 02:12:39,422 INFO [root] AVID broadcast to 1: 20
2025-12-17 02:12:39,422 INFO [root] AVID broadcast to 2: 21
2025-12-17 02:12:39,422 INFO [root] AVID broadcast to 3: 22
2025-12-17 02:12:39,422 INFO [root] AVID broadcast to 4: 23
2025-12-17 02:12:39,423 INFO [root] AVID broadcast to 1: 20
2025-12-17 02:12:39,423 INFO [root] AVID broadcast to 2: 21
2025-12-17 02:12:39,423 INFO [root] AVID broadcast to 3: 22
2025-12-17 02:12:39,423 INFO [root] AVID broadcast to 4: 23
2025-12-17 02:12:39,424 INFO [root] AVID broadcast to 1: 20
2025-12-17 02:12:39,424 INFO [root] AVID broadcast to 2: 21
2025-12-17 02:12:39,424 INFO [root] AVID broadcast to 3: 22
2025-12-17 02:12:39,424 INFO [root] AVID broadcast to 4: 23
2025-12-17 02:12:39,424 INFO [root] 3-0-5-B-AVSS 3 RETRIEVE called.
2025-12-17 02:12:39,424 INFO [root] AVID broadcast to 1: 20
2025-12-17 02:12:39,424 INFO [root] AVID broadcast to 2: 21
2025-12-17 02:12:39,425 INFO [root] AVID broadcast to 3: 22
2025-12-17 02:12:39,425 INFO [root] AVID broadcast to 4: 23
2025-12-17 02:12:39,425 INFO [root] 3-0-5-B-AVSS 3 RETRIEVE broadcasted.
2025-12-17 02:12:39,425 INFO [root] disperse msid: 3-0-5-B-AVSS, index: 3
2025-12-17 02:12:39,425 INFO [root] AVID retrieve called with sid: 3-0-5-B-AVID, index: 3
2025-12-17 02:12:39,426 INFO [root] AVID broadcast to 1: 20
2025-12-17 02:12:39,426 INFO [root] AVID broadcast to 2: 21
2025-12-17 02:12:39,426 INFO [root] AVID broadcast to 3: 22
2025-12-17 02:12:39,426 INFO [root] AVID broadcast to 4: 23
2025-12-17 02:12:39,426 INFO [root] disperse msid: 3-0-5-B-AVSS, index: 1
2025-12-17 02:12:39,426 INFO [root] AVID retrieve called with sid: 3-0-5-B-AVID, index: 1
2025-12-17 02:12:39,426 INFO [root] disperse msid: 3-0-5-B-AVSS, index: 2
2025-12-17 02:12:39,426 INFO [root] AVID retrieve called with sid: 3-0-5-B-AVID, index: 2
2025-12-17 02:12:39,426 INFO [root] disperse msid: 3-0-5-B-AVSS, index: 0
2025-12-17 02:12:39,426 INFO [root] AVID retrieve called with sid: 3-0-5-B-AVID, index: 0
2025-12-17 02:12:39,426 INFO [root] 3-0-5-B-AVSS 3 AVID retrieve msg from 23
2025-12-17 02:12:39,426 INFO [root] AVID retrieve response received
2025-12-17 02:12:39,426 INFO [root] retrieve msid: 3-0-5-B-AVID, response_index: 3
2025-12-17 02:12:39,426 INFO [root] RESPONSE from 23
2025-12-17 02:12:39,426 INFO [root] sender self.committee_size: 3
2025-12-17 02:12:39,427 INFO [root] 3-0-5-B-AVSS 3 AVID retrieve msg from 22
2025-12-17 02:12:39,427 INFO [root] AVID retrieve response received
2025-12-17 02:12:39,427 INFO [root] retrieve msid: 3-0-5-B-AVID, response_index: 3
2025-12-17 02:12:39,427 INFO [root] RESPONSE from 22
2025-12-17 02:12:39,427 INFO [root] sender self.committee_size: 2
2025-12-17 02:12:39,427 INFO [root] 3-0-5-B-AVSS 3 RETRIEVE complete.
2025-12-17 02:12:39,427 INFO [root] after avid.retrieve dispersal_msg
2025-12-17 02:12:39,427 INFO [root] Handling dealer messages for dealer_id: 3, tag: 3-0-5-B-AVSS
2025-12-17 02:12:39,450 INFO [root] shares verified successfully
2025-12-17 02:12:39,450 INFO [root] all_shares_valid: True
2025-12-17 02:12:39,450 INFO [root] after _handle_dealer_msgs, all_shares_valid
2025-12-17 02:12:39,450 INFO [root] self.tagvars[tag]['all_shares_valid']: True
2025-12-17 02:12:39,450 INFO [root] multicast to 20
2025-12-17 02:12:39,450 INFO [root] multicast to 21
2025-12-17 02:12:39,450 INFO [root] multicast to 22
2025-12-17 02:12:39,450 INFO [root] multicast to 23
2025-12-17 02:12:39,451 INFO [root] [3] Received OK from [23]
2025-12-17 02:12:39,451 INFO [root] [3] OK set: {23}
2025-12-17 02:12:39,451 INFO [root] output: True
2025-12-17 02:12:39,451 INFO [root] AVID broadcast to 1: 20
2025-12-17 02:12:39,452 INFO [root] AVID broadcast to 2: 21
2025-12-17 02:12:39,452 INFO [root] AVID broadcast to 3: 22
2025-12-17 02:12:39,452 INFO [root] AVID broadcast to 4: 23
2025-12-17 02:12:39,452 INFO [root] AVID broadcast to 1: 20
2025-12-17 02:12:39,452 INFO [root] AVID broadcast to 2: 21
2025-12-17 02:12:39,452 INFO [root] AVID broadcast to 3: 22
2025-12-17 02:12:39,452 INFO [root] AVID broadcast to 4: 23
2025-12-17 02:12:39,452 INFO [root] AVID broadcast to 1: 20
2025-12-17 02:12:39,452 INFO [root] AVID broadcast to 2: 21
2025-12-17 02:12:39,452 INFO [root] AVID broadcast to 3: 22
2025-12-17 02:12:39,452 INFO [root] AVID broadcast to 4: 23
2025-12-17 02:12:39,452 INFO [root] 1-0-5-B-AVSS 3 RETRIEVE called.
2025-12-17 02:12:39,452 INFO [root] AVID broadcast to 1: 20
2025-12-17 02:12:39,452 INFO [root] AVID broadcast to 2: 21
2025-12-17 02:12:39,452 INFO [root] AVID broadcast to 3: 22
2025-12-17 02:12:39,452 INFO [root] AVID broadcast to 4: 23
2025-12-17 02:12:39,452 INFO [root] 1-0-5-B-AVSS 3 RETRIEVE broadcasted.
2025-12-17 02:12:39,453 INFO [root] 0-0-5-B-AVSS 3 RETRIEVE called.
2025-12-17 02:12:39,453 INFO [root] AVID broadcast to 1: 20
2025-12-17 02:12:39,453 INFO [root] AVID broadcast to 2: 21
2025-12-17 02:12:39,453 INFO [root] AVID broadcast to 3: 22
2025-12-17 02:12:39,453 INFO [root] AVID broadcast to 4: 23
2025-12-17 02:12:39,453 INFO [root] 0-0-5-B-AVSS 3 RETRIEVE broadcasted.
2025-12-17 02:12:39,453 INFO [root] disperse msid: 1-0-5-B-AVSS, index: 3
2025-12-17 02:12:39,453 INFO [root] AVID retrieve called with sid: 1-0-5-B-AVID, index: 3
2025-12-17 02:12:39,453 INFO [root] [3] Received OK from [20]
2025-12-17 02:12:39,453 INFO [root] [3] OK set: {20, 23}
2025-12-17 02:12:39,453 INFO [root] output: True
2025-12-17 02:12:39,453 INFO [root] [3] Received OK from [22]
2025-12-17 02:12:39,453 INFO [root] [3] OK set: {20, 22, 23}
2025-12-17 02:12:39,454 INFO [root] output: True
2025-12-17 02:12:39,454 INFO [root] [3] Received OK from [21]
2025-12-17 02:12:39,454 INFO [root] [3] OK set: {20, 21, 22, 23}
2025-12-17 02:12:39,454 INFO [root] output: True
2025-12-17 02:12:39,454 INFO [root] [3] exit
2025-12-17 02:12:39,454 INFO [root] disperse msid: 0-0-5-B-AVSS, index: 3
2025-12-17 02:12:39,454 INFO [root] AVID retrieve called with sid: 0-0-5-B-AVID, index: 3
2025-12-17 02:12:39,454 INFO [root] 1-0-5-B-AVSS 3 AVID retrieve msg from 23
2025-12-17 02:12:39,454 INFO [root] AVID retrieve response received
2025-12-17 02:12:39,454 INFO [root] retrieve msid: 1-0-5-B-AVID, response_index: 3
2025-12-17 02:12:39,454 INFO [root] RESPONSE from 23
2025-12-17 02:12:39,454 INFO [root] sender self.committee_size: 3
2025-12-17 02:12:39,454 INFO [root] 0-0-5-B-AVSS 3 AVID retrieve msg from 23
2025-12-17 02:12:39,454 INFO [root] AVID retrieve response received
2025-12-17 02:12:39,454 INFO [root] retrieve msid: 0-0-5-B-AVID, response_index: 3
2025-12-17 02:12:39,454 INFO [root] RESPONSE from 23
2025-12-17 02:12:39,454 INFO [root] sender self.committee_size: 3
2025-12-17 02:12:39,455 INFO [root] AVID broadcast to 1: 20
2025-12-17 02:12:39,455 INFO [root] AVID broadcast to 2: 21
2025-12-17 02:12:39,455 INFO [root] AVID broadcast to 3: 22
2025-12-17 02:12:39,455 INFO [root] AVID broadcast to 4: 23
2025-12-17 02:12:39,455 INFO [root] disperse msid: 0-0-5-B-AVSS, index: 1
2025-12-17 02:12:39,455 INFO [root] AVID retrieve called with sid: 0-0-5-B-AVID, index: 1
2025-12-17 02:12:39,455 INFO [root] disperse msid: 1-0-5-B-AVSS, index: 1
2025-12-17 02:12:39,455 INFO [root] AVID retrieve called with sid: 1-0-5-B-AVID, index: 1
2025-12-17 02:12:39,456 INFO [root] disperse msid: 1-0-5-B-AVSS, index: 0
2025-12-17 02:12:39,456 INFO [root] AVID retrieve called with sid: 1-0-5-B-AVID, index: 0
2025-12-17 02:12:39,456 INFO [root] disperse msid: 1-0-5-B-AVSS, index: 2
2025-12-17 02:12:39,456 INFO [root] AVID retrieve called with sid: 1-0-5-B-AVID, index: 2
2025-12-17 02:12:39,456 INFO [root] disperse msid: 0-0-5-B-AVSS, index: 0
2025-12-17 02:12:39,456 INFO [root] AVID retrieve called with sid: 0-0-5-B-AVID, index: 0
2025-12-17 02:12:39,456 INFO [root] disperse msid: 0-0-5-B-AVSS, index: 2
2025-12-17 02:12:39,456 INFO [root] AVID retrieve called with sid: 0-0-5-B-AVID, index: 2
2025-12-17 02:12:39,456 INFO [root] 1-0-5-B-AVSS 3 AVID retrieve msg from 21
2025-12-17 02:12:39,456 INFO [root] AVID retrieve response received
2025-12-17 02:12:39,456 INFO [root] retrieve msid: 1-0-5-B-AVID, response_index: 3
2025-12-17 02:12:39,456 INFO [root] RESPONSE from 21
2025-12-17 02:12:39,456 INFO [root] sender self.committee_size: 1
2025-12-17 02:12:39,457 INFO [root] 1-0-5-B-AVSS 3 RETRIEVE complete.
2025-12-17 02:12:39,457 INFO [root] after avid.retrieve dispersal_msg
2025-12-17 02:12:39,457 INFO [root] Handling dealer messages for dealer_id: 1, tag: 1-0-5-B-AVSS
2025-12-17 02:12:39,465 INFO [root] shares verified successfully
2025-12-17 02:12:39,465 INFO [root] all_shares_valid: True
2025-12-17 02:12:39,465 INFO [root] after _handle_dealer_msgs, all_shares_valid
2025-12-17 02:12:39,465 INFO [root] self.tagvars[tag]['all_shares_valid']: True
2025-12-17 02:12:39,465 INFO [root] multicast to 20
2025-12-17 02:12:39,465 INFO [root] multicast to 21
2025-12-17 02:12:39,465 INFO [root] multicast to 22
2025-12-17 02:12:39,465 INFO [root] multicast to 23
2025-12-17 02:12:39,466 INFO [root] 0-0-5-B-AVSS 3 AVID retrieve msg from 21
2025-12-17 02:12:39,466 INFO [root] AVID retrieve response received
2025-12-17 02:12:39,466 INFO [root] retrieve msid: 0-0-5-B-AVID, response_index: 3
2025-12-17 02:12:39,466 INFO [root] RESPONSE from 21
2025-12-17 02:12:39,466 INFO [root] sender self.committee_size: 1
2025-12-17 02:12:39,466 INFO [root] 0-0-5-B-AVSS 3 RETRIEVE complete.
2025-12-17 02:12:39,466 INFO [root] after avid.retrieve dispersal_msg
2025-12-17 02:12:39,466 INFO [root] Handling dealer messages for dealer_id: 0, tag: 0-0-5-B-AVSS
2025-12-17 02:12:39,474 INFO [root] shares verified successfully
2025-12-17 02:12:39,475 INFO [root] all_shares_valid: True
2025-12-17 02:12:39,475 INFO [root] after _handle_dealer_msgs, all_shares_valid
2025-12-17 02:12:39,475 INFO [root] self.tagvars[tag]['all_shares_valid']: True
2025-12-17 02:12:39,475 INFO [root] multicast to 20
2025-12-17 02:12:39,475 INFO [root] multicast to 21
2025-12-17 02:12:39,475 INFO [root] multicast to 22
2025-12-17 02:12:39,475 INFO [root] multicast to 23
2025-12-17 02:12:39,475 INFO [root] key_proposal: [3, 1, 0]
2025-12-17 02:12:39,475 INFO [beaver.transfer] [3] [random shares] Starting ACS where node 1 is set as leader 
2025-12-17 02:12:39,475 INFO [beaver.transfer] [3] [random shares] The proposal of node 3 is [3, 1, 0]
2025-12-17 02:12:39,475 INFO [root] enter handle_message
2025-12-17 02:12:39,476 INFO [root] [3] Received OK from [23]
2025-12-17 02:12:39,476 INFO [root] [3] OK set: {23}
2025-12-17 02:12:39,476 INFO [root] output: True
2025-12-17 02:12:39,476 INFO [root] [3] Received OK from [23]
2025-12-17 02:12:39,476 INFO [root] [3] OK set: {23}
2025-12-17 02:12:39,476 INFO [root] output: True
2025-12-17 02:12:39,476 INFO [root] disperse msid: 2-0-5-B-AVSS, index: 0
2025-12-17 02:12:39,476 INFO [root] AVID retrieve called with sid: 2-0-5-B-AVID, index: 0
2025-12-17 02:12:39,476 INFO [root] disperse msid: 2-0-5-B-AVSS, index: 2
2025-12-17 02:12:39,476 INFO [root] AVID retrieve called with sid: 2-0-5-B-AVID, index: 2
2025-12-17 02:12:39,476 INFO [root] [3] Received OK from [22]
2025-12-17 02:12:39,476 INFO [root] [3] OK set: {22, 23}
2025-12-17 02:12:39,476 INFO [root] output: True
2025-12-17 02:12:39,476 INFO [root] 2-0-5-B-AVSS 3 RETRIEVE called.
2025-12-17 02:12:39,476 INFO [root] AVID broadcast to 1: 20
2025-12-17 02:12:39,476 INFO [root] AVID broadcast to 2: 21
2025-12-17 02:12:39,476 INFO [root] AVID broadcast to 3: 22
2025-12-17 02:12:39,476 INFO [root] AVID broadcast to 4: 23
2025-12-17 02:12:39,476 INFO [root] 2-0-5-B-AVSS 3 RETRIEVE broadcasted.
2025-12-17 02:12:39,477 INFO [root] disperse msid: 2-0-5-B-AVSS, index: 3
2025-12-17 02:12:39,477 INFO [root] AVID retrieve called with sid: 2-0-5-B-AVID, index: 3
2025-12-17 02:12:39,477 INFO [root] [3] Received OK from [21]
2025-12-17 02:12:39,477 INFO [root] [3] OK set: {21, 23}
2025-12-17 02:12:39,477 INFO [root] output: True
2025-12-17 02:12:39,477 INFO [root] [3] Received OK from [21]
2025-12-17 02:12:39,477 INFO [root] [3] OK set: {21, 22, 23}
2025-12-17 02:12:39,477 INFO [root] output: True
2025-12-17 02:12:39,477 INFO [root] 2-0-5-B-AVSS 3 AVID retrieve msg from 23
2025-12-17 02:12:39,477 INFO [root] AVID retrieve response received
2025-12-17 02:12:39,477 INFO [root] retrieve msid: 2-0-5-B-AVID, response_index: 3
2025-12-17 02:12:39,477 INFO [root] RESPONSE from 23
2025-12-17 02:12:39,477 INFO [root] sender self.committee_size: 3
2025-12-17 02:12:39,477 INFO [root] [3] otmvba msg value
2025-12-17 02:12:39,477 INFO [root] [3] otmvba handle value message
2025-12-17 02:12:39,478 INFO [root] [3] value-self.acss_outputs.keys():dict_keys([3, 1, 0])
2025-12-17 02:12:39,478 INFO [root] [3] --Directly send the proposal!--
2025-12-17 02:12:39,478 INFO [root] [3] Received OK from [22]
2025-12-17 02:12:39,478 INFO [root] [3] OK set: {21, 22, 23}
2025-12-17 02:12:39,479 INFO [root] output: True
2025-12-17 02:12:39,479 INFO [root] disperse msid: 2-0-5-B-AVSS, index: 1
2025-12-17 02:12:39,479 INFO [root] AVID retrieve called with sid: 2-0-5-B-AVID, index: 1
2025-12-17 02:12:39,479 INFO [root] [3] Received OK from [20]
2025-12-17 02:12:39,479 INFO [root] [3] OK set: {20, 21, 22, 23}
2025-12-17 02:12:39,479 INFO [root] output: True
2025-12-17 02:12:39,479 INFO [root] [3] exit
2025-12-17 02:12:39,479 INFO [root] [3] Received OK from [20]
2025-12-17 02:12:39,479 INFO [root] [3] OK set: {20, 21, 22, 23}
2025-12-17 02:12:39,479 INFO [root] output: True
2025-12-17 02:12:39,479 INFO [root] [3] exit
2025-12-17 02:12:39,488 INFO [root] 2-0-5-B-AVSS 3 AVID retrieve msg from 21
2025-12-17 02:12:39,488 INFO [root] AVID retrieve response received
2025-12-17 02:12:39,488 INFO [root] retrieve msid: 2-0-5-B-AVID, response_index: 3
2025-12-17 02:12:39,488 INFO [root] RESPONSE from 21
2025-12-17 02:12:39,489 INFO [root] sender self.committee_size: 1
2025-12-17 02:12:39,489 INFO [root] 2-0-5-B-AVSS 3 RETRIEVE complete.
2025-12-17 02:12:39,489 INFO [root] after avid.retrieve dispersal_msg
2025-12-17 02:12:39,489 INFO [root] Handling dealer messages for dealer_id: 2, tag: 2-0-5-B-AVSS
2025-12-17 02:12:39,498 INFO [root] shares verified successfully
2025-12-17 02:12:39,498 INFO [root] all_shares_valid: True
2025-12-17 02:12:39,498 INFO [root] after _handle_dealer_msgs, all_shares_valid
2025-12-17 02:12:39,498 INFO [root] self.tagvars[tag]['all_shares_valid']: True
2025-12-17 02:12:39,498 INFO [root] multicast to 20
2025-12-17 02:12:39,498 INFO [root] multicast to 21
2025-12-17 02:12:39,498 INFO [root] multicast to 22
2025-12-17 02:12:39,498 INFO [root] multicast to 23
2025-12-17 02:12:39,498 INFO [root] [3] Received OK from [23]
2025-12-17 02:12:39,498 INFO [root] [3] OK set: {23}
2025-12-17 02:12:39,499 INFO [root] output: True
2025-12-17 02:12:39,499 INFO [root] [3] Received OK from [22]
2025-12-17 02:12:39,499 INFO [root] [3] OK set: {22, 23}
2025-12-17 02:12:39,499 INFO [root] output: True
2025-12-17 02:12:39,499 INFO [root] [3] Received OK from [20]
2025-12-17 02:12:39,499 INFO [root] [3] OK set: {20, 22, 23}
2025-12-17 02:12:39,499 INFO [root] output: True
2025-12-17 02:12:39,522 INFO [root] [3] otmvba msg PrevoteQC
2025-12-17 02:12:39,522 INFO [root] [3] otmvba handle prevote qc message
2025-12-17 02:12:39,530 INFO [root] [3] Received OK from [21]
2025-12-17 02:12:39,530 INFO [root] [3] OK set: {20, 21, 22, 23}
2025-12-17 02:12:39,530 INFO [root] output: True
2025-12-17 02:12:39,530 INFO [root] [3] exit
2025-12-17 02:12:39,576 INFO [root] [3] otmvba msg VoteQC
2025-12-17 02:12:39,576 INFO [root] [3] otmvba handle vote qc message
2025-12-17 02:12:39,584 INFO [root] [3] otmvba Broadcasting to 20
2025-12-17 02:12:39,584 INFO [root] [3] otmvba Broadcasting to 21
2025-12-17 02:12:39,584 INFO [root] [3] otmvba Broadcasting to 22
2025-12-17 02:12:39,584 INFO [root] [3] otmvba Broadcasting to 23
2025-12-17 02:12:39,585 INFO [root] [3] otmvba msg Terminate
2025-12-17 02:12:39,585 INFO [root] [3] otmvba handle terminate message
2025-12-17 02:12:39,592 INFO [root] [3] otmvba Broadcasting to 20
2025-12-17 02:12:39,592 INFO [root] [3] otmvba Broadcasting to 21
2025-12-17 02:12:39,592 INFO [root] [3] otmvba Broadcasting to 22
2025-12-17 02:12:39,592 INFO [root] [3] otmvba Broadcasting to 23
2025-12-17 02:12:39,592 INFO [beaver.transfer] [3] [random shares] The ACS set is [0, 1, 3]
2025-12-17 02:12:39,592 INFO [root] common: [0, 1, 3]
2025-12-17 02:12:39,626 INFO [beaver.transfer] [3] [asynchronous dynamic transfer] Finished! Node 3, total number: 50, time: 4.604884624481201 (seconds)
2025-12-17 02:12:39,626 INFO [root] layer ID: 5 trans_foll_time: 4.605470657348633
2025-12-17 02:12:39,626 INFO [beaver.batch_multiplication] [3] Starting BatchMultiplication
2025-12-17 02:12:39,626 INFO [beaver.batch_multiplication] [3] Starting ACSS to evaluate 50 multiplication gates
2025-12-17 02:12:39,626 INFO [root] [3] Starting Batch AVSS. Id: 0, Dealer Id: 0, Client Mode: False
2025-12-17 02:12:39,626 INFO [root] [3] AVSS tag: 0-0-5-B-AVSS
2025-12-17 02:12:39,626 INFO [root] [3] RBC tag: 0-0-5-B-RBC
2025-12-17 02:12:39,627 INFO [root] [3] Starting AVSS with shares_num: 50, dealer_id: 0, client_mode: False
2025-12-17 02:12:39,627 INFO [root] rbc_list: [16, 20, 21, 22, 23]
2025-12-17 02:12:39,627 INFO [root] committee_size: 4
2025-12-17 02:12:39,627 INFO [root] n: 5
2025-12-17 02:12:39,627 INFO [root] f: 1
2025-12-17 02:12:39,627 INFO [root] pid: 4
2025-12-17 02:12:39,627 INFO [root] leader: 0
2025-12-17 02:12:39,627 INFO [root] [4] Received VAL message from 16
2025-12-17 02:12:39,627 INFO [root] entering n == commitee_size + 1
2025-12-17 02:12:39,627 INFO [root] [4] sender: 16, leader: 0
2025-12-17 02:12:39,627 INFO [root] [4] Successfully validated VAL message
2025-12-17 02:12:39,627 INFO [root] [4] Broadcasted ECHO message for roothash b'\xfa#\xc9P,\xac\xa9L\x87c\x07w\xa9\t\xec\x1e^\t\xce\xad \x7f[\xaaL\xc2zYn\x93\x8d\x87'
2025-12-17 02:12:39,627 INFO [root] broadcast Sending to 1: 20
2025-12-17 02:12:39,627 INFO [root] broadcast Sending to 2: 21
2025-12-17 02:12:39,627 INFO [root] broadcast Sending to 3: 22
2025-12-17 02:12:39,627 INFO [root] broadcast Sending to 4: 23
2025-12-17 02:12:39,627 INFO [root] [3] Starting Batch AVSS. Id: 0, Dealer Id: 1, Client Mode: False
2025-12-17 02:12:39,627 INFO [root] [3] AVSS tag: 1-0-5-B-AVSS
2025-12-17 02:12:39,627 INFO [root] [3] RBC tag: 1-0-5-B-RBC
2025-12-17 02:12:39,627 INFO [root] [3] Starting AVSS with shares_num: 50, dealer_id: 1, client_mode: False
2025-12-17 02:12:39,627 INFO [root] rbc_list: [17, 20, 21, 22, 23]
2025-12-17 02:12:39,627 INFO [root] committee_size: 4
2025-12-17 02:12:39,627 INFO [root] n: 5
2025-12-17 02:12:39,627 INFO [root] f: 1
2025-12-17 02:12:39,627 INFO [root] pid: 4
2025-12-17 02:12:39,627 INFO [root] leader: 1
2025-12-17 02:12:39,627 INFO [root] [4] Received VAL message from 17
2025-12-17 02:12:39,627 INFO [root] entering n == commitee_size + 1
2025-12-17 02:12:39,628 INFO [root] [4] sender: 17, leader: 1
2025-12-17 02:12:39,628 INFO [root] [4] Successfully validated VAL message
2025-12-17 02:12:39,628 INFO [root] [4] Broadcasted ECHO message for roothash b'\xcc\x16\xe1\xc6\x02+\xe7\xf7\x93k\x82\xc1\xe2\x0b\xc7n\x10\xf6\xbbw)\x18s\xc02\xdf?*\x9f\xdfr.'
2025-12-17 02:12:39,628 INFO [root] broadcast Sending to 1: 20
2025-12-17 02:12:39,628 INFO [root] broadcast Sending to 2: 21
2025-12-17 02:12:39,628 INFO [root] broadcast Sending to 3: 22
2025-12-17 02:12:39,628 INFO [root] broadcast Sending to 4: 23
2025-12-17 02:12:39,628 INFO [root] [3] Starting Batch AVSS. Id: 0, Dealer Id: 2, Client Mode: False
2025-12-17 02:12:39,628 INFO [root] [3] AVSS tag: 2-0-5-B-AVSS
2025-12-17 02:12:39,628 INFO [root] [3] RBC tag: 2-0-5-B-RBC
2025-12-17 02:12:39,628 INFO [root] [3] Starting AVSS with shares_num: 50, dealer_id: 2, client_mode: False
2025-12-17 02:12:39,628 INFO [root] rbc_list: [18, 20, 21, 22, 23]
2025-12-17 02:12:39,628 INFO [root] committee_size: 4
2025-12-17 02:12:39,628 INFO [root] n: 5
2025-12-17 02:12:39,628 INFO [root] f: 1
2025-12-17 02:12:39,628 INFO [root] pid: 4
2025-12-17 02:12:39,628 INFO [root] leader: 2
2025-12-17 02:12:39,628 INFO [root] [4] Received VAL message from 18
2025-12-17 02:12:39,628 INFO [root] entering n == commitee_size + 1
2025-12-17 02:12:39,628 INFO [root] [4] sender: 18, leader: 2
2025-12-17 02:12:39,628 INFO [root] [4] Successfully validated VAL message
2025-12-17 02:12:39,628 INFO [root] [4] Broadcasted ECHO message for roothash b'N\xc9G\xdf\xac\xc5\xf5\xc6\xfc\xe5=\x94|\x16\xf1L\xfe\xff+\n\xc3e\xc2\x92\xd7X\xb8\xc1\xb4#\x08\x1a'
2025-12-17 02:12:39,628 INFO [root] broadcast Sending to 1: 20
2025-12-17 02:12:39,628 INFO [root] broadcast Sending to 2: 21
2025-12-17 02:12:39,628 INFO [root] broadcast Sending to 3: 22
2025-12-17 02:12:39,628 INFO [root] broadcast Sending to 4: 23
2025-12-17 02:12:39,628 INFO [root] [3] Starting Batch AVSS. Id: 0, Dealer Id: 3, Client Mode: False
2025-12-17 02:12:39,628 INFO [root] [3] AVSS tag: 3-0-5-B-AVSS
2025-12-17 02:12:39,628 INFO [root] [3] RBC tag: 3-0-5-B-RBC
2025-12-17 02:12:39,628 INFO [root] [3] Starting AVSS with shares_num: 50, dealer_id: 3, client_mode: False
2025-12-17 02:12:39,629 INFO [root] rbc_list: [19, 20, 21, 22, 23]
2025-12-17 02:12:39,629 INFO [root] committee_size: 4
2025-12-17 02:12:39,629 INFO [root] n: 5
2025-12-17 02:12:39,629 INFO [root] f: 1
2025-12-17 02:12:39,629 INFO [root] pid: 4
2025-12-17 02:12:39,629 INFO [root] leader: 3
2025-12-17 02:12:39,629 INFO [root] [4] Received VAL message from 19
2025-12-17 02:12:39,629 INFO [root] entering n == commitee_size + 1
2025-12-17 02:12:39,629 INFO [root] [4] sender: 19, leader: 3
2025-12-17 02:12:39,629 INFO [root] [4] Successfully validated VAL message
2025-12-17 02:12:39,629 INFO [root] [4] Broadcasted ECHO message for roothash b'|\x06\xf7\xa2\x02:\xf2\xe3E\x87\xc5\xd5\\\xf7s\x85\x18\x0e\xdd*\xd8\xb1\xaco\xe5|=\x1e{`Q\x94'
2025-12-17 02:12:39,629 INFO [root] broadcast Sending to 1: 20
2025-12-17 02:12:39,629 INFO [root] broadcast Sending to 2: 21
2025-12-17 02:12:39,629 INFO [root] broadcast Sending to 3: 22
2025-12-17 02:12:39,629 INFO [root] broadcast Sending to 4: 23
2025-12-17 02:12:39,630 INFO [root] [4] Received ECHO message from 23
2025-12-17 02:12:39,630 INFO [root] [4] Received ECHO message from 23
2025-12-17 02:12:39,630 INFO [root] [4] Received ECHO message from 23
2025-12-17 02:12:39,630 INFO [root] [4] Received ECHO message from 23
2025-12-17 02:12:39,630 INFO [root] [4] Received ECHO message from 21
2025-12-17 02:12:39,630 INFO [root] [4] Received ECHO message from 21
2025-12-17 02:12:39,630 INFO [root] [4] Received ECHO message from 21
2025-12-17 02:12:39,630 INFO [root] [4] Received ECHO message from 21
2025-12-17 02:12:39,630 INFO [root] [4] Received ECHO message from 22
2025-12-17 02:12:39,630 INFO [root] [4] Broadcasted READY message for roothash b'\xfa#\xc9P,\xac\xa9L\x87c\x07w\xa9\t\xec\x1e^\t\xce\xad \x7f[\xaaL\xc2zYn\x93\x8d\x87'
2025-12-17 02:12:39,630 INFO [root] broadcast Sending to 1: 20
2025-12-17 02:12:39,630 INFO [root] broadcast Sending to 2: 21
2025-12-17 02:12:39,630 INFO [root] broadcast Sending to 3: 22
2025-12-17 02:12:39,631 INFO [root] broadcast Sending to 4: 23
2025-12-17 02:12:39,631 INFO [root] [4] Received ECHO message from 20
2025-12-17 02:12:39,631 INFO [root] [4] Received ECHO message from 22
2025-12-17 02:12:39,631 INFO [root] [4] Broadcasted READY message for roothash b'\xcc\x16\xe1\xc6\x02+\xe7\xf7\x93k\x82\xc1\xe2\x0b\xc7n\x10\xf6\xbbw)\x18s\xc02\xdf?*\x9f\xdfr.'
2025-12-17 02:12:39,631 INFO [root] broadcast Sending to 1: 20
2025-12-17 02:12:39,631 INFO [root] broadcast Sending to 2: 21
2025-12-17 02:12:39,631 INFO [root] broadcast Sending to 3: 22
2025-12-17 02:12:39,631 INFO [root] broadcast Sending to 4: 23
2025-12-17 02:12:39,631 INFO [root] [4] Received ECHO message from 20
2025-12-17 02:12:39,631 INFO [root] [4] Received ECHO message from 22
2025-12-17 02:12:39,631 INFO [root] [4] Broadcasted READY message for roothash b'N\xc9G\xdf\xac\xc5\xf5\xc6\xfc\xe5=\x94|\x16\xf1L\xfe\xff+\n\xc3e\xc2\x92\xd7X\xb8\xc1\xb4#\x08\x1a'
2025-12-17 02:12:39,631 INFO [root] broadcast Sending to 1: 20
2025-12-17 02:12:39,631 INFO [root] broadcast Sending to 2: 21
2025-12-17 02:12:39,631 INFO [root] broadcast Sending to 3: 22
2025-12-17 02:12:39,631 INFO [root] broadcast Sending to 4: 23
2025-12-17 02:12:39,631 INFO [root] [4] Received ECHO message from 20
2025-12-17 02:12:39,631 INFO [root] [4] Received ECHO message from 22
2025-12-17 02:12:39,631 INFO [root] [4] Broadcasted READY message for roothash b'|\x06\xf7\xa2\x02:\xf2\xe3E\x87\xc5\xd5\\\xf7s\x85\x18\x0e\xdd*\xd8\xb1\xaco\xe5|=\x1e{`Q\x94'
2025-12-17 02:12:39,631 INFO [root] broadcast Sending to 1: 20
2025-12-17 02:12:39,631 INFO [root] broadcast Sending to 2: 21
2025-12-17 02:12:39,631 INFO [root] broadcast Sending to 3: 22
2025-12-17 02:12:39,631 INFO [root] broadcast Sending to 4: 23
2025-12-17 02:12:39,631 INFO [root] [4] Received ECHO message from 20
2025-12-17 02:12:39,632 INFO [root] [4] Received READY message from 23
2025-12-17 02:12:39,632 INFO [root] [4] Received READY message from 23
2025-12-17 02:12:39,632 INFO [root] [4] Received READY message from 23
2025-12-17 02:12:39,632 INFO [root] [4] Received READY message from 23
2025-12-17 02:12:39,632 INFO [root] [4] Received READY message from 22
2025-12-17 02:12:39,632 INFO [root] [4] Received READY message from 21
2025-12-17 02:12:39,632 INFO [root] Decoding output for roothash: b'\xfa#\xc9P,\xac\xa9L\x87c\x07w\xa9\t\xec\x1e^\t\xce\xad \x7f[\xaaL\xc2zYn\x93\x8d\x87'
2025-12-17 02:12:39,633 INFO [root] [3] Received RBC message
2025-12-17 02:12:39,633 INFO [root] multicast list: [20, 21, 22, 23]
2025-12-17 02:12:39,633 INFO [root] before avid.retrieve
2025-12-17 02:12:39,633 INFO [root] [4] Received READY message from 22
2025-12-17 02:12:39,633 INFO [root] [4] Received READY message from 21
2025-12-17 02:12:39,633 INFO [root] Decoding output for roothash: b'\xcc\x16\xe1\xc6\x02+\xe7\xf7\x93k\x82\xc1\xe2\x0b\xc7n\x10\xf6\xbbw)\x18s\xc02\xdf?*\x9f\xdfr.'
2025-12-17 02:12:39,633 INFO [root] [3] Received RBC message
2025-12-17 02:12:39,633 INFO [root] multicast list: [20, 21, 22, 23]
2025-12-17 02:12:39,633 INFO [root] before avid.retrieve
2025-12-17 02:12:39,633 INFO [root] [4] Received READY message from 22
2025-12-17 02:12:39,633 INFO [root] [4] Received READY message from 20
2025-12-17 02:12:39,633 INFO [root] Decoding output for roothash: b'N\xc9G\xdf\xac\xc5\xf5\xc6\xfc\xe5=\x94|\x16\xf1L\xfe\xff+\n\xc3e\xc2\x92\xd7X\xb8\xc1\xb4#\x08\x1a'
2025-12-17 02:12:39,633 INFO [root] [3] Received RBC message
2025-12-17 02:12:39,633 INFO [root] multicast list: [20, 21, 22, 23]
2025-12-17 02:12:39,633 INFO [root] before avid.retrieve
2025-12-17 02:12:39,634 INFO [root] [4] Received READY message from 22
2025-12-17 02:12:39,634 INFO [root] [4] Received READY message from 20
2025-12-17 02:12:39,634 INFO [root] Decoding output for roothash: b'|\x06\xf7\xa2\x02:\xf2\xe3E\x87\xc5\xd5\\\xf7s\x85\x18\x0e\xdd*\xd8\xb1\xaco\xe5|=\x1e{`Q\x94'
2025-12-17 02:12:39,634 INFO [root] [3] Received RBC message
2025-12-17 02:12:39,634 INFO [root] multicast list: [20, 21, 22, 23]
2025-12-17 02:12:39,634 INFO [root] before avid.retrieve
2025-12-17 02:12:39,634 INFO [root] AVID broadcast to 1: 20
2025-12-17 02:12:39,634 INFO [root] AVID broadcast to 2: 21
2025-12-17 02:12:39,634 INFO [root] AVID broadcast to 3: 22
2025-12-17 02:12:39,634 INFO [root] AVID broadcast to 4: 23
2025-12-17 02:12:39,635 INFO [root] AVID broadcast to 1: 20
2025-12-17 02:12:39,635 INFO [root] AVID broadcast to 2: 21
2025-12-17 02:12:39,635 INFO [root] AVID broadcast to 3: 22
2025-12-17 02:12:39,635 INFO [root] AVID broadcast to 4: 23
2025-12-17 02:12:39,635 INFO [root] AVID broadcast to 1: 20
2025-12-17 02:12:39,635 INFO [root] AVID broadcast to 2: 21
2025-12-17 02:12:39,635 INFO [root] AVID broadcast to 3: 22
2025-12-17 02:12:39,635 INFO [root] AVID broadcast to 4: 23
2025-12-17 02:12:39,635 INFO [root] AVID broadcast to 1: 20
2025-12-17 02:12:39,635 INFO [root] AVID broadcast to 2: 21
2025-12-17 02:12:39,635 INFO [root] AVID broadcast to 3: 22
2025-12-17 02:12:39,635 INFO [root] AVID broadcast to 4: 23
2025-12-17 02:12:39,636 INFO [root] AVID broadcast to 1: 20
2025-12-17 02:12:39,636 INFO [root] AVID broadcast to 2: 21
2025-12-17 02:12:39,636 INFO [root] AVID broadcast to 3: 22
2025-12-17 02:12:39,636 INFO [root] AVID broadcast to 4: 23
2025-12-17 02:12:39,637 INFO [root] AVID broadcast to 1: 20
2025-12-17 02:12:39,637 INFO [root] AVID broadcast to 2: 21
2025-12-17 02:12:39,637 INFO [root] AVID broadcast to 3: 22
2025-12-17 02:12:39,637 INFO [root] AVID broadcast to 4: 23
2025-12-17 02:12:39,637 INFO [root] AVID broadcast to 1: 20
2025-12-17 02:12:39,637 INFO [root] AVID broadcast to 2: 21
2025-12-17 02:12:39,637 INFO [root] AVID broadcast to 3: 22
2025-12-17 02:12:39,637 INFO [root] AVID broadcast to 4: 23
2025-12-17 02:12:39,637 INFO [root] AVID broadcast to 1: 20
2025-12-17 02:12:39,637 INFO [root] AVID broadcast to 2: 21
2025-12-17 02:12:39,637 INFO [root] AVID broadcast to 3: 22
2025-12-17 02:12:39,637 INFO [root] AVID broadcast to 4: 23
2025-12-17 02:12:39,638 INFO [root] 1-0-5-B-AVSS 3 RETRIEVE called.
2025-12-17 02:12:39,638 INFO [root] AVID broadcast to 1: 20
2025-12-17 02:12:39,638 INFO [root] AVID broadcast to 2: 21
2025-12-17 02:12:39,638 INFO [root] AVID broadcast to 3: 22
2025-12-17 02:12:39,638 INFO [root] AVID broadcast to 4: 23
2025-12-17 02:12:39,638 INFO [root] 1-0-5-B-AVSS 3 RETRIEVE broadcasted.
2025-12-17 02:12:39,638 INFO [root] 2-0-5-B-AVSS 3 RETRIEVE called.
2025-12-17 02:12:39,638 INFO [root] AVID broadcast to 1: 20
2025-12-17 02:12:39,638 INFO [root] AVID broadcast to 2: 21
2025-12-17 02:12:39,638 INFO [root] AVID broadcast to 3: 22
2025-12-17 02:12:39,638 INFO [root] AVID broadcast to 4: 23
2025-12-17 02:12:39,639 INFO [root] 2-0-5-B-AVSS 3 RETRIEVE broadcasted.
2025-12-17 02:12:39,639 INFO [root] 0-0-5-B-AVSS 3 RETRIEVE called.
2025-12-17 02:12:39,639 INFO [root] AVID broadcast to 1: 20
2025-12-17 02:12:39,639 INFO [root] AVID broadcast to 2: 21
2025-12-17 02:12:39,639 INFO [root] AVID broadcast to 3: 22
2025-12-17 02:12:39,639 INFO [root] AVID broadcast to 4: 23
2025-12-17 02:12:39,639 INFO [root] 0-0-5-B-AVSS 3 RETRIEVE broadcasted.
2025-12-17 02:12:39,639 INFO [root] 3-0-5-B-AVSS 3 RETRIEVE called.
2025-12-17 02:12:39,639 INFO [root] AVID broadcast to 1: 20
2025-12-17 02:12:39,639 INFO [root] AVID broadcast to 2: 21
2025-12-17 02:12:39,639 INFO [root] AVID broadcast to 3: 22
2025-12-17 02:12:39,639 INFO [root] AVID broadcast to 4: 23
2025-12-17 02:12:39,639 INFO [root] 3-0-5-B-AVSS 3 RETRIEVE broadcasted.
2025-12-17 02:12:39,639 INFO [root] disperse msid: 1-0-5-B-AVSS, index: 3
2025-12-17 02:12:39,639 INFO [root] AVID retrieve called with sid: 1-0-5-B-AVID, index: 3
2025-12-17 02:12:39,639 INFO [root] disperse msid: 2-0-5-B-AVSS, index: 3
2025-12-17 02:12:39,639 INFO [root] AVID retrieve called with sid: 2-0-5-B-AVID, index: 3
num_generators 50
padded_num_generators 64
2025-12-17 02:12:39,639 INFO [root] disperse msid: 0-0-5-B-AVSS, index: 3
2025-12-17 02:12:39,639 INFO [root] AVID retrieve called with sid: 0-0-5-B-AVID, index: 3
2025-12-17 02:12:39,639 INFO [root] disperse msid: 3-0-5-B-AVSS, index: 3
2025-12-17 02:12:39,639 INFO [root] AVID retrieve called with sid: 3-0-5-B-AVID, index: 3
2025-12-17 02:12:39,640 INFO [root] 1-0-5-B-AVSS 3 AVID retrieve msg from 23
2025-12-17 02:12:39,640 INFO [root] AVID retrieve response received
2025-12-17 02:12:39,640 INFO [root] retrieve msid: 1-0-5-B-AVID, response_index: 3
2025-12-17 02:12:39,640 INFO [root] RESPONSE from 23
2025-12-17 02:12:39,640 INFO [root] sender self.committee_size: 3
2025-12-17 02:12:39,640 INFO [root] 2-0-5-B-AVSS 3 AVID retrieve msg from 23
2025-12-17 02:12:39,640 INFO [root] AVID retrieve response received
2025-12-17 02:12:39,640 INFO [root] retrieve msid: 2-0-5-B-AVID, response_index: 3
2025-12-17 02:12:39,640 INFO [root] RESPONSE from 23
2025-12-17 02:12:39,640 INFO [root] sender self.committee_size: 3
2025-12-17 02:12:39,640 INFO [root] 0-0-5-B-AVSS 3 AVID retrieve msg from 23
2025-12-17 02:12:39,640 INFO [root] AVID retrieve response received
2025-12-17 02:12:39,640 INFO [root] retrieve msid: 0-0-5-B-AVID, response_index: 3
2025-12-17 02:12:39,640 INFO [root] RESPONSE from 23
2025-12-17 02:12:39,640 INFO [root] sender self.committee_size: 3
2025-12-17 02:12:39,640 INFO [root] 3-0-5-B-AVSS 3 AVID retrieve msg from 23
2025-12-17 02:12:39,640 INFO [root] AVID retrieve response received
2025-12-17 02:12:39,641 INFO [root] retrieve msid: 3-0-5-B-AVID, response_index: 3
2025-12-17 02:12:39,641 INFO [root] RESPONSE from 23
2025-12-17 02:12:39,641 INFO [root] sender self.committee_size: 3
2025-12-17 02:12:39,641 INFO [root] disperse msid: 0-0-5-B-AVSS, index: 2
2025-12-17 02:12:39,641 INFO [root] AVID retrieve called with sid: 0-0-5-B-AVID, index: 2
2025-12-17 02:12:39,641 INFO [root] disperse msid: 0-0-5-B-AVSS, index: 1
2025-12-17 02:12:39,641 INFO [root] AVID retrieve called with sid: 0-0-5-B-AVID, index: 1
2025-12-17 02:12:39,641 INFO [root] disperse msid: 0-0-5-B-AVSS, index: 0
2025-12-17 02:12:39,641 INFO [root] AVID retrieve called with sid: 0-0-5-B-AVID, index: 0
2025-12-17 02:12:39,641 INFO [root] disperse msid: 1-0-5-B-AVSS, index: 2
2025-12-17 02:12:39,641 INFO [root] AVID retrieve called with sid: 1-0-5-B-AVID, index: 2
2025-12-17 02:12:39,641 INFO [root] disperse msid: 1-0-5-B-AVSS, index: 1
2025-12-17 02:12:39,641 INFO [root] AVID retrieve called with sid: 1-0-5-B-AVID, index: 1
2025-12-17 02:12:39,641 INFO [root] disperse msid: 1-0-5-B-AVSS, index: 0
2025-12-17 02:12:39,641 INFO [root] AVID retrieve called with sid: 1-0-5-B-AVID, index: 0
2025-12-17 02:12:39,641 INFO [root] disperse msid: 2-0-5-B-AVSS, index: 2
2025-12-17 02:12:39,641 INFO [root] AVID retrieve called with sid: 2-0-5-B-AVID, index: 2
2025-12-17 02:12:39,641 INFO [root] disperse msid: 2-0-5-B-AVSS, index: 1
2025-12-17 02:12:39,641 INFO [root] AVID retrieve called with sid: 2-0-5-B-AVID, index: 1
2025-12-17 02:12:39,641 INFO [root] disperse msid: 2-0-5-B-AVSS, index: 0
2025-12-17 02:12:39,641 INFO [root] AVID retrieve called with sid: 2-0-5-B-AVID, index: 0
2025-12-17 02:12:39,641 INFO [root] disperse msid: 3-0-5-B-AVSS, index: 2
2025-12-17 02:12:39,641 INFO [root] AVID retrieve called with sid: 3-0-5-B-AVID, index: 2
2025-12-17 02:12:39,641 INFO [root] disperse msid: 3-0-5-B-AVSS, index: 1
2025-12-17 02:12:39,641 INFO [root] AVID retrieve called with sid: 3-0-5-B-AVID, index: 1
2025-12-17 02:12:39,641 INFO [root] disperse msid: 3-0-5-B-AVSS, index: 0
2025-12-17 02:12:39,641 INFO [root] AVID retrieve called with sid: 3-0-5-B-AVID, index: 0
2025-12-17 02:12:39,642 INFO [root] 1-0-5-B-AVSS 3 AVID retrieve msg from 22
2025-12-17 02:12:39,643 INFO [root] AVID retrieve response received
2025-12-17 02:12:39,643 INFO [root] retrieve msid: 1-0-5-B-AVID, response_index: 3
2025-12-17 02:12:39,643 INFO [root] RESPONSE from 22
2025-12-17 02:12:39,643 INFO [root] sender self.committee_size: 2
2025-12-17 02:12:39,643 INFO [root] 1-0-5-B-AVSS 3 RETRIEVE complete.
2025-12-17 02:12:39,643 INFO [root] after avid.retrieve dispersal_msg
2025-12-17 02:12:39,643 INFO [root] Handling dealer messages for dealer_id: 1, tag: 1-0-5-B-AVSS
2025-12-17 02:12:39,644 INFO [beaver.hbacss] [PedersenCommit] invoking pyPedersenCommit...
2025-12-17 02:12:39,691 INFO [beaver.hbacss] verifier_result_json: {"verified":true}
2025-12-17 02:12:39,695 INFO [root] inner product verified successfully
2025-12-17 02:12:39,705 INFO [root] shares verified successfully
2025-12-17 02:12:39,705 INFO [root] all_shares_valid: True
2025-12-17 02:12:39,706 INFO [root] after _handle_dealer_msgs, all_shares_valid
2025-12-17 02:12:39,706 INFO [root] self.tagvars[tag]['all_shares_valid']: True
2025-12-17 02:12:39,706 INFO [root] multicast to 20
2025-12-17 02:12:39,706 INFO [root] multicast to 21
2025-12-17 02:12:39,706 INFO [root] multicast to 22
2025-12-17 02:12:39,706 INFO [root] multicast to 23
2025-12-17 02:12:39,706 INFO [root] 0-0-5-B-AVSS 3 AVID retrieve msg from 21
2025-12-17 02:12:39,706 INFO [root] AVID retrieve response received
2025-12-17 02:12:39,706 INFO [root] retrieve msid: 0-0-5-B-AVID, response_index: 3
2025-12-17 02:12:39,706 INFO [root] RESPONSE from 21
2025-12-17 02:12:39,706 INFO [root] sender self.committee_size: 1
2025-12-17 02:12:39,707 INFO [root] 0-0-5-B-AVSS 3 RETRIEVE complete.
2025-12-17 02:12:39,707 INFO [root] after avid.retrieve dispersal_msg
2025-12-17 02:12:39,707 INFO [root] Handling dealer messages for dealer_id: 0, tag: 0-0-5-B-AVSS
2025-12-17 02:12:39,707 INFO [beaver.hbacss] [PedersenCommit] invoking pyPedersenCommit...
num_generators 50
padded_num_generators 64
2025-12-17 02:12:39,753 INFO [beaver.hbacss] verifier_result_json: {"verified":true}
2025-12-17 02:12:39,758 INFO [root] inner product verified successfully
2025-12-17 02:12:39,768 INFO [root] shares verified successfully
2025-12-17 02:12:39,768 INFO [root] all_shares_valid: True
2025-12-17 02:12:39,768 INFO [root] after _handle_dealer_msgs, all_shares_valid
2025-12-17 02:12:39,768 INFO [root] self.tagvars[tag]['all_shares_valid']: True
2025-12-17 02:12:39,769 INFO [root] multicast to 20
2025-12-17 02:12:39,769 INFO [root] multicast to 21
2025-12-17 02:12:39,769 INFO [root] multicast to 22
2025-12-17 02:12:39,769 INFO [root] multicast to 23
2025-12-17 02:12:39,769 INFO [root] [3] Received OK from [23]
2025-12-17 02:12:39,769 INFO [root] [3] OK set: {23}
2025-12-17 02:12:39,769 INFO [root] output: True
2025-12-17 02:12:39,769 INFO [root] [3] Received OK from [23]
2025-12-17 02:12:39,769 INFO [root] [3] OK set: {23}
2025-12-17 02:12:39,769 INFO [root] output: True
2025-12-17 02:12:39,770 INFO [root] [3] Received OK from [22]
2025-12-17 02:12:39,770 INFO [root] [3] OK set: {22, 23}
2025-12-17 02:12:39,770 INFO [root] output: True
2025-12-17 02:12:39,770 INFO [root] [3] Received OK from [21]
2025-12-17 02:12:39,770 INFO [root] [3] OK set: {21, 22, 23}
2025-12-17 02:12:39,770 INFO [root] output: True
2025-12-17 02:12:39,770 INFO [root] [3] Received OK from [20]
2025-12-17 02:12:39,770 INFO [root] [3] OK set: {20, 21, 22, 23}
2025-12-17 02:12:39,770 INFO [root] output: True
2025-12-17 02:12:39,770 INFO [root] [3] exit
2025-12-17 02:12:39,770 INFO [root] 2-0-5-B-AVSS 3 AVID retrieve msg from 22
2025-12-17 02:12:39,770 INFO [root] AVID retrieve response received
2025-12-17 02:12:39,770 INFO [root] retrieve msid: 2-0-5-B-AVID, response_index: 3
2025-12-17 02:12:39,770 INFO [root] RESPONSE from 22
2025-12-17 02:12:39,770 INFO [root] sender self.committee_size: 2
2025-12-17 02:12:39,771 INFO [root] 2-0-5-B-AVSS 3 RETRIEVE complete.
2025-12-17 02:12:39,771 INFO [root] after avid.retrieve dispersal_msg
2025-12-17 02:12:39,771 INFO [root] Handling dealer messages for dealer_id: 2, tag: 2-0-5-B-AVSS
2025-12-17 02:12:39,771 INFO [beaver.hbacss] [PedersenCommit] invoking pyPedersenCommit...
num_generators 50
padded_num_generators 64
2025-12-17 02:12:39,817 INFO [beaver.hbacss] verifier_result_json: {"verified":true}
2025-12-17 02:12:39,822 INFO [root] inner product verified successfully
2025-12-17 02:12:39,832 INFO [root] shares verified successfully
2025-12-17 02:12:39,832 INFO [root] all_shares_valid: True
2025-12-17 02:12:39,832 INFO [root] after _handle_dealer_msgs, all_shares_valid
2025-12-17 02:12:39,832 INFO [root] self.tagvars[tag]['all_shares_valid']: True
2025-12-17 02:12:39,832 INFO [root] multicast to 20
2025-12-17 02:12:39,832 INFO [root] multicast to 21
2025-12-17 02:12:39,832 INFO [root] multicast to 22
2025-12-17 02:12:39,832 INFO [root] multicast to 23
2025-12-17 02:12:39,832 INFO [root] 3-0-5-B-AVSS 3 AVID retrieve msg from 22
2025-12-17 02:12:39,832 INFO [root] AVID retrieve response received
2025-12-17 02:12:39,832 INFO [root] retrieve msid: 3-0-5-B-AVID, response_index: 3
2025-12-17 02:12:39,832 INFO [root] RESPONSE from 22
2025-12-17 02:12:39,832 INFO [root] sender self.committee_size: 2
2025-12-17 02:12:39,833 INFO [root] 3-0-5-B-AVSS 3 RETRIEVE complete.
2025-12-17 02:12:39,833 INFO [root] after avid.retrieve dispersal_msg
2025-12-17 02:12:39,833 INFO [root] Handling dealer messages for dealer_id: 3, tag: 3-0-5-B-AVSS
2025-12-17 02:12:39,833 INFO [beaver.hbacss] [PedersenCommit] invoking pyPedersenCommit...
num_generators 50
padded_num_generators 64
2025-12-17 02:12:39,879 INFO [beaver.hbacss] verifier_result_json: {"verified":true}
2025-12-17 02:12:39,884 INFO [root] inner product verified successfully
2025-12-17 02:12:39,894 INFO [root] shares verified successfully
2025-12-17 02:12:39,894 INFO [root] all_shares_valid: True
2025-12-17 02:12:39,894 INFO [root] after _handle_dealer_msgs, all_shares_valid
2025-12-17 02:12:39,894 INFO [root] self.tagvars[tag]['all_shares_valid']: True
2025-12-17 02:12:39,894 INFO [root] multicast to 20
2025-12-17 02:12:39,894 INFO [root] multicast to 21
2025-12-17 02:12:39,894 INFO [root] multicast to 22
2025-12-17 02:12:39,894 INFO [root] multicast to 23
2025-12-17 02:12:39,895 INFO [root] key_proposal: [1, 0, 2, 3]
2025-12-17 02:12:39,895 INFO [beaver.batch_multiplication] [3] [random shares] Starting ACS where node 1 is set as leader 
2025-12-17 02:12:39,895 INFO [beaver.batch_multiplication] [3] [random shares] The proposal of node 3 is [1, 0, 2, 3]
2025-12-17 02:12:39,895 INFO [root] enter handle_message
2025-12-17 02:12:39,895 INFO [root] [3] Received OK from [23]
2025-12-17 02:12:39,895 INFO [root] [3] OK set: {23}
2025-12-17 02:12:39,895 INFO [root] output: True
2025-12-17 02:12:39,895 INFO [root] [3] Received OK from [23]
2025-12-17 02:12:39,895 INFO [root] [3] OK set: {23}
2025-12-17 02:12:39,895 INFO [root] output: True
2025-12-17 02:12:39,896 INFO [root] [3] Received OK from [21]
2025-12-17 02:12:39,896 INFO [root] [3] OK set: {21, 23}
2025-12-17 02:12:39,896 INFO [root] output: True
2025-12-17 02:12:39,896 INFO [root] [3] Received OK from [22]
2025-12-17 02:12:39,896 INFO [root] [3] OK set: {21, 22, 23}
2025-12-17 02:12:39,896 INFO [root] output: True
2025-12-17 02:12:39,896 INFO [root] [3] Received OK from [21]
2025-12-17 02:12:39,896 INFO [root] [3] OK set: {21, 23}
2025-12-17 02:12:39,896 INFO [root] output: True
2025-12-17 02:12:39,896 INFO [root] [3] Received OK from [22]
2025-12-17 02:12:39,896 INFO [root] [3] OK set: {21, 22, 23}
2025-12-17 02:12:39,896 INFO [root] output: True
2025-12-17 02:12:39,896 INFO [root] [3] Received OK from [21]
2025-12-17 02:12:39,896 INFO [root] [3] OK set: {21, 23}
2025-12-17 02:12:39,896 INFO [root] output: True
2025-12-17 02:12:39,896 INFO [root] [3] Received OK from [22]
2025-12-17 02:12:39,896 INFO [root] [3] OK set: {21, 22, 23}
2025-12-17 02:12:39,896 INFO [root] output: True
2025-12-17 02:12:39,897 INFO [root] [3] Received OK from [20]
2025-12-17 02:12:39,897 INFO [root] [3] OK set: {20, 21, 22, 23}
2025-12-17 02:12:39,897 INFO [root] output: True
2025-12-17 02:12:39,897 INFO [root] [3] exit
2025-12-17 02:12:39,897 INFO [root] [3] Received OK from [20]
2025-12-17 02:12:39,897 INFO [root] [3] OK set: {20, 21, 22, 23}
2025-12-17 02:12:39,897 INFO [root] output: True
2025-12-17 02:12:39,897 INFO [root] [3] exit
2025-12-17 02:12:39,897 INFO [root] [3] Received OK from [20]
2025-12-17 02:12:39,897 INFO [root] [3] OK set: {20, 21, 22, 23}
2025-12-17 02:12:39,897 INFO [root] output: True
2025-12-17 02:12:39,897 INFO [root] [3] exit
2025-12-17 02:12:39,897 INFO [root] [3] otmvba msg value
2025-12-17 02:12:39,897 INFO [root] [3] otmvba handle value message
2025-12-17 02:12:39,897 INFO [root] [3] value-self.acss_outputs.keys():dict_keys([1, 0, 2, 3])
2025-12-17 02:12:39,898 INFO [root] [3] --Directly send the proposal!--
2025-12-17 02:12:39,931 INFO [root] [3] otmvba msg PrevoteQC
2025-12-17 02:12:39,931 INFO [root] [3] otmvba handle prevote qc message
2025-12-17 02:12:39,985 INFO [root] [3] otmvba msg VoteQC
2025-12-17 02:12:39,985 INFO [root] [3] otmvba handle vote qc message
2025-12-17 02:12:39,993 INFO [root] [3] otmvba Broadcasting to 20
2025-12-17 02:12:39,993 INFO [root] [3] otmvba Broadcasting to 21
2025-12-17 02:12:39,993 INFO [root] [3] otmvba Broadcasting to 22
2025-12-17 02:12:39,993 INFO [root] [3] otmvba Broadcasting to 23
2025-12-17 02:12:39,993 INFO [root] [3] otmvba msg Terminate
2025-12-17 02:12:39,993 INFO [root] [3] otmvba handle terminate message
2025-12-17 02:12:40,001 INFO [root] [3] otmvba Broadcasting to 20
2025-12-17 02:12:40,001 INFO [root] [3] otmvba Broadcasting to 21
2025-12-17 02:12:40,001 INFO [root] [3] otmvba Broadcasting to 22
2025-12-17 02:12:40,001 INFO [root] [3] otmvba Broadcasting to 23
2025-12-17 02:12:40,001 INFO [beaver.batch_multiplication] [3] [random shares] The ACS set is [0, 1, 2, 3]
2025-12-17 02:12:40,001 INFO [root] common: [0, 1, 2, 3]
2025-12-17 02:12:40,033 INFO [beaver.batch_multiplication] [3] [asynchronous batch multiplication] Finished! Node 3, total number: 50, time: 0.4064812660217285 (seconds)
2025-12-17 02:12:40,033 INFO [root] layer ID: 5 mul_foll_time: 0.4076662063598633
2025-12-17 02:12:40,033 INFO [root] layer ID: 5 trusted_verification_time: 5.013136863708496
2025-12-17 02:12:40,036 INFO [root] layer ID: 5 add_outputs length: 50
2025-12-17 02:12:40,036 INFO [root] layer ID: 5 exec_time: 0.0024559497833251953
2025-12-17 02:12:40,036 INFO [beaver.transfer] [3] Starting DynamicTransfer
2025-12-17 02:12:40,036 INFO [beaver.transfer] [3] Starting ACSS to share 50 secrets
2025-12-17 02:12:40,037 INFO [root] [3] [asynchronous dynamic transfer] Layer ID: 5
2025-12-17 02:12:40,037 INFO [root] public_keys: [{'X': '3997450965369311487193863277857873898430304518412463350706654816926731199543985921808423906454338836643161661406821', 'Y': '2047723411699342107000553007733585890692269733433823059974695833397667673511154879618592998529192943406218260572480'}, {'X': '1359819894561800115551864812214217065948737794100538701090778355752777851469944336929795005324963993700853814887027', 'Y': '1983949613853948565520036246875509445190657916116380784919897060855554683295395466258934017320862646359427017109690'}, {'X': '311701321258597451914371210336042597367254619985351219724903312643738511715668779949986503652011311842517653735370', 'Y': '1745068198614290184069845395658778234716036594162138750480555230140100575927239240261410988622283057941516779638950'}, {'X': '1860552713396341623654417715147198470540653752262704952429834798539324432397745092783046835917723769190432988748495', 'Y': '583734947789354567832630416465553505612134094648116306935604272143950933253111069949261419174799363913910422961714'}]
2025-12-17 02:12:40,037 INFO [root] layer ID: 5 trans_pre_time: 0.0009074211120605469
2025-12-17 02:12:40,037 INFO [root] [3] AVSS tag: 3-0-6-B-AVSS
2025-12-17 02:12:40,037 INFO [root] [3] RBC tag: 3-0-6-B-RBC
2025-12-17 02:12:40,037 INFO [root] enter avss_with_aggtransfer
g = {[6679831729115696150 8653662730902241269 1535610680227111361 17342916647841752903 17135755455211762752 1297449291367578485] [13451288730302620273 10097742279870053774 15949884091978425806 5885175747529691540 1016841820992199104 845620083434234474]}
h = {[13794385998538644597 108816626937764141 12130603454454490125 6127379912259600201 17481961476035825978 950355161936836191] [10722765800778186391 17107915684035394744 11626309118465119103 5217919199071354366 6102759180633827794 660535627654889709]}
Equal? false
2025-12-17 02:12:40,185 INFO [root] self.msgmode: avss_with_aggtransfer
2025-12-17 02:12:40,185 INFO [beaver.batch_multiplication] [3] Starting BatchMultiplication
num_generators 50
2025-12-17 02:12:40,395 INFO [beaver.batch_multiplication] Proof hex length: 9288
2025-12-17 02:12:40,395 INFO [beaver.batch_multiplication] Proof size (bytes): 4644
2025-12-17 02:12:40,395 INFO [beaver.batch_multiplication] Proof size (strict bytes): 4644
2025-12-17 02:12:40,395 INFO [beaver.batch_multiplication] [3] Starting ACSS to evaluate 50 multiplication gates
2025-12-17 02:12:40,396 INFO [root] rbc_list: [23, 24, 25, 26, 27]
2025-12-17 02:12:40,396 INFO [root] committee_size: 4
2025-12-17 02:12:40,396 INFO [root] n: 5
2025-12-17 02:12:40,396 INFO [root] f: 1
2025-12-17 02:12:40,396 INFO [root] pid: 3
2025-12-17 02:12:40,396 INFO [root] leader: 3
2025-12-17 02:12:40,396 INFO [root] [3] Sending to 0: 24
2025-12-17 02:12:40,396 INFO [root] [3] Sending to 1: 25
2025-12-17 02:12:40,396 INFO [root] [3] Sending to 2: 26
2025-12-17 02:12:40,396 INFO [root] [3] Sending to 3: 27
2025-12-17 02:12:40,396 INFO [root] [3] Starting AVID disperse
2025-12-17 02:12:40,396 INFO [root] public_keys: [{'X': '3997450965369311487193863277857873898430304518412463350706654816926731199543985921808423906454338836643161661406821', 'Y': '2047723411699342107000553007733585890692269733433823059974695833397667673511154879618592998529192943406218260572480'}, {'X': '1359819894561800115551864812214217065948737794100538701090778355752777851469944336929795005324963993700853814887027', 'Y': '1983949613853948565520036246875509445190657916116380784919897060855554683295395466258934017320862646359427017109690'}, {'X': '311701321258597451914371210336042597367254619985351219724903312643738511715668779949986503652011311842517653735370', 'Y': '1745068198614290184069845395658778234716036594162138750480555230140100575927239240261410988622283057941516779638950'}, {'X': '1860552713396341623654417715147198470540653752262704952429834798539324432397745092783046835917723769190432988748495', 'Y': '583734947789354567832630416465553505612134094648116306935604272143950933253111069949261419174799363913910422961714'}]
2025-12-17 02:12:40,396 INFO [root] layer ID: 5 mul_pre_time: 0.35941600799560547
2025-12-17 02:12:40,396 INFO [root] layer ID: 5 layer_time: 5.37618088722229
2025-12-17 02:12:40,397 INFO [root] [3] Dispersed VAL message to committee
2025-12-17 02:12:40,397 INFO [root] [3] AVSS tag: 3-0-6-B-AVSS
2025-12-17 02:12:40,397 INFO [root] [3] RBC tag: 3-0-6-B-RBC
g = {[6679831729115696150 8653662730902241269 1535610680227111361 17342916647841752903 17135755455211762752 1297449291367578485] [13451288730302620273 10097742279870053774 15949884091978425806 5885175747529691540 1016841820992199104 845620083434234474]}
h = {[13794385998538644597 108816626937764141 12130603454454490125 6127379912259600201 17481961476035825978 950355161936836191] [10722765800778186391 17107915684035394744 11626309118465119103 5217919199071354366 6102759180633827794 660535627654889709]}
Equal? false
2025-12-17 02:12:40,577 INFO [root] self.msgmode: avss_with_aggbatch_multiplication
2025-12-17 02:12:40,577 INFO [root] rbc_list: [23, 24, 25, 26, 27]
2025-12-17 02:12:40,577 INFO [root] committee_size: 4
2025-12-17 02:12:40,577 INFO [root] n: 5
2025-12-17 02:12:40,577 INFO [root] f: 1
2025-12-17 02:12:40,577 INFO [root] pid: 3
2025-12-17 02:12:40,577 INFO [root] leader: 3
2025-12-17 02:12:40,577 INFO [root] [3] Sending to 0: 24
2025-12-17 02:12:40,577 INFO [root] [3] Sending to 1: 25
2025-12-17 02:12:40,577 INFO [root] [3] Sending to 2: 26
2025-12-17 02:12:40,577 INFO [root] [3] Sending to 3: 27
2025-12-17 02:12:40,577 INFO [root] [3] Starting AVID disperse
2025-12-17 02:12:40,579 INFO [root] [3] Dispersed VAL message to committee
my_send_id: 23 exec_time: 10.3771493434906
2025-12-17 02:12:50,398 INFO [root] [3] Bytes Sent: TR5:302949 which is 14.716%
2025-12-17 02:12:50,398 INFO [root] [3] Bytes Sent: M5:652611 which is 31.701%
2025-12-17 02:12:50,398 INFO [root] [3] Bytes Sent: TR6:318520 which is 15.472%
2025-12-17 02:12:50,398 INFO [root] [3] Bytes Sent: M6:784596 which is 38.112%
2025-12-17 02:12:50,398 INFO [root] [3] Total bytes sent out aa: 2058676
2025-12-17 02:12:50,399 INFO [benchmark_logger] Total bytes sent out: 2058676
2025-12-17 02:12:50,407 ERROR [asyncio] Task was destroyed but it is pending!
task: <Task pending name='Task-35' coro=<subscribe_recv.<locals>._recv_loop() running at /opt/dumbo-mpc/dumbo-mpc/AsyRanTriGen/beaver/utils/misc.py:89> wait_for=<Future pending cb=[<TaskWakeupMethWrapper object at 0x7f1c9d73f700>()]>>
Exception ignored in: <coroutine object subscribe_recv.<locals>._recv_loop at 0x7f1c9ffe5bc0>
Traceback (most recent call last):
  File "/opt/dumbo-mpc/dumbo-mpc/AsyRanTriGen/beaver/utils/misc.py", line 89, in _recv_loop
    j, (tag, o) = await recv()
  File "/usr/lib/python3.8/asyncio/queues.py", line 165, in get
    getter.cancel()  # Just in case getter is not done yet.
  File "uvloop/loop.pyx", line 1281, in uvloop.loop.Loop.call_soon
  File "uvloop/loop.pyx", line 669, in uvloop.loop.Loop._call_soon
  File "uvloop/loop.pyx", line 678, in uvloop.loop.Loop._call_soon_handle
  File "uvloop/loop.pyx", line 673, in uvloop.loop.Loop._append_ready_handle
  File "uvloop/loop.pyx", line 705, in uvloop.loop.Loop._check_closed
RuntimeError: Event loop is closed
2025-12-17 02:12:50,408 ERROR [asyncio] Task was destroyed but it is pending!
task: <Task pending name='Task-37' coro=<subscribe_recv.<locals>._recv_loop() running at /opt/dumbo-mpc/dumbo-mpc/AsyRanTriGen/beaver/utils/misc.py:89> wait_for=<Future pending cb=[<TaskWakeupMethWrapper object at 0x7f1c9d6f7e20>()]>>
Exception ignored in: <coroutine object subscribe_recv.<locals>._recv_loop at 0x7f1c9d72a040>
Traceback (most recent call last):
  File "/opt/dumbo-mpc/dumbo-mpc/AsyRanTriGen/beaver/utils/misc.py", line 89, in _recv_loop
    j, (tag, o) = await recv()
  File "/usr/lib/python3.8/asyncio/queues.py", line 165, in get
    getter.cancel()  # Just in case getter is not done yet.
  File "uvloop/loop.pyx", line 1281, in uvloop.loop.Loop.call_soon
  File "uvloop/loop.pyx", line 669, in uvloop.loop.Loop._call_soon
  File "uvloop/loop.pyx", line 678, in uvloop.loop.Loop._call_soon_handle
  File "uvloop/loop.pyx", line 673, in uvloop.loop.Loop._append_ready_handle
  File "uvloop/loop.pyx", line 705, in uvloop.loop.Loop._check_closed
RuntimeError: Event loop is closed
2025-12-17 02:12:50,408 ERROR [asyncio] Task was destroyed but it is pending!
task: <Task pending name='Task-49' coro=<OptimalCommonSet.fallback_timer() running at /opt/dumbo-mpc/dumbo-mpc/AsyRanTriGen/beaver/broadcast/otmvba_dyn.py:71> wait_for=<Future pending cb=[<TaskWakeupMethWrapper object at 0x7f1c9d6d7c40>()]>>
2025-12-17 02:12:50,409 ERROR [asyncio] Task was destroyed but it is pending!
task: <Task pending name='Task-50' coro=<subscribe_recv.<locals>._recv_loop() running at /opt/dumbo-mpc/dumbo-mpc/AsyRanTriGen/beaver/utils/misc.py:89> wait_for=<Future pending cb=[<TaskWakeupMethWrapper object at 0x7f1c9d7019a0>()]>>
2025-12-17 02:12:50,409 ERROR [asyncio] Task was destroyed but it is pending!
task: <Task pending name='Task-52' coro=<subscribe_recv.<locals>._recv_loop() running at /opt/dumbo-mpc/dumbo-mpc/AsyRanTriGen/beaver/utils/misc.py:89> wait_for=<Future pending cb=[<TaskWakeupMethWrapper object at 0x7f1c9d6d7760>()]>>
2025-12-17 02:12:50,409 ERROR [asyncio] Task was destroyed but it is pending!
task: <Task pending name='Task-60' coro=<ACSS_Foll._recv_loop() running at /opt/dumbo-mpc/dumbo-mpc/AsyRanTriGen/beaver/hbacss.py:3696> wait_for=<Future pending cb=[<TaskWakeupMethWrapper object at 0x7f1c9d6fb430>()]>>
Exception ignored in: <coroutine object subscribe_recv.<locals>._recv_loop at 0x7f1c9d726e40>
Traceback (most recent call last):
  File "/opt/dumbo-mpc/dumbo-mpc/AsyRanTriGen/beaver/utils/misc.py", line 89, in _recv_loop
    j, (tag, o) = await recv()
  File "/usr/lib/python3.8/asyncio/queues.py", line 165, in get
    getter.cancel()  # Just in case getter is not done yet.
  File "uvloop/loop.pyx", line 1281, in uvloop.loop.Loop.call_soon
  File "uvloop/loop.pyx", line 669, in uvloop.loop.Loop._call_soon
  File "uvloop/loop.pyx", line 678, in uvloop.loop.Loop._call_soon_handle
  File "uvloop/loop.pyx", line 673, in uvloop.loop.Loop._append_ready_handle
  File "uvloop/loop.pyx", line 705, in uvloop.loop.Loop._check_closed
RuntimeError: Event loop is closed
Exception ignored in: <coroutine object subscribe_recv.<locals>._recv_loop at 0x7f1c9d72a0c0>
Traceback (most recent call last):
  File "/opt/dumbo-mpc/dumbo-mpc/AsyRanTriGen/beaver/utils/misc.py", line 89, in _recv_loop
    j, (tag, o) = await recv()
  File "/usr/lib/python3.8/asyncio/queues.py", line 165, in get
    getter.cancel()  # Just in case getter is not done yet.
  File "uvloop/loop.pyx", line 1281, in uvloop.loop.Loop.call_soon
  File "uvloop/loop.pyx", line 669, in uvloop.loop.Loop._call_soon
  File "uvloop/loop.pyx", line 678, in uvloop.loop.Loop._call_soon_handle
  File "uvloop/loop.pyx", line 673, in uvloop.loop.Loop._append_ready_handle
  File "uvloop/loop.pyx", line 705, in uvloop.loop.Loop._check_closed
RuntimeError: Event loop is closed
Exception ignored in: <coroutine object ACSS_Foll._recv_loop at 0x7f1c9d6ccdc0>
Traceback (most recent call last):
  File "/opt/dumbo-mpc/dumbo-mpc/AsyRanTriGen/beaver/hbacss.py", line 3696, in _recv_loop
    await avid.disperse(tag, self.my_id+1, dispersal_msg_list)
  File "/opt/dumbo-mpc/dumbo-mpc/AsyRanTriGen/beaver/broadcast/avid.py", line 461, in disperse
    sender, msg = await self.recv()
  File "/usr/lib/python3.8/asyncio/queues.py", line 165, in get
    getter.cancel()  # Just in case getter is not done yet.
  File "uvloop/loop.pyx", line 1281, in uvloop.loop.Loop.call_soon
  File "uvloop/loop.pyx", line 669, in uvloop.loop.Loop._call_soon
  File "uvloop/loop.pyx", line 678, in uvloop.loop.Loop._call_soon_handle
  File "uvloop/loop.pyx", line 673, in uvloop.loop.Loop._append_ready_handle
  File "uvloop/loop.pyx", line 705, in uvloop.loop.Loop._check_closed
RuntimeError: Event loop is closed
2025-12-17 02:12:50,411 ERROR [asyncio] Task was destroyed but it is pending!
task: <Task pending name='Task-61' coro=<subscribe_recv.<locals>._recv_loop() running at /opt/dumbo-mpc/dumbo-mpc/AsyRanTriGen/beaver/utils/misc.py:89> wait_for=<Future pending cb=[<TaskWakeupMethWrapper object at 0x7f1c9d701df0>()]>>
2025-12-17 02:12:50,411 ERROR [asyncio] Task was destroyed but it is pending!
task: <Task pending name='Task-39' coro=<subscribe_recv.<locals>._recv_loop() running at /opt/dumbo-mpc/dumbo-mpc/AsyRanTriGen/beaver/utils/misc.py:89> wait_for=<Future pending cb=[<TaskWakeupMethWrapper object at 0x7f1c9d73f640>()]>>
2025-12-17 02:12:50,411 ERROR [asyncio] Task was destroyed but it is pending!
task: <Task pending name='Task-48' coro=<subscribe_recv.<locals>._recv_loop() running at /opt/dumbo-mpc/dumbo-mpc/AsyRanTriGen/beaver/utils/misc.py:89> wait_for=<Future pending cb=[<TaskWakeupMethWrapper object at 0x7f1c9d6f7310>()]>>
2025-12-17 02:12:50,411 ERROR [asyncio] Task was destroyed but it is pending!
task: <Task pending name='Task-57' coro=<ACSS_Foll._recv_loop() running at /opt/dumbo-mpc/dumbo-mpc/AsyRanTriGen/beaver/hbacss.py:3696> wait_for=<Future pending cb=[<TaskWakeupMethWrapper object at 0x7f1c9d6fb730>()]>>
2025-12-17 02:12:50,411 ERROR [asyncio] Task was destroyed but it is pending!
task: <Task pending name='Task-59' coro=<ACSS_Foll._recv_loop() running at /opt/dumbo-mpc/dumbo-mpc/AsyRanTriGen/beaver/hbacss.py:3696> wait_for=<Future pending cb=[<TaskWakeupMethWrapper object at 0x7f1c9d6f7fa0>()]>>
2025-12-17 02:12:50,411 ERROR [asyncio] Task was destroyed but it is pending!
task: <Task pending name='Task-58' coro=<ACSS_Foll._recv_loop() running at /opt/dumbo-mpc/dumbo-mpc/AsyRanTriGen/beaver/hbacss.py:3696> wait_for=<Future pending cb=[<TaskWakeupMethWrapper object at 0x7f1c9d6fb610>()]>>
Exception ignored in: <coroutine object subscribe_recv.<locals>._recv_loop at 0x7f1c9ce10440>
Traceback (most recent call last):
  File "/opt/dumbo-mpc/dumbo-mpc/AsyRanTriGen/beaver/utils/misc.py", line 89, in _recv_loop
    j, (tag, o) = await recv()
  File "/usr/lib/python3.8/asyncio/queues.py", line 165, in get
    getter.cancel()  # Just in case getter is not done yet.
  File "uvloop/loop.pyx", line 1281, in uvloop.loop.Loop.call_soon
  File "uvloop/loop.pyx", line 669, in uvloop.loop.Loop._call_soon
  File "uvloop/loop.pyx", line 678, in uvloop.loop.Loop._call_soon_handle
  File "uvloop/loop.pyx", line 673, in uvloop.loop.Loop._append_ready_handle
  File "uvloop/loop.pyx", line 705, in uvloop.loop.Loop._check_closed
RuntimeError: Event loop is closed
Exception ignored in: <coroutine object subscribe_recv.<locals>._recv_loop at 0x7f1c9d726f40>
Traceback (most recent call last):
  File "/opt/dumbo-mpc/dumbo-mpc/AsyRanTriGen/beaver/utils/misc.py", line 89, in _recv_loop
    j, (tag, o) = await recv()
  File "/usr/lib/python3.8/asyncio/queues.py", line 165, in get
    getter.cancel()  # Just in case getter is not done yet.
  File "uvloop/loop.pyx", line 1281, in uvloop.loop.Loop.call_soon
  File "uvloop/loop.pyx", line 669, in uvloop.loop.Loop._call_soon
  File "uvloop/loop.pyx", line 678, in uvloop.loop.Loop._call_soon_handle
  File "uvloop/loop.pyx", line 673, in uvloop.loop.Loop._append_ready_handle
  File "uvloop/loop.pyx", line 705, in uvloop.loop.Loop._check_closed
RuntimeError: Event loop is closed
Exception ignored in: <coroutine object subscribe_recv.<locals>._recv_loop at 0x7f1c9d73e540>
Traceback (most recent call last):
  File "/opt/dumbo-mpc/dumbo-mpc/AsyRanTriGen/beaver/utils/misc.py", line 89, in _recv_loop
    j, (tag, o) = await recv()
  File "/usr/lib/python3.8/asyncio/queues.py", line 165, in get
    getter.cancel()  # Just in case getter is not done yet.
  File "uvloop/loop.pyx", line 1281, in uvloop.loop.Loop.call_soon
  File "uvloop/loop.pyx", line 669, in uvloop.loop.Loop._call_soon
  File "uvloop/loop.pyx", line 678, in uvloop.loop.Loop._call_soon_handle
  File "uvloop/loop.pyx", line 673, in uvloop.loop.Loop._append_ready_handle
  File "uvloop/loop.pyx", line 705, in uvloop.loop.Loop._check_closed
RuntimeError: Event loop is closed
Exception ignored in: <coroutine object ACSS_Foll._recv_loop at 0x7f1c9d73e7c0>
Traceback (most recent call last):
  File "/opt/dumbo-mpc/dumbo-mpc/AsyRanTriGen/beaver/hbacss.py", line 3696, in _recv_loop
    await avid.disperse(tag, self.my_id+1, dispersal_msg_list)
  File "/opt/dumbo-mpc/dumbo-mpc/AsyRanTriGen/beaver/broadcast/avid.py", line 461, in disperse
    sender, msg = await self.recv()
  File "/usr/lib/python3.8/asyncio/queues.py", line 165, in get
    getter.cancel()  # Just in case getter is not done yet.
  File "uvloop/loop.pyx", line 1281, in uvloop.loop.Loop.call_soon
  File "uvloop/loop.pyx", line 669, in uvloop.loop.Loop._call_soon
  File "uvloop/loop.pyx", line 678, in uvloop.loop.Loop._call_soon_handle
  File "uvloop/loop.pyx", line 673, in uvloop.loop.Loop._append_ready_handle
  File "uvloop/loop.pyx", line 705, in uvloop.loop.Loop._check_closed
RuntimeError: Event loop is closed
Exception ignored in: <coroutine object ACSS_Foll._recv_loop at 0x7f1c9d6ccec0>
Traceback (most recent call last):
  File "/opt/dumbo-mpc/dumbo-mpc/AsyRanTriGen/beaver/hbacss.py", line 3696, in _recv_loop
    await avid.disperse(tag, self.my_id+1, dispersal_msg_list)
  File "/opt/dumbo-mpc/dumbo-mpc/AsyRanTriGen/beaver/broadcast/avid.py", line 461, in disperse
    sender, msg = await self.recv()
  File "/usr/lib/python3.8/asyncio/queues.py", line 165, in get
    getter.cancel()  # Just in case getter is not done yet.
  File "uvloop/loop.pyx", line 1281, in uvloop.loop.Loop.call_soon
  File "uvloop/loop.pyx", line 669, in uvloop.loop.Loop._call_soon
  File "uvloop/loop.pyx", line 678, in uvloop.loop.Loop._call_soon_handle
  File "uvloop/loop.pyx", line 673, in uvloop.loop.Loop._append_ready_handle
  File "uvloop/loop.pyx", line 705, in uvloop.loop.Loop._check_closed
RuntimeError: Event loop is closed
Exception ignored in: <coroutine object ACSS_Foll._recv_loop at 0x7f1c9d6cc8c0>
Traceback (most recent call last):
  File "/opt/dumbo-mpc/dumbo-mpc/AsyRanTriGen/beaver/hbacss.py", line 3696, in _recv_loop
    await avid.disperse(tag, self.my_id+1, dispersal_msg_list)
  File "/opt/dumbo-mpc/dumbo-mpc/AsyRanTriGen/beaver/broadcast/avid.py", line 461, in disperse
    sender, msg = await self.recv()
  File "/usr/lib/python3.8/asyncio/queues.py", line 165, in get
    getter.cancel()  # Just in case getter is not done yet.
  File "uvloop/loop.pyx", line 1281, in uvloop.loop.Loop.call_soon
  File "uvloop/loop.pyx", line 669, in uvloop.loop.Loop._call_soon
  File "uvloop/loop.pyx", line 678, in uvloop.loop.Loop._call_soon_handle
  File "uvloop/loop.pyx", line 673, in uvloop.loop.Loop._append_ready_handle
  File "uvloop/loop.pyx", line 705, in uvloop.loop.Loop._check_closed
RuntimeError: Event loop is closed
2025-12-17 02:12:50,416 ERROR [asyncio] Task was destroyed but it is pending!
task: <Task pending name='Task-47' coro=<ACSS_Foll._recv_loop() running at /opt/dumbo-mpc/dumbo-mpc/AsyRanTriGen/beaver/hbacss.py:3696> wait_for=<Future pending cb=[<TaskWakeupMethWrapper object at 0x7f1c9d6d16a0>()]>>
Exception ignored in: <coroutine object ACSS_Foll._recv_loop at 0x7f1c9d72aa40>
Traceback (most recent call last):
  File "/opt/dumbo-mpc/dumbo-mpc/AsyRanTriGen/beaver/hbacss.py", line 3696, in _recv_loop
    await avid.disperse(tag, self.my_id+1, dispersal_msg_list)
  File "/opt/dumbo-mpc/dumbo-mpc/AsyRanTriGen/beaver/broadcast/avid.py", line 461, in disperse
    sender, msg = await self.recv()
  File "/usr/lib/python3.8/asyncio/queues.py", line 165, in get
    getter.cancel()  # Just in case getter is not done yet.
  File "uvloop/loop.pyx", line 1281, in uvloop.loop.Loop.call_soon
  File "uvloop/loop.pyx", line 669, in uvloop.loop.Loop._call_soon
  File "uvloop/loop.pyx", line 678, in uvloop.loop.Loop._call_soon_handle
  File "uvloop/loop.pyx", line 673, in uvloop.loop.Loop._append_ready_handle
  File "uvloop/loop.pyx", line 705, in uvloop.loop.Loop._check_closed
RuntimeError: Event loop is closed
2025-12-17 02:12:50,417 ERROR [asyncio] Task was destroyed but it is pending!
task: <Task pending name='Task-62' coro=<OptimalCommonSet.fallback_timer() running at /opt/dumbo-mpc/dumbo-mpc/AsyRanTriGen/beaver/broadcast/otmvba_dyn.py:71> wait_for=<Future pending cb=[<TaskWakeupMethWrapper object at 0x7f1c9d6fba90>()]>>
2025-12-17 02:12:50,417 ERROR [asyncio] Task was destroyed but it is pending!
task: <Task pending name='Task-44' coro=<ACSS_Foll._recv_loop() running at /opt/dumbo-mpc/dumbo-mpc/AsyRanTriGen/beaver/hbacss.py:3696> wait_for=<Future pending cb=[<TaskWakeupMethWrapper object at 0x7f1c9d73f4c0>()]>>
2025-12-17 02:12:50,417 ERROR [asyncio] Task was destroyed but it is pending!
task: <Task pending name='Task-45' coro=<ACSS_Foll._recv_loop() running at /opt/dumbo-mpc/dumbo-mpc/AsyRanTriGen/beaver/hbacss.py:3696> wait_for=<Future pending cb=[<TaskWakeupMethWrapper object at 0x7f1c9d724970>()]>>
2025-12-17 02:12:50,417 ERROR [asyncio] Task was destroyed but it is pending!
task: <Task pending name='Task-46' coro=<ACSS_Foll._recv_loop() running at /opt/dumbo-mpc/dumbo-mpc/AsyRanTriGen/beaver/hbacss.py:3696> wait_for=<Future pending cb=[<TaskWakeupMethWrapper object at 0x7f1c9d724e20>()]>>
Exception ignored in: <coroutine object ACSS_Foll._recv_loop at 0x7f1c9d72abc0>
Traceback (most recent call last):
  File "/opt/dumbo-mpc/dumbo-mpc/AsyRanTriGen/beaver/hbacss.py", line 3696, in _recv_loop
    await avid.disperse(tag, self.my_id+1, dispersal_msg_list)
  File "/opt/dumbo-mpc/dumbo-mpc/AsyRanTriGen/beaver/broadcast/avid.py", line 461, in disperse
    sender, msg = await self.recv()
  File "/usr/lib/python3.8/asyncio/queues.py", line 165, in get
    getter.cancel()  # Just in case getter is not done yet.
  File "uvloop/loop.pyx", line 1281, in uvloop.loop.Loop.call_soon
  File "uvloop/loop.pyx", line 669, in uvloop.loop.Loop._call_soon
  File "uvloop/loop.pyx", line 678, in uvloop.loop.Loop._call_soon_handle
  File "uvloop/loop.pyx", line 673, in uvloop.loop.Loop._append_ready_handle
  File "uvloop/loop.pyx", line 705, in uvloop.loop.Loop._check_closed
RuntimeError: Event loop is closed
Exception ignored in: <coroutine object ACSS_Foll._recv_loop at 0x7f1c9d726440>
Traceback (most recent call last):
  File "/opt/dumbo-mpc/dumbo-mpc/AsyRanTriGen/beaver/hbacss.py", line 3696, in _recv_loop
    await avid.disperse(tag, self.my_id+1, dispersal_msg_list)
  File "/opt/dumbo-mpc/dumbo-mpc/AsyRanTriGen/beaver/broadcast/avid.py", line 461, in disperse
    sender, msg = await self.recv()
  File "/usr/lib/python3.8/asyncio/queues.py", line 165, in get
    getter.cancel()  # Just in case getter is not done yet.
  File "uvloop/loop.pyx", line 1281, in uvloop.loop.Loop.call_soon
  File "uvloop/loop.pyx", line 669, in uvloop.loop.Loop._call_soon
  File "uvloop/loop.pyx", line 678, in uvloop.loop.Loop._call_soon_handle
  File "uvloop/loop.pyx", line 673, in uvloop.loop.Loop._append_ready_handle
  File "uvloop/loop.pyx", line 705, in uvloop.loop.Loop._check_closed
RuntimeError: Event loop is closed
Exception ignored in: <coroutine object ACSS_Foll._recv_loop at 0x7f1c9d726240>
Traceback (most recent call last):
  File "/opt/dumbo-mpc/dumbo-mpc/AsyRanTriGen/beaver/hbacss.py", line 3696, in _recv_loop
    await avid.disperse(tag, self.my_id+1, dispersal_msg_list)
  File "/opt/dumbo-mpc/dumbo-mpc/AsyRanTriGen/beaver/broadcast/avid.py", line 461, in disperse
    sender, msg = await self.recv()
  File "/usr/lib/python3.8/asyncio/queues.py", line 165, in get
    getter.cancel()  # Just in case getter is not done yet.
  File "uvloop/loop.pyx", line 1281, in uvloop.loop.Loop.call_soon
  File "uvloop/loop.pyx", line 669, in uvloop.loop.Loop._call_soon
  File "uvloop/loop.pyx", line 678, in uvloop.loop.Loop._call_soon_handle
  File "uvloop/loop.pyx", line 673, in uvloop.loop.Loop._append_ready_handle
  File "uvloop/loop.pyx", line 705, in uvloop.loop.Loop._check_closed
RuntimeError: Event loop is closed
2025-12-17 02:12:50,421 ERROR [asyncio] Task was destroyed but it is pending!
task: <Task pending name='Task-76' coro=<rbc_dyn() running at /opt/dumbo-mpc/dumbo-mpc/AsyRanTriGen/beaver/broadcast/reliablebroadcast.py:411> wait_for=<Future cancelled>>
Exception ignored in: <coroutine object rbc_dyn at 0x7f1c9ce2f140>
Traceback (most recent call last):
  File "/opt/dumbo-mpc/dumbo-mpc/AsyRanTriGen/beaver/broadcast/reliablebroadcast.py", line 411, in rbc_dyn
    sender, msg = await receive()
  File "/usr/lib/python3.8/asyncio/queues.py", line 165, in get
    getter.cancel()  # Just in case getter is not done yet.
  File "uvloop/loop.pyx", line 1281, in uvloop.loop.Loop.call_soon
  File "uvloop/loop.pyx", line 669, in uvloop.loop.Loop._call_soon
  File "uvloop/loop.pyx", line 678, in uvloop.loop.Loop._call_soon_handle
  File "uvloop/loop.pyx", line 673, in uvloop.loop.Loop._append_ready_handle
  File "uvloop/loop.pyx", line 705, in uvloop.loop.Loop._check_closed
RuntimeError: Event loop is closed
2025-12-17 02:12:50,422 ERROR [asyncio] Task was destroyed but it is pending!
task: <Task pending name='Task-78' coro=<AVID_DYNAMIC.disperse() running at /opt/dumbo-mpc/dumbo-mpc/AsyRanTriGen/beaver/broadcast/avid.py:461> wait_for=<Future cancelled>>
Exception ignored in: <coroutine object AVID_DYNAMIC.disperse at 0x7f1c9ce02240>
Traceback (most recent call last):
  File "/opt/dumbo-mpc/dumbo-mpc/AsyRanTriGen/beaver/broadcast/avid.py", line 461, in disperse
    sender, msg = await self.recv()
  File "/usr/lib/python3.8/asyncio/queues.py", line 165, in get
    getter.cancel()  # Just in case getter is not done yet.
  File "uvloop/loop.pyx", line 1281, in uvloop.loop.Loop.call_soon
  File "uvloop/loop.pyx", line 669, in uvloop.loop.Loop._call_soon
  File "uvloop/loop.pyx", line 678, in uvloop.loop.Loop._call_soon_handle
  File "uvloop/loop.pyx", line 673, in uvloop.loop.Loop._append_ready_handle
  File "uvloop/loop.pyx", line 705, in uvloop.loop.Loop._check_closed
RuntimeError: Event loop is closed
2025-12-17 02:12:50,422 ERROR [asyncio] Task was destroyed but it is pending!
task: <Task pending name='Task-63' coro=<subscribe_recv.<locals>._recv_loop() running at /opt/dumbo-mpc/dumbo-mpc/AsyRanTriGen/beaver/utils/misc.py:89> wait_for=<Future pending cb=[<TaskWakeupMethWrapper object at 0x7f1c9d6d7e50>()]>>
2025-12-17 02:12:50,422 ERROR [asyncio] Task was destroyed but it is pending!
task: <Task pending name='Task-66' coro=<subscribe_recv.<locals>._recv_loop() running at /opt/dumbo-mpc/dumbo-mpc/AsyRanTriGen/beaver/utils/misc.py:89> wait_for=<Future pending cb=[<TaskWakeupMethWrapper object at 0x7f1c9d6d7970>()]>>
2025-12-17 02:12:50,422 ERROR [asyncio] Task was destroyed but it is pending!
task: <Task pending name='Task-68' coro=<subscribe_recv.<locals>._recv_loop() running at /opt/dumbo-mpc/dumbo-mpc/AsyRanTriGen/beaver/utils/misc.py:89> wait_for=<Future pending cb=[<TaskWakeupMethWrapper object at 0x7f1c9d6fbdf0>()]>>
Exception ignored in: <coroutine object subscribe_recv.<locals>._recv_loop at 0x7f1c9ce10cc0>
Traceback (most recent call last):
  File "/opt/dumbo-mpc/dumbo-mpc/AsyRanTriGen/beaver/utils/misc.py", line 89, in _recv_loop
    j, (tag, o) = await recv()
  File "/usr/lib/python3.8/asyncio/queues.py", line 165, in get
    getter.cancel()  # Just in case getter is not done yet.
  File "uvloop/loop.pyx", line 1281, in uvloop.loop.Loop.call_soon
  File "uvloop/loop.pyx", line 669, in uvloop.loop.Loop._call_soon
  File "uvloop/loop.pyx", line 678, in uvloop.loop.Loop._call_soon_handle
  File "uvloop/loop.pyx", line 673, in uvloop.loop.Loop._append_ready_handle
  File "uvloop/loop.pyx", line 705, in uvloop.loop.Loop._check_closed
RuntimeError: Event loop is closed
Exception ignored in: <coroutine object subscribe_recv.<locals>._recv_loop at 0x7f1c9d6f2340>
Traceback (most recent call last):
  File "/opt/dumbo-mpc/dumbo-mpc/AsyRanTriGen/beaver/utils/misc.py", line 89, in _recv_loop
    j, (tag, o) = await recv()
  File "/usr/lib/python3.8/asyncio/queues.py", line 165, in get
    getter.cancel()  # Just in case getter is not done yet.
  File "uvloop/loop.pyx", line 1281, in uvloop.loop.Loop.call_soon
  File "uvloop/loop.pyx", line 669, in uvloop.loop.Loop._call_soon
  File "uvloop/loop.pyx", line 678, in uvloop.loop.Loop._call_soon_handle
  File "uvloop/loop.pyx", line 673, in uvloop.loop.Loop._append_ready_handle
  File "uvloop/loop.pyx", line 705, in uvloop.loop.Loop._check_closed
RuntimeError: Event loop is closed
Exception ignored in: <coroutine object subscribe_recv.<locals>._recv_loop at 0x7f1c9d6f2740>
Traceback (most recent call last):
  File "/opt/dumbo-mpc/dumbo-mpc/AsyRanTriGen/beaver/utils/misc.py", line 89, in _recv_loop
    j, (tag, o) = await recv()
  File "/usr/lib/python3.8/asyncio/queues.py", line 165, in get
    getter.cancel()  # Just in case getter is not done yet.
  File "uvloop/loop.pyx", line 1281, in uvloop.loop.Loop.call_soon
  File "uvloop/loop.pyx", line 669, in uvloop.loop.Loop._call_soon
  File "uvloop/loop.pyx", line 678, in uvloop.loop.Loop._call_soon_handle
  File "uvloop/loop.pyx", line 673, in uvloop.loop.Loop._append_ready_handle
  File "uvloop/loop.pyx", line 705, in uvloop.loop.Loop._check_closed
RuntimeError: Event loop is closed
2025-12-17 02:12:50,424 ERROR [asyncio] Task was destroyed but it is pending!
task: <Task pending name='Task-74' coro=<subscribe_recv.<locals>._recv_loop() running at /opt/dumbo-mpc/dumbo-mpc/AsyRanTriGen/beaver/utils/misc.py:89> wait_for=<Future pending cb=[<TaskWakeupMethWrapper object at 0x7f1c9d7016d0>()]>>
2025-12-17 02:12:50,424 ERROR [asyncio] Task was destroyed but it is pending!
task: <Task pending name='Task-70' coro=<rbc_dyn() running at /opt/dumbo-mpc/dumbo-mpc/AsyRanTriGen/beaver/broadcast/reliablebroadcast.py:411> wait_for=<Future pending cb=[<TaskWakeupMethWrapper object at 0x7f1c9d6d7d00>()]>>
Exception ignored in: <coroutine object subscribe_recv.<locals>._recv_loop at 0x7f1c9d6f2b40>
Traceback (most recent call last):
  File "/opt/dumbo-mpc/dumbo-mpc/AsyRanTriGen/beaver/utils/misc.py", line 89, in _recv_loop
    j, (tag, o) = await recv()
  File "/usr/lib/python3.8/asyncio/queues.py", line 165, in get
    getter.cancel()  # Just in case getter is not done yet.
  File "uvloop/loop.pyx", line 1281, in uvloop.loop.Loop.call_soon
  File "uvloop/loop.pyx", line 669, in uvloop.loop.Loop._call_soon
  File "uvloop/loop.pyx", line 678, in uvloop.loop.Loop._call_soon_handle
  File "uvloop/loop.pyx", line 673, in uvloop.loop.Loop._append_ready_handle
  File "uvloop/loop.pyx", line 705, in uvloop.loop.Loop._check_closed
RuntimeError: Event loop is closed
2025-12-17 02:12:50,424 ERROR [asyncio] Task was destroyed but it is pending!
task: <Task pending name='Task-73' coro=<AVID_DYNAMIC.disperse() running at /opt/dumbo-mpc/dumbo-mpc/AsyRanTriGen/beaver/broadcast/avid.py:461> wait_for=<Future pending cb=[<TaskWakeupMethWrapper object at 0x7f1c9d7015e0>()]>>
Exception ignored in: <coroutine object rbc_dyn at 0x7f1c9d6f26c0>
Traceback (most recent call last):
  File "/opt/dumbo-mpc/dumbo-mpc/AsyRanTriGen/beaver/broadcast/reliablebroadcast.py", line 411, in rbc_dyn
    sender, msg = await receive()
  File "/usr/lib/python3.8/asyncio/queues.py", line 165, in get
    getter.cancel()  # Just in case getter is not done yet.
  File "uvloop/loop.pyx", line 1281, in uvloop.loop.Loop.call_soon
  File "uvloop/loop.pyx", line 669, in uvloop.loop.Loop._call_soon
  File "uvloop/loop.pyx", line 678, in uvloop.loop.Loop._call_soon_handle
  File "uvloop/loop.pyx", line 673, in uvloop.loop.Loop._append_ready_handle
  File "uvloop/loop.pyx", line 705, in uvloop.loop.Loop._check_closed
RuntimeError: Event loop is closed
Exception ignored in: <coroutine object AVID_DYNAMIC.disperse at 0x7f1c9ce2f0c0>
Traceback (most recent call last):
  File "/opt/dumbo-mpc/dumbo-mpc/AsyRanTriGen/beaver/broadcast/avid.py", line 461, in disperse
    sender, msg = await self.recv()
  File "/usr/lib/python3.8/asyncio/queues.py", line 165, in get
    getter.cancel()  # Just in case getter is not done yet.
  File "uvloop/loop.pyx", line 1281, in uvloop.loop.Loop.call_soon
  File "uvloop/loop.pyx", line 669, in uvloop.loop.Loop._call_soon
  File "uvloop/loop.pyx", line 678, in uvloop.loop.Loop._call_soon_handle
  File "uvloop/loop.pyx", line 673, in uvloop.loop.Loop._append_ready_handle
  File "uvloop/loop.pyx", line 705, in uvloop.loop.Loop._check_closed
RuntimeError: Event loop is closed
