Warning: Permanently added '1.15.15.230' (ECDSA) to the list of known hosts.
Creating dumbo-mpc_dumbo-mpc_run ... 
Creating dumbo-mpc_dumbo-mpc_run ... done
2025-08-23 08:15:36,818 INFO [root] Running ADMPC ...
2025-08-23 08:15:37,256 INFO [root] my_send_id: 6
2025-08-23 08:15:37,386 INFO [root] ADMPC start time: 1755936937.3860428
2025-08-23 08:15:37,386 INFO [root] [Layer 0] Reached run_admpc checkpoint
2025-08-23 08:15:37,386 INFO [root] layer ID: 0 inputs_num: 15, n: 13, w: 100
2025-08-23 08:15:37,387 INFO [root] public_keys: [{'X': '3798303219238747136734698637979803971566037510650651446171790505260423672909387398396343938101854072144398976643387', 'Y': '1189652959830649200818925624104982389118838867691082331980394903922012581399003217604754698545961110060902586162863'}, {'X': '3686027753900419058407477932464936062756595845281199075109992370472225397098803049790183660319122409755178891609128', 'Y': '634781431137545127851095386106449370904142962947178298674168122411340665518792822320036301052832773602265560623122'}, {'X': '3603775014299717587084774048981692372964957487512875626373208873514567991497989366970318697590925518357072624245582', 'Y': '3455314407761515582645771835004892486931583881715962613838446295462273434546963678637879422431186491444648991532520'}, {'X': '123770470581816987037620667388042512046370689231238221595405964112858169838848846678234366853894120133126642426031', 'Y': '3411283784904909669104602640787258192767336410501540975315344887734404104643279297891536731549876525742028766450029'}, {'X': '679139713719596080985837735159150438324828717058767834399873997413817293821935263753062159305208469908862716502605', 'Y': '1035420315058480110422302572160777141011614317070168557845658999197156545135729318471227264197252365942938627120282'}, {'X': '3314904837051872329054313324461290735234337751744867242431207421912716439637710442840802408535552655802115338092469', 'Y': '322700449304194736254692792319091319883400058511737506678810517544895177748930999334394637122549561252234683397718'}, {'X': '3094747916488192542611622608183319296860822542170269167539129973748331092879079027816629963686454497448800172880532', 'Y': '96326217169766872442591355963420653056880854122464857288821086467136147260127201670306674994693530144377432496011'}, {'X': '1144066229595000001835435440260257028352424896205538239797990203840586594734440144017961119086043200280362591837620', 'Y': '2444832196486783042308206438963945295681037112163576301139805339057346435467662446365393939882558562430537310721871'}, {'X': '2003409870871934484711335312433129671505163144478818560784861270344554853855749047846354959242230393401029754667451', 'Y': '3212201142797922559940425862312191447867694059436679913674504939196583773369094968449598336072139810097506102293878'}, {'X': '3942563557299598952132985057905443602237941866949016408084877794518152443901019736071516548772778541542266658742859', 'Y': '2663762150765430847335592592632962667029757019674048578908272139632333152011265892511570195716419341952710576486459'}, {'X': '986803643285609488169958522557993038482436250183715593380843074395665632547009952434072128282962423729362450123631', 'Y': '2228122312609807781487016143027978199647563229986432999572351772495831980265147349578664239252650652588381099759535'}, {'X': '2431883892541617126411765774876370633373581031110662438134241472776984648774333761527482066721777986454035795502084', 'Y': '2274674815030082134602809672536630796167074153708486838005836811846219398189241365162453913623705113973606268109305'}, {'X': '934489701954020842740005617987530020724964015134123228475734086778596549945910538679412786570135798664526469537963', 'Y': '2424977206362898739261245009021067667333426596919583001803510551882111887229333343910080654358471782692972749650568'}]
2025-08-23 08:15:37,387 INFO [root] [6] AVSS tag: 6-0-1-B-AVSS
2025-08-23 08:15:37,387 INFO [root] [6] RBC tag: 6-0-1-B-RBC
2025-08-23 08:15:37,456 INFO [root] self.msgmode: avss_without_proof
2025-08-23 08:15:37,456 INFO [root] rbc_list: [6, 13, 14, 15, 16, 17, 18, 19, 20, 21, 22, 23, 24, 25]
2025-08-23 08:15:37,456 INFO [root] committee_size: 13
2025-08-23 08:15:37,456 INFO [root] n: 14
2025-08-23 08:15:37,456 INFO [root] f: 4
2025-08-23 08:15:37,456 INFO [root] pid: 6
2025-08-23 08:15:37,456 INFO [root] leader: 6
2025-08-23 08:15:37,456 INFO [root] [6] Sending to 0: 13
2025-08-23 08:15:37,456 INFO [root] [6] Sending to 1: 14
2025-08-23 08:15:37,456 INFO [root] [6] Sending to 2: 15
2025-08-23 08:15:37,456 INFO [root] [6] Sending to 3: 16
2025-08-23 08:15:37,456 INFO [root] [6] Sending to 4: 17
2025-08-23 08:15:37,456 INFO [root] [6] Sending to 5: 18
2025-08-23 08:15:37,456 INFO [root] [6] Sending to 6: 19
2025-08-23 08:15:37,456 INFO [root] [6] Sending to 7: 20
2025-08-23 08:15:37,456 INFO [root] [6] Sending to 8: 21
2025-08-23 08:15:37,456 INFO [root] [6] Sending to 9: 22
2025-08-23 08:15:37,457 INFO [root] [6] Sending to 10: 23
2025-08-23 08:15:37,457 INFO [root] [6] Sending to 11: 24
2025-08-23 08:15:37,457 INFO [root] [6] Sending to 12: 25
2025-08-23 08:15:37,457 INFO [root] [6] Starting AVID disperse
2025-08-23 08:15:37,457 INFO [root] layer ID: 0 acss_pre_time: 0.0702517032623291
2025-08-23 08:15:37,457 INFO [root] layer ID: 0 layer_time: 0.07045650482177734
2025-08-23 08:15:37,458 INFO [root] [6] Dispersed VAL message to committee
my_send_id: 6 exec_time: 5.07401704788208
2025-08-23 08:15:47,460 INFO [root] [6] Bytes Sent: A1:276427 which is 100.0%
2025-08-23 08:15:47,460 INFO [root] [6] Total bytes sent out aa: 276427
2025-08-23 08:15:47,463 INFO [benchmark_logger] Total bytes sent out: 276427
2025-08-23 08:15:47,472 ERROR [asyncio] Task was destroyed but it is pending!
task: <Task pending name='Task-107' coro=<subscribe_recv.<locals>._recv_loop() running at /opt/dumbo-mpc/dumbo-mpc/AsyRanTriGen/beaver/utils/misc.py:89> wait_for=<Future pending cb=[<TaskWakeupMethWrapper object at 0x7f5b32dd22b0>()]>>
2025-08-23 08:15:47,472 ERROR [asyncio] Task was destroyed but it is pending!
task: <Task pending name='Task-109' coro=<subscribe_recv.<locals>._recv_loop() running at /opt/dumbo-mpc/dumbo-mpc/AsyRanTriGen/beaver/utils/misc.py:89> wait_for=<Future pending cb=[<TaskWakeupMethWrapper object at 0x7f5b32dd26d0>()]>>
Exception ignored in: <coroutine object subscribe_recv.<locals>._recv_loop at 0x7f5b68060840>
Traceback (most recent call last):
  File "/opt/dumbo-mpc/dumbo-mpc/AsyRanTriGen/beaver/utils/misc.py", line 89, in _recv_loop
    j, (tag, o) = await recv()
  File "/usr/lib/python3.8/asyncio/queues.py", line 165, in get
    getter.cancel()  # Just in case getter is not done yet.
  File "uvloop/loop.pyx", line 1281, in uvloop.loop.Loop.call_soon
  File "uvloop/loop.pyx", line 669, in uvloop.loop.Loop._call_soon
  File "uvloop/loop.pyx", line 678, in uvloop.loop.Loop._call_soon_handle
  File "uvloop/loop.pyx", line 673, in uvloop.loop.Loop._append_ready_handle
  File "uvloop/loop.pyx", line 705, in uvloop.loop.Loop._check_closed
RuntimeError: Event loop is closed
Exception ignored in: <coroutine object subscribe_recv.<locals>._recv_loop at 0x7f5b680e10c0>
Traceback (most recent call last):
  File "/opt/dumbo-mpc/dumbo-mpc/AsyRanTriGen/beaver/utils/misc.py", line 89, in _recv_loop
    j, (tag, o) = await recv()
  File "/usr/lib/python3.8/asyncio/queues.py", line 165, in get
    getter.cancel()  # Just in case getter is not done yet.
  File "uvloop/loop.pyx", line 1281, in uvloop.loop.Loop.call_soon
  File "uvloop/loop.pyx", line 669, in uvloop.loop.Loop._call_soon
  File "uvloop/loop.pyx", line 678, in uvloop.loop.Loop._call_soon_handle
  File "uvloop/loop.pyx", line 673, in uvloop.loop.Loop._append_ready_handle
  File "uvloop/loop.pyx", line 705, in uvloop.loop.Loop._check_closed
RuntimeError: Event loop is closed
2025-08-23 08:15:47,473 ERROR [asyncio] Task was destroyed but it is pending!
task: <Task pending name='Task-111' coro=<rbc_dyn() running at /opt/dumbo-mpc/dumbo-mpc/AsyRanTriGen/beaver/broadcast/reliablebroadcast.py:411> wait_for=<Future cancelled>>
Exception ignored in: <coroutine object rbc_dyn at 0x7f5b32dd4640>
Traceback (most recent call last):
  File "/opt/dumbo-mpc/dumbo-mpc/AsyRanTriGen/beaver/broadcast/reliablebroadcast.py", line 411, in rbc_dyn
    sender, msg = await receive()
  File "/usr/lib/python3.8/asyncio/queues.py", line 165, in get
    getter.cancel()  # Just in case getter is not done yet.
  File "uvloop/loop.pyx", line 1281, in uvloop.loop.Loop.call_soon
  File "uvloop/loop.pyx", line 669, in uvloop.loop.Loop._call_soon
  File "uvloop/loop.pyx", line 678, in uvloop.loop.Loop._call_soon_handle
  File "uvloop/loop.pyx", line 673, in uvloop.loop.Loop._append_ready_handle
  File "uvloop/loop.pyx", line 705, in uvloop.loop.Loop._check_closed
RuntimeError: Event loop is closed
2025-08-23 08:15:47,474 ERROR [asyncio] Task was destroyed but it is pending!
task: <Task pending name='Task-113' coro=<AVID_DYNAMIC.disperse() running at /opt/dumbo-mpc/dumbo-mpc/AsyRanTriGen/beaver/broadcast/avid.py:461> wait_for=<Future cancelled>>
Exception ignored in: <coroutine object AVID_DYNAMIC.disperse at 0x7f5b32dd4b40>
Traceback (most recent call last):
  File "/opt/dumbo-mpc/dumbo-mpc/AsyRanTriGen/beaver/broadcast/avid.py", line 461, in disperse
    sender, msg = await self.recv()
  File "/usr/lib/python3.8/asyncio/queues.py", line 165, in get
    getter.cancel()  # Just in case getter is not done yet.
  File "uvloop/loop.pyx", line 1281, in uvloop.loop.Loop.call_soon
  File "uvloop/loop.pyx", line 669, in uvloop.loop.Loop._call_soon
  File "uvloop/loop.pyx", line 678, in uvloop.loop.Loop._call_soon_handle
  File "uvloop/loop.pyx", line 673, in uvloop.loop.Loop._append_ready_handle
  File "uvloop/loop.pyx", line 705, in uvloop.loop.Loop._check_closed
RuntimeError: Event loop is closed
