Warning: Permanently added '43.142.51.121' (ECDSA) to the list of known hosts.
Creating dumbo-mpc_dumbo-mpc_run ... 
Creating dumbo-mpc_dumbo-mpc_run ... done
2025-12-17 02:12:34,380 INFO [root] Running ADMPC ...
2025-12-17 02:12:34,905 INFO [root] my_send_id: 20
2025-12-17 02:12:34,911 INFO [root] ADMPC start time: 1765937554.911806
2025-12-17 02:12:34,912 INFO [root] [Layer 5] Reached run_admpc checkpoint
2025-12-17 02:12:34,913 INFO [beaver.transfer] [0] Starting DynamicTransfer_Foll
2025-12-17 02:12:34,913 INFO [beaver.transfer] [0] Starting ACSS to share 50 secrets
2025-12-17 02:12:34,913 INFO [root] [0] Starting Batch AVSS. Id: 0, Dealer Id: 0, Client Mode: False
2025-12-17 02:12:34,914 INFO [root] [0] AVSS tag: 0-0-5-B-AVSS
2025-12-17 02:12:34,914 INFO [root] [0] RBC tag: 0-0-5-B-RBC
2025-12-17 02:12:34,914 INFO [root] [0] Starting AVSS with shares_num: 50, dealer_id: 0, client_mode: False
2025-12-17 02:12:34,915 INFO [root] rbc_list: [16, 20, 21, 22, 23]
2025-12-17 02:12:34,915 INFO [root] committee_size: 4
2025-12-17 02:12:34,915 INFO [root] n: 5
2025-12-17 02:12:34,915 INFO [root] f: 1
2025-12-17 02:12:34,916 INFO [root] pid: 1
2025-12-17 02:12:34,916 INFO [root] leader: 0
2025-12-17 02:12:34,916 INFO [root] [0] Starting Batch AVSS. Id: 0, Dealer Id: 1, Client Mode: False
2025-12-17 02:12:34,916 INFO [root] [0] AVSS tag: 1-0-5-B-AVSS
2025-12-17 02:12:34,917 INFO [root] [0] RBC tag: 1-0-5-B-RBC
2025-12-17 02:12:34,917 INFO [root] [0] Starting AVSS with shares_num: 50, dealer_id: 1, client_mode: False
2025-12-17 02:12:34,917 INFO [root] rbc_list: [17, 20, 21, 22, 23]
2025-12-17 02:12:34,917 INFO [root] committee_size: 4
2025-12-17 02:12:34,917 INFO [root] n: 5
2025-12-17 02:12:34,918 INFO [root] f: 1
2025-12-17 02:12:34,918 INFO [root] pid: 0
2025-12-17 02:12:34,918 INFO [root] leader: 1
2025-12-17 02:12:34,918 INFO [root] [0] Starting Batch AVSS. Id: 0, Dealer Id: 2, Client Mode: False
2025-12-17 02:12:34,918 INFO [root] [0] AVSS tag: 2-0-5-B-AVSS
2025-12-17 02:12:34,919 INFO [root] [0] RBC tag: 2-0-5-B-RBC
2025-12-17 02:12:34,919 INFO [root] [0] Starting AVSS with shares_num: 50, dealer_id: 2, client_mode: False
2025-12-17 02:12:34,919 INFO [root] rbc_list: [18, 20, 21, 22, 23]
2025-12-17 02:12:34,919 INFO [root] committee_size: 4
2025-12-17 02:12:34,919 INFO [root] n: 5
2025-12-17 02:12:34,920 INFO [root] f: 1
2025-12-17 02:12:34,920 INFO [root] pid: 0
2025-12-17 02:12:34,920 INFO [root] leader: 2
2025-12-17 02:12:34,920 INFO [root] [0] Starting Batch AVSS. Id: 0, Dealer Id: 3, Client Mode: False
2025-12-17 02:12:34,920 INFO [root] [0] AVSS tag: 3-0-5-B-AVSS
2025-12-17 02:12:34,920 INFO [root] [0] RBC tag: 3-0-5-B-RBC
2025-12-17 02:12:34,921 INFO [root] [0] Starting AVSS with shares_num: 50, dealer_id: 3, client_mode: False
2025-12-17 02:12:34,921 INFO [root] rbc_list: [19, 20, 21, 22, 23]
2025-12-17 02:12:34,921 INFO [root] committee_size: 4
2025-12-17 02:12:34,921 INFO [root] n: 5
2025-12-17 02:12:34,921 INFO [root] f: 1
2025-12-17 02:12:34,922 INFO [root] pid: 0
2025-12-17 02:12:34,922 INFO [root] leader: 3
2025-12-17 02:12:39,237 INFO [root] [0] Received VAL message from 17
2025-12-17 02:12:39,237 INFO [root] entering n == commitee_size + 1
2025-12-17 02:12:39,237 INFO [root] [0] sender: 17, leader: 1
2025-12-17 02:12:39,237 INFO [root] [0] Successfully validated VAL message
2025-12-17 02:12:39,238 INFO [root] [0] Broadcasted ECHO message for roothash b'~\xc4\x1bV\x9f\x8eVfDgqC\x00\x8d%]\xfc57w\x97\xc7cKV>\xb3=\x92\xa2\x8cK'
2025-12-17 02:12:39,238 INFO [root] broadcast Sending to 1: 20
2025-12-17 02:12:39,238 INFO [root] broadcast Sending to 2: 21
2025-12-17 02:12:39,238 INFO [root] broadcast Sending to 3: 22
2025-12-17 02:12:39,238 INFO [root] broadcast Sending to 4: 23
2025-12-17 02:12:39,238 INFO [root] [0] Received VAL message from 19
2025-12-17 02:12:39,238 INFO [root] entering n == commitee_size + 1
2025-12-17 02:12:39,238 INFO [root] [0] sender: 19, leader: 3
2025-12-17 02:12:39,238 INFO [root] [0] Successfully validated VAL message
2025-12-17 02:12:39,238 INFO [root] [0] Broadcasted ECHO message for roothash b'z\xba\x98b\xa2\xae\xaf\xa9\xbd\x12\t\x93\xb5\x88\xf3\xca\x15\xa6\xbf\xe8\xe8Z\x85D\x1d"\x96\xf0\xfa<\xd7\xd2'
2025-12-17 02:12:39,238 INFO [root] broadcast Sending to 1: 20
2025-12-17 02:12:39,238 INFO [root] broadcast Sending to 2: 21
2025-12-17 02:12:39,238 INFO [root] broadcast Sending to 3: 22
2025-12-17 02:12:39,238 INFO [root] broadcast Sending to 4: 23
2025-12-17 02:12:39,239 INFO [root] [0] Received ECHO message from 20
2025-12-17 02:12:39,239 INFO [root] [0] Received ECHO message from 20
2025-12-17 02:12:39,239 INFO [root] [0] Received ECHO message from 23
2025-12-17 02:12:39,239 INFO [root] [0] Received ECHO message from 22
2025-12-17 02:12:39,239 INFO [root] [0] Broadcasted READY message for roothash b'~\xc4\x1bV\x9f\x8eVfDgqC\x00\x8d%]\xfc57w\x97\xc7cKV>\xb3=\x92\xa2\x8cK'
2025-12-17 02:12:39,239 INFO [root] broadcast Sending to 1: 20
2025-12-17 02:12:39,239 INFO [root] broadcast Sending to 2: 21
2025-12-17 02:12:39,239 INFO [root] broadcast Sending to 3: 22
2025-12-17 02:12:39,239 INFO [root] broadcast Sending to 4: 23
2025-12-17 02:12:39,239 INFO [root] [1] Received VAL message from 16
2025-12-17 02:12:39,239 INFO [root] entering n == commitee_size + 1
2025-12-17 02:12:39,240 INFO [root] [1] sender: 16, leader: 0
2025-12-17 02:12:39,240 INFO [root] [1] Successfully validated VAL message
2025-12-17 02:12:39,240 INFO [root] [1] Broadcasted ECHO message for roothash b'\xa3\xaa"\xad\xe8\xc3\x8dQ)\x92g\xcc\xe2\x90\xa6\xc4\xc0\xca\xaa\xd9\x89c\xd8[m\xe2wK\xc8\x1a\xa2n'
2025-12-17 02:12:39,240 INFO [root] broadcast Sending to 1: 20
2025-12-17 02:12:39,240 INFO [root] broadcast Sending to 2: 21
2025-12-17 02:12:39,240 INFO [root] broadcast Sending to 3: 22
2025-12-17 02:12:39,240 INFO [root] broadcast Sending to 4: 23
2025-12-17 02:12:39,240 INFO [root] [0] Received ECHO message from 22
2025-12-17 02:12:39,240 INFO [root] [0] Received ECHO message from 23
2025-12-17 02:12:39,240 INFO [root] [0] Broadcasted READY message for roothash b'z\xba\x98b\xa2\xae\xaf\xa9\xbd\x12\t\x93\xb5\x88\xf3\xca\x15\xa6\xbf\xe8\xe8Z\x85D\x1d"\x96\xf0\xfa<\xd7\xd2'
2025-12-17 02:12:39,240 INFO [root] broadcast Sending to 1: 20
2025-12-17 02:12:39,240 INFO [root] broadcast Sending to 2: 21
2025-12-17 02:12:39,240 INFO [root] broadcast Sending to 3: 22
2025-12-17 02:12:39,240 INFO [root] broadcast Sending to 4: 23
2025-12-17 02:12:39,240 INFO [root] [0] Received READY message from 20
2025-12-17 02:12:39,241 INFO [root] [1] Received ECHO message from 20
2025-12-17 02:12:39,241 INFO [root] [0] Received READY message from 20
2025-12-17 02:12:39,241 INFO [root] [0] Received ECHO message from 21
2025-12-17 02:12:39,241 INFO [root] [1] Received ECHO message from 22
2025-12-17 02:12:39,241 INFO [root] [1] Received ECHO message from 23
2025-12-17 02:12:39,241 INFO [root] [1] Broadcasted READY message for roothash b'\xa3\xaa"\xad\xe8\xc3\x8dQ)\x92g\xcc\xe2\x90\xa6\xc4\xc0\xca\xaa\xd9\x89c\xd8[m\xe2wK\xc8\x1a\xa2n'
2025-12-17 02:12:39,241 INFO [root] broadcast Sending to 1: 20
2025-12-17 02:12:39,241 INFO [root] broadcast Sending to 2: 21
2025-12-17 02:12:39,241 INFO [root] broadcast Sending to 3: 22
2025-12-17 02:12:39,241 INFO [root] broadcast Sending to 4: 23
2025-12-17 02:12:39,241 INFO [root] [0] Received ECHO message from 21
2025-12-17 02:12:39,241 INFO [root] [1] Received READY message from 20
2025-12-17 02:12:39,242 INFO [root] [0] Received READY message from 22
2025-12-17 02:12:39,242 INFO [root] [0] Received READY message from 23
2025-12-17 02:12:39,242 INFO [root] Decoding output for roothash: b'z\xba\x98b\xa2\xae\xaf\xa9\xbd\x12\t\x93\xb5\x88\xf3\xca\x15\xa6\xbf\xe8\xe8Z\x85D\x1d"\x96\xf0\xfa<\xd7\xd2'
2025-12-17 02:12:39,242 INFO [root] [0] Received RBC message
2025-12-17 02:12:39,242 INFO [root] multicast list: [20, 21, 22, 23]
2025-12-17 02:12:39,242 INFO [root] before avid.retrieve
2025-12-17 02:12:39,242 INFO [root] [0] Received READY message from 22
2025-12-17 02:12:39,242 INFO [root] [0] Received READY message from 23
2025-12-17 02:12:39,242 INFO [root] Decoding output for roothash: b'~\xc4\x1bV\x9f\x8eVfDgqC\x00\x8d%]\xfc57w\x97\xc7cKV>\xb3=\x92\xa2\x8cK'
2025-12-17 02:12:39,242 INFO [root] [0] Received RBC message
2025-12-17 02:12:39,243 INFO [root] multicast list: [20, 21, 22, 23]
2025-12-17 02:12:39,243 INFO [root] before avid.retrieve
2025-12-17 02:12:39,243 INFO [root] [1] Received ECHO message from 21
2025-12-17 02:12:39,243 INFO [root] [1] Received READY message from 22
2025-12-17 02:12:39,243 INFO [root] [1] Received READY message from 23
2025-12-17 02:12:39,243 INFO [root] Decoding output for roothash: b'\xa3\xaa"\xad\xe8\xc3\x8dQ)\x92g\xcc\xe2\x90\xa6\xc4\xc0\xca\xaa\xd9\x89c\xd8[m\xe2wK\xc8\x1a\xa2n'
2025-12-17 02:12:39,243 INFO [root] [0] Received RBC message
2025-12-17 02:12:39,244 INFO [root] multicast list: [20, 21, 22, 23]
2025-12-17 02:12:39,244 INFO [root] before avid.retrieve
2025-12-17 02:12:39,244 INFO [root] [0] Received VAL message from 18
2025-12-17 02:12:39,244 INFO [root] entering n == commitee_size + 1
2025-12-17 02:12:39,244 INFO [root] [0] sender: 18, leader: 2
2025-12-17 02:12:39,244 INFO [root] [0] Successfully validated VAL message
2025-12-17 02:12:39,244 INFO [root] [0] Broadcasted ECHO message for roothash b'\x98\x9a\xa4\xc9\xc2\xa90\x11#\xabB\xb3\xa5$U\x08\xb6\xeca\xf4\x95S\x1fXpGhRTY(\xbe'
2025-12-17 02:12:39,244 INFO [root] broadcast Sending to 1: 20
2025-12-17 02:12:39,244 INFO [root] broadcast Sending to 2: 21
2025-12-17 02:12:39,244 INFO [root] broadcast Sending to 3: 22
2025-12-17 02:12:39,244 INFO [root] broadcast Sending to 4: 23
2025-12-17 02:12:39,244 INFO [root] [0] Received ECHO message from 20
2025-12-17 02:12:39,245 INFO [root] [0] Received ECHO message from 22
2025-12-17 02:12:39,245 INFO [root] [0] Received ECHO message from 23
2025-12-17 02:12:39,245 INFO [root] [0] Broadcasted READY message for roothash b'\x98\x9a\xa4\xc9\xc2\xa90\x11#\xabB\xb3\xa5$U\x08\xb6\xeca\xf4\x95S\x1fXpGhRTY(\xbe'
2025-12-17 02:12:39,245 INFO [root] broadcast Sending to 1: 20
2025-12-17 02:12:39,245 INFO [root] broadcast Sending to 2: 21
2025-12-17 02:12:39,245 INFO [root] broadcast Sending to 3: 22
2025-12-17 02:12:39,245 INFO [root] broadcast Sending to 4: 23
2025-12-17 02:12:39,245 INFO [root] [0] Received READY message from 20
2025-12-17 02:12:39,246 INFO [root] [0] Received ECHO message from 21
2025-12-17 02:12:39,246 INFO [root] [0] Received READY message from 22
2025-12-17 02:12:39,246 INFO [root] [0] Received READY message from 23
2025-12-17 02:12:39,246 INFO [root] Decoding output for roothash: b'\x98\x9a\xa4\xc9\xc2\xa90\x11#\xabB\xb3\xa5$U\x08\xb6\xeca\xf4\x95S\x1fXpGhRTY(\xbe'
2025-12-17 02:12:39,247 INFO [root] [0] Received RBC message
2025-12-17 02:12:39,247 INFO [root] multicast list: [20, 21, 22, 23]
2025-12-17 02:12:39,247 INFO [root] before avid.retrieve
2025-12-17 02:12:39,418 INFO [root] AVID broadcast to 1: 20
2025-12-17 02:12:39,418 INFO [root] AVID broadcast to 2: 21
2025-12-17 02:12:39,418 INFO [root] AVID broadcast to 3: 22
2025-12-17 02:12:39,418 INFO [root] AVID broadcast to 4: 23
2025-12-17 02:12:39,419 INFO [root] AVID broadcast to 1: 20
2025-12-17 02:12:39,419 INFO [root] AVID broadcast to 2: 21
2025-12-17 02:12:39,419 INFO [root] AVID broadcast to 3: 22
2025-12-17 02:12:39,419 INFO [root] AVID broadcast to 4: 23
2025-12-17 02:12:39,420 INFO [root] 3-0-5-B-AVSS 0 RETRIEVE called.
2025-12-17 02:12:39,420 INFO [root] AVID broadcast to 1: 20
2025-12-17 02:12:39,420 INFO [root] AVID broadcast to 2: 21
2025-12-17 02:12:39,420 INFO [root] AVID broadcast to 3: 22
2025-12-17 02:12:39,420 INFO [root] AVID broadcast to 4: 23
2025-12-17 02:12:39,420 INFO [root] 3-0-5-B-AVSS 0 RETRIEVE broadcasted.
2025-12-17 02:12:39,421 INFO [root] disperse msid: 3-0-5-B-AVSS, index: 0
2025-12-17 02:12:39,421 INFO [root] AVID retrieve called with sid: 3-0-5-B-AVID, index: 0
2025-12-17 02:12:39,421 INFO [root] AVID broadcast to 1: 20
2025-12-17 02:12:39,421 INFO [root] AVID broadcast to 2: 21
2025-12-17 02:12:39,421 INFO [root] AVID broadcast to 3: 22
2025-12-17 02:12:39,421 INFO [root] AVID broadcast to 4: 23
2025-12-17 02:12:39,421 INFO [root] disperse msid: 3-0-5-B-AVSS, index: 2
2025-12-17 02:12:39,421 INFO [root] AVID retrieve called with sid: 3-0-5-B-AVID, index: 2
2025-12-17 02:12:39,422 INFO [root] 3-0-5-B-AVSS 0 AVID retrieve msg from 20
2025-12-17 02:12:39,423 INFO [root] AVID retrieve response received
2025-12-17 02:12:39,423 INFO [root] retrieve msid: 3-0-5-B-AVID, response_index: 0
2025-12-17 02:12:39,423 INFO [root] RESPONSE from 20
2025-12-17 02:12:39,423 INFO [root] sender self.committee_size: 0
2025-12-17 02:12:39,423 INFO [root] AVID broadcast to 1: 20
2025-12-17 02:12:39,423 INFO [root] AVID broadcast to 2: 21
2025-12-17 02:12:39,423 INFO [root] AVID broadcast to 3: 22
2025-12-17 02:12:39,423 INFO [root] AVID broadcast to 4: 23
2025-12-17 02:12:39,423 INFO [root] disperse msid: 3-0-5-B-AVSS, index: 1
2025-12-17 02:12:39,423 INFO [root] AVID retrieve called with sid: 3-0-5-B-AVID, index: 1
2025-12-17 02:12:39,423 INFO [root] disperse msid: 3-0-5-B-AVSS, index: 3
2025-12-17 02:12:39,423 INFO [root] AVID retrieve called with sid: 3-0-5-B-AVID, index: 3
2025-12-17 02:12:39,423 INFO [root] AVID broadcast to 1: 20
2025-12-17 02:12:39,423 INFO [root] AVID broadcast to 2: 21
2025-12-17 02:12:39,423 INFO [root] AVID broadcast to 3: 22
2025-12-17 02:12:39,423 INFO [root] AVID broadcast to 4: 23
2025-12-17 02:12:39,424 INFO [root] AVID broadcast to 1: 20
2025-12-17 02:12:39,424 INFO [root] AVID broadcast to 2: 21
2025-12-17 02:12:39,424 INFO [root] AVID broadcast to 3: 22
2025-12-17 02:12:39,424 INFO [root] AVID broadcast to 4: 23
2025-12-17 02:12:39,424 INFO [root] 3-0-5-B-AVSS 0 AVID retrieve msg from 22
2025-12-17 02:12:39,424 INFO [root] AVID retrieve response received
2025-12-17 02:12:39,424 INFO [root] retrieve msid: 3-0-5-B-AVID, response_index: 0
2025-12-17 02:12:39,424 INFO [root] RESPONSE from 22
2025-12-17 02:12:39,425 INFO [root] sender self.committee_size: 2
2025-12-17 02:12:39,425 INFO [root] 3-0-5-B-AVSS 0 RETRIEVE complete.
2025-12-17 02:12:39,425 INFO [root] after avid.retrieve dispersal_msg
2025-12-17 02:12:39,425 INFO [root] Handling dealer messages for dealer_id: 3, tag: 3-0-5-B-AVSS
2025-12-17 02:12:39,447 INFO [root] shares verified successfully
2025-12-17 02:12:39,447 INFO [root] all_shares_valid: True
2025-12-17 02:12:39,447 INFO [root] after _handle_dealer_msgs, all_shares_valid
2025-12-17 02:12:39,447 INFO [root] self.tagvars[tag]['all_shares_valid']: True
2025-12-17 02:12:39,447 INFO [root] multicast to 20
2025-12-17 02:12:39,447 INFO [root] multicast to 21
2025-12-17 02:12:39,447 INFO [root] multicast to 22
2025-12-17 02:12:39,447 INFO [root] multicast to 23
2025-12-17 02:12:39,448 INFO [root] [0] Received OK from [20]
2025-12-17 02:12:39,448 INFO [root] [0] OK set: {20}
2025-12-17 02:12:39,449 INFO [root] output: True
2025-12-17 02:12:39,449 INFO [root] AVID broadcast to 1: 20
2025-12-17 02:12:39,449 INFO [root] AVID broadcast to 2: 21
2025-12-17 02:12:39,449 INFO [root] AVID broadcast to 3: 22
2025-12-17 02:12:39,449 INFO [root] AVID broadcast to 4: 23
2025-12-17 02:12:39,449 INFO [root] [0] Received OK from [23]
2025-12-17 02:12:39,449 INFO [root] [0] OK set: {20, 23}
2025-12-17 02:12:39,449 INFO [root] output: True
2025-12-17 02:12:39,449 INFO [root] [0] Received OK from [21]
2025-12-17 02:12:39,449 INFO [root] [0] OK set: {20, 21, 23}
2025-12-17 02:12:39,449 INFO [root] output: True
2025-12-17 02:12:39,449 INFO [root] 1-0-5-B-AVSS 0 RETRIEVE called.
2025-12-17 02:12:39,450 INFO [root] AVID broadcast to 1: 20
2025-12-17 02:12:39,450 INFO [root] AVID broadcast to 2: 21
2025-12-17 02:12:39,450 INFO [root] AVID broadcast to 3: 22
2025-12-17 02:12:39,450 INFO [root] AVID broadcast to 4: 23
2025-12-17 02:12:39,450 INFO [root] 1-0-5-B-AVSS 0 RETRIEVE broadcasted.
2025-12-17 02:12:39,450 INFO [root] 0-0-5-B-AVSS 0 RETRIEVE called.
2025-12-17 02:12:39,450 INFO [root] AVID broadcast to 1: 20
2025-12-17 02:12:39,450 INFO [root] AVID broadcast to 2: 21
2025-12-17 02:12:39,450 INFO [root] AVID broadcast to 3: 22
2025-12-17 02:12:39,450 INFO [root] AVID broadcast to 4: 23
2025-12-17 02:12:39,450 INFO [root] 0-0-5-B-AVSS 0 RETRIEVE broadcasted.
2025-12-17 02:12:39,450 INFO [root] [0] Received OK from [22]
2025-12-17 02:12:39,450 INFO [root] [0] OK set: {20, 21, 22, 23}
2025-12-17 02:12:39,450 INFO [root] output: True
2025-12-17 02:12:39,450 INFO [root] [0] exit
2025-12-17 02:12:39,451 INFO [root] disperse msid: 1-0-5-B-AVSS, index: 3
2025-12-17 02:12:39,451 INFO [root] AVID retrieve called with sid: 1-0-5-B-AVID, index: 3
2025-12-17 02:12:39,451 INFO [root] disperse msid: 1-0-5-B-AVSS, index: 0
2025-12-17 02:12:39,451 INFO [root] AVID retrieve called with sid: 1-0-5-B-AVID, index: 0
2025-12-17 02:12:39,451 INFO [root] disperse msid: 0-0-5-B-AVSS, index: 0
2025-12-17 02:12:39,451 INFO [root] AVID retrieve called with sid: 0-0-5-B-AVID, index: 0
2025-12-17 02:12:39,451 INFO [root] disperse msid: 0-0-5-B-AVSS, index: 3
2025-12-17 02:12:39,451 INFO [root] AVID retrieve called with sid: 0-0-5-B-AVID, index: 3
2025-12-17 02:12:39,451 INFO [root] disperse msid: 0-0-5-B-AVSS, index: 1
2025-12-17 02:12:39,451 INFO [root] AVID retrieve called with sid: 0-0-5-B-AVID, index: 1
2025-12-17 02:12:39,451 INFO [root] AVID broadcast to 1: 20
2025-12-17 02:12:39,451 INFO [root] AVID broadcast to 2: 21
2025-12-17 02:12:39,451 INFO [root] AVID broadcast to 3: 22
2025-12-17 02:12:39,451 INFO [root] AVID broadcast to 4: 23
2025-12-17 02:12:39,451 INFO [root] disperse msid: 1-0-5-B-AVSS, index: 1
2025-12-17 02:12:39,451 INFO [root] AVID retrieve called with sid: 1-0-5-B-AVID, index: 1
2025-12-17 02:12:39,452 INFO [root] disperse msid: 1-0-5-B-AVSS, index: 2
2025-12-17 02:12:39,452 INFO [root] AVID retrieve called with sid: 1-0-5-B-AVID, index: 2
2025-12-17 02:12:39,452 INFO [root] 1-0-5-B-AVSS 0 AVID retrieve msg from 20
2025-12-17 02:12:39,452 INFO [root] AVID retrieve response received
2025-12-17 02:12:39,452 INFO [root] retrieve msid: 1-0-5-B-AVID, response_index: 0
2025-12-17 02:12:39,452 INFO [root] RESPONSE from 20
2025-12-17 02:12:39,452 INFO [root] sender self.committee_size: 0
2025-12-17 02:12:39,452 INFO [root] 0-0-5-B-AVSS 0 AVID retrieve msg from 20
2025-12-17 02:12:39,452 INFO [root] AVID retrieve response received
2025-12-17 02:12:39,452 INFO [root] retrieve msid: 0-0-5-B-AVID, response_index: 0
2025-12-17 02:12:39,452 INFO [root] RESPONSE from 20
2025-12-17 02:12:39,452 INFO [root] sender self.committee_size: 0
2025-12-17 02:12:39,452 INFO [root] disperse msid: 0-0-5-B-AVSS, index: 2
2025-12-17 02:12:39,453 INFO [root] AVID retrieve called with sid: 0-0-5-B-AVID, index: 2
2025-12-17 02:12:39,453 INFO [root] 2-0-5-B-AVSS 0 RETRIEVE called.
2025-12-17 02:12:39,453 INFO [root] AVID broadcast to 1: 20
2025-12-17 02:12:39,453 INFO [root] AVID broadcast to 2: 21
2025-12-17 02:12:39,453 INFO [root] AVID broadcast to 3: 22
2025-12-17 02:12:39,453 INFO [root] AVID broadcast to 4: 23
2025-12-17 02:12:39,453 INFO [root] 2-0-5-B-AVSS 0 RETRIEVE broadcasted.
2025-12-17 02:12:39,453 INFO [root] disperse msid: 2-0-5-B-AVSS, index: 0
2025-12-17 02:12:39,453 INFO [root] AVID retrieve called with sid: 2-0-5-B-AVID, index: 0
2025-12-17 02:12:39,453 INFO [root] 1-0-5-B-AVSS 0 AVID retrieve msg from 21
2025-12-17 02:12:39,453 INFO [root] AVID retrieve response received
2025-12-17 02:12:39,454 INFO [root] retrieve msid: 1-0-5-B-AVID, response_index: 0
2025-12-17 02:12:39,454 INFO [root] RESPONSE from 21
2025-12-17 02:12:39,454 INFO [root] sender self.committee_size: 1
2025-12-17 02:12:39,454 INFO [root] 1-0-5-B-AVSS 0 RETRIEVE complete.
2025-12-17 02:12:39,454 INFO [root] after avid.retrieve dispersal_msg
2025-12-17 02:12:39,454 INFO [root] Handling dealer messages for dealer_id: 1, tag: 1-0-5-B-AVSS
2025-12-17 02:12:39,464 INFO [root] shares verified successfully
2025-12-17 02:12:39,464 INFO [root] all_shares_valid: True
2025-12-17 02:12:39,464 INFO [root] after _handle_dealer_msgs, all_shares_valid
2025-12-17 02:12:39,464 INFO [root] self.tagvars[tag]['all_shares_valid']: True
2025-12-17 02:12:39,464 INFO [root] multicast to 20
2025-12-17 02:12:39,464 INFO [root] multicast to 21
2025-12-17 02:12:39,464 INFO [root] multicast to 22
2025-12-17 02:12:39,464 INFO [root] multicast to 23
2025-12-17 02:12:39,465 INFO [root] 0-0-5-B-AVSS 0 AVID retrieve msg from 21
2025-12-17 02:12:39,465 INFO [root] AVID retrieve response received
2025-12-17 02:12:39,465 INFO [root] retrieve msid: 0-0-5-B-AVID, response_index: 0
2025-12-17 02:12:39,465 INFO [root] RESPONSE from 21
2025-12-17 02:12:39,465 INFO [root] sender self.committee_size: 1
2025-12-17 02:12:39,465 INFO [root] 0-0-5-B-AVSS 0 RETRIEVE complete.
2025-12-17 02:12:39,465 INFO [root] after avid.retrieve dispersal_msg
2025-12-17 02:12:39,465 INFO [root] Handling dealer messages for dealer_id: 0, tag: 0-0-5-B-AVSS
2025-12-17 02:12:39,473 INFO [root] shares verified successfully
2025-12-17 02:12:39,474 INFO [root] all_shares_valid: True
2025-12-17 02:12:39,474 INFO [root] after _handle_dealer_msgs, all_shares_valid
2025-12-17 02:12:39,474 INFO [root] self.tagvars[tag]['all_shares_valid']: True
2025-12-17 02:12:39,474 INFO [root] multicast to 20
2025-12-17 02:12:39,474 INFO [root] multicast to 21
2025-12-17 02:12:39,474 INFO [root] multicast to 22
2025-12-17 02:12:39,474 INFO [root] multicast to 23
2025-12-17 02:12:39,475 INFO [root] key_proposal: [3, 1, 0]
2025-12-17 02:12:39,475 INFO [beaver.transfer] [0] [random shares] Starting ACS where node 1 is set as leader 
2025-12-17 02:12:39,475 INFO [beaver.transfer] [0] [random shares] The proposal of node 0 is [3, 1, 0]
2025-12-17 02:12:39,475 INFO [root] enter handle_message
2025-12-17 02:12:39,475 INFO [root] 2-0-5-B-AVSS 0 AVID retrieve msg from 20
2025-12-17 02:12:39,475 INFO [root] AVID retrieve response received
2025-12-17 02:12:39,475 INFO [root] retrieve msid: 2-0-5-B-AVID, response_index: 0
2025-12-17 02:12:39,475 INFO [root] RESPONSE from 20
2025-12-17 02:12:39,475 INFO [root] sender self.committee_size: 0
2025-12-17 02:12:39,475 INFO [root] [0] Received OK from [20]
2025-12-17 02:12:39,475 INFO [root] [0] OK set: {20}
2025-12-17 02:12:39,475 INFO [root] output: True
2025-12-17 02:12:39,475 INFO [root] [0] Received OK from [20]
2025-12-17 02:12:39,475 INFO [root] [0] OK set: {20}
2025-12-17 02:12:39,475 INFO [root] output: True
2025-12-17 02:12:39,475 INFO [root] disperse msid: 2-0-5-B-AVSS, index: 2
2025-12-17 02:12:39,475 INFO [root] AVID retrieve called with sid: 2-0-5-B-AVID, index: 2
2025-12-17 02:12:39,476 INFO [root] disperse msid: 2-0-5-B-AVSS, index: 1
2025-12-17 02:12:39,476 INFO [root] AVID retrieve called with sid: 2-0-5-B-AVID, index: 1
2025-12-17 02:12:39,476 INFO [root] disperse msid: 2-0-5-B-AVSS, index: 3
2025-12-17 02:12:39,476 INFO [root] AVID retrieve called with sid: 2-0-5-B-AVID, index: 3
2025-12-17 02:12:39,476 INFO [root] [0] Received OK from [21]
2025-12-17 02:12:39,476 INFO [root] [0] OK set: {20, 21}
2025-12-17 02:12:39,476 INFO [root] output: True
2025-12-17 02:12:39,476 INFO [root] [0] Received OK from [22]
2025-12-17 02:12:39,476 INFO [root] [0] OK set: {20, 21, 22}
2025-12-17 02:12:39,476 INFO [root] output: True
2025-12-17 02:12:39,476 INFO [root] [0] Received OK from [23]
2025-12-17 02:12:39,476 INFO [root] [0] OK set: {20, 21, 22, 23}
2025-12-17 02:12:39,476 INFO [root] output: True
2025-12-17 02:12:39,476 INFO [root] [0] exit
2025-12-17 02:12:39,476 INFO [root] [0] Received OK from [22]
2025-12-17 02:12:39,476 INFO [root] [0] OK set: {20, 22}
2025-12-17 02:12:39,476 INFO [root] output: True
2025-12-17 02:12:39,476 INFO [root] [0] Received OK from [23]
2025-12-17 02:12:39,476 INFO [root] [0] OK set: {20, 22, 23}
2025-12-17 02:12:39,476 INFO [root] output: True
2025-12-17 02:12:39,476 INFO [root] [0] Received OK from [21]
2025-12-17 02:12:39,476 INFO [root] [0] OK set: {20, 21, 22, 23}
2025-12-17 02:12:39,476 INFO [root] output: True
2025-12-17 02:12:39,476 INFO [root] [0] exit
2025-12-17 02:12:39,476 INFO [root] [0] otmvba msg value
2025-12-17 02:12:39,476 INFO [root] [0] otmvba handle value message
2025-12-17 02:12:39,476 INFO [root] [0] value-self.acss_outputs.keys():dict_keys([3, 1, 0])
2025-12-17 02:12:39,477 INFO [root] [0] --Directly send the proposal!--
2025-12-17 02:12:39,477 INFO [root] 2-0-5-B-AVSS 0 AVID retrieve msg from 23
2025-12-17 02:12:39,478 INFO [root] AVID retrieve response received
2025-12-17 02:12:39,478 INFO [root] retrieve msid: 2-0-5-B-AVID, response_index: 0
2025-12-17 02:12:39,478 INFO [root] RESPONSE from 23
2025-12-17 02:12:39,478 INFO [root] sender self.committee_size: 3
2025-12-17 02:12:39,478 INFO [root] 2-0-5-B-AVSS 0 RETRIEVE complete.
2025-12-17 02:12:39,478 INFO [root] after avid.retrieve dispersal_msg
2025-12-17 02:12:39,478 INFO [root] Handling dealer messages for dealer_id: 2, tag: 2-0-5-B-AVSS
2025-12-17 02:12:39,486 INFO [root] shares verified successfully
2025-12-17 02:12:39,487 INFO [root] all_shares_valid: True
2025-12-17 02:12:39,487 INFO [root] after _handle_dealer_msgs, all_shares_valid
2025-12-17 02:12:39,487 INFO [root] self.tagvars[tag]['all_shares_valid']: True
2025-12-17 02:12:39,487 INFO [root] multicast to 20
2025-12-17 02:12:39,487 INFO [root] multicast to 21
2025-12-17 02:12:39,487 INFO [root] multicast to 22
2025-12-17 02:12:39,487 INFO [root] multicast to 23
2025-12-17 02:12:39,487 INFO [root] [0] Received OK from [20]
2025-12-17 02:12:39,487 INFO [root] [0] OK set: {20}
2025-12-17 02:12:39,487 INFO [root] output: True
2025-12-17 02:12:39,487 INFO [root] [0] Received OK from [22]
2025-12-17 02:12:39,487 INFO [root] [0] OK set: {20, 22}
2025-12-17 02:12:39,487 INFO [root] output: True
2025-12-17 02:12:39,495 INFO [root] [0] Received OK from [23]
2025-12-17 02:12:39,495 INFO [root] [0] OK set: {20, 22, 23}
2025-12-17 02:12:39,495 INFO [root] output: True
2025-12-17 02:12:39,518 INFO [root] [0] otmvba msg PrevoteQC
2025-12-17 02:12:39,518 INFO [root] [0] otmvba handle prevote qc message
2025-12-17 02:12:39,526 INFO [root] [0] Received OK from [21]
2025-12-17 02:12:39,526 INFO [root] [0] OK set: {20, 21, 22, 23}
2025-12-17 02:12:39,526 INFO [root] output: True
2025-12-17 02:12:39,526 INFO [root] [0] exit
2025-12-17 02:12:39,572 INFO [root] [0] otmvba msg VoteQC
2025-12-17 02:12:39,572 INFO [root] [0] otmvba handle vote qc message
2025-12-17 02:12:39,580 INFO [root] [0] otmvba Broadcasting to 20
2025-12-17 02:12:39,580 INFO [root] [0] otmvba Broadcasting to 21
2025-12-17 02:12:39,580 INFO [root] [0] otmvba Broadcasting to 22
2025-12-17 02:12:39,580 INFO [root] [0] otmvba Broadcasting to 23
2025-12-17 02:12:39,580 INFO [root] [0] otmvba msg Terminate
2025-12-17 02:12:39,580 INFO [root] [0] otmvba handle terminate message
2025-12-17 02:12:39,588 INFO [root] [0] otmvba Broadcasting to 20
2025-12-17 02:12:39,588 INFO [root] [0] otmvba Broadcasting to 21
2025-12-17 02:12:39,588 INFO [root] [0] otmvba Broadcasting to 22
2025-12-17 02:12:39,588 INFO [root] [0] otmvba Broadcasting to 23
2025-12-17 02:12:39,588 INFO [beaver.transfer] [0] [random shares] The ACS set is [0, 1, 3]
2025-12-17 02:12:39,588 INFO [root] common: [0, 1, 3]
2025-12-17 02:12:39,621 INFO [beaver.transfer] [0] [asynchronous dynamic transfer] Finished! Node 0, total number: 50, time: 4.708359956741333 (seconds)
2025-12-17 02:12:39,621 INFO [root] layer ID: 5 trans_foll_time: 4.709078073501587
2025-12-17 02:12:39,622 INFO [beaver.batch_multiplication] [0] Starting BatchMultiplication
2025-12-17 02:12:39,622 INFO [beaver.batch_multiplication] [0] Starting ACSS to evaluate 50 multiplication gates
2025-12-17 02:12:39,622 INFO [root] [0] Starting Batch AVSS. Id: 0, Dealer Id: 0, Client Mode: False
2025-12-17 02:12:39,622 INFO [root] [0] AVSS tag: 0-0-5-B-AVSS
2025-12-17 02:12:39,622 INFO [root] [0] RBC tag: 0-0-5-B-RBC
2025-12-17 02:12:39,622 INFO [root] [0] Starting AVSS with shares_num: 50, dealer_id: 0, client_mode: False
2025-12-17 02:12:39,622 INFO [root] rbc_list: [16, 20, 21, 22, 23]
2025-12-17 02:12:39,622 INFO [root] committee_size: 4
2025-12-17 02:12:39,622 INFO [root] n: 5
2025-12-17 02:12:39,622 INFO [root] f: 1
2025-12-17 02:12:39,622 INFO [root] pid: 1
2025-12-17 02:12:39,622 INFO [root] leader: 0
2025-12-17 02:12:39,623 INFO [root] [1] Received VAL message from 16
2025-12-17 02:12:39,623 INFO [root] entering n == commitee_size + 1
2025-12-17 02:12:39,623 INFO [root] [1] sender: 16, leader: 0
2025-12-17 02:12:39,623 INFO [root] [1] Successfully validated VAL message
2025-12-17 02:12:39,623 INFO [root] [1] Broadcasted ECHO message for roothash b'\xfa#\xc9P,\xac\xa9L\x87c\x07w\xa9\t\xec\x1e^\t\xce\xad \x7f[\xaaL\xc2zYn\x93\x8d\x87'
2025-12-17 02:12:39,623 INFO [root] broadcast Sending to 1: 20
2025-12-17 02:12:39,623 INFO [root] broadcast Sending to 2: 21
2025-12-17 02:12:39,623 INFO [root] broadcast Sending to 3: 22
2025-12-17 02:12:39,623 INFO [root] broadcast Sending to 4: 23
2025-12-17 02:12:39,623 INFO [root] [0] Starting Batch AVSS. Id: 0, Dealer Id: 1, Client Mode: False
2025-12-17 02:12:39,623 INFO [root] [0] AVSS tag: 1-0-5-B-AVSS
2025-12-17 02:12:39,623 INFO [root] [0] RBC tag: 1-0-5-B-RBC
2025-12-17 02:12:39,623 INFO [root] [0] Starting AVSS with shares_num: 50, dealer_id: 1, client_mode: False
2025-12-17 02:12:39,623 INFO [root] rbc_list: [17, 20, 21, 22, 23]
2025-12-17 02:12:39,623 INFO [root] committee_size: 4
2025-12-17 02:12:39,623 INFO [root] n: 5
2025-12-17 02:12:39,623 INFO [root] f: 1
2025-12-17 02:12:39,623 INFO [root] pid: 0
2025-12-17 02:12:39,623 INFO [root] leader: 1
2025-12-17 02:12:39,623 INFO [root] [0] Received VAL message from 17
2025-12-17 02:12:39,623 INFO [root] entering n == commitee_size + 1
2025-12-17 02:12:39,623 INFO [root] [0] sender: 17, leader: 1
2025-12-17 02:12:39,623 INFO [root] [0] Successfully validated VAL message
2025-12-17 02:12:39,623 INFO [root] [0] Broadcasted ECHO message for roothash b'\xcc\x16\xe1\xc6\x02+\xe7\xf7\x93k\x82\xc1\xe2\x0b\xc7n\x10\xf6\xbbw)\x18s\xc02\xdf?*\x9f\xdfr.'
2025-12-17 02:12:39,623 INFO [root] broadcast Sending to 1: 20
2025-12-17 02:12:39,623 INFO [root] broadcast Sending to 2: 21
2025-12-17 02:12:39,623 INFO [root] broadcast Sending to 3: 22
2025-12-17 02:12:39,624 INFO [root] broadcast Sending to 4: 23
2025-12-17 02:12:39,624 INFO [root] [0] Starting Batch AVSS. Id: 0, Dealer Id: 2, Client Mode: False
2025-12-17 02:12:39,624 INFO [root] [0] AVSS tag: 2-0-5-B-AVSS
2025-12-17 02:12:39,624 INFO [root] [0] RBC tag: 2-0-5-B-RBC
2025-12-17 02:12:39,624 INFO [root] [0] Starting AVSS with shares_num: 50, dealer_id: 2, client_mode: False
2025-12-17 02:12:39,624 INFO [root] rbc_list: [18, 20, 21, 22, 23]
2025-12-17 02:12:39,624 INFO [root] committee_size: 4
2025-12-17 02:12:39,624 INFO [root] n: 5
2025-12-17 02:12:39,624 INFO [root] f: 1
2025-12-17 02:12:39,624 INFO [root] pid: 0
2025-12-17 02:12:39,624 INFO [root] leader: 2
2025-12-17 02:12:39,624 INFO [root] [0] Received VAL message from 18
2025-12-17 02:12:39,624 INFO [root] entering n == commitee_size + 1
2025-12-17 02:12:39,624 INFO [root] [0] sender: 18, leader: 2
2025-12-17 02:12:39,624 INFO [root] [0] Successfully validated VAL message
2025-12-17 02:12:39,624 INFO [root] [0] Broadcasted ECHO message for roothash b'N\xc9G\xdf\xac\xc5\xf5\xc6\xfc\xe5=\x94|\x16\xf1L\xfe\xff+\n\xc3e\xc2\x92\xd7X\xb8\xc1\xb4#\x08\x1a'
2025-12-17 02:12:39,624 INFO [root] broadcast Sending to 1: 20
2025-12-17 02:12:39,624 INFO [root] broadcast Sending to 2: 21
2025-12-17 02:12:39,624 INFO [root] broadcast Sending to 3: 22
2025-12-17 02:12:39,624 INFO [root] broadcast Sending to 4: 23
2025-12-17 02:12:39,624 INFO [root] [0] Starting Batch AVSS. Id: 0, Dealer Id: 3, Client Mode: False
2025-12-17 02:12:39,624 INFO [root] [0] AVSS tag: 3-0-5-B-AVSS
2025-12-17 02:12:39,624 INFO [root] [0] RBC tag: 3-0-5-B-RBC
2025-12-17 02:12:39,624 INFO [root] [0] Starting AVSS with shares_num: 50, dealer_id: 3, client_mode: False
2025-12-17 02:12:39,624 INFO [root] rbc_list: [19, 20, 21, 22, 23]
2025-12-17 02:12:39,624 INFO [root] committee_size: 4
2025-12-17 02:12:39,624 INFO [root] n: 5
2025-12-17 02:12:39,625 INFO [root] f: 1
2025-12-17 02:12:39,625 INFO [root] pid: 0
2025-12-17 02:12:39,625 INFO [root] leader: 3
2025-12-17 02:12:39,625 INFO [root] [0] Received VAL message from 19
2025-12-17 02:12:39,625 INFO [root] entering n == commitee_size + 1
2025-12-17 02:12:39,625 INFO [root] [0] sender: 19, leader: 3
2025-12-17 02:12:39,625 INFO [root] [0] Successfully validated VAL message
2025-12-17 02:12:39,625 INFO [root] [0] Broadcasted ECHO message for roothash b'|\x06\xf7\xa2\x02:\xf2\xe3E\x87\xc5\xd5\\\xf7s\x85\x18\x0e\xdd*\xd8\xb1\xaco\xe5|=\x1e{`Q\x94'
2025-12-17 02:12:39,625 INFO [root] broadcast Sending to 1: 20
2025-12-17 02:12:39,625 INFO [root] broadcast Sending to 2: 21
2025-12-17 02:12:39,625 INFO [root] broadcast Sending to 3: 22
2025-12-17 02:12:39,625 INFO [root] broadcast Sending to 4: 23
2025-12-17 02:12:39,625 INFO [root] [1] Received ECHO message from 20
2025-12-17 02:12:39,625 INFO [root] [0] Received ECHO message from 20
2025-12-17 02:12:39,626 INFO [root] [0] Received ECHO message from 20
2025-12-17 02:12:39,626 INFO [root] [0] Received ECHO message from 20
2025-12-17 02:12:39,626 INFO [root] [1] Received ECHO message from 21
2025-12-17 02:12:39,626 INFO [root] [0] Received ECHO message from 21
2025-12-17 02:12:39,626 INFO [root] [0] Received ECHO message from 21
2025-12-17 02:12:39,626 INFO [root] [0] Received ECHO message from 21
2025-12-17 02:12:39,626 INFO [root] [1] Received ECHO message from 22
2025-12-17 02:12:39,626 INFO [root] [1] Broadcasted READY message for roothash b'\xfa#\xc9P,\xac\xa9L\x87c\x07w\xa9\t\xec\x1e^\t\xce\xad \x7f[\xaaL\xc2zYn\x93\x8d\x87'
2025-12-17 02:12:39,626 INFO [root] broadcast Sending to 1: 20
2025-12-17 02:12:39,626 INFO [root] broadcast Sending to 2: 21
2025-12-17 02:12:39,626 INFO [root] broadcast Sending to 3: 22
2025-12-17 02:12:39,626 INFO [root] broadcast Sending to 4: 23
2025-12-17 02:12:39,626 INFO [root] [1] Received ECHO message from 23
2025-12-17 02:12:39,626 INFO [root] [0] Received ECHO message from 22
2025-12-17 02:12:39,626 INFO [root] [0] Broadcasted READY message for roothash b'\xcc\x16\xe1\xc6\x02+\xe7\xf7\x93k\x82\xc1\xe2\x0b\xc7n\x10\xf6\xbbw)\x18s\xc02\xdf?*\x9f\xdfr.'
2025-12-17 02:12:39,627 INFO [root] broadcast Sending to 1: 20
2025-12-17 02:12:39,627 INFO [root] broadcast Sending to 2: 21
2025-12-17 02:12:39,627 INFO [root] broadcast Sending to 3: 22
2025-12-17 02:12:39,627 INFO [root] broadcast Sending to 4: 23
2025-12-17 02:12:39,627 INFO [root] [0] Received ECHO message from 23
2025-12-17 02:12:39,627 INFO [root] [0] Received ECHO message from 22
2025-12-17 02:12:39,627 INFO [root] [0] Broadcasted READY message for roothash b'N\xc9G\xdf\xac\xc5\xf5\xc6\xfc\xe5=\x94|\x16\xf1L\xfe\xff+\n\xc3e\xc2\x92\xd7X\xb8\xc1\xb4#\x08\x1a'
2025-12-17 02:12:39,627 INFO [root] broadcast Sending to 1: 20
2025-12-17 02:12:39,627 INFO [root] broadcast Sending to 2: 21
2025-12-17 02:12:39,627 INFO [root] broadcast Sending to 3: 22
2025-12-17 02:12:39,627 INFO [root] broadcast Sending to 4: 23
2025-12-17 02:12:39,627 INFO [root] [0] Received ECHO message from 23
2025-12-17 02:12:39,627 INFO [root] [0] Received ECHO message from 22
2025-12-17 02:12:39,627 INFO [root] [0] Broadcasted READY message for roothash b'|\x06\xf7\xa2\x02:\xf2\xe3E\x87\xc5\xd5\\\xf7s\x85\x18\x0e\xdd*\xd8\xb1\xaco\xe5|=\x1e{`Q\x94'
2025-12-17 02:12:39,627 INFO [root] broadcast Sending to 1: 20
2025-12-17 02:12:39,627 INFO [root] broadcast Sending to 2: 21
2025-12-17 02:12:39,627 INFO [root] broadcast Sending to 3: 22
2025-12-17 02:12:39,627 INFO [root] broadcast Sending to 4: 23
2025-12-17 02:12:39,627 INFO [root] [0] Received ECHO message from 23
2025-12-17 02:12:39,627 INFO [root] [1] Received READY message from 20
2025-12-17 02:12:39,627 INFO [root] [0] Received READY message from 20
2025-12-17 02:12:39,627 INFO [root] [0] Received READY message from 20
2025-12-17 02:12:39,627 INFO [root] [0] Received READY message from 20
2025-12-17 02:12:39,628 INFO [root] [1] Received READY message from 22
2025-12-17 02:12:39,628 INFO [root] [1] Received READY message from 23
2025-12-17 02:12:39,628 INFO [root] Decoding output for roothash: b'\xfa#\xc9P,\xac\xa9L\x87c\x07w\xa9\t\xec\x1e^\t\xce\xad \x7f[\xaaL\xc2zYn\x93\x8d\x87'
2025-12-17 02:12:39,628 INFO [root] [0] Received RBC message
2025-12-17 02:12:39,629 INFO [root] multicast list: [20, 21, 22, 23]
2025-12-17 02:12:39,629 INFO [root] before avid.retrieve
2025-12-17 02:12:39,629 INFO [root] [0] Received READY message from 22
2025-12-17 02:12:39,629 INFO [root] [0] Received READY message from 23
2025-12-17 02:12:39,629 INFO [root] Decoding output for roothash: b'\xcc\x16\xe1\xc6\x02+\xe7\xf7\x93k\x82\xc1\xe2\x0b\xc7n\x10\xf6\xbbw)\x18s\xc02\xdf?*\x9f\xdfr.'
2025-12-17 02:12:39,629 INFO [root] [0] Received RBC message
2025-12-17 02:12:39,629 INFO [root] multicast list: [20, 21, 22, 23]
2025-12-17 02:12:39,629 INFO [root] before avid.retrieve
2025-12-17 02:12:39,629 INFO [root] [0] Received READY message from 22
2025-12-17 02:12:39,629 INFO [root] [0] Received READY message from 21
2025-12-17 02:12:39,629 INFO [root] Decoding output for roothash: b'N\xc9G\xdf\xac\xc5\xf5\xc6\xfc\xe5=\x94|\x16\xf1L\xfe\xff+\n\xc3e\xc2\x92\xd7X\xb8\xc1\xb4#\x08\x1a'
2025-12-17 02:12:39,629 INFO [root] [0] Received RBC message
2025-12-17 02:12:39,629 INFO [root] multicast list: [20, 21, 22, 23]
2025-12-17 02:12:39,630 INFO [root] before avid.retrieve
2025-12-17 02:12:39,630 INFO [root] [0] Received READY message from 22
2025-12-17 02:12:39,630 INFO [root] [0] Received READY message from 21
2025-12-17 02:12:39,630 INFO [root] Decoding output for roothash: b'|\x06\xf7\xa2\x02:\xf2\xe3E\x87\xc5\xd5\\\xf7s\x85\x18\x0e\xdd*\xd8\xb1\xaco\xe5|=\x1e{`Q\x94'
2025-12-17 02:12:39,630 INFO [root] [0] Received RBC message
2025-12-17 02:12:39,630 INFO [root] multicast list: [20, 21, 22, 23]
2025-12-17 02:12:39,630 INFO [root] before avid.retrieve
2025-12-17 02:12:39,630 INFO [root] AVID broadcast to 1: 20
2025-12-17 02:12:39,630 INFO [root] AVID broadcast to 2: 21
2025-12-17 02:12:39,630 INFO [root] AVID broadcast to 3: 22
2025-12-17 02:12:39,630 INFO [root] AVID broadcast to 4: 23
2025-12-17 02:12:39,631 INFO [root] AVID broadcast to 1: 20
2025-12-17 02:12:39,631 INFO [root] AVID broadcast to 2: 21
2025-12-17 02:12:39,631 INFO [root] AVID broadcast to 3: 22
2025-12-17 02:12:39,631 INFO [root] AVID broadcast to 4: 23
2025-12-17 02:12:39,631 INFO [root] AVID broadcast to 1: 20
2025-12-17 02:12:39,631 INFO [root] AVID broadcast to 2: 21
2025-12-17 02:12:39,631 INFO [root] AVID broadcast to 3: 22
2025-12-17 02:12:39,631 INFO [root] AVID broadcast to 4: 23
2025-12-17 02:12:39,631 INFO [root] AVID broadcast to 1: 20
2025-12-17 02:12:39,631 INFO [root] AVID broadcast to 2: 21
2025-12-17 02:12:39,631 INFO [root] AVID broadcast to 3: 22
2025-12-17 02:12:39,631 INFO [root] AVID broadcast to 4: 23
2025-12-17 02:12:39,632 INFO [root] AVID broadcast to 1: 20
2025-12-17 02:12:39,632 INFO [root] AVID broadcast to 2: 21
2025-12-17 02:12:39,632 INFO [root] AVID broadcast to 3: 22
2025-12-17 02:12:39,632 INFO [root] AVID broadcast to 4: 23
2025-12-17 02:12:39,632 INFO [root] AVID broadcast to 1: 20
2025-12-17 02:12:39,632 INFO [root] AVID broadcast to 2: 21
2025-12-17 02:12:39,632 INFO [root] AVID broadcast to 3: 22
2025-12-17 02:12:39,632 INFO [root] AVID broadcast to 4: 23
2025-12-17 02:12:39,633 INFO [root] AVID broadcast to 1: 20
2025-12-17 02:12:39,633 INFO [root] AVID broadcast to 2: 21
2025-12-17 02:12:39,633 INFO [root] AVID broadcast to 3: 22
2025-12-17 02:12:39,633 INFO [root] AVID broadcast to 4: 23
2025-12-17 02:12:39,633 INFO [root] AVID broadcast to 1: 20
2025-12-17 02:12:39,633 INFO [root] AVID broadcast to 2: 21
2025-12-17 02:12:39,633 INFO [root] AVID broadcast to 3: 22
2025-12-17 02:12:39,633 INFO [root] AVID broadcast to 4: 23
2025-12-17 02:12:39,634 INFO [root] 0-0-5-B-AVSS 0 RETRIEVE called.
2025-12-17 02:12:39,634 INFO [root] AVID broadcast to 1: 20
2025-12-17 02:12:39,634 INFO [root] AVID broadcast to 2: 21
2025-12-17 02:12:39,634 INFO [root] AVID broadcast to 3: 22
2025-12-17 02:12:39,634 INFO [root] AVID broadcast to 4: 23
2025-12-17 02:12:39,634 INFO [root] 0-0-5-B-AVSS 0 RETRIEVE broadcasted.
2025-12-17 02:12:39,634 INFO [root] 1-0-5-B-AVSS 0 RETRIEVE called.
2025-12-17 02:12:39,634 INFO [root] AVID broadcast to 1: 20
2025-12-17 02:12:39,634 INFO [root] AVID broadcast to 2: 21
2025-12-17 02:12:39,634 INFO [root] AVID broadcast to 3: 22
2025-12-17 02:12:39,634 INFO [root] AVID broadcast to 4: 23
2025-12-17 02:12:39,634 INFO [root] 1-0-5-B-AVSS 0 RETRIEVE broadcasted.
2025-12-17 02:12:39,634 INFO [root] 2-0-5-B-AVSS 0 RETRIEVE called.
2025-12-17 02:12:39,634 INFO [root] AVID broadcast to 1: 20
2025-12-17 02:12:39,634 INFO [root] AVID broadcast to 2: 21
2025-12-17 02:12:39,634 INFO [root] AVID broadcast to 3: 22
2025-12-17 02:12:39,634 INFO [root] AVID broadcast to 4: 23
2025-12-17 02:12:39,634 INFO [root] 2-0-5-B-AVSS 0 RETRIEVE broadcasted.
2025-12-17 02:12:39,634 INFO [root] 3-0-5-B-AVSS 0 RETRIEVE called.
2025-12-17 02:12:39,634 INFO [root] AVID broadcast to 1: 20
2025-12-17 02:12:39,634 INFO [root] AVID broadcast to 2: 21
2025-12-17 02:12:39,635 INFO [root] AVID broadcast to 3: 22
2025-12-17 02:12:39,635 INFO [root] AVID broadcast to 4: 23
2025-12-17 02:12:39,635 INFO [root] 3-0-5-B-AVSS 0 RETRIEVE broadcasted.
2025-12-17 02:12:39,635 INFO [root] disperse msid: 0-0-5-B-AVSS, index: 0
2025-12-17 02:12:39,635 INFO [root] AVID retrieve called with sid: 0-0-5-B-AVID, index: 0
2025-12-17 02:12:39,635 INFO [root] disperse msid: 1-0-5-B-AVSS, index: 0
2025-12-17 02:12:39,635 INFO [root] AVID retrieve called with sid: 1-0-5-B-AVID, index: 0
2025-12-17 02:12:39,635 INFO [root] disperse msid: 2-0-5-B-AVSS, index: 0
2025-12-17 02:12:39,635 INFO [root] AVID retrieve called with sid: 2-0-5-B-AVID, index: 0
2025-12-17 02:12:39,635 INFO [root] disperse msid: 3-0-5-B-AVSS, index: 0
2025-12-17 02:12:39,635 INFO [root] AVID retrieve called with sid: 3-0-5-B-AVID, index: 0
2025-12-17 02:12:39,636 INFO [root] 0-0-5-B-AVSS 0 AVID retrieve msg from 20
2025-12-17 02:12:39,636 INFO [root] AVID retrieve response received
num_generators 50
padded_num_generators 64
2025-12-17 02:12:39,636 INFO [root] retrieve msid: 0-0-5-B-AVID, response_index: 0
2025-12-17 02:12:39,636 INFO [root] RESPONSE from 20
2025-12-17 02:12:39,636 INFO [root] sender self.committee_size: 0
2025-12-17 02:12:39,636 INFO [root] 1-0-5-B-AVSS 0 AVID retrieve msg from 20
2025-12-17 02:12:39,636 INFO [root] AVID retrieve response received
2025-12-17 02:12:39,636 INFO [root] retrieve msid: 1-0-5-B-AVID, response_index: 0
2025-12-17 02:12:39,636 INFO [root] RESPONSE from 20
2025-12-17 02:12:39,636 INFO [root] sender self.committee_size: 0
2025-12-17 02:12:39,636 INFO [root] 2-0-5-B-AVSS 0 AVID retrieve msg from 20
2025-12-17 02:12:39,636 INFO [root] AVID retrieve response received
2025-12-17 02:12:39,636 INFO [root] retrieve msid: 2-0-5-B-AVID, response_index: 0
2025-12-17 02:12:39,636 INFO [root] RESPONSE from 20
2025-12-17 02:12:39,636 INFO [root] sender self.committee_size: 0
2025-12-17 02:12:39,636 INFO [root] 3-0-5-B-AVSS 0 AVID retrieve msg from 20
2025-12-17 02:12:39,636 INFO [root] AVID retrieve response received
2025-12-17 02:12:39,636 INFO [root] retrieve msid: 3-0-5-B-AVID, response_index: 0
2025-12-17 02:12:39,636 INFO [root] RESPONSE from 20
2025-12-17 02:12:39,636 INFO [root] sender self.committee_size: 0
2025-12-17 02:12:39,636 INFO [root] disperse msid: 0-0-5-B-AVSS, index: 2
2025-12-17 02:12:39,636 INFO [root] AVID retrieve called with sid: 0-0-5-B-AVID, index: 2
2025-12-17 02:12:39,637 INFO [root] disperse msid: 0-0-5-B-AVSS, index: 1
2025-12-17 02:12:39,637 INFO [root] AVID retrieve called with sid: 0-0-5-B-AVID, index: 1
2025-12-17 02:12:39,637 INFO [root] disperse msid: 0-0-5-B-AVSS, index: 3
2025-12-17 02:12:39,637 INFO [root] AVID retrieve called with sid: 0-0-5-B-AVID, index: 3
2025-12-17 02:12:39,637 INFO [root] disperse msid: 1-0-5-B-AVSS, index: 2
2025-12-17 02:12:39,637 INFO [root] AVID retrieve called with sid: 1-0-5-B-AVID, index: 2
2025-12-17 02:12:39,637 INFO [root] disperse msid: 1-0-5-B-AVSS, index: 3
2025-12-17 02:12:39,637 INFO [root] AVID retrieve called with sid: 1-0-5-B-AVID, index: 3
2025-12-17 02:12:39,637 INFO [root] disperse msid: 1-0-5-B-AVSS, index: 1
2025-12-17 02:12:39,637 INFO [root] AVID retrieve called with sid: 1-0-5-B-AVID, index: 1
2025-12-17 02:12:39,637 INFO [root] disperse msid: 2-0-5-B-AVSS, index: 2
2025-12-17 02:12:39,637 INFO [root] AVID retrieve called with sid: 2-0-5-B-AVID, index: 2
2025-12-17 02:12:39,637 INFO [root] disperse msid: 2-0-5-B-AVSS, index: 3
2025-12-17 02:12:39,637 INFO [root] AVID retrieve called with sid: 2-0-5-B-AVID, index: 3
2025-12-17 02:12:39,637 INFO [root] disperse msid: 2-0-5-B-AVSS, index: 1
2025-12-17 02:12:39,637 INFO [root] AVID retrieve called with sid: 2-0-5-B-AVID, index: 1
2025-12-17 02:12:39,637 INFO [root] disperse msid: 3-0-5-B-AVSS, index: 2
2025-12-17 02:12:39,637 INFO [root] AVID retrieve called with sid: 3-0-5-B-AVID, index: 2
2025-12-17 02:12:39,637 INFO [root] disperse msid: 3-0-5-B-AVSS, index: 3
2025-12-17 02:12:39,637 INFO [root] AVID retrieve called with sid: 3-0-5-B-AVID, index: 3
2025-12-17 02:12:39,637 INFO [root] disperse msid: 3-0-5-B-AVSS, index: 1
2025-12-17 02:12:39,637 INFO [root] AVID retrieve called with sid: 3-0-5-B-AVID, index: 1
2025-12-17 02:12:39,638 INFO [root] 0-0-5-B-AVSS 0 AVID retrieve msg from 22
2025-12-17 02:12:39,638 INFO [root] AVID retrieve response received
2025-12-17 02:12:39,638 INFO [root] retrieve msid: 0-0-5-B-AVID, response_index: 0
2025-12-17 02:12:39,638 INFO [root] RESPONSE from 22
2025-12-17 02:12:39,638 INFO [root] sender self.committee_size: 2
2025-12-17 02:12:39,639 INFO [root] 0-0-5-B-AVSS 0 RETRIEVE complete.
2025-12-17 02:12:39,639 INFO [root] after avid.retrieve dispersal_msg
2025-12-17 02:12:39,639 INFO [root] Handling dealer messages for dealer_id: 0, tag: 0-0-5-B-AVSS
2025-12-17 02:12:39,640 INFO [beaver.hbacss] [PedersenCommit] invoking pyPedersenCommit...
2025-12-17 02:12:39,687 INFO [beaver.hbacss] verifier_result_json: {"verified":true}
2025-12-17 02:12:39,692 INFO [root] inner product verified successfully
2025-12-17 02:12:39,702 INFO [root] shares verified successfully
2025-12-17 02:12:39,702 INFO [root] all_shares_valid: True
2025-12-17 02:12:39,702 INFO [root] after _handle_dealer_msgs, all_shares_valid
2025-12-17 02:12:39,702 INFO [root] self.tagvars[tag]['all_shares_valid']: True
2025-12-17 02:12:39,702 INFO [root] multicast to 20
2025-12-17 02:12:39,702 INFO [root] multicast to 21
2025-12-17 02:12:39,702 INFO [root] multicast to 22
2025-12-17 02:12:39,702 INFO [root] multicast to 23
2025-12-17 02:12:39,703 INFO [root] [0] Received OK from [20]
2025-12-17 02:12:39,703 INFO [root] [0] OK set: {20}
2025-12-17 02:12:39,703 INFO [root] output: True
2025-12-17 02:12:39,703 INFO [root] [0] Received OK from [22]
2025-12-17 02:12:39,703 INFO [root] [0] OK set: {20, 22}
2025-12-17 02:12:39,703 INFO [root] output: True
2025-12-17 02:12:39,703 INFO [root] [0] Received OK from [21]
2025-12-17 02:12:39,703 INFO [root] [0] OK set: {20, 21, 22}
2025-12-17 02:12:39,703 INFO [root] output: True
2025-12-17 02:12:39,704 INFO [root] 1-0-5-B-AVSS 0 AVID retrieve msg from 22
2025-12-17 02:12:39,704 INFO [root] AVID retrieve response received
2025-12-17 02:12:39,704 INFO [root] retrieve msid: 1-0-5-B-AVID, response_index: 0
2025-12-17 02:12:39,704 INFO [root] RESPONSE from 22
2025-12-17 02:12:39,704 INFO [root] sender self.committee_size: 2
2025-12-17 02:12:39,704 INFO [root] 1-0-5-B-AVSS 0 RETRIEVE complete.
2025-12-17 02:12:39,704 INFO [root] after avid.retrieve dispersal_msg
2025-12-17 02:12:39,704 INFO [root] Handling dealer messages for dealer_id: 1, tag: 1-0-5-B-AVSS
2025-12-17 02:12:39,705 INFO [beaver.hbacss] [PedersenCommit] invoking pyPedersenCommit...
num_generators 50
padded_num_generators 64
2025-12-17 02:12:39,751 INFO [beaver.hbacss] verifier_result_json: {"verified":true}
2025-12-17 02:12:39,755 INFO [root] inner product verified successfully
2025-12-17 02:12:39,766 INFO [root] shares verified successfully
2025-12-17 02:12:39,766 INFO [root] all_shares_valid: True
2025-12-17 02:12:39,766 INFO [root] after _handle_dealer_msgs, all_shares_valid
2025-12-17 02:12:39,766 INFO [root] self.tagvars[tag]['all_shares_valid']: True
2025-12-17 02:12:39,766 INFO [root] multicast to 20
2025-12-17 02:12:39,766 INFO [root] multicast to 21
2025-12-17 02:12:39,766 INFO [root] multicast to 22
2025-12-17 02:12:39,766 INFO [root] multicast to 23
2025-12-17 02:12:39,766 INFO [root] 2-0-5-B-AVSS 0 AVID retrieve msg from 22
2025-12-17 02:12:39,766 INFO [root] AVID retrieve response received
2025-12-17 02:12:39,766 INFO [root] retrieve msid: 2-0-5-B-AVID, response_index: 0
2025-12-17 02:12:39,766 INFO [root] RESPONSE from 22
2025-12-17 02:12:39,766 INFO [root] sender self.committee_size: 2
2025-12-17 02:12:39,767 INFO [root] 2-0-5-B-AVSS 0 RETRIEVE complete.
2025-12-17 02:12:39,767 INFO [root] after avid.retrieve dispersal_msg
2025-12-17 02:12:39,767 INFO [root] Handling dealer messages for dealer_id: 2, tag: 2-0-5-B-AVSS
2025-12-17 02:12:39,767 INFO [beaver.hbacss] [PedersenCommit] invoking pyPedersenCommit...
num_generators 50
padded_num_generators 64
2025-12-17 02:12:39,813 INFO [beaver.hbacss] verifier_result_json: {"verified":true}
2025-12-17 02:12:39,818 INFO [root] inner product verified successfully
2025-12-17 02:12:39,828 INFO [root] shares verified successfully
2025-12-17 02:12:39,828 INFO [root] all_shares_valid: True
2025-12-17 02:12:39,828 INFO [root] after _handle_dealer_msgs, all_shares_valid
2025-12-17 02:12:39,828 INFO [root] self.tagvars[tag]['all_shares_valid']: True
2025-12-17 02:12:39,828 INFO [root] multicast to 20
2025-12-17 02:12:39,828 INFO [root] multicast to 21
2025-12-17 02:12:39,829 INFO [root] multicast to 22
2025-12-17 02:12:39,829 INFO [root] multicast to 23
2025-12-17 02:12:39,829 INFO [root] 3-0-5-B-AVSS 0 AVID retrieve msg from 22
2025-12-17 02:12:39,829 INFO [root] AVID retrieve response received
2025-12-17 02:12:39,829 INFO [root] retrieve msid: 3-0-5-B-AVID, response_index: 0
2025-12-17 02:12:39,829 INFO [root] RESPONSE from 22
2025-12-17 02:12:39,829 INFO [root] sender self.committee_size: 2
2025-12-17 02:12:39,829 INFO [root] 3-0-5-B-AVSS 0 RETRIEVE complete.
2025-12-17 02:12:39,829 INFO [root] after avid.retrieve dispersal_msg
2025-12-17 02:12:39,829 INFO [root] Handling dealer messages for dealer_id: 3, tag: 3-0-5-B-AVSS
2025-12-17 02:12:39,830 INFO [beaver.hbacss] [PedersenCommit] invoking pyPedersenCommit...
num_generators 50
padded_num_generators 64
2025-12-17 02:12:39,876 INFO [beaver.hbacss] verifier_result_json: {"verified":true}
2025-12-17 02:12:39,880 INFO [root] inner product verified successfully
2025-12-17 02:12:39,890 INFO [root] shares verified successfully
2025-12-17 02:12:39,891 INFO [root] all_shares_valid: True
2025-12-17 02:12:39,891 INFO [root] after _handle_dealer_msgs, all_shares_valid
2025-12-17 02:12:39,891 INFO [root] self.tagvars[tag]['all_shares_valid']: True
2025-12-17 02:12:39,891 INFO [root] multicast to 20
2025-12-17 02:12:39,891 INFO [root] multicast to 21
2025-12-17 02:12:39,891 INFO [root] multicast to 22
2025-12-17 02:12:39,891 INFO [root] multicast to 23
2025-12-17 02:12:39,891 INFO [root] key_proposal: [0, 1, 2, 3]
2025-12-17 02:12:39,892 INFO [beaver.batch_multiplication] [0] [random shares] Starting ACS where node 1 is set as leader 
2025-12-17 02:12:39,892 INFO [beaver.batch_multiplication] [0] [random shares] The proposal of node 0 is [0, 1, 2, 3]
2025-12-17 02:12:39,892 INFO [root] enter handle_message
2025-12-17 02:12:39,892 INFO [root] [0] Received OK from [20]
2025-12-17 02:12:39,892 INFO [root] [0] OK set: {20}
2025-12-17 02:12:39,892 INFO [root] output: True
2025-12-17 02:12:39,892 INFO [root] [0] Received OK from [20]
2025-12-17 02:12:39,892 INFO [root] [0] OK set: {20}
2025-12-17 02:12:39,892 INFO [root] output: True
2025-12-17 02:12:39,892 INFO [root] [0] Received OK from [20]
2025-12-17 02:12:39,892 INFO [root] [0] OK set: {20}
2025-12-17 02:12:39,892 INFO [root] output: True
2025-12-17 02:12:39,892 INFO [root] [0] Received OK from [23]
2025-12-17 02:12:39,892 INFO [root] [0] OK set: {20, 23}
2025-12-17 02:12:39,892 INFO [root] output: True
2025-12-17 02:12:39,892 INFO [root] [0] Received OK from [21]
2025-12-17 02:12:39,893 INFO [root] [0] OK set: {20, 21, 23}
2025-12-17 02:12:39,893 INFO [root] output: True
2025-12-17 02:12:39,893 INFO [root] [0] Received OK from [22]
2025-12-17 02:12:39,893 INFO [root] [0] OK set: {20, 21, 22, 23}
2025-12-17 02:12:39,893 INFO [root] output: True
2025-12-17 02:12:39,893 INFO [root] [0] exit
2025-12-17 02:12:39,893 INFO [root] [0] Received OK from [23]
2025-12-17 02:12:39,893 INFO [root] [0] OK set: {20, 21, 22, 23}
2025-12-17 02:12:39,893 INFO [root] output: True
2025-12-17 02:12:39,893 INFO [root] [0] exit
2025-12-17 02:12:39,893 INFO [root] [0] Received OK from [23]
2025-12-17 02:12:39,893 INFO [root] [0] OK set: {20, 23}
2025-12-17 02:12:39,893 INFO [root] output: True
2025-12-17 02:12:39,893 INFO [root] [0] Received OK from [22]
2025-12-17 02:12:39,893 INFO [root] [0] OK set: {20, 22, 23}
2025-12-17 02:12:39,893 INFO [root] output: True
2025-12-17 02:12:39,893 INFO [root] [0] Received OK from [21]
2025-12-17 02:12:39,893 INFO [root] [0] OK set: {20, 21, 22, 23}
2025-12-17 02:12:39,893 INFO [root] output: True
2025-12-17 02:12:39,893 INFO [root] [0] exit
2025-12-17 02:12:39,893 INFO [root] [0] Received OK from [23]
2025-12-17 02:12:39,893 INFO [root] [0] OK set: {20, 23}
2025-12-17 02:12:39,893 INFO [root] output: True
2025-12-17 02:12:39,893 INFO [root] [0] Received OK from [22]
2025-12-17 02:12:39,893 INFO [root] [0] OK set: {20, 22, 23}
2025-12-17 02:12:39,893 INFO [root] output: True
2025-12-17 02:12:39,893 INFO [root] [0] Received OK from [21]
2025-12-17 02:12:39,893 INFO [root] [0] OK set: {20, 21, 22, 23}
2025-12-17 02:12:39,893 INFO [root] output: True
2025-12-17 02:12:39,893 INFO [root] [0] exit
2025-12-17 02:12:39,894 INFO [root] [0] otmvba msg value
2025-12-17 02:12:39,894 INFO [root] [0] otmvba handle value message
2025-12-17 02:12:39,894 INFO [root] [0] value-self.acss_outputs.keys():dict_keys([0, 1, 2, 3])
2025-12-17 02:12:39,895 INFO [root] [0] --Directly send the proposal!--
2025-12-17 02:12:39,927 INFO [root] [0] otmvba msg PrevoteQC
2025-12-17 02:12:39,927 INFO [root] [0] otmvba handle prevote qc message
2025-12-17 02:12:39,981 INFO [root] [0] otmvba msg VoteQC
2025-12-17 02:12:39,981 INFO [root] [0] otmvba handle vote qc message
2025-12-17 02:12:39,989 INFO [root] [0] otmvba Broadcasting to 20
2025-12-17 02:12:39,989 INFO [root] [0] otmvba Broadcasting to 21
2025-12-17 02:12:39,989 INFO [root] [0] otmvba Broadcasting to 22
2025-12-17 02:12:39,989 INFO [root] [0] otmvba Broadcasting to 23
2025-12-17 02:12:39,989 INFO [root] [0] otmvba msg Terminate
2025-12-17 02:12:39,989 INFO [root] [0] otmvba handle terminate message
2025-12-17 02:12:39,997 INFO [root] [0] otmvba Broadcasting to 20
2025-12-17 02:12:39,997 INFO [root] [0] otmvba Broadcasting to 21
2025-12-17 02:12:39,997 INFO [root] [0] otmvba Broadcasting to 22
2025-12-17 02:12:39,997 INFO [root] [0] otmvba Broadcasting to 23
2025-12-17 02:12:39,997 INFO [beaver.batch_multiplication] [0] [random shares] The ACS set is [0, 1, 2, 3]
2025-12-17 02:12:39,997 INFO [root] common: [0, 1, 2, 3]
2025-12-17 02:12:40,029 INFO [beaver.batch_multiplication] [0] [asynchronous batch multiplication] Finished! Node 0, total number: 50, time: 0.4067070484161377 (seconds)
2025-12-17 02:12:40,030 INFO [root] layer ID: 5 mul_foll_time: 0.40807676315307617
2025-12-17 02:12:40,030 INFO [root] layer ID: 5 trusted_verification_time: 5.117154836654663
2025-12-17 02:12:40,032 INFO [root] layer ID: 5 add_outputs length: 50
2025-12-17 02:12:40,032 INFO [root] layer ID: 5 exec_time: 0.0025377273559570312
2025-12-17 02:12:40,033 INFO [beaver.transfer] [0] Starting DynamicTransfer
2025-12-17 02:12:40,033 INFO [beaver.transfer] [0] Starting ACSS to share 50 secrets
2025-12-17 02:12:40,033 INFO [root] [0] [asynchronous dynamic transfer] Layer ID: 5
2025-12-17 02:12:40,033 INFO [root] public_keys: [{'X': '3637779129908939497796737364426169983936216016560739414870262082784932717160357110477575946509185216442855721914729', 'Y': '818595382570782131955971645296344301806725613231544210280183076574023975020501438627806073229587686646495743933310'}, {'X': '806566082242413752575347400430093530104028083788500818400737218022856291618814899440275337888256822516797738624401', 'Y': '2228902957269228025238079460145258405633047206380188595442313479427837226150062665663130214863701718036113677597494'}, {'X': '134339058701069189581047286730830020105040794122507613190427926314773407114844923596801618490220362553520286251610', 'Y': '2320813832215505832920390941487830807802549287852218351702714187055237220371339917810059808668939275349737144111115'}, {'X': '1994207644324258161711846611079765517765708818627119652296093302558407571508425084049833594473345898325221203487970', 'Y': '2848979448945466282574788641124014850907558784652430497444085971022925540802463311011864244976923530460230860972436'}]
2025-12-17 02:12:40,033 INFO [root] layer ID: 5 trans_pre_time: 0.0011305809020996094
2025-12-17 02:12:40,034 INFO [root] [0] AVSS tag: 0-0-6-B-AVSS
2025-12-17 02:12:40,034 INFO [root] [0] RBC tag: 0-0-6-B-RBC
2025-12-17 02:12:40,034 INFO [root] enter avss_with_aggtransfer
g = {[6679831729115696150 8653662730902241269 1535610680227111361 17342916647841752903 17135755455211762752 1297449291367578485] [13451288730302620273 10097742279870053774 15949884091978425806 5885175747529691540 1016841820992199104 845620083434234474]}
h = {[13794385998538644597 108816626937764141 12130603454454490125 6127379912259600201 17481961476035825978 950355161936836191] [10722765800778186391 17107915684035394744 11626309118465119103 5217919199071354366 6102759180633827794 660535627654889709]}
Equal? false
2025-12-17 02:12:40,182 INFO [root] self.msgmode: avss_with_aggtransfer
2025-12-17 02:12:40,183 INFO [beaver.batch_multiplication] [0] Starting BatchMultiplication
num_generators 50
2025-12-17 02:12:40,394 INFO [beaver.batch_multiplication] Proof hex length: 9288
2025-12-17 02:12:40,394 INFO [beaver.batch_multiplication] Proof size (bytes): 4644
2025-12-17 02:12:40,394 INFO [beaver.batch_multiplication] Proof size (strict bytes): 4644
2025-12-17 02:12:40,394 INFO [beaver.batch_multiplication] [0] Starting ACSS to evaluate 50 multiplication gates
2025-12-17 02:12:40,394 INFO [root] rbc_list: [20, 24, 25, 26, 27]
2025-12-17 02:12:40,394 INFO [root] committee_size: 4
2025-12-17 02:12:40,394 INFO [root] n: 5
2025-12-17 02:12:40,394 INFO [root] f: 1
2025-12-17 02:12:40,394 INFO [root] pid: 0
2025-12-17 02:12:40,394 INFO [root] leader: 0
2025-12-17 02:12:40,394 INFO [root] [0] Sending to 0: 24
2025-12-17 02:12:40,395 INFO [root] [0] Sending to 1: 25
2025-12-17 02:12:40,395 INFO [root] [0] Sending to 2: 26
2025-12-17 02:12:40,395 INFO [root] [0] Sending to 3: 27
2025-12-17 02:12:40,395 INFO [root] [0] Starting AVID disperse
2025-12-17 02:12:40,395 INFO [root] public_keys: [{'X': '3637779129908939497796737364426169983936216016560739414870262082784932717160357110477575946509185216442855721914729', 'Y': '818595382570782131955971645296344301806725613231544210280183076574023975020501438627806073229587686646495743933310'}, {'X': '806566082242413752575347400430093530104028083788500818400737218022856291618814899440275337888256822516797738624401', 'Y': '2228902957269228025238079460145258405633047206380188595442313479427837226150062665663130214863701718036113677597494'}, {'X': '134339058701069189581047286730830020105040794122507613190427926314773407114844923596801618490220362553520286251610', 'Y': '2320813832215505832920390941487830807802549287852218351702714187055237220371339917810059808668939275349737144111115'}, {'X': '1994207644324258161711846611079765517765708818627119652296093302558407571508425084049833594473345898325221203487970', 'Y': '2848979448945466282574788641124014850907558784652430497444085971022925540802463311011864244976923530460230860972436'}]
2025-12-17 02:12:40,395 INFO [root] layer ID: 5 mul_pre_time: 0.36157703399658203
2025-12-17 02:12:40,395 INFO [root] layer ID: 5 layer_time: 5.482680082321167
2025-12-17 02:12:40,396 INFO [root] [0] Dispersed VAL message to committee
2025-12-17 02:12:40,396 INFO [root] [0] AVSS tag: 0-0-6-B-AVSS
2025-12-17 02:12:40,396 INFO [root] [0] RBC tag: 0-0-6-B-RBC
g = {[6679831729115696150 8653662730902241269 1535610680227111361 17342916647841752903 17135755455211762752 1297449291367578485] [13451288730302620273 10097742279870053774 15949884091978425806 5885175747529691540 1016841820992199104 845620083434234474]}
h = {[13794385998538644597 108816626937764141 12130603454454490125 6127379912259600201 17481961476035825978 950355161936836191] [10722765800778186391 17107915684035394744 11626309118465119103 5217919199071354366 6102759180633827794 660535627654889709]}
Equal? false
2025-12-17 02:12:40,576 INFO [root] self.msgmode: avss_with_aggbatch_multiplication
2025-12-17 02:12:40,577 INFO [root] rbc_list: [20, 24, 25, 26, 27]
2025-12-17 02:12:40,577 INFO [root] committee_size: 4
2025-12-17 02:12:40,577 INFO [root] n: 5
2025-12-17 02:12:40,577 INFO [root] f: 1
2025-12-17 02:12:40,577 INFO [root] pid: 0
2025-12-17 02:12:40,577 INFO [root] leader: 0
2025-12-17 02:12:40,577 INFO [root] [0] Sending to 0: 24
2025-12-17 02:12:40,577 INFO [root] [0] Sending to 1: 25
2025-12-17 02:12:40,577 INFO [root] [0] Sending to 2: 26
2025-12-17 02:12:40,577 INFO [root] [0] Sending to 3: 27
2025-12-17 02:12:40,578 INFO [root] [0] Starting AVID disperse
2025-12-17 02:12:40,580 INFO [root] [0] Dispersed VAL message to committee
my_send_id: 20 exec_time: 10.48402452468872
2025-12-17 02:12:50,395 INFO [root] [0] Bytes Sent: TR5:302942 which is 14.714%
2025-12-17 02:12:50,395 INFO [root] [0] Bytes Sent: M5:652604 which is 31.698%
2025-12-17 02:12:50,395 INFO [root] [0] Bytes Sent: TR6:318584 which is 15.474%
2025-12-17 02:12:50,395 INFO [root] [0] Bytes Sent: M6:784688 which is 38.114%
2025-12-17 02:12:50,395 INFO [root] [0] Total bytes sent out aa: 2058818
2025-12-17 02:12:50,397 INFO [benchmark_logger] Total bytes sent out: 2058818
2025-12-17 02:12:50,406 ERROR [asyncio] Task was destroyed but it is pending!
task: <Task pending name='Task-35' coro=<subscribe_recv.<locals>._recv_loop() running at /opt/dumbo-mpc/dumbo-mpc/AsyRanTriGen/beaver/utils/misc.py:89> wait_for=<Future pending cb=[<TaskWakeupMethWrapper object at 0x7f1d5c2e10a0>()]>>
Exception ignored in: <coroutine object subscribe_recv.<locals>._recv_loop at 0x7f1d5c40cbc0>
Traceback (most recent call last):
  File "/opt/dumbo-mpc/dumbo-mpc/AsyRanTriGen/beaver/utils/misc.py", line 89, in _recv_loop
    j, (tag, o) = await recv()
  File "/usr/lib/python3.8/asyncio/queues.py", line 165, in get
    getter.cancel()  # Just in case getter is not done yet.
  File "uvloop/loop.pyx", line 1281, in uvloop.loop.Loop.call_soon
  File "uvloop/loop.pyx", line 669, in uvloop.loop.Loop._call_soon
  File "uvloop/loop.pyx", line 678, in uvloop.loop.Loop._call_soon_handle
  File "uvloop/loop.pyx", line 673, in uvloop.loop.Loop._append_ready_handle
  File "uvloop/loop.pyx", line 705, in uvloop.loop.Loop._check_closed
RuntimeError: Event loop is closed
2025-12-17 02:12:50,406 ERROR [asyncio] Task was destroyed but it is pending!
task: <Task pending name='Task-37' coro=<subscribe_recv.<locals>._recv_loop() running at /opt/dumbo-mpc/dumbo-mpc/AsyRanTriGen/beaver/utils/misc.py:89> wait_for=<Future pending cb=[<TaskWakeupMethWrapper object at 0x7f1d5c2f0dc0>()]>>
Exception ignored in: <coroutine object subscribe_recv.<locals>._recv_loop at 0x7f1d5c35e040>
Traceback (most recent call last):
  File "/opt/dumbo-mpc/dumbo-mpc/AsyRanTriGen/beaver/utils/misc.py", line 89, in _recv_loop
    j, (tag, o) = await recv()
  File "/usr/lib/python3.8/asyncio/queues.py", line 165, in get
    getter.cancel()  # Just in case getter is not done yet.
  File "uvloop/loop.pyx", line 1281, in uvloop.loop.Loop.call_soon
  File "uvloop/loop.pyx", line 669, in uvloop.loop.Loop._call_soon
  File "uvloop/loop.pyx", line 678, in uvloop.loop.Loop._call_soon_handle
  File "uvloop/loop.pyx", line 673, in uvloop.loop.Loop._append_ready_handle
  File "uvloop/loop.pyx", line 705, in uvloop.loop.Loop._check_closed
RuntimeError: Event loop is closed
2025-12-17 02:12:50,407 ERROR [asyncio] Task was destroyed but it is pending!
task: <Task pending name='Task-49' coro=<OptimalCommonSet.fallback_timer() running at /opt/dumbo-mpc/dumbo-mpc/AsyRanTriGen/beaver/broadcast/otmvba_dyn.py:71> wait_for=<Future pending cb=[<TaskWakeupMethWrapper object at 0x7f1d5c2d0b50>()]>>
2025-12-17 02:12:50,407 ERROR [asyncio] Task was destroyed but it is pending!
task: <Task pending name='Task-50' coro=<subscribe_recv.<locals>._recv_loop() running at /opt/dumbo-mpc/dumbo-mpc/AsyRanTriGen/beaver/utils/misc.py:89> wait_for=<Future pending cb=[<TaskWakeupMethWrapper object at 0x7f1d5c2e10d0>()]>>
2025-12-17 02:12:50,407 ERROR [asyncio] Task was destroyed but it is pending!
task: <Task pending name='Task-52' coro=<subscribe_recv.<locals>._recv_loop() running at /opt/dumbo-mpc/dumbo-mpc/AsyRanTriGen/beaver/utils/misc.py:89> wait_for=<Future pending cb=[<TaskWakeupMethWrapper object at 0x7f1d5c2f0e20>()]>>
2025-12-17 02:12:50,407 ERROR [asyncio] Task was destroyed but it is pending!
task: <Task pending name='Task-60' coro=<ACSS_Foll._recv_loop() running at /opt/dumbo-mpc/dumbo-mpc/AsyRanTriGen/beaver/hbacss.py:3694> wait_for=<Future pending cb=[<TaskWakeupMethWrapper object at 0x7f1d5c2d0550>()]>>
Exception ignored in: <coroutine object subscribe_recv.<locals>._recv_loop at 0x7f1d5c35e7c0>
Traceback (most recent call last):
  File "/opt/dumbo-mpc/dumbo-mpc/AsyRanTriGen/beaver/utils/misc.py", line 89, in _recv_loop
    j, (tag, o) = await recv()
  File "/usr/lib/python3.8/asyncio/queues.py", line 165, in get
    getter.cancel()  # Just in case getter is not done yet.
  File "uvloop/loop.pyx", line 1281, in uvloop.loop.Loop.call_soon
  File "uvloop/loop.pyx", line 669, in uvloop.loop.Loop._call_soon
  File "uvloop/loop.pyx", line 678, in uvloop.loop.Loop._call_soon_handle
  File "uvloop/loop.pyx", line 673, in uvloop.loop.Loop._append_ready_handle
  File "uvloop/loop.pyx", line 705, in uvloop.loop.Loop._check_closed
RuntimeError: Event loop is closed
Exception ignored in: <coroutine object subscribe_recv.<locals>._recv_loop at 0x7f1d5c35e0c0>
Traceback (most recent call last):
  File "/opt/dumbo-mpc/dumbo-mpc/AsyRanTriGen/beaver/utils/misc.py", line 89, in _recv_loop
    j, (tag, o) = await recv()
  File "/usr/lib/python3.8/asyncio/queues.py", line 165, in get
    getter.cancel()  # Just in case getter is not done yet.
  File "uvloop/loop.pyx", line 1281, in uvloop.loop.Loop.call_soon
  File "uvloop/loop.pyx", line 669, in uvloop.loop.Loop._call_soon
  File "uvloop/loop.pyx", line 678, in uvloop.loop.Loop._call_soon_handle
  File "uvloop/loop.pyx", line 673, in uvloop.loop.Loop._append_ready_handle
  File "uvloop/loop.pyx", line 705, in uvloop.loop.Loop._check_closed
RuntimeError: Event loop is closed
Exception ignored in: <coroutine object ACSS_Foll._recv_loop at 0x7f1d5c2c6dc0>
Traceback (most recent call last):
  File "/opt/dumbo-mpc/dumbo-mpc/AsyRanTriGen/beaver/hbacss.py", line 3694, in _recv_loop
    await avid.disperse(tag, self.my_id, dispersal_msg_list)
  File "/opt/dumbo-mpc/dumbo-mpc/AsyRanTriGen/beaver/broadcast/avid.py", line 461, in disperse
    sender, msg = await self.recv()
  File "/usr/lib/python3.8/asyncio/queues.py", line 165, in get
    getter.cancel()  # Just in case getter is not done yet.
  File "uvloop/loop.pyx", line 1281, in uvloop.loop.Loop.call_soon
  File "uvloop/loop.pyx", line 669, in uvloop.loop.Loop._call_soon
  File "uvloop/loop.pyx", line 678, in uvloop.loop.Loop._call_soon_handle
  File "uvloop/loop.pyx", line 673, in uvloop.loop.Loop._append_ready_handle
  File "uvloop/loop.pyx", line 705, in uvloop.loop.Loop._check_closed
RuntimeError: Event loop is closed
2025-12-17 02:12:50,409 ERROR [asyncio] Task was destroyed but it is pending!
task: <Task pending name='Task-61' coro=<subscribe_recv.<locals>._recv_loop() running at /opt/dumbo-mpc/dumbo-mpc/AsyRanTriGen/beaver/utils/misc.py:89> wait_for=<Future pending cb=[<TaskWakeupMethWrapper object at 0x7f1d5c2e18b0>()]>>
2025-12-17 02:12:50,409 ERROR [asyncio] Task was destroyed but it is pending!
task: <Task pending name='Task-39' coro=<subscribe_recv.<locals>._recv_loop() running at /opt/dumbo-mpc/dumbo-mpc/AsyRanTriGen/beaver/utils/misc.py:89> wait_for=<Future pending cb=[<TaskWakeupMethWrapper object at 0x7f1d5c2caa90>()]>>
2025-12-17 02:12:50,409 ERROR [asyncio] Task was destroyed but it is pending!
task: <Task pending name='Task-48' coro=<subscribe_recv.<locals>._recv_loop() running at /opt/dumbo-mpc/dumbo-mpc/AsyRanTriGen/beaver/utils/misc.py:89> wait_for=<Future pending cb=[<TaskWakeupMethWrapper object at 0x7f1d5c2f0310>()]>>
2025-12-17 02:12:50,409 ERROR [asyncio] Task was destroyed but it is pending!
task: <Task pending name='Task-57' coro=<ACSS_Foll._recv_loop() running at /opt/dumbo-mpc/dumbo-mpc/AsyRanTriGen/beaver/hbacss.py:3696> wait_for=<Future pending cb=[<TaskWakeupMethWrapper object at 0x7f1d5c2f0f70>()]>>
2025-12-17 02:12:50,409 ERROR [asyncio] Task was destroyed but it is pending!
task: <Task pending name='Task-58' coro=<ACSS_Foll._recv_loop() running at /opt/dumbo-mpc/dumbo-mpc/AsyRanTriGen/beaver/hbacss.py:3694> wait_for=<Future pending cb=[<TaskWakeupMethWrapper object at 0x7f1d5c2f0d60>()]>>
2025-12-17 02:12:50,409 ERROR [asyncio] Task was destroyed but it is pending!
task: <Task pending name='Task-59' coro=<ACSS_Foll._recv_loop() running at /opt/dumbo-mpc/dumbo-mpc/AsyRanTriGen/beaver/hbacss.py:3694> wait_for=<Future pending cb=[<TaskWakeupMethWrapper object at 0x7f1d5c2f4490>()]>>
Exception ignored in: <coroutine object subscribe_recv.<locals>._recv_loop at 0x7f1d5c205440>
Traceback (most recent call last):
  File "/opt/dumbo-mpc/dumbo-mpc/AsyRanTriGen/beaver/utils/misc.py", line 89, in _recv_loop
    j, (tag, o) = await recv()
  File "/usr/lib/python3.8/asyncio/queues.py", line 165, in get
    getter.cancel()  # Just in case getter is not done yet.
  File "uvloop/loop.pyx", line 1281, in uvloop.loop.Loop.call_soon
  File "uvloop/loop.pyx", line 669, in uvloop.loop.Loop._call_soon
  File "uvloop/loop.pyx", line 678, in uvloop.loop.Loop._call_soon_handle
  File "uvloop/loop.pyx", line 673, in uvloop.loop.Loop._append_ready_handle
  File "uvloop/loop.pyx", line 705, in uvloop.loop.Loop._check_closed
RuntimeError: Event loop is closed
Exception ignored in: <coroutine object subscribe_recv.<locals>._recv_loop at 0x7f1d5c35af40>
Traceback (most recent call last):
  File "/opt/dumbo-mpc/dumbo-mpc/AsyRanTriGen/beaver/utils/misc.py", line 89, in _recv_loop
    j, (tag, o) = await recv()
  File "/usr/lib/python3.8/asyncio/queues.py", line 165, in get
    getter.cancel()  # Just in case getter is not done yet.
  File "uvloop/loop.pyx", line 1281, in uvloop.loop.Loop.call_soon
  File "uvloop/loop.pyx", line 669, in uvloop.loop.Loop._call_soon
  File "uvloop/loop.pyx", line 678, in uvloop.loop.Loop._call_soon_handle
  File "uvloop/loop.pyx", line 673, in uvloop.loop.Loop._append_ready_handle
  File "uvloop/loop.pyx", line 705, in uvloop.loop.Loop._check_closed
RuntimeError: Event loop is closed
Exception ignored in: <coroutine object subscribe_recv.<locals>._recv_loop at 0x7f1d5c372540>
Traceback (most recent call last):
  File "/opt/dumbo-mpc/dumbo-mpc/AsyRanTriGen/beaver/utils/misc.py", line 89, in _recv_loop
    j, (tag, o) = await recv()
  File "/usr/lib/python3.8/asyncio/queues.py", line 165, in get
    getter.cancel()  # Just in case getter is not done yet.
  File "uvloop/loop.pyx", line 1281, in uvloop.loop.Loop.call_soon
  File "uvloop/loop.pyx", line 669, in uvloop.loop.Loop._call_soon
  File "uvloop/loop.pyx", line 678, in uvloop.loop.Loop._call_soon_handle
  File "uvloop/loop.pyx", line 673, in uvloop.loop.Loop._append_ready_handle
  File "uvloop/loop.pyx", line 705, in uvloop.loop.Loop._check_closed
RuntimeError: Event loop is closed
Exception ignored in: <coroutine object ACSS_Foll._recv_loop at 0x7f1d5c3724c0>
Traceback (most recent call last):
  File "/opt/dumbo-mpc/dumbo-mpc/AsyRanTriGen/beaver/hbacss.py", line 3696, in _recv_loop
    await avid.disperse(tag, self.my_id+1, dispersal_msg_list)
  File "/opt/dumbo-mpc/dumbo-mpc/AsyRanTriGen/beaver/broadcast/avid.py", line 461, in disperse
    sender, msg = await self.recv()
  File "/usr/lib/python3.8/asyncio/queues.py", line 165, in get
    getter.cancel()  # Just in case getter is not done yet.
  File "uvloop/loop.pyx", line 1281, in uvloop.loop.Loop.call_soon
  File "uvloop/loop.pyx", line 669, in uvloop.loop.Loop._call_soon
  File "uvloop/loop.pyx", line 678, in uvloop.loop.Loop._call_soon_handle
  File "uvloop/loop.pyx", line 673, in uvloop.loop.Loop._append_ready_handle
  File "uvloop/loop.pyx", line 705, in uvloop.loop.Loop._check_closed
RuntimeError: Event loop is closed
Exception ignored in: <coroutine object ACSS_Foll._recv_loop at 0x7f1d5c2c66c0>
Traceback (most recent call last):
  File "/opt/dumbo-mpc/dumbo-mpc/AsyRanTriGen/beaver/hbacss.py", line 3694, in _recv_loop
    await avid.disperse(tag, self.my_id, dispersal_msg_list)
  File "/opt/dumbo-mpc/dumbo-mpc/AsyRanTriGen/beaver/broadcast/avid.py", line 461, in disperse
    sender, msg = await self.recv()
  File "/usr/lib/python3.8/asyncio/queues.py", line 165, in get
    getter.cancel()  # Just in case getter is not done yet.
  File "uvloop/loop.pyx", line 1281, in uvloop.loop.Loop.call_soon
  File "uvloop/loop.pyx", line 669, in uvloop.loop.Loop._call_soon
  File "uvloop/loop.pyx", line 678, in uvloop.loop.Loop._call_soon_handle
  File "uvloop/loop.pyx", line 673, in uvloop.loop.Loop._append_ready_handle
  File "uvloop/loop.pyx", line 705, in uvloop.loop.Loop._check_closed
RuntimeError: Event loop is closed
Exception ignored in: <coroutine object ACSS_Foll._recv_loop at 0x7f1d5c2c6ec0>
Traceback (most recent call last):
  File "/opt/dumbo-mpc/dumbo-mpc/AsyRanTriGen/beaver/hbacss.py", line 3694, in _recv_loop
    await avid.disperse(tag, self.my_id, dispersal_msg_list)
  File "/opt/dumbo-mpc/dumbo-mpc/AsyRanTriGen/beaver/broadcast/avid.py", line 461, in disperse
    sender, msg = await self.recv()
  File "/usr/lib/python3.8/asyncio/queues.py", line 165, in get
    getter.cancel()  # Just in case getter is not done yet.
  File "uvloop/loop.pyx", line 1281, in uvloop.loop.Loop.call_soon
  File "uvloop/loop.pyx", line 669, in uvloop.loop.Loop._call_soon
  File "uvloop/loop.pyx", line 678, in uvloop.loop.Loop._call_soon_handle
  File "uvloop/loop.pyx", line 673, in uvloop.loop.Loop._append_ready_handle
  File "uvloop/loop.pyx", line 705, in uvloop.loop.Loop._check_closed
RuntimeError: Event loop is closed
2025-12-17 02:12:50,414 ERROR [asyncio] Task was destroyed but it is pending!
task: <Task pending name='Task-47' coro=<ACSS_Foll._recv_loop() running at /opt/dumbo-mpc/dumbo-mpc/AsyRanTriGen/beaver/hbacss.py:3694> wait_for=<Future pending cb=[<TaskWakeupMethWrapper object at 0x7f1d5c2ca640>()]>>
Exception ignored in: <coroutine object ACSS_Foll._recv_loop at 0x7f1d5c35ea40>
Traceback (most recent call last):
  File "/opt/dumbo-mpc/dumbo-mpc/AsyRanTriGen/beaver/hbacss.py", line 3694, in _recv_loop
    await avid.disperse(tag, self.my_id, dispersal_msg_list)
  File "/opt/dumbo-mpc/dumbo-mpc/AsyRanTriGen/beaver/broadcast/avid.py", line 461, in disperse
    sender, msg = await self.recv()
  File "/usr/lib/python3.8/asyncio/queues.py", line 165, in get
    getter.cancel()  # Just in case getter is not done yet.
  File "uvloop/loop.pyx", line 1281, in uvloop.loop.Loop.call_soon
  File "uvloop/loop.pyx", line 669, in uvloop.loop.Loop._call_soon
  File "uvloop/loop.pyx", line 678, in uvloop.loop.Loop._call_soon_handle
  File "uvloop/loop.pyx", line 673, in uvloop.loop.Loop._append_ready_handle
  File "uvloop/loop.pyx", line 705, in uvloop.loop.Loop._check_closed
RuntimeError: Event loop is closed
2025-12-17 02:12:50,416 ERROR [asyncio] Task was destroyed but it is pending!
task: <Task pending name='Task-62' coro=<OptimalCommonSet.fallback_timer() running at /opt/dumbo-mpc/dumbo-mpc/AsyRanTriGen/beaver/broadcast/otmvba_dyn.py:71> wait_for=<Future pending cb=[<TaskWakeupMethWrapper object at 0x7f1d5c2f4910>()]>>
2025-12-17 02:12:50,416 ERROR [asyncio] Task was destroyed but it is pending!
task: <Task pending name='Task-44' coro=<ACSS_Foll._recv_loop() running at /opt/dumbo-mpc/dumbo-mpc/AsyRanTriGen/beaver/hbacss.py:3694> wait_for=<Future pending cb=[<TaskWakeupMethWrapper object at 0x7f1d5c3614f0>()]>>
2025-12-17 02:12:50,416 ERROR [asyncio] Task was destroyed but it is pending!
task: <Task pending name='Task-45' coro=<ACSS_Foll._recv_loop() running at /opt/dumbo-mpc/dumbo-mpc/AsyRanTriGen/beaver/hbacss.py:3694> wait_for=<Future pending cb=[<TaskWakeupMethWrapper object at 0x7f1d5c2ca670>()]>>
2025-12-17 02:12:50,416 ERROR [asyncio] Task was destroyed but it is pending!
task: <Task pending name='Task-46' coro=<ACSS_Foll._recv_loop() running at /opt/dumbo-mpc/dumbo-mpc/AsyRanTriGen/beaver/hbacss.py:3696> wait_for=<Future pending cb=[<TaskWakeupMethWrapper object at 0x7f1d5c358970>()]>>
Exception ignored in: <coroutine object ACSS_Foll._recv_loop at 0x7f1d5c35ebc0>
Traceback (most recent call last):
  File "/opt/dumbo-mpc/dumbo-mpc/AsyRanTriGen/beaver/hbacss.py", line 3694, in _recv_loop
    await avid.disperse(tag, self.my_id, dispersal_msg_list)
  File "/opt/dumbo-mpc/dumbo-mpc/AsyRanTriGen/beaver/broadcast/avid.py", line 461, in disperse
    sender, msg = await self.recv()
  File "/usr/lib/python3.8/asyncio/queues.py", line 165, in get
    getter.cancel()  # Just in case getter is not done yet.
  File "uvloop/loop.pyx", line 1281, in uvloop.loop.Loop.call_soon
  File "uvloop/loop.pyx", line 669, in uvloop.loop.Loop._call_soon
  File "uvloop/loop.pyx", line 678, in uvloop.loop.Loop._call_soon_handle
  File "uvloop/loop.pyx", line 673, in uvloop.loop.Loop._append_ready_handle
  File "uvloop/loop.pyx", line 705, in uvloop.loop.Loop._check_closed
RuntimeError: Event loop is closed
Exception ignored in: <coroutine object ACSS_Foll._recv_loop at 0x7f1d5c35a440>
Traceback (most recent call last):
  File "/opt/dumbo-mpc/dumbo-mpc/AsyRanTriGen/beaver/hbacss.py", line 3694, in _recv_loop
    await avid.disperse(tag, self.my_id, dispersal_msg_list)
  File "/opt/dumbo-mpc/dumbo-mpc/AsyRanTriGen/beaver/broadcast/avid.py", line 461, in disperse
    sender, msg = await self.recv()
  File "/usr/lib/python3.8/asyncio/queues.py", line 165, in get
    getter.cancel()  # Just in case getter is not done yet.
  File "uvloop/loop.pyx", line 1281, in uvloop.loop.Loop.call_soon
  File "uvloop/loop.pyx", line 669, in uvloop.loop.Loop._call_soon
  File "uvloop/loop.pyx", line 678, in uvloop.loop.Loop._call_soon_handle
  File "uvloop/loop.pyx", line 673, in uvloop.loop.Loop._append_ready_handle
  File "uvloop/loop.pyx", line 705, in uvloop.loop.Loop._check_closed
RuntimeError: Event loop is closed
Exception ignored in: <coroutine object ACSS_Foll._recv_loop at 0x7f1d5c35a240>
Traceback (most recent call last):
  File "/opt/dumbo-mpc/dumbo-mpc/AsyRanTriGen/beaver/hbacss.py", line 3696, in _recv_loop
    await avid.disperse(tag, self.my_id+1, dispersal_msg_list)
  File "/opt/dumbo-mpc/dumbo-mpc/AsyRanTriGen/beaver/broadcast/avid.py", line 461, in disperse
    sender, msg = await self.recv()
  File "/usr/lib/python3.8/asyncio/queues.py", line 165, in get
    getter.cancel()  # Just in case getter is not done yet.
  File "uvloop/loop.pyx", line 1281, in uvloop.loop.Loop.call_soon
  File "uvloop/loop.pyx", line 669, in uvloop.loop.Loop._call_soon
  File "uvloop/loop.pyx", line 678, in uvloop.loop.Loop._call_soon_handle
  File "uvloop/loop.pyx", line 673, in uvloop.loop.Loop._append_ready_handle
  File "uvloop/loop.pyx", line 705, in uvloop.loop.Loop._check_closed
RuntimeError: Event loop is closed
2025-12-17 02:12:50,419 ERROR [asyncio] Task was destroyed but it is pending!
task: <Task pending name='Task-76' coro=<rbc_dyn() running at /opt/dumbo-mpc/dumbo-mpc/AsyRanTriGen/beaver/broadcast/reliablebroadcast.py:411> wait_for=<Future cancelled>>
Exception ignored in: <coroutine object rbc_dyn at 0x7f1d5c2ff140>
Traceback (most recent call last):
  File "/opt/dumbo-mpc/dumbo-mpc/AsyRanTriGen/beaver/broadcast/reliablebroadcast.py", line 411, in rbc_dyn
    sender, msg = await receive()
  File "/usr/lib/python3.8/asyncio/queues.py", line 165, in get
    getter.cancel()  # Just in case getter is not done yet.
  File "uvloop/loop.pyx", line 1281, in uvloop.loop.Loop.call_soon
  File "uvloop/loop.pyx", line 669, in uvloop.loop.Loop._call_soon
  File "uvloop/loop.pyx", line 678, in uvloop.loop.Loop._call_soon_handle
  File "uvloop/loop.pyx", line 673, in uvloop.loop.Loop._append_ready_handle
  File "uvloop/loop.pyx", line 705, in uvloop.loop.Loop._check_closed
RuntimeError: Event loop is closed
2025-12-17 02:12:50,420 ERROR [asyncio] Task was destroyed but it is pending!
task: <Task pending name='Task-78' coro=<AVID_DYNAMIC.disperse() running at /opt/dumbo-mpc/dumbo-mpc/AsyRanTriGen/beaver/broadcast/avid.py:461> wait_for=<Future cancelled>>
Exception ignored in: <coroutine object AVID_DYNAMIC.disperse at 0x7f1d5c203140>
Traceback (most recent call last):
  File "/opt/dumbo-mpc/dumbo-mpc/AsyRanTriGen/beaver/broadcast/avid.py", line 461, in disperse
    sender, msg = await self.recv()
  File "/usr/lib/python3.8/asyncio/queues.py", line 165, in get
    getter.cancel()  # Just in case getter is not done yet.
  File "uvloop/loop.pyx", line 1281, in uvloop.loop.Loop.call_soon
  File "uvloop/loop.pyx", line 669, in uvloop.loop.Loop._call_soon
  File "uvloop/loop.pyx", line 678, in uvloop.loop.Loop._call_soon_handle
  File "uvloop/loop.pyx", line 673, in uvloop.loop.Loop._append_ready_handle
  File "uvloop/loop.pyx", line 705, in uvloop.loop.Loop._check_closed
RuntimeError: Event loop is closed
2025-12-17 02:12:50,420 ERROR [asyncio] Task was destroyed but it is pending!
task: <Task pending name='Task-63' coro=<subscribe_recv.<locals>._recv_loop() running at /opt/dumbo-mpc/dumbo-mpc/AsyRanTriGen/beaver/utils/misc.py:89> wait_for=<Future pending cb=[<TaskWakeupMethWrapper object at 0x7f1d5c2f43d0>()]>>
2025-12-17 02:12:50,421 ERROR [asyncio] Task was destroyed but it is pending!
task: <Task pending name='Task-66' coro=<subscribe_recv.<locals>._recv_loop() running at /opt/dumbo-mpc/dumbo-mpc/AsyRanTriGen/beaver/utils/misc.py:89> wait_for=<Future pending cb=[<TaskWakeupMethWrapper object at 0x7f1d5c361fa0>()]>>
2025-12-17 02:12:50,421 ERROR [asyncio] Task was destroyed but it is pending!
task: <Task pending name='Task-68' coro=<subscribe_recv.<locals>._recv_loop() running at /opt/dumbo-mpc/dumbo-mpc/AsyRanTriGen/beaver/utils/misc.py:89> wait_for=<Future pending cb=[<TaskWakeupMethWrapper object at 0x7f1d5c2f4dc0>()]>>
Exception ignored in: <coroutine object subscribe_recv.<locals>._recv_loop at 0x7f1d5c2057c0>
Traceback (most recent call last):
  File "/opt/dumbo-mpc/dumbo-mpc/AsyRanTriGen/beaver/utils/misc.py", line 89, in _recv_loop
    j, (tag, o) = await recv()
  File "/usr/lib/python3.8/asyncio/queues.py", line 165, in get
    getter.cancel()  # Just in case getter is not done yet.
  File "uvloop/loop.pyx", line 1281, in uvloop.loop.Loop.call_soon
  File "uvloop/loop.pyx", line 669, in uvloop.loop.Loop._call_soon
  File "uvloop/loop.pyx", line 678, in uvloop.loop.Loop._call_soon_handle
  File "uvloop/loop.pyx", line 673, in uvloop.loop.Loop._append_ready_handle
  File "uvloop/loop.pyx", line 705, in uvloop.loop.Loop._check_closed
RuntimeError: Event loop is closed
Exception ignored in: <coroutine object subscribe_recv.<locals>._recv_loop at 0x7f1d5c2e6340>
Traceback (most recent call last):
  File "/opt/dumbo-mpc/dumbo-mpc/AsyRanTriGen/beaver/utils/misc.py", line 89, in _recv_loop
    j, (tag, o) = await recv()
  File "/usr/lib/python3.8/asyncio/queues.py", line 165, in get
    getter.cancel()  # Just in case getter is not done yet.
  File "uvloop/loop.pyx", line 1281, in uvloop.loop.Loop.call_soon
  File "uvloop/loop.pyx", line 669, in uvloop.loop.Loop._call_soon
  File "uvloop/loop.pyx", line 678, in uvloop.loop.Loop._call_soon_handle
  File "uvloop/loop.pyx", line 673, in uvloop.loop.Loop._append_ready_handle
  File "uvloop/loop.pyx", line 705, in uvloop.loop.Loop._check_closed
RuntimeError: Event loop is closed
Exception ignored in: <coroutine object subscribe_recv.<locals>._recv_loop at 0x7f1d5c2e6740>
Traceback (most recent call last):
  File "/opt/dumbo-mpc/dumbo-mpc/AsyRanTriGen/beaver/utils/misc.py", line 89, in _recv_loop
    j, (tag, o) = await recv()
  File "/usr/lib/python3.8/asyncio/queues.py", line 165, in get
    getter.cancel()  # Just in case getter is not done yet.
  File "uvloop/loop.pyx", line 1281, in uvloop.loop.Loop.call_soon
  File "uvloop/loop.pyx", line 669, in uvloop.loop.Loop._call_soon
  File "uvloop/loop.pyx", line 678, in uvloop.loop.Loop._call_soon_handle
  File "uvloop/loop.pyx", line 673, in uvloop.loop.Loop._append_ready_handle
  File "uvloop/loop.pyx", line 705, in uvloop.loop.Loop._check_closed
RuntimeError: Event loop is closed
2025-12-17 02:12:50,422 ERROR [asyncio] Task was destroyed but it is pending!
task: <Task pending name='Task-74' coro=<subscribe_recv.<locals>._recv_loop() running at /opt/dumbo-mpc/dumbo-mpc/AsyRanTriGen/beaver/utils/misc.py:89> wait_for=<Future pending cb=[<TaskWakeupMethWrapper object at 0x7f1d5c2e1640>()]>>
2025-12-17 02:12:50,422 ERROR [asyncio] Task was destroyed but it is pending!
task: <Task pending name='Task-70' coro=<rbc_dyn() running at /opt/dumbo-mpc/dumbo-mpc/AsyRanTriGen/beaver/broadcast/reliablebroadcast.py:411> wait_for=<Future pending cb=[<TaskWakeupMethWrapper object at 0x7f1d5c2f4580>()]>>
Exception ignored in: <coroutine object subscribe_recv.<locals>._recv_loop at 0x7f1d5c2e6b40>
Traceback (most recent call last):
  File "/opt/dumbo-mpc/dumbo-mpc/AsyRanTriGen/beaver/utils/misc.py", line 89, in _recv_loop
    j, (tag, o) = await recv()
  File "/usr/lib/python3.8/asyncio/queues.py", line 165, in get
    getter.cancel()  # Just in case getter is not done yet.
  File "uvloop/loop.pyx", line 1281, in uvloop.loop.Loop.call_soon
  File "uvloop/loop.pyx", line 669, in uvloop.loop.Loop._call_soon
  File "uvloop/loop.pyx", line 678, in uvloop.loop.Loop._call_soon_handle
  File "uvloop/loop.pyx", line 673, in uvloop.loop.Loop._append_ready_handle
  File "uvloop/loop.pyx", line 705, in uvloop.loop.Loop._check_closed
RuntimeError: Event loop is closed
2025-12-17 02:12:50,423 ERROR [asyncio] Task was destroyed but it is pending!
task: <Task pending name='Task-73' coro=<AVID_DYNAMIC.disperse() running at /opt/dumbo-mpc/dumbo-mpc/AsyRanTriGen/beaver/broadcast/avid.py:461> wait_for=<Future pending cb=[<TaskWakeupMethWrapper object at 0x7f1d5c2e1550>()]>>
Exception ignored in: <coroutine object rbc_dyn at 0x7f1d5c2e66c0>
Traceback (most recent call last):
  File "/opt/dumbo-mpc/dumbo-mpc/AsyRanTriGen/beaver/broadcast/reliablebroadcast.py", line 411, in rbc_dyn
    sender, msg = await receive()
  File "/usr/lib/python3.8/asyncio/queues.py", line 165, in get
    getter.cancel()  # Just in case getter is not done yet.
  File "uvloop/loop.pyx", line 1281, in uvloop.loop.Loop.call_soon
  File "uvloop/loop.pyx", line 669, in uvloop.loop.Loop._call_soon
  File "uvloop/loop.pyx", line 678, in uvloop.loop.Loop._call_soon_handle
  File "uvloop/loop.pyx", line 673, in uvloop.loop.Loop._append_ready_handle
  File "uvloop/loop.pyx", line 705, in uvloop.loop.Loop._check_closed
RuntimeError: Event loop is closed
Exception ignored in: <coroutine object AVID_DYNAMIC.disperse at 0x7f1d5c2ff0c0>
Traceback (most recent call last):
  File "/opt/dumbo-mpc/dumbo-mpc/AsyRanTriGen/beaver/broadcast/avid.py", line 461, in disperse
    sender, msg = await self.recv()
  File "/usr/lib/python3.8/asyncio/queues.py", line 165, in get
    getter.cancel()  # Just in case getter is not done yet.
  File "uvloop/loop.pyx", line 1281, in uvloop.loop.Loop.call_soon
  File "uvloop/loop.pyx", line 669, in uvloop.loop.Loop._call_soon
  File "uvloop/loop.pyx", line 678, in uvloop.loop.Loop._call_soon_handle
  File "uvloop/loop.pyx", line 673, in uvloop.loop.Loop._append_ready_handle
  File "uvloop/loop.pyx", line 705, in uvloop.loop.Loop._check_closed
RuntimeError: Event loop is closed
