Warning: Permanently added '106.53.26.38' (ECDSA) to the list of known hosts.
Creating dumbo-mpc_dumbo-mpc_run ... 
Creating dumbo-mpc_dumbo-mpc_run ... done
2025-08-23 08:15:36,845 INFO [root] Running ADMPC ...
2025-08-23 08:15:37,292 INFO [root] my_send_id: 35
2025-08-23 08:15:37,396 INFO [root] ADMPC start time: 1755936937.396751
2025-08-23 08:15:37,397 INFO [root] [Layer 2] Reached run_admpc checkpoint
2025-08-23 08:15:37,397 INFO [beaver.transfer] [9] Starting DynamicTransfer_Foll
2025-08-23 08:15:37,397 INFO [beaver.transfer] [9] Starting ACSS to share 0 secrets
2025-08-23 08:15:37,397 INFO [root] [9] Starting Batch AVSS. Id: 0, Dealer Id: 0, Client Mode: False
2025-08-23 08:15:37,397 INFO [root] [9] AVSS tag: 0-0-2-B-AVSS
2025-08-23 08:15:37,397 INFO [root] [9] RBC tag: 0-0-2-B-RBC
2025-08-23 08:15:37,397 INFO [root] [9] Starting AVSS with shares_num: 0, dealer_id: 0, client_mode: False
2025-08-23 08:15:37,397 INFO [root] rbc_list: [13, 26, 27, 28, 29, 30, 31, 32, 33, 34, 35, 36, 37, 38]
2025-08-23 08:15:37,397 INFO [root] committee_size: 13
2025-08-23 08:15:37,398 INFO [root] n: 14
2025-08-23 08:15:37,398 INFO [root] f: 4
2025-08-23 08:15:37,398 INFO [root] pid: 10
2025-08-23 08:15:37,398 INFO [root] leader: 0
2025-08-23 08:15:37,398 INFO [root] [9] Starting Batch AVSS. Id: 0, Dealer Id: 1, Client Mode: False
2025-08-23 08:15:37,398 INFO [root] [9] AVSS tag: 1-0-2-B-AVSS
2025-08-23 08:15:37,398 INFO [root] [9] RBC tag: 1-0-2-B-RBC
2025-08-23 08:15:37,398 INFO [root] [9] Starting AVSS with shares_num: 0, dealer_id: 1, client_mode: False
2025-08-23 08:15:37,398 INFO [root] rbc_list: [14, 26, 27, 28, 29, 30, 31, 32, 33, 34, 35, 36, 37, 38]
2025-08-23 08:15:37,398 INFO [root] committee_size: 13
2025-08-23 08:15:37,398 INFO [root] n: 14
2025-08-23 08:15:37,398 INFO [root] f: 4
2025-08-23 08:15:37,398 INFO [root] pid: 10
2025-08-23 08:15:37,398 INFO [root] leader: 1
2025-08-23 08:15:37,398 INFO [root] [9] Starting Batch AVSS. Id: 0, Dealer Id: 2, Client Mode: False
2025-08-23 08:15:37,398 INFO [root] [9] AVSS tag: 2-0-2-B-AVSS
2025-08-23 08:15:37,398 INFO [root] [9] RBC tag: 2-0-2-B-RBC
2025-08-23 08:15:37,398 INFO [root] [9] Starting AVSS with shares_num: 0, dealer_id: 2, client_mode: False
2025-08-23 08:15:37,398 INFO [root] rbc_list: [15, 26, 27, 28, 29, 30, 31, 32, 33, 34, 35, 36, 37, 38]
2025-08-23 08:15:37,398 INFO [root] committee_size: 13
2025-08-23 08:15:37,398 INFO [root] n: 14
2025-08-23 08:15:37,398 INFO [root] f: 4
2025-08-23 08:15:37,398 INFO [root] pid: 10
2025-08-23 08:15:37,398 INFO [root] leader: 2
2025-08-23 08:15:37,398 INFO [root] [9] Starting Batch AVSS. Id: 0, Dealer Id: 3, Client Mode: False
2025-08-23 08:15:37,398 INFO [root] [9] AVSS tag: 3-0-2-B-AVSS
2025-08-23 08:15:37,398 INFO [root] [9] RBC tag: 3-0-2-B-RBC
2025-08-23 08:15:37,398 INFO [root] [9] Starting AVSS with shares_num: 0, dealer_id: 3, client_mode: False
2025-08-23 08:15:37,398 INFO [root] rbc_list: [16, 26, 27, 28, 29, 30, 31, 32, 33, 34, 35, 36, 37, 38]
2025-08-23 08:15:37,398 INFO [root] committee_size: 13
2025-08-23 08:15:37,398 INFO [root] n: 14
2025-08-23 08:15:37,398 INFO [root] f: 4
2025-08-23 08:15:37,398 INFO [root] pid: 10
2025-08-23 08:15:37,398 INFO [root] leader: 3
2025-08-23 08:15:37,398 INFO [root] [9] Starting Batch AVSS. Id: 0, Dealer Id: 4, Client Mode: False
2025-08-23 08:15:37,398 INFO [root] [9] AVSS tag: 4-0-2-B-AVSS
2025-08-23 08:15:37,398 INFO [root] [9] RBC tag: 4-0-2-B-RBC
2025-08-23 08:15:37,399 INFO [root] [9] Starting AVSS with shares_num: 0, dealer_id: 4, client_mode: False
2025-08-23 08:15:37,399 INFO [root] rbc_list: [17, 26, 27, 28, 29, 30, 31, 32, 33, 34, 35, 36, 37, 38]
2025-08-23 08:15:37,399 INFO [root] committee_size: 13
2025-08-23 08:15:37,399 INFO [root] n: 14
2025-08-23 08:15:37,399 INFO [root] f: 4
2025-08-23 08:15:37,399 INFO [root] pid: 10
2025-08-23 08:15:37,399 INFO [root] leader: 4
2025-08-23 08:15:37,399 INFO [root] [9] Starting Batch AVSS. Id: 0, Dealer Id: 5, Client Mode: False
2025-08-23 08:15:37,399 INFO [root] [9] AVSS tag: 5-0-2-B-AVSS
2025-08-23 08:15:37,399 INFO [root] [9] RBC tag: 5-0-2-B-RBC
2025-08-23 08:15:37,399 INFO [root] [9] Starting AVSS with shares_num: 0, dealer_id: 5, client_mode: False
2025-08-23 08:15:37,399 INFO [root] rbc_list: [18, 26, 27, 28, 29, 30, 31, 32, 33, 34, 35, 36, 37, 38]
2025-08-23 08:15:37,399 INFO [root] committee_size: 13
2025-08-23 08:15:37,399 INFO [root] n: 14
2025-08-23 08:15:37,399 INFO [root] f: 4
2025-08-23 08:15:37,399 INFO [root] pid: 10
2025-08-23 08:15:37,399 INFO [root] leader: 5
2025-08-23 08:15:37,399 INFO [root] [9] Starting Batch AVSS. Id: 0, Dealer Id: 6, Client Mode: False
2025-08-23 08:15:37,399 INFO [root] [9] AVSS tag: 6-0-2-B-AVSS
2025-08-23 08:15:37,399 INFO [root] [9] RBC tag: 6-0-2-B-RBC
2025-08-23 08:15:37,399 INFO [root] [9] Starting AVSS with shares_num: 0, dealer_id: 6, client_mode: False
2025-08-23 08:15:37,399 INFO [root] rbc_list: [19, 26, 27, 28, 29, 30, 31, 32, 33, 34, 35, 36, 37, 38]
2025-08-23 08:15:37,399 INFO [root] committee_size: 13
2025-08-23 08:15:37,399 INFO [root] n: 14
2025-08-23 08:15:37,399 INFO [root] f: 4
2025-08-23 08:15:37,399 INFO [root] pid: 10
2025-08-23 08:15:37,399 INFO [root] leader: 6
2025-08-23 08:15:37,399 INFO [root] [9] Starting Batch AVSS. Id: 0, Dealer Id: 7, Client Mode: False
2025-08-23 08:15:37,399 INFO [root] [9] AVSS tag: 7-0-2-B-AVSS
2025-08-23 08:15:37,399 INFO [root] [9] RBC tag: 7-0-2-B-RBC
2025-08-23 08:15:37,399 INFO [root] [9] Starting AVSS with shares_num: 0, dealer_id: 7, client_mode: False
2025-08-23 08:15:37,399 INFO [root] rbc_list: [20, 26, 27, 28, 29, 30, 31, 32, 33, 34, 35, 36, 37, 38]
2025-08-23 08:15:37,399 INFO [root] committee_size: 13
2025-08-23 08:15:37,399 INFO [root] n: 14
2025-08-23 08:15:37,399 INFO [root] f: 4
2025-08-23 08:15:37,399 INFO [root] pid: 10
2025-08-23 08:15:37,399 INFO [root] leader: 7
2025-08-23 08:15:37,399 INFO [root] [9] Starting Batch AVSS. Id: 0, Dealer Id: 8, Client Mode: False
2025-08-23 08:15:37,399 INFO [root] [9] AVSS tag: 8-0-2-B-AVSS
2025-08-23 08:15:37,399 INFO [root] [9] RBC tag: 8-0-2-B-RBC
2025-08-23 08:15:37,399 INFO [root] [9] Starting AVSS with shares_num: 0, dealer_id: 8, client_mode: False
2025-08-23 08:15:37,399 INFO [root] rbc_list: [21, 26, 27, 28, 29, 30, 31, 32, 33, 34, 35, 36, 37, 38]
2025-08-23 08:15:37,400 INFO [root] committee_size: 13
2025-08-23 08:15:37,400 INFO [root] n: 14
2025-08-23 08:15:37,400 INFO [root] f: 4
2025-08-23 08:15:37,400 INFO [root] pid: 10
2025-08-23 08:15:37,400 INFO [root] leader: 8
2025-08-23 08:15:37,400 INFO [root] [9] Starting Batch AVSS. Id: 0, Dealer Id: 9, Client Mode: False
2025-08-23 08:15:37,400 INFO [root] [9] AVSS tag: 9-0-2-B-AVSS
2025-08-23 08:15:37,400 INFO [root] [9] RBC tag: 9-0-2-B-RBC
2025-08-23 08:15:37,400 INFO [root] [9] Starting AVSS with shares_num: 0, dealer_id: 9, client_mode: False
2025-08-23 08:15:37,400 INFO [root] rbc_list: [22, 26, 27, 28, 29, 30, 31, 32, 33, 34, 35, 36, 37, 38]
2025-08-23 08:15:37,400 INFO [root] committee_size: 13
2025-08-23 08:15:37,400 INFO [root] n: 14
2025-08-23 08:15:37,400 INFO [root] f: 4
2025-08-23 08:15:37,400 INFO [root] pid: 10
2025-08-23 08:15:37,400 INFO [root] leader: 9
2025-08-23 08:15:37,400 INFO [root] [9] Starting Batch AVSS. Id: 0, Dealer Id: 10, Client Mode: False
2025-08-23 08:15:37,400 INFO [root] [9] AVSS tag: 10-0-2-B-AVSS
2025-08-23 08:15:37,400 INFO [root] [9] RBC tag: 10-0-2-B-RBC
2025-08-23 08:15:37,400 INFO [root] [9] Starting AVSS with shares_num: 0, dealer_id: 10, client_mode: False
2025-08-23 08:15:37,400 INFO [root] rbc_list: [23, 26, 27, 28, 29, 30, 31, 32, 33, 34, 35, 36, 37, 38]
2025-08-23 08:15:37,400 INFO [root] committee_size: 13
2025-08-23 08:15:37,400 INFO [root] n: 14
2025-08-23 08:15:37,400 INFO [root] f: 4
2025-08-23 08:15:37,400 INFO [root] pid: 9
2025-08-23 08:15:37,400 INFO [root] leader: 10
2025-08-23 08:15:37,400 INFO [root] [9] Starting Batch AVSS. Id: 0, Dealer Id: 11, Client Mode: False
2025-08-23 08:15:37,400 INFO [root] [9] AVSS tag: 11-0-2-B-AVSS
2025-08-23 08:15:37,400 INFO [root] [9] RBC tag: 11-0-2-B-RBC
2025-08-23 08:15:37,400 INFO [root] [9] Starting AVSS with shares_num: 0, dealer_id: 11, client_mode: False
2025-08-23 08:15:37,400 INFO [root] rbc_list: [24, 26, 27, 28, 29, 30, 31, 32, 33, 34, 35, 36, 37, 38]
2025-08-23 08:15:37,400 INFO [root] committee_size: 13
2025-08-23 08:15:37,400 INFO [root] n: 14
2025-08-23 08:15:37,400 INFO [root] f: 4
2025-08-23 08:15:37,400 INFO [root] pid: 9
2025-08-23 08:15:37,400 INFO [root] leader: 11
2025-08-23 08:15:37,400 INFO [root] [9] Starting Batch AVSS. Id: 0, Dealer Id: 12, Client Mode: False
2025-08-23 08:15:37,400 INFO [root] [9] AVSS tag: 12-0-2-B-AVSS
2025-08-23 08:15:37,400 INFO [root] [9] RBC tag: 12-0-2-B-RBC
2025-08-23 08:15:37,400 INFO [root] [9] Starting AVSS with shares_num: 0, dealer_id: 12, client_mode: False
2025-08-23 08:15:37,400 INFO [root] rbc_list: [25, 26, 27, 28, 29, 30, 31, 32, 33, 34, 35, 36, 37, 38]
2025-08-23 08:15:37,400 INFO [root] committee_size: 13
2025-08-23 08:15:37,400 INFO [root] n: 14
2025-08-23 08:15:37,400 INFO [root] f: 4
2025-08-23 08:15:37,400 INFO [root] pid: 9
2025-08-23 08:15:37,400 INFO [root] leader: 12
