Warning: Permanently added '111.231.28.183' (ECDSA) to the list of known hosts.
Creating dumbo-mpc_dumbo-mpc_run ... 
Creating dumbo-mpc_dumbo-mpc_run ... done
2025-12-17 02:12:34,290 INFO [root] Running ADMPC ...
2025-12-17 02:12:35,085 INFO [root] my_send_id: 7
2025-12-17 02:12:35,111 INFO [root] ADMPC start time: 1765937555.1116714
2025-12-17 02:12:35,112 INFO [root] [Layer 1] Reached run_admpc checkpoint
2025-12-17 02:12:35,112 INFO [root] [3] Starting Batch AVSS. Id: 0, Dealer Id: 0, Client Mode: False
2025-12-17 02:12:35,112 INFO [root] [3] AVSS tag: 0-0-1-B-AVSS
2025-12-17 02:12:35,112 INFO [root] [3] RBC tag: 0-0-1-B-RBC
2025-12-17 02:12:35,112 INFO [root] [3] Starting AVSS with shares_num: 50, dealer_id: 0, client_mode: False
2025-12-17 02:12:35,112 INFO [root] rbc_list: [0, 4, 5, 6, 7]
2025-12-17 02:12:35,113 INFO [root] committee_size: 4
2025-12-17 02:12:35,113 INFO [root] n: 5
2025-12-17 02:12:35,113 INFO [root] f: 1
2025-12-17 02:12:35,113 INFO [root] pid: 4
2025-12-17 02:12:35,113 INFO [root] leader: 0
2025-12-17 02:12:35,113 INFO [root] [3] Starting Batch AVSS. Id: 0, Dealer Id: 1, Client Mode: False
2025-12-17 02:12:35,113 INFO [root] [3] AVSS tag: 1-0-1-B-AVSS
2025-12-17 02:12:35,113 INFO [root] [3] RBC tag: 1-0-1-B-RBC
2025-12-17 02:12:35,113 INFO [root] [3] Starting AVSS with shares_num: 50, dealer_id: 1, client_mode: False
2025-12-17 02:12:35,114 INFO [root] rbc_list: [1, 4, 5, 6, 7]
2025-12-17 02:12:35,114 INFO [root] committee_size: 4
2025-12-17 02:12:35,114 INFO [root] n: 5
2025-12-17 02:12:35,114 INFO [root] f: 1
2025-12-17 02:12:35,114 INFO [root] pid: 4
2025-12-17 02:12:35,114 INFO [root] leader: 1
2025-12-17 02:12:35,115 INFO [root] [3] Starting Batch AVSS. Id: 0, Dealer Id: 2, Client Mode: False
2025-12-17 02:12:35,115 INFO [root] [3] AVSS tag: 2-0-1-B-AVSS
2025-12-17 02:12:35,115 INFO [root] [3] RBC tag: 2-0-1-B-RBC
2025-12-17 02:12:35,115 INFO [root] [3] Starting AVSS with shares_num: 50, dealer_id: 2, client_mode: False
2025-12-17 02:12:35,115 INFO [root] rbc_list: [2, 4, 5, 6, 7]
2025-12-17 02:12:35,115 INFO [root] committee_size: 4
2025-12-17 02:12:35,115 INFO [root] n: 5
2025-12-17 02:12:35,115 INFO [root] f: 1
2025-12-17 02:12:35,116 INFO [root] pid: 4
2025-12-17 02:12:35,116 INFO [root] leader: 2
2025-12-17 02:12:35,116 INFO [root] [3] Starting Batch AVSS. Id: 0, Dealer Id: 3, Client Mode: False
2025-12-17 02:12:35,116 INFO [root] [3] AVSS tag: 3-0-1-B-AVSS
2025-12-17 02:12:35,116 INFO [root] [3] RBC tag: 3-0-1-B-RBC
2025-12-17 02:12:35,116 INFO [root] [3] Starting AVSS with shares_num: 50, dealer_id: 3, client_mode: False
2025-12-17 02:12:35,116 INFO [root] rbc_list: [3, 4, 5, 6, 7]
2025-12-17 02:12:35,116 INFO [root] committee_size: 4
2025-12-17 02:12:35,116 INFO [root] n: 5
2025-12-17 02:12:35,116 INFO [root] f: 1
2025-12-17 02:12:35,116 INFO [root] pid: 4
2025-12-17 02:12:35,116 INFO [root] leader: 3
2025-12-17 02:12:35,119 INFO [root] [4] Received ECHO message from 4
2025-12-17 02:12:35,119 INFO [root] [4] Received READY message from 4
2025-12-17 02:12:35,119 INFO [root] [4] Received VAL message from 2
2025-12-17 02:12:35,119 INFO [root] entering n == commitee_size + 1
2025-12-17 02:12:35,119 INFO [root] [4] sender: 2, leader: 2
2025-12-17 02:12:35,119 INFO [root] [4] Successfully validated VAL message
2025-12-17 02:12:35,119 INFO [root] [4] Broadcasted ECHO message for roothash b'\xf2\x9f5\xaa\x15\x87\x91\x00ct\x1d\x91\xd7\x98\xc1\xbdX\x88K\x16(\xdd^\xc9\xba\xa1\xae5\xa7):p'
2025-12-17 02:12:35,119 INFO [root] broadcast Sending to 1: 4
2025-12-17 02:12:35,119 INFO [root] broadcast Sending to 2: 5
2025-12-17 02:12:35,119 INFO [root] broadcast Sending to 3: 6
2025-12-17 02:12:35,119 INFO [root] broadcast Sending to 4: 7
2025-12-17 02:12:35,119 INFO [root] [4] Received ECHO message from 4
2025-12-17 02:12:35,119 INFO [root] [4] Received READY message from 4
2025-12-17 02:12:35,120 INFO [root] [4] Received ECHO message from 4
2025-12-17 02:12:35,120 INFO [root] [4] Received READY message from 4
2025-12-17 02:12:35,120 INFO [root] [4] Received ECHO message from 7
2025-12-17 02:12:35,125 INFO [root] [4] Received VAL message from 0
2025-12-17 02:12:35,125 INFO [root] entering n == commitee_size + 1
2025-12-17 02:12:35,125 INFO [root] [4] sender: 0, leader: 0
2025-12-17 02:12:35,125 INFO [root] [4] Successfully validated VAL message
2025-12-17 02:12:35,125 INFO [root] [4] Broadcasted ECHO message for roothash b'1`r\x04$\xd3\x854yD\x93+\xcfqIBT\x1e\x8d\x80u\xf4\x17\xc4U\xda\xa0\xcb\xeb\xff\x9c\x1b'
2025-12-17 02:12:35,125 INFO [root] broadcast Sending to 1: 4
2025-12-17 02:12:35,126 INFO [root] broadcast Sending to 2: 5
2025-12-17 02:12:35,126 INFO [root] broadcast Sending to 3: 6
2025-12-17 02:12:35,126 INFO [root] broadcast Sending to 4: 7
2025-12-17 02:12:35,126 INFO [root] [4] Received ECHO message from 7
2025-12-17 02:12:35,143 INFO [root] [4] Received ECHO message from 5
2025-12-17 02:12:35,144 INFO [root] [4] Received READY message from 5
2025-12-17 02:12:35,144 INFO [root] broadcast Sending to 1: 4
2025-12-17 02:12:35,144 INFO [root] broadcast Sending to 2: 5
2025-12-17 02:12:35,144 INFO [root] broadcast Sending to 3: 6
2025-12-17 02:12:35,144 INFO [root] broadcast Sending to 4: 7
2025-12-17 02:12:35,144 INFO [root] [4] Received READY message from 7
2025-12-17 02:12:35,144 INFO [root] Decoding output for roothash: b']\x85}"\x8b.d\x13\x95J\xc7\xf3\xf6)\xca\x04*\xcf\xc9~\xdb\r\x9b\x9d\x011C\'\xb5gk2'
2025-12-17 02:12:35,144 INFO [root] [3] Received RBC message
2025-12-17 02:12:35,144 INFO [root] multicast list: [4, 5, 6, 7]
2025-12-17 02:12:35,144 INFO [root] before avid.retrieve
2025-12-17 02:12:35,145 INFO [root] disperse msid: 1-0-1-B-AVSS, index: 0
2025-12-17 02:12:35,145 INFO [root] AVID retrieve called with sid: 1-0-1-B-AVID, index: 0
2025-12-17 02:12:35,145 INFO [root] AVID broadcast to 1: 4
2025-12-17 02:12:35,145 INFO [root] AVID broadcast to 2: 5
2025-12-17 02:12:35,145 INFO [root] AVID broadcast to 3: 6
2025-12-17 02:12:35,145 INFO [root] AVID broadcast to 4: 7
2025-12-17 02:12:35,145 INFO [root] disperse msid: 1-0-1-B-AVSS, index: 1
2025-12-17 02:12:35,145 INFO [root] AVID retrieve called with sid: 1-0-1-B-AVID, index: 1
2025-12-17 02:12:35,146 INFO [root] [4] Received ECHO message from 5
2025-12-17 02:12:35,146 INFO [root] [4] Broadcasted READY message for roothash b'\xf2\x9f5\xaa\x15\x87\x91\x00ct\x1d\x91\xd7\x98\xc1\xbdX\x88K\x16(\xdd^\xc9\xba\xa1\xae5\xa7):p'
2025-12-17 02:12:35,146 INFO [root] broadcast Sending to 1: 4
2025-12-17 02:12:35,146 INFO [root] broadcast Sending to 2: 5
2025-12-17 02:12:35,146 INFO [root] broadcast Sending to 3: 6
2025-12-17 02:12:35,146 INFO [root] broadcast Sending to 4: 7
2025-12-17 02:12:35,146 INFO [root] [4] Received READY message from 5
2025-12-17 02:12:35,146 INFO [root] [4] Received ECHO message from 5
2025-12-17 02:12:35,146 INFO [root] [4] Broadcasted READY message for roothash b'1`r\x04$\xd3\x854yD\x93+\xcfqIBT\x1e\x8d\x80u\xf4\x17\xc4U\xda\xa0\xcb\xeb\xff\x9c\x1b'
2025-12-17 02:12:35,146 INFO [root] broadcast Sending to 1: 4
2025-12-17 02:12:35,146 INFO [root] broadcast Sending to 2: 5
2025-12-17 02:12:35,146 INFO [root] broadcast Sending to 3: 6
2025-12-17 02:12:35,146 INFO [root] broadcast Sending to 4: 7
2025-12-17 02:12:35,146 INFO [root] [4] Received READY message from 5
2025-12-17 02:12:35,147 INFO [root] 1-0-1-B-AVSS 3 RETRIEVE called.
2025-12-17 02:12:35,147 INFO [root] AVID broadcast to 1: 4
2025-12-17 02:12:35,147 INFO [root] AVID broadcast to 2: 5
2025-12-17 02:12:35,147 INFO [root] AVID broadcast to 3: 6
2025-12-17 02:12:35,147 INFO [root] AVID broadcast to 4: 7
2025-12-17 02:12:35,147 INFO [root] 1-0-1-B-AVSS 3 RETRIEVE broadcasted.
2025-12-17 02:12:35,147 INFO [root] [4] Received READY message from 7
2025-12-17 02:12:35,147 INFO [root] Decoding output for roothash: b'\xf2\x9f5\xaa\x15\x87\x91\x00ct\x1d\x91\xd7\x98\xc1\xbdX\x88K\x16(\xdd^\xc9\xba\xa1\xae5\xa7):p'
2025-12-17 02:12:35,148 INFO [root] [3] Received RBC message
2025-12-17 02:12:35,148 INFO [root] multicast list: [4, 5, 6, 7]
2025-12-17 02:12:35,148 INFO [root] before avid.retrieve
2025-12-17 02:12:35,148 INFO [root] [4] Received READY message from 7
2025-12-17 02:12:35,148 INFO [root] Decoding output for roothash: b'1`r\x04$\xd3\x854yD\x93+\xcfqIBT\x1e\x8d\x80u\xf4\x17\xc4U\xda\xa0\xcb\xeb\xff\x9c\x1b'
2025-12-17 02:12:35,148 INFO [root] [3] Received RBC message
2025-12-17 02:12:35,148 INFO [root] multicast list: [4, 5, 6, 7]
2025-12-17 02:12:35,148 INFO [root] before avid.retrieve
2025-12-17 02:12:35,148 INFO [root] disperse msid: 1-0-1-B-AVSS, index: 3
2025-12-17 02:12:35,148 INFO [root] AVID retrieve called with sid: 1-0-1-B-AVID, index: 3
2025-12-17 02:12:35,149 INFO [root] AVID broadcast to 1: 4
2025-12-17 02:12:35,149 INFO [root] AVID broadcast to 2: 5
2025-12-17 02:12:35,149 INFO [root] AVID broadcast to 3: 6
2025-12-17 02:12:35,149 INFO [root] AVID broadcast to 4: 7
2025-12-17 02:12:35,149 INFO [root] disperse msid: 2-0-1-B-AVSS, index: 0
2025-12-17 02:12:35,149 INFO [root] AVID retrieve called with sid: 2-0-1-B-AVID, index: 0
2025-12-17 02:12:35,149 INFO [root] AVID broadcast to 1: 4
2025-12-17 02:12:35,149 INFO [root] AVID broadcast to 2: 5
2025-12-17 02:12:35,149 INFO [root] AVID broadcast to 3: 6
2025-12-17 02:12:35,149 INFO [root] AVID broadcast to 4: 7
2025-12-17 02:12:35,149 INFO [root] disperse msid: 2-0-1-B-AVSS, index: 1
2025-12-17 02:12:35,149 INFO [root] AVID retrieve called with sid: 2-0-1-B-AVID, index: 1
2025-12-17 02:12:35,149 INFO [root] disperse msid: 0-0-1-B-AVSS, index: 0
2025-12-17 02:12:35,149 INFO [root] AVID retrieve called with sid: 0-0-1-B-AVID, index: 0
2025-12-17 02:12:35,149 INFO [root] AVID broadcast to 1: 4
2025-12-17 02:12:35,149 INFO [root] AVID broadcast to 2: 5
2025-12-17 02:12:35,149 INFO [root] AVID broadcast to 3: 6
2025-12-17 02:12:35,149 INFO [root] AVID broadcast to 4: 7
2025-12-17 02:12:35,149 INFO [root] AVID broadcast to 1: 4
2025-12-17 02:12:35,149 INFO [root] AVID broadcast to 2: 5
2025-12-17 02:12:35,149 INFO [root] AVID broadcast to 3: 6
2025-12-17 02:12:35,149 INFO [root] AVID broadcast to 4: 7
2025-12-17 02:12:35,149 INFO [root] disperse msid: 0-0-1-B-AVSS, index: 1
2025-12-17 02:12:35,149 INFO [root] AVID retrieve called with sid: 0-0-1-B-AVID, index: 1
2025-12-17 02:12:35,150 INFO [root] Sending deferred response sender:4 index:0
2025-12-17 02:12:35,150 INFO [root] Sending deferred response sender:5 index:1
2025-12-17 02:12:35,150 INFO [root] Sending deferred response sender:5 index:1
2025-12-17 02:12:35,150 INFO [root] 2-0-1-B-AVSS 3 RETRIEVE called.
2025-12-17 02:12:35,150 INFO [root] AVID broadcast to 1: 4
2025-12-17 02:12:35,150 INFO [root] AVID broadcast to 2: 5
2025-12-17 02:12:35,150 INFO [root] AVID broadcast to 3: 6
2025-12-17 02:12:35,150 INFO [root] AVID broadcast to 4: 7
2025-12-17 02:12:35,150 INFO [root] 2-0-1-B-AVSS 3 RETRIEVE broadcasted.
2025-12-17 02:12:35,150 INFO [root] 0-0-1-B-AVSS 3 RETRIEVE called.
2025-12-17 02:12:35,151 INFO [root] AVID broadcast to 1: 4
2025-12-17 02:12:35,151 INFO [root] AVID broadcast to 2: 5
2025-12-17 02:12:35,151 INFO [root] AVID broadcast to 3: 6
2025-12-17 02:12:35,151 INFO [root] AVID broadcast to 4: 7
2025-12-17 02:12:35,151 INFO [root] 0-0-1-B-AVSS 3 RETRIEVE broadcasted.
2025-12-17 02:12:35,151 INFO [root] 1-0-1-B-AVSS 3 AVID retrieve msg from 5
2025-12-17 02:12:35,151 INFO [root] AVID retrieve response received
2025-12-17 02:12:35,151 INFO [root] retrieve msid: 1-0-1-B-AVID, response_index: 3
2025-12-17 02:12:35,151 INFO [root] RESPONSE from 5
2025-12-17 02:12:35,151 INFO [root] sender self.committee_size: 1
2025-12-17 02:12:35,151 INFO [root] 1-0-1-B-AVSS 3 AVID retrieve msg from 4
2025-12-17 02:12:35,151 INFO [root] AVID retrieve response received
2025-12-17 02:12:35,151 INFO [root] retrieve msid: 1-0-1-B-AVID, response_index: 3
2025-12-17 02:12:35,151 INFO [root] RESPONSE from 4
2025-12-17 02:12:35,151 INFO [root] sender self.committee_size: 0
2025-12-17 02:12:35,152 INFO [root] 1-0-1-B-AVSS 3 RETRIEVE complete.
2025-12-17 02:12:35,152 INFO [root] after avid.retrieve dispersal_msg
2025-12-17 02:12:35,152 INFO [root] Handling dealer messages for dealer_id: 1, tag: 1-0-1-B-AVSS
2025-12-17 02:12:35,152 INFO [root] Decrypting dispersal message from dealer_id 1
2025-12-17 02:12:35,204 INFO [root] shares verified successfully
2025-12-17 02:12:35,204 INFO [root] all_shares_valid: True
2025-12-17 02:12:35,205 INFO [root] after _handle_dealer_msgs, all_shares_valid
2025-12-17 02:12:35,205 INFO [root] self.tagvars[tag]['all_shares_valid']: True
2025-12-17 02:12:35,205 INFO [root] avss_without_proof dealer_id: 1
2025-12-17 02:12:35,205 INFO [root] multicast to 4
2025-12-17 02:12:35,205 INFO [root] multicast to 5
2025-12-17 02:12:35,205 INFO [root] multicast to 6
2025-12-17 02:12:35,205 INFO [root] multicast to 7
2025-12-17 02:12:35,205 INFO [root] [3] Received OK from [4]
2025-12-17 02:12:35,205 INFO [root] [3] OK set: {4}
2025-12-17 02:12:35,206 INFO [root] output: True
2025-12-17 02:12:35,206 INFO [root] [3] Received OK from [5]
2025-12-17 02:12:35,206 INFO [root] [3] OK set: {4, 5}
2025-12-17 02:12:35,206 INFO [root] output: True
2025-12-17 02:12:35,206 INFO [root] layer ID: 1 received shares from dealer 1
2025-12-17 02:12:35,208 INFO [root] disperse msid: 2-0-1-B-AVSS, index: 3
2025-12-17 02:12:35,208 INFO [root] AVID retrieve called with sid: 2-0-1-B-AVID, index: 3
2025-12-17 02:12:35,208 INFO [root] disperse msid: 0-0-1-B-AVSS, index: 3
2025-12-17 02:12:35,208 INFO [root] AVID retrieve called with sid: 0-0-1-B-AVID, index: 3
2025-12-17 02:12:35,208 INFO [root] [3] Received OK from [7]
2025-12-17 02:12:35,208 INFO [root] [3] OK set: {4, 5, 7}
2025-12-17 02:12:35,208 INFO [root] output: True
2025-12-17 02:12:35,209 INFO [root] disperse msid: 2-0-1-B-AVSS, index: 2
2025-12-17 02:12:35,209 INFO [root] AVID retrieve called with sid: 2-0-1-B-AVID, index: 2
2025-12-17 02:12:35,209 INFO [root] disperse msid: 0-0-1-B-AVSS, index: 2
2025-12-17 02:12:35,209 INFO [root] AVID retrieve called with sid: 0-0-1-B-AVID, index: 2
2025-12-17 02:12:35,209 INFO [root] disperse msid: 1-0-1-B-AVSS, index: 2
2025-12-17 02:12:35,209 INFO [root] AVID retrieve called with sid: 1-0-1-B-AVID, index: 2
2025-12-17 02:12:35,209 INFO [root] [3] Received OK from [6]
2025-12-17 02:12:35,209 INFO [root] [3] OK set: {4, 5, 6, 7}
2025-12-17 02:12:35,210 INFO [root] output: True
2025-12-17 02:12:35,210 INFO [root] [3] exit
2025-12-17 02:12:35,210 INFO [root] 2-0-1-B-AVSS 3 AVID retrieve msg from 4
2025-12-17 02:12:35,210 INFO [root] AVID retrieve response received
2025-12-17 02:12:35,210 INFO [root] retrieve msid: 2-0-1-B-AVID, response_index: 3
2025-12-17 02:12:35,210 INFO [root] RESPONSE from 4
2025-12-17 02:12:35,210 INFO [root] sender self.committee_size: 0
2025-12-17 02:12:35,210 INFO [root] 2-0-1-B-AVSS 3 AVID retrieve msg from 5
2025-12-17 02:12:35,211 INFO [root] AVID retrieve response received
2025-12-17 02:12:35,211 INFO [root] retrieve msid: 2-0-1-B-AVID, response_index: 3
2025-12-17 02:12:35,211 INFO [root] RESPONSE from 5
2025-12-17 02:12:35,211 INFO [root] sender self.committee_size: 1
2025-12-17 02:12:35,211 INFO [root] 2-0-1-B-AVSS 3 RETRIEVE complete.
2025-12-17 02:12:35,211 INFO [root] after avid.retrieve dispersal_msg
2025-12-17 02:12:35,211 INFO [root] Handling dealer messages for dealer_id: 2, tag: 2-0-1-B-AVSS
2025-12-17 02:12:35,212 INFO [root] Decrypting dispersal message from dealer_id 2
2025-12-17 02:12:35,224 INFO [root] shares verified successfully
2025-12-17 02:12:35,224 INFO [root] all_shares_valid: True
2025-12-17 02:12:35,224 INFO [root] after _handle_dealer_msgs, all_shares_valid
2025-12-17 02:12:35,224 INFO [root] self.tagvars[tag]['all_shares_valid']: True
2025-12-17 02:12:35,224 INFO [root] avss_without_proof dealer_id: 2
2025-12-17 02:12:35,224 INFO [root] multicast to 4
2025-12-17 02:12:35,224 INFO [root] multicast to 5
2025-12-17 02:12:35,224 INFO [root] multicast to 6
2025-12-17 02:12:35,224 INFO [root] multicast to 7
2025-12-17 02:12:35,224 INFO [root] [3] Received OK from [4]
2025-12-17 02:12:35,224 INFO [root] [3] OK set: {4}
2025-12-17 02:12:35,224 INFO [root] output: True
2025-12-17 02:12:35,225 INFO [root] [3] Received OK from [5]
2025-12-17 02:12:35,225 INFO [root] [3] OK set: {4, 5}
2025-12-17 02:12:35,225 INFO [root] output: True
2025-12-17 02:12:35,225 INFO [root] [3] Received OK from [6]
2025-12-17 02:12:35,225 INFO [root] [3] OK set: {4, 5, 6}
2025-12-17 02:12:35,225 INFO [root] output: True
2025-12-17 02:12:35,225 INFO [root] 0-0-1-B-AVSS 3 AVID retrieve msg from 4
2025-12-17 02:12:35,225 INFO [root] AVID retrieve response received
2025-12-17 02:12:35,230 INFO [root] retrieve msid: 0-0-1-B-AVID, response_index: 3
2025-12-17 02:12:35,230 INFO [root] RESPONSE from 4
2025-12-17 02:12:35,230 INFO [root] sender self.committee_size: 0
2025-12-17 02:12:35,230 INFO [root] 0-0-1-B-AVSS 3 AVID retrieve msg from 5
2025-12-17 02:12:35,230 INFO [root] AVID retrieve response received
2025-12-17 02:12:35,230 INFO [root] retrieve msid: 0-0-1-B-AVID, response_index: 3
2025-12-17 02:12:35,230 INFO [root] RESPONSE from 5
2025-12-17 02:12:35,230 INFO [root] sender self.committee_size: 1
2025-12-17 02:12:35,231 INFO [root] 0-0-1-B-AVSS 3 RETRIEVE complete.
2025-12-17 02:12:35,231 INFO [root] after avid.retrieve dispersal_msg
2025-12-17 02:12:35,231 INFO [root] Handling dealer messages for dealer_id: 0, tag: 0-0-1-B-AVSS
2025-12-17 02:12:35,231 INFO [root] Decrypting dispersal message from dealer_id 0
2025-12-17 02:12:35,240 INFO [root] shares verified successfully
2025-12-17 02:12:35,243 INFO [root] all_shares_valid: True
2025-12-17 02:12:35,243 INFO [root] after _handle_dealer_msgs, all_shares_valid
2025-12-17 02:12:35,243 INFO [root] self.tagvars[tag]['all_shares_valid']: True
2025-12-17 02:12:35,243 INFO [root] avss_without_proof dealer_id: 0
2025-12-17 02:12:35,243 INFO [root] multicast to 4
2025-12-17 02:12:35,243 INFO [root] multicast to 5
2025-12-17 02:12:35,243 INFO [root] multicast to 6
2025-12-17 02:12:35,243 INFO [root] multicast to 7
2025-12-17 02:12:35,243 INFO [root] [3] Received OK from [4]
2025-12-17 02:12:35,244 INFO [root] [3] OK set: {4}
2025-12-17 02:12:35,244 INFO [root] output: True
2025-12-17 02:12:35,244 INFO [root] [3] Received OK from [5]
2025-12-17 02:12:35,244 INFO [root] [3] OK set: {4, 5}
2025-12-17 02:12:35,244 INFO [root] output: True
2025-12-17 02:12:35,244 INFO [root] [3] Received OK from [6]
2025-12-17 02:12:35,244 INFO [root] [3] OK set: {4, 5, 6}
2025-12-17 02:12:35,244 INFO [root] output: True
2025-12-17 02:12:35,244 INFO [root] layer ID: 1 received shares from dealer 2
2025-12-17 02:12:35,244 INFO [root] layer ID: 1 received shares from dealer 0
2025-12-17 02:12:35,244 INFO [root] [3] Received OK from [7]
2025-12-17 02:12:35,245 INFO [root] [3] OK set: {4, 5, 6, 7}
2025-12-17 02:12:35,245 INFO [root] output: True
2025-12-17 02:12:35,245 INFO [root] [3] exit
2025-12-17 02:12:35,245 INFO [root] [3] Received OK from [7]
2025-12-17 02:12:35,245 INFO [root] [3] OK set: {4, 5, 6, 7}
2025-12-17 02:12:35,245 INFO [root] output: True
2025-12-17 02:12:35,245 INFO [root] [3] exit
2025-12-17 02:12:35,245 INFO [root] AVID broadcast to 1: 4
2025-12-17 02:12:35,245 INFO [root] AVID broadcast to 2: 5
2025-12-17 02:12:35,245 INFO [root] AVID broadcast to 3: 6
2025-12-17 02:12:35,245 INFO [root] AVID broadcast to 4: 7
2025-12-17 02:12:35,274 INFO [root] [4] Received VAL message from 3
2025-12-17 02:12:35,275 INFO [root] entering n == commitee_size + 1
2025-12-17 02:12:35,275 INFO [root] [4] sender: 3, leader: 3
2025-12-17 02:12:35,275 INFO [root] [4] Successfully validated VAL message
2025-12-17 02:12:35,275 INFO [root] [4] Broadcasted ECHO message for roothash b'@\xa7\r\x05\xfb\x80\xf0\x9a\x14\xbe\x80\x10m\xa5\x866\x93\xd0\x9e\x00R\xd0}\x08\x00.\r\xb8\xc6\xcf\x9f\xf6'
2025-12-17 02:12:35,275 INFO [root] broadcast Sending to 1: 4
2025-12-17 02:12:35,275 INFO [root] broadcast Sending to 2: 5
2025-12-17 02:12:35,275 INFO [root] broadcast Sending to 3: 6
2025-12-17 02:12:35,275 INFO [root] broadcast Sending to 4: 7
2025-12-17 02:12:35,275 INFO [root] [4] Received ECHO message from 7
2025-12-17 02:12:35,275 INFO [root] [4] Received ECHO message from 4
2025-12-17 02:12:35,276 INFO [root] [4] Received ECHO message from 5
2025-12-17 02:12:35,276 INFO [root] [4] Broadcasted READY message for roothash b'@\xa7\r\x05\xfb\x80\xf0\x9a\x14\xbe\x80\x10m\xa5\x866\x93\xd0\x9e\x00R\xd0}\x08\x00.\r\xb8\xc6\xcf\x9f\xf6'
2025-12-17 02:12:35,276 INFO [root] broadcast Sending to 1: 4
2025-12-17 02:12:35,276 INFO [root] broadcast Sending to 2: 5
2025-12-17 02:12:35,276 INFO [root] broadcast Sending to 3: 6
2025-12-17 02:12:35,276 INFO [root] broadcast Sending to 4: 7
2025-12-17 02:12:35,276 INFO [root] [4] Received READY message from 7
2025-12-17 02:12:35,276 INFO [root] [4] Received ECHO message from 6
2025-12-17 02:12:35,277 INFO [root] [4] Received READY message from 4
2025-12-17 02:12:35,277 INFO [root] [4] Received READY message from 5
2025-12-17 02:12:35,277 INFO [root] Decoding output for roothash: b'@\xa7\r\x05\xfb\x80\xf0\x9a\x14\xbe\x80\x10m\xa5\x866\x93\xd0\x9e\x00R\xd0}\x08\x00.\r\xb8\xc6\xcf\x9f\xf6'
2025-12-17 02:12:35,277 INFO [root] [3] Received RBC message
2025-12-17 02:12:35,277 INFO [root] multicast list: [4, 5, 6, 7]
2025-12-17 02:12:35,277 INFO [root] before avid.retrieve
2025-12-17 02:12:35,277 INFO [root] AVID broadcast to 1: 4
2025-12-17 02:12:35,278 INFO [root] AVID broadcast to 2: 5
2025-12-17 02:12:35,278 INFO [root] AVID broadcast to 3: 6
2025-12-17 02:12:35,278 INFO [root] AVID broadcast to 4: 7
2025-12-17 02:12:35,278 INFO [root] AVID broadcast to 1: 4
2025-12-17 02:12:35,278 INFO [root] AVID broadcast to 2: 5
2025-12-17 02:12:35,278 INFO [root] AVID broadcast to 3: 6
2025-12-17 02:12:35,278 INFO [root] AVID broadcast to 4: 7
2025-12-17 02:12:35,279 INFO [root] 3-0-1-B-AVSS 3 RETRIEVE called.
2025-12-17 02:12:35,279 INFO [root] AVID broadcast to 1: 4
2025-12-17 02:12:35,279 INFO [root] AVID broadcast to 2: 5
2025-12-17 02:12:35,279 INFO [root] AVID broadcast to 3: 6
2025-12-17 02:12:35,279 INFO [root] AVID broadcast to 4: 7
2025-12-17 02:12:35,279 INFO [root] 3-0-1-B-AVSS 3 RETRIEVE broadcasted.
2025-12-17 02:12:35,280 INFO [root] disperse msid: 3-0-1-B-AVSS, index: 3
2025-12-17 02:12:35,280 INFO [root] AVID retrieve called with sid: 3-0-1-B-AVID, index: 3
2025-12-17 02:12:35,280 INFO [root] 3-0-1-B-AVSS 3 AVID retrieve msg from 7
2025-12-17 02:12:35,280 INFO [root] AVID retrieve response received
2025-12-17 02:12:35,280 INFO [root] retrieve msid: 3-0-1-B-AVID, response_index: 3
2025-12-17 02:12:35,280 INFO [root] RESPONSE from 7
2025-12-17 02:12:35,280 INFO [root] sender self.committee_size: 3
2025-12-17 02:12:35,280 INFO [root] disperse msid: 3-0-1-B-AVSS, index: 0
2025-12-17 02:12:35,280 INFO [root] AVID retrieve called with sid: 3-0-1-B-AVID, index: 0
2025-12-17 02:12:35,280 INFO [root] disperse msid: 3-0-1-B-AVSS, index: 1
2025-12-17 02:12:35,281 INFO [root] AVID retrieve called with sid: 3-0-1-B-AVID, index: 1
2025-12-17 02:12:35,281 INFO [root] disperse msid: 3-0-1-B-AVSS, index: 2
2025-12-17 02:12:35,281 INFO [root] AVID retrieve called with sid: 3-0-1-B-AVID, index: 2
2025-12-17 02:12:35,281 INFO [root] 3-0-1-B-AVSS 3 AVID retrieve msg from 5
2025-12-17 02:12:35,281 INFO [root] AVID retrieve response received
2025-12-17 02:12:35,281 INFO [root] retrieve msid: 3-0-1-B-AVID, response_index: 3
2025-12-17 02:12:35,281 INFO [root] RESPONSE from 5
2025-12-17 02:12:35,281 INFO [root] sender self.committee_size: 1
2025-12-17 02:12:35,282 INFO [root] 3-0-1-B-AVSS 3 RETRIEVE complete.
2025-12-17 02:12:35,282 INFO [root] after avid.retrieve dispersal_msg
2025-12-17 02:12:35,282 INFO [root] Handling dealer messages for dealer_id: 3, tag: 3-0-1-B-AVSS
2025-12-17 02:12:35,282 INFO [root] Decrypting dispersal message from dealer_id 3
2025-12-17 02:12:35,286 INFO [root] shares verified successfully
2025-12-17 02:12:35,287 INFO [root] all_shares_valid: True
2025-12-17 02:12:35,287 INFO [root] after _handle_dealer_msgs, all_shares_valid
2025-12-17 02:12:35,287 INFO [root] self.tagvars[tag]['all_shares_valid']: True
2025-12-17 02:12:35,287 INFO [root] avss_without_proof dealer_id: 3
2025-12-17 02:12:35,287 INFO [root] multicast to 4
2025-12-17 02:12:35,287 INFO [root] multicast to 5
2025-12-17 02:12:35,287 INFO [root] multicast to 6
2025-12-17 02:12:35,287 INFO [root] multicast to 7
2025-12-17 02:12:35,287 INFO [root] layer ID: 1 received shares from dealer 3
2025-12-17 02:12:35,287 INFO [root] layer ID: 1 received all shares from the previous layer
2025-12-17 02:12:35,288 INFO [root] layer ID: 1 clients_input_shares length: 200
2025-12-17 02:12:35,288 INFO [root] layer ID: 1 recv_input_time: 0.17591547966003418
2025-12-17 02:12:35,288 INFO [root] layer ID: 1 trusted_verification_time: 0.17591547966003418
2025-12-17 02:12:35,290 INFO [root] layer ID: 1 add_outputs length: 50
2025-12-17 02:12:35,290 INFO [root] layer ID: 1 exec_time: 0.002530336380004883
2025-12-17 02:12:35,291 INFO [beaver.transfer] [3] Starting DynamicTransfer
2025-12-17 02:12:35,291 INFO [beaver.transfer] [3] Starting ACSS to share 50 secrets
2025-12-17 02:12:35,291 INFO [root] [3] [asynchronous dynamic transfer] Layer ID: 1
2025-12-17 02:12:35,291 INFO [root] public_keys: [{'X': '366817680470165456432603057437151323006366117297713398914427463542879868839625611518167912777439961034474010652305', 'Y': '2227567076373783985161816473923811722211157941763609769139217572339488214445501198708335794993264137637994489362514'}, {'X': '2545250897729519346685826308641401980346473949409225522794199165068265367047685996407114795636258701859479133033823', 'Y': '1132543819387556185792079284209523391971493789578218960464003109898887598819605846559753141011685135755083299755965'}, {'X': '2320882442456627016330656904501844113186064695605477933785849636130106158736632406703515886808496479900201389714554', 'Y': '1428947335699465234513917684882119038102228213003086773438035808862249435756901023263235629686118502985430796693002'}, {'X': '3296688207631206627151091881618630664623351053870004032585761703324479467020962072802754354631914364375442719476986', 'Y': '738054466616921500099329026537898203815933850813369017605535091746720096248111389054263776803862405454074480011464'}]
2025-12-17 02:12:35,291 INFO [root] layer ID: 1 trans_pre_time: 0.0008289813995361328
2025-12-17 02:12:35,291 INFO [root] [3] AVSS tag: 3-0-2-B-AVSS
2025-12-17 02:12:35,291 INFO [root] [3] RBC tag: 3-0-2-B-RBC
2025-12-17 02:12:35,292 INFO [root] enter avss_with_aggtransfer
g = {[6679831729115696150 8653662730902241269 1535610680227111361 17342916647841752903 17135755455211762752 1297449291367578485] [13451288730302620273 10097742279870053774 15949884091978425806 5885175747529691540 1016841820992199104 845620083434234474]}
h = {[13794385998538644597 108816626937764141 12130603454454490125 6127379912259600201 17481961476035825978 950355161936836191] [10722765800778186391 17107915684035394744 11626309118465119103 5217919199071354366 6102759180633827794 660535627654889709]}
Equal? false
2025-12-17 02:12:35,441 INFO [root] self.msgmode: avss_with_aggtransfer
2025-12-17 02:12:35,442 INFO [beaver.batch_multiplication] [3] Starting BatchMultiplication
num_generators 50
2025-12-17 02:12:35,659 INFO [beaver.batch_multiplication] Proof hex length: 9288
2025-12-17 02:12:35,660 INFO [beaver.batch_multiplication] Proof size (bytes): 4644
2025-12-17 02:12:35,660 INFO [beaver.batch_multiplication] Proof size (strict bytes): 4644
2025-12-17 02:12:35,660 INFO [beaver.batch_multiplication] [3] Starting ACSS to evaluate 50 multiplication gates
2025-12-17 02:12:35,660 INFO [root] [3] Received OK from [7]
2025-12-17 02:12:35,660 INFO [root] [3] OK set: {7}
2025-12-17 02:12:35,660 INFO [root] output: True
2025-12-17 02:12:35,660 INFO [root] rbc_list: [7, 8, 9, 10, 11]
2025-12-17 02:12:35,660 INFO [root] committee_size: 4
2025-12-17 02:12:35,660 INFO [root] n: 5
2025-12-17 02:12:35,660 INFO [root] f: 1
2025-12-17 02:12:35,660 INFO [root] pid: 3
2025-12-17 02:12:35,661 INFO [root] leader: 3
2025-12-17 02:12:35,661 INFO [root] [3] Sending to 0: 8
2025-12-17 02:12:35,661 INFO [root] [3] Sending to 1: 9
2025-12-17 02:12:35,661 INFO [root] [3] Sending to 2: 10
2025-12-17 02:12:35,661 INFO [root] [3] Sending to 3: 11
2025-12-17 02:12:35,661 INFO [root] [3] Starting AVID disperse
2025-12-17 02:12:35,661 INFO [root] public_keys: [{'X': '366817680470165456432603057437151323006366117297713398914427463542879868839625611518167912777439961034474010652305', 'Y': '2227567076373783985161816473923811722211157941763609769139217572339488214445501198708335794993264137637994489362514'}, {'X': '2545250897729519346685826308641401980346473949409225522794199165068265367047685996407114795636258701859479133033823', 'Y': '1132543819387556185792079284209523391971493789578218960464003109898887598819605846559753141011685135755083299755965'}, {'X': '2320882442456627016330656904501844113186064695605477933785849636130106158736632406703515886808496479900201389714554', 'Y': '1428947335699465234513917684882119038102228213003086773438035808862249435756901023263235629686118502985430796693002'}, {'X': '3296688207631206627151091881618630664623351053870004032585761703324479467020962072802754354631914364375442719476986', 'Y': '738054466616921500099329026537898203815933850813369017605535091746720096248111389054263776803862405454074480011464'}]
2025-12-17 02:12:35,661 INFO [root] layer ID: 1 mul_pre_time: 0.37004709243774414
2025-12-17 02:12:35,661 INFO [root] layer ID: 1 layer_time: 0.5495133399963379
2025-12-17 02:12:35,662 INFO [root] [3] Dispersed VAL message to committee
2025-12-17 02:12:35,662 INFO [root] [3] AVSS tag: 3-0-2-B-AVSS
2025-12-17 02:12:35,662 INFO [root] [3] RBC tag: 3-0-2-B-RBC
g = {[6679831729115696150 8653662730902241269 1535610680227111361 17342916647841752903 17135755455211762752 1297449291367578485] [13451288730302620273 10097742279870053774 15949884091978425806 5885175747529691540 1016841820992199104 845620083434234474]}
h = {[13794385998538644597 108816626937764141 12130603454454490125 6127379912259600201 17481961476035825978 950355161936836191] [10722765800778186391 17107915684035394744 11626309118465119103 5217919199071354366 6102759180633827794 660535627654889709]}
Equal? false
2025-12-17 02:12:35,840 INFO [root] self.msgmode: avss_with_aggbatch_multiplication
2025-12-17 02:12:35,841 INFO [root] rbc_list: [7, 8, 9, 10, 11]
2025-12-17 02:12:35,841 INFO [root] committee_size: 4
2025-12-17 02:12:35,841 INFO [root] n: 5
2025-12-17 02:12:35,841 INFO [root] f: 1
2025-12-17 02:12:35,841 INFO [root] pid: 3
2025-12-17 02:12:35,841 INFO [root] leader: 3
2025-12-17 02:12:35,841 INFO [root] [3] Sending to 0: 8
2025-12-17 02:12:35,841 INFO [root] [3] Sending to 1: 9
2025-12-17 02:12:35,841 INFO [root] [3] Sending to 2: 10
2025-12-17 02:12:35,841 INFO [root] [3] Sending to 3: 11
2025-12-17 02:12:35,841 INFO [root] [3] Starting AVID disperse
2025-12-17 02:12:35,843 INFO [root] [3] Dispersed VAL message to committee
2025-12-17 02:12:35,843 INFO [root] [3] Received OK from [5]
2025-12-17 02:12:35,843 INFO [root] [3] OK set: {5, 7}
2025-12-17 02:12:35,843 INFO [root] output: True
2025-12-17 02:12:35,843 INFO [root] [3] Received OK from [4]
2025-12-17 02:12:35,844 INFO [root] [3] OK set: {4, 5, 7}
2025-12-17 02:12:35,844 INFO [root] output: True
2025-12-17 02:12:35,844 INFO [root] [3] Received OK from [6]
2025-12-17 02:12:35,844 INFO [root] [3] OK set: {4, 5, 6, 7}
2025-12-17 02:12:35,844 INFO [root] output: True
2025-12-17 02:12:35,844 INFO [root] [3] exit
my_send_id: 7 exec_time: 5.554675340652466
2025-12-17 02:12:45,666 INFO [root] [3] Bytes Sent: A1:154207 which is 12.264%
2025-12-17 02:12:45,666 INFO [root] [3] Bytes Sent: TR2:318540 which is 25.332%
2025-12-17 02:12:45,666 INFO [root] [3] Bytes Sent: M2:784692 which is 62.404%
2025-12-17 02:12:45,666 INFO [root] [3] Total bytes sent out aa: 1257439
2025-12-17 02:12:45,669 INFO [benchmark_logger] Total bytes sent out: 1257439
2025-12-17 02:12:45,677 ERROR [asyncio] Task was destroyed but it is pending!
task: <Task pending name='Task-35' coro=<subscribe_recv.<locals>._recv_loop() running at /opt/dumbo-mpc/dumbo-mpc/AsyRanTriGen/beaver/utils/misc.py:89> wait_for=<Future pending cb=[<TaskWakeupMethWrapper object at 0x7f9b03778fd0>()]>>
2025-12-17 02:12:45,677 ERROR [asyncio] Task was destroyed but it is pending!
task: <Task pending name='Task-37' coro=<subscribe_recv.<locals>._recv_loop() running at /opt/dumbo-mpc/dumbo-mpc/AsyRanTriGen/beaver/utils/misc.py:89> wait_for=<Future pending cb=[<TaskWakeupMethWrapper object at 0x7f9b03716250>()]>>
Exception ignored in: <coroutine object subscribe_recv.<locals>._recv_loop at 0x7f9b128ecbc0>
Traceback (most recent call last):
  File "/opt/dumbo-mpc/dumbo-mpc/AsyRanTriGen/beaver/utils/misc.py", line 89, in _recv_loop
    j, (tag, o) = await recv()
  File "/usr/lib/python3.8/asyncio/queues.py", line 165, in get
    getter.cancel()  # Just in case getter is not done yet.
  File "uvloop/loop.pyx", line 1281, in uvloop.loop.Loop.call_soon
  File "uvloop/loop.pyx", line 669, in uvloop.loop.Loop._call_soon
  File "uvloop/loop.pyx", line 678, in uvloop.loop.Loop._call_soon_handle
  File "uvloop/loop.pyx", line 673, in uvloop.loop.Loop._append_ready_handle
  File "uvloop/loop.pyx", line 705, in uvloop.loop.Loop._check_closed
RuntimeError: Event loop is closed
Exception ignored in: <coroutine object subscribe_recv.<locals>._recv_loop at 0x7f9b128b8a40>
Traceback (most recent call last):
  File "/opt/dumbo-mpc/dumbo-mpc/AsyRanTriGen/beaver/utils/misc.py", line 89, in _recv_loop
    j, (tag, o) = await recv()
  File "/usr/lib/python3.8/asyncio/queues.py", line 165, in get
    getter.cancel()  # Just in case getter is not done yet.
  File "uvloop/loop.pyx", line 1281, in uvloop.loop.Loop.call_soon
  File "uvloop/loop.pyx", line 669, in uvloop.loop.Loop._call_soon
  File "uvloop/loop.pyx", line 678, in uvloop.loop.Loop._call_soon_handle
  File "uvloop/loop.pyx", line 673, in uvloop.loop.Loop._append_ready_handle
  File "uvloop/loop.pyx", line 705, in uvloop.loop.Loop._check_closed
RuntimeError: Event loop is closed
2025-12-17 02:12:45,678 ERROR [asyncio] Task was destroyed but it is pending!
task: <Task pending name='Task-45' coro=<ACSS_Foll._recv_loop() running at /opt/dumbo-mpc/dumbo-mpc/AsyRanTriGen/beaver/hbacss.py:3696> wait_for=<Future pending cb=[<TaskWakeupMethWrapper object at 0x7f9b03fc7f40>()]>>
Exception ignored in: <coroutine object ACSS_Foll._recv_loop at 0x7f9b100311c0>
Traceback (most recent call last):
  File "/opt/dumbo-mpc/dumbo-mpc/AsyRanTriGen/beaver/hbacss.py", line 3696, in _recv_loop
    await avid.disperse(tag, self.my_id+1, dispersal_msg_list)
  File "/opt/dumbo-mpc/dumbo-mpc/AsyRanTriGen/beaver/broadcast/avid.py", line 461, in disperse
    sender, msg = await self.recv()
  File "/usr/lib/python3.8/asyncio/queues.py", line 165, in get
    getter.cancel()  # Just in case getter is not done yet.
  File "uvloop/loop.pyx", line 1281, in uvloop.loop.Loop.call_soon
  File "uvloop/loop.pyx", line 669, in uvloop.loop.Loop._call_soon
  File "uvloop/loop.pyx", line 678, in uvloop.loop.Loop._call_soon_handle
  File "uvloop/loop.pyx", line 673, in uvloop.loop.Loop._append_ready_handle
  File "uvloop/loop.pyx", line 705, in uvloop.loop.Loop._check_closed
RuntimeError: Event loop is closed
2025-12-17 02:12:45,681 ERROR [asyncio] Task was destroyed but it is pending!
task: <Task pending name='Task-46' coro=<subscribe_recv.<locals>._recv_loop() running at /opt/dumbo-mpc/dumbo-mpc/AsyRanTriGen/beaver/utils/misc.py:89> wait_for=<Future pending cb=[<TaskWakeupMethWrapper object at 0x7f9b1003e2e0>()]>>
2025-12-17 02:12:45,682 ERROR [asyncio] Task was destroyed but it is pending!
task: <Task pending name='Task-49' coro=<subscribe_recv.<locals>._recv_loop() running at /opt/dumbo-mpc/dumbo-mpc/AsyRanTriGen/beaver/utils/misc.py:89> wait_for=<Future pending cb=[<TaskWakeupMethWrapper object at 0x7f9b03778970>()]>>
2025-12-17 02:12:45,682 ERROR [asyncio] Task was destroyed but it is pending!
task: <Task pending name='Task-51' coro=<subscribe_recv.<locals>._recv_loop() running at /opt/dumbo-mpc/dumbo-mpc/AsyRanTriGen/beaver/utils/misc.py:89> wait_for=<Future pending cb=[<TaskWakeupMethWrapper object at 0x7f9b03778be0>()]>>
Exception ignored in: <coroutine object subscribe_recv.<locals>._recv_loop at 0x7f9b1003a340>
Traceback (most recent call last):
  File "/opt/dumbo-mpc/dumbo-mpc/AsyRanTriGen/beaver/utils/misc.py", line 89, in _recv_loop
    j, (tag, o) = await recv()
  File "/usr/lib/python3.8/asyncio/queues.py", line 165, in get
    getter.cancel()  # Just in case getter is not done yet.
  File "uvloop/loop.pyx", line 1281, in uvloop.loop.Loop.call_soon
  File "uvloop/loop.pyx", line 669, in uvloop.loop.Loop._call_soon
  File "uvloop/loop.pyx", line 678, in uvloop.loop.Loop._call_soon_handle
  File "uvloop/loop.pyx", line 673, in uvloop.loop.Loop._append_ready_handle
  File "uvloop/loop.pyx", line 705, in uvloop.loop.Loop._check_closed
RuntimeError: Event loop is closed
Exception ignored in: <coroutine object subscribe_recv.<locals>._recv_loop at 0x7f9b03777240>
Traceback (most recent call last):
  File "/opt/dumbo-mpc/dumbo-mpc/AsyRanTriGen/beaver/utils/misc.py", line 89, in _recv_loop
    j, (tag, o) = await recv()
  File "/usr/lib/python3.8/asyncio/queues.py", line 165, in get
    getter.cancel()  # Just in case getter is not done yet.
  File "uvloop/loop.pyx", line 1281, in uvloop.loop.Loop.call_soon
  File "uvloop/loop.pyx", line 669, in uvloop.loop.Loop._call_soon
  File "uvloop/loop.pyx", line 678, in uvloop.loop.Loop._call_soon_handle
  File "uvloop/loop.pyx", line 673, in uvloop.loop.Loop._append_ready_handle
  File "uvloop/loop.pyx", line 705, in uvloop.loop.Loop._check_closed
RuntimeError: Event loop is closed
Exception ignored in: <coroutine object subscribe_recv.<locals>._recv_loop at 0x7f9b03777640>
Traceback (most recent call last):
  File "/opt/dumbo-mpc/dumbo-mpc/AsyRanTriGen/beaver/utils/misc.py", line 89, in _recv_loop
    j, (tag, o) = await recv()
  File "/usr/lib/python3.8/asyncio/queues.py", line 165, in get
    getter.cancel()  # Just in case getter is not done yet.
  File "uvloop/loop.pyx", line 1281, in uvloop.loop.Loop.call_soon
  File "uvloop/loop.pyx", line 669, in uvloop.loop.Loop._call_soon
  File "uvloop/loop.pyx", line 678, in uvloop.loop.Loop._call_soon_handle
  File "uvloop/loop.pyx", line 673, in uvloop.loop.Loop._append_ready_handle
  File "uvloop/loop.pyx", line 705, in uvloop.loop.Loop._check_closed
RuntimeError: Event loop is closed
2025-12-17 02:12:45,683 ERROR [asyncio] Task was destroyed but it is pending!
task: <Task pending name='Task-43' coro=<ACSS_Foll._recv_loop() running at /opt/dumbo-mpc/dumbo-mpc/AsyRanTriGen/beaver/hbacss.py:3696> wait_for=<Future pending cb=[<TaskWakeupMethWrapper object at 0x7f9b10066dc0>()]>>
2025-12-17 02:12:45,683 ERROR [asyncio] Task was destroyed but it is pending!
task: <Task pending name='Task-44' coro=<ACSS_Foll._recv_loop() running at /opt/dumbo-mpc/dumbo-mpc/AsyRanTriGen/beaver/hbacss.py:3696> wait_for=<Future pending cb=[<TaskWakeupMethWrapper object at 0x7f9b10033970>()]>>
2025-12-17 02:12:45,683 ERROR [asyncio] Task was destroyed but it is pending!
task: <Task pending name='Task-42' coro=<ACSS_Foll._recv_loop() running at /opt/dumbo-mpc/dumbo-mpc/AsyRanTriGen/beaver/hbacss.py:3696> wait_for=<Future pending cb=[<TaskWakeupMethWrapper object at 0x7f9b1003eee0>()]>>
Exception ignored in: <coroutine object ACSS_Foll._recv_loop at 0x7f9b1003a640>
Traceback (most recent call last):
  File "/opt/dumbo-mpc/dumbo-mpc/AsyRanTriGen/beaver/hbacss.py", line 3696, in _recv_loop
    await avid.disperse(tag, self.my_id+1, dispersal_msg_list)
  File "/opt/dumbo-mpc/dumbo-mpc/AsyRanTriGen/beaver/broadcast/avid.py", line 461, in disperse
    sender, msg = await self.recv()
  File "/usr/lib/python3.8/asyncio/queues.py", line 165, in get
    getter.cancel()  # Just in case getter is not done yet.
  File "uvloop/loop.pyx", line 1281, in uvloop.loop.Loop.call_soon
  File "uvloop/loop.pyx", line 669, in uvloop.loop.Loop._call_soon
  File "uvloop/loop.pyx", line 678, in uvloop.loop.Loop._call_soon_handle
  File "uvloop/loop.pyx", line 673, in uvloop.loop.Loop._append_ready_handle
  File "uvloop/loop.pyx", line 705, in uvloop.loop.Loop._check_closed
RuntimeError: Event loop is closed
Exception ignored in: <coroutine object ACSS_Foll._recv_loop at 0x7f9b10035f40>
Traceback (most recent call last):
  File "/opt/dumbo-mpc/dumbo-mpc/AsyRanTriGen/beaver/hbacss.py", line 3696, in _recv_loop
    await avid.disperse(tag, self.my_id+1, dispersal_msg_list)
  File "/opt/dumbo-mpc/dumbo-mpc/AsyRanTriGen/beaver/broadcast/avid.py", line 461, in disperse
    sender, msg = await self.recv()
  File "/usr/lib/python3.8/asyncio/queues.py", line 165, in get
    getter.cancel()  # Just in case getter is not done yet.
  File "uvloop/loop.pyx", line 1281, in uvloop.loop.Loop.call_soon
  File "uvloop/loop.pyx", line 669, in uvloop.loop.Loop._call_soon
  File "uvloop/loop.pyx", line 678, in uvloop.loop.Loop._call_soon_handle
  File "uvloop/loop.pyx", line 673, in uvloop.loop.Loop._append_ready_handle
  File "uvloop/loop.pyx", line 705, in uvloop.loop.Loop._check_closed
RuntimeError: Event loop is closed
Exception ignored in: <coroutine object ACSS_Foll._recv_loop at 0x7f9b12906940>
Traceback (most recent call last):
  File "/opt/dumbo-mpc/dumbo-mpc/AsyRanTriGen/beaver/hbacss.py", line 3696, in _recv_loop
    await avid.disperse(tag, self.my_id+1, dispersal_msg_list)
  File "/opt/dumbo-mpc/dumbo-mpc/AsyRanTriGen/beaver/broadcast/avid.py", line 461, in disperse
    sender, msg = await self.recv()
  File "/usr/lib/python3.8/asyncio/queues.py", line 165, in get
    getter.cancel()  # Just in case getter is not done yet.
  File "uvloop/loop.pyx", line 1281, in uvloop.loop.Loop.call_soon
  File "uvloop/loop.pyx", line 669, in uvloop.loop.Loop._call_soon
  File "uvloop/loop.pyx", line 678, in uvloop.loop.Loop._call_soon_handle
  File "uvloop/loop.pyx", line 673, in uvloop.loop.Loop._append_ready_handle
  File "uvloop/loop.pyx", line 705, in uvloop.loop.Loop._check_closed
RuntimeError: Event loop is closed
2025-12-17 02:12:45,686 ERROR [asyncio] Task was destroyed but it is pending!
task: <Task pending name='Task-59' coro=<rbc_dyn() running at /opt/dumbo-mpc/dumbo-mpc/AsyRanTriGen/beaver/broadcast/reliablebroadcast.py:411> wait_for=<Future cancelled>>
Exception ignored in: <coroutine object rbc_dyn at 0x7f9b03725040>
Traceback (most recent call last):
  File "/opt/dumbo-mpc/dumbo-mpc/AsyRanTriGen/beaver/broadcast/reliablebroadcast.py", line 411, in rbc_dyn
    sender, msg = await receive()
  File "/usr/lib/python3.8/asyncio/queues.py", line 165, in get
    getter.cancel()  # Just in case getter is not done yet.
  File "uvloop/loop.pyx", line 1281, in uvloop.loop.Loop.call_soon
  File "uvloop/loop.pyx", line 669, in uvloop.loop.Loop._call_soon
  File "uvloop/loop.pyx", line 678, in uvloop.loop.Loop._call_soon_handle
  File "uvloop/loop.pyx", line 673, in uvloop.loop.Loop._append_ready_handle
  File "uvloop/loop.pyx", line 705, in uvloop.loop.Loop._check_closed
RuntimeError: Event loop is closed
2025-12-17 02:12:45,687 ERROR [asyncio] Task was destroyed but it is pending!
task: <Task pending name='Task-61' coro=<AVID_DYNAMIC.disperse() running at /opt/dumbo-mpc/dumbo-mpc/AsyRanTriGen/beaver/broadcast/avid.py:461> wait_for=<Future cancelled>>
Exception ignored in: <coroutine object AVID_DYNAMIC.disperse at 0x7f9b0371b1c0>
Traceback (most recent call last):
  File "/opt/dumbo-mpc/dumbo-mpc/AsyRanTriGen/beaver/broadcast/avid.py", line 461, in disperse
    sender, msg = await self.recv()
  File "/usr/lib/python3.8/asyncio/queues.py", line 165, in get
    getter.cancel()  # Just in case getter is not done yet.
  File "uvloop/loop.pyx", line 1281, in uvloop.loop.Loop.call_soon
  File "uvloop/loop.pyx", line 669, in uvloop.loop.Loop._call_soon
  File "uvloop/loop.pyx", line 678, in uvloop.loop.Loop._call_soon_handle
  File "uvloop/loop.pyx", line 673, in uvloop.loop.Loop._append_ready_handle
  File "uvloop/loop.pyx", line 705, in uvloop.loop.Loop._check_closed
RuntimeError: Event loop is closed
2025-12-17 02:12:45,687 ERROR [asyncio] Task was destroyed but it is pending!
task: <Task pending name='Task-57' coro=<subscribe_recv.<locals>._recv_loop() running at /opt/dumbo-mpc/dumbo-mpc/AsyRanTriGen/beaver/utils/misc.py:89> wait_for=<Future pending cb=[<TaskWakeupMethWrapper object at 0x7f9b03778d60>()]>>
2025-12-17 02:12:45,687 ERROR [asyncio] Task was destroyed but it is pending!
task: <Task pending name='Task-53' coro=<rbc_dyn() running at /opt/dumbo-mpc/dumbo-mpc/AsyRanTriGen/beaver/broadcast/reliablebroadcast.py:411> wait_for=<Future pending cb=[<TaskWakeupMethWrapper object at 0x7f9b03fc7cd0>()]>>
Exception ignored in: <coroutine object subscribe_recv.<locals>._recv_loop at 0x7f9b03777a40>
Traceback (most recent call last):
  File "/opt/dumbo-mpc/dumbo-mpc/AsyRanTriGen/beaver/utils/misc.py", line 89, in _recv_loop
    j, (tag, o) = await recv()
  File "/usr/lib/python3.8/asyncio/queues.py", line 165, in get
    getter.cancel()  # Just in case getter is not done yet.
  File "uvloop/loop.pyx", line 1281, in uvloop.loop.Loop.call_soon
  File "uvloop/loop.pyx", line 669, in uvloop.loop.Loop._call_soon
  File "uvloop/loop.pyx", line 678, in uvloop.loop.Loop._call_soon_handle
  File "uvloop/loop.pyx", line 673, in uvloop.loop.Loop._append_ready_handle
  File "uvloop/loop.pyx", line 705, in uvloop.loop.Loop._check_closed
RuntimeError: Event loop is closed
2025-12-17 02:12:45,688 ERROR [asyncio] Task was destroyed but it is pending!
task: <Task pending name='Task-56' coro=<AVID_DYNAMIC.disperse() running at /opt/dumbo-mpc/dumbo-mpc/AsyRanTriGen/beaver/broadcast/avid.py:461> wait_for=<Future pending cb=[<TaskWakeupMethWrapper object at 0x7f9b03778d90>()]>>
Exception ignored in: <coroutine object rbc_dyn at 0x7f9b037775c0>
Traceback (most recent call last):
  File "/opt/dumbo-mpc/dumbo-mpc/AsyRanTriGen/beaver/broadcast/reliablebroadcast.py", line 411, in rbc_dyn
    sender, msg = await receive()
  File "/usr/lib/python3.8/asyncio/queues.py", line 165, in get
    getter.cancel()  # Just in case getter is not done yet.
  File "uvloop/loop.pyx", line 1281, in uvloop.loop.Loop.call_soon
  File "uvloop/loop.pyx", line 669, in uvloop.loop.Loop._call_soon
  File "uvloop/loop.pyx", line 678, in uvloop.loop.Loop._call_soon_handle
  File "uvloop/loop.pyx", line 673, in uvloop.loop.Loop._append_ready_handle
  File "uvloop/loop.pyx", line 705, in uvloop.loop.Loop._check_closed
RuntimeError: Event loop is closed
Exception ignored in: <coroutine object AVID_DYNAMIC.disperse at 0x7f9b0371be40>
Traceback (most recent call last):
  File "/opt/dumbo-mpc/dumbo-mpc/AsyRanTriGen/beaver/broadcast/avid.py", line 461, in disperse
    sender, msg = await self.recv()
  File "/usr/lib/python3.8/asyncio/queues.py", line 165, in get
    getter.cancel()  # Just in case getter is not done yet.
  File "uvloop/loop.pyx", line 1281, in uvloop.loop.Loop.call_soon
  File "uvloop/loop.pyx", line 669, in uvloop.loop.Loop._call_soon
  File "uvloop/loop.pyx", line 678, in uvloop.loop.Loop._call_soon_handle
  File "uvloop/loop.pyx", line 673, in uvloop.loop.Loop._append_ready_handle
  File "uvloop/loop.pyx", line 705, in uvloop.loop.Loop._check_closed
RuntimeError: Event loop is closed
