2025-08-13 07:24:47,427 [INFO] [0] Starting AsyRanTriGen
2025-08-13 07:24:47,427 [INFO] self.pkbls: <beaver.broadcast.crypto.boldyreva.TBLSPublicKey object at 0xffff83ef0070>
2025-08-13 07:24:47,427 [INFO] self.skbls: <beaver.broadcast.crypto.boldyreva.TBLSPrivateKey object at 0xffff83ef00a0>
2025-08-13 07:24:47,445 [INFO] [0] Starting ACSS to share 4 secrets
2025-08-13 07:24:47,446 [INFO] [0] [ACSS] Using tag R_A (mode=avss_without_proof)
2025-08-13 07:24:47,554 [INFO] after pyCommit commitmentlistandprooflist
2025-08-13 07:24:47,601 [INFO] before return dumps
2025-08-13 07:24:47,601 [INFO] before reliablebroadcast
2025-08-13 07:24:47,602 [INFO] before reliablebroadcast
2025-08-13 07:24:47,602 [INFO] before reliablebroadcast
2025-08-13 07:24:47,602 [INFO] before reliablebroadcast
2025-08-13 07:24:47,602 [INFO] before reliablebroadcast
2025-08-13 07:24:47,602 [INFO] before reliablebroadcast
2025-08-13 07:24:47,602 [INFO] before reliablebroadcast
2025-08-13 07:24:47,602 [INFO] before reliablebroadcast
2025-08-13 07:24:47,602 [INFO] before reliablebroadcast
2025-08-13 07:24:47,602 [INFO] before reliablebroadcast
2025-08-13 07:24:47,602 [INFO] before reliablebroadcast
2025-08-13 07:24:47,602 [INFO] before reliablebroadcast
2025-08-13 07:24:47,602 [INFO] before reliablebroadcast
2025-08-13 07:24:47,602 [INFO] before reliablebroadcast
2025-08-13 07:24:47,602 [INFO] before reliablebroadcast
2025-08-13 07:24:47,602 [INFO] before reliablebroadcast
2025-08-13 07:24:47,704 [INFO] after reliablebroadcast
2025-08-13 07:24:47,704 [INFO] enter _process_avss_msg
2025-08-13 07:24:47,704 [INFO] AVID retrieve called with sid: 4-0-B-AVSS, index: 0
2025-08-13 07:24:47,704 [INFO] after reliablebroadcast
2025-08-13 07:24:47,704 [INFO] enter _process_avss_msg
2025-08-13 07:24:47,705 [INFO] AVID retrieve called with sid: 9-0-B-AVSS, index: 0
2025-08-13 07:24:47,705 [INFO] after reliablebroadcast
2025-08-13 07:24:47,705 [INFO] enter _process_avss_msg
2025-08-13 07:24:47,705 [INFO] AVID retrieve called with sid: 14-0-B-AVSS, index: 0
2025-08-13 07:24:47,705 [INFO] after reliablebroadcast
2025-08-13 07:24:47,705 [INFO] enter _process_avss_msg
2025-08-13 07:24:47,705 [INFO] AVID retrieve called with sid: 13-0-B-AVSS, index: 0
2025-08-13 07:24:47,705 [INFO] after reliablebroadcast
2025-08-13 07:24:47,705 [INFO] enter _process_avss_msg
2025-08-13 07:24:47,705 [INFO] AVID retrieve called with sid: 10-0-B-AVSS, index: 0
2025-08-13 07:24:47,705 [INFO] after reliablebroadcast
2025-08-13 07:24:47,705 [INFO] enter _process_avss_msg
2025-08-13 07:24:47,705 [INFO] AVID retrieve called with sid: 6-0-B-AVSS, index: 0
2025-08-13 07:24:47,705 [INFO] after reliablebroadcast
2025-08-13 07:24:47,705 [INFO] enter _process_avss_msg
2025-08-13 07:24:47,706 [INFO] AVID retrieve called with sid: 12-0-B-AVSS, index: 0
2025-08-13 07:24:47,706 [INFO] after reliablebroadcast
2025-08-13 07:24:47,706 [INFO] enter _process_avss_msg
2025-08-13 07:24:47,706 [INFO] AVID retrieve called with sid: 15-0-B-AVSS, index: 0
2025-08-13 07:24:47,707 [INFO] after reliablebroadcast
2025-08-13 07:24:47,707 [INFO] enter _process_avss_msg
2025-08-13 07:24:47,707 [INFO] AVID retrieve called with sid: 1-0-B-AVSS, index: 0
2025-08-13 07:24:47,708 [INFO] after reliablebroadcast
2025-08-13 07:24:47,708 [INFO] enter _process_avss_msg
2025-08-13 07:24:47,708 [INFO] AVID retrieve called with sid: 7-0-B-AVSS, index: 0
2025-08-13 07:24:47,708 [INFO] after reliablebroadcast
2025-08-13 07:24:47,708 [INFO] enter _process_avss_msg
2025-08-13 07:24:47,709 [INFO] AVID retrieve called with sid: 3-0-B-AVSS, index: 0
2025-08-13 07:24:47,709 [INFO] after reliablebroadcast
2025-08-13 07:24:47,709 [INFO] enter _process_avss_msg
2025-08-13 07:24:47,709 [INFO] AVID retrieve called with sid: 11-0-B-AVSS, index: 0
2025-08-13 07:24:47,710 [INFO] after reliablebroadcast
2025-08-13 07:24:47,710 [INFO] enter _process_avss_msg
2025-08-13 07:24:47,710 [INFO] AVID retrieve called with sid: 5-0-B-AVSS, index: 0
2025-08-13 07:24:47,710 [INFO] after reliablebroadcast
2025-08-13 07:24:47,710 [INFO] enter _process_avss_msg
2025-08-13 07:24:47,711 [INFO] AVID retrieve called with sid: 2-0-B-AVSS, index: 0
2025-08-13 07:24:47,738 [INFO] 4-0-B-AVSS 0 RETRIEVE called.
2025-08-13 07:24:47,738 [INFO] 9-0-B-AVSS 0 RETRIEVE called.
2025-08-13 07:24:47,738 [INFO] 14-0-B-AVSS 0 RETRIEVE called.
2025-08-13 07:24:47,738 [INFO] 13-0-B-AVSS 0 RETRIEVE called.
2025-08-13 07:24:47,738 [INFO] 10-0-B-AVSS 0 RETRIEVE called.
2025-08-13 07:24:47,738 [INFO] 6-0-B-AVSS 0 RETRIEVE called.
2025-08-13 07:24:47,738 [INFO] 1-0-B-AVSS 0 RETRIEVE called.
2025-08-13 07:24:47,738 [INFO] 7-0-B-AVSS 0 RETRIEVE called.
2025-08-13 07:24:47,738 [INFO] 3-0-B-AVSS 0 RETRIEVE called.
2025-08-13 07:24:47,738 [INFO] 11-0-B-AVSS 0 RETRIEVE called.
2025-08-13 07:24:47,738 [INFO] 5-0-B-AVSS 0 RETRIEVE called.
2025-08-13 07:24:47,738 [INFO] 2-0-B-AVSS 0 RETRIEVE called.
2025-08-13 07:24:47,800 [INFO] after self._handle_dealer_msgs
2025-08-13 07:24:47,807 [INFO] after self._handle_dealer_msgs
2025-08-13 07:24:47,813 [INFO] after self._handle_dealer_msgs
2025-08-13 07:24:47,827 [INFO] after self._handle_dealer_msgs
2025-08-13 07:24:47,832 [INFO] after self._handle_dealer_msgs
2025-08-13 07:24:47,843 [INFO] after self._handle_dealer_msgs
2025-08-13 07:24:47,852 [INFO] after self._handle_dealer_msgs
2025-08-13 07:24:47,856 [INFO] after self._handle_dealer_msgs
2025-08-13 07:24:47,857 [INFO] 12-0-B-AVSS 0 RETRIEVE called.
2025-08-13 07:24:47,860 [INFO] after self._handle_dealer_msgs
2025-08-13 07:24:47,869 [INFO] after self._handle_dealer_msgs
2025-08-13 07:24:47,873 [INFO] after self._handle_dealer_msgs
2025-08-13 07:24:47,876 [INFO] after self._handle_dealer_msgs
2025-08-13 07:24:47,878 [INFO] [0] [random shares] Starting ACS where node 1 is set as leader 
2025-08-13 07:24:47,879 [INFO] [0] [random shares] The proposal of node 0 is [13, 11, 7, 9, 2, 6, 14, 5, 10, 3, 1, 4]
2025-08-13 07:24:47,879 [INFO] enter handle_message
2025-08-13 07:24:47,889 [INFO] after reliablebroadcast
2025-08-13 07:24:47,890 [INFO] enter _process_avss_msg
2025-08-13 07:24:47,890 [INFO] AVID retrieve called with sid: 8-0-B-AVSS, index: 0
2025-08-13 07:24:47,890 [INFO] after reliablebroadcast
2025-08-13 07:24:47,890 [INFO] enter _process_avss_msg
2025-08-13 07:24:47,890 [INFO] AVID retrieve called with sid: 0-0-B-AVSS, index: 0
2025-08-13 07:24:47,890 [INFO] [0] value-self.acss_outputs.keys():dict_keys([13, 11, 7, 9, 2, 6, 14, 5, 10, 3, 1, 4])
2025-08-13 07:24:47,891 [INFO] [0] --Directly send the proposal!--
2025-08-13 07:24:47,894 [INFO] 15-0-B-AVSS 0 RETRIEVE called.
2025-08-13 07:24:47,902 [INFO] after self._handle_dealer_msgs
2025-08-13 07:24:47,906 [INFO] 8-0-B-AVSS 0 RETRIEVE called.
2025-08-13 07:24:47,912 [INFO] after self._handle_dealer_msgs
2025-08-13 07:24:47,914 [INFO] 0-0-B-AVSS 0 RETRIEVE called.
2025-08-13 07:24:47,930 [INFO] after self._handle_dealer_msgs
2025-08-13 07:24:47,946 [INFO] after self._handle_dealer_msgs
2025-08-13 07:24:48,085 [INFO] [0] Broadcasting to 0
2025-08-13 07:24:48,085 [INFO] [0] Broadcasting to 1
2025-08-13 07:24:48,085 [INFO] [0] Broadcasting to 2
2025-08-13 07:24:48,085 [INFO] [0] Broadcasting to 3
2025-08-13 07:24:48,085 [INFO] [0] Broadcasting to 4
2025-08-13 07:24:48,085 [INFO] [0] Broadcasting to 5
2025-08-13 07:24:48,085 [INFO] [0] Broadcasting to 6
2025-08-13 07:24:48,085 [INFO] [0] Broadcasting to 7
2025-08-13 07:24:48,085 [INFO] [0] Broadcasting to 8
2025-08-13 07:24:48,085 [INFO] [0] Broadcasting to 9
2025-08-13 07:24:48,085 [INFO] [0] Broadcasting to 10
2025-08-13 07:24:48,085 [INFO] [0] Broadcasting to 11
2025-08-13 07:24:48,085 [INFO] [0] Broadcasting to 12
2025-08-13 07:24:48,085 [INFO] [0] Broadcasting to 13
2025-08-13 07:24:48,085 [INFO] [0] Broadcasting to 14
2025-08-13 07:24:48,085 [INFO] [0] Broadcasting to 15
2025-08-13 07:24:48,095 [INFO] [0] Broadcasting to 0
2025-08-13 07:24:48,095 [INFO] [0] Broadcasting to 1
2025-08-13 07:24:48,095 [INFO] [0] Broadcasting to 2
2025-08-13 07:24:48,095 [INFO] [0] Broadcasting to 3
2025-08-13 07:24:48,095 [INFO] [0] Broadcasting to 4
2025-08-13 07:24:48,095 [INFO] [0] Broadcasting to 5
2025-08-13 07:24:48,095 [INFO] [0] Broadcasting to 6
2025-08-13 07:24:48,095 [INFO] [0] Broadcasting to 7
2025-08-13 07:24:48,096 [INFO] [0] Broadcasting to 8
2025-08-13 07:24:48,096 [INFO] [0] Broadcasting to 9
2025-08-13 07:24:48,096 [INFO] [0] Broadcasting to 10
2025-08-13 07:24:48,096 [INFO] [0] Broadcasting to 11
2025-08-13 07:24:48,096 [INFO] [0] Broadcasting to 12
2025-08-13 07:24:48,096 [INFO] [0] Broadcasting to 13
2025-08-13 07:24:48,096 [INFO] [0] Broadcasting to 14
2025-08-13 07:24:48,096 [INFO] [0] Broadcasting to 15
2025-08-13 07:24:48,096 [INFO] [0] [random shares] The ACS set is [1, 2, 3, 4, 5, 6, 7, 9, 10, 11, 13, 14]
2025-08-13 07:24:48,096 [INFO] [0] Starting extract random shares
2025-08-13 07:24:48,128 [INFO] [0] Obtaining total 24 random shares!
2025-08-13 07:24:48,128 [INFO] [0] Starting to generate beaver triples
2025-08-13 07:24:48,128 [INFO] [0] [beaver triples] Starting to share random shares
hidden g = {[6679831729115696150 8653662730902241269 1535610680227111361 17342916647841752903 17135755455211762752 1297449291367578485] [13451288730302620273 10097742279870053774 15949884091978425806 5885175747529691540 1016841820992199104 845620083434234474]}
hidden h = {[13794385998538644597 108816626937764141 12130603454454490125 6127379912259600201 17481961476035825978 950355161936836191] [10722765800778186391 17107915684035394744 11626309118465119103 5217919199071354366 6102759180633827794 660535627654889709]}
hidden Equal? false
2025/08/13 07:24:49 prodProofs size =  13965
2025/08/13 07:24:49 prodProofs count =  12
2025-08-13 07:24:49,031 [INFO] prodProofs size: 14192 bytes
2025-08-13 07:24:49,031 [INFO] prodProofs count: 12
2025-08-13 07:24:49,064 [INFO] before return dumps
2025-08-13 07:24:49,064 [INFO] before reliablebroadcast
2025-08-13 07:24:49,064 [INFO] before reliablebroadcast
2025-08-13 07:24:49,064 [INFO] before reliablebroadcast
2025-08-13 07:24:49,064 [INFO] before reliablebroadcast
2025-08-13 07:24:49,065 [INFO] before reliablebroadcast
2025-08-13 07:24:49,065 [INFO] before reliablebroadcast
2025-08-13 07:24:49,065 [INFO] before reliablebroadcast
2025-08-13 07:24:49,065 [INFO] before reliablebroadcast
2025-08-13 07:24:49,065 [INFO] before reliablebroadcast
2025-08-13 07:24:49,065 [INFO] before reliablebroadcast
2025-08-13 07:24:49,065 [INFO] before reliablebroadcast
2025-08-13 07:24:49,065 [INFO] before reliablebroadcast
2025-08-13 07:24:49,065 [INFO] before reliablebroadcast
2025-08-13 07:24:49,065 [INFO] before reliablebroadcast
2025-08-13 07:24:49,065 [INFO] before reliablebroadcast
2025-08-13 07:24:49,065 [INFO] before reliablebroadcast
2025-08-13 07:24:49,091 [INFO] after reliablebroadcast
2025-08-13 07:24:49,091 [INFO] enter _process_avss_msg
2025-08-13 07:24:49,091 [INFO] AVID retrieve called with sid: 1-0-B-AVSS, index: 0
2025-08-13 07:24:49,092 [INFO] after reliablebroadcast
2025-08-13 07:24:49,092 [INFO] enter _process_avss_msg
2025-08-13 07:24:49,092 [INFO] AVID retrieve called with sid: 7-0-B-AVSS, index: 0
2025-08-13 07:24:49,092 [INFO] after reliablebroadcast
2025-08-13 07:24:49,092 [INFO] enter _process_avss_msg
2025-08-13 07:24:49,092 [INFO] AVID retrieve called with sid: 3-0-B-AVSS, index: 0
2025-08-13 07:24:49,092 [INFO] after reliablebroadcast
2025-08-13 07:24:49,092 [INFO] enter _process_avss_msg
2025-08-13 07:24:49,092 [INFO] AVID retrieve called with sid: 11-0-B-AVSS, index: 0
2025-08-13 07:24:49,092 [INFO] after reliablebroadcast
2025-08-13 07:24:49,092 [INFO] enter _process_avss_msg
2025-08-13 07:24:49,092 [INFO] AVID retrieve called with sid: 4-0-B-AVSS, index: 0
2025-08-13 07:24:49,092 [INFO] after reliablebroadcast
2025-08-13 07:24:49,092 [INFO] enter _process_avss_msg
2025-08-13 07:24:49,092 [INFO] AVID retrieve called with sid: 12-0-B-AVSS, index: 0
2025-08-13 07:24:49,092 [INFO] after reliablebroadcast
2025-08-13 07:24:49,092 [INFO] enter _process_avss_msg
2025-08-13 07:24:49,093 [INFO] AVID retrieve called with sid: 10-0-B-AVSS, index: 0
2025-08-13 07:24:49,104 [INFO] after reliablebroadcast
2025-08-13 07:24:49,104 [INFO] enter _process_avss_msg
2025-08-13 07:24:49,104 [INFO] AVID retrieve called with sid: 15-0-B-AVSS, index: 0
2025-08-13 07:24:49,104 [INFO] after reliablebroadcast
2025-08-13 07:24:49,104 [INFO] enter _process_avss_msg
2025-08-13 07:24:49,104 [INFO] AVID retrieve called with sid: 13-0-B-AVSS, index: 0
2025-08-13 07:24:49,104 [INFO] after reliablebroadcast
2025-08-13 07:24:49,104 [INFO] enter _process_avss_msg
2025-08-13 07:24:49,104 [INFO] AVID retrieve called with sid: 6-0-B-AVSS, index: 0
2025-08-13 07:24:49,138 [INFO] after reliablebroadcast
2025-08-13 07:24:49,138 [INFO] enter _process_avss_msg
2025-08-13 07:24:49,138 [INFO] AVID retrieve called with sid: 0-0-B-AVSS, index: 0
2025-08-13 07:24:49,138 [INFO] after reliablebroadcast
2025-08-13 07:24:49,138 [INFO] enter _process_avss_msg
2025-08-13 07:24:49,138 [INFO] AVID retrieve called with sid: 8-0-B-AVSS, index: 0
2025-08-13 07:24:49,160 [INFO] after reliablebroadcast
2025-08-13 07:24:49,161 [INFO] enter _process_avss_msg
2025-08-13 07:24:49,161 [INFO] AVID retrieve called with sid: 2-0-B-AVSS, index: 0
2025-08-13 07:24:49,194 [INFO] after reliablebroadcast
2025-08-13 07:24:49,194 [INFO] enter _process_avss_msg
2025-08-13 07:24:49,194 [INFO] AVID retrieve called with sid: 5-0-B-AVSS, index: 0
2025-08-13 07:24:49,201 [INFO] 3-0-B-AVSS 0 RETRIEVE called.
2025-08-13 07:24:49,208 [INFO] after reliablebroadcast
2025-08-13 07:24:49,208 [INFO] enter _process_avss_msg
2025-08-13 07:24:49,208 [INFO] AVID retrieve called with sid: 14-0-B-AVSS, index: 0
2025-08-13 07:24:49,209 [INFO] 10-0-B-AVSS 0 RETRIEVE called.
2025-08-13 07:24:49,209 [INFO] 4-0-B-AVSS 0 RETRIEVE called.
2025-08-13 07:24:49,209 [INFO] 1-0-B-AVSS 0 RETRIEVE called.
2025-08-13 07:24:49,212 [INFO] 11-0-B-AVSS 0 RETRIEVE called.
2025-08-13 07:24:49,217 [INFO] after reliablebroadcast
2025-08-13 07:24:49,217 [INFO] enter _process_avss_msg
2025-08-13 07:24:49,217 [INFO] AVID retrieve called with sid: 9-0-B-AVSS, index: 0
2025-08-13 07:24:49,217 [INFO] 15-0-B-AVSS 0 RETRIEVE called.
2025-08-13 07:24:49,217 [INFO] 7-0-B-AVSS 0 RETRIEVE called.
2025-08-13 07:24:49,217 [INFO] 6-0-B-AVSS 0 RETRIEVE called.
2025-08-13 07:24:49,271 [INFO] after self._handle_dealer_msgs
2025-08-13 07:24:49,271 [INFO] 8-0-B-AVSS 0 RETRIEVE called.
2025-08-13 07:24:49,407 [INFO] after self._handle_dealer_msgs
2025-08-13 07:24:49,561 [INFO] after self._handle_dealer_msgs
2025-08-13 07:24:49,561 [INFO] 0-0-B-AVSS 0 RETRIEVE called.
2025-08-13 07:24:49,659 [INFO] after self._handle_dealer_msgs
2025-08-13 07:24:49,683 [INFO] after self._handle_dealer_msgs
2025-08-13 07:24:49,737 [INFO] after self._handle_dealer_msgs
2025-08-13 07:24:49,836 [INFO] after self._handle_dealer_msgs
2025-08-13 07:24:49,836 [INFO] 13-0-B-AVSS 0 RETRIEVE called.
2025-08-13 07:24:49,837 [INFO] 12-0-B-AVSS 0 RETRIEVE called.
2025-08-13 07:24:49,911 [INFO] after self._handle_dealer_msgs
2025-08-13 07:24:50,019 [INFO] after self._handle_dealer_msgs
2025-08-13 07:24:50,020 [INFO] 14-0-B-AVSS 0 RETRIEVE called.
2025-08-13 07:24:50,089 [INFO] after self._handle_dealer_msgs
2025-08-13 07:24:50,089 [INFO] 2-0-B-AVSS 0 RETRIEVE called.
2025-08-13 07:24:50,090 [INFO] 5-0-B-AVSS 0 RETRIEVE called.
2025-08-13 07:24:50,153 [INFO] after self._handle_dealer_msgs
2025-08-13 07:24:50,182 [INFO] after self._handle_dealer_msgs
2025-08-13 07:24:50,182 [INFO] 9-0-B-AVSS 0 RETRIEVE called.
2025-08-13 07:24:50,252 [INFO] after self._handle_dealer_msgs
2025-08-13 07:24:50,401 [INFO] after self._handle_dealer_msgs
2025-08-13 07:24:50,421 [INFO] after self._handle_dealer_msgs
2025-08-13 07:24:50,435 [INFO] after self._handle_dealer_msgs
2025-08-13 07:24:50,484 [INFO] [0] [beaver triples] Starting to ACS where 2 is set as leader 
2025-08-13 07:24:50,484 [INFO] [0] [beaver triples] The proposal of node 0 is [3, 7, 10, 11, 1, 15, 6, 4, 8, 12, 0]
2025-08-13 07:24:50,484 [INFO] enter handle_message
2025-08-13 07:24:50,484 [INFO] [0] value-self.acss_outputs.keys():dict_keys([3, 7, 10, 11, 1, 15, 6, 4, 8, 12, 0])
2025-08-13 07:24:50,484 [INFO] [0] --Directly send the proposal!--
