2025-08-11 05:59:14,040:[dual_mode.py:149]:[INFO]: [2] start OptRanTriGen
2025-08-11 05:59:14,040:[dual_mode.py:159]:[INFO]: [2] start 1-th OptRanTriGen instance
2025-08-11 05:59:14,047:[dual_mode.py:149]:[INFO]: [0] start OptRanTriGen
2025-08-11 05:59:14,047:[dual_mode.py:159]:[INFO]: [0] start 1-th OptRanTriGen instance
2025-08-11 05:59:14,064:[dual_mode.py:149]:[INFO]: [1] start OptRanTriGen
2025-08-11 05:59:14,065:[dual_mode.py:159]:[INFO]: [1] start 1-th OptRanTriGen instance
2025-08-11 05:59:14,093:[dual_mode.py:149]:[INFO]: [3] start OptRanTriGen
2025-08-11 05:59:14,093:[dual_mode.py:159]:[INFO]: [3] start 1-th OptRanTriGen instance
2025-08-11 05:59:14,183:[mpc.py:30]:[INFO]: Mpc.__init__()
2025-08-11 05:59:14,184:[mpc.py:227]:[INFO]: entering Mpc._run()
2025-08-11 05:59:14,228:[mpc.py:30]:[INFO]: Mpc.__init__()
2025-08-11 05:59:14,229:[mpc.py:30]:[INFO]: Mpc.__init__()
2025-08-11 05:59:14,229:[mpc.py:227]:[INFO]: entering Mpc._run()
2025-08-11 05:59:14,229:[mpc.py:227]:[INFO]: entering Mpc._run()
2025-08-11 05:59:14,670:[mpc.py:30]:[INFO]: Mpc.__init__()
2025-08-11 05:59:14,670:[mpc.py:227]:[INFO]: entering Mpc._run()
2025-08-11 05:59:14,676:[dual_mode.py:187]:[INFO]: [0] finished 1-th OptRanTriGen instance, time: 0.628983736038208
2025-08-11 05:59:14,676:[dual_mode.py:187]:[INFO]: [2] finished 1-th OptRanTriGen instance, time: 0.6359775066375732
2025-08-11 05:59:14,676:[dual_mode.py:159]:[INFO]: [0] start 2-th OptRanTriGen instance
2025-08-11 05:59:14,676:[dual_mode.py:159]:[INFO]: [2] start 2-th OptRanTriGen instance
2025-08-11 05:59:14,676:[dual_mode.py:187]:[INFO]: [3] finished 1-th OptRanTriGen instance, time: 0.5830082893371582
2025-08-11 05:59:14,676:[dual_mode.py:187]:[INFO]: [1] finished 1-th OptRanTriGen instance, time: 0.6115760803222656
2025-08-11 05:59:14,676:[dual_mode.py:159]:[INFO]: [3] start 2-th OptRanTriGen instance
2025-08-11 05:59:14,677:[dual_mode.py:159]:[INFO]: [1] start 2-th OptRanTriGen instance
2025-08-11 05:59:14,681:[mpc.py:30]:[INFO]: Mpc.__init__()
2025-08-11 05:59:14,681:[mpc.py:227]:[INFO]: entering Mpc._run()
2025-08-11 05:59:14,683:[mpc.py:30]:[INFO]: Mpc.__init__()
2025-08-11 05:59:14,683:[mpc.py:30]:[INFO]: Mpc.__init__()
2025-08-11 05:59:14,684:[mpc.py:227]:[INFO]: entering Mpc._run()
2025-08-11 05:59:14,684:[mpc.py:227]:[INFO]: entering Mpc._run()
2025-08-11 05:59:15,182:[mpc.py:30]:[INFO]: Mpc.__init__()
2025-08-11 05:59:15,183:[mpc.py:227]:[INFO]: entering Mpc._run()
2025-08-11 05:59:15,190:[dual_mode.py:187]:[INFO]: [1] finished 2-th OptRanTriGen instance, time: 0.5135254859924316
2025-08-11 05:59:15,190:[dual_mode.py:187]:[INFO]: [0] finished 2-th OptRanTriGen instance, time: 0.5142922401428223
2025-08-11 05:59:15,190:[dual_mode.py:187]:[INFO]: [3] finished 2-th OptRanTriGen instance, time: 0.5136330127716064
2025-08-11 05:59:15,190:[dual_mode.py:159]:[INFO]: [0] start 3-th OptRanTriGen instance
2025-08-11 05:59:15,190:[dual_mode.py:159]:[INFO]: [1] start 3-th OptRanTriGen instance
2025-08-11 05:59:15,190:[dual_mode.py:187]:[INFO]: [2] finished 2-th OptRanTriGen instance, time: 0.5143709182739258
2025-08-11 05:59:15,190:[dual_mode.py:159]:[INFO]: [3] start 3-th OptRanTriGen instance
2025-08-11 05:59:15,191:[dual_mode.py:159]:[INFO]: [2] start 3-th OptRanTriGen instance
2025-08-11 05:59:15,195:[mpc.py:30]:[INFO]: Mpc.__init__()
2025-08-11 05:59:15,196:[mpc.py:227]:[INFO]: entering Mpc._run()
2025-08-11 05:59:15,197:[mpc.py:30]:[INFO]: Mpc.__init__()
2025-08-11 05:59:15,197:[mpc.py:30]:[INFO]: Mpc.__init__()
2025-08-11 05:59:15,198:[mpc.py:227]:[INFO]: entering Mpc._run()
2025-08-11 05:59:15,198:[mpc.py:227]:[INFO]: entering Mpc._run()
2025-08-11 05:59:15,697:[mpc.py:30]:[INFO]: Mpc.__init__()
2025-08-11 05:59:15,698:[mpc.py:227]:[INFO]: entering Mpc._run()
2025-08-11 05:59:15,702:[dual_mode.py:178]:[INFO]: [2] output 1-th triples
2025-08-11 05:59:15,702:[dual_mode.py:178]:[INFO]: [3] output 1-th triples
2025-08-11 05:59:15,703:[dual_mode.py:178]:[INFO]: [1] output 1-th triples
2025-08-11 05:59:15,703:[dual_mode.py:187]:[INFO]: [2] finished 3-th OptRanTriGen instance, time: 0.5119497776031494
2025-08-11 05:59:15,703:[dual_mode.py:187]:[INFO]: [3] finished 3-th OptRanTriGen instance, time: 0.512000322341919
2025-08-11 05:59:15,703:[dual_mode.py:187]:[INFO]: [1] finished 3-th OptRanTriGen instance, time: 0.5120763778686523
2025-08-11 05:59:15,703:[dual_mode.py:159]:[INFO]: [2] start 4-th OptRanTriGen instance
2025-08-11 05:59:15,703:[dual_mode.py:159]:[INFO]: [3] start 4-th OptRanTriGen instance
2025-08-11 05:59:15,703:[dual_mode.py:178]:[INFO]: [0] output 1-th triples
2025-08-11 05:59:15,703:[dual_mode.py:159]:[INFO]: [1] start 4-th OptRanTriGen instance
2025-08-11 05:59:15,703:[dual_mode.py:187]:[INFO]: [0] finished 3-th OptRanTriGen instance, time: 0.5121726989746094
2025-08-11 05:59:15,703:[dual_mode.py:159]:[INFO]: [0] start 4-th OptRanTriGen instance
2025-08-11 05:59:15,706:[mpc.py:30]:[INFO]: Mpc.__init__()
2025-08-11 05:59:15,707:[mpc.py:227]:[INFO]: entering Mpc._run()
2025-08-11 05:59:15,708:[mpc.py:30]:[INFO]: Mpc.__init__()
2025-08-11 05:59:15,708:[mpc.py:30]:[INFO]: Mpc.__init__()
2025-08-11 05:59:15,708:[mpc.py:227]:[INFO]: entering Mpc._run()
2025-08-11 05:59:15,708:[mpc.py:227]:[INFO]: entering Mpc._run()
2025-08-11 05:59:16,214:[mpc.py:30]:[INFO]: Mpc.__init__()
2025-08-11 05:59:16,215:[mpc.py:227]:[INFO]: entering Mpc._run()
2025-08-11 05:59:16,221:[dual_mode.py:178]:[INFO]: [3] output 2-th triples
2025-08-11 05:59:16,221:[dual_mode.py:187]:[INFO]: [3] finished 4-th OptRanTriGen instance, time: 0.5186655521392822
2025-08-11 05:59:16,221:[dual_mode.py:178]:[INFO]: [0] output 2-th triples
2025-08-11 05:59:16,221:[dual_mode.py:159]:[INFO]: [3] start 5-th OptRanTriGen instance
2025-08-11 05:59:16,221:[dual_mode.py:178]:[INFO]: [1] output 2-th triples
2025-08-11 05:59:16,222:[dual_mode.py:187]:[INFO]: [0] finished 4-th OptRanTriGen instance, time: 0.5186464786529541
2025-08-11 05:59:16,222:[dual_mode.py:178]:[INFO]: [2] output 2-th triples
2025-08-11 05:59:16,222:[dual_mode.py:187]:[INFO]: [1] finished 4-th OptRanTriGen instance, time: 0.5187489986419678
2025-08-11 05:59:16,222:[dual_mode.py:159]:[INFO]: [0] start 5-th OptRanTriGen instance
2025-08-11 05:59:16,222:[dual_mode.py:159]:[INFO]: [1] start 5-th OptRanTriGen instance
2025-08-11 05:59:16,222:[dual_mode.py:187]:[INFO]: [2] finished 4-th OptRanTriGen instance, time: 0.5188207626342773
2025-08-11 05:59:16,222:[dual_mode.py:159]:[INFO]: [2] start 5-th OptRanTriGen instance
2025-08-11 05:59:16,226:[mpc.py:30]:[INFO]: Mpc.__init__()
2025-08-11 05:59:16,226:[mpc.py:227]:[INFO]: entering Mpc._run()
2025-08-11 05:59:16,228:[mpc.py:30]:[INFO]: Mpc.__init__()
2025-08-11 05:59:16,228:[mpc.py:30]:[INFO]: Mpc.__init__()
2025-08-11 05:59:16,229:[mpc.py:227]:[INFO]: entering Mpc._run()
2025-08-11 05:59:16,229:[mpc.py:227]:[INFO]: entering Mpc._run()
2025-08-11 05:59:16,729:[mpc.py:30]:[INFO]: Mpc.__init__()
2025-08-11 05:59:16,730:[mpc.py:227]:[INFO]: entering Mpc._run()
2025-08-11 05:59:16,735:[dual_mode.py:178]:[INFO]: [2] output 3-th triples
2025-08-11 05:59:16,735:[dual_mode.py:178]:[INFO]: [3] output 3-th triples
2025-08-11 05:59:16,735:[dual_mode.py:187]:[INFO]: [2] finished 5-th OptRanTriGen instance, time: 0.513566255569458
2025-08-11 05:59:16,735:[dual_mode.py:187]:[INFO]: [3] finished 5-th OptRanTriGen instance, time: 0.5137758255004883
2025-08-11 05:59:16,735:[dual_mode.py:159]:[INFO]: [2] start 6-th OptRanTriGen instance
2025-08-11 05:59:16,735:[dual_mode.py:159]:[INFO]: [3] start 6-th OptRanTriGen instance
2025-08-11 05:59:16,736:[dual_mode.py:178]:[INFO]: [0] output 3-th triples
2025-08-11 05:59:16,736:[dual_mode.py:187]:[INFO]: [0] finished 5-th OptRanTriGen instance, time: 0.5140852928161621
2025-08-11 05:59:16,736:[dual_mode.py:159]:[INFO]: [0] start 6-th OptRanTriGen instance
2025-08-11 05:59:16,736:[dual_mode.py:178]:[INFO]: [1] output 3-th triples
2025-08-11 05:59:16,736:[dual_mode.py:187]:[INFO]: [1] finished 5-th OptRanTriGen instance, time: 0.5145516395568848
2025-08-11 05:59:16,736:[dual_mode.py:159]:[INFO]: [1] start 6-th OptRanTriGen instance
2025-08-11 05:59:16,740:[mpc.py:30]:[INFO]: Mpc.__init__()
2025-08-11 05:59:16,741:[mpc.py:227]:[INFO]: entering Mpc._run()
2025-08-11 05:59:16,742:[mpc.py:30]:[INFO]: Mpc.__init__()
2025-08-11 05:59:16,742:[mpc.py:30]:[INFO]: Mpc.__init__()
2025-08-11 05:59:16,743:[mpc.py:227]:[INFO]: entering Mpc._run()
2025-08-11 05:59:16,743:[mpc.py:227]:[INFO]: entering Mpc._run()
2025-08-11 05:59:17,244:[mpc.py:30]:[INFO]: Mpc.__init__()
2025-08-11 05:59:17,245:[mpc.py:227]:[INFO]: entering Mpc._run()
2025-08-11 05:59:17,251:[dual_mode.py:178]:[INFO]: [2] output 4-th triples
2025-08-11 05:59:17,251:[dual_mode.py:178]:[INFO]: [3] output 4-th triples
2025-08-11 05:59:17,251:[dual_mode.py:187]:[INFO]: [2] finished 6-th OptRanTriGen instance, time: 0.5156071186065674
2025-08-11 05:59:17,251:[dual_mode.py:187]:[INFO]: [3] finished 6-th OptRanTriGen instance, time: 0.5155959129333496
2025-08-11 05:59:17,251:[dual_mode.py:159]:[INFO]: [2] start 7-th OptRanTriGen instance
2025-08-11 05:59:17,251:[dual_mode.py:159]:[INFO]: [3] start 7-th OptRanTriGen instance
2025-08-11 05:59:17,252:[dual_mode.py:178]:[INFO]: [1] output 4-th triples
2025-08-11 05:59:17,252:[dual_mode.py:178]:[INFO]: [0] output 4-th triples
2025-08-11 05:59:17,252:[dual_mode.py:187]:[INFO]: [1] finished 6-th OptRanTriGen instance, time: 0.5153286457061768
2025-08-11 05:59:17,252:[dual_mode.py:187]:[INFO]: [0] finished 6-th OptRanTriGen instance, time: 0.5158205032348633
2025-08-11 05:59:17,252:[dual_mode.py:159]:[INFO]: [1] start 7-th OptRanTriGen instance
2025-08-11 05:59:17,252:[dual_mode.py:159]:[INFO]: [0] start 7-th OptRanTriGen instance
2025-08-11 05:59:17,254:[mpc.py:30]:[INFO]: Mpc.__init__()
2025-08-11 05:59:17,255:[mpc.py:227]:[INFO]: entering Mpc._run()
2025-08-11 05:59:17,256:[mpc.py:30]:[INFO]: Mpc.__init__()
2025-08-11 05:59:17,256:[mpc.py:30]:[INFO]: Mpc.__init__()
2025-08-11 05:59:17,256:[mpc.py:227]:[INFO]: entering Mpc._run()
2025-08-11 05:59:17,256:[mpc.py:227]:[INFO]: entering Mpc._run()
2025-08-11 05:59:17,756:[mpc.py:30]:[INFO]: Mpc.__init__()
2025-08-11 05:59:17,756:[mpc.py:227]:[INFO]: entering Mpc._run()
2025-08-11 05:59:17,759:[dual_mode.py:178]:[INFO]: [0] output 5-th triples
2025-08-11 05:59:17,759:[dual_mode.py:178]:[INFO]: [2] output 5-th triples
2025-08-11 05:59:17,759:[dual_mode.py:178]:[INFO]: [3] output 5-th triples
2025-08-11 05:59:17,759:[dual_mode.py:187]:[INFO]: [0] finished 7-th OptRanTriGen instance, time: 0.5071208477020264
2025-08-11 05:59:17,759:[dual_mode.py:187]:[INFO]: [2] finished 7-th OptRanTriGen instance, time: 0.5075473785400391
2025-08-11 05:59:17,759:[dual_mode.py:159]:[INFO]: [0] start 8-th OptRanTriGen instance
2025-08-11 05:59:17,759:[dual_mode.py:187]:[INFO]: [3] finished 7-th OptRanTriGen instance, time: 0.5075457096099854
2025-08-11 05:59:17,759:[dual_mode.py:159]:[INFO]: [2] start 8-th OptRanTriGen instance
2025-08-11 05:59:17,759:[dual_mode.py:159]:[INFO]: [3] start 8-th OptRanTriGen instance
2025-08-11 05:59:17,759:[dual_mode.py:178]:[INFO]: [1] output 5-th triples
2025-08-11 05:59:17,759:[dual_mode.py:187]:[INFO]: [1] finished 7-th OptRanTriGen instance, time: 0.507246732711792
2025-08-11 05:59:17,759:[dual_mode.py:159]:[INFO]: [1] start 8-th OptRanTriGen instance
2025-08-11 05:59:17,762:[mpc.py:30]:[INFO]: Mpc.__init__()
2025-08-11 05:59:17,762:[mpc.py:227]:[INFO]: entering Mpc._run()
2025-08-11 05:59:17,763:[mpc.py:30]:[INFO]: Mpc.__init__()
2025-08-11 05:59:17,763:[mpc.py:30]:[INFO]: Mpc.__init__()
2025-08-11 05:59:17,763:[mpc.py:227]:[INFO]: entering Mpc._run()
2025-08-11 05:59:17,764:[mpc.py:227]:[INFO]: entering Mpc._run()
2025-08-11 05:59:18,269:[mpc.py:30]:[INFO]: Mpc.__init__()
2025-08-11 05:59:18,270:[mpc.py:227]:[INFO]: entering Mpc._run()
2025-08-11 05:59:18,274:[dual_mode.py:178]:[INFO]: [1] output 6-th triples
2025-08-11 05:59:18,274:[dual_mode.py:187]:[INFO]: [1] finished 8-th OptRanTriGen instance, time: 0.5150964260101318
2025-08-11 05:59:18,274:[dual_mode.py:159]:[INFO]: [1] start 9-th OptRanTriGen instance
2025-08-11 05:59:18,275:[dual_mode.py:178]:[INFO]: [0] output 6-th triples
2025-08-11 05:59:18,275:[dual_mode.py:187]:[INFO]: [0] finished 8-th OptRanTriGen instance, time: 0.5154833793640137
2025-08-11 05:59:18,275:[dual_mode.py:159]:[INFO]: [0] start 9-th OptRanTriGen instance
2025-08-11 05:59:18,276:[dual_mode.py:178]:[INFO]: [2] output 6-th triples
2025-08-11 05:59:18,276:[dual_mode.py:187]:[INFO]: [2] finished 8-th OptRanTriGen instance, time: 0.5164833068847656
2025-08-11 05:59:18,276:[dual_mode.py:159]:[INFO]: [2] start 9-th OptRanTriGen instance
2025-08-11 05:59:18,276:[dual_mode.py:178]:[INFO]: [3] output 6-th triples
2025-08-11 05:59:18,276:[dual_mode.py:187]:[INFO]: [3] finished 8-th OptRanTriGen instance, time: 0.5171751976013184
2025-08-11 05:59:18,276:[dual_mode.py:159]:[INFO]: [3] start 9-th OptRanTriGen instance
2025-08-11 05:59:18,278:[mpc.py:30]:[INFO]: Mpc.__init__()
2025-08-11 05:59:18,279:[mpc.py:227]:[INFO]: entering Mpc._run()
2025-08-11 05:59:18,279:[mpc.py:30]:[INFO]: Mpc.__init__()
2025-08-11 05:59:18,279:[mpc.py:30]:[INFO]: Mpc.__init__()
2025-08-11 05:59:18,280:[mpc.py:227]:[INFO]: entering Mpc._run()
2025-08-11 05:59:18,280:[mpc.py:227]:[INFO]: entering Mpc._run()
2025-08-11 05:59:18,781:[mpc.py:30]:[INFO]: Mpc.__init__()
2025-08-11 05:59:18,782:[mpc.py:227]:[INFO]: entering Mpc._run()
2025-08-11 05:59:18,786:[dual_mode.py:178]:[INFO]: [2] output 7-th triples
2025-08-11 05:59:18,786:[dual_mode.py:187]:[INFO]: [2] finished 9-th OptRanTriGen instance, time: 0.5101413726806641
2025-08-11 05:59:18,786:[dual_mode.py:159]:[INFO]: [2] start 10-th OptRanTriGen instance
2025-08-11 05:59:18,786:[dual_mode.py:178]:[INFO]: [0] output 7-th triples
2025-08-11 05:59:18,786:[dual_mode.py:187]:[INFO]: [0] finished 9-th OptRanTriGen instance, time: 0.5112113952636719
2025-08-11 05:59:18,786:[dual_mode.py:159]:[INFO]: [0] start 10-th OptRanTriGen instance
2025-08-11 05:59:18,786:[dual_mode.py:178]:[INFO]: [3] output 7-th triples
2025-08-11 05:59:18,786:[dual_mode.py:187]:[INFO]: [3] finished 9-th OptRanTriGen instance, time: 0.5096228122711182
2025-08-11 05:59:18,786:[dual_mode.py:159]:[INFO]: [3] start 10-th OptRanTriGen instance
2025-08-11 05:59:18,786:[dual_mode.py:178]:[INFO]: [1] output 7-th triples
2025-08-11 05:59:18,787:[dual_mode.py:187]:[INFO]: [1] finished 9-th OptRanTriGen instance, time: 0.5120735168457031
2025-08-11 05:59:18,787:[dual_mode.py:159]:[INFO]: [1] start 10-th OptRanTriGen instance
2025-08-11 05:59:18,789:[mpc.py:30]:[INFO]: Mpc.__init__()
2025-08-11 05:59:18,789:[mpc.py:227]:[INFO]: entering Mpc._run()
2025-08-11 05:59:18,791:[mpc.py:30]:[INFO]: Mpc.__init__()
2025-08-11 05:59:18,791:[mpc.py:30]:[INFO]: Mpc.__init__()
2025-08-11 05:59:18,791:[mpc.py:227]:[INFO]: entering Mpc._run()
2025-08-11 05:59:18,791:[mpc.py:227]:[INFO]: entering Mpc._run()
2025-08-11 05:59:18,792:[dual_mode.py:97]:[INFO]: [0] Starting tcv-BA
2025-08-11 05:59:18,792:[dual_mode.py:97]:[INFO]: [1] Starting tcv-BA
2025-08-11 05:59:18,792:[dual_mode.py:104]:[INFO]: [0] proposal: 9
2025-08-11 05:59:18,792:[dual_mode.py:97]:[INFO]: [2] Starting tcv-BA
2025-08-11 05:59:18,792:[dual_mode.py:104]:[INFO]: [1] proposal: 9
2025-08-11 05:59:18,792:[dual_mode.py:97]:[INFO]: [3] Starting tcv-BA
2025-08-11 05:59:18,792:[dual_mode.py:104]:[INFO]: [2] proposal: 9
2025-08-11 05:59:18,793:[dual_mode.py:104]:[INFO]: [3] proposal: 9
2025-08-11 05:59:18,904:[dual_mode.py:108]:[INFO]: [3] tcv-BA finished! agreed round: 9, time:0.11199283599853516 (seconds)
2025-08-11 05:59:18,906:[dual_mode.py:108]:[INFO]: [2] tcv-BA finished! agreed round: 9, time:0.11380243301391602 (seconds)
2025-08-11 05:59:18,906:[dual_mode.py:108]:[INFO]: [1] tcv-BA finished! agreed round: 9, time:0.1141657829284668 (seconds)
2025-08-11 05:59:18,910:[dual_mode.py:108]:[INFO]: [0] tcv-BA finished! agreed round: 9, time:0.11773943901062012 (seconds)
2025-08-11 05:59:19,292:[mpc.py:30]:[INFO]: Mpc.__init__()
2025-08-11 05:59:19,293:[mpc.py:227]:[INFO]: entering Mpc._run()
2025-08-11 05:59:19,301:[dual_mode.py:178]:[INFO]: [2] output 8-th triples
2025-08-11 05:59:19,301:[dual_mode.py:178]:[INFO]: [3] output 8-th triples
2025-08-11 05:59:19,301:[dual_mode.py:178]:[INFO]: [0] output 8-th triples
2025-08-11 05:59:19,302:[dual_mode.py:178]:[INFO]: [1] output 8-th triples
2025-08-11 05:59:19,302:[dual_mode.py:220]:[INFO]: [2] Total bytes sent out aa: 25801
2025-08-11 05:59:19,303:[dual_mode.py:221]:[INFO]: [2] OptRanTriGen finished! triples: 18, time: 5.261159420013428 (seconds)
2025-08-11 05:59:19,303:[dual_mode.py:220]:[INFO]: [0] Total bytes sent out aa: 30349
2025-08-11 05:59:19,303:[dual_mode.py:220]:[INFO]: [1] Total bytes sent out aa: 30348
2025-08-11 05:59:19,303:[dual_mode.py:220]:[INFO]: [3] Total bytes sent out aa: 25800
2025-08-11 05:59:19,303:[dual_mode.py:221]:[INFO]: [0] OptRanTriGen finished! triples: 18, time: 5.254314422607422 (seconds)
2025-08-11 05:59:19,303:[dual_mode.py:221]:[INFO]: [1] OptRanTriGen finished! triples: 18, time: 5.236983776092529 (seconds)
2025-08-11 05:59:19,303:[dual_mode.py:221]:[INFO]: [3] OptRanTriGen finished! triples: 18, time: 5.2076640129089355 (seconds)
