[DEBUG] Node ID 15 will use peer_port=7001
Warning: Permanently added '62.234.108.55' (ECDSA) to the list of known hosts.
Creating dumbo-mpc_dumbo-mpc_run ... 
Creating dumbo-mpc_dumbo-mpc_run ... done
2025-08-13 08:12:21,718 [INFO] [15] Starting AsyRanTriGen
2025-08-13 08:12:21,719 [INFO] self.pkbls: <beaver.broadcast.crypto.boldyreva.TBLSPublicKey object at 0x7fb39dd620d0>
2025-08-13 08:12:21,719 [INFO] self.skbls: <beaver.broadcast.crypto.boldyreva.TBLSPrivateKey object at 0x7fb39dd62100>
2025-08-13 08:12:21,720 [INFO] [15] Starting ACSS to share 500 secrets
2025-08-13 08:12:21,720 [INFO] [15] [ACSS] Using tag R_A (mode=avss_without_proof)
2025-08-13 08:12:23,092 [INFO] AVID retrieve called with sid: 12-0-B-AVSS, index: 15
2025-08-13 08:12:23,094 [INFO] AVID retrieve called with sid: 6-0-B-AVSS, index: 15
2025-08-13 08:12:23,096 [INFO] AVID retrieve called with sid: 11-0-B-AVSS, index: 15
2025-08-13 08:12:23,097 [INFO] AVID retrieve called with sid: 14-0-B-AVSS, index: 15
2025-08-13 08:12:23,099 [INFO] AVID retrieve called with sid: 7-0-B-AVSS, index: 15
2025-08-13 08:12:23,101 [INFO] AVID retrieve called with sid: 3-0-B-AVSS, index: 15
2025-08-13 08:12:23,102 [INFO] AVID retrieve called with sid: 4-0-B-AVSS, index: 15
2025-08-13 08:12:23,104 [INFO] AVID retrieve called with sid: 1-0-B-AVSS, index: 15
2025-08-13 08:12:23,106 [INFO] AVID retrieve called with sid: 0-0-B-AVSS, index: 15
2025-08-13 08:12:23,108 [INFO] AVID retrieve called with sid: 2-0-B-AVSS, index: 15
2025-08-13 08:12:23,109 [INFO] AVID retrieve called with sid: 5-0-B-AVSS, index: 15
2025-08-13 08:12:23,209 [INFO] AVID retrieve called with sid: 15-0-B-AVSS, index: 15
2025-08-13 08:12:23,211 [INFO] AVID retrieve called with sid: 13-0-B-AVSS, index: 15
2025-08-13 08:12:23,276 [INFO] AVID retrieve called with sid: 9-0-B-AVSS, index: 15
2025-08-13 08:12:23,281 [INFO] AVID retrieve called with sid: 10-0-B-AVSS, index: 15
2025-08-13 08:12:23,287 [INFO] 1-0-B-AVSS 15 RETRIEVE called.
2025-08-13 08:12:23,287 [INFO] 11-0-B-AVSS 15 RETRIEVE called.
2025-08-13 08:12:23,287 [INFO] 6-0-B-AVSS 15 RETRIEVE called.
2025-08-13 08:12:23,287 [INFO] 3-0-B-AVSS 15 RETRIEVE called.
2025-08-13 08:12:23,287 [INFO] 4-0-B-AVSS 15 RETRIEVE called.
2025-08-13 08:12:23,287 [INFO] 14-0-B-AVSS 15 RETRIEVE called.
2025-08-13 08:12:23,287 [INFO] 7-0-B-AVSS 15 RETRIEVE called.
2025-08-13 08:12:23,289 [INFO] 12-0-B-AVSS 15 RETRIEVE called.
2025-08-13 08:12:23,456 [INFO] AVID retrieve called with sid: 8-0-B-AVSS, index: 15
2025-08-13 08:12:23,460 [INFO] 5-0-B-AVSS 15 RETRIEVE called.
2025-08-13 08:12:23,462 [INFO] 10-0-B-AVSS 15 RETRIEVE called.
2025-08-13 08:12:23,462 [INFO] 9-0-B-AVSS 15 RETRIEVE called.
2025-08-13 08:12:23,462 [INFO] 2-0-B-AVSS 15 RETRIEVE called.
2025-08-13 08:12:23,462 [INFO] 0-0-B-AVSS 15 RETRIEVE called.
2025-08-13 08:12:23,462 [INFO] 13-0-B-AVSS 15 RETRIEVE called.
2025-08-13 08:12:23,462 [INFO] 15-0-B-AVSS 15 RETRIEVE called.
2025-08-13 08:12:23,596 [INFO] [15] [random shares] Starting ACS where node 1 is set as leader 
2025-08-13 08:12:23,596 [INFO] [15] [random shares] The proposal of node 15 is [7, 3, 1, 4, 12, 11, 6, 14, 15, 10, 9, 5, 13, 0, 2]
2025-08-13 08:12:23,596 [INFO] enter handle_message
2025-08-13 08:12:23,601 [INFO] [15] value-self.acss_outputs.keys():dict_keys([7, 3, 1, 4, 12, 11, 6, 14, 15, 10, 9, 5, 13, 0, 2])
2025-08-13 08:12:23,602 [INFO] [15] --Directly send the proposal!--
2025-08-13 08:12:23,605 [INFO] 8-0-B-AVSS 15 RETRIEVE called.
2025-08-13 08:12:23,806 [INFO] [15] Broadcasting to 0
2025-08-13 08:12:23,806 [INFO] [15] Broadcasting to 1
2025-08-13 08:12:23,806 [INFO] [15] Broadcasting to 2
2025-08-13 08:12:23,806 [INFO] [15] Broadcasting to 3
2025-08-13 08:12:23,806 [INFO] [15] Broadcasting to 4
2025-08-13 08:12:23,806 [INFO] [15] Broadcasting to 5
2025-08-13 08:12:23,806 [INFO] [15] Broadcasting to 6
2025-08-13 08:12:23,806 [INFO] [15] Broadcasting to 7
2025-08-13 08:12:23,807 [INFO] [15] Broadcasting to 8
2025-08-13 08:12:23,807 [INFO] [15] Broadcasting to 9
2025-08-13 08:12:23,807 [INFO] [15] Broadcasting to 10
2025-08-13 08:12:23,807 [INFO] [15] Broadcasting to 11
2025-08-13 08:12:23,807 [INFO] [15] Broadcasting to 12
2025-08-13 08:12:23,807 [INFO] [15] Broadcasting to 13
2025-08-13 08:12:23,807 [INFO] [15] Broadcasting to 14
2025-08-13 08:12:23,807 [INFO] [15] Broadcasting to 15
2025-08-13 08:12:23,815 [INFO] [15] Broadcasting to 0
2025-08-13 08:12:23,815 [INFO] [15] Broadcasting to 1
2025-08-13 08:12:23,815 [INFO] [15] Broadcasting to 2
2025-08-13 08:12:23,815 [INFO] [15] Broadcasting to 3
2025-08-13 08:12:23,815 [INFO] [15] Broadcasting to 4
2025-08-13 08:12:23,815 [INFO] [15] Broadcasting to 5
2025-08-13 08:12:23,815 [INFO] [15] Broadcasting to 6
2025-08-13 08:12:23,815 [INFO] [15] Broadcasting to 7
2025-08-13 08:12:23,815 [INFO] [15] Broadcasting to 8
2025-08-13 08:12:23,815 [INFO] [15] Broadcasting to 9
2025-08-13 08:12:23,815 [INFO] [15] Broadcasting to 10
2025-08-13 08:12:23,815 [INFO] [15] Broadcasting to 11
2025-08-13 08:12:23,815 [INFO] [15] Broadcasting to 12
2025-08-13 08:12:23,815 [INFO] [15] Broadcasting to 13
2025-08-13 08:12:23,815 [INFO] [15] Broadcasting to 14
2025-08-13 08:12:23,815 [INFO] [15] Broadcasting to 15
2025-08-13 08:12:23,815 [INFO] [15] [random shares] The ACS set is [0, 1, 2, 3, 4, 5, 6, 7, 11, 12, 14]
2025-08-13 08:12:23,815 [INFO] [15] Starting extract random shares
2025-08-13 08:12:24,150 [INFO] [15] Obtaining total 3000 random shares!
2025-08-13 08:12:24,150 [INFO] [15] Starting to generate beaver triples
2025-08-13 08:12:24,150 [INFO] [15] [beaver triples] Starting to share random shares
hidden g = {[6679831729115696150 8653662730902241269 1535610680227111361 17342916647841752903 17135755455211762752 1297449291367578485] [13451288730302620273 10097742279870053774 15949884091978425806 5885175747529691540 1016841820992199104 845620083434234474]}
hidden h = {[13794385998538644597 108816626937764141 12130603454454490125 6127379912259600201 17481961476035825978 950355161936836191] [10722765800778186391 17107915684035394744 11626309118465119103 5217919199071354366 6102759180633827794 660535627654889709]}
hidden Equal? false
2025/08/13 08:12:28 prodProofs size =  1744881
2025/08/13 08:12:28 prodProofs count =  1500
2025-08-13 08:12:28,587 [INFO] prodProofs size: 1773380 bytes
2025-08-13 08:12:28,587 [INFO] prodProofs count: 1500
2025-08-13 08:12:28,949 [INFO] AVID retrieve called with sid: 1-0-B-AVSS, index: 15
2025-08-13 08:12:28,954 [INFO] AVID retrieve called with sid: 6-0-B-AVSS, index: 15
2025-08-13 08:12:28,958 [INFO] AVID retrieve called with sid: 0-0-B-AVSS, index: 15
2025-08-13 08:12:28,962 [INFO] AVID retrieve called with sid: 5-0-B-AVSS, index: 15
2025-08-13 08:12:28,975 [INFO] AVID retrieve called with sid: 3-0-B-AVSS, index: 15
2025-08-13 08:12:28,980 [INFO] AVID retrieve called with sid: 10-0-B-AVSS, index: 15
2025-08-13 08:12:28,985 [INFO] AVID retrieve called with sid: 2-0-B-AVSS, index: 15
2025-08-13 08:12:28,990 [INFO] AVID retrieve called with sid: 13-0-B-AVSS, index: 15
2025-08-13 08:12:28,994 [INFO] AVID retrieve called with sid: 4-0-B-AVSS, index: 15
2025-08-13 08:12:28,998 [INFO] AVID retrieve called with sid: 7-0-B-AVSS, index: 15
2025-08-13 08:12:29,003 [INFO] AVID retrieve called with sid: 14-0-B-AVSS, index: 15
2025-08-13 08:12:29,007 [INFO] AVID retrieve called with sid: 15-0-B-AVSS, index: 15
2025-08-13 08:12:29,848 [INFO] AVID retrieve called with sid: 8-0-B-AVSS, index: 15
2025-08-13 08:12:29,853 [INFO] AVID retrieve called with sid: 12-0-B-AVSS, index: 15
2025-08-13 08:12:29,960 [INFO] AVID retrieve called with sid: 11-0-B-AVSS, index: 15
2025-08-13 08:12:29,985 [INFO] AVID retrieve called with sid: 9-0-B-AVSS, index: 15
2025-08-13 08:12:30,137 [INFO] 3-0-B-AVSS 15 RETRIEVE called.
2025-08-13 08:12:30,162 [INFO] 6-0-B-AVSS 15 RETRIEVE called.
2025-08-13 08:12:30,162 [INFO] 2-0-B-AVSS 15 RETRIEVE called.
2025-08-13 08:12:30,162 [INFO] 1-0-B-AVSS 15 RETRIEVE called.
2025-08-13 08:12:30,162 [INFO] 5-0-B-AVSS 15 RETRIEVE called.
2025-08-13 08:12:30,162 [INFO] 4-0-B-AVSS 15 RETRIEVE called.
2025-08-13 08:12:30,738 [INFO] 0-0-B-AVSS 15 RETRIEVE called.
2025-08-13 08:12:30,738 [INFO] 15-0-B-AVSS 15 RETRIEVE called.
2025-08-13 08:12:30,738 [INFO] 14-0-B-AVSS 15 RETRIEVE called.
2025-08-13 08:12:30,950 [INFO] 13-0-B-AVSS 15 RETRIEVE called.
2025-08-13 08:12:31,161 [INFO] 7-0-B-AVSS 15 RETRIEVE called.
2025-08-13 08:12:31,574 [INFO] 9-0-B-AVSS 15 RETRIEVE called.
2025-08-13 08:12:31,574 [INFO] 10-0-B-AVSS 15 RETRIEVE called.
2025-08-13 08:12:33,166 [INFO] 12-0-B-AVSS 15 RETRIEVE called.
2025-08-13 08:12:33,170 [INFO] 11-0-B-AVSS 15 RETRIEVE called.
2025-08-13 08:12:33,170 [INFO] 8-0-B-AVSS 15 RETRIEVE called.
2025-08-13 08:12:33,206 [INFO] [15] [beaver triples] Starting to ACS where 2 is set as leader 
2025-08-13 08:12:33,206 [INFO] [15] [beaver triples] The proposal of node 15 is [3, 6, 2, 1, 5, 4, 0, 7, 15, 14, 13]
2025-08-13 08:12:33,206 [INFO] enter handle_message
2025-08-13 08:12:33,206 [INFO] [15] value-self.acss_outputs.keys():dict_keys([3, 6, 2, 1, 5, 4, 0, 7, 15, 14, 13])
2025-08-13 08:12:33,216 [INFO] [15] value-self.acss_outputs.keys():dict_keys([3, 6, 2, 1, 5, 4, 0, 7, 15, 14, 13, 9])
2025-08-13 08:12:33,217 [INFO] [15] --Directly send the proposal!--
2025-08-13 08:12:34,032 [INFO] [15] Broadcasting to 0
2025-08-13 08:12:34,033 [INFO] [15] Broadcasting to 1
2025-08-13 08:12:34,033 [INFO] [15] Broadcasting to 2
2025-08-13 08:12:34,033 [INFO] [15] Broadcasting to 3
2025-08-13 08:12:34,033 [INFO] [15] Broadcasting to 4
2025-08-13 08:12:34,033 [INFO] [15] Broadcasting to 5
2025-08-13 08:12:34,033 [INFO] [15] Broadcasting to 6
2025-08-13 08:12:34,033 [INFO] [15] Broadcasting to 7
2025-08-13 08:12:34,033 [INFO] [15] Broadcasting to 8
2025-08-13 08:12:34,033 [INFO] [15] Broadcasting to 9
2025-08-13 08:12:34,033 [INFO] [15] Broadcasting to 10
2025-08-13 08:12:34,033 [INFO] [15] Broadcasting to 11
2025-08-13 08:12:34,033 [INFO] [15] Broadcasting to 12
2025-08-13 08:12:34,033 [INFO] [15] Broadcasting to 13
2025-08-13 08:12:34,033 [INFO] [15] Broadcasting to 14
2025-08-13 08:12:34,033 [INFO] [15] Broadcasting to 15
2025-08-13 08:12:34,041 [INFO] [15] Broadcasting to 0
2025-08-13 08:12:34,041 [INFO] [15] Broadcasting to 1
2025-08-13 08:12:34,041 [INFO] [15] Broadcasting to 2
2025-08-13 08:12:34,041 [INFO] [15] Broadcasting to 3
2025-08-13 08:12:34,041 [INFO] [15] Broadcasting to 4
2025-08-13 08:12:34,041 [INFO] [15] Broadcasting to 5
2025-08-13 08:12:34,041 [INFO] [15] Broadcasting to 6
2025-08-13 08:12:34,041 [INFO] [15] Broadcasting to 7
2025-08-13 08:12:34,041 [INFO] [15] Broadcasting to 8
2025-08-13 08:12:34,041 [INFO] [15] Broadcasting to 9
2025-08-13 08:12:34,041 [INFO] [15] Broadcasting to 10
2025-08-13 08:12:34,041 [INFO] [15] Broadcasting to 11
2025-08-13 08:12:34,041 [INFO] [15] Broadcasting to 12
2025-08-13 08:12:34,041 [INFO] [15] Broadcasting to 13
2025-08-13 08:12:34,041 [INFO] [15] Broadcasting to 14
2025-08-13 08:12:34,041 [INFO] [15] Broadcasting to 15
2025-08-13 08:12:34,041 [INFO] [15] [beaver triples] The ACS set is [0, 1, 2, 3, 4, 5, 6, 9, 13, 14, 15]
2025-08-13 08:12:34,299 [INFO] [15] [beaver triples] Time taken for beaver_time: 12.580414772033691 seconds
2025-08-13 08:12:34,299 [INFO] [15] [inputs] Start generating 200 public inputs via ACSS+ACS
2025-08-13 08:12:34,300 [INFO] [15] [inputs] Starting ACSS to share 200 inputs
2025-08-13 08:12:34,300 [INFO] [15] [ACSS] Using tag ACSS_INPUTS_AVSS (mode=avss_without_proof)
2025-08-13 08:12:34,865 [INFO] AVID retrieve called with sid: 2-0-B-AVSS, index: 15
2025-08-13 08:12:34,866 [INFO] AVID retrieve called with sid: 1-0-B-AVSS, index: 15
2025-08-13 08:12:34,868 [INFO] AVID retrieve called with sid: 4-0-B-AVSS, index: 15
2025-08-13 08:12:34,868 [INFO] AVID retrieve called with sid: 3-0-B-AVSS, index: 15
2025-08-13 08:12:34,869 [INFO] AVID retrieve called with sid: 5-0-B-AVSS, index: 15
2025-08-13 08:12:34,870 [INFO] AVID retrieve called with sid: 7-0-B-AVSS, index: 15
2025-08-13 08:12:34,870 [INFO] AVID retrieve called with sid: 0-0-B-AVSS, index: 15
2025-08-13 08:12:34,871 [INFO] AVID retrieve called with sid: 6-0-B-AVSS, index: 15
2025-08-13 08:12:34,873 [INFO] AVID retrieve called with sid: 14-0-B-AVSS, index: 15
2025-08-13 08:12:34,876 [INFO] AVID retrieve called with sid: 15-0-B-AVSS, index: 15
2025-08-13 08:12:34,897 [INFO] AVID retrieve called with sid: 13-0-B-AVSS, index: 15
2025-08-13 08:12:34,923 [INFO] AVID retrieve called with sid: 10-0-B-AVSS, index: 15
2025-08-13 08:12:34,952 [INFO] 4-0-B-AVSS 15 RETRIEVE called.
2025-08-13 08:12:34,960 [INFO] 15-0-B-AVSS 15 RETRIEVE called.
2025-08-13 08:12:34,963 [INFO] AVID retrieve called with sid: 9-0-B-AVSS, index: 15
2025-08-13 08:12:34,964 [INFO] 14-0-B-AVSS 15 RETRIEVE called.
2025-08-13 08:12:34,966 [INFO] 3-0-B-AVSS 15 RETRIEVE called.
2025-08-13 08:12:34,966 [INFO] 5-0-B-AVSS 15 RETRIEVE called.
2025-08-13 08:12:34,967 [INFO] 0-0-B-AVSS 15 RETRIEVE called.
2025-08-13 08:12:34,968 [INFO] 1-0-B-AVSS 15 RETRIEVE called.
2025-08-13 08:12:34,972 [INFO] 2-0-B-AVSS 15 RETRIEVE called.
2025-08-13 08:12:34,972 [INFO] 7-0-B-AVSS 15 RETRIEVE called.
2025-08-13 08:12:34,984 [INFO] 6-0-B-AVSS 15 RETRIEVE called.
2025-08-13 08:12:35,019 [INFO] 13-0-B-AVSS 15 RETRIEVE called.
2025-08-13 08:12:35,074 [INFO] 10-0-B-AVSS 15 RETRIEVE called.
2025-08-13 08:12:35,092 [INFO] [15] [inputs] Starting ACS (leader=0); proposal size=11
2025-08-13 08:12:35,092 [INFO] enter handle_message
2025-08-13 08:12:35,092 [INFO] [15] value-self.acss_outputs.keys():dict_keys([4, 15, 14, 3, 5, 0, 1, 2, 7, 6, 13])
2025-08-13 08:12:35,093 [INFO] [15] --Directly send the proposal!--
2025-08-13 08:12:35,113 [INFO] 9-0-B-AVSS 15 RETRIEVE called.
2025-08-13 08:12:35,308 [INFO] [15] Broadcasting to 0
2025-08-13 08:12:35,308 [INFO] [15] Broadcasting to 1
2025-08-13 08:12:35,308 [INFO] [15] Broadcasting to 2
2025-08-13 08:12:35,308 [INFO] [15] Broadcasting to 3
2025-08-13 08:12:35,308 [INFO] [15] Broadcasting to 4
2025-08-13 08:12:35,308 [INFO] [15] Broadcasting to 5
2025-08-13 08:12:35,308 [INFO] [15] Broadcasting to 6
2025-08-13 08:12:35,308 [INFO] [15] Broadcasting to 7
2025-08-13 08:12:35,308 [INFO] [15] Broadcasting to 8
2025-08-13 08:12:35,308 [INFO] [15] Broadcasting to 9
2025-08-13 08:12:35,308 [INFO] [15] Broadcasting to 10
2025-08-13 08:12:35,308 [INFO] [15] Broadcasting to 11
2025-08-13 08:12:35,308 [INFO] [15] Broadcasting to 12
2025-08-13 08:12:35,308 [INFO] [15] Broadcasting to 13
2025-08-13 08:12:35,308 [INFO] [15] Broadcasting to 14
2025-08-13 08:12:35,308 [INFO] [15] Broadcasting to 15
2025-08-13 08:12:35,316 [INFO] [15] Broadcasting to 0
2025-08-13 08:12:35,316 [INFO] [15] Broadcasting to 1
2025-08-13 08:12:35,316 [INFO] [15] Broadcasting to 2
2025-08-13 08:12:35,317 [INFO] [15] Broadcasting to 3
2025-08-13 08:12:35,317 [INFO] [15] Broadcasting to 4
2025-08-13 08:12:35,317 [INFO] [15] Broadcasting to 5
2025-08-13 08:12:35,317 [INFO] [15] Broadcasting to 6
2025-08-13 08:12:35,317 [INFO] [15] Broadcasting to 7
2025-08-13 08:12:35,317 [INFO] [15] Broadcasting to 8
2025-08-13 08:12:35,317 [INFO] [15] Broadcasting to 9
2025-08-13 08:12:35,317 [INFO] [15] Broadcasting to 10
2025-08-13 08:12:35,317 [INFO] [15] Broadcasting to 11
2025-08-13 08:12:35,317 [INFO] [15] Broadcasting to 12
2025-08-13 08:12:35,317 [INFO] [15] Broadcasting to 13
2025-08-13 08:12:35,317 [INFO] [15] Broadcasting to 14
2025-08-13 08:12:35,317 [INFO] [15] Broadcasting to 15
2025-08-13 08:12:35,317 [INFO] [15] [inputs] ACS set size=11; set=[0, 1, 2, 3, 4, 5, 6, 7, 13, 14, 15]
2025-08-13 08:12:35,317 [INFO] [15] [inputs] Decoded 200 input shares from dealer 0
2025-08-13 08:12:35,320 [INFO] len a_all: 500, len b_all: 500, len c_all: 500
2025-08-13 08:12:35,321 [INFO] [15] [inputs] Time taken to inputs_time: 1.021362543106079 seconds
2025-08-13 08:12:35,321 [INFO] [15] [layer 0] Using 50 triples (a,b,c) for multiplication
2025-08-13 08:12:35,328 [INFO] [BatchReconstruct] P1 Send: 0.005492687225341797
2025-08-13 08:12:35,338 [INFO] [BatchReconstruct] P1 Reconstruct: 0.009487152099609375
2025-08-13 08:12:35,338 [INFO] [BatchReconstruct] P2 Send: 7.295608520507812e-05
2025-08-13 08:12:35,372 [INFO] [BatchReconstruct] P2 Reconstruct: 0.034454345703125
2025-08-13 08:12:35,373 [INFO] [15] [layer 0] done: produced 100 outputs; next I size=200
2025-08-13 08:12:35,373 [INFO] [15] [layer 0] Time taken for layer layer_time: 0.05252552032470703 seconds
2025-08-13 08:12:35,373 [INFO] [15] [layer 1] Using 50 triples (a,b,c) for multiplication
2025-08-13 08:12:35,375 [INFO] [BatchReconstruct] P1 Send: 0.0002543926239013672
2025-08-13 08:12:35,382 [INFO] [BatchReconstruct] P1 Reconstruct: 0.0077593326568603516
2025-08-13 08:12:35,382 [INFO] [BatchReconstruct] P2 Send: 5.555152893066406e-05
2025-08-13 08:12:35,385 [INFO] AVID retrieve called with sid: 11-0-B-AVSS, index: 15
2025-08-13 08:12:35,389 [INFO] AVID retrieve called with sid: 8-0-B-AVSS, index: 15
2025-08-13 08:12:35,415 [INFO] [BatchReconstruct] P2 Reconstruct: 0.03212451934814453
2025-08-13 08:12:35,415 [INFO] [15] [layer 1] done: produced 100 outputs; next I size=200
2025-08-13 08:12:35,415 [INFO] [15] [layer 1] Time taken for layer layer_time: 0.04210686683654785 seconds
2025-08-13 08:12:35,415 [INFO] [15] [layer 2] Using 50 triples (a,b,c) for multiplication
2025-08-13 08:12:35,417 [INFO] [BatchReconstruct] P1 Send: 0.00025534629821777344
2025-08-13 08:12:35,425 [INFO] [BatchReconstruct] P1 Reconstruct: 0.008501768112182617
2025-08-13 08:12:35,425 [INFO] [BatchReconstruct] P2 Send: 6.437301635742188e-05
2025-08-13 08:12:35,429 [INFO] AVID retrieve called with sid: 12-0-B-AVSS, index: 15
2025-08-13 08:12:35,452 [INFO] [BatchReconstruct] P2 Reconstruct: 0.026766300201416016
2025-08-13 08:12:35,453 [INFO] [15] [layer 2] done: produced 100 outputs; next I size=200
2025-08-13 08:12:35,453 [INFO] [15] [layer 2] Time taken for layer layer_time: 0.038050174713134766 seconds
2025-08-13 08:12:35,453 [INFO] [15] [layer 3] Using 50 triples (a,b,c) for multiplication
2025-08-13 08:12:35,455 [INFO] [BatchReconstruct] P1 Send: 0.0002658367156982422
2025-08-13 08:12:35,468 [INFO] [BatchReconstruct] P1 Reconstruct: 0.013391971588134766
2025-08-13 08:12:35,468 [INFO] [BatchReconstruct] P2 Send: 5.555152893066406e-05
2025-08-13 08:12:35,493 [INFO] [BatchReconstruct] P2 Reconstruct: 0.02463245391845703
2025-08-13 08:12:35,494 [INFO] [15] [layer 3] done: produced 100 outputs; next I size=200
2025-08-13 08:12:35,494 [INFO] [15] [layer 3] Time taken for layer layer_time: 0.04036855697631836 seconds
2025-08-13 08:12:35,494 [INFO] [15] [layer 4] Using 50 triples (a,b,c) for multiplication
2025-08-13 08:12:35,495 [INFO] [BatchReconstruct] P1 Send: 0.0002536773681640625
2025-08-13 08:12:35,511 [INFO] [BatchReconstruct] P1 Reconstruct: 0.015827178955078125
2025-08-13 08:12:35,511 [INFO] [BatchReconstruct] P2 Send: 5.6743621826171875e-05
2025-08-13 08:12:35,531 [INFO] [BatchReconstruct] P2 Reconstruct: 0.020245075225830078
2025-08-13 08:12:35,532 [INFO] [15] [layer 4] done: produced 100 outputs; next I size=200
2025-08-13 08:12:35,532 [INFO] [15] [layer 4] Time taken for layer layer_time: 0.03826022148132324 seconds
2025-08-13 08:12:35,532 [INFO] [15] [layer 5] Using 50 triples (a,b,c) for multiplication
2025-08-13 08:12:35,533 [INFO] [BatchReconstruct] P1 Send: 0.00026988983154296875
2025-08-13 08:12:35,551 [INFO] [BatchReconstruct] P1 Reconstruct: 0.01776576042175293
2025-08-13 08:12:35,551 [INFO] [BatchReconstruct] P2 Send: 6.723403930664062e-05
2025-08-13 08:12:35,571 [INFO] [BatchReconstruct] P2 Reconstruct: 0.019726037979125977
2025-08-13 08:12:35,572 [INFO] [15] [layer 5] done: produced 100 outputs; next I size=200
2025-08-13 08:12:35,572 [INFO] [15] [layer 5] Time taken for layer layer_time: 0.0398409366607666 seconds
2025-08-13 08:12:35,572 [INFO] [15] [layer 6] Using 50 triples (a,b,c) for multiplication
2025-08-13 08:12:35,573 [INFO] [BatchReconstruct] P1 Send: 0.0002548694610595703
2025-08-13 08:12:35,591 [INFO] [BatchReconstruct] P1 Reconstruct: 0.01786208152770996
2025-08-13 08:12:35,591 [INFO] [BatchReconstruct] P2 Send: 6.556510925292969e-05
2025-08-13 08:12:35,609 [INFO] [BatchReconstruct] P2 Reconstruct: 0.01813793182373047
2025-08-13 08:12:35,610 [INFO] [15] [layer 6] done: produced 100 outputs; next I size=200
2025-08-13 08:12:35,610 [INFO] [15] [layer 6] Time taken for layer layer_time: 0.03826594352722168 seconds
2025-08-13 08:12:35,610 [INFO] [15] [layer 7] Using 50 triples (a,b,c) for multiplication
2025-08-13 08:12:35,612 [INFO] [BatchReconstruct] P1 Send: 0.0002543926239013672
2025-08-13 08:12:35,630 [INFO] [BatchReconstruct] P1 Reconstruct: 0.01808905601501465
2025-08-13 08:12:35,630 [INFO] [BatchReconstruct] P2 Send: 5.650520324707031e-05
2025-08-13 08:12:35,649 [INFO] [BatchReconstruct] P2 Reconstruct: 0.0195770263671875
2025-08-13 08:12:35,650 [INFO] [15] [layer 7] done: produced 100 outputs; next I size=200
2025-08-13 08:12:35,650 [INFO] [15] [layer 7] Time taken for layer layer_time: 0.03992748260498047 seconds
2025-08-13 08:12:35,650 [INFO] [15] [layer 8] Using 50 triples (a,b,c) for multiplication
2025-08-13 08:12:35,651 [INFO] [BatchReconstruct] P1 Send: 0.0002651214599609375
2025-08-13 08:12:35,669 [INFO] [BatchReconstruct] P1 Reconstruct: 0.01770949363708496
2025-08-13 08:12:35,669 [INFO] [BatchReconstruct] P2 Send: 5.888938903808594e-05
2025-08-13 08:12:35,688 [INFO] [BatchReconstruct] P2 Reconstruct: 0.0184023380279541
2025-08-13 08:12:35,688 [INFO] [15] [layer 8] done: produced 100 outputs; next I size=200
2025-08-13 08:12:35,689 [INFO] [15] [layer 8] Time taken for layer layer_time: 0.038333892822265625 seconds
2025-08-13 08:12:35,689 [INFO] [15] [layer 9] Using 50 triples (a,b,c) for multiplication
2025-08-13 08:12:35,690 [INFO] [BatchReconstruct] P1 Send: 0.00027489662170410156
2025-08-13 08:12:35,708 [INFO] [BatchReconstruct] P1 Reconstruct: 0.017742395401000977
2025-08-13 08:12:35,708 [INFO] [BatchReconstruct] P2 Send: 5.6743621826171875e-05
2025-08-13 08:12:35,728 [INFO] [BatchReconstruct] P2 Reconstruct: 0.019840717315673828
2025-08-13 08:12:35,728 [INFO] [15] [layer 9] done: produced 100 outputs; next I size=200
2025-08-13 08:12:35,728 [INFO] [15] [layer 9] Time taken for layer layer_time: 0.039855241775512695 seconds
2025-08-13 08:12:35,728 [INFO] [15] [final] opening 100 outputs
2025-08-13 08:12:35,730 [INFO] [BatchReconstruct] P1 Send: 0.0002562999725341797
2025-08-13 08:12:35,747 [INFO] [BatchReconstruct] P1 Reconstruct: 0.017841815948486328
2025-08-13 08:12:35,748 [INFO] [BatchReconstruct] P2 Send: 6.67572021484375e-05
2025-08-13 08:12:35,766 [INFO] [BatchReconstruct] P2 Reconstruct: 0.018262863159179688
2025-08-13 08:12:35,766 [INFO] [15] [final] reconstructed 100 values
2025-08-13 08:12:35,766 [INFO] [15] [final] Time taken for reconstruction rec_time: 0.03793978691101074 seconds
2025-08-13 08:12:35,766 [INFO] [15] [beaver triples] Finished! Node 15, total number: 1500, time: 14.047754287719727 (seconds)
2025-08-13 08:12:35,766 [INFO] [15] Bytes Sent: R_A:23640759 which is 7.07%
2025-08-13 08:12:35,766 [INFO] [15] Bytes Sent: ACS:8328657 which is 2.491%
2025-08-13 08:12:35,766 [INFO] [15] Bytes Sent: B_A:302200149 which is 90.377%
2025-08-13 08:12:35,767 [INFO] [15] Bytes Sent: OPE:206851 which is 0.062%
2025-08-13 08:12:35,767 [INFO] [15] Total bytes sent out aa: 334376416
2025-08-13 08:12:36,103 [INFO] 11-0-B-AVSS 15 RETRIEVE called.
2025-08-13 08:12:36,108 [INFO] 8-0-B-AVSS 15 RETRIEVE called.
2025-08-13 08:12:36,148 [INFO] 12-0-B-AVSS 15 RETRIEVE called.
