[DEBUG] Node ID 8 will use peer_port=7001
Warning: Permanently added '118.24.80.178' (ECDSA) to the list of known hosts.
Creating dumbo-mpc_dumbo-mpc_run ... 
Creating dumbo-mpc_dumbo-mpc_run ... done
2025-08-13 08:12:21,892 [INFO] [8] Starting AsyRanTriGen
2025-08-13 08:12:21,892 [INFO] self.pkbls: <beaver.broadcast.crypto.boldyreva.TBLSPublicKey object at 0x7f194c2320a0>
2025-08-13 08:12:21,892 [INFO] self.skbls: <beaver.broadcast.crypto.boldyreva.TBLSPrivateKey object at 0x7f194c2320d0>
2025-08-13 08:12:21,894 [INFO] [8] Starting ACSS to share 500 secrets
2025-08-13 08:12:21,894 [INFO] [8] [ACSS] Using tag R_A (mode=avss_without_proof)
2025-08-13 08:12:23,276 [INFO] AVID retrieve called with sid: 11-0-B-AVSS, index: 8
2025-08-13 08:12:23,278 [INFO] AVID retrieve called with sid: 1-0-B-AVSS, index: 8
2025-08-13 08:12:23,280 [INFO] AVID retrieve called with sid: 10-0-B-AVSS, index: 8
2025-08-13 08:12:23,282 [INFO] AVID retrieve called with sid: 13-0-B-AVSS, index: 8
2025-08-13 08:12:23,283 [INFO] AVID retrieve called with sid: 15-0-B-AVSS, index: 8
2025-08-13 08:12:23,285 [INFO] AVID retrieve called with sid: 5-0-B-AVSS, index: 8
2025-08-13 08:12:23,286 [INFO] AVID retrieve called with sid: 7-0-B-AVSS, index: 8
2025-08-13 08:12:23,288 [INFO] AVID retrieve called with sid: 14-0-B-AVSS, index: 8
2025-08-13 08:12:23,290 [INFO] AVID retrieve called with sid: 6-0-B-AVSS, index: 8
2025-08-13 08:12:23,292 [INFO] AVID retrieve called with sid: 0-0-B-AVSS, index: 8
2025-08-13 08:12:23,293 [INFO] AVID retrieve called with sid: 2-0-B-AVSS, index: 8
2025-08-13 08:12:23,295 [INFO] AVID retrieve called with sid: 4-0-B-AVSS, index: 8
2025-08-13 08:12:23,296 [INFO] AVID retrieve called with sid: 3-0-B-AVSS, index: 8
2025-08-13 08:12:23,298 [INFO] AVID retrieve called with sid: 12-0-B-AVSS, index: 8
2025-08-13 08:12:23,327 [INFO] AVID retrieve called with sid: 9-0-B-AVSS, index: 8
2025-08-13 08:12:23,327 [INFO] 4-0-B-AVSS 8 RETRIEVE called.
2025-08-13 08:12:23,328 [INFO] 14-0-B-AVSS 8 RETRIEVE called.
2025-08-13 08:12:23,328 [INFO] 1-0-B-AVSS 8 RETRIEVE called.
2025-08-13 08:12:23,328 [INFO] 11-0-B-AVSS 8 RETRIEVE called.
2025-08-13 08:12:23,328 [INFO] 7-0-B-AVSS 8 RETRIEVE called.
2025-08-13 08:12:23,328 [INFO] 3-0-B-AVSS 8 RETRIEVE called.
2025-08-13 08:12:23,328 [INFO] 6-0-B-AVSS 8 RETRIEVE called.
2025-08-13 08:12:23,340 [INFO] 12-0-B-AVSS 8 RETRIEVE called.
2025-08-13 08:12:23,344 [INFO] 5-0-B-AVSS 8 RETRIEVE called.
2025-08-13 08:12:23,346 [INFO] 0-0-B-AVSS 8 RETRIEVE called.
2025-08-13 08:12:23,360 [INFO] 2-0-B-AVSS 8 RETRIEVE called.
2025-08-13 08:12:23,432 [INFO] AVID retrieve called with sid: 8-0-B-AVSS, index: 8
2025-08-13 08:12:23,473 [INFO] 15-0-B-AVSS 8 RETRIEVE called.
2025-08-13 08:12:23,491 [INFO] 10-0-B-AVSS 8 RETRIEVE called.
2025-08-13 08:12:23,492 [INFO] 13-0-B-AVSS 8 RETRIEVE called.
2025-08-13 08:12:23,492 [INFO] 9-0-B-AVSS 8 RETRIEVE called.
2025-08-13 08:12:23,656 [INFO] [8] [random shares] Starting ACS where node 1 is set as leader 
2025-08-13 08:12:23,656 [INFO] [8] [random shares] The proposal of node 8 is [11, 5, 1, 7, 14, 12, 6, 4, 3, 0, 2]
2025-08-13 08:12:23,657 [INFO] enter handle_message
2025-08-13 08:12:23,688 [INFO] 8-0-B-AVSS 8 RETRIEVE called.
2025-08-13 08:12:23,688 [INFO] [8] value-self.acss_outputs.keys():dict_keys([11, 5, 1, 7, 14, 12, 6, 4, 3, 0, 2])
2025-08-13 08:12:23,689 [INFO] [8] --Directly send the proposal!--
2025-08-13 08:12:23,820 [INFO] [8] Broadcasting to 0
2025-08-13 08:12:23,820 [INFO] [8] Broadcasting to 1
2025-08-13 08:12:23,820 [INFO] [8] Broadcasting to 2
2025-08-13 08:12:23,820 [INFO] [8] Broadcasting to 3
2025-08-13 08:12:23,820 [INFO] [8] Broadcasting to 4
2025-08-13 08:12:23,820 [INFO] [8] Broadcasting to 5
2025-08-13 08:12:23,821 [INFO] [8] Broadcasting to 6
2025-08-13 08:12:23,821 [INFO] [8] Broadcasting to 7
2025-08-13 08:12:23,821 [INFO] [8] Broadcasting to 8
2025-08-13 08:12:23,821 [INFO] [8] Broadcasting to 9
2025-08-13 08:12:23,821 [INFO] [8] Broadcasting to 10
2025-08-13 08:12:23,821 [INFO] [8] Broadcasting to 11
2025-08-13 08:12:23,821 [INFO] [8] Broadcasting to 12
2025-08-13 08:12:23,821 [INFO] [8] Broadcasting to 13
2025-08-13 08:12:23,821 [INFO] [8] Broadcasting to 14
2025-08-13 08:12:23,821 [INFO] [8] Broadcasting to 15
2025-08-13 08:12:23,829 [INFO] [8] Broadcasting to 0
2025-08-13 08:12:23,829 [INFO] [8] Broadcasting to 1
2025-08-13 08:12:23,829 [INFO] [8] Broadcasting to 2
2025-08-13 08:12:23,829 [INFO] [8] Broadcasting to 3
2025-08-13 08:12:23,829 [INFO] [8] Broadcasting to 4
2025-08-13 08:12:23,829 [INFO] [8] Broadcasting to 5
2025-08-13 08:12:23,829 [INFO] [8] Broadcasting to 6
2025-08-13 08:12:23,829 [INFO] [8] Broadcasting to 7
2025-08-13 08:12:23,829 [INFO] [8] Broadcasting to 8
2025-08-13 08:12:23,829 [INFO] [8] Broadcasting to 9
2025-08-13 08:12:23,829 [INFO] [8] Broadcasting to 10
2025-08-13 08:12:23,829 [INFO] [8] Broadcasting to 11
2025-08-13 08:12:23,829 [INFO] [8] Broadcasting to 12
2025-08-13 08:12:23,829 [INFO] [8] Broadcasting to 13
2025-08-13 08:12:23,829 [INFO] [8] Broadcasting to 14
2025-08-13 08:12:23,829 [INFO] [8] Broadcasting to 15
2025-08-13 08:12:23,829 [INFO] [8] [random shares] The ACS set is [0, 1, 2, 3, 4, 5, 6, 7, 11, 12, 14]
2025-08-13 08:12:23,829 [INFO] [8] Starting extract random shares
2025-08-13 08:12:24,172 [INFO] [8] Obtaining total 3000 random shares!
2025-08-13 08:12:24,172 [INFO] [8] Starting to generate beaver triples
2025-08-13 08:12:24,172 [INFO] [8] [beaver triples] Starting to share random shares
hidden g = {[6679831729115696150 8653662730902241269 1535610680227111361 17342916647841752903 17135755455211762752 1297449291367578485] [13451288730302620273 10097742279870053774 15949884091978425806 5885175747529691540 1016841820992199104 845620083434234474]}
hidden h = {[13794385998538644597 108816626937764141 12130603454454490125 6127379912259600201 17481961476035825978 950355161936836191] [10722765800778186391 17107915684035394744 11626309118465119103 5217919199071354366 6102759180633827794 660535627654889709]}
hidden Equal? false
2025/08/13 08:12:28 prodProofs size =  1744990
2025/08/13 08:12:28 prodProofs count =  1500
2025-08-13 08:12:28,578 [INFO] prodProofs size: 1773489 bytes
2025-08-13 08:12:28,578 [INFO] prodProofs count: 1500
2025-08-13 08:12:28,965 [INFO] AVID retrieve called with sid: 1-0-B-AVSS, index: 8
2025-08-13 08:12:28,970 [INFO] AVID retrieve called with sid: 5-0-B-AVSS, index: 8
2025-08-13 08:12:28,974 [INFO] AVID retrieve called with sid: 0-0-B-AVSS, index: 8
2025-08-13 08:12:28,979 [INFO] AVID retrieve called with sid: 6-0-B-AVSS, index: 8
2025-08-13 08:12:28,990 [INFO] AVID retrieve called with sid: 3-0-B-AVSS, index: 8
2025-08-13 08:12:28,995 [INFO] AVID retrieve called with sid: 10-0-B-AVSS, index: 8
2025-08-13 08:12:28,999 [INFO] AVID retrieve called with sid: 2-0-B-AVSS, index: 8
2025-08-13 08:12:29,004 [INFO] AVID retrieve called with sid: 4-0-B-AVSS, index: 8
2025-08-13 08:12:29,009 [INFO] AVID retrieve called with sid: 13-0-B-AVSS, index: 8
2025-08-13 08:12:29,013 [INFO] AVID retrieve called with sid: 7-0-B-AVSS, index: 8
2025-08-13 08:12:29,018 [INFO] AVID retrieve called with sid: 14-0-B-AVSS, index: 8
2025-08-13 08:12:29,022 [INFO] AVID retrieve called with sid: 15-0-B-AVSS, index: 8
2025-08-13 08:12:29,075 [INFO] AVID retrieve called with sid: 9-0-B-AVSS, index: 8
2025-08-13 08:12:29,750 [INFO] AVID retrieve called with sid: 12-0-B-AVSS, index: 8
2025-08-13 08:12:29,754 [INFO] AVID retrieve called with sid: 8-0-B-AVSS, index: 8
2025-08-13 08:12:29,759 [INFO] AVID retrieve called with sid: 11-0-B-AVSS, index: 8
2025-08-13 08:12:30,900 [INFO] 6-0-B-AVSS 8 RETRIEVE called.
2025-08-13 08:12:30,900 [INFO] 3-0-B-AVSS 8 RETRIEVE called.
2025-08-13 08:12:30,901 [INFO] 4-0-B-AVSS 8 RETRIEVE called.
2025-08-13 08:12:30,901 [INFO] 1-0-B-AVSS 8 RETRIEVE called.
2025-08-13 08:12:30,901 [INFO] 10-0-B-AVSS 8 RETRIEVE called.
2025-08-13 08:12:30,901 [INFO] 7-0-B-AVSS 8 RETRIEVE called.
2025-08-13 08:12:30,901 [INFO] 9-0-B-AVSS 8 RETRIEVE called.
2025-08-13 08:12:30,901 [INFO] 15-0-B-AVSS 8 RETRIEVE called.
2025-08-13 08:12:30,901 [INFO] 0-0-B-AVSS 8 RETRIEVE called.
2025-08-13 08:12:30,901 [INFO] 13-0-B-AVSS 8 RETRIEVE called.
2025-08-13 08:12:30,901 [INFO] 14-0-B-AVSS 8 RETRIEVE called.
2025-08-13 08:12:30,901 [INFO] 5-0-B-AVSS 8 RETRIEVE called.
2025-08-13 08:12:30,901 [INFO] 2-0-B-AVSS 8 RETRIEVE called.
2025-08-13 08:12:34,428 [INFO] 12-0-B-AVSS 8 RETRIEVE called.
2025-08-13 08:12:34,435 [INFO] 11-0-B-AVSS 8 RETRIEVE called.
2025-08-13 08:12:34,435 [INFO] 8-0-B-AVSS 8 RETRIEVE called.
2025-08-13 08:12:34,509 [INFO] [8] [beaver triples] Starting to ACS where 2 is set as leader 
2025-08-13 08:12:34,509 [INFO] [8] [beaver triples] The proposal of node 8 is [5, 4, 3, 2, 1, 0, 6, 13, 7, 15, 9]
2025-08-13 08:12:34,509 [INFO] enter handle_message
2025-08-13 08:12:34,519 [INFO] [8] Broadcasting to 0
2025-08-13 08:12:34,519 [INFO] [8] Broadcasting to 1
2025-08-13 08:12:34,520 [INFO] [8] Broadcasting to 2
2025-08-13 08:12:34,520 [INFO] [8] Broadcasting to 3
2025-08-13 08:12:34,520 [INFO] [8] Broadcasting to 4
2025-08-13 08:12:34,520 [INFO] [8] Broadcasting to 5
2025-08-13 08:12:34,520 [INFO] [8] Broadcasting to 6
2025-08-13 08:12:34,520 [INFO] [8] Broadcasting to 7
2025-08-13 08:12:34,520 [INFO] [8] Broadcasting to 8
2025-08-13 08:12:34,520 [INFO] [8] Broadcasting to 9
2025-08-13 08:12:34,520 [INFO] [8] Broadcasting to 10
2025-08-13 08:12:34,520 [INFO] [8] Broadcasting to 11
2025-08-13 08:12:34,520 [INFO] [8] Broadcasting to 12
2025-08-13 08:12:34,520 [INFO] [8] Broadcasting to 13
2025-08-13 08:12:34,520 [INFO] [8] Broadcasting to 14
2025-08-13 08:12:34,520 [INFO] [8] Broadcasting to 15
2025-08-13 08:12:34,520 [INFO] [8] [beaver triples] The ACS set is [0, 1, 2, 3, 4, 5, 6, 9, 13, 14, 15]
2025-08-13 08:12:34,785 [INFO] [8] [beaver triples] Time taken for beaver_time: 12.892815113067627 seconds
2025-08-13 08:12:34,785 [INFO] [8] [inputs] Start generating 200 public inputs via ACSS+ACS
2025-08-13 08:12:34,786 [INFO] [8] [inputs] Starting ACSS to share 200 inputs
2025-08-13 08:12:34,786 [INFO] [8] [ACSS] Using tag ACSS_INPUTS_AVSS (mode=avss_without_proof)
2025-08-13 08:12:35,350 [INFO] AVID retrieve called with sid: 1-0-B-AVSS, index: 8
2025-08-13 08:12:35,351 [INFO] AVID retrieve called with sid: 5-0-B-AVSS, index: 8
2025-08-13 08:12:35,352 [INFO] AVID retrieve called with sid: 0-0-B-AVSS, index: 8
2025-08-13 08:12:35,352 [INFO] AVID retrieve called with sid: 3-0-B-AVSS, index: 8
2025-08-13 08:12:35,353 [INFO] AVID retrieve called with sid: 4-0-B-AVSS, index: 8
2025-08-13 08:12:35,354 [INFO] AVID retrieve called with sid: 6-0-B-AVSS, index: 8
2025-08-13 08:12:35,355 [INFO] AVID retrieve called with sid: 7-0-B-AVSS, index: 8
2025-08-13 08:12:35,356 [INFO] AVID retrieve called with sid: 2-0-B-AVSS, index: 8
2025-08-13 08:12:35,357 [INFO] AVID retrieve called with sid: 10-0-B-AVSS, index: 8
2025-08-13 08:12:35,357 [INFO] AVID retrieve called with sid: 14-0-B-AVSS, index: 8
2025-08-13 08:12:35,358 [INFO] AVID retrieve called with sid: 15-0-B-AVSS, index: 8
2025-08-13 08:12:35,359 [INFO] AVID retrieve called with sid: 13-0-B-AVSS, index: 8
2025-08-13 08:12:35,360 [INFO] AVID retrieve called with sid: 9-0-B-AVSS, index: 8
2025-08-13 08:12:36,009 [INFO] 1-0-B-AVSS 8 RETRIEVE called.
2025-08-13 08:12:36,010 [INFO] 5-0-B-AVSS 8 RETRIEVE called.
2025-08-13 08:12:36,010 [INFO] 0-0-B-AVSS 8 RETRIEVE called.
2025-08-13 08:12:36,010 [INFO] 3-0-B-AVSS 8 RETRIEVE called.
2025-08-13 08:12:36,010 [INFO] 4-0-B-AVSS 8 RETRIEVE called.
2025-08-13 08:12:36,010 [INFO] 6-0-B-AVSS 8 RETRIEVE called.
2025-08-13 08:12:36,010 [INFO] 7-0-B-AVSS 8 RETRIEVE called.
2025-08-13 08:12:36,010 [INFO] 2-0-B-AVSS 8 RETRIEVE called.
2025-08-13 08:12:36,010 [INFO] 10-0-B-AVSS 8 RETRIEVE called.
2025-08-13 08:12:36,010 [INFO] 14-0-B-AVSS 8 RETRIEVE called.
2025-08-13 08:12:36,010 [INFO] 15-0-B-AVSS 8 RETRIEVE called.
2025-08-13 08:12:36,010 [INFO] 13-0-B-AVSS 8 RETRIEVE called.
2025-08-13 08:12:36,010 [INFO] 9-0-B-AVSS 8 RETRIEVE called.
2025-08-13 08:12:36,027 [INFO] AVID retrieve called with sid: 11-0-B-AVSS, index: 8
2025-08-13 08:12:36,027 [INFO] AVID retrieve called with sid: 12-0-B-AVSS, index: 8
2025-08-13 08:12:36,028 [INFO] AVID retrieve called with sid: 8-0-B-AVSS, index: 8
2025-08-13 08:12:36,175 [INFO] [8] [inputs] Starting ACS (leader=0); proposal size=13
2025-08-13 08:12:36,176 [INFO] enter handle_message
2025-08-13 08:12:36,177 [INFO] [8] value-self.acss_outputs.keys():dict_keys([2, 10, 14, 5, 15, 0, 13, 1, 9, 3, 4, 7, 6])
2025-08-13 08:12:36,177 [INFO] [8] --Directly send the proposal!--
2025-08-13 08:12:36,194 [INFO] [8] Broadcasting to 0
2025-08-13 08:12:36,194 [INFO] [8] Broadcasting to 1
2025-08-13 08:12:36,194 [INFO] [8] Broadcasting to 2
2025-08-13 08:12:36,194 [INFO] [8] Broadcasting to 3
2025-08-13 08:12:36,194 [INFO] [8] Broadcasting to 4
2025-08-13 08:12:36,194 [INFO] [8] Broadcasting to 5
2025-08-13 08:12:36,194 [INFO] [8] Broadcasting to 6
2025-08-13 08:12:36,194 [INFO] [8] Broadcasting to 7
2025-08-13 08:12:36,194 [INFO] [8] Broadcasting to 8
2025-08-13 08:12:36,194 [INFO] [8] Broadcasting to 9
2025-08-13 08:12:36,194 [INFO] [8] Broadcasting to 10
2025-08-13 08:12:36,194 [INFO] [8] Broadcasting to 11
2025-08-13 08:12:36,194 [INFO] [8] Broadcasting to 12
2025-08-13 08:12:36,194 [INFO] [8] Broadcasting to 13
2025-08-13 08:12:36,194 [INFO] [8] Broadcasting to 14
2025-08-13 08:12:36,194 [INFO] [8] Broadcasting to 15
2025-08-13 08:12:36,194 [INFO] [8] [inputs] ACS set size=11; set=[0, 1, 2, 3, 4, 5, 6, 7, 13, 14, 15]
2025-08-13 08:12:36,194 [INFO] [8] [inputs] Decoded 200 input shares from dealer 0
2025-08-13 08:12:36,198 [INFO] len a_all: 500, len b_all: 500, len c_all: 500
2025-08-13 08:12:36,198 [INFO] [8] [inputs] Time taken to inputs_time: 1.4125988483428955 seconds
2025-08-13 08:12:36,198 [INFO] [8] [layer 0] Using 50 triples (a,b,c) for multiplication
2025-08-13 08:12:36,208 [INFO] [BatchReconstruct] P1 Send: 0.004840850830078125
2025-08-13 08:12:36,209 [INFO] 11-0-B-AVSS 8 RETRIEVE called.
2025-08-13 08:12:36,209 [INFO] 8-0-B-AVSS 8 RETRIEVE called.
2025-08-13 08:12:36,209 [INFO] 12-0-B-AVSS 8 RETRIEVE called.
2025-08-13 08:12:36,211 [INFO] [BatchReconstruct] P1 Reconstruct: 0.0033059120178222656
2025-08-13 08:12:36,211 [INFO] [BatchReconstruct] P2 Send: 5.1021575927734375e-05
2025-08-13 08:12:36,212 [INFO] [BatchReconstruct] P2 Reconstruct: 0.0009462833404541016
2025-08-13 08:12:36,213 [INFO] [8] [layer 0] done: produced 100 outputs; next I size=200
2025-08-13 08:12:36,213 [INFO] [8] [layer 0] Time taken for layer layer_time: 0.015569686889648438 seconds
2025-08-13 08:12:36,213 [INFO] [8] [layer 1] Using 50 triples (a,b,c) for multiplication
2025-08-13 08:12:36,215 [INFO] [BatchReconstruct] P1 Send: 0.0002582073211669922
2025-08-13 08:12:36,216 [INFO] [BatchReconstruct] P1 Reconstruct: 0.001020669937133789
2025-08-13 08:12:36,216 [INFO] [BatchReconstruct] P2 Send: 5.221366882324219e-05
2025-08-13 08:12:36,217 [INFO] [BatchReconstruct] P2 Reconstruct: 0.0007982254028320312
2025-08-13 08:12:36,218 [INFO] [8] [layer 1] done: produced 100 outputs; next I size=200
2025-08-13 08:12:36,218 [INFO] [8] [layer 1] Time taken for layer layer_time: 0.004369258880615234 seconds
2025-08-13 08:12:36,218 [INFO] [8] [layer 2] Using 50 triples (a,b,c) for multiplication
2025-08-13 08:12:36,219 [INFO] [BatchReconstruct] P1 Send: 0.00025200843811035156
2025-08-13 08:12:36,220 [INFO] [BatchReconstruct] P1 Reconstruct: 0.00092315673828125
2025-08-13 08:12:36,220 [INFO] [BatchReconstruct] P2 Send: 4.792213439941406e-05
2025-08-13 08:12:36,221 [INFO] [BatchReconstruct] P2 Reconstruct: 0.0007488727569580078
2025-08-13 08:12:36,222 [INFO] [8] [layer 2] done: produced 100 outputs; next I size=200
2025-08-13 08:12:36,222 [INFO] [8] [layer 2] Time taken for layer layer_time: 0.003988027572631836 seconds
2025-08-13 08:12:36,222 [INFO] [8] [layer 3] Using 50 triples (a,b,c) for multiplication
2025-08-13 08:12:36,223 [INFO] [BatchReconstruct] P1 Send: 0.0002498626708984375
2025-08-13 08:12:36,224 [INFO] [BatchReconstruct] P1 Reconstruct: 0.0009045600891113281
2025-08-13 08:12:36,224 [INFO] [BatchReconstruct] P2 Send: 5.364418029785156e-05
2025-08-13 08:12:36,225 [INFO] [BatchReconstruct] P2 Reconstruct: 0.0007567405700683594
2025-08-13 08:12:36,226 [INFO] [8] [layer 3] done: produced 100 outputs; next I size=200
2025-08-13 08:12:36,226 [INFO] [8] [layer 3] Time taken for layer layer_time: 0.004138946533203125 seconds
2025-08-13 08:12:36,226 [INFO] [8] [layer 4] Using 50 triples (a,b,c) for multiplication
2025-08-13 08:12:36,227 [INFO] [BatchReconstruct] P1 Send: 0.00028014183044433594
2025-08-13 08:12:36,228 [INFO] [BatchReconstruct] P1 Reconstruct: 0.0009236335754394531
2025-08-13 08:12:36,228 [INFO] [BatchReconstruct] P2 Send: 4.9591064453125e-05
2025-08-13 08:12:36,229 [INFO] [BatchReconstruct] P2 Reconstruct: 0.0007631778717041016
2025-08-13 08:12:36,230 [INFO] [8] [layer 4] done: produced 100 outputs; next I size=200
2025-08-13 08:12:36,230 [INFO] [8] [layer 4] Time taken for layer layer_time: 0.003976345062255859 seconds
2025-08-13 08:12:36,230 [INFO] [8] [layer 5] Using 50 triples (a,b,c) for multiplication
2025-08-13 08:12:36,231 [INFO] [BatchReconstruct] P1 Send: 0.00027441978454589844
2025-08-13 08:12:36,232 [INFO] [BatchReconstruct] P1 Reconstruct: 0.0009045600891113281
2025-08-13 08:12:36,232 [INFO] [BatchReconstruct] P2 Send: 4.982948303222656e-05
2025-08-13 08:12:36,233 [INFO] [BatchReconstruct] P2 Reconstruct: 0.0007739067077636719
2025-08-13 08:12:36,234 [INFO] [8] [layer 5] done: produced 100 outputs; next I size=200
2025-08-13 08:12:36,234 [INFO] [8] [layer 5] Time taken for layer layer_time: 0.004298210144042969 seconds
2025-08-13 08:12:36,234 [INFO] [8] [layer 6] Using 50 triples (a,b,c) for multiplication
2025-08-13 08:12:36,236 [INFO] [BatchReconstruct] P1 Send: 0.0002498626708984375
2025-08-13 08:12:36,237 [INFO] [BatchReconstruct] P1 Reconstruct: 0.0009832382202148438
2025-08-13 08:12:36,237 [INFO] [BatchReconstruct] P2 Send: 4.9114227294921875e-05
2025-08-13 08:12:36,238 [INFO] [BatchReconstruct] P2 Reconstruct: 0.0007510185241699219
2025-08-13 08:12:36,238 [INFO] [8] [layer 6] done: produced 100 outputs; next I size=200
2025-08-13 08:12:36,238 [INFO] [8] [layer 6] Time taken for layer layer_time: 0.003915309906005859 seconds
2025-08-13 08:12:36,238 [INFO] [8] [layer 7] Using 50 triples (a,b,c) for multiplication
2025-08-13 08:12:36,240 [INFO] [BatchReconstruct] P1 Send: 0.00025177001953125
2025-08-13 08:12:36,241 [INFO] [BatchReconstruct] P1 Reconstruct: 0.0009465217590332031
2025-08-13 08:12:36,241 [INFO] [BatchReconstruct] P2 Send: 4.9591064453125e-05
2025-08-13 08:12:36,242 [INFO] [BatchReconstruct] P2 Reconstruct: 0.0007631778717041016
2025-08-13 08:12:36,242 [INFO] [8] [layer 7] done: produced 100 outputs; next I size=200
2025-08-13 08:12:36,242 [INFO] [8] [layer 7] Time taken for layer layer_time: 0.003812074661254883 seconds
2025-08-13 08:12:36,242 [INFO] [8] [layer 8] Using 50 triples (a,b,c) for multiplication
2025-08-13 08:12:36,243 [INFO] [BatchReconstruct] P1 Send: 0.0002796649932861328
2025-08-13 08:12:36,245 [INFO] [BatchReconstruct] P1 Reconstruct: 0.0010633468627929688
2025-08-13 08:12:36,245 [INFO] [BatchReconstruct] P2 Send: 5.0067901611328125e-05
2025-08-13 08:12:36,246 [INFO] [BatchReconstruct] P2 Reconstruct: 0.0011801719665527344
2025-08-13 08:12:36,270 [INFO] [8] [layer 8] done: produced 100 outputs; next I size=200
2025-08-13 08:12:36,270 [INFO] [8] [layer 8] Time taken for layer layer_time: 0.02770066261291504 seconds
2025-08-13 08:12:36,270 [INFO] [8] [layer 9] Using 50 triples (a,b,c) for multiplication
2025-08-13 08:12:36,272 [INFO] [BatchReconstruct] P1 Send: 0.00028204917907714844
2025-08-13 08:12:36,273 [INFO] [BatchReconstruct] P1 Reconstruct: 0.0010204315185546875
2025-08-13 08:12:36,273 [INFO] [BatchReconstruct] P2 Send: 5.2928924560546875e-05
2025-08-13 08:12:36,274 [INFO] [BatchReconstruct] P2 Reconstruct: 0.0008535385131835938
2025-08-13 08:12:36,275 [INFO] [8] [layer 9] done: produced 100 outputs; next I size=200
2025-08-13 08:12:36,275 [INFO] [8] [layer 9] Time taken for layer layer_time: 0.00512385368347168 seconds
2025-08-13 08:12:36,275 [INFO] [8] [final] opening 100 outputs
2025-08-13 08:12:36,276 [INFO] [BatchReconstruct] P1 Send: 0.0002701282501220703
2025-08-13 08:12:36,277 [INFO] [BatchReconstruct] P1 Reconstruct: 0.0008420944213867188
2025-08-13 08:12:36,277 [INFO] [BatchReconstruct] P2 Send: 5.1021575927734375e-05
2025-08-13 08:12:36,278 [INFO] [BatchReconstruct] P2 Reconstruct: 0.0007574558258056641
2025-08-13 08:12:36,278 [INFO] [8] [final] reconstructed 100 values
2025-08-13 08:12:36,278 [INFO] [8] [final] Time taken for reconstruction rec_time: 0.003492593765258789 seconds
2025-08-13 08:12:36,278 [INFO] [8] [beaver triples] Finished! Node 8, total number: 1500, time: 14.386269807815552 (seconds)
2025-08-13 08:12:36,279 [INFO] [8] Bytes Sent: R_A:23640902 which is 7.044%
2025-08-13 08:12:36,279 [INFO] [8] Bytes Sent: ACS:9555480 which is 2.847%
2025-08-13 08:12:36,279 [INFO] [8] Bytes Sent: B_A:302205559 which is 90.047%
2025-08-13 08:12:36,279 [INFO] [8] Bytes Sent: OPE:206855 which is 0.062%
2025-08-13 08:12:36,279 [INFO] [8] Total bytes sent out aa: 335608796
