[DEBUG] Node ID 1 will use peer_port=7001
Warning: Permanently added '111.229.233.85' (ECDSA) to the list of known hosts.
Creating dumbo-mpc_dumbo-mpc_run ... 
Creating dumbo-mpc_dumbo-mpc_run ... done
2025-08-13 08:12:21,502 [INFO] [1] Starting AsyRanTriGen
2025-08-13 08:12:21,502 [INFO] self.pkbls: <beaver.broadcast.crypto.boldyreva.TBLSPublicKey object at 0x7fa041a0c0d0>
2025-08-13 08:12:21,502 [INFO] self.skbls: <beaver.broadcast.crypto.boldyreva.TBLSPrivateKey object at 0x7fa041a0c100>
2025-08-13 08:12:21,503 [INFO] [1] Starting ACSS to share 500 secrets
2025-08-13 08:12:21,503 [INFO] [1] [ACSS] Using tag R_A (mode=avss_without_proof)
2025-08-13 08:12:23,060 [INFO] AVID retrieve called with sid: 7-0-B-AVSS, index: 1
2025-08-13 08:12:23,061 [INFO] AVID retrieve called with sid: 11-0-B-AVSS, index: 1
2025-08-13 08:12:23,062 [INFO] AVID retrieve called with sid: 14-0-B-AVSS, index: 1
2025-08-13 08:12:23,065 [INFO] AVID retrieve called with sid: 3-0-B-AVSS, index: 1
2025-08-13 08:12:23,076 [INFO] AVID retrieve called with sid: 6-0-B-AVSS, index: 1
2025-08-13 08:12:23,089 [INFO] AVID retrieve called with sid: 12-0-B-AVSS, index: 1
2025-08-13 08:12:23,096 [INFO] AVID retrieve called with sid: 4-0-B-AVSS, index: 1
2025-08-13 08:12:23,098 [INFO] AVID retrieve called with sid: 1-0-B-AVSS, index: 1
2025-08-13 08:12:23,148 [INFO] AVID retrieve called with sid: 5-0-B-AVSS, index: 1
2025-08-13 08:12:23,164 [INFO] AVID retrieve called with sid: 0-0-B-AVSS, index: 1
2025-08-13 08:12:23,196 [INFO] AVID retrieve called with sid: 2-0-B-AVSS, index: 1
2025-08-13 08:12:23,219 [INFO] AVID retrieve called with sid: 10-0-B-AVSS, index: 1
2025-08-13 08:12:23,221 [INFO] AVID retrieve called with sid: 15-0-B-AVSS, index: 1
2025-08-13 08:12:23,222 [INFO] AVID retrieve called with sid: 13-0-B-AVSS, index: 1
2025-08-13 08:12:23,245 [INFO] AVID retrieve called with sid: 9-0-B-AVSS, index: 1
2025-08-13 08:12:23,255 [INFO] 1-0-B-AVSS 1 RETRIEVE called.
2025-08-13 08:12:23,255 [INFO] 6-0-B-AVSS 1 RETRIEVE called.
2025-08-13 08:12:23,257 [INFO] 4-0-B-AVSS 1 RETRIEVE called.
2025-08-13 08:12:23,257 [INFO] 3-0-B-AVSS 1 RETRIEVE called.
2025-08-13 08:12:23,258 [INFO] 7-0-B-AVSS 1 RETRIEVE called.
2025-08-13 08:12:23,288 [INFO] 11-0-B-AVSS 1 RETRIEVE called.
2025-08-13 08:12:23,288 [INFO] 12-0-B-AVSS 1 RETRIEVE called.
2025-08-13 08:12:23,288 [INFO] 14-0-B-AVSS 1 RETRIEVE called.
2025-08-13 08:12:23,342 [INFO] 5-0-B-AVSS 1 RETRIEVE called.
2025-08-13 08:12:23,344 [INFO] 0-0-B-AVSS 1 RETRIEVE called.
2025-08-13 08:12:23,401 [INFO] 2-0-B-AVSS 1 RETRIEVE called.
2025-08-13 08:12:23,441 [INFO] [1] [random shares] Starting ACS where node 1 is set as leader 
2025-08-13 08:12:23,441 [INFO] [1] [random shares] The proposal of node 1 is [1, 6, 7, 3, 4, 14, 12, 11, 5, 0, 2]
2025-08-13 08:12:23,441 [INFO] enter handle_message
2025-08-13 08:12:23,441 [INFO] [1] I am the leader, broadcasting my input
2025-08-13 08:12:23,442 [INFO] [1] Broadcasting to 0
2025-08-13 08:12:23,442 [INFO] [1] Broadcasting to 1
2025-08-13 08:12:23,442 [INFO] [1] Broadcasting to 2
2025-08-13 08:12:23,442 [INFO] [1] Broadcasting to 3
2025-08-13 08:12:23,442 [INFO] [1] Broadcasting to 4
2025-08-13 08:12:23,442 [INFO] [1] Broadcasting to 5
2025-08-13 08:12:23,442 [INFO] [1] Broadcasting to 6
2025-08-13 08:12:23,442 [INFO] [1] Broadcasting to 7
2025-08-13 08:12:23,442 [INFO] [1] Broadcasting to 8
2025-08-13 08:12:23,442 [INFO] [1] Broadcasting to 9
2025-08-13 08:12:23,442 [INFO] [1] Broadcasting to 10
2025-08-13 08:12:23,442 [INFO] [1] Broadcasting to 11
2025-08-13 08:12:23,442 [INFO] [1] Broadcasting to 12
2025-08-13 08:12:23,442 [INFO] [1] Broadcasting to 13
2025-08-13 08:12:23,442 [INFO] [1] Broadcasting to 14
2025-08-13 08:12:23,442 [INFO] [1] Broadcasting to 15
2025-08-13 08:12:23,444 [INFO] [1] value-self.acss_outputs.keys():dict_keys([1, 6, 7, 3, 4, 14, 12, 11, 5, 0, 2])
2025-08-13 08:12:23,445 [INFO] [1] --Directly send the proposal!--
2025-08-13 08:12:23,454 [INFO] AVID retrieve called with sid: 8-0-B-AVSS, index: 1
2025-08-13 08:12:23,454 [INFO] 15-0-B-AVSS 1 RETRIEVE called.
2025-08-13 08:12:23,486 [INFO] 13-0-B-AVSS 1 RETRIEVE called.
2025-08-13 08:12:23,486 [INFO] 10-0-B-AVSS 1 RETRIEVE called.
2025-08-13 08:12:23,487 [INFO] 9-0-B-AVSS 1 RETRIEVE called.
2025-08-13 08:12:23,605 [INFO] [1] Broadcasting to 0
2025-08-13 08:12:23,605 [INFO] [1] Broadcasting to 1
2025-08-13 08:12:23,605 [INFO] [1] Broadcasting to 2
2025-08-13 08:12:23,605 [INFO] [1] Broadcasting to 3
2025-08-13 08:12:23,605 [INFO] [1] Broadcasting to 4
2025-08-13 08:12:23,605 [INFO] [1] Broadcasting to 5
2025-08-13 08:12:23,605 [INFO] [1] Broadcasting to 6
2025-08-13 08:12:23,605 [INFO] [1] Broadcasting to 7
2025-08-13 08:12:23,605 [INFO] [1] Broadcasting to 8
2025-08-13 08:12:23,605 [INFO] [1] Broadcasting to 9
2025-08-13 08:12:23,605 [INFO] [1] Broadcasting to 10
2025-08-13 08:12:23,605 [INFO] [1] Broadcasting to 11
2025-08-13 08:12:23,605 [INFO] [1] Broadcasting to 12
2025-08-13 08:12:23,605 [INFO] [1] Broadcasting to 13
2025-08-13 08:12:23,605 [INFO] [1] Broadcasting to 14
2025-08-13 08:12:23,605 [INFO] [1] Broadcasting to 15
2025-08-13 08:12:23,631 [INFO] 8-0-B-AVSS 1 RETRIEVE called.
2025-08-13 08:12:23,740 [INFO] [1] Broadcasting to 0
2025-08-13 08:12:23,741 [INFO] [1] Broadcasting to 1
2025-08-13 08:12:23,741 [INFO] [1] Broadcasting to 2
2025-08-13 08:12:23,741 [INFO] [1] Broadcasting to 3
2025-08-13 08:12:23,741 [INFO] [1] Broadcasting to 4
2025-08-13 08:12:23,741 [INFO] [1] Broadcasting to 5
2025-08-13 08:12:23,741 [INFO] [1] Broadcasting to 6
2025-08-13 08:12:23,741 [INFO] [1] Broadcasting to 7
2025-08-13 08:12:23,741 [INFO] [1] Broadcasting to 8
2025-08-13 08:12:23,741 [INFO] [1] Broadcasting to 9
2025-08-13 08:12:23,741 [INFO] [1] Broadcasting to 10
2025-08-13 08:12:23,741 [INFO] [1] Broadcasting to 11
2025-08-13 08:12:23,741 [INFO] [1] Broadcasting to 12
2025-08-13 08:12:23,741 [INFO] [1] Broadcasting to 13
2025-08-13 08:12:23,741 [INFO] [1] Broadcasting to 14
2025-08-13 08:12:23,741 [INFO] [1] Broadcasting to 15
2025-08-13 08:12:23,799 [INFO] [1] Broadcasting to 0
2025-08-13 08:12:23,799 [INFO] [1] Broadcasting to 1
2025-08-13 08:12:23,799 [INFO] [1] Broadcasting to 2
2025-08-13 08:12:23,799 [INFO] [1] Broadcasting to 3
2025-08-13 08:12:23,799 [INFO] [1] Broadcasting to 4
2025-08-13 08:12:23,799 [INFO] [1] Broadcasting to 5
2025-08-13 08:12:23,799 [INFO] [1] Broadcasting to 6
2025-08-13 08:12:23,799 [INFO] [1] Broadcasting to 7
2025-08-13 08:12:23,799 [INFO] [1] Broadcasting to 8
2025-08-13 08:12:23,799 [INFO] [1] Broadcasting to 9
2025-08-13 08:12:23,799 [INFO] [1] Broadcasting to 10
2025-08-13 08:12:23,799 [INFO] [1] Broadcasting to 11
2025-08-13 08:12:23,799 [INFO] [1] Broadcasting to 12
2025-08-13 08:12:23,799 [INFO] [1] Broadcasting to 13
2025-08-13 08:12:23,799 [INFO] [1] Broadcasting to 14
2025-08-13 08:12:23,799 [INFO] [1] Broadcasting to 15
2025-08-13 08:12:23,814 [INFO] [1] Broadcasting to 0
2025-08-13 08:12:23,814 [INFO] [1] Broadcasting to 1
2025-08-13 08:12:23,814 [INFO] [1] Broadcasting to 2
2025-08-13 08:12:23,814 [INFO] [1] Broadcasting to 3
2025-08-13 08:12:23,814 [INFO] [1] Broadcasting to 4
2025-08-13 08:12:23,814 [INFO] [1] Broadcasting to 5
2025-08-13 08:12:23,814 [INFO] [1] Broadcasting to 6
2025-08-13 08:12:23,814 [INFO] [1] Broadcasting to 7
2025-08-13 08:12:23,814 [INFO] [1] Broadcasting to 8
2025-08-13 08:12:23,814 [INFO] [1] Broadcasting to 9
2025-08-13 08:12:23,814 [INFO] [1] Broadcasting to 10
2025-08-13 08:12:23,814 [INFO] [1] Broadcasting to 11
2025-08-13 08:12:23,814 [INFO] [1] Broadcasting to 12
2025-08-13 08:12:23,814 [INFO] [1] Broadcasting to 13
2025-08-13 08:12:23,815 [INFO] [1] Broadcasting to 14
2025-08-13 08:12:23,815 [INFO] [1] Broadcasting to 15
2025-08-13 08:12:23,815 [INFO] [1] [random shares] The ACS set is [0, 1, 2, 3, 4, 5, 6, 7, 11, 12, 14]
2025-08-13 08:12:23,815 [INFO] [1] Starting extract random shares
2025-08-13 08:12:24,134 [INFO] [1] Obtaining total 3000 random shares!
2025-08-13 08:12:24,134 [INFO] [1] Starting to generate beaver triples
2025-08-13 08:12:24,134 [INFO] [1] [beaver triples] Starting to share random shares
hidden g = {[6679831729115696150 8653662730902241269 1535610680227111361 17342916647841752903 17135755455211762752 1297449291367578485] [13451288730302620273 10097742279870053774 15949884091978425806 5885175747529691540 1016841820992199104 845620083434234474]}
hidden h = {[13794385998538644597 108816626937764141 12130603454454490125 6127379912259600201 17481961476035825978 950355161936836191] [10722765800778186391 17107915684035394744 11626309118465119103 5217919199071354366 6102759180633827794 660535627654889709]}
hidden Equal? false
2025/08/13 08:12:28 prodProofs size =  1744933
2025/08/13 08:12:28 prodProofs count =  1500
2025-08-13 08:12:28,454 [INFO] prodProofs size: 1773432 bytes
2025-08-13 08:12:28,454 [INFO] prodProofs count: 1500
2025-08-13 08:12:28,979 [INFO] AVID retrieve called with sid: 6-0-B-AVSS, index: 1
2025-08-13 08:12:28,982 [INFO] AVID retrieve called with sid: 3-0-B-AVSS, index: 1
2025-08-13 08:12:28,985 [INFO] AVID retrieve called with sid: 0-0-B-AVSS, index: 1
2025-08-13 08:12:28,987 [INFO] AVID retrieve called with sid: 5-0-B-AVSS, index: 1
2025-08-13 08:12:28,990 [INFO] AVID retrieve called with sid: 1-0-B-AVSS, index: 1
2025-08-13 08:12:28,993 [INFO] AVID retrieve called with sid: 2-0-B-AVSS, index: 1
2025-08-13 08:12:29,583 [INFO] AVID retrieve called with sid: 4-0-B-AVSS, index: 1
2025-08-13 08:12:29,586 [INFO] AVID retrieve called with sid: 13-0-B-AVSS, index: 1
2025-08-13 08:12:29,589 [INFO] AVID retrieve called with sid: 14-0-B-AVSS, index: 1
2025-08-13 08:12:29,592 [INFO] AVID retrieve called with sid: 7-0-B-AVSS, index: 1
2025-08-13 08:12:29,594 [INFO] AVID retrieve called with sid: 9-0-B-AVSS, index: 1
2025-08-13 08:12:29,597 [INFO] AVID retrieve called with sid: 10-0-B-AVSS, index: 1
2025-08-13 08:12:29,622 [INFO] AVID retrieve called with sid: 15-0-B-AVSS, index: 1
2025-08-13 08:12:29,625 [INFO] AVID retrieve called with sid: 8-0-B-AVSS, index: 1
2025-08-13 08:12:29,628 [INFO] AVID retrieve called with sid: 11-0-B-AVSS, index: 1
2025-08-13 08:12:29,664 [INFO] AVID retrieve called with sid: 12-0-B-AVSS, index: 1
2025-08-13 08:12:30,102 [INFO] 3-0-B-AVSS 1 RETRIEVE called.
2025-08-13 08:12:30,283 [INFO] 6-0-B-AVSS 1 RETRIEVE called.
2025-08-13 08:12:30,288 [INFO] 2-0-B-AVSS 1 RETRIEVE called.
2025-08-13 08:12:30,289 [INFO] 1-0-B-AVSS 1 RETRIEVE called.
2025-08-13 08:12:30,289 [INFO] 5-0-B-AVSS 1 RETRIEVE called.
2025-08-13 08:12:30,289 [INFO] 4-0-B-AVSS 1 RETRIEVE called.
2025-08-13 08:12:30,291 [INFO] 0-0-B-AVSS 1 RETRIEVE called.
2025-08-13 08:12:30,291 [INFO] 15-0-B-AVSS 1 RETRIEVE called.
2025-08-13 08:12:30,291 [INFO] 14-0-B-AVSS 1 RETRIEVE called.
2025-08-13 08:12:30,291 [INFO] 13-0-B-AVSS 1 RETRIEVE called.
2025-08-13 08:12:30,291 [INFO] 7-0-B-AVSS 1 RETRIEVE called.
2025-08-13 08:12:30,291 [INFO] 10-0-B-AVSS 1 RETRIEVE called.
2025-08-13 08:12:30,291 [INFO] 9-0-B-AVSS 1 RETRIEVE called.
2025-08-13 08:12:32,547 [INFO] 11-0-B-AVSS 1 RETRIEVE called.
2025-08-13 08:12:32,547 [INFO] 8-0-B-AVSS 1 RETRIEVE called.
2025-08-13 08:12:32,548 [INFO] 12-0-B-AVSS 1 RETRIEVE called.
2025-08-13 08:12:33,145 [INFO] [1] [beaver triples] Starting to ACS where 2 is set as leader 
2025-08-13 08:12:33,145 [INFO] [1] [beaver triples] The proposal of node 1 is [3, 6, 2, 4, 1, 5, 15, 7, 0, 14, 10]
2025-08-13 08:12:33,145 [INFO] enter handle_message
2025-08-13 08:12:33,145 [INFO] [1] value-self.acss_outputs.keys():dict_keys([3, 6, 2, 4, 1, 5, 15, 7, 0, 14, 10])
2025-08-13 08:12:33,156 [INFO] [1] value-self.acss_outputs.keys():dict_keys([3, 6, 2, 4, 1, 5, 15, 7, 0, 14, 10, 9])
2025-08-13 08:12:33,166 [INFO] [1] value-self.acss_outputs.keys():dict_keys([3, 6, 2, 4, 1, 5, 15, 7, 0, 14, 10, 9, 13])
2025-08-13 08:12:33,166 [INFO] [1] --Directly send the proposal!--
2025-08-13 08:12:34,025 [INFO] [1] Broadcasting to 0
2025-08-13 08:12:34,025 [INFO] [1] Broadcasting to 1
2025-08-13 08:12:34,026 [INFO] [1] Broadcasting to 2
2025-08-13 08:12:34,026 [INFO] [1] Broadcasting to 3
2025-08-13 08:12:34,026 [INFO] [1] Broadcasting to 4
2025-08-13 08:12:34,026 [INFO] [1] Broadcasting to 5
2025-08-13 08:12:34,026 [INFO] [1] Broadcasting to 6
2025-08-13 08:12:34,026 [INFO] [1] Broadcasting to 7
2025-08-13 08:12:34,026 [INFO] [1] Broadcasting to 8
2025-08-13 08:12:34,026 [INFO] [1] Broadcasting to 9
2025-08-13 08:12:34,026 [INFO] [1] Broadcasting to 10
2025-08-13 08:12:34,026 [INFO] [1] Broadcasting to 11
2025-08-13 08:12:34,026 [INFO] [1] Broadcasting to 12
2025-08-13 08:12:34,026 [INFO] [1] Broadcasting to 13
2025-08-13 08:12:34,026 [INFO] [1] Broadcasting to 14
2025-08-13 08:12:34,026 [INFO] [1] Broadcasting to 15
2025-08-13 08:12:34,034 [INFO] [1] Broadcasting to 0
2025-08-13 08:12:34,034 [INFO] [1] Broadcasting to 1
2025-08-13 08:12:34,034 [INFO] [1] Broadcasting to 2
2025-08-13 08:12:34,034 [INFO] [1] Broadcasting to 3
2025-08-13 08:12:34,034 [INFO] [1] Broadcasting to 4
2025-08-13 08:12:34,034 [INFO] [1] Broadcasting to 5
2025-08-13 08:12:34,034 [INFO] [1] Broadcasting to 6
2025-08-13 08:12:34,034 [INFO] [1] Broadcasting to 7
2025-08-13 08:12:34,034 [INFO] [1] Broadcasting to 8
2025-08-13 08:12:34,034 [INFO] [1] Broadcasting to 9
2025-08-13 08:12:34,034 [INFO] [1] Broadcasting to 10
2025-08-13 08:12:34,034 [INFO] [1] Broadcasting to 11
2025-08-13 08:12:34,034 [INFO] [1] Broadcasting to 12
2025-08-13 08:12:34,034 [INFO] [1] Broadcasting to 13
2025-08-13 08:12:34,034 [INFO] [1] Broadcasting to 14
2025-08-13 08:12:34,034 [INFO] [1] Broadcasting to 15
2025-08-13 08:12:34,034 [INFO] [1] [beaver triples] The ACS set is [0, 1, 2, 3, 4, 5, 6, 9, 13, 14, 15]
2025-08-13 08:12:34,265 [INFO] [1] [beaver triples] Time taken for beaver_time: 12.763355731964111 seconds
2025-08-13 08:12:34,265 [INFO] [1] [inputs] Start generating 200 public inputs via ACSS+ACS
2025-08-13 08:12:34,266 [INFO] [1] [inputs] Starting ACSS to share 200 inputs
2025-08-13 08:12:34,267 [INFO] [1] [ACSS] Using tag ACSS_INPUTS_AVSS (mode=avss_without_proof)
2025-08-13 08:12:34,863 [INFO] AVID retrieve called with sid: 3-0-B-AVSS, index: 1
2025-08-13 08:12:34,864 [INFO] AVID retrieve called with sid: 7-0-B-AVSS, index: 1
2025-08-13 08:12:34,865 [INFO] AVID retrieve called with sid: 5-0-B-AVSS, index: 1
2025-08-13 08:12:34,866 [INFO] AVID retrieve called with sid: 6-0-B-AVSS, index: 1
2025-08-13 08:12:34,867 [INFO] AVID retrieve called with sid: 1-0-B-AVSS, index: 1
2025-08-13 08:12:34,867 [INFO] AVID retrieve called with sid: 4-0-B-AVSS, index: 1
2025-08-13 08:12:34,868 [INFO] AVID retrieve called with sid: 0-0-B-AVSS, index: 1
2025-08-13 08:12:34,868 [INFO] AVID retrieve called with sid: 2-0-B-AVSS, index: 1
2025-08-13 08:12:34,882 [INFO] AVID retrieve called with sid: 14-0-B-AVSS, index: 1
2025-08-13 08:12:34,883 [INFO] AVID retrieve called with sid: 15-0-B-AVSS, index: 1
2025-08-13 08:12:34,892 [INFO] AVID retrieve called with sid: 10-0-B-AVSS, index: 1
2025-08-13 08:12:34,897 [INFO] AVID retrieve called with sid: 13-0-B-AVSS, index: 1
2025-08-13 08:12:34,959 [INFO] 4-0-B-AVSS 1 RETRIEVE called.
2025-08-13 08:12:34,961 [INFO] 5-0-B-AVSS 1 RETRIEVE called.
2025-08-13 08:12:34,961 [INFO] 3-0-B-AVSS 1 RETRIEVE called.
2025-08-13 08:12:34,961 [INFO] 0-0-B-AVSS 1 RETRIEVE called.
2025-08-13 08:12:34,961 [INFO] 1-0-B-AVSS 1 RETRIEVE called.
2025-08-13 08:12:34,962 [INFO] 2-0-B-AVSS 1 RETRIEVE called.
2025-08-13 08:12:34,962 [INFO] 7-0-B-AVSS 1 RETRIEVE called.
2025-08-13 08:12:34,965 [INFO] AVID retrieve called with sid: 9-0-B-AVSS, index: 1
2025-08-13 08:12:34,969 [INFO] 6-0-B-AVSS 1 RETRIEVE called.
2025-08-13 08:12:34,985 [INFO] 15-0-B-AVSS 1 RETRIEVE called.
2025-08-13 08:12:34,985 [INFO] 14-0-B-AVSS 1 RETRIEVE called.
2025-08-13 08:12:35,023 [INFO] 13-0-B-AVSS 1 RETRIEVE called.
2025-08-13 08:12:35,056 [INFO] [1] [inputs] Starting ACS (leader=0); proposal size=11
2025-08-13 08:12:35,056 [INFO] enter handle_message
2025-08-13 08:12:35,068 [INFO] [1] value-self.acss_outputs.keys():dict_keys([4, 5, 3, 2, 7, 0, 1, 6, 15, 14, 13])
2025-08-13 08:12:35,068 [INFO] [1] --Directly send the proposal!--
2025-08-13 08:12:35,086 [INFO] 10-0-B-AVSS 1 RETRIEVE called.
2025-08-13 08:12:35,119 [INFO] 9-0-B-AVSS 1 RETRIEVE called.
2025-08-13 08:12:35,302 [INFO] [1] Broadcasting to 0
2025-08-13 08:12:35,302 [INFO] [1] Broadcasting to 1
2025-08-13 08:12:35,302 [INFO] [1] Broadcasting to 2
2025-08-13 08:12:35,302 [INFO] [1] Broadcasting to 3
2025-08-13 08:12:35,302 [INFO] [1] Broadcasting to 4
2025-08-13 08:12:35,302 [INFO] [1] Broadcasting to 5
2025-08-13 08:12:35,302 [INFO] [1] Broadcasting to 6
2025-08-13 08:12:35,302 [INFO] [1] Broadcasting to 7
2025-08-13 08:12:35,302 [INFO] [1] Broadcasting to 8
2025-08-13 08:12:35,302 [INFO] [1] Broadcasting to 9
2025-08-13 08:12:35,302 [INFO] [1] Broadcasting to 10
2025-08-13 08:12:35,302 [INFO] [1] Broadcasting to 11
2025-08-13 08:12:35,302 [INFO] [1] Broadcasting to 12
2025-08-13 08:12:35,302 [INFO] [1] Broadcasting to 13
2025-08-13 08:12:35,302 [INFO] [1] Broadcasting to 14
2025-08-13 08:12:35,302 [INFO] [1] Broadcasting to 15
2025-08-13 08:12:35,310 [INFO] [1] Broadcasting to 0
2025-08-13 08:12:35,310 [INFO] [1] Broadcasting to 1
2025-08-13 08:12:35,310 [INFO] [1] Broadcasting to 2
2025-08-13 08:12:35,310 [INFO] [1] Broadcasting to 3
2025-08-13 08:12:35,310 [INFO] [1] Broadcasting to 4
2025-08-13 08:12:35,310 [INFO] [1] Broadcasting to 5
2025-08-13 08:12:35,310 [INFO] [1] Broadcasting to 6
2025-08-13 08:12:35,310 [INFO] [1] Broadcasting to 7
2025-08-13 08:12:35,310 [INFO] [1] Broadcasting to 8
2025-08-13 08:12:35,310 [INFO] [1] Broadcasting to 9
2025-08-13 08:12:35,310 [INFO] [1] Broadcasting to 10
2025-08-13 08:12:35,310 [INFO] [1] Broadcasting to 11
2025-08-13 08:12:35,310 [INFO] [1] Broadcasting to 12
2025-08-13 08:12:35,310 [INFO] [1] Broadcasting to 13
2025-08-13 08:12:35,310 [INFO] [1] Broadcasting to 14
2025-08-13 08:12:35,310 [INFO] [1] Broadcasting to 15
2025-08-13 08:12:35,310 [INFO] [1] [inputs] ACS set size=11; set=[0, 1, 2, 3, 4, 5, 6, 7, 13, 14, 15]
2025-08-13 08:12:35,311 [INFO] [1] [inputs] Decoded 200 input shares from dealer 0
2025-08-13 08:12:35,314 [INFO] len a_all: 500, len b_all: 500, len c_all: 500
2025-08-13 08:12:35,314 [INFO] [1] [inputs] Time taken to inputs_time: 1.0484750270843506 seconds
2025-08-13 08:12:35,314 [INFO] [1] [layer 0] Using 50 triples (a,b,c) for multiplication
2025-08-13 08:12:35,323 [INFO] [BatchReconstruct] P1 Send: 0.007172107696533203
2025-08-13 08:12:35,357 [INFO] [BatchReconstruct] P1 Reconstruct: 0.03365445137023926
2025-08-13 08:12:35,357 [INFO] [BatchReconstruct] P2 Send: 7.152557373046875e-05
2025-08-13 08:12:35,363 [INFO] [BatchReconstruct] P2 Reconstruct: 0.0055468082427978516
2025-08-13 08:12:35,363 [INFO] [1] [layer 0] done: produced 100 outputs; next I size=200
2025-08-13 08:12:35,363 [INFO] [1] [layer 0] Time taken for layer layer_time: 0.04933452606201172 seconds
2025-08-13 08:12:35,363 [INFO] [1] [layer 1] Using 50 triples (a,b,c) for multiplication
2025-08-13 08:12:35,365 [INFO] [BatchReconstruct] P1 Send: 0.0002377033233642578
2025-08-13 08:12:35,388 [INFO] AVID retrieve called with sid: 11-0-B-AVSS, index: 1
2025-08-13 08:12:35,392 [INFO] AVID retrieve called with sid: 8-0-B-AVSS, index: 1
2025-08-13 08:12:35,395 [INFO] [BatchReconstruct] P1 Reconstruct: 0.030592679977416992
2025-08-13 08:12:35,395 [INFO] [BatchReconstruct] P2 Send: 5.793571472167969e-05
2025-08-13 08:12:35,401 [INFO] [BatchReconstruct] P2 Reconstruct: 0.005662441253662109
2025-08-13 08:12:35,402 [INFO] [1] [layer 1] done: produced 100 outputs; next I size=200
2025-08-13 08:12:35,402 [INFO] [1] [layer 1] Time taken for layer layer_time: 0.038469552993774414 seconds
2025-08-13 08:12:35,402 [INFO] [1] [layer 2] Using 50 triples (a,b,c) for multiplication
2025-08-13 08:12:35,403 [INFO] [BatchReconstruct] P1 Send: 0.00024390220642089844
2025-08-13 08:12:35,435 [INFO] [BatchReconstruct] P1 Reconstruct: 0.03219723701477051
2025-08-13 08:12:35,435 [INFO] [BatchReconstruct] P2 Send: 5.7220458984375e-05
2025-08-13 08:12:35,441 [INFO] AVID retrieve called with sid: 12-0-B-AVSS, index: 1
2025-08-13 08:12:35,444 [INFO] [BatchReconstruct] P2 Reconstruct: 0.008386850357055664
2025-08-13 08:12:35,445 [INFO] [1] [layer 2] done: produced 100 outputs; next I size=200
2025-08-13 08:12:35,445 [INFO] [1] [layer 2] Time taken for layer layer_time: 0.04294776916503906 seconds
2025-08-13 08:12:35,445 [INFO] [1] [layer 3] Using 50 triples (a,b,c) for multiplication
2025-08-13 08:12:35,446 [INFO] [BatchReconstruct] P1 Send: 0.0002455711364746094
2025-08-13 08:12:35,474 [INFO] [BatchReconstruct] P1 Reconstruct: 0.027677536010742188
2025-08-13 08:12:35,474 [INFO] [BatchReconstruct] P2 Send: 5.650520324707031e-05
2025-08-13 08:12:35,487 [INFO] [BatchReconstruct] P2 Reconstruct: 0.012960433959960938
2025-08-13 08:12:35,488 [INFO] [1] [layer 3] done: produced 100 outputs; next I size=200
2025-08-13 08:12:35,488 [INFO] [1] [layer 3] Time taken for layer layer_time: 0.04295063018798828 seconds
2025-08-13 08:12:35,488 [INFO] [1] [layer 4] Using 50 triples (a,b,c) for multiplication
2025-08-13 08:12:35,489 [INFO] [BatchReconstruct] P1 Send: 0.0002689361572265625
2025-08-13 08:12:35,514 [INFO] [BatchReconstruct] P1 Reconstruct: 0.02458667755126953
2025-08-13 08:12:35,514 [INFO] [BatchReconstruct] P2 Send: 5.817413330078125e-05
2025-08-13 08:12:35,530 [INFO] [BatchReconstruct] P2 Reconstruct: 0.015755891799926758
2025-08-13 08:12:35,530 [INFO] [1] [layer 4] done: produced 100 outputs; next I size=200
2025-08-13 08:12:35,530 [INFO] [1] [layer 4] Time taken for layer layer_time: 0.04272198677062988 seconds
2025-08-13 08:12:35,530 [INFO] [1] [layer 5] Using 50 triples (a,b,c) for multiplication
2025-08-13 08:12:35,532 [INFO] [BatchReconstruct] P1 Send: 0.0002472400665283203
2025-08-13 08:12:35,552 [INFO] [BatchReconstruct] P1 Reconstruct: 0.020279407501220703
2025-08-13 08:12:35,552 [INFO] [BatchReconstruct] P2 Send: 5.5789947509765625e-05
2025-08-13 08:12:35,570 [INFO] [BatchReconstruct] P2 Reconstruct: 0.017684221267700195
2025-08-13 08:12:35,571 [INFO] [1] [layer 5] done: produced 100 outputs; next I size=200
2025-08-13 08:12:35,571 [INFO] [1] [layer 5] Time taken for layer layer_time: 0.04075002670288086 seconds
2025-08-13 08:12:35,571 [INFO] [1] [layer 6] Using 50 triples (a,b,c) for multiplication
2025-08-13 08:12:35,573 [INFO] [BatchReconstruct] P1 Send: 0.00024580955505371094
2025-08-13 08:12:35,592 [INFO] [BatchReconstruct] P1 Reconstruct: 0.019178390502929688
2025-08-13 08:12:35,592 [INFO] [BatchReconstruct] P2 Send: 4.9591064453125e-05
2025-08-13 08:12:35,610 [INFO] [BatchReconstruct] P2 Reconstruct: 0.017839431762695312
2025-08-13 08:12:35,611 [INFO] [1] [layer 6] done: produced 100 outputs; next I size=200
2025-08-13 08:12:35,611 [INFO] [1] [layer 6] Time taken for layer layer_time: 0.03936886787414551 seconds
2025-08-13 08:12:35,611 [INFO] [1] [layer 7] Using 50 triples (a,b,c) for multiplication
2025-08-13 08:12:35,612 [INFO] [BatchReconstruct] P1 Send: 0.0002422332763671875
2025-08-13 08:12:35,630 [INFO] [BatchReconstruct] P1 Reconstruct: 0.018225431442260742
2025-08-13 08:12:35,630 [INFO] [BatchReconstruct] P2 Send: 5.4836273193359375e-05
2025-08-13 08:12:35,648 [INFO] [BatchReconstruct] P2 Reconstruct: 0.01802539825439453
2025-08-13 08:12:35,649 [INFO] [1] [layer 7] done: produced 100 outputs; next I size=200
2025-08-13 08:12:35,649 [INFO] [1] [layer 7] Time taken for layer layer_time: 0.038620948791503906 seconds
2025-08-13 08:12:35,649 [INFO] [1] [layer 8] Using 50 triples (a,b,c) for multiplication
2025-08-13 08:12:35,651 [INFO] [BatchReconstruct] P1 Send: 0.0002582073211669922
2025-08-13 08:12:35,670 [INFO] [BatchReconstruct] P1 Reconstruct: 0.019421100616455078
2025-08-13 08:12:35,670 [INFO] [BatchReconstruct] P2 Send: 6.079673767089844e-05
2025-08-13 08:12:35,688 [INFO] [BatchReconstruct] P2 Reconstruct: 0.017637968063354492
2025-08-13 08:12:35,689 [INFO] [1] [layer 8] done: produced 100 outputs; next I size=200
2025-08-13 08:12:35,689 [INFO] [1] [layer 8] Time taken for layer layer_time: 0.039502620697021484 seconds
2025-08-13 08:12:35,689 [INFO] [1] [layer 9] Using 50 triples (a,b,c) for multiplication
2025-08-13 08:12:35,690 [INFO] [BatchReconstruct] P1 Send: 0.0002593994140625
2025-08-13 08:12:35,709 [INFO] [BatchReconstruct] P1 Reconstruct: 0.018288135528564453
2025-08-13 08:12:35,709 [INFO] [BatchReconstruct] P2 Send: 6.413459777832031e-05
2025-08-13 08:12:35,726 [INFO] [BatchReconstruct] P2 Reconstruct: 0.01761317253112793
2025-08-13 08:12:35,727 [INFO] [1] [layer 9] done: produced 100 outputs; next I size=200
2025-08-13 08:12:35,727 [INFO] [1] [layer 9] Time taken for layer layer_time: 0.03834390640258789 seconds
2025-08-13 08:12:35,727 [INFO] [1] [final] opening 100 outputs
2025-08-13 08:12:35,728 [INFO] [BatchReconstruct] P1 Send: 0.0002608299255371094
2025-08-13 08:12:35,748 [INFO] [BatchReconstruct] P1 Reconstruct: 0.019882678985595703
2025-08-13 08:12:35,748 [INFO] [BatchReconstruct] P2 Send: 5.459785461425781e-05
2025-08-13 08:12:35,766 [INFO] [BatchReconstruct] P2 Reconstruct: 0.017714738845825195
2025-08-13 08:12:35,766 [INFO] [1] [final] reconstructed 100 values
2025-08-13 08:12:35,767 [INFO] [1] [final] Time taken for reconstruction rec_time: 0.03936934471130371 seconds
2025-08-13 08:12:35,767 [INFO] [1] [beaver triples] Finished! Node 1, total number: 1500, time: 14.264649152755737 (seconds)
2025-08-13 08:12:35,767 [INFO] [1] Bytes Sent: R_A:23641217 which is 7.07%
2025-08-13 08:12:35,767 [INFO] [1] Bytes Sent: ACS:8332898 which is 2.492%
2025-08-13 08:12:35,767 [INFO] [1] Bytes Sent: B_A:302200131 which is 90.376%
2025-08-13 08:12:35,767 [INFO] [1] Bytes Sent: OPE:206835 which is 0.062%
2025-08-13 08:12:35,767 [INFO] [1] Total bytes sent out aa: 334381081
2025-08-13 08:12:36,109 [INFO] 11-0-B-AVSS 1 RETRIEVE called.
2025-08-13 08:12:36,122 [INFO] 8-0-B-AVSS 1 RETRIEVE called.
2025-08-13 08:12:36,147 [INFO] 12-0-B-AVSS 1 RETRIEVE called.
