[DEBUG] Node ID 9 will use peer_port=7001
Warning: Permanently added '42.193.6.51' (ECDSA) to the list of known hosts.
Creating dumbo-mpc_dumbo-mpc_run ... 
Creating dumbo-mpc_dumbo-mpc_run ... done
2025-08-13 08:12:21,770 [INFO] [9] Starting AsyRanTriGen
2025-08-13 08:12:21,770 [INFO] self.pkbls: <beaver.broadcast.crypto.boldyreva.TBLSPublicKey object at 0x7f659dbfb0a0>
2025-08-13 08:12:21,770 [INFO] self.skbls: <beaver.broadcast.crypto.boldyreva.TBLSPrivateKey object at 0x7f659dbfb0d0>
2025-08-13 08:12:21,772 [INFO] [9] Starting ACSS to share 500 secrets
2025-08-13 08:12:21,772 [INFO] [9] [ACSS] Using tag R_A (mode=avss_without_proof)
2025-08-13 08:12:23,132 [INFO] AVID retrieve called with sid: 3-0-B-AVSS, index: 9
2025-08-13 08:12:23,133 [INFO] AVID retrieve called with sid: 11-0-B-AVSS, index: 9
2025-08-13 08:12:23,135 [INFO] AVID retrieve called with sid: 4-0-B-AVSS, index: 9
2025-08-13 08:12:23,137 [INFO] AVID retrieve called with sid: 1-0-B-AVSS, index: 9
2025-08-13 08:12:23,138 [INFO] AVID retrieve called with sid: 14-0-B-AVSS, index: 9
2025-08-13 08:12:23,140 [INFO] AVID retrieve called with sid: 6-0-B-AVSS, index: 9
2025-08-13 08:12:23,142 [INFO] AVID retrieve called with sid: 12-0-B-AVSS, index: 9
2025-08-13 08:12:23,143 [INFO] AVID retrieve called with sid: 7-0-B-AVSS, index: 9
2025-08-13 08:12:23,149 [INFO] AVID retrieve called with sid: 2-0-B-AVSS, index: 9
2025-08-13 08:12:23,151 [INFO] AVID retrieve called with sid: 0-0-B-AVSS, index: 9
2025-08-13 08:12:23,152 [INFO] AVID retrieve called with sid: 5-0-B-AVSS, index: 9
2025-08-13 08:12:23,239 [INFO] AVID retrieve called with sid: 13-0-B-AVSS, index: 9
2025-08-13 08:12:23,242 [INFO] AVID retrieve called with sid: 15-0-B-AVSS, index: 9
2025-08-13 08:12:23,266 [INFO] AVID retrieve called with sid: 10-0-B-AVSS, index: 9
2025-08-13 08:12:23,280 [INFO] AVID retrieve called with sid: 9-0-B-AVSS, index: 9
2025-08-13 08:12:23,322 [INFO] 11-0-B-AVSS 9 RETRIEVE called.
2025-08-13 08:12:23,322 [INFO] 14-0-B-AVSS 9 RETRIEVE called.
2025-08-13 08:12:23,322 [INFO] 6-0-B-AVSS 9 RETRIEVE called.
2025-08-13 08:12:23,322 [INFO] 7-0-B-AVSS 9 RETRIEVE called.
2025-08-13 08:12:23,322 [INFO] 3-0-B-AVSS 9 RETRIEVE called.
2025-08-13 08:12:23,322 [INFO] 1-0-B-AVSS 9 RETRIEVE called.
2025-08-13 08:12:23,351 [INFO] 4-0-B-AVSS 9 RETRIEVE called.
2025-08-13 08:12:23,353 [INFO] 12-0-B-AVSS 9 RETRIEVE called.
2025-08-13 08:12:23,355 [INFO] 5-0-B-AVSS 9 RETRIEVE called.
2025-08-13 08:12:23,356 [INFO] 0-0-B-AVSS 9 RETRIEVE called.
2025-08-13 08:12:23,365 [INFO] 2-0-B-AVSS 9 RETRIEVE called.
2025-08-13 08:12:23,499 [INFO] AVID retrieve called with sid: 8-0-B-AVSS, index: 9
2025-08-13 08:12:23,499 [INFO] 13-0-B-AVSS 9 RETRIEVE called.
2025-08-13 08:12:23,545 [INFO] 10-0-B-AVSS 9 RETRIEVE called.
2025-08-13 08:12:23,545 [INFO] 9-0-B-AVSS 9 RETRIEVE called.
2025-08-13 08:12:23,560 [INFO] 15-0-B-AVSS 9 RETRIEVE called.
2025-08-13 08:12:23,580 [INFO] [9] [random shares] Starting ACS where node 1 is set as leader 
2025-08-13 08:12:23,580 [INFO] [9] [random shares] The proposal of node 9 is [11, 14, 6, 7, 3, 1, 12, 2, 0, 5, 4]
2025-08-13 08:12:23,580 [INFO] enter handle_message
2025-08-13 08:12:23,581 [INFO] [9] value-self.acss_outputs.keys():dict_keys([11, 14, 6, 7, 3, 1, 12, 2, 0, 5, 4])
2025-08-13 08:12:23,582 [INFO] [9] --Directly send the proposal!--
2025-08-13 08:12:23,611 [INFO] 8-0-B-AVSS 9 RETRIEVE called.
2025-08-13 08:12:23,830 [INFO] [9] Broadcasting to 0
2025-08-13 08:12:23,830 [INFO] [9] Broadcasting to 1
2025-08-13 08:12:23,830 [INFO] [9] Broadcasting to 2
2025-08-13 08:12:23,830 [INFO] [9] Broadcasting to 3
2025-08-13 08:12:23,830 [INFO] [9] Broadcasting to 4
2025-08-13 08:12:23,830 [INFO] [9] Broadcasting to 5
2025-08-13 08:12:23,830 [INFO] [9] Broadcasting to 6
2025-08-13 08:12:23,830 [INFO] [9] Broadcasting to 7
2025-08-13 08:12:23,830 [INFO] [9] Broadcasting to 8
2025-08-13 08:12:23,830 [INFO] [9] Broadcasting to 9
2025-08-13 08:12:23,830 [INFO] [9] Broadcasting to 10
2025-08-13 08:12:23,830 [INFO] [9] Broadcasting to 11
2025-08-13 08:12:23,830 [INFO] [9] Broadcasting to 12
2025-08-13 08:12:23,830 [INFO] [9] Broadcasting to 13
2025-08-13 08:12:23,830 [INFO] [9] Broadcasting to 14
2025-08-13 08:12:23,830 [INFO] [9] Broadcasting to 15
2025-08-13 08:12:23,839 [INFO] [9] Broadcasting to 0
2025-08-13 08:12:23,839 [INFO] [9] Broadcasting to 1
2025-08-13 08:12:23,839 [INFO] [9] Broadcasting to 2
2025-08-13 08:12:23,839 [INFO] [9] Broadcasting to 3
2025-08-13 08:12:23,839 [INFO] [9] Broadcasting to 4
2025-08-13 08:12:23,839 [INFO] [9] Broadcasting to 5
2025-08-13 08:12:23,839 [INFO] [9] Broadcasting to 6
2025-08-13 08:12:23,839 [INFO] [9] Broadcasting to 7
2025-08-13 08:12:23,839 [INFO] [9] Broadcasting to 8
2025-08-13 08:12:23,839 [INFO] [9] Broadcasting to 9
2025-08-13 08:12:23,839 [INFO] [9] Broadcasting to 10
2025-08-13 08:12:23,839 [INFO] [9] Broadcasting to 11
2025-08-13 08:12:23,839 [INFO] [9] Broadcasting to 12
2025-08-13 08:12:23,839 [INFO] [9] Broadcasting to 13
2025-08-13 08:12:23,839 [INFO] [9] Broadcasting to 14
2025-08-13 08:12:23,839 [INFO] [9] Broadcasting to 15
2025-08-13 08:12:23,839 [INFO] [9] [random shares] The ACS set is [0, 1, 2, 3, 4, 5, 6, 7, 11, 12, 14]
2025-08-13 08:12:23,839 [INFO] [9] Starting extract random shares
2025-08-13 08:12:24,182 [INFO] [9] Obtaining total 3000 random shares!
2025-08-13 08:12:24,182 [INFO] [9] Starting to generate beaver triples
2025-08-13 08:12:24,182 [INFO] [9] [beaver triples] Starting to share random shares
hidden g = {[6679831729115696150 8653662730902241269 1535610680227111361 17342916647841752903 17135755455211762752 1297449291367578485] [13451288730302620273 10097742279870053774 15949884091978425806 5885175747529691540 1016841820992199104 845620083434234474]}
hidden h = {[13794385998538644597 108816626937764141 12130603454454490125 6127379912259600201 17481961476035825978 950355161936836191] [10722765800778186391 17107915684035394744 11626309118465119103 5217919199071354366 6102759180633827794 660535627654889709]}
hidden Equal? false
2025/08/13 08:12:28 prodProofs size =  1744930
2025/08/13 08:12:28 prodProofs count =  1500
2025-08-13 08:12:28,585 [INFO] prodProofs size: 1773429 bytes
2025-08-13 08:12:28,586 [INFO] prodProofs count: 1500
2025-08-13 08:12:28,972 [INFO] AVID retrieve called with sid: 1-0-B-AVSS, index: 9
2025-08-13 08:12:28,977 [INFO] AVID retrieve called with sid: 5-0-B-AVSS, index: 9
2025-08-13 08:12:28,982 [INFO] AVID retrieve called with sid: 6-0-B-AVSS, index: 9
2025-08-13 08:12:28,986 [INFO] AVID retrieve called with sid: 0-0-B-AVSS, index: 9
2025-08-13 08:12:28,999 [INFO] AVID retrieve called with sid: 3-0-B-AVSS, index: 9
2025-08-13 08:12:29,003 [INFO] AVID retrieve called with sid: 10-0-B-AVSS, index: 9
2025-08-13 08:12:29,008 [INFO] AVID retrieve called with sid: 2-0-B-AVSS, index: 9
2025-08-13 08:12:29,013 [INFO] AVID retrieve called with sid: 4-0-B-AVSS, index: 9
2025-08-13 08:12:29,017 [INFO] AVID retrieve called with sid: 13-0-B-AVSS, index: 9
2025-08-13 08:12:29,021 [INFO] AVID retrieve called with sid: 7-0-B-AVSS, index: 9
2025-08-13 08:12:29,027 [INFO] AVID retrieve called with sid: 14-0-B-AVSS, index: 9
2025-08-13 08:12:29,031 [INFO] AVID retrieve called with sid: 15-0-B-AVSS, index: 9
2025-08-13 08:12:29,086 [INFO] AVID retrieve called with sid: 9-0-B-AVSS, index: 9
2025-08-13 08:12:30,110 [INFO] AVID retrieve called with sid: 12-0-B-AVSS, index: 9
2025-08-13 08:12:30,115 [INFO] AVID retrieve called with sid: 8-0-B-AVSS, index: 9
2025-08-13 08:12:30,119 [INFO] AVID retrieve called with sid: 11-0-B-AVSS, index: 9
2025-08-13 08:12:30,198 [INFO] 3-0-B-AVSS 9 RETRIEVE called.
2025-08-13 08:12:30,202 [INFO] 6-0-B-AVSS 9 RETRIEVE called.
2025-08-13 08:12:30,206 [INFO] 2-0-B-AVSS 9 RETRIEVE called.
2025-08-13 08:12:30,206 [INFO] 1-0-B-AVSS 9 RETRIEVE called.
2025-08-13 08:12:30,206 [INFO] 5-0-B-AVSS 9 RETRIEVE called.
2025-08-13 08:12:30,206 [INFO] 4-0-B-AVSS 9 RETRIEVE called.
2025-08-13 08:12:30,833 [INFO] 7-0-B-AVSS 9 RETRIEVE called.
2025-08-13 08:12:30,833 [INFO] 0-0-B-AVSS 9 RETRIEVE called.
2025-08-13 08:12:30,833 [INFO] 15-0-B-AVSS 9 RETRIEVE called.
2025-08-13 08:12:30,833 [INFO] 14-0-B-AVSS 9 RETRIEVE called.
2025-08-13 08:12:31,045 [INFO] 13-0-B-AVSS 9 RETRIEVE called.
2025-08-13 08:12:31,465 [INFO] 10-0-B-AVSS 9 RETRIEVE called.
2025-08-13 08:12:31,674 [INFO] 9-0-B-AVSS 9 RETRIEVE called.
2025-08-13 08:12:33,251 [INFO] 12-0-B-AVSS 9 RETRIEVE called.
2025-08-13 08:12:33,256 [INFO] 11-0-B-AVSS 9 RETRIEVE called.
2025-08-13 08:12:33,256 [INFO] 8-0-B-AVSS 9 RETRIEVE called.
2025-08-13 08:12:33,291 [INFO] [9] [beaver triples] Starting to ACS where 2 is set as leader 
2025-08-13 08:12:33,291 [INFO] [9] [beaver triples] The proposal of node 9 is [3, 6, 2, 1, 4, 5, 7, 10, 0, 9, 15]
2025-08-13 08:12:33,291 [INFO] enter handle_message
2025-08-13 08:12:33,291 [INFO] [9] value-self.acss_outputs.keys():dict_keys([3, 6, 2, 1, 4, 5, 7, 10, 0, 9, 15])
2025-08-13 08:12:33,301 [INFO] [9] value-self.acss_outputs.keys():dict_keys([3, 6, 2, 1, 4, 5, 7, 10, 0, 9, 15, 14])
2025-08-13 08:12:33,311 [INFO] [9] value-self.acss_outputs.keys():dict_keys([3, 6, 2, 1, 4, 5, 7, 10, 0, 9, 15, 14, 13])
2025-08-13 08:12:33,312 [INFO] [9] --Directly send the proposal!--
2025-08-13 08:12:34,141 [INFO] [9] Broadcasting to 0
2025-08-13 08:12:34,141 [INFO] [9] Broadcasting to 1
2025-08-13 08:12:34,141 [INFO] [9] Broadcasting to 2
2025-08-13 08:12:34,141 [INFO] [9] Broadcasting to 3
2025-08-13 08:12:34,141 [INFO] [9] Broadcasting to 4
2025-08-13 08:12:34,141 [INFO] [9] Broadcasting to 5
2025-08-13 08:12:34,141 [INFO] [9] Broadcasting to 6
2025-08-13 08:12:34,141 [INFO] [9] Broadcasting to 7
2025-08-13 08:12:34,141 [INFO] [9] Broadcasting to 8
2025-08-13 08:12:34,141 [INFO] [9] Broadcasting to 9
2025-08-13 08:12:34,141 [INFO] [9] Broadcasting to 10
2025-08-13 08:12:34,141 [INFO] [9] Broadcasting to 11
2025-08-13 08:12:34,141 [INFO] [9] Broadcasting to 12
2025-08-13 08:12:34,141 [INFO] [9] Broadcasting to 13
2025-08-13 08:12:34,141 [INFO] [9] Broadcasting to 14
2025-08-13 08:12:34,141 [INFO] [9] Broadcasting to 15
2025-08-13 08:12:34,141 [INFO] [9] [beaver triples] The ACS set is [0, 1, 2, 3, 4, 5, 6, 9, 13, 14, 15]
2025-08-13 08:12:34,402 [INFO] [9] [beaver triples] Time taken for beaver_time: 12.632017612457275 seconds
2025-08-13 08:12:34,402 [INFO] [9] [inputs] Start generating 200 public inputs via ACSS+ACS
2025-08-13 08:12:34,403 [INFO] [9] [inputs] Starting ACSS to share 200 inputs
2025-08-13 08:12:34,403 [INFO] [9] [ACSS] Using tag ACSS_INPUTS_AVSS (mode=avss_without_proof)
2025-08-13 08:12:34,929 [INFO] AVID retrieve called with sid: 5-0-B-AVSS, index: 9
2025-08-13 08:12:34,929 [INFO] AVID retrieve called with sid: 3-0-B-AVSS, index: 9
2025-08-13 08:12:34,930 [INFO] AVID retrieve called with sid: 7-0-B-AVSS, index: 9
2025-08-13 08:12:34,931 [INFO] AVID retrieve called with sid: 4-0-B-AVSS, index: 9
2025-08-13 08:12:34,932 [INFO] AVID retrieve called with sid: 1-0-B-AVSS, index: 9
2025-08-13 08:12:34,933 [INFO] AVID retrieve called with sid: 0-0-B-AVSS, index: 9
2025-08-13 08:12:34,933 [INFO] AVID retrieve called with sid: 6-0-B-AVSS, index: 9
2025-08-13 08:12:34,934 [INFO] AVID retrieve called with sid: 2-0-B-AVSS, index: 9
2025-08-13 08:12:34,935 [INFO] AVID retrieve called with sid: 14-0-B-AVSS, index: 9
2025-08-13 08:12:34,936 [INFO] AVID retrieve called with sid: 15-0-B-AVSS, index: 9
2025-08-13 08:12:34,937 [INFO] AVID retrieve called with sid: 13-0-B-AVSS, index: 9
2025-08-13 08:12:34,954 [INFO] AVID retrieve called with sid: 10-0-B-AVSS, index: 9
2025-08-13 08:12:34,968 [INFO] 4-0-B-AVSS 9 RETRIEVE called.
2025-08-13 08:12:34,980 [INFO] 3-0-B-AVSS 9 RETRIEVE called.
2025-08-13 08:12:34,981 [INFO] AVID retrieve called with sid: 9-0-B-AVSS, index: 9
2025-08-13 08:12:35,004 [INFO] 6-0-B-AVSS 9 RETRIEVE called.
2025-08-13 08:12:35,005 [INFO] 5-0-B-AVSS 9 RETRIEVE called.
2025-08-13 08:12:35,006 [INFO] 14-0-B-AVSS 9 RETRIEVE called.
2025-08-13 08:12:35,006 [INFO] 0-0-B-AVSS 9 RETRIEVE called.
2025-08-13 08:12:35,006 [INFO] 2-0-B-AVSS 9 RETRIEVE called.
2025-08-13 08:12:35,006 [INFO] 15-0-B-AVSS 9 RETRIEVE called.
2025-08-13 08:12:35,006 [INFO] 7-0-B-AVSS 9 RETRIEVE called.
2025-08-13 08:12:35,007 [INFO] 1-0-B-AVSS 9 RETRIEVE called.
2025-08-13 08:12:35,022 [INFO] 13-0-B-AVSS 9 RETRIEVE called.
2025-08-13 08:12:35,140 [INFO] 10-0-B-AVSS 9 RETRIEVE called.
2025-08-13 08:12:35,140 [INFO] 9-0-B-AVSS 9 RETRIEVE called.
2025-08-13 08:12:35,190 [INFO] [9] [inputs] Starting ACS (leader=0); proposal size=11
2025-08-13 08:12:35,190 [INFO] enter handle_message
2025-08-13 08:12:35,191 [INFO] [9] value-self.acss_outputs.keys():dict_keys([4, 14, 15, 5, 0, 2, 6, 7, 1, 13, 9])
2025-08-13 08:12:35,403 [INFO] AVID retrieve called with sid: 11-0-B-AVSS, index: 9
2025-08-13 08:12:35,406 [INFO] AVID retrieve called with sid: 8-0-B-AVSS, index: 9
2025-08-13 08:12:35,456 [INFO] AVID retrieve called with sid: 12-0-B-AVSS, index: 9
2025-08-13 08:12:36,125 [INFO] 11-0-B-AVSS 9 RETRIEVE called.
2025-08-13 08:12:36,134 [INFO] 8-0-B-AVSS 9 RETRIEVE called.
2025-08-13 08:12:36,169 [INFO] [9] value-self.acss_outputs.keys():dict_keys([4, 14, 15, 5, 0, 2, 6, 7, 1, 13, 9, 11])
2025-08-13 08:12:36,177 [INFO] 12-0-B-AVSS 9 RETRIEVE called.
2025-08-13 08:12:36,219 [INFO] [9] value-self.acss_outputs.keys():dict_keys([4, 14, 15, 5, 0, 2, 6, 7, 1, 13, 9, 11, 12])
