[DEBUG] Node ID 5 will use peer_port=7001
Warning: Permanently added '123.206.115.80' (ECDSA) to the list of known hosts.
Creating dumbo-mpc_dumbo-mpc_run ... 
Creating dumbo-mpc_dumbo-mpc_run ... done
2025-08-13 08:12:21,572 [INFO] [5] Starting AsyRanTriGen
2025-08-13 08:12:21,572 [INFO] self.pkbls: <beaver.broadcast.crypto.boldyreva.TBLSPublicKey object at 0x7fc564f1d0d0>
2025-08-13 08:12:21,572 [INFO] self.skbls: <beaver.broadcast.crypto.boldyreva.TBLSPrivateKey object at 0x7fc564f1d100>
2025-08-13 08:12:21,574 [INFO] [5] Starting ACSS to share 500 secrets
2025-08-13 08:12:21,574 [INFO] [5] [ACSS] Using tag R_A (mode=avss_without_proof)
2025-08-13 08:12:23,051 [INFO] AVID retrieve called with sid: 7-0-B-AVSS, index: 5
2025-08-13 08:12:23,053 [INFO] AVID retrieve called with sid: 11-0-B-AVSS, index: 5
2025-08-13 08:12:23,054 [INFO] AVID retrieve called with sid: 14-0-B-AVSS, index: 5
2025-08-13 08:12:23,058 [INFO] AVID retrieve called with sid: 3-0-B-AVSS, index: 5
2025-08-13 08:12:23,072 [INFO] AVID retrieve called with sid: 6-0-B-AVSS, index: 5
2025-08-13 08:12:23,085 [INFO] AVID retrieve called with sid: 12-0-B-AVSS, index: 5
2025-08-13 08:12:23,091 [INFO] AVID retrieve called with sid: 4-0-B-AVSS, index: 5
2025-08-13 08:12:23,093 [INFO] AVID retrieve called with sid: 1-0-B-AVSS, index: 5
2025-08-13 08:12:23,147 [INFO] AVID retrieve called with sid: 5-0-B-AVSS, index: 5
2025-08-13 08:12:23,189 [INFO] AVID retrieve called with sid: 0-0-B-AVSS, index: 5
2025-08-13 08:12:23,191 [INFO] AVID retrieve called with sid: 2-0-B-AVSS, index: 5
2025-08-13 08:12:23,212 [INFO] AVID retrieve called with sid: 10-0-B-AVSS, index: 5
2025-08-13 08:12:23,214 [INFO] AVID retrieve called with sid: 15-0-B-AVSS, index: 5
2025-08-13 08:12:23,215 [INFO] AVID retrieve called with sid: 13-0-B-AVSS, index: 5
2025-08-13 08:12:23,240 [INFO] AVID retrieve called with sid: 9-0-B-AVSS, index: 5
2025-08-13 08:12:23,248 [INFO] 6-0-B-AVSS 5 RETRIEVE called.
2025-08-13 08:12:23,252 [INFO] 1-0-B-AVSS 5 RETRIEVE called.
2025-08-13 08:12:23,253 [INFO] 4-0-B-AVSS 5 RETRIEVE called.
2025-08-13 08:12:23,253 [INFO] 3-0-B-AVSS 5 RETRIEVE called.
2025-08-13 08:12:23,254 [INFO] 7-0-B-AVSS 5 RETRIEVE called.
2025-08-13 08:12:23,307 [INFO] 11-0-B-AVSS 5 RETRIEVE called.
2025-08-13 08:12:23,321 [INFO] 14-0-B-AVSS 5 RETRIEVE called.
2025-08-13 08:12:23,330 [INFO] 12-0-B-AVSS 5 RETRIEVE called.
2025-08-13 08:12:23,332 [INFO] 5-0-B-AVSS 5 RETRIEVE called.
2025-08-13 08:12:23,333 [INFO] 0-0-B-AVSS 5 RETRIEVE called.
2025-08-13 08:12:23,342 [INFO] 2-0-B-AVSS 5 RETRIEVE called.
2025-08-13 08:12:23,429 [INFO] [5] [random shares] Starting ACS where node 1 is set as leader 
2025-08-13 08:12:23,429 [INFO] [5] [random shares] The proposal of node 5 is [6, 1, 7, 4, 3, 11, 14, 12, 5, 0, 2]
2025-08-13 08:12:23,430 [INFO] enter handle_message
2025-08-13 08:12:23,439 [INFO] AVID retrieve called with sid: 8-0-B-AVSS, index: 5
2025-08-13 08:12:23,439 [INFO] 15-0-B-AVSS 5 RETRIEVE called.
2025-08-13 08:12:23,442 [INFO] [5] value-self.acss_outputs.keys():dict_keys([6, 1, 7, 4, 3, 11, 14, 12, 5, 0, 2])
2025-08-13 08:12:23,443 [INFO] [5] --Directly send the proposal!--
2025-08-13 08:12:23,444 [INFO] 13-0-B-AVSS 5 RETRIEVE called.
2025-08-13 08:12:23,444 [INFO] 9-0-B-AVSS 5 RETRIEVE called.
2025-08-13 08:12:23,444 [INFO] 10-0-B-AVSS 5 RETRIEVE called.
2025-08-13 08:12:23,592 [INFO] 8-0-B-AVSS 5 RETRIEVE called.
2025-08-13 08:12:23,797 [INFO] [5] Broadcasting to 0
2025-08-13 08:12:23,797 [INFO] [5] Broadcasting to 1
2025-08-13 08:12:23,797 [INFO] [5] Broadcasting to 2
2025-08-13 08:12:23,797 [INFO] [5] Broadcasting to 3
2025-08-13 08:12:23,797 [INFO] [5] Broadcasting to 4
2025-08-13 08:12:23,797 [INFO] [5] Broadcasting to 5
2025-08-13 08:12:23,797 [INFO] [5] Broadcasting to 6
2025-08-13 08:12:23,797 [INFO] [5] Broadcasting to 7
2025-08-13 08:12:23,797 [INFO] [5] Broadcasting to 8
2025-08-13 08:12:23,797 [INFO] [5] Broadcasting to 9
2025-08-13 08:12:23,797 [INFO] [5] Broadcasting to 10
2025-08-13 08:12:23,797 [INFO] [5] Broadcasting to 11
2025-08-13 08:12:23,797 [INFO] [5] Broadcasting to 12
2025-08-13 08:12:23,797 [INFO] [5] Broadcasting to 13
2025-08-13 08:12:23,797 [INFO] [5] Broadcasting to 14
2025-08-13 08:12:23,797 [INFO] [5] Broadcasting to 15
2025-08-13 08:12:23,806 [INFO] [5] Broadcasting to 0
2025-08-13 08:12:23,806 [INFO] [5] Broadcasting to 1
2025-08-13 08:12:23,806 [INFO] [5] Broadcasting to 2
2025-08-13 08:12:23,806 [INFO] [5] Broadcasting to 3
2025-08-13 08:12:23,806 [INFO] [5] Broadcasting to 4
2025-08-13 08:12:23,806 [INFO] [5] Broadcasting to 5
2025-08-13 08:12:23,806 [INFO] [5] Broadcasting to 6
2025-08-13 08:12:23,806 [INFO] [5] Broadcasting to 7
2025-08-13 08:12:23,806 [INFO] [5] Broadcasting to 8
2025-08-13 08:12:23,806 [INFO] [5] Broadcasting to 9
2025-08-13 08:12:23,806 [INFO] [5] Broadcasting to 10
2025-08-13 08:12:23,806 [INFO] [5] Broadcasting to 11
2025-08-13 08:12:23,806 [INFO] [5] Broadcasting to 12
2025-08-13 08:12:23,806 [INFO] [5] Broadcasting to 13
2025-08-13 08:12:23,806 [INFO] [5] Broadcasting to 14
2025-08-13 08:12:23,806 [INFO] [5] Broadcasting to 15
2025-08-13 08:12:23,806 [INFO] [5] [random shares] The ACS set is [0, 1, 2, 3, 4, 5, 6, 7, 11, 12, 14]
2025-08-13 08:12:23,806 [INFO] [5] Starting extract random shares
2025-08-13 08:12:24,124 [INFO] [5] Obtaining total 3000 random shares!
2025-08-13 08:12:24,124 [INFO] [5] Starting to generate beaver triples
2025-08-13 08:12:24,124 [INFO] [5] [beaver triples] Starting to share random shares
hidden g = {[6679831729115696150 8653662730902241269 1535610680227111361 17342916647841752903 17135755455211762752 1297449291367578485] [13451288730302620273 10097742279870053774 15949884091978425806 5885175747529691540 1016841820992199104 845620083434234474]}
hidden h = {[13794385998538644597 108816626937764141 12130603454454490125 6127379912259600201 17481961476035825978 950355161936836191] [10722765800778186391 17107915684035394744 11626309118465119103 5217919199071354366 6102759180633827794 660535627654889709]}
hidden Equal? false
2025/08/13 08:12:28 prodProofs size =  1744930
2025/08/13 08:12:28 prodProofs count =  1500
2025-08-13 08:12:28,496 [INFO] prodProofs size: 1773429 bytes
2025-08-13 08:12:28,496 [INFO] prodProofs count: 1500
2025-08-13 08:12:28,962 [INFO] AVID retrieve called with sid: 6-0-B-AVSS, index: 5
2025-08-13 08:12:28,964 [INFO] AVID retrieve called with sid: 1-0-B-AVSS, index: 5
2025-08-13 08:12:28,967 [INFO] AVID retrieve called with sid: 0-0-B-AVSS, index: 5
2025-08-13 08:12:28,970 [INFO] AVID retrieve called with sid: 5-0-B-AVSS, index: 5
2025-08-13 08:12:29,547 [INFO] AVID retrieve called with sid: 14-0-B-AVSS, index: 5
2025-08-13 08:12:29,550 [INFO] AVID retrieve called with sid: 2-0-B-AVSS, index: 5
2025-08-13 08:12:29,553 [INFO] AVID retrieve called with sid: 3-0-B-AVSS, index: 5
2025-08-13 08:12:29,556 [INFO] AVID retrieve called with sid: 10-0-B-AVSS, index: 5
2025-08-13 08:12:29,559 [INFO] AVID retrieve called with sid: 9-0-B-AVSS, index: 5
2025-08-13 08:12:29,561 [INFO] AVID retrieve called with sid: 13-0-B-AVSS, index: 5
2025-08-13 08:12:29,564 [INFO] AVID retrieve called with sid: 4-0-B-AVSS, index: 5
2025-08-13 08:12:29,575 [INFO] AVID retrieve called with sid: 15-0-B-AVSS, index: 5
2025-08-13 08:12:29,577 [INFO] AVID retrieve called with sid: 7-0-B-AVSS, index: 5
2025-08-13 08:12:29,622 [INFO] AVID retrieve called with sid: 8-0-B-AVSS, index: 5
2025-08-13 08:12:29,625 [INFO] AVID retrieve called with sid: 11-0-B-AVSS, index: 5
2025-08-13 08:12:29,635 [INFO] AVID retrieve called with sid: 12-0-B-AVSS, index: 5
2025-08-13 08:12:30,095 [INFO] 3-0-B-AVSS 5 RETRIEVE called.
2025-08-13 08:12:30,282 [INFO] 6-0-B-AVSS 5 RETRIEVE called.
2025-08-13 08:12:30,282 [INFO] 2-0-B-AVSS 5 RETRIEVE called.
2025-08-13 08:12:30,283 [INFO] 1-0-B-AVSS 5 RETRIEVE called.
2025-08-13 08:12:30,283 [INFO] 5-0-B-AVSS 5 RETRIEVE called.
2025-08-13 08:12:30,283 [INFO] 4-0-B-AVSS 5 RETRIEVE called.
2025-08-13 08:12:30,288 [INFO] 15-0-B-AVSS 5 RETRIEVE called.
2025-08-13 08:12:30,290 [INFO] 0-0-B-AVSS 5 RETRIEVE called.
2025-08-13 08:12:30,290 [INFO] 14-0-B-AVSS 5 RETRIEVE called.
2025-08-13 08:12:30,290 [INFO] 13-0-B-AVSS 5 RETRIEVE called.
2025-08-13 08:12:30,290 [INFO] 7-0-B-AVSS 5 RETRIEVE called.
2025-08-13 08:12:30,290 [INFO] 10-0-B-AVSS 5 RETRIEVE called.
2025-08-13 08:12:30,290 [INFO] 9-0-B-AVSS 5 RETRIEVE called.
2025-08-13 08:12:32,534 [INFO] 11-0-B-AVSS 5 RETRIEVE called.
2025-08-13 08:12:32,534 [INFO] 8-0-B-AVSS 5 RETRIEVE called.
2025-08-13 08:12:32,534 [INFO] 12-0-B-AVSS 5 RETRIEVE called.
2025-08-13 08:12:33,114 [INFO] [5] [beaver triples] Starting to ACS where 2 is set as leader 
2025-08-13 08:12:33,114 [INFO] [5] [beaver triples] The proposal of node 5 is [3, 2, 6, 1, 4, 5, 14, 15, 0, 13, 9]
2025-08-13 08:12:33,114 [INFO] enter handle_message
2025-08-13 08:12:33,132 [INFO] [5] value-self.acss_outputs.keys():dict_keys([3, 2, 6, 1, 4, 5, 14, 15, 0, 13, 9, 7])
2025-08-13 08:12:33,133 [INFO] [5] --Directly send the proposal!--
2025-08-13 08:12:34,022 [INFO] [5] Broadcasting to 0
2025-08-13 08:12:34,023 [INFO] [5] Broadcasting to 1
2025-08-13 08:12:34,023 [INFO] [5] Broadcasting to 2
2025-08-13 08:12:34,023 [INFO] [5] Broadcasting to 3
2025-08-13 08:12:34,023 [INFO] [5] Broadcasting to 4
2025-08-13 08:12:34,023 [INFO] [5] Broadcasting to 5
2025-08-13 08:12:34,023 [INFO] [5] Broadcasting to 6
2025-08-13 08:12:34,023 [INFO] [5] Broadcasting to 7
2025-08-13 08:12:34,023 [INFO] [5] Broadcasting to 8
2025-08-13 08:12:34,023 [INFO] [5] Broadcasting to 9
2025-08-13 08:12:34,023 [INFO] [5] Broadcasting to 10
2025-08-13 08:12:34,023 [INFO] [5] Broadcasting to 11
2025-08-13 08:12:34,023 [INFO] [5] Broadcasting to 12
2025-08-13 08:12:34,023 [INFO] [5] Broadcasting to 13
2025-08-13 08:12:34,023 [INFO] [5] Broadcasting to 14
2025-08-13 08:12:34,023 [INFO] [5] Broadcasting to 15
2025-08-13 08:12:34,031 [INFO] [5] Broadcasting to 0
2025-08-13 08:12:34,031 [INFO] [5] Broadcasting to 1
2025-08-13 08:12:34,031 [INFO] [5] Broadcasting to 2
2025-08-13 08:12:34,031 [INFO] [5] Broadcasting to 3
2025-08-13 08:12:34,031 [INFO] [5] Broadcasting to 4
2025-08-13 08:12:34,031 [INFO] [5] Broadcasting to 5
2025-08-13 08:12:34,031 [INFO] [5] Broadcasting to 6
2025-08-13 08:12:34,031 [INFO] [5] Broadcasting to 7
2025-08-13 08:12:34,031 [INFO] [5] Broadcasting to 8
2025-08-13 08:12:34,031 [INFO] [5] Broadcasting to 9
2025-08-13 08:12:34,031 [INFO] [5] Broadcasting to 10
2025-08-13 08:12:34,031 [INFO] [5] Broadcasting to 11
2025-08-13 08:12:34,031 [INFO] [5] Broadcasting to 12
2025-08-13 08:12:34,031 [INFO] [5] Broadcasting to 13
2025-08-13 08:12:34,031 [INFO] [5] Broadcasting to 14
2025-08-13 08:12:34,031 [INFO] [5] Broadcasting to 15
2025-08-13 08:12:34,031 [INFO] [5] [beaver triples] The ACS set is [0, 1, 2, 3, 4, 5, 6, 9, 13, 14, 15]
2025-08-13 08:12:34,261 [INFO] [5] [beaver triples] Time taken for beaver_time: 12.688542366027832 seconds
2025-08-13 08:12:34,261 [INFO] [5] [inputs] Start generating 200 public inputs via ACSS+ACS
2025-08-13 08:12:34,261 [INFO] [5] [inputs] Starting ACSS to share 200 inputs
2025-08-13 08:12:34,262 [INFO] [5] [ACSS] Using tag ACSS_INPUTS_AVSS (mode=avss_without_proof)
2025-08-13 08:12:34,858 [INFO] AVID retrieve called with sid: 3-0-B-AVSS, index: 5
2025-08-13 08:12:34,859 [INFO] AVID retrieve called with sid: 7-0-B-AVSS, index: 5
2025-08-13 08:12:34,860 [INFO] AVID retrieve called with sid: 5-0-B-AVSS, index: 5
2025-08-13 08:12:34,861 [INFO] AVID retrieve called with sid: 6-0-B-AVSS, index: 5
2025-08-13 08:12:34,874 [INFO] AVID retrieve called with sid: 0-0-B-AVSS, index: 5
2025-08-13 08:12:34,875 [INFO] AVID retrieve called with sid: 1-0-B-AVSS, index: 5
2025-08-13 08:12:34,875 [INFO] AVID retrieve called with sid: 2-0-B-AVSS, index: 5
2025-08-13 08:12:34,876 [INFO] AVID retrieve called with sid: 4-0-B-AVSS, index: 5
2025-08-13 08:12:34,878 [INFO] AVID retrieve called with sid: 15-0-B-AVSS, index: 5
2025-08-13 08:12:34,878 [INFO] AVID retrieve called with sid: 14-0-B-AVSS, index: 5
2025-08-13 08:12:34,889 [INFO] AVID retrieve called with sid: 10-0-B-AVSS, index: 5
2025-08-13 08:12:34,892 [INFO] AVID retrieve called with sid: 13-0-B-AVSS, index: 5
2025-08-13 08:12:34,952 [INFO] 4-0-B-AVSS 5 RETRIEVE called.
2025-08-13 08:12:34,956 [INFO] 5-0-B-AVSS 5 RETRIEVE called.
2025-08-13 08:12:34,956 [INFO] 3-0-B-AVSS 5 RETRIEVE called.
2025-08-13 08:12:34,956 [INFO] 0-0-B-AVSS 5 RETRIEVE called.
2025-08-13 08:12:34,956 [INFO] 1-0-B-AVSS 5 RETRIEVE called.
2025-08-13 08:12:34,968 [INFO] AVID retrieve called with sid: 9-0-B-AVSS, index: 5
2025-08-13 08:12:34,968 [INFO] 6-0-B-AVSS 5 RETRIEVE called.
2025-08-13 08:12:34,968 [INFO] 2-0-B-AVSS 5 RETRIEVE called.
2025-08-13 08:12:34,968 [INFO] 15-0-B-AVSS 5 RETRIEVE called.
2025-08-13 08:12:34,974 [INFO] 7-0-B-AVSS 5 RETRIEVE called.
2025-08-13 08:12:35,000 [INFO] 14-0-B-AVSS 5 RETRIEVE called.
2025-08-13 08:12:35,007 [INFO] 13-0-B-AVSS 5 RETRIEVE called.
2025-08-13 08:12:35,059 [INFO] [5] [inputs] Starting ACS (leader=0); proposal size=11
2025-08-13 08:12:35,059 [INFO] enter handle_message
2025-08-13 08:12:35,065 [INFO] [5] value-self.acss_outputs.keys():dict_keys([4, 5, 3, 0, 1, 6, 2, 15, 7, 14, 13])
2025-08-13 08:12:35,065 [INFO] [5] --Directly send the proposal!--
2025-08-13 08:12:35,079 [INFO] 10-0-B-AVSS 5 RETRIEVE called.
2025-08-13 08:12:35,112 [INFO] 9-0-B-AVSS 5 RETRIEVE called.
2025-08-13 08:12:35,299 [INFO] [5] Broadcasting to 0
2025-08-13 08:12:35,299 [INFO] [5] Broadcasting to 1
2025-08-13 08:12:35,299 [INFO] [5] Broadcasting to 2
2025-08-13 08:12:35,299 [INFO] [5] Broadcasting to 3
2025-08-13 08:12:35,299 [INFO] [5] Broadcasting to 4
2025-08-13 08:12:35,299 [INFO] [5] Broadcasting to 5
2025-08-13 08:12:35,299 [INFO] [5] Broadcasting to 6
2025-08-13 08:12:35,299 [INFO] [5] Broadcasting to 7
2025-08-13 08:12:35,299 [INFO] [5] Broadcasting to 8
2025-08-13 08:12:35,299 [INFO] [5] Broadcasting to 9
2025-08-13 08:12:35,299 [INFO] [5] Broadcasting to 10
2025-08-13 08:12:35,299 [INFO] [5] Broadcasting to 11
2025-08-13 08:12:35,299 [INFO] [5] Broadcasting to 12
2025-08-13 08:12:35,299 [INFO] [5] Broadcasting to 13
2025-08-13 08:12:35,299 [INFO] [5] Broadcasting to 14
2025-08-13 08:12:35,299 [INFO] [5] Broadcasting to 15
2025-08-13 08:12:35,307 [INFO] [5] Broadcasting to 0
2025-08-13 08:12:35,307 [INFO] [5] Broadcasting to 1
2025-08-13 08:12:35,307 [INFO] [5] Broadcasting to 2
2025-08-13 08:12:35,307 [INFO] [5] Broadcasting to 3
2025-08-13 08:12:35,307 [INFO] [5] Broadcasting to 4
2025-08-13 08:12:35,307 [INFO] [5] Broadcasting to 5
2025-08-13 08:12:35,307 [INFO] [5] Broadcasting to 6
2025-08-13 08:12:35,307 [INFO] [5] Broadcasting to 7
2025-08-13 08:12:35,307 [INFO] [5] Broadcasting to 8
2025-08-13 08:12:35,307 [INFO] [5] Broadcasting to 9
2025-08-13 08:12:35,307 [INFO] [5] Broadcasting to 10
2025-08-13 08:12:35,307 [INFO] [5] Broadcasting to 11
2025-08-13 08:12:35,307 [INFO] [5] Broadcasting to 12
2025-08-13 08:12:35,307 [INFO] [5] Broadcasting to 13
2025-08-13 08:12:35,307 [INFO] [5] Broadcasting to 14
2025-08-13 08:12:35,307 [INFO] [5] Broadcasting to 15
2025-08-13 08:12:35,307 [INFO] [5] [inputs] ACS set size=11; set=[0, 1, 2, 3, 4, 5, 6, 7, 13, 14, 15]
2025-08-13 08:12:35,308 [INFO] [5] [inputs] Decoded 200 input shares from dealer 0
2025-08-13 08:12:35,311 [INFO] len a_all: 500, len b_all: 500, len c_all: 500
2025-08-13 08:12:35,311 [INFO] [5] [inputs] Time taken to inputs_time: 1.0499029159545898 seconds
2025-08-13 08:12:35,311 [INFO] [5] [layer 0] Using 50 triples (a,b,c) for multiplication
2025-08-13 08:12:35,318 [INFO] [BatchReconstruct] P1 Send: 0.0050563812255859375
2025-08-13 08:12:35,350 [INFO] [BatchReconstruct] P1 Reconstruct: 0.03215432167053223
2025-08-13 08:12:35,350 [INFO] [BatchReconstruct] P2 Send: 4.649162292480469e-05
2025-08-13 08:12:35,356 [INFO] [BatchReconstruct] P2 Reconstruct: 0.005705118179321289
2025-08-13 08:12:35,357 [INFO] [5] [layer 0] done: produced 100 outputs; next I size=200
2025-08-13 08:12:35,357 [INFO] [5] [layer 0] Time taken for layer layer_time: 0.04605841636657715 seconds
2025-08-13 08:12:35,357 [INFO] [5] [layer 1] Using 50 triples (a,b,c) for multiplication
2025-08-13 08:12:35,358 [INFO] [BatchReconstruct] P1 Send: 0.00022864341735839844
2025-08-13 08:12:35,383 [INFO] AVID retrieve called with sid: 11-0-B-AVSS, index: 5
2025-08-13 08:12:35,387 [INFO] AVID retrieve called with sid: 8-0-B-AVSS, index: 5
2025-08-13 08:12:35,390 [INFO] [BatchReconstruct] P1 Reconstruct: 0.03141522407531738
2025-08-13 08:12:35,390 [INFO] [BatchReconstruct] P2 Send: 4.863739013671875e-05
2025-08-13 08:12:35,398 [INFO] [BatchReconstruct] P2 Reconstruct: 0.008316278457641602
2025-08-13 08:12:35,399 [INFO] [5] [layer 1] done: produced 100 outputs; next I size=200
2025-08-13 08:12:35,399 [INFO] [5] [layer 1] Time taken for layer layer_time: 0.041924476623535156 seconds
2025-08-13 08:12:35,399 [INFO] [5] [layer 2] Using 50 triples (a,b,c) for multiplication
2025-08-13 08:12:35,400 [INFO] [BatchReconstruct] P1 Send: 0.00023031234741210938
2025-08-13 08:12:35,431 [INFO] [BatchReconstruct] P1 Reconstruct: 0.030449390411376953
2025-08-13 08:12:35,431 [INFO] [BatchReconstruct] P2 Send: 4.57763671875e-05
2025-08-13 08:12:35,436 [INFO] AVID retrieve called with sid: 12-0-B-AVSS, index: 5
2025-08-13 08:12:35,439 [INFO] [BatchReconstruct] P2 Reconstruct: 0.008484601974487305
2025-08-13 08:12:35,440 [INFO] [5] [layer 2] done: produced 100 outputs; next I size=200
2025-08-13 08:12:35,440 [INFO] [5] [layer 2] Time taken for layer layer_time: 0.0413360595703125 seconds
2025-08-13 08:12:35,440 [INFO] [5] [layer 3] Using 50 triples (a,b,c) for multiplication
2025-08-13 08:12:35,442 [INFO] [BatchReconstruct] P1 Send: 0.0002288818359375
2025-08-13 08:12:35,469 [INFO] [BatchReconstruct] P1 Reconstruct: 0.027488231658935547
2025-08-13 08:12:35,469 [INFO] [BatchReconstruct] P2 Send: 4.887580871582031e-05
2025-08-13 08:12:35,482 [INFO] [BatchReconstruct] P2 Reconstruct: 0.013105392456054688
2025-08-13 08:12:35,483 [INFO] [5] [layer 3] done: produced 100 outputs; next I size=200
2025-08-13 08:12:35,483 [INFO] [5] [layer 3] Time taken for layer layer_time: 0.04284834861755371 seconds
2025-08-13 08:12:35,483 [INFO] [5] [layer 4] Using 50 triples (a,b,c) for multiplication
2025-08-13 08:12:35,484 [INFO] [BatchReconstruct] P1 Send: 0.00023102760314941406
2025-08-13 08:12:35,509 [INFO] [BatchReconstruct] P1 Reconstruct: 0.024726152420043945
2025-08-13 08:12:35,509 [INFO] [BatchReconstruct] P2 Send: 4.9114227294921875e-05
2025-08-13 08:12:35,525 [INFO] [BatchReconstruct] P2 Reconstruct: 0.015750646591186523
2025-08-13 08:12:35,526 [INFO] [5] [layer 4] done: produced 100 outputs; next I size=200
2025-08-13 08:12:35,526 [INFO] [5] [layer 4] Time taken for layer layer_time: 0.04271078109741211 seconds
2025-08-13 08:12:35,526 [INFO] [5] [layer 5] Using 50 triples (a,b,c) for multiplication
2025-08-13 08:12:35,527 [INFO] [BatchReconstruct] P1 Send: 0.00023508071899414062
2025-08-13 08:12:35,548 [INFO] [BatchReconstruct] P1 Reconstruct: 0.020443439483642578
2025-08-13 08:12:35,548 [INFO] [BatchReconstruct] P2 Send: 4.792213439941406e-05
2025-08-13 08:12:35,565 [INFO] [BatchReconstruct] P2 Reconstruct: 0.017695188522338867
2025-08-13 08:12:35,567 [INFO] [5] [layer 5] done: produced 100 outputs; next I size=200
2025-08-13 08:12:35,567 [INFO] [5] [layer 5] Time taken for layer layer_time: 0.04086756706237793 seconds
2025-08-13 08:12:35,567 [INFO] [5] [layer 6] Using 50 triples (a,b,c) for multiplication
2025-08-13 08:12:35,568 [INFO] [BatchReconstruct] P1 Send: 0.00023698806762695312
2025-08-13 08:12:35,587 [INFO] [BatchReconstruct] P1 Reconstruct: 0.019231319427490234
2025-08-13 08:12:35,587 [INFO] [BatchReconstruct] P2 Send: 5.0067901611328125e-05
2025-08-13 08:12:35,605 [INFO] [BatchReconstruct] P2 Reconstruct: 0.017828941345214844
2025-08-13 08:12:35,606 [INFO] [5] [layer 6] done: produced 100 outputs; next I size=200
2025-08-13 08:12:35,606 [INFO] [5] [layer 6] Time taken for layer layer_time: 0.039338111877441406 seconds
2025-08-13 08:12:35,606 [INFO] [5] [layer 7] Using 50 triples (a,b,c) for multiplication
2025-08-13 08:12:35,607 [INFO] [BatchReconstruct] P1 Send: 0.0002608299255371094
2025-08-13 08:12:35,626 [INFO] [BatchReconstruct] P1 Reconstruct: 0.018184423446655273
2025-08-13 08:12:35,626 [INFO] [BatchReconstruct] P2 Send: 4.887580871582031e-05
2025-08-13 08:12:35,644 [INFO] [BatchReconstruct] P2 Reconstruct: 0.01806354522705078
2025-08-13 08:12:35,645 [INFO] [5] [layer 7] done: produced 100 outputs; next I size=200
2025-08-13 08:12:35,645 [INFO] [5] [layer 7] Time taken for layer layer_time: 0.03850388526916504 seconds
2025-08-13 08:12:35,645 [INFO] [5] [layer 8] Using 50 triples (a,b,c) for multiplication
2025-08-13 08:12:35,646 [INFO] [BatchReconstruct] P1 Send: 0.00023484230041503906
2025-08-13 08:12:35,666 [INFO] [BatchReconstruct] P1 Reconstruct: 0.019614458084106445
2025-08-13 08:12:35,666 [INFO] [BatchReconstruct] P2 Send: 4.792213439941406e-05
2025-08-13 08:12:35,683 [INFO] [BatchReconstruct] P2 Reconstruct: 0.017689228057861328
2025-08-13 08:12:35,684 [INFO] [5] [layer 8] done: produced 100 outputs; next I size=200
2025-08-13 08:12:35,684 [INFO] [5] [layer 8] Time taken for layer layer_time: 0.039470672607421875 seconds
2025-08-13 08:12:35,684 [INFO] [5] [layer 9] Using 50 triples (a,b,c) for multiplication
2025-08-13 08:12:35,685 [INFO] [BatchReconstruct] P1 Send: 0.0002300739288330078
2025-08-13 08:12:35,704 [INFO] [BatchReconstruct] P1 Reconstruct: 0.018601417541503906
2025-08-13 08:12:35,704 [INFO] [BatchReconstruct] P2 Send: 4.649162292480469e-05
2025-08-13 08:12:35,722 [INFO] [BatchReconstruct] P2 Reconstruct: 0.017662763595581055
2025-08-13 08:12:35,722 [INFO] [5] [layer 9] done: produced 100 outputs; next I size=200
2025-08-13 08:12:35,723 [INFO] [5] [layer 9] Time taken for layer layer_time: 0.038384437561035156 seconds
2025-08-13 08:12:35,723 [INFO] [5] [final] opening 100 outputs
2025-08-13 08:12:35,724 [INFO] [BatchReconstruct] P1 Send: 0.00023317337036132812
2025-08-13 08:12:35,744 [INFO] [BatchReconstruct] P1 Reconstruct: 0.02008342742919922
2025-08-13 08:12:35,744 [INFO] [BatchReconstruct] P2 Send: 4.673004150390625e-05
2025-08-13 08:12:35,762 [INFO] [BatchReconstruct] P2 Reconstruct: 0.017728328704833984
2025-08-13 08:12:35,762 [INFO] [5] [final] reconstructed 100 values
2025-08-13 08:12:35,762 [INFO] [5] [final] Time taken for reconstruction rec_time: 0.03948688507080078 seconds
2025-08-13 08:12:35,762 [INFO] [5] [beaver triples] Finished! Node 5, total number: 1500, time: 14.189802646636963 (seconds)
2025-08-13 08:12:35,762 [INFO] [5] Bytes Sent: R_A:23640904 which is 7.07%
2025-08-13 08:12:35,762 [INFO] [5] Bytes Sent: ACS:8329036 which is 2.491%
2025-08-13 08:12:35,762 [INFO] [5] Bytes Sent: B_A:302199970 which is 90.377%
2025-08-13 08:12:35,762 [INFO] [5] Bytes Sent: OPE:206866 which is 0.062%
2025-08-13 08:12:35,762 [INFO] [5] Total bytes sent out aa: 334376776
2025-08-13 08:12:36,103 [INFO] 11-0-B-AVSS 5 RETRIEVE called.
2025-08-13 08:12:36,115 [INFO] 8-0-B-AVSS 5 RETRIEVE called.
2025-08-13 08:12:36,142 [INFO] 12-0-B-AVSS 5 RETRIEVE called.
