[DEBUG] Node ID 6 will use peer_port=7001
Warning: Permanently added '118.25.14.130' (ECDSA) to the list of known hosts.
Creating dumbo-mpc_dumbo-mpc_run ... 
Creating dumbo-mpc_dumbo-mpc_run ... done
2025-08-13 08:12:21,401 [INFO] [6] Starting AsyRanTriGen
2025-08-13 08:12:21,401 [INFO] self.pkbls: <beaver.broadcast.crypto.boldyreva.TBLSPublicKey object at 0x7f911b5c60d0>
2025-08-13 08:12:21,401 [INFO] self.skbls: <beaver.broadcast.crypto.boldyreva.TBLSPrivateKey object at 0x7f911b5c6100>
2025-08-13 08:12:21,403 [INFO] [6] Starting ACSS to share 500 secrets
2025-08-13 08:12:21,403 [INFO] [6] [ACSS] Using tag R_A (mode=avss_without_proof)
2025-08-13 08:12:23,083 [INFO] AVID retrieve called with sid: 7-0-B-AVSS, index: 6
2025-08-13 08:12:23,084 [INFO] AVID retrieve called with sid: 11-0-B-AVSS, index: 6
2025-08-13 08:12:23,086 [INFO] AVID retrieve called with sid: 14-0-B-AVSS, index: 6
2025-08-13 08:12:23,087 [INFO] AVID retrieve called with sid: 3-0-B-AVSS, index: 6
2025-08-13 08:12:23,088 [INFO] AVID retrieve called with sid: 6-0-B-AVSS, index: 6
2025-08-13 08:12:23,126 [INFO] AVID retrieve called with sid: 12-0-B-AVSS, index: 6
2025-08-13 08:12:23,127 [INFO] AVID retrieve called with sid: 4-0-B-AVSS, index: 6
2025-08-13 08:12:23,128 [INFO] AVID retrieve called with sid: 1-0-B-AVSS, index: 6
2025-08-13 08:12:23,152 [INFO] AVID retrieve called with sid: 5-0-B-AVSS, index: 6
2025-08-13 08:12:23,190 [INFO] AVID retrieve called with sid: 0-0-B-AVSS, index: 6
2025-08-13 08:12:23,191 [INFO] AVID retrieve called with sid: 2-0-B-AVSS, index: 6
2025-08-13 08:12:23,226 [INFO] AVID retrieve called with sid: 15-0-B-AVSS, index: 6
2025-08-13 08:12:23,242 [INFO] AVID retrieve called with sid: 13-0-B-AVSS, index: 6
2025-08-13 08:12:23,243 [INFO] AVID retrieve called with sid: 10-0-B-AVSS, index: 6
2025-08-13 08:12:23,253 [INFO] AVID retrieve called with sid: 9-0-B-AVSS, index: 6
2025-08-13 08:12:23,255 [INFO] 6-0-B-AVSS 6 RETRIEVE called.
2025-08-13 08:12:23,256 [INFO] 1-0-B-AVSS 6 RETRIEVE called.
2025-08-13 08:12:23,257 [INFO] 4-0-B-AVSS 6 RETRIEVE called.
2025-08-13 08:12:23,258 [INFO] 3-0-B-AVSS 6 RETRIEVE called.
2025-08-13 08:12:23,258 [INFO] 7-0-B-AVSS 6 RETRIEVE called.
2025-08-13 08:12:23,311 [INFO] 11-0-B-AVSS 6 RETRIEVE called.
2025-08-13 08:12:23,323 [INFO] 14-0-B-AVSS 6 RETRIEVE called.
2025-08-13 08:12:23,329 [INFO] 12-0-B-AVSS 6 RETRIEVE called.
2025-08-13 08:12:23,331 [INFO] 5-0-B-AVSS 6 RETRIEVE called.
2025-08-13 08:12:23,335 [INFO] 0-0-B-AVSS 6 RETRIEVE called.
2025-08-13 08:12:23,346 [INFO] 2-0-B-AVSS 6 RETRIEVE called.
2025-08-13 08:12:23,428 [INFO] [6] [random shares] Starting ACS where node 1 is set as leader 
2025-08-13 08:12:23,428 [INFO] [6] [random shares] The proposal of node 6 is [6, 1, 7, 4, 3, 14, 11, 12, 5, 2, 0]
2025-08-13 08:12:23,428 [INFO] enter handle_message
2025-08-13 08:12:23,444 [INFO] AVID retrieve called with sid: 8-0-B-AVSS, index: 6
2025-08-13 08:12:23,445 [INFO] 15-0-B-AVSS 6 RETRIEVE called.
2025-08-13 08:12:23,446 [INFO] [6] value-self.acss_outputs.keys():dict_keys([6, 1, 7, 4, 3, 14, 11, 12, 5, 2, 0])
2025-08-13 08:12:23,447 [INFO] [6] --Directly send the proposal!--
2025-08-13 08:12:23,448 [INFO] 13-0-B-AVSS 6 RETRIEVE called.
2025-08-13 08:12:23,449 [INFO] 10-0-B-AVSS 6 RETRIEVE called.
2025-08-13 08:12:23,449 [INFO] 9-0-B-AVSS 6 RETRIEVE called.
2025-08-13 08:12:23,597 [INFO] 8-0-B-AVSS 6 RETRIEVE called.
2025-08-13 08:12:23,801 [INFO] [6] Broadcasting to 0
2025-08-13 08:12:23,801 [INFO] [6] Broadcasting to 1
2025-08-13 08:12:23,801 [INFO] [6] Broadcasting to 2
2025-08-13 08:12:23,801 [INFO] [6] Broadcasting to 3
2025-08-13 08:12:23,801 [INFO] [6] Broadcasting to 4
2025-08-13 08:12:23,801 [INFO] [6] Broadcasting to 5
2025-08-13 08:12:23,801 [INFO] [6] Broadcasting to 6
2025-08-13 08:12:23,801 [INFO] [6] Broadcasting to 7
2025-08-13 08:12:23,801 [INFO] [6] Broadcasting to 8
2025-08-13 08:12:23,801 [INFO] [6] Broadcasting to 9
2025-08-13 08:12:23,801 [INFO] [6] Broadcasting to 10
2025-08-13 08:12:23,801 [INFO] [6] Broadcasting to 11
2025-08-13 08:12:23,801 [INFO] [6] Broadcasting to 12
2025-08-13 08:12:23,801 [INFO] [6] Broadcasting to 13
2025-08-13 08:12:23,801 [INFO] [6] Broadcasting to 14
2025-08-13 08:12:23,801 [INFO] [6] Broadcasting to 15
2025-08-13 08:12:23,809 [INFO] [6] Broadcasting to 0
2025-08-13 08:12:23,809 [INFO] [6] Broadcasting to 1
2025-08-13 08:12:23,809 [INFO] [6] Broadcasting to 2
2025-08-13 08:12:23,809 [INFO] [6] Broadcasting to 3
2025-08-13 08:12:23,809 [INFO] [6] Broadcasting to 4
2025-08-13 08:12:23,809 [INFO] [6] Broadcasting to 5
2025-08-13 08:12:23,809 [INFO] [6] Broadcasting to 6
2025-08-13 08:12:23,809 [INFO] [6] Broadcasting to 7
2025-08-13 08:12:23,809 [INFO] [6] Broadcasting to 8
2025-08-13 08:12:23,809 [INFO] [6] Broadcasting to 9
2025-08-13 08:12:23,810 [INFO] [6] Broadcasting to 10
2025-08-13 08:12:23,810 [INFO] [6] Broadcasting to 11
2025-08-13 08:12:23,810 [INFO] [6] Broadcasting to 12
2025-08-13 08:12:23,810 [INFO] [6] Broadcasting to 13
2025-08-13 08:12:23,810 [INFO] [6] Broadcasting to 14
2025-08-13 08:12:23,810 [INFO] [6] Broadcasting to 15
2025-08-13 08:12:23,810 [INFO] [6] [random shares] The ACS set is [0, 1, 2, 3, 4, 5, 6, 7, 11, 12, 14]
2025-08-13 08:12:23,810 [INFO] [6] Starting extract random shares
2025-08-13 08:12:24,124 [INFO] [6] Obtaining total 3000 random shares!
2025-08-13 08:12:24,124 [INFO] [6] Starting to generate beaver triples
2025-08-13 08:12:24,124 [INFO] [6] [beaver triples] Starting to share random shares
hidden g = {[6679831729115696150 8653662730902241269 1535610680227111361 17342916647841752903 17135755455211762752 1297449291367578485] [13451288730302620273 10097742279870053774 15949884091978425806 5885175747529691540 1016841820992199104 845620083434234474]}
hidden h = {[13794385998538644597 108816626937764141 12130603454454490125 6127379912259600201 17481961476035825978 950355161936836191] [10722765800778186391 17107915684035394744 11626309118465119103 5217919199071354366 6102759180633827794 660535627654889709]}
hidden Equal? false
2025/08/13 08:12:28 prodProofs size =  1744912
2025/08/13 08:12:28 prodProofs count =  1500
2025-08-13 08:12:28,500 [INFO] prodProofs size: 1773411 bytes
2025-08-13 08:12:28,500 [INFO] prodProofs count: 1500
2025-08-13 08:12:28,976 [INFO] AVID retrieve called with sid: 6-0-B-AVSS, index: 6
2025-08-13 08:12:29,536 [INFO] AVID retrieve called with sid: 14-0-B-AVSS, index: 6
2025-08-13 08:12:29,539 [INFO] AVID retrieve called with sid: 4-0-B-AVSS, index: 6
2025-08-13 08:12:29,542 [INFO] AVID retrieve called with sid: 13-0-B-AVSS, index: 6
2025-08-13 08:12:29,544 [INFO] AVID retrieve called with sid: 9-0-B-AVSS, index: 6
2025-08-13 08:12:29,547 [INFO] AVID retrieve called with sid: 3-0-B-AVSS, index: 6
2025-08-13 08:12:29,550 [INFO] AVID retrieve called with sid: 10-0-B-AVSS, index: 6
2025-08-13 08:12:29,553 [INFO] AVID retrieve called with sid: 0-0-B-AVSS, index: 6
2025-08-13 08:12:29,555 [INFO] AVID retrieve called with sid: 2-0-B-AVSS, index: 6
2025-08-13 08:12:29,558 [INFO] AVID retrieve called with sid: 7-0-B-AVSS, index: 6
2025-08-13 08:12:29,561 [INFO] AVID retrieve called with sid: 15-0-B-AVSS, index: 6
2025-08-13 08:12:29,564 [INFO] AVID retrieve called with sid: 5-0-B-AVSS, index: 6
2025-08-13 08:12:29,567 [INFO] AVID retrieve called with sid: 1-0-B-AVSS, index: 6
2025-08-13 08:12:29,596 [INFO] AVID retrieve called with sid: 8-0-B-AVSS, index: 6
2025-08-13 08:12:29,599 [INFO] AVID retrieve called with sid: 11-0-B-AVSS, index: 6
2025-08-13 08:12:29,633 [INFO] AVID retrieve called with sid: 12-0-B-AVSS, index: 6
2025-08-13 08:12:30,101 [INFO] 3-0-B-AVSS 6 RETRIEVE called.
2025-08-13 08:12:30,289 [INFO] 6-0-B-AVSS 6 RETRIEVE called.
2025-08-13 08:12:30,290 [INFO] 2-0-B-AVSS 6 RETRIEVE called.
2025-08-13 08:12:30,290 [INFO] 1-0-B-AVSS 6 RETRIEVE called.
2025-08-13 08:12:30,290 [INFO] 5-0-B-AVSS 6 RETRIEVE called.
2025-08-13 08:12:30,290 [INFO] 4-0-B-AVSS 6 RETRIEVE called.
2025-08-13 08:12:30,293 [INFO] 0-0-B-AVSS 6 RETRIEVE called.
2025-08-13 08:12:30,293 [INFO] 15-0-B-AVSS 6 RETRIEVE called.
2025-08-13 08:12:30,293 [INFO] 14-0-B-AVSS 6 RETRIEVE called.
2025-08-13 08:12:30,293 [INFO] 13-0-B-AVSS 6 RETRIEVE called.
2025-08-13 08:12:30,293 [INFO] 7-0-B-AVSS 6 RETRIEVE called.
2025-08-13 08:12:30,293 [INFO] 10-0-B-AVSS 6 RETRIEVE called.
2025-08-13 08:12:30,293 [INFO] 9-0-B-AVSS 6 RETRIEVE called.
2025-08-13 08:12:32,546 [INFO] 11-0-B-AVSS 6 RETRIEVE called.
2025-08-13 08:12:32,547 [INFO] 8-0-B-AVSS 6 RETRIEVE called.
2025-08-13 08:12:32,547 [INFO] 12-0-B-AVSS 6 RETRIEVE called.
2025-08-13 08:12:33,136 [INFO] [6] [beaver triples] Starting to ACS where 2 is set as leader 
2025-08-13 08:12:33,136 [INFO] [6] [beaver triples] The proposal of node 6 is [3, 2, 6, 4, 1, 0, 5, 15, 9, 14, 13]
2025-08-13 08:12:33,136 [INFO] enter handle_message
2025-08-13 08:12:33,136 [INFO] [6] value-self.acss_outputs.keys():dict_keys([3, 2, 6, 4, 1, 0, 5, 15, 9, 14, 13])
2025-08-13 08:12:33,137 [INFO] [6] --Directly send the proposal!--
2025-08-13 08:12:34,027 [INFO] [6] Broadcasting to 0
2025-08-13 08:12:34,027 [INFO] [6] Broadcasting to 1
2025-08-13 08:12:34,027 [INFO] [6] Broadcasting to 2
2025-08-13 08:12:34,027 [INFO] [6] Broadcasting to 3
2025-08-13 08:12:34,027 [INFO] [6] Broadcasting to 4
2025-08-13 08:12:34,027 [INFO] [6] Broadcasting to 5
2025-08-13 08:12:34,027 [INFO] [6] Broadcasting to 6
2025-08-13 08:12:34,027 [INFO] [6] Broadcasting to 7
2025-08-13 08:12:34,027 [INFO] [6] Broadcasting to 8
2025-08-13 08:12:34,027 [INFO] [6] Broadcasting to 9
2025-08-13 08:12:34,027 [INFO] [6] Broadcasting to 10
2025-08-13 08:12:34,027 [INFO] [6] Broadcasting to 11
2025-08-13 08:12:34,027 [INFO] [6] Broadcasting to 12
2025-08-13 08:12:34,027 [INFO] [6] Broadcasting to 13
2025-08-13 08:12:34,027 [INFO] [6] Broadcasting to 14
2025-08-13 08:12:34,027 [INFO] [6] Broadcasting to 15
2025-08-13 08:12:34,035 [INFO] [6] Broadcasting to 0
2025-08-13 08:12:34,035 [INFO] [6] Broadcasting to 1
2025-08-13 08:12:34,035 [INFO] [6] Broadcasting to 2
2025-08-13 08:12:34,035 [INFO] [6] Broadcasting to 3
2025-08-13 08:12:34,035 [INFO] [6] Broadcasting to 4
2025-08-13 08:12:34,035 [INFO] [6] Broadcasting to 5
2025-08-13 08:12:34,035 [INFO] [6] Broadcasting to 6
2025-08-13 08:12:34,035 [INFO] [6] Broadcasting to 7
2025-08-13 08:12:34,035 [INFO] [6] Broadcasting to 8
2025-08-13 08:12:34,035 [INFO] [6] Broadcasting to 9
2025-08-13 08:12:34,035 [INFO] [6] Broadcasting to 10
2025-08-13 08:12:34,035 [INFO] [6] Broadcasting to 11
2025-08-13 08:12:34,035 [INFO] [6] Broadcasting to 12
2025-08-13 08:12:34,035 [INFO] [6] Broadcasting to 13
2025-08-13 08:12:34,035 [INFO] [6] Broadcasting to 14
2025-08-13 08:12:34,035 [INFO] [6] Broadcasting to 15
2025-08-13 08:12:34,035 [INFO] [6] [beaver triples] The ACS set is [0, 1, 2, 3, 4, 5, 6, 9, 13, 14, 15]
2025-08-13 08:12:34,267 [INFO] [6] [beaver triples] Time taken for beaver_time: 12.865658283233643 seconds
2025-08-13 08:12:34,267 [INFO] [6] [inputs] Start generating 200 public inputs via ACSS+ACS
2025-08-13 08:12:34,268 [INFO] [6] [inputs] Starting ACSS to share 200 inputs
2025-08-13 08:12:34,268 [INFO] [6] [ACSS] Using tag ACSS_INPUTS_AVSS (mode=avss_without_proof)
2025-08-13 08:12:34,870 [INFO] AVID retrieve called with sid: 3-0-B-AVSS, index: 6
2025-08-13 08:12:34,870 [INFO] AVID retrieve called with sid: 7-0-B-AVSS, index: 6
2025-08-13 08:12:34,871 [INFO] AVID retrieve called with sid: 5-0-B-AVSS, index: 6
2025-08-13 08:12:34,871 [INFO] AVID retrieve called with sid: 6-0-B-AVSS, index: 6
2025-08-13 08:12:34,872 [INFO] AVID retrieve called with sid: 0-0-B-AVSS, index: 6
2025-08-13 08:12:34,872 [INFO] AVID retrieve called with sid: 2-0-B-AVSS, index: 6
2025-08-13 08:12:34,873 [INFO] AVID retrieve called with sid: 1-0-B-AVSS, index: 6
2025-08-13 08:12:34,873 [INFO] AVID retrieve called with sid: 4-0-B-AVSS, index: 6
2025-08-13 08:12:34,889 [INFO] AVID retrieve called with sid: 14-0-B-AVSS, index: 6
2025-08-13 08:12:34,889 [INFO] AVID retrieve called with sid: 15-0-B-AVSS, index: 6
2025-08-13 08:12:34,895 [INFO] AVID retrieve called with sid: 10-0-B-AVSS, index: 6
2025-08-13 08:12:34,901 [INFO] AVID retrieve called with sid: 13-0-B-AVSS, index: 6
2025-08-13 08:12:34,958 [INFO] 4-0-B-AVSS 6 RETRIEVE called.
2025-08-13 08:12:34,973 [INFO] AVID retrieve called with sid: 9-0-B-AVSS, index: 6
2025-08-13 08:12:34,973 [INFO] 5-0-B-AVSS 6 RETRIEVE called.
2025-08-13 08:12:34,974 [INFO] 3-0-B-AVSS 6 RETRIEVE called.
2025-08-13 08:12:34,974 [INFO] 7-0-B-AVSS 6 RETRIEVE called.
2025-08-13 08:12:34,974 [INFO] 6-0-B-AVSS 6 RETRIEVE called.
2025-08-13 08:12:34,974 [INFO] 0-0-B-AVSS 6 RETRIEVE called.
2025-08-13 08:12:34,974 [INFO] 1-0-B-AVSS 6 RETRIEVE called.
2025-08-13 08:12:34,974 [INFO] 2-0-B-AVSS 6 RETRIEVE called.
2025-08-13 08:12:34,977 [INFO] 15-0-B-AVSS 6 RETRIEVE called.
2025-08-13 08:12:34,979 [INFO] 14-0-B-AVSS 6 RETRIEVE called.
2025-08-13 08:12:35,050 [INFO] 13-0-B-AVSS 6 RETRIEVE called.
2025-08-13 08:12:35,070 [INFO] [6] [inputs] Starting ACS (leader=0); proposal size=11
2025-08-13 08:12:35,070 [INFO] enter handle_message
2025-08-13 08:12:35,071 [INFO] [6] value-self.acss_outputs.keys():dict_keys([4, 5, 3, 2, 7, 6, 0, 1, 14, 15, 13])
2025-08-13 08:12:35,072 [INFO] [6] --Directly send the proposal!--
2025-08-13 08:12:35,084 [INFO] 10-0-B-AVSS 6 RETRIEVE called.
2025-08-13 08:12:35,117 [INFO] 9-0-B-AVSS 6 RETRIEVE called.
2025-08-13 08:12:35,302 [INFO] [6] Broadcasting to 0
2025-08-13 08:12:35,303 [INFO] [6] Broadcasting to 1
2025-08-13 08:12:35,303 [INFO] [6] Broadcasting to 2
2025-08-13 08:12:35,303 [INFO] [6] Broadcasting to 3
2025-08-13 08:12:35,303 [INFO] [6] Broadcasting to 4
2025-08-13 08:12:35,303 [INFO] [6] Broadcasting to 5
2025-08-13 08:12:35,303 [INFO] [6] Broadcasting to 6
2025-08-13 08:12:35,303 [INFO] [6] Broadcasting to 7
2025-08-13 08:12:35,303 [INFO] [6] Broadcasting to 8
2025-08-13 08:12:35,303 [INFO] [6] Broadcasting to 9
2025-08-13 08:12:35,303 [INFO] [6] Broadcasting to 10
2025-08-13 08:12:35,303 [INFO] [6] Broadcasting to 11
2025-08-13 08:12:35,303 [INFO] [6] Broadcasting to 12
2025-08-13 08:12:35,303 [INFO] [6] Broadcasting to 13
2025-08-13 08:12:35,303 [INFO] [6] Broadcasting to 14
2025-08-13 08:12:35,303 [INFO] [6] Broadcasting to 15
2025-08-13 08:12:35,311 [INFO] [6] Broadcasting to 0
2025-08-13 08:12:35,311 [INFO] [6] Broadcasting to 1
2025-08-13 08:12:35,311 [INFO] [6] Broadcasting to 2
2025-08-13 08:12:35,311 [INFO] [6] Broadcasting to 3
2025-08-13 08:12:35,311 [INFO] [6] Broadcasting to 4
2025-08-13 08:12:35,311 [INFO] [6] Broadcasting to 5
2025-08-13 08:12:35,311 [INFO] [6] Broadcasting to 6
2025-08-13 08:12:35,311 [INFO] [6] Broadcasting to 7
2025-08-13 08:12:35,311 [INFO] [6] Broadcasting to 8
2025-08-13 08:12:35,311 [INFO] [6] Broadcasting to 9
2025-08-13 08:12:35,311 [INFO] [6] Broadcasting to 10
2025-08-13 08:12:35,311 [INFO] [6] Broadcasting to 11
2025-08-13 08:12:35,311 [INFO] [6] Broadcasting to 12
2025-08-13 08:12:35,311 [INFO] [6] Broadcasting to 13
2025-08-13 08:12:35,311 [INFO] [6] Broadcasting to 14
2025-08-13 08:12:35,311 [INFO] [6] Broadcasting to 15
2025-08-13 08:12:35,311 [INFO] [6] [inputs] ACS set size=11; set=[0, 1, 2, 3, 4, 5, 6, 7, 13, 14, 15]
2025-08-13 08:12:35,311 [INFO] [6] [inputs] Decoded 200 input shares from dealer 0
2025-08-13 08:12:35,314 [INFO] len a_all: 500, len b_all: 500, len c_all: 500
2025-08-13 08:12:35,314 [INFO] [6] [inputs] Time taken to inputs_time: 1.0471274852752686 seconds
2025-08-13 08:12:35,314 [INFO] [6] [layer 0] Using 50 triples (a,b,c) for multiplication
2025-08-13 08:12:35,321 [INFO] [BatchReconstruct] P1 Send: 0.0048868656158447266
2025-08-13 08:12:35,359 [INFO] [BatchReconstruct] P1 Reconstruct: 0.03720521926879883
2025-08-13 08:12:35,359 [INFO] [BatchReconstruct] P2 Send: 4.3392181396484375e-05
2025-08-13 08:12:35,366 [INFO] [BatchReconstruct] P2 Reconstruct: 0.0071184635162353516
2025-08-13 08:12:35,366 [INFO] [6] [layer 0] done: produced 100 outputs; next I size=200
2025-08-13 08:12:35,366 [INFO] [6] [layer 0] Time taken for layer layer_time: 0.05197739601135254 seconds
2025-08-13 08:12:35,366 [INFO] [6] [layer 1] Using 50 triples (a,b,c) for multiplication
2025-08-13 08:12:35,368 [INFO] [BatchReconstruct] P1 Send: 0.00022339820861816406
2025-08-13 08:12:35,392 [INFO] AVID retrieve called with sid: 11-0-B-AVSS, index: 6
2025-08-13 08:12:35,396 [INFO] AVID retrieve called with sid: 8-0-B-AVSS, index: 6
2025-08-13 08:12:35,401 [INFO] [BatchReconstruct] P1 Reconstruct: 0.03327155113220215
2025-08-13 08:12:35,401 [INFO] [BatchReconstruct] P2 Send: 4.649162292480469e-05
2025-08-13 08:12:35,409 [INFO] [BatchReconstruct] P2 Reconstruct: 0.00766444206237793
2025-08-13 08:12:35,409 [INFO] [6] [layer 1] done: produced 100 outputs; next I size=200
2025-08-13 08:12:35,409 [INFO] [6] [layer 1] Time taken for layer layer_time: 0.04301857948303223 seconds
2025-08-13 08:12:35,410 [INFO] [6] [layer 2] Using 50 triples (a,b,c) for multiplication
2025-08-13 08:12:35,411 [INFO] [BatchReconstruct] P1 Send: 0.0002224445343017578
2025-08-13 08:12:35,439 [INFO] [BatchReconstruct] P1 Reconstruct: 0.028061628341674805
2025-08-13 08:12:35,439 [INFO] [BatchReconstruct] P2 Send: 4.506111145019531e-05
2025-08-13 08:12:35,446 [INFO] AVID retrieve called with sid: 12-0-B-AVSS, index: 6
2025-08-13 08:12:35,452 [INFO] [BatchReconstruct] P2 Reconstruct: 0.012853622436523438
2025-08-13 08:12:35,452 [INFO] [6] [layer 2] done: produced 100 outputs; next I size=200
2025-08-13 08:12:35,452 [INFO] [6] [layer 2] Time taken for layer layer_time: 0.04293084144592285 seconds
2025-08-13 08:12:35,452 [INFO] [6] [layer 3] Using 50 triples (a,b,c) for multiplication
2025-08-13 08:12:35,454 [INFO] [BatchReconstruct] P1 Send: 0.00022339820861816406
2025-08-13 08:12:35,478 [INFO] [BatchReconstruct] P1 Reconstruct: 0.024657487869262695
2025-08-13 08:12:35,478 [INFO] [BatchReconstruct] P2 Send: 4.57763671875e-05
2025-08-13 08:12:35,495 [INFO] [BatchReconstruct] P2 Reconstruct: 0.016275644302368164
2025-08-13 08:12:35,495 [INFO] [6] [layer 3] done: produced 100 outputs; next I size=200
2025-08-13 08:12:35,495 [INFO] [6] [layer 3] Time taken for layer layer_time: 0.04296541213989258 seconds
2025-08-13 08:12:35,495 [INFO] [6] [layer 4] Using 50 triples (a,b,c) for multiplication
2025-08-13 08:12:35,497 [INFO] [BatchReconstruct] P1 Send: 0.0002231597900390625
2025-08-13 08:12:35,517 [INFO] [BatchReconstruct] P1 Reconstruct: 0.02003169059753418
2025-08-13 08:12:35,517 [INFO] [BatchReconstruct] P2 Send: 4.482269287109375e-05
2025-08-13 08:12:35,535 [INFO] [BatchReconstruct] P2 Reconstruct: 0.018541812896728516
2025-08-13 08:12:35,536 [INFO] [6] [layer 4] done: produced 100 outputs; next I size=200
2025-08-13 08:12:35,536 [INFO] [6] [layer 4] Time taken for layer layer_time: 0.0409245491027832 seconds
2025-08-13 08:12:35,536 [INFO] [6] [layer 5] Using 50 triples (a,b,c) for multiplication
2025-08-13 08:12:35,538 [INFO] [BatchReconstruct] P1 Send: 0.00022292137145996094
2025-08-13 08:12:35,557 [INFO] [BatchReconstruct] P1 Reconstruct: 0.019023895263671875
2025-08-13 08:12:35,557 [INFO] [BatchReconstruct] P2 Send: 4.4345855712890625e-05
2025-08-13 08:12:35,575 [INFO] [BatchReconstruct] P2 Reconstruct: 0.01825737953186035
2025-08-13 08:12:35,576 [INFO] [6] [layer 5] done: produced 100 outputs; next I size=200
2025-08-13 08:12:35,576 [INFO] [6] [layer 5] Time taken for layer layer_time: 0.03931379318237305 seconds
2025-08-13 08:12:35,576 [INFO] [6] [layer 6] Using 50 triples (a,b,c) for multiplication
2025-08-13 08:12:35,577 [INFO] [BatchReconstruct] P1 Send: 0.00022101402282714844
2025-08-13 08:12:35,595 [INFO] [BatchReconstruct] P1 Reconstruct: 0.018214702606201172
2025-08-13 08:12:35,595 [INFO] [BatchReconstruct] P2 Send: 4.38690185546875e-05
2025-08-13 08:12:35,614 [INFO] [BatchReconstruct] P2 Reconstruct: 0.018407344818115234
2025-08-13 08:12:35,615 [INFO] [6] [layer 6] done: produced 100 outputs; next I size=200
2025-08-13 08:12:35,615 [INFO] [6] [layer 6] Time taken for layer layer_time: 0.03888988494873047 seconds
2025-08-13 08:12:35,615 [INFO] [6] [layer 7] Using 50 triples (a,b,c) for multiplication
2025-08-13 08:12:35,616 [INFO] [BatchReconstruct] P1 Send: 0.00022077560424804688
2025-08-13 08:12:35,635 [INFO] [BatchReconstruct] P1 Reconstruct: 0.018742799758911133
2025-08-13 08:12:35,635 [INFO] [BatchReconstruct] P2 Send: 4.506111145019531e-05
2025-08-13 08:12:35,653 [INFO] [BatchReconstruct] P2 Reconstruct: 0.018495559692382812
2025-08-13 08:12:35,654 [INFO] [6] [layer 7] done: produced 100 outputs; next I size=200
2025-08-13 08:12:35,654 [INFO] [6] [layer 7] Time taken for layer layer_time: 0.03939485549926758 seconds
2025-08-13 08:12:35,654 [INFO] [6] [layer 8] Using 50 triples (a,b,c) for multiplication
2025-08-13 08:12:35,655 [INFO] [BatchReconstruct] P1 Send: 0.00022125244140625
2025-08-13 08:12:35,673 [INFO] [BatchReconstruct] P1 Reconstruct: 0.017926454544067383
2025-08-13 08:12:35,673 [INFO] [BatchReconstruct] P2 Send: 4.410743713378906e-05
2025-08-13 08:12:35,692 [INFO] [BatchReconstruct] P2 Reconstruct: 0.018403291702270508
2025-08-13 08:12:35,693 [INFO] [6] [layer 8] done: produced 100 outputs; next I size=200
2025-08-13 08:12:35,693 [INFO] [6] [layer 8] Time taken for layer layer_time: 0.038522958755493164 seconds
2025-08-13 08:12:35,693 [INFO] [6] [layer 9] Using 50 triples (a,b,c) for multiplication
2025-08-13 08:12:35,694 [INFO] [BatchReconstruct] P1 Send: 0.00021719932556152344
2025-08-13 08:12:35,713 [INFO] [BatchReconstruct] P1 Reconstruct: 0.019124269485473633
2025-08-13 08:12:35,713 [INFO] [BatchReconstruct] P2 Send: 4.3392181396484375e-05
2025-08-13 08:12:35,732 [INFO] [BatchReconstruct] P2 Reconstruct: 0.018277645111083984
2025-08-13 08:12:35,732 [INFO] [6] [layer 9] done: produced 100 outputs; next I size=200
2025-08-13 08:12:35,732 [INFO] [6] [layer 9] Time taken for layer layer_time: 0.03968214988708496 seconds
2025-08-13 08:12:35,732 [INFO] [6] [final] opening 100 outputs
2025-08-13 08:12:35,733 [INFO] [BatchReconstruct] P1 Send: 0.00022339820861816406
2025-08-13 08:12:35,752 [INFO] [BatchReconstruct] P1 Reconstruct: 0.01820230484008789
2025-08-13 08:12:35,752 [INFO] [BatchReconstruct] P2 Send: 4.2438507080078125e-05
2025-08-13 08:12:35,770 [INFO] [BatchReconstruct] P2 Reconstruct: 0.018084049224853516
2025-08-13 08:12:35,770 [INFO] [6] [final] reconstructed 100 values
2025-08-13 08:12:35,770 [INFO] [6] [final] Time taken for reconstruction rec_time: 0.03781747817993164 seconds
2025-08-13 08:12:35,770 [INFO] [6] [beaver triples] Finished! Node 6, total number: 1500, time: 14.368706941604614 (seconds)
2025-08-13 08:12:35,770 [INFO] [6] Bytes Sent: R_A:23641042 which is 7.07%
2025-08-13 08:12:35,770 [INFO] [6] Bytes Sent: ACS:8328735 which is 2.491%
2025-08-13 08:12:35,770 [INFO] [6] Bytes Sent: B_A:302201850 which is 90.377%
2025-08-13 08:12:35,770 [INFO] [6] Bytes Sent: OPE:206825 which is 0.062%
2025-08-13 08:12:35,770 [INFO] [6] Total bytes sent out aa: 334378452
2025-08-13 08:12:36,114 [INFO] 11-0-B-AVSS 6 RETRIEVE called.
2025-08-13 08:12:36,130 [INFO] 8-0-B-AVSS 6 RETRIEVE called.
2025-08-13 08:12:36,147 [INFO] 12-0-B-AVSS 6 RETRIEVE called.
