Warning: Permanently added '111.229.49.33' (ECDSA) to the list of known hosts.
time="2026-03-25T14:11:10+08:00" level=warning msg="/root/Continuum/dumbo-mpc/docker-compose.yml: the attribute `version` is obsolete, it will be ignored, please remove it to avoid potential confusion"
 Container dumbo-mpc-dumbo-mpc-run-1aefeaf14ca9 Creating 
 Container dumbo-mpc-dumbo-mpc-run-1aefeaf14ca9 Created 
2026-03-25 06:11:12,394 INFO [root] Running ADMPC ...
2026-03-25 06:11:12,804 INFO [root] my_send_id: 15
2026-03-25 06:11:12,809 INFO [root] ADMPC start time: 1774419072.8092744
2026-03-25 06:11:12,810 INFO [root] [Layer 3] Reached run_admpc checkpoint
2026-03-25 06:11:12,811 INFO [beaver.transfer] [3] Starting DynamicTransfer_Foll
2026-03-25 06:11:12,811 INFO [beaver.transfer] [3] Starting ACSS to share 50 secrets
2026-03-25 06:11:12,811 INFO [root] [3] Starting Batch AVSS. Id: 0, Dealer Id: 0, Client Mode: False
2026-03-25 06:11:12,811 INFO [root] [3] AVSS tag: 0-0-3-B-AVSS
2026-03-25 06:11:12,812 INFO [root] [3] RBC tag: 0-0-3-B-RBC
2026-03-25 06:11:12,812 INFO [root] [3] Starting AVSS with shares_num: 50, dealer_id: 0, client_mode: False
2026-03-25 06:11:12,812 INFO [root] rbc_list: [8, 12, 13, 14, 15]
2026-03-25 06:11:12,812 INFO [root] committee_size: 4
2026-03-25 06:11:12,812 INFO [root] n: 5
2026-03-25 06:11:12,812 INFO [root] f: 1
2026-03-25 06:11:12,812 INFO [root] pid: 4
2026-03-25 06:11:12,813 INFO [root] leader: 0
2026-03-25 06:11:12,813 INFO [root] [3] Starting Batch AVSS. Id: 0, Dealer Id: 1, Client Mode: False
2026-03-25 06:11:12,813 INFO [root] [3] AVSS tag: 1-0-3-B-AVSS
2026-03-25 06:11:12,813 INFO [root] [3] RBC tag: 1-0-3-B-RBC
2026-03-25 06:11:12,814 INFO [root] [3] Starting AVSS with shares_num: 50, dealer_id: 1, client_mode: False
2026-03-25 06:11:12,814 INFO [root] rbc_list: [9, 12, 13, 14, 15]
2026-03-25 06:11:12,814 INFO [root] committee_size: 4
2026-03-25 06:11:12,814 INFO [root] n: 5
2026-03-25 06:11:12,814 INFO [root] f: 1
2026-03-25 06:11:12,814 INFO [root] pid: 4
2026-03-25 06:11:12,815 INFO [root] leader: 1
2026-03-25 06:11:12,815 INFO [root] [3] Starting Batch AVSS. Id: 0, Dealer Id: 2, Client Mode: False
2026-03-25 06:11:12,815 INFO [root] [3] AVSS tag: 2-0-3-B-AVSS
2026-03-25 06:11:12,815 INFO [root] [3] RBC tag: 2-0-3-B-RBC
2026-03-25 06:11:12,815 INFO [root] [3] Starting AVSS with shares_num: 50, dealer_id: 2, client_mode: False
2026-03-25 06:11:12,815 INFO [root] rbc_list: [10, 12, 13, 14, 15]
2026-03-25 06:11:12,815 INFO [root] committee_size: 4
2026-03-25 06:11:12,816 INFO [root] n: 5
2026-03-25 06:11:12,816 INFO [root] f: 1
2026-03-25 06:11:12,816 INFO [root] pid: 4
2026-03-25 06:11:12,816 INFO [root] leader: 2
2026-03-25 06:11:12,816 INFO [root] [3] Starting Batch AVSS. Id: 0, Dealer Id: 3, Client Mode: False
2026-03-25 06:11:12,816 INFO [root] [3] AVSS tag: 3-0-3-B-AVSS
2026-03-25 06:11:12,816 INFO [root] [3] RBC tag: 3-0-3-B-RBC
2026-03-25 06:11:12,816 INFO [root] [3] Starting AVSS with shares_num: 50, dealer_id: 3, client_mode: False
2026-03-25 06:11:12,817 INFO [root] rbc_list: [11, 12, 13, 14, 15]
2026-03-25 06:11:12,817 INFO [root] committee_size: 4
2026-03-25 06:11:12,817 INFO [root] n: 5
2026-03-25 06:11:12,817 INFO [root] f: 1
2026-03-25 06:11:12,817 INFO [root] pid: 4
2026-03-25 06:11:12,817 INFO [root] leader: 3
2026-03-25 06:11:13,978 INFO [root] [4] Received VAL message from 10
2026-03-25 06:11:13,978 INFO [root] entering n == commitee_size + 1
2026-03-25 06:11:13,978 INFO [root] [4] sender: 10, leader: 2
2026-03-25 06:11:13,978 INFO [root] [4] Successfully validated VAL message
2026-03-25 06:11:13,979 INFO [root] [4] Broadcasted ECHO message for roothash b"\x91>X\xab\xe9Uv&\xefe\x8e!J\x93\xec\xdblFy\x04j\xf9\x07'\x8e\xdc[\\\xa1\x85\xad4"
2026-03-25 06:11:13,979 INFO [root] broadcast Sending to 1: 12
2026-03-25 06:11:13,979 INFO [root] broadcast Sending to 2: 13
2026-03-25 06:11:13,979 INFO [root] broadcast Sending to 3: 14
2026-03-25 06:11:13,979 INFO [root] broadcast Sending to 4: 15
2026-03-25 06:11:13,980 INFO [root] [4] Received ECHO message from 15
2026-03-25 06:11:13,980 INFO [root] [4] Received VAL message from 11
2026-03-25 06:11:13,980 INFO [root] entering n == commitee_size + 1
2026-03-25 06:11:13,980 INFO [root] [4] sender: 11, leader: 3
2026-03-25 06:11:13,980 INFO [root] [4] Successfully validated VAL message
2026-03-25 06:11:13,980 INFO [root] [4] Broadcasted ECHO message for roothash b'W\xf0\x9fb\x85\xf3U)4\x7f\x91\x84\xe2z\x95\xd5\x90\xfef^\xf2V\xba\xc3Z\xce\xbc&\x93\x87\x06|'
2026-03-25 06:11:13,980 INFO [root] broadcast Sending to 1: 12
2026-03-25 06:11:13,980 INFO [root] broadcast Sending to 2: 13
2026-03-25 06:11:13,980 INFO [root] broadcast Sending to 3: 14
2026-03-25 06:11:13,980 INFO [root] broadcast Sending to 4: 15
2026-03-25 06:11:13,980 INFO [root] [4] Received ECHO message from 12
2026-03-25 06:11:13,981 INFO [root] [4] Received ECHO message from 14
2026-03-25 06:11:13,981 INFO [root] [4] Broadcasted READY message for roothash b"\x91>X\xab\xe9Uv&\xefe\x8e!J\x93\xec\xdblFy\x04j\xf9\x07'\x8e\xdc[\\\xa1\x85\xad4"
2026-03-25 06:11:13,981 INFO [root] broadcast Sending to 1: 12
2026-03-25 06:11:13,981 INFO [root] broadcast Sending to 2: 13
2026-03-25 06:11:13,981 INFO [root] broadcast Sending to 3: 14
2026-03-25 06:11:13,981 INFO [root] broadcast Sending to 4: 15
2026-03-25 06:11:13,981 INFO [root] [4] Received ECHO message from 15
2026-03-25 06:11:13,982 INFO [root] [4] Received ECHO message from 13
2026-03-25 06:11:13,982 INFO [root] [4] Received ECHO message from 12
2026-03-25 06:11:13,982 INFO [root] [4] Received READY message from 15
2026-03-25 06:11:13,982 INFO [root] [4] Received ECHO message from 14
2026-03-25 06:11:13,982 INFO [root] [4] Broadcasted READY message for roothash b'W\xf0\x9fb\x85\xf3U)4\x7f\x91\x84\xe2z\x95\xd5\x90\xfef^\xf2V\xba\xc3Z\xce\xbc&\x93\x87\x06|'
2026-03-25 06:11:13,982 INFO [root] broadcast Sending to 1: 12
2026-03-25 06:11:13,983 INFO [root] broadcast Sending to 2: 13
2026-03-25 06:11:13,983 INFO [root] broadcast Sending to 3: 14
2026-03-25 06:11:13,983 INFO [root] broadcast Sending to 4: 15
2026-03-25 06:11:13,983 INFO [root] [4] Received VAL message from 9
2026-03-25 06:11:13,983 INFO [root] entering n == commitee_size + 1
2026-03-25 06:11:13,983 INFO [root] [4] sender: 9, leader: 1
2026-03-25 06:11:13,983 INFO [root] [4] Successfully validated VAL message
2026-03-25 06:11:13,983 INFO [root] [4] Broadcasted ECHO message for roothash b';\xd9\xa3\xfe}\xa9E{x\x07\xfb\xaf\x9f\x18\xc6\xf3\x7f\xa7)\x99D\xf1\xb6\t$\xdfi\xd6w>q\x05'
2026-03-25 06:11:13,983 INFO [root] broadcast Sending to 1: 12
2026-03-25 06:11:13,983 INFO [root] broadcast Sending to 2: 13
2026-03-25 06:11:13,983 INFO [root] broadcast Sending to 3: 14
2026-03-25 06:11:13,983 INFO [root] broadcast Sending to 4: 15
2026-03-25 06:11:13,983 INFO [root] [4] Received READY message from 12
2026-03-25 06:11:13,984 INFO [root] [4] Received ECHO message from 13
2026-03-25 06:11:13,984 INFO [root] [4] Received READY message from 13
2026-03-25 06:11:13,984 INFO [root] Decoding output for roothash: b"\x91>X\xab\xe9Uv&\xefe\x8e!J\x93\xec\xdblFy\x04j\xf9\x07'\x8e\xdc[\\\xa1\x85\xad4"
2026-03-25 06:11:13,984 INFO [root] [3] Received RBC message
2026-03-25 06:11:13,984 INFO [root] multicast list: [12, 13, 14, 15]
2026-03-25 06:11:13,984 INFO [root] before avid.retrieve
2026-03-25 06:11:13,985 INFO [root] AVID broadcast to 1: 12
2026-03-25 06:11:13,985 INFO [root] AVID broadcast to 2: 13
2026-03-25 06:11:13,985 INFO [root] AVID broadcast to 3: 14
2026-03-25 06:11:13,985 INFO [root] AVID broadcast to 4: 15
2026-03-25 06:11:13,985 INFO [root] [4] Received READY message from 15
2026-03-25 06:11:13,985 INFO [root] [4] Received ECHO message from 15
2026-03-25 06:11:13,985 INFO [root] [4] Received ECHO message from 12
2026-03-25 06:11:13,985 INFO [root] [4] Received ECHO message from 13
2026-03-25 06:11:13,985 INFO [root] [4] Broadcasted READY message for roothash b';\xd9\xa3\xfe}\xa9E{x\x07\xfb\xaf\x9f\x18\xc6\xf3\x7f\xa7)\x99D\xf1\xb6\t$\xdfi\xd6w>q\x05'
2026-03-25 06:11:13,985 INFO [root] broadcast Sending to 1: 12
2026-03-25 06:11:13,985 INFO [root] broadcast Sending to 2: 13
2026-03-25 06:11:13,985 INFO [root] broadcast Sending to 3: 14
2026-03-25 06:11:13,985 INFO [root] broadcast Sending to 4: 15
2026-03-25 06:11:13,985 INFO [root] [4] Received ECHO message from 14
2026-03-25 06:11:13,986 INFO [root] [4] Received READY message from 14
2026-03-25 06:11:13,986 INFO [root] [4] Received READY message from 13
2026-03-25 06:11:13,986 INFO [root] Decoding output for roothash: b'W\xf0\x9fb\x85\xf3U)4\x7f\x91\x84\xe2z\x95\xd5\x90\xfef^\xf2V\xba\xc3Z\xce\xbc&\x93\x87\x06|'
2026-03-25 06:11:13,986 INFO [root] [3] Received RBC message
2026-03-25 06:11:13,986 INFO [root] multicast list: [12, 13, 14, 15]
2026-03-25 06:11:13,986 INFO [root] before avid.retrieve
2026-03-25 06:11:13,986 INFO [root] AVID broadcast to 1: 12
2026-03-25 06:11:13,986 INFO [root] AVID broadcast to 2: 13
2026-03-25 06:11:13,987 INFO [root] AVID broadcast to 3: 14
2026-03-25 06:11:13,987 INFO [root] AVID broadcast to 4: 15
2026-03-25 06:11:13,987 INFO [root] [4] Received READY message from 15
2026-03-25 06:11:13,987 INFO [root] AVID broadcast to 1: 12
2026-03-25 06:11:13,987 INFO [root] AVID broadcast to 2: 13
2026-03-25 06:11:13,987 INFO [root] AVID broadcast to 3: 14
2026-03-25 06:11:13,987 INFO [root] AVID broadcast to 4: 15
2026-03-25 06:11:13,987 INFO [root] [4] Received READY message from 13
2026-03-25 06:11:13,987 INFO [root] [4] Received READY message from 14
2026-03-25 06:11:13,987 INFO [root] Decoding output for roothash: b';\xd9\xa3\xfe}\xa9E{x\x07\xfb\xaf\x9f\x18\xc6\xf3\x7f\xa7)\x99D\xf1\xb6\t$\xdfi\xd6w>q\x05'
2026-03-25 06:11:13,987 INFO [root] [3] Received RBC message
2026-03-25 06:11:13,988 INFO [root] multicast list: [12, 13, 14, 15]
2026-03-25 06:11:13,988 INFO [root] before avid.retrieve
2026-03-25 06:11:13,988 INFO [root] AVID broadcast to 1: 12
2026-03-25 06:11:13,988 INFO [root] AVID broadcast to 2: 13
2026-03-25 06:11:13,988 INFO [root] AVID broadcast to 3: 14
2026-03-25 06:11:13,988 INFO [root] AVID broadcast to 4: 15
2026-03-25 06:11:13,989 INFO [root] 2-0-3-B-AVSS 3 RETRIEVE called.
2026-03-25 06:11:13,989 INFO [root] AVID broadcast to 1: 12
2026-03-25 06:11:13,989 INFO [root] AVID broadcast to 2: 13
2026-03-25 06:11:13,989 INFO [root] AVID broadcast to 3: 14
2026-03-25 06:11:13,989 INFO [root] AVID broadcast to 4: 15
2026-03-25 06:11:13,989 INFO [root] 2-0-3-B-AVSS 3 RETRIEVE broadcasted.
2026-03-25 06:11:13,989 INFO [root] disperse msid: 2-0-3-B-AVSS, index: 3
2026-03-25 06:11:13,989 INFO [root] AVID retrieve called with sid: 2-0-3-B-AVID, index: 3
2026-03-25 06:11:13,989 INFO [root] 2-0-3-B-AVSS 3 AVID retrieve msg from 15
2026-03-25 06:11:13,989 INFO [root] AVID retrieve response received
2026-03-25 06:11:13,989 INFO [root] retrieve msid: 2-0-3-B-AVID, response_index: 3
2026-03-25 06:11:13,989 INFO [root] RESPONSE from 15
2026-03-25 06:11:13,989 INFO [root] sender self.committee_size: 3
2026-03-25 06:11:13,990 INFO [root] [4] Received VAL message from 8
2026-03-25 06:11:13,990 INFO [root] entering n == commitee_size + 1
2026-03-25 06:11:13,990 INFO [root] [4] sender: 8, leader: 0
2026-03-25 06:11:13,990 INFO [root] [4] Successfully validated VAL message
2026-03-25 06:11:13,990 INFO [root] [4] Broadcasted ECHO message for roothash b'\xf1=\x1c\xe2\xa7\xa4\xaa?\xedrn\x0c\x9f\xf6E\xa5a\xd9)SgZ\xa6ud\x1a\x7ff!\x949E'
2026-03-25 06:11:13,990 INFO [root] broadcast Sending to 1: 12
2026-03-25 06:11:13,990 INFO [root] broadcast Sending to 2: 13
2026-03-25 06:11:13,990 INFO [root] broadcast Sending to 3: 14
2026-03-25 06:11:13,990 INFO [root] broadcast Sending to 4: 15
2026-03-25 06:11:13,990 INFO [root] [4] Received ECHO message from 15
2026-03-25 06:11:13,990 INFO [root] AVID broadcast to 1: 12
2026-03-25 06:11:13,990 INFO [root] AVID broadcast to 2: 13
2026-03-25 06:11:13,990 INFO [root] AVID broadcast to 3: 14
2026-03-25 06:11:13,990 INFO [root] AVID broadcast to 4: 15
2026-03-25 06:11:13,991 INFO [root] disperse msid: 2-0-3-B-AVSS, index: 2
2026-03-25 06:11:13,991 INFO [root] AVID retrieve called with sid: 2-0-3-B-AVID, index: 2
2026-03-25 06:11:13,991 INFO [root] AVID broadcast to 1: 12
2026-03-25 06:11:13,991 INFO [root] AVID broadcast to 2: 13
2026-03-25 06:11:13,991 INFO [root] AVID broadcast to 3: 14
2026-03-25 06:11:13,991 INFO [root] AVID broadcast to 4: 15
2026-03-25 06:11:13,991 INFO [root] [4] Received ECHO message from 14
2026-03-25 06:11:13,992 INFO [root] disperse msid: 2-0-3-B-AVSS, index: 1
2026-03-25 06:11:13,992 INFO [root] AVID retrieve called with sid: 2-0-3-B-AVID, index: 1
2026-03-25 06:11:13,993 INFO [root] disperse msid: 3-0-3-B-AVSS, index: 2
2026-03-25 06:11:13,993 INFO [root] AVID retrieve called with sid: 3-0-3-B-AVID, index: 2
2026-03-25 06:11:13,993 INFO [root] 2-0-3-B-AVSS 3 AVID retrieve msg from 14
2026-03-25 06:11:13,993 INFO [root] AVID retrieve response received
2026-03-25 06:11:13,993 INFO [root] retrieve msid: 2-0-3-B-AVID, response_index: 3
2026-03-25 06:11:13,993 INFO [root] RESPONSE from 14
2026-03-25 06:11:13,993 INFO [root] sender self.committee_size: 2
2026-03-25 06:11:13,993 INFO [root] 2-0-3-B-AVSS 3 RETRIEVE complete.
2026-03-25 06:11:13,993 INFO [root] after avid.retrieve dispersal_msg
2026-03-25 06:11:13,993 INFO [root] Handling dealer messages for dealer_id: 2, tag: 2-0-3-B-AVSS
2026-03-25 06:11:14,018 INFO [root] shares verified successfully
2026-03-25 06:11:14,018 INFO [root] all_shares_valid: True
2026-03-25 06:11:14,018 INFO [root] after _handle_dealer_msgs, all_shares_valid
2026-03-25 06:11:14,018 INFO [root] self.tagvars[tag]['all_shares_valid']: True
2026-03-25 06:11:14,018 INFO [root] multicast to 12
2026-03-25 06:11:14,018 INFO [root] multicast to 13
2026-03-25 06:11:14,018 INFO [root] multicast to 14
2026-03-25 06:11:14,018 INFO [root] multicast to 15
2026-03-25 06:11:14,019 INFO [root] 3-0-3-B-AVSS 3 RETRIEVE called.
2026-03-25 06:11:14,019 INFO [root] AVID broadcast to 1: 12
2026-03-25 06:11:14,019 INFO [root] AVID broadcast to 2: 13
2026-03-25 06:11:14,019 INFO [root] AVID broadcast to 3: 14
2026-03-25 06:11:14,019 INFO [root] AVID broadcast to 4: 15
2026-03-25 06:11:14,019 INFO [root] 3-0-3-B-AVSS 3 RETRIEVE broadcasted.
2026-03-25 06:11:14,020 INFO [root] [3] Received OK from [15]
2026-03-25 06:11:14,020 INFO [root] [3] OK set: {15}
2026-03-25 06:11:14,020 INFO [root] output: True
2026-03-25 06:11:14,020 INFO [root] disperse msid: 3-0-3-B-AVSS, index: 3
2026-03-25 06:11:14,020 INFO [root] AVID retrieve called with sid: 3-0-3-B-AVID, index: 3
2026-03-25 06:11:14,020 INFO [root] disperse msid: 2-0-3-B-AVSS, index: 0
2026-03-25 06:11:14,020 INFO [root] AVID retrieve called with sid: 2-0-3-B-AVID, index: 0
2026-03-25 06:11:14,020 INFO [root] disperse msid: 1-0-3-B-AVSS, index: 1
2026-03-25 06:11:14,020 INFO [root] AVID retrieve called with sid: 1-0-3-B-AVID, index: 1
2026-03-25 06:11:14,020 INFO [root] disperse msid: 1-0-3-B-AVSS, index: 0
2026-03-25 06:11:14,020 INFO [root] AVID retrieve called with sid: 1-0-3-B-AVID, index: 0
2026-03-25 06:11:14,020 INFO [root] disperse msid: 3-0-3-B-AVSS, index: 1
2026-03-25 06:11:14,020 INFO [root] AVID retrieve called with sid: 3-0-3-B-AVID, index: 1
2026-03-25 06:11:14,020 INFO [root] disperse msid: 3-0-3-B-AVSS, index: 0
2026-03-25 06:11:14,020 INFO [root] AVID retrieve called with sid: 3-0-3-B-AVID, index: 0
2026-03-25 06:11:14,020 INFO [root] [4] Received ECHO message from 13
2026-03-25 06:11:14,020 INFO [root] [4] Broadcasted READY message for roothash b'\xf1=\x1c\xe2\xa7\xa4\xaa?\xedrn\x0c\x9f\xf6E\xa5a\xd9)SgZ\xa6ud\x1a\x7ff!\x949E'
2026-03-25 06:11:14,020 INFO [root] broadcast Sending to 1: 12
2026-03-25 06:11:14,020 INFO [root] broadcast Sending to 2: 13
2026-03-25 06:11:14,020 INFO [root] broadcast Sending to 3: 14
2026-03-25 06:11:14,020 INFO [root] broadcast Sending to 4: 15
2026-03-25 06:11:14,020 INFO [root] [4] Received ECHO message from 12
2026-03-25 06:11:14,020 INFO [root] [4] Received READY message from 13
2026-03-25 06:11:14,021 INFO [root] [4] Received READY message from 12
2026-03-25 06:11:14,021 INFO [root] 1-0-3-B-AVSS 3 RETRIEVE called.
2026-03-25 06:11:14,021 INFO [root] AVID broadcast to 1: 12
2026-03-25 06:11:14,021 INFO [root] AVID broadcast to 2: 13
2026-03-25 06:11:14,021 INFO [root] AVID broadcast to 3: 14
2026-03-25 06:11:14,021 INFO [root] AVID broadcast to 4: 15
2026-03-25 06:11:14,021 INFO [root] 1-0-3-B-AVSS 3 RETRIEVE broadcasted.
2026-03-25 06:11:14,021 INFO [root] 3-0-3-B-AVSS 3 AVID retrieve msg from 15
2026-03-25 06:11:14,021 INFO [root] AVID retrieve response received
2026-03-25 06:11:14,021 INFO [root] retrieve msid: 3-0-3-B-AVID, response_index: 3
2026-03-25 06:11:14,021 INFO [root] RESPONSE from 15
2026-03-25 06:11:14,021 INFO [root] sender self.committee_size: 3
2026-03-25 06:11:14,021 INFO [root] [4] Received READY message from 15
2026-03-25 06:11:14,022 INFO [root] Decoding output for roothash: b'\xf1=\x1c\xe2\xa7\xa4\xaa?\xedrn\x0c\x9f\xf6E\xa5a\xd9)SgZ\xa6ud\x1a\x7ff!\x949E'
2026-03-25 06:11:14,022 INFO [root] [3] Received RBC message
2026-03-25 06:11:14,022 INFO [root] multicast list: [12, 13, 14, 15]
2026-03-25 06:11:14,022 INFO [root] before avid.retrieve
2026-03-25 06:11:14,022 INFO [root] disperse msid: 1-0-3-B-AVSS, index: 3
2026-03-25 06:11:14,022 INFO [root] AVID retrieve called with sid: 1-0-3-B-AVID, index: 3
2026-03-25 06:11:14,022 INFO [root] AVID broadcast to 1: 12
2026-03-25 06:11:14,022 INFO [root] AVID broadcast to 2: 13
2026-03-25 06:11:14,022 INFO [root] AVID broadcast to 3: 14
2026-03-25 06:11:14,022 INFO [root] AVID broadcast to 4: 15
2026-03-25 06:11:14,022 INFO [root] [3] Received OK from [14]
2026-03-25 06:11:14,022 INFO [root] [3] OK set: {14, 15}
2026-03-25 06:11:14,022 INFO [root] output: True
2026-03-25 06:11:14,023 INFO [root] 1-0-3-B-AVSS 3 AVID retrieve msg from 15
2026-03-25 06:11:14,023 INFO [root] AVID retrieve response received
2026-03-25 06:11:14,023 INFO [root] retrieve msid: 1-0-3-B-AVID, response_index: 3
2026-03-25 06:11:14,023 INFO [root] RESPONSE from 15
2026-03-25 06:11:14,023 INFO [root] sender self.committee_size: 3
2026-03-25 06:11:14,023 INFO [root] [3] Received OK from [13]
2026-03-25 06:11:14,023 INFO [root] [3] OK set: {13, 14, 15}
2026-03-25 06:11:14,023 INFO [root] output: True
2026-03-25 06:11:14,026 INFO [root] [3] Received OK from [12]
2026-03-25 06:11:14,026 INFO [root] [3] OK set: {12, 13, 14, 15}
2026-03-25 06:11:14,026 INFO [root] output: True
2026-03-25 06:11:14,026 INFO [root] [3] exit
2026-03-25 06:11:14,029 INFO [root] 3-0-3-B-AVSS 3 AVID retrieve msg from 12
2026-03-25 06:11:14,029 INFO [root] AVID retrieve response received
2026-03-25 06:11:14,029 INFO [root] retrieve msid: 3-0-3-B-AVID, response_index: 3
2026-03-25 06:11:14,029 INFO [root] RESPONSE from 12
2026-03-25 06:11:14,029 INFO [root] sender self.committee_size: 0
2026-03-25 06:11:14,030 INFO [root] 3-0-3-B-AVSS 3 RETRIEVE complete.
2026-03-25 06:11:14,030 INFO [root] after avid.retrieve dispersal_msg
2026-03-25 06:11:14,030 INFO [root] Handling dealer messages for dealer_id: 3, tag: 3-0-3-B-AVSS
2026-03-25 06:11:14,041 INFO [root] shares verified successfully
2026-03-25 06:11:14,041 INFO [root] all_shares_valid: True
2026-03-25 06:11:14,041 INFO [root] after _handle_dealer_msgs, all_shares_valid
2026-03-25 06:11:14,041 INFO [root] self.tagvars[tag]['all_shares_valid']: True
2026-03-25 06:11:14,041 INFO [root] multicast to 12
2026-03-25 06:11:14,041 INFO [root] multicast to 13
2026-03-25 06:11:14,041 INFO [root] multicast to 14
2026-03-25 06:11:14,041 INFO [root] multicast to 15
2026-03-25 06:11:14,042 INFO [root] [3] Received OK from [15]
2026-03-25 06:11:14,042 INFO [root] [3] OK set: {15}
2026-03-25 06:11:14,042 INFO [root] output: True
2026-03-25 06:11:14,042 INFO [root] disperse msid: 1-0-3-B-AVSS, index: 2
2026-03-25 06:11:14,042 INFO [root] AVID retrieve called with sid: 1-0-3-B-AVID, index: 2
2026-03-25 06:11:14,042 INFO [root] [3] Received OK from [14]
2026-03-25 06:11:14,042 INFO [root] [3] OK set: {14, 15}
2026-03-25 06:11:14,042 INFO [root] output: True
2026-03-25 06:11:14,042 INFO [root] 1-0-3-B-AVSS 3 AVID retrieve msg from 12
2026-03-25 06:11:14,042 INFO [root] AVID retrieve response received
2026-03-25 06:11:14,042 INFO [root] retrieve msid: 1-0-3-B-AVID, response_index: 3
2026-03-25 06:11:14,042 INFO [root] RESPONSE from 12
2026-03-25 06:11:14,043 INFO [root] sender self.committee_size: 0
2026-03-25 06:11:14,043 INFO [root] 1-0-3-B-AVSS 3 RETRIEVE complete.
2026-03-25 06:11:14,043 INFO [root] after avid.retrieve dispersal_msg
2026-03-25 06:11:14,043 INFO [root] Handling dealer messages for dealer_id: 1, tag: 1-0-3-B-AVSS
2026-03-25 06:11:14,055 INFO [root] shares verified successfully
2026-03-25 06:11:14,055 INFO [root] all_shares_valid: True
2026-03-25 06:11:14,055 INFO [root] after _handle_dealer_msgs, all_shares_valid
2026-03-25 06:11:14,055 INFO [root] self.tagvars[tag]['all_shares_valid']: True
2026-03-25 06:11:14,055 INFO [root] multicast to 12
2026-03-25 06:11:14,055 INFO [root] multicast to 13
2026-03-25 06:11:14,055 INFO [root] multicast to 14
2026-03-25 06:11:14,055 INFO [root] multicast to 15
2026-03-25 06:11:14,055 INFO [root] [3] Received OK from [13]
2026-03-25 06:11:14,055 INFO [root] [3] OK set: {13}
2026-03-25 06:11:14,055 INFO [root] output: True
2026-03-25 06:11:14,056 INFO [root] key_proposal: [2, 3, 1]
2026-03-25 06:11:14,056 INFO [beaver.transfer] [3] [random shares] Starting ACS where node 1 is set as leader 
2026-03-25 06:11:14,056 INFO [beaver.transfer] [3] [random shares] The proposal of node 3 is [2, 3, 1]
2026-03-25 06:11:14,056 INFO [root] enter handle_message
2026-03-25 06:11:14,056 INFO [root] [3] Received OK from [15]
2026-03-25 06:11:14,056 INFO [root] [3] OK set: {13, 15}
2026-03-25 06:11:14,056 INFO [root] output: True
2026-03-25 06:11:14,056 INFO [root] [3] Received OK from [13]
2026-03-25 06:11:14,056 INFO [root] [3] OK set: {13, 14, 15}
2026-03-25 06:11:14,057 INFO [root] output: True
2026-03-25 06:11:14,057 INFO [root] [3] Received OK from [12]
2026-03-25 06:11:14,057 INFO [root] [3] OK set: {12, 13, 14, 15}
2026-03-25 06:11:14,057 INFO [root] output: True
2026-03-25 06:11:14,057 INFO [root] [3] exit
2026-03-25 06:11:14,057 INFO [root] [3] Received OK from [12]
2026-03-25 06:11:14,057 INFO [root] [3] OK set: {12, 13, 15}
2026-03-25 06:11:14,057 INFO [root] output: True
2026-03-25 06:11:14,057 INFO [root] AVID broadcast to 1: 12
2026-03-25 06:11:14,057 INFO [root] AVID broadcast to 2: 13
2026-03-25 06:11:14,057 INFO [root] AVID broadcast to 3: 14
2026-03-25 06:11:14,057 INFO [root] AVID broadcast to 4: 15
2026-03-25 06:11:14,057 INFO [root] [3] otmvba msg value
2026-03-25 06:11:14,057 INFO [root] [3] otmvba handle value message
2026-03-25 06:11:14,057 INFO [root] [3] value-self.acss_outputs.keys():dict_keys([2, 3, 1])
2026-03-25 06:11:14,058 INFO [root] [3] --Directly send the proposal!--
2026-03-25 06:11:14,061 INFO [root] 0-0-3-B-AVSS 3 RETRIEVE called.
2026-03-25 06:11:14,061 INFO [root] AVID broadcast to 1: 12
2026-03-25 06:11:14,061 INFO [root] AVID broadcast to 2: 13
2026-03-25 06:11:14,061 INFO [root] AVID broadcast to 3: 14
2026-03-25 06:11:14,061 INFO [root] AVID broadcast to 4: 15
2026-03-25 06:11:14,061 INFO [root] 0-0-3-B-AVSS 3 RETRIEVE broadcasted.
2026-03-25 06:11:14,061 INFO [root] disperse msid: 0-0-3-B-AVSS, index: 3
2026-03-25 06:11:14,061 INFO [root] AVID retrieve called with sid: 0-0-3-B-AVID, index: 3
2026-03-25 06:11:14,062 INFO [root] 0-0-3-B-AVSS 3 AVID retrieve msg from 15
2026-03-25 06:11:14,062 INFO [root] AVID retrieve response received
2026-03-25 06:11:14,062 INFO [root] retrieve msid: 0-0-3-B-AVID, response_index: 3
2026-03-25 06:11:14,062 INFO [root] RESPONSE from 15
2026-03-25 06:11:14,062 INFO [root] sender self.committee_size: 3
2026-03-25 06:11:14,062 INFO [root] disperse msid: 0-0-3-B-AVSS, index: 0
2026-03-25 06:11:14,062 INFO [root] AVID retrieve called with sid: 0-0-3-B-AVID, index: 0
2026-03-25 06:11:14,064 INFO [root] 0-0-3-B-AVSS 3 AVID retrieve msg from 12
2026-03-25 06:11:14,064 INFO [root] AVID retrieve response received
2026-03-25 06:11:14,064 INFO [root] retrieve msid: 0-0-3-B-AVID, response_index: 3
2026-03-25 06:11:14,064 INFO [root] RESPONSE from 12
2026-03-25 06:11:14,064 INFO [root] sender self.committee_size: 0
2026-03-25 06:11:14,065 INFO [root] 0-0-3-B-AVSS 3 RETRIEVE complete.
2026-03-25 06:11:14,065 INFO [root] after avid.retrieve dispersal_msg
2026-03-25 06:11:14,065 INFO [root] Handling dealer messages for dealer_id: 0, tag: 0-0-3-B-AVSS
2026-03-25 06:11:14,076 INFO [root] shares verified successfully
2026-03-25 06:11:14,076 INFO [root] all_shares_valid: True
2026-03-25 06:11:14,076 INFO [root] after _handle_dealer_msgs, all_shares_valid
2026-03-25 06:11:14,076 INFO [root] self.tagvars[tag]['all_shares_valid']: True
2026-03-25 06:11:14,076 INFO [root] multicast to 12
2026-03-25 06:11:14,076 INFO [root] multicast to 13
2026-03-25 06:11:14,076 INFO [root] multicast to 14
2026-03-25 06:11:14,076 INFO [root] multicast to 15
2026-03-25 06:11:14,077 INFO [root] [3] Received OK from [15]
2026-03-25 06:11:14,077 INFO [root] [3] OK set: {15}
2026-03-25 06:11:14,077 INFO [root] output: True
2026-03-25 06:11:14,077 INFO [root] [3] Received OK from [14]
2026-03-25 06:11:14,077 INFO [root] [3] OK set: {12, 13, 14, 15}
2026-03-25 06:11:14,077 INFO [root] output: True
2026-03-25 06:11:14,077 INFO [root] [3] exit
2026-03-25 06:11:14,077 INFO [root] disperse msid: 0-0-3-B-AVSS, index: 2
2026-03-25 06:11:14,077 INFO [root] AVID retrieve called with sid: 0-0-3-B-AVID, index: 2
2026-03-25 06:11:14,077 INFO [root] [3] Received OK from [12]
2026-03-25 06:11:14,077 INFO [root] [3] OK set: {12, 15}
2026-03-25 06:11:14,077 INFO [root] output: True
2026-03-25 06:11:14,085 INFO [root] [3] otmvba msg PrevoteQC
2026-03-25 06:11:14,086 INFO [root] [3] otmvba handle prevote qc message
2026-03-25 06:11:14,094 INFO [root] disperse msid: 0-0-3-B-AVSS, index: 1
2026-03-25 06:11:14,094 INFO [root] AVID retrieve called with sid: 0-0-3-B-AVID, index: 1
2026-03-25 06:11:14,094 INFO [root] [3] Received OK from [14]
2026-03-25 06:11:14,094 INFO [root] [3] OK set: {12, 14, 15}
2026-03-25 06:11:14,094 INFO [root] output: True
2026-03-25 06:11:14,154 INFO [root] [3] otmvba msg VoteQC
2026-03-25 06:11:14,154 INFO [root] [3] otmvba handle vote qc message
2026-03-25 06:11:14,162 INFO [root] [3] otmvba Broadcasting to 12
2026-03-25 06:11:14,162 INFO [root] [3] otmvba Broadcasting to 13
2026-03-25 06:11:14,162 INFO [root] [3] otmvba Broadcasting to 14
2026-03-25 06:11:14,162 INFO [root] [3] otmvba Broadcasting to 15
2026-03-25 06:11:14,162 INFO [root] [3] Received OK from [13]
2026-03-25 06:11:14,162 INFO [root] [3] OK set: {12, 13, 14, 15}
2026-03-25 06:11:14,162 INFO [root] output: True
2026-03-25 06:11:14,162 INFO [root] [3] exit
2026-03-25 06:11:14,162 INFO [root] [3] otmvba msg Terminate
2026-03-25 06:11:14,162 INFO [root] [3] otmvba handle terminate message
2026-03-25 06:11:14,170 INFO [root] [3] otmvba Broadcasting to 12
2026-03-25 06:11:14,170 INFO [root] [3] otmvba Broadcasting to 13
2026-03-25 06:11:14,170 INFO [root] [3] otmvba Broadcasting to 14
2026-03-25 06:11:14,170 INFO [root] [3] otmvba Broadcasting to 15
2026-03-25 06:11:14,170 INFO [beaver.transfer] [3] [random shares] The ACS set is [1, 2, 3]
2026-03-25 06:11:14,170 INFO [root] common: [1, 2, 3]
2026-03-25 06:11:14,213 INFO [beaver.transfer] [3] [asynchronous dynamic transfer] Finished! Node 3, total number: 50, time: 1.4015748500823975 (seconds)
2026-03-25 06:11:14,213 INFO [root] layer ID: 3 trans_foll_time: 1.4025673866271973
2026-03-25 06:11:14,218 INFO [root] layer ID: 3 add_outputs length: 100
2026-03-25 06:11:14,218 INFO [root] layer ID: 3 exec_time: 0.004538059234619141
2026-03-25 06:11:14,218 INFO [beaver.transfer] [3] Starting DynamicTransfer
2026-03-25 06:11:14,218 INFO [beaver.transfer] [3] Starting ACSS to share 50 secrets
2026-03-25 06:11:14,219 INFO [root] [3] [asynchronous dynamic transfer] Layer ID: 3
2026-03-25 06:11:14,219 INFO [root] public_keys: [{'X': '1186427807115347120826487601222489494250650929255081646062088874850279661101542362558742813210447533733797228423538', 'Y': '3490734956126657829568332609193970046658917100159419732004121206291454482423423874653401568099388129567726691513406'}, {'X': '2030573456054107034084101622690177857222936830626343244957115022068904321896039267888244263264945074273365971322744', 'Y': '3093340209753251365576815555489443587254439495427832855089296388345111803754124360010098578853309037822112564847588'}, {'X': '3665538975846807937952402433362034511842430936243765589640913873808784607979724785213233501898399424534625320007618', 'Y': '440517492649364694535858528902444162515556393290399705248322065781874668147769979747191480996850463256141726229509'}, {'X': '1897776005172006075954764872792948557307959078285508186150937688506619615028694260489711928208169506433478052419086', 'Y': '1652697277447329008309903643768618538424692291440007389704558791883302718275366663417241343663922467288220338200086'}]
2026-03-25 06:11:14,219 INFO [root] layer ID: 3 trans_pre_time: 0.0013265609741210938
2026-03-25 06:11:14,219 INFO [root] layer ID: 3 layer_time: 1.4085631370544434
2026-03-25 06:11:14,219 INFO [root] [3] AVSS tag: 3-0-4-B-AVSS
2026-03-25 06:11:14,219 INFO [root] [3] RBC tag: 3-0-4-B-RBC
2026-03-25 06:11:14,219 INFO [root] enter avss_with_aggtransfer
g = {[6679831729115696150 8653662730902241269 1535610680227111361 17342916647841752903 17135755455211762752 1297449291367578485] [13451288730302620273 10097742279870053774 15949884091978425806 5885175747529691540 1016841820992199104 845620083434234474]}
h = {[13794385998538644597 108816626937764141 12130603454454490125 6127379912259600201 17481961476035825978 950355161936836191] [10722765800778186391 17107915684035394744 11626309118465119103 5217919199071354366 6102759180633827794 660535627654889709]}
Equal? false
2026-03-25 06:11:14,510 INFO [root] [3] Starting reliable broadcast
2026-03-25 06:11:14,511 INFO [root] self.msgmode: avss_with_aggtransfer
2026-03-25 06:11:14,511 INFO [root] rbc_list: [15, 16, 17, 18, 19]
2026-03-25 06:11:14,511 INFO [root] committee_size: 4
2026-03-25 06:11:14,511 INFO [root] n: 5
2026-03-25 06:11:14,511 INFO [root] f: 1
2026-03-25 06:11:14,511 INFO [root] pid: 3
2026-03-25 06:11:14,511 INFO [root] leader: 3
2026-03-25 06:11:14,511 INFO [root] [3] Sending to 0: 16
2026-03-25 06:11:14,511 INFO [root] [3] Sending to 1: 17
2026-03-25 06:11:14,511 INFO [root] [3] Sending to 2: 18
2026-03-25 06:11:14,511 INFO [root] [3] Sending to 3: 19
2026-03-25 06:11:14,511 INFO [root] [3] Starting AVID disperse
2026-03-25 06:11:14,512 INFO [root] [3] Dispersed VAL message to committee
my_send_id: 15 exec_time: 6.414454460144043
2026-03-25 06:11:24,223 INFO [root] [3] Bytes Sent: TR3:588550 which is 48.522%
2026-03-25 06:11:24,223 INFO [root] [3] Bytes Sent: TR4:624416 which is 51.478%
2026-03-25 06:11:24,223 INFO [root] [3] Total bytes sent out aa: 1212966
2026-03-25 06:11:24,225 INFO [benchmark_logger] Total bytes sent out: 1212966
2026-03-25 06:11:24,233 ERROR [asyncio] Task was destroyed but it is pending!
task: <Task pending name='Task-35' coro=<subscribe_recv.<locals>._recv_loop() running at /opt/dumbo-mpc/dumbo-mpc/AsyRanTriGen/beaver/utils/misc.py:89> wait_for=<Future pending cb=[<TaskWakeupMethWrapper object at 0x7f35e4d4d520>()]>>
Exception ignored in: <coroutine object subscribe_recv.<locals>._recv_loop at 0x7f35e4c417c0>
Traceback (most recent call last):
  File "/opt/dumbo-mpc/dumbo-mpc/AsyRanTriGen/beaver/utils/misc.py", line 89, in _recv_loop
    j, (tag, o) = await recv()
  File "/usr/lib/python3.8/asyncio/queues.py", line 165, in get
    getter.cancel()  # Just in case getter is not done yet.
  File "uvloop/loop.pyx", line 1281, in uvloop.loop.Loop.call_soon
  File "uvloop/loop.pyx", line 669, in uvloop.loop.Loop._call_soon
  File "uvloop/loop.pyx", line 678, in uvloop.loop.Loop._call_soon_handle
  File "uvloop/loop.pyx", line 673, in uvloop.loop.Loop._append_ready_handle
  File "uvloop/loop.pyx", line 705, in uvloop.loop.Loop._check_closed
RuntimeError: Event loop is closed
2026-03-25 06:11:24,234 ERROR [asyncio] Task was destroyed but it is pending!
task: <Task pending name='Task-55' coro=<rbc_dyn() running at /opt/dumbo-mpc/dumbo-mpc/AsyRanTriGen/beaver/broadcast/reliablebroadcast.py:411> wait_for=<Future cancelled>>
Exception ignored in: <coroutine object rbc_dyn at 0x7f35e4c5df40>
Traceback (most recent call last):
  File "/opt/dumbo-mpc/dumbo-mpc/AsyRanTriGen/beaver/broadcast/reliablebroadcast.py", line 411, in rbc_dyn
    sender, msg = await receive()
  File "/usr/lib/python3.8/asyncio/queues.py", line 165, in get
    getter.cancel()  # Just in case getter is not done yet.
  File "uvloop/loop.pyx", line 1281, in uvloop.loop.Loop.call_soon
  File "uvloop/loop.pyx", line 669, in uvloop.loop.Loop._call_soon
  File "uvloop/loop.pyx", line 678, in uvloop.loop.Loop._call_soon_handle
  File "uvloop/loop.pyx", line 673, in uvloop.loop.Loop._append_ready_handle
  File "uvloop/loop.pyx", line 705, in uvloop.loop.Loop._check_closed
RuntimeError: Event loop is closed
2026-03-25 06:11:24,234 ERROR [asyncio] Task was destroyed but it is pending!
task: <Task pending name='Task-57' coro=<AVID_DYNAMIC.disperse() running at /opt/dumbo-mpc/dumbo-mpc/AsyRanTriGen/beaver/broadcast/avid.py:461> wait_for=<Future cancelled>>
Exception ignored in: <coroutine object AVID_DYNAMIC.disperse at 0x7f35d6f38b40>
Traceback (most recent call last):
  File "/opt/dumbo-mpc/dumbo-mpc/AsyRanTriGen/beaver/broadcast/avid.py", line 461, in disperse
    sender, msg = await self.recv()
  File "/usr/lib/python3.8/asyncio/queues.py", line 165, in get
    getter.cancel()  # Just in case getter is not done yet.
  File "uvloop/loop.pyx", line 1281, in uvloop.loop.Loop.call_soon
  File "uvloop/loop.pyx", line 669, in uvloop.loop.Loop._call_soon
  File "uvloop/loop.pyx", line 678, in uvloop.loop.Loop._call_soon_handle
  File "uvloop/loop.pyx", line 673, in uvloop.loop.Loop._append_ready_handle
  File "uvloop/loop.pyx", line 705, in uvloop.loop.Loop._check_closed
RuntimeError: Event loop is closed
2026-03-25 06:11:24,235 ERROR [asyncio] Task was destroyed but it is pending!
task: <Task pending name='Task-37' coro=<subscribe_recv.<locals>._recv_loop() running at /opt/dumbo-mpc/dumbo-mpc/AsyRanTriGen/beaver/utils/misc.py:89> wait_for=<Future cancelled>>
Exception ignored in: <coroutine object subscribe_recv.<locals>._recv_loop at 0x7f35e4c04640>
Traceback (most recent call last):
  File "/opt/dumbo-mpc/dumbo-mpc/AsyRanTriGen/beaver/utils/misc.py", line 89, in _recv_loop
    j, (tag, o) = await recv()
ValueError: coroutine already executing
Exception ignored in: <coroutine object Queue.get at 0x7f35e4c54dc0>
Traceback (most recent call last):
  File "/usr/lib/python3.8/asyncio/queues.py", line 165, in get
    getter.cancel()  # Just in case getter is not done yet.
  File "uvloop/loop.pyx", line 1281, in uvloop.loop.Loop.call_soon
  File "uvloop/loop.pyx", line 669, in uvloop.loop.Loop._call_soon
  File "uvloop/loop.pyx", line 678, in uvloop.loop.Loop._call_soon_handle
  File "uvloop/loop.pyx", line 673, in uvloop.loop.Loop._append_ready_handle
  File "uvloop/loop.pyx", line 705, in uvloop.loop.Loop._check_closed
RuntimeError: Event loop is closed
Exception ignored in: <coroutine object Queue.get at 0x7f35e4c5d540>
Traceback (most recent call last):
  File "/usr/lib/python3.8/asyncio/queues.py", line 165, in get
    getter.cancel()  # Just in case getter is not done yet.
  File "uvloop/loop.pyx", line 1281, in uvloop.loop.Loop.call_soon
  File "uvloop/loop.pyx", line 669, in uvloop.loop.Loop._call_soon
  File "uvloop/loop.pyx", line 678, in uvloop.loop.Loop._call_soon_handle
  File "uvloop/loop.pyx", line 673, in uvloop.loop.Loop._append_ready_handle
  File "uvloop/loop.pyx", line 705, in uvloop.loop.Loop._check_closed
RuntimeError: Event loop is closed
2026-03-25 06:11:24,236 ERROR [asyncio] Task was destroyed but it is pending!
task: <Task pending name='Task-39' coro=<subscribe_recv.<locals>._recv_loop() running at /opt/dumbo-mpc/dumbo-mpc/AsyRanTriGen/beaver/utils/misc.py:89> wait_for=<Future pending cb=[<TaskWakeupMethWrapper object at 0x7f35e4c6e1c0>()]>>
2026-03-25 06:11:24,236 ERROR [asyncio] Task was destroyed but it is pending!
task: <Task pending name='Task-46' coro=<ACSS_Foll._recv_loop() running at /opt/dumbo-mpc/dumbo-mpc/AsyRanTriGen/beaver/hbacss.py:3710> wait_for=<Future pending cb=[<TaskWakeupMethWrapper object at 0x7f35e4d58370>()]>>
Exception ignored in: <coroutine object subscribe_recv.<locals>._recv_loop at 0x7f35e4c54b40>
Traceback (most recent call last):
  File "/opt/dumbo-mpc/dumbo-mpc/AsyRanTriGen/beaver/utils/misc.py", line 89, in _recv_loop
    j, (tag, o) = await recv()
  File "/usr/lib/python3.8/asyncio/queues.py", line 165, in get
    getter.cancel()  # Just in case getter is not done yet.
  File "uvloop/loop.pyx", line 1281, in uvloop.loop.Loop.call_soon
  File "uvloop/loop.pyx", line 669, in uvloop.loop.Loop._call_soon
  File "uvloop/loop.pyx", line 678, in uvloop.loop.Loop._call_soon_handle
  File "uvloop/loop.pyx", line 673, in uvloop.loop.Loop._append_ready_handle
  File "uvloop/loop.pyx", line 705, in uvloop.loop.Loop._check_closed
RuntimeError: Event loop is closed
Exception ignored in: <coroutine object ACSS_Foll._recv_loop at 0x7f35e4c516c0>
Traceback (most recent call last):
  File "/opt/dumbo-mpc/dumbo-mpc/AsyRanTriGen/beaver/hbacss.py", line 3710, in _recv_loop
    await avid.disperse(tag, self.my_id+1, dispersal_msg_list)
  File "/opt/dumbo-mpc/dumbo-mpc/AsyRanTriGen/beaver/broadcast/avid.py", line 461, in disperse
    sender, msg = await self.recv()
  File "/usr/lib/python3.8/asyncio/queues.py", line 165, in get
    getter.cancel()  # Just in case getter is not done yet.
  File "uvloop/loop.pyx", line 1281, in uvloop.loop.Loop.call_soon
  File "uvloop/loop.pyx", line 669, in uvloop.loop.Loop._call_soon
  File "uvloop/loop.pyx", line 678, in uvloop.loop.Loop._call_soon_handle
  File "uvloop/loop.pyx", line 673, in uvloop.loop.Loop._append_ready_handle
  File "uvloop/loop.pyx", line 705, in uvloop.loop.Loop._check_closed
RuntimeError: Event loop is closed
2026-03-25 06:11:24,238 ERROR [asyncio] Task was destroyed but it is pending!
task: <Task pending name='Task-44' coro=<ACSS_Foll._recv_loop() running at /opt/dumbo-mpc/dumbo-mpc/AsyRanTriGen/beaver/hbacss.py:3710> wait_for=<Future pending cb=[<TaskWakeupMethWrapper object at 0x7f35e4c5b520>()]>>
2026-03-25 06:11:24,238 ERROR [asyncio] Task was destroyed but it is pending!
task: <Task pending name='Task-45' coro=<ACSS_Foll._recv_loop() running at /opt/dumbo-mpc/dumbo-mpc/AsyRanTriGen/beaver/hbacss.py:3710> wait_for=<Future pending cb=[<TaskWakeupMethWrapper object at 0x7f35e4c5bf40>()]>>
Exception ignored in: <coroutine object ACSS_Foll._recv_loop at 0x7f35e4c045c0>
Traceback (most recent call last):
  File "/opt/dumbo-mpc/dumbo-mpc/AsyRanTriGen/beaver/hbacss.py", line 3710, in _recv_loop
    await avid.disperse(tag, self.my_id+1, dispersal_msg_list)
  File "/opt/dumbo-mpc/dumbo-mpc/AsyRanTriGen/beaver/broadcast/avid.py", line 461, in disperse
    sender, msg = await self.recv()
  File "/usr/lib/python3.8/asyncio/queues.py", line 165, in get
    getter.cancel()  # Just in case getter is not done yet.
  File "uvloop/loop.pyx", line 1281, in uvloop.loop.Loop.call_soon
  File "uvloop/loop.pyx", line 669, in uvloop.loop.Loop._call_soon
  File "uvloop/loop.pyx", line 678, in uvloop.loop.Loop._call_soon_handle
  File "uvloop/loop.pyx", line 673, in uvloop.loop.Loop._append_ready_handle
  File "uvloop/loop.pyx", line 705, in uvloop.loop.Loop._check_closed
RuntimeError: Event loop is closed
Exception ignored in: <coroutine object ACSS_Foll._recv_loop at 0x7f35e4c41840>
Traceback (most recent call last):
  File "/opt/dumbo-mpc/dumbo-mpc/AsyRanTriGen/beaver/hbacss.py", line 3710, in _recv_loop
    await avid.disperse(tag, self.my_id+1, dispersal_msg_list)
  File "/opt/dumbo-mpc/dumbo-mpc/AsyRanTriGen/beaver/broadcast/avid.py", line 461, in disperse
    sender, msg = await self.recv()
  File "/usr/lib/python3.8/asyncio/queues.py", line 165, in get
    getter.cancel()  # Just in case getter is not done yet.
  File "uvloop/loop.pyx", line 1281, in uvloop.loop.Loop.call_soon
  File "uvloop/loop.pyx", line 669, in uvloop.loop.Loop._call_soon
  File "uvloop/loop.pyx", line 678, in uvloop.loop.Loop._call_soon_handle
  File "uvloop/loop.pyx", line 673, in uvloop.loop.Loop._append_ready_handle
  File "uvloop/loop.pyx", line 705, in uvloop.loop.Loop._check_closed
RuntimeError: Event loop is closed
2026-03-25 06:11:24,240 ERROR [asyncio] Task was destroyed but it is pending!
task: <Task pending name='Task-47' coro=<ACSS_Foll._recv_loop() running at /opt/dumbo-mpc/dumbo-mpc/AsyRanTriGen/beaver/hbacss.py:3710> wait_for=<Future pending cb=[<TaskWakeupMethWrapper object at 0x7f35e4c5b760>()]>>
2026-03-25 06:11:24,240 ERROR [asyncio] Task was destroyed but it is pending!
task: <Task pending name='Task-48' coro=<subscribe_recv.<locals>._recv_loop() running at /opt/dumbo-mpc/dumbo-mpc/AsyRanTriGen/beaver/utils/misc.py:89> wait_for=<Future cancelled>>
Exception ignored in: <coroutine object ACSS_Foll._recv_loop at 0x7f35e4c54ec0>
Traceback (most recent call last):
  File "/opt/dumbo-mpc/dumbo-mpc/AsyRanTriGen/beaver/hbacss.py", line 3710, in _recv_loop
    await avid.disperse(tag, self.my_id+1, dispersal_msg_list)
  File "/opt/dumbo-mpc/dumbo-mpc/AsyRanTriGen/beaver/broadcast/avid.py", line 461, in disperse
    sender, msg = await self.recv()
  File "/usr/lib/python3.8/asyncio/queues.py", line 165, in get
    getter.cancel()  # Just in case getter is not done yet.
  File "uvloop/loop.pyx", line 1281, in uvloop.loop.Loop.call_soon
  File "uvloop/loop.pyx", line 669, in uvloop.loop.Loop._call_soon
  File "uvloop/loop.pyx", line 678, in uvloop.loop.Loop._call_soon_handle
  File "uvloop/loop.pyx", line 673, in uvloop.loop.Loop._append_ready_handle
  File "uvloop/loop.pyx", line 705, in uvloop.loop.Loop._check_closed
RuntimeError: Event loop is closed
2026-03-25 06:11:24,242 ERROR [asyncio] Task was destroyed but it is pending!
task: <Task pending name='Task-49' coro=<OptimalCommonSet.fallback_timer() running at /opt/dumbo-mpc/dumbo-mpc/AsyRanTriGen/beaver/broadcast/otmvba_dyn.py:71> wait_for=<Future pending cb=[<TaskWakeupMethWrapper object at 0x7f35e4d584c0>()]>>
2026-03-25 06:11:24,242 ERROR [asyncio] Task was destroyed but it is pending!
task: <Task pending name='Task-50' coro=<subscribe_recv.<locals>._recv_loop() running at /opt/dumbo-mpc/dumbo-mpc/AsyRanTriGen/beaver/utils/misc.py:89> wait_for=<Future pending cb=[<TaskWakeupMethWrapper object at 0x7f35e4c5bb50>()]>>
2026-03-25 06:11:24,242 ERROR [asyncio] Task was destroyed but it is pending!
task: <Task pending name='Task-53' coro=<subscribe_recv.<locals>._recv_loop() running at /opt/dumbo-mpc/dumbo-mpc/AsyRanTriGen/beaver/utils/misc.py:89> wait_for=<Future pending cb=[<TaskWakeupMethWrapper object at 0x7f35e4d4b340>()]>>
Exception ignored in: <coroutine object subscribe_recv.<locals>._recv_loop at 0x7f35e4d502c0>
Traceback (most recent call last):
  File "/opt/dumbo-mpc/dumbo-mpc/AsyRanTriGen/beaver/utils/misc.py", line 89, in _recv_loop
    j, (tag, o) = await recv()
  File "/usr/lib/python3.8/asyncio/queues.py", line 165, in get
    getter.cancel()  # Just in case getter is not done yet.
  File "uvloop/loop.pyx", line 1281, in uvloop.loop.Loop.call_soon
  File "uvloop/loop.pyx", line 669, in uvloop.loop.Loop._call_soon
  File "uvloop/loop.pyx", line 678, in uvloop.loop.Loop._call_soon_handle
  File "uvloop/loop.pyx", line 673, in uvloop.loop.Loop._append_ready_handle
  File "uvloop/loop.pyx", line 705, in uvloop.loop.Loop._check_closed
RuntimeError: Event loop is closed
Exception ignored in: <coroutine object subscribe_recv.<locals>._recv_loop at 0x7f35d6f35f40>
Traceback (most recent call last):
  File "/opt/dumbo-mpc/dumbo-mpc/AsyRanTriGen/beaver/utils/misc.py", line 89, in _recv_loop
    j, (tag, o) = await recv()
  File "/usr/lib/python3.8/asyncio/queues.py", line 165, in get
    getter.cancel()  # Just in case getter is not done yet.
  File "uvloop/loop.pyx", line 1281, in uvloop.loop.Loop.call_soon
  File "uvloop/loop.pyx", line 669, in uvloop.loop.Loop._call_soon
  File "uvloop/loop.pyx", line 678, in uvloop.loop.Loop._call_soon_handle
  File "uvloop/loop.pyx", line 673, in uvloop.loop.Loop._append_ready_handle
  File "uvloop/loop.pyx", line 705, in uvloop.loop.Loop._check_closed
RuntimeError: Event loop is closed
