Warning: Permanently added '42.192.8.61' (ECDSA) to the list of known hosts.
time="2026-03-25T14:11:10+08:00" level=warning msg="/root/Continuum/dumbo-mpc/docker-compose.yml: the attribute `version` is obsolete, it will be ignored, please remove it to avoid potential confusion"
 Container dumbo-mpc-dumbo-mpc-run-8b324280102a Creating 
 Container dumbo-mpc-dumbo-mpc-run-8b324280102a Created 
2026-03-25 06:11:11,835 INFO [root] Running ADMPC ...
2026-03-25 06:11:12,403 INFO [root] my_send_id: 22
2026-03-25 06:11:12,409 INFO [root] ADMPC start time: 1774419072.4093251
2026-03-25 06:11:12,411 INFO [root] [Layer 5] Reached run_admpc checkpoint
2026-03-25 06:11:12,412 INFO [beaver.transfer] [2] Starting DynamicTransfer_Foll
2026-03-25 06:11:12,413 INFO [beaver.transfer] [2] Starting ACSS to share 50 secrets
2026-03-25 06:11:12,413 INFO [root] [2] Starting Batch AVSS. Id: 0, Dealer Id: 0, Client Mode: False
2026-03-25 06:11:12,413 INFO [root] [2] AVSS tag: 0-0-5-B-AVSS
2026-03-25 06:11:12,414 INFO [root] [2] RBC tag: 0-0-5-B-RBC
2026-03-25 06:11:12,414 INFO [root] [2] Starting AVSS with shares_num: 50, dealer_id: 0, client_mode: False
2026-03-25 06:11:12,414 INFO [root] rbc_list: [16, 20, 21, 22, 23]
2026-03-25 06:11:12,414 INFO [root] committee_size: 4
2026-03-25 06:11:12,414 INFO [root] n: 5
2026-03-25 06:11:12,414 INFO [root] f: 1
2026-03-25 06:11:12,414 INFO [root] pid: 3
2026-03-25 06:11:12,415 INFO [root] leader: 0
2026-03-25 06:11:12,415 INFO [root] [2] Starting Batch AVSS. Id: 0, Dealer Id: 1, Client Mode: False
2026-03-25 06:11:12,415 INFO [root] [2] AVSS tag: 1-0-5-B-AVSS
2026-03-25 06:11:12,415 INFO [root] [2] RBC tag: 1-0-5-B-RBC
2026-03-25 06:11:12,415 INFO [root] [2] Starting AVSS with shares_num: 50, dealer_id: 1, client_mode: False
2026-03-25 06:11:12,415 INFO [root] rbc_list: [17, 20, 21, 22, 23]
2026-03-25 06:11:12,415 INFO [root] committee_size: 4
2026-03-25 06:11:12,415 INFO [root] n: 5
2026-03-25 06:11:12,416 INFO [root] f: 1
2026-03-25 06:11:12,416 INFO [root] pid: 3
2026-03-25 06:11:12,416 INFO [root] leader: 1
2026-03-25 06:11:12,416 INFO [root] [2] Starting Batch AVSS. Id: 0, Dealer Id: 2, Client Mode: False
2026-03-25 06:11:12,416 INFO [root] [2] AVSS tag: 2-0-5-B-AVSS
2026-03-25 06:11:12,416 INFO [root] [2] RBC tag: 2-0-5-B-RBC
2026-03-25 06:11:12,416 INFO [root] [2] Starting AVSS with shares_num: 50, dealer_id: 2, client_mode: False
2026-03-25 06:11:12,416 INFO [root] rbc_list: [18, 20, 21, 22, 23]
2026-03-25 06:11:12,417 INFO [root] committee_size: 4
2026-03-25 06:11:12,417 INFO [root] n: 5
2026-03-25 06:11:12,417 INFO [root] f: 1
2026-03-25 06:11:12,417 INFO [root] pid: 3
2026-03-25 06:11:12,417 INFO [root] leader: 2
2026-03-25 06:11:12,417 INFO [root] [2] Starting Batch AVSS. Id: 0, Dealer Id: 3, Client Mode: False
2026-03-25 06:11:12,417 INFO [root] [2] AVSS tag: 3-0-5-B-AVSS
2026-03-25 06:11:12,417 INFO [root] [2] RBC tag: 3-0-5-B-RBC
2026-03-25 06:11:12,417 INFO [root] [2] Starting AVSS with shares_num: 50, dealer_id: 3, client_mode: False
2026-03-25 06:11:12,418 INFO [root] rbc_list: [19, 20, 21, 22, 23]
2026-03-25 06:11:12,418 INFO [root] committee_size: 4
2026-03-25 06:11:12,418 INFO [root] n: 5
2026-03-25 06:11:12,418 INFO [root] f: 1
2026-03-25 06:11:12,418 INFO [root] pid: 2
2026-03-25 06:11:12,418 INFO [root] leader: 3
2026-03-25 06:11:15,054 INFO [root] [3] Received VAL message from 17
2026-03-25 06:11:15,054 INFO [root] entering n == commitee_size + 1
2026-03-25 06:11:15,054 INFO [root] [3] sender: 17, leader: 1
2026-03-25 06:11:15,054 INFO [root] [3] Successfully validated VAL message
2026-03-25 06:11:15,054 INFO [root] [3] Broadcasted ECHO message for roothash b'\xf5\x05v\x06!\xf5O\xa2B4\x07b\xe7\xc1=\xdb\xa9\x9e\xe2\xce\x8b*Bu\xa2.\xdb%\xee:\xbf\x1c'
2026-03-25 06:11:15,054 INFO [root] broadcast Sending to 1: 20
2026-03-25 06:11:15,054 INFO [root] broadcast Sending to 2: 21
2026-03-25 06:11:15,054 INFO [root] broadcast Sending to 3: 22
2026-03-25 06:11:15,054 INFO [root] broadcast Sending to 4: 23
2026-03-25 06:11:15,055 INFO [root] [3] Received ECHO message from 22
2026-03-25 06:11:15,056 INFO [root] [3] Received ECHO message from 20
2026-03-25 06:11:15,056 INFO [root] [2] Received VAL message from 19
2026-03-25 06:11:15,056 INFO [root] entering n == commitee_size + 1
2026-03-25 06:11:15,056 INFO [root] [2] sender: 19, leader: 3
2026-03-25 06:11:15,056 INFO [root] [2] Successfully validated VAL message
2026-03-25 06:11:15,056 INFO [root] [2] Broadcasted ECHO message for roothash b"\x85\x89\xda\x9c\xa54\x1c\xe8G'\xc5Lj\x830\x8b\x1f\x04\xcct\t1\xf3\x16j\xab\x04\xe9\x82\xe2\xa5\xd9"
2026-03-25 06:11:15,056 INFO [root] broadcast Sending to 1: 20
2026-03-25 06:11:15,056 INFO [root] broadcast Sending to 2: 21
2026-03-25 06:11:15,056 INFO [root] broadcast Sending to 3: 22
2026-03-25 06:11:15,057 INFO [root] broadcast Sending to 4: 23
2026-03-25 06:11:15,057 INFO [root] [3] Received ECHO message from 23
2026-03-25 06:11:15,057 INFO [root] [3] Broadcasted READY message for roothash b'\xf5\x05v\x06!\xf5O\xa2B4\x07b\xe7\xc1=\xdb\xa9\x9e\xe2\xce\x8b*Bu\xa2.\xdb%\xee:\xbf\x1c'
2026-03-25 06:11:15,057 INFO [root] broadcast Sending to 1: 20
2026-03-25 06:11:15,057 INFO [root] broadcast Sending to 2: 21
2026-03-25 06:11:15,057 INFO [root] broadcast Sending to 3: 22
2026-03-25 06:11:15,057 INFO [root] broadcast Sending to 4: 23
2026-03-25 06:11:15,057 INFO [root] [3] Received VAL message from 18
2026-03-25 06:11:15,057 INFO [root] entering n == commitee_size + 1
2026-03-25 06:11:15,057 INFO [root] [3] sender: 18, leader: 2
2026-03-25 06:11:15,057 INFO [root] [3] Successfully validated VAL message
2026-03-25 06:11:15,057 INFO [root] [3] Broadcasted ECHO message for roothash b'\xb4N\xd9\xe3$ e\xc0\xd5m4\xbe\xcd\x08\x0f\x95\xec,\xe3?\xb49\x7f\xf6D\x91\xaaA\xac\x058$'
2026-03-25 06:11:15,057 INFO [root] broadcast Sending to 1: 20
2026-03-25 06:11:15,057 INFO [root] broadcast Sending to 2: 21
2026-03-25 06:11:15,058 INFO [root] broadcast Sending to 3: 22
2026-03-25 06:11:15,058 INFO [root] broadcast Sending to 4: 23
2026-03-25 06:11:15,058 INFO [root] [3] Received ECHO message from 21
2026-03-25 06:11:15,058 INFO [root] [2] Received ECHO message from 22
2026-03-25 06:11:15,059 INFO [root] [3] Received READY message from 22
2026-03-25 06:11:15,059 INFO [root] [3] Received ECHO message from 22
2026-03-25 06:11:15,059 INFO [root] [3] Received READY message from 23
2026-03-25 06:11:15,059 INFO [root] [3] Received READY message from 21
2026-03-25 06:11:15,060 INFO [root] Decoding output for roothash: b'\xf5\x05v\x06!\xf5O\xa2B4\x07b\xe7\xc1=\xdb\xa9\x9e\xe2\xce\x8b*Bu\xa2.\xdb%\xee:\xbf\x1c'
2026-03-25 06:11:15,060 INFO [root] [2] Received RBC message
2026-03-25 06:11:15,060 INFO [root] multicast list: [20, 21, 22, 23]
2026-03-25 06:11:15,060 INFO [root] before avid.retrieve
2026-03-25 06:11:15,061 INFO [root] [3] Received ECHO message from 23
2026-03-25 06:11:15,061 INFO [root] [3] Received ECHO message from 20
2026-03-25 06:11:15,061 INFO [root] [3] Broadcasted READY message for roothash b'\xb4N\xd9\xe3$ e\xc0\xd5m4\xbe\xcd\x08\x0f\x95\xec,\xe3?\xb49\x7f\xf6D\x91\xaaA\xac\x058$'
2026-03-25 06:11:15,061 INFO [root] broadcast Sending to 1: 20
2026-03-25 06:11:15,061 INFO [root] broadcast Sending to 2: 21
2026-03-25 06:11:15,061 INFO [root] broadcast Sending to 3: 22
2026-03-25 06:11:15,061 INFO [root] broadcast Sending to 4: 23
2026-03-25 06:11:15,061 INFO [root] [3] Received ECHO message from 21
2026-03-25 06:11:15,061 INFO [root] [2] Received ECHO message from 23
2026-03-25 06:11:15,061 INFO [root] [2] Received ECHO message from 21
2026-03-25 06:11:15,061 INFO [root] [2] Broadcasted READY message for roothash b"\x85\x89\xda\x9c\xa54\x1c\xe8G'\xc5Lj\x830\x8b\x1f\x04\xcct\t1\xf3\x16j\xab\x04\xe9\x82\xe2\xa5\xd9"
2026-03-25 06:11:15,061 INFO [root] broadcast Sending to 1: 20
2026-03-25 06:11:15,061 INFO [root] broadcast Sending to 2: 21
2026-03-25 06:11:15,061 INFO [root] broadcast Sending to 3: 22
2026-03-25 06:11:15,061 INFO [root] broadcast Sending to 4: 23
2026-03-25 06:11:15,061 INFO [root] [2] Received ECHO message from 20
2026-03-25 06:11:15,061 INFO [root] [3] Received VAL message from 16
2026-03-25 06:11:15,061 INFO [root] entering n == commitee_size + 1
2026-03-25 06:11:15,061 INFO [root] [3] sender: 16, leader: 0
2026-03-25 06:11:15,061 INFO [root] [3] Successfully validated VAL message
2026-03-25 06:11:15,061 INFO [root] [3] Broadcasted ECHO message for roothash b'\xd8U4\xc5\xe8\x10;\x18\xc5\xe0\xa4\x9b\x144\x9ad\x94\xad\x05\x1e\xc91\x91[v\xfc_\x8fB\xeb\x112'
2026-03-25 06:11:15,062 INFO [root] broadcast Sending to 1: 20
2026-03-25 06:11:15,062 INFO [root] broadcast Sending to 2: 21
2026-03-25 06:11:15,062 INFO [root] broadcast Sending to 3: 22
2026-03-25 06:11:15,062 INFO [root] broadcast Sending to 4: 23
2026-03-25 06:11:15,062 INFO [root] [3] Received READY message from 22
2026-03-25 06:11:15,062 INFO [root] [2] Received READY message from 22
2026-03-25 06:11:15,062 INFO [root] [3] Received ECHO message from 22
2026-03-25 06:11:15,063 INFO [root] [3] Received READY message from 23
2026-03-25 06:11:15,063 INFO [root] [3] Received READY message from 21
2026-03-25 06:11:15,063 INFO [root] Decoding output for roothash: b'\xb4N\xd9\xe3$ e\xc0\xd5m4\xbe\xcd\x08\x0f\x95\xec,\xe3?\xb49\x7f\xf6D\x91\xaaA\xac\x058$'
2026-03-25 06:11:15,063 INFO [root] [2] Received RBC message
2026-03-25 06:11:15,063 INFO [root] multicast list: [20, 21, 22, 23]
2026-03-25 06:11:15,063 INFO [root] before avid.retrieve
2026-03-25 06:11:15,063 INFO [root] [2] Received READY message from 23
2026-03-25 06:11:15,063 INFO [root] [2] Received READY message from 21
2026-03-25 06:11:15,063 INFO [root] Decoding output for roothash: b"\x85\x89\xda\x9c\xa54\x1c\xe8G'\xc5Lj\x830\x8b\x1f\x04\xcct\t1\xf3\x16j\xab\x04\xe9\x82\xe2\xa5\xd9"
2026-03-25 06:11:15,064 INFO [root] [2] Received RBC message
2026-03-25 06:11:15,064 INFO [root] multicast list: [20, 21, 22, 23]
2026-03-25 06:11:15,064 INFO [root] before avid.retrieve
2026-03-25 06:11:15,064 INFO [root] [3] Received ECHO message from 23
2026-03-25 06:11:15,064 INFO [root] [3] Received ECHO message from 21
2026-03-25 06:11:15,064 INFO [root] [3] Broadcasted READY message for roothash b'\xd8U4\xc5\xe8\x10;\x18\xc5\xe0\xa4\x9b\x144\x9ad\x94\xad\x05\x1e\xc91\x91[v\xfc_\x8fB\xeb\x112'
2026-03-25 06:11:15,064 INFO [root] broadcast Sending to 1: 20
2026-03-25 06:11:15,064 INFO [root] broadcast Sending to 2: 21
2026-03-25 06:11:15,064 INFO [root] broadcast Sending to 3: 22
2026-03-25 06:11:15,064 INFO [root] broadcast Sending to 4: 23
2026-03-25 06:11:15,064 INFO [root] AVID broadcast to 1: 20
2026-03-25 06:11:15,064 INFO [root] AVID broadcast to 2: 21
2026-03-25 06:11:15,065 INFO [root] AVID broadcast to 3: 22
2026-03-25 06:11:15,065 INFO [root] AVID broadcast to 4: 23
2026-03-25 06:11:15,065 INFO [root] AVID broadcast to 1: 20
2026-03-25 06:11:15,065 INFO [root] AVID broadcast to 2: 21
2026-03-25 06:11:15,065 INFO [root] AVID broadcast to 3: 22
2026-03-25 06:11:15,065 INFO [root] AVID broadcast to 4: 23
2026-03-25 06:11:15,065 INFO [root] [3] Received ECHO message from 20
2026-03-25 06:11:15,066 INFO [root] [3] Received READY message from 22
2026-03-25 06:11:15,066 INFO [root] AVID broadcast to 1: 20
2026-03-25 06:11:15,066 INFO [root] AVID broadcast to 2: 21
2026-03-25 06:11:15,066 INFO [root] AVID broadcast to 3: 22
2026-03-25 06:11:15,066 INFO [root] AVID broadcast to 4: 23
2026-03-25 06:11:15,066 INFO [root] AVID broadcast to 1: 20
2026-03-25 06:11:15,066 INFO [root] AVID broadcast to 2: 21
2026-03-25 06:11:15,066 INFO [root] AVID broadcast to 3: 22
2026-03-25 06:11:15,066 INFO [root] AVID broadcast to 4: 23
2026-03-25 06:11:15,066 INFO [root] [3] Received READY message from 20
2026-03-25 06:11:15,066 INFO [root] [3] Received READY message from 23
2026-03-25 06:11:15,066 INFO [root] Decoding output for roothash: b'\xd8U4\xc5\xe8\x10;\x18\xc5\xe0\xa4\x9b\x144\x9ad\x94\xad\x05\x1e\xc91\x91[v\xfc_\x8fB\xeb\x112'
2026-03-25 06:11:15,067 INFO [root] [2] Received RBC message
2026-03-25 06:11:15,067 INFO [root] multicast list: [20, 21, 22, 23]
2026-03-25 06:11:15,067 INFO [root] before avid.retrieve
2026-03-25 06:11:15,067 INFO [root] AVID broadcast to 1: 20
2026-03-25 06:11:15,067 INFO [root] AVID broadcast to 2: 21
2026-03-25 06:11:15,067 INFO [root] AVID broadcast to 3: 22
2026-03-25 06:11:15,067 INFO [root] AVID broadcast to 4: 23
2026-03-25 06:11:15,068 INFO [root] AVID broadcast to 1: 20
2026-03-25 06:11:15,068 INFO [root] AVID broadcast to 2: 21
2026-03-25 06:11:15,068 INFO [root] AVID broadcast to 3: 22
2026-03-25 06:11:15,068 INFO [root] AVID broadcast to 4: 23
2026-03-25 06:11:15,068 INFO [root] AVID broadcast to 1: 20
2026-03-25 06:11:15,068 INFO [root] AVID broadcast to 2: 21
2026-03-25 06:11:15,068 INFO [root] AVID broadcast to 3: 22
2026-03-25 06:11:15,068 INFO [root] AVID broadcast to 4: 23
2026-03-25 06:11:15,069 INFO [root] AVID broadcast to 1: 20
2026-03-25 06:11:15,069 INFO [root] AVID broadcast to 2: 21
2026-03-25 06:11:15,069 INFO [root] AVID broadcast to 3: 22
2026-03-25 06:11:15,069 INFO [root] AVID broadcast to 4: 23
2026-03-25 06:11:15,069 INFO [root] 3-0-5-B-AVSS 2 RETRIEVE called.
2026-03-25 06:11:15,069 INFO [root] AVID broadcast to 1: 20
2026-03-25 06:11:15,069 INFO [root] AVID broadcast to 2: 21
2026-03-25 06:11:15,069 INFO [root] AVID broadcast to 3: 22
2026-03-25 06:11:15,069 INFO [root] AVID broadcast to 4: 23
2026-03-25 06:11:15,069 INFO [root] 3-0-5-B-AVSS 2 RETRIEVE broadcasted.
2026-03-25 06:11:15,069 INFO [root] 1-0-5-B-AVSS 2 RETRIEVE called.
2026-03-25 06:11:15,069 INFO [root] AVID broadcast to 1: 20
2026-03-25 06:11:15,069 INFO [root] AVID broadcast to 2: 21
2026-03-25 06:11:15,069 INFO [root] AVID broadcast to 3: 22
2026-03-25 06:11:15,069 INFO [root] AVID broadcast to 4: 23
2026-03-25 06:11:15,069 INFO [root] 1-0-5-B-AVSS 2 RETRIEVE broadcasted.
2026-03-25 06:11:15,069 INFO [root] 2-0-5-B-AVSS 2 RETRIEVE called.
2026-03-25 06:11:15,069 INFO [root] AVID broadcast to 1: 20
2026-03-25 06:11:15,070 INFO [root] AVID broadcast to 2: 21
2026-03-25 06:11:15,070 INFO [root] AVID broadcast to 3: 22
2026-03-25 06:11:15,070 INFO [root] AVID broadcast to 4: 23
2026-03-25 06:11:15,070 INFO [root] 2-0-5-B-AVSS 2 RETRIEVE broadcasted.
2026-03-25 06:11:15,070 INFO [root] disperse msid: 3-0-5-B-AVSS, index: 2
2026-03-25 06:11:15,070 INFO [root] AVID retrieve called with sid: 3-0-5-B-AVID, index: 2
2026-03-25 06:11:15,070 INFO [root] disperse msid: 1-0-5-B-AVSS, index: 2
2026-03-25 06:11:15,070 INFO [root] AVID retrieve called with sid: 1-0-5-B-AVID, index: 2
2026-03-25 06:11:15,070 INFO [root] disperse msid: 2-0-5-B-AVSS, index: 2
2026-03-25 06:11:15,070 INFO [root] AVID retrieve called with sid: 2-0-5-B-AVID, index: 2
2026-03-25 06:11:15,070 INFO [root] disperse msid: 2-0-5-B-AVSS, index: 3
2026-03-25 06:11:15,070 INFO [root] AVID retrieve called with sid: 2-0-5-B-AVID, index: 3
2026-03-25 06:11:15,071 INFO [root] disperse msid: 2-0-5-B-AVSS, index: 0
2026-03-25 06:11:15,071 INFO [root] AVID retrieve called with sid: 2-0-5-B-AVID, index: 0
2026-03-25 06:11:15,071 INFO [root] 0-0-5-B-AVSS 2 RETRIEVE called.
2026-03-25 06:11:15,071 INFO [root] AVID broadcast to 1: 20
2026-03-25 06:11:15,071 INFO [root] AVID broadcast to 2: 21
2026-03-25 06:11:15,071 INFO [root] AVID broadcast to 3: 22
2026-03-25 06:11:15,071 INFO [root] AVID broadcast to 4: 23
2026-03-25 06:11:15,071 INFO [root] 0-0-5-B-AVSS 2 RETRIEVE broadcasted.
2026-03-25 06:11:15,071 INFO [root] disperse msid: 2-0-5-B-AVSS, index: 1
2026-03-25 06:11:15,071 INFO [root] AVID retrieve called with sid: 2-0-5-B-AVID, index: 1
2026-03-25 06:11:15,072 INFO [root] 3-0-5-B-AVSS 2 AVID retrieve msg from 22
2026-03-25 06:11:15,072 INFO [root] AVID retrieve response received
2026-03-25 06:11:15,072 INFO [root] retrieve msid: 3-0-5-B-AVID, response_index: 2
2026-03-25 06:11:15,072 INFO [root] RESPONSE from 22
2026-03-25 06:11:15,072 INFO [root] sender self.committee_size: 2
2026-03-25 06:11:15,072 INFO [root] 1-0-5-B-AVSS 2 AVID retrieve msg from 22
2026-03-25 06:11:15,072 INFO [root] AVID retrieve response received
2026-03-25 06:11:15,072 INFO [root] retrieve msid: 1-0-5-B-AVID, response_index: 2
2026-03-25 06:11:15,072 INFO [root] RESPONSE from 22
2026-03-25 06:11:15,072 INFO [root] sender self.committee_size: 2
2026-03-25 06:11:15,072 INFO [root] 2-0-5-B-AVSS 2 AVID retrieve msg from 22
2026-03-25 06:11:15,072 INFO [root] AVID retrieve response received
2026-03-25 06:11:15,072 INFO [root] retrieve msid: 2-0-5-B-AVID, response_index: 2
2026-03-25 06:11:15,072 INFO [root] RESPONSE from 22
2026-03-25 06:11:15,072 INFO [root] sender self.committee_size: 2
2026-03-25 06:11:15,072 INFO [root] disperse msid: 0-0-5-B-AVSS, index: 2
2026-03-25 06:11:15,072 INFO [root] AVID retrieve called with sid: 0-0-5-B-AVID, index: 2
2026-03-25 06:11:15,072 INFO [root] disperse msid: 3-0-5-B-AVSS, index: 3
2026-03-25 06:11:15,072 INFO [root] AVID retrieve called with sid: 3-0-5-B-AVID, index: 3
2026-03-25 06:11:15,072 INFO [root] disperse msid: 3-0-5-B-AVSS, index: 0
2026-03-25 06:11:15,072 INFO [root] AVID retrieve called with sid: 3-0-5-B-AVID, index: 0
2026-03-25 06:11:15,072 INFO [root] disperse msid: 1-0-5-B-AVSS, index: 3
2026-03-25 06:11:15,073 INFO [root] AVID retrieve called with sid: 1-0-5-B-AVID, index: 3
2026-03-25 06:11:15,073 INFO [root] disperse msid: 1-0-5-B-AVSS, index: 0
2026-03-25 06:11:15,073 INFO [root] AVID retrieve called with sid: 1-0-5-B-AVID, index: 0
2026-03-25 06:11:15,073 INFO [root] disperse msid: 3-0-5-B-AVSS, index: 1
2026-03-25 06:11:15,073 INFO [root] AVID retrieve called with sid: 3-0-5-B-AVID, index: 1
2026-03-25 06:11:15,073 INFO [root] disperse msid: 1-0-5-B-AVSS, index: 1
2026-03-25 06:11:15,073 INFO [root] AVID retrieve called with sid: 1-0-5-B-AVID, index: 1
2026-03-25 06:11:15,073 INFO [root] disperse msid: 0-0-5-B-AVSS, index: 3
2026-03-25 06:11:15,073 INFO [root] AVID retrieve called with sid: 0-0-5-B-AVID, index: 3
2026-03-25 06:11:15,074 INFO [root] 0-0-5-B-AVSS 2 AVID retrieve msg from 22
2026-03-25 06:11:15,074 INFO [root] AVID retrieve response received
2026-03-25 06:11:15,074 INFO [root] retrieve msid: 0-0-5-B-AVID, response_index: 2
2026-03-25 06:11:15,074 INFO [root] RESPONSE from 22
2026-03-25 06:11:15,074 INFO [root] sender self.committee_size: 2
2026-03-25 06:11:15,074 INFO [root] disperse msid: 0-0-5-B-AVSS, index: 0
2026-03-25 06:11:15,074 INFO [root] AVID retrieve called with sid: 0-0-5-B-AVID, index: 0
2026-03-25 06:11:15,074 INFO [root] disperse msid: 0-0-5-B-AVSS, index: 1
2026-03-25 06:11:15,074 INFO [root] AVID retrieve called with sid: 0-0-5-B-AVID, index: 1
2026-03-25 06:11:15,074 INFO [root] 3-0-5-B-AVSS 2 AVID retrieve msg from 20
2026-03-25 06:11:15,074 INFO [root] AVID retrieve response received
2026-03-25 06:11:15,074 INFO [root] retrieve msid: 3-0-5-B-AVID, response_index: 2
2026-03-25 06:11:15,074 INFO [root] RESPONSE from 20
2026-03-25 06:11:15,074 INFO [root] sender self.committee_size: 0
2026-03-25 06:11:15,075 INFO [root] 3-0-5-B-AVSS 2 RETRIEVE complete.
2026-03-25 06:11:15,075 INFO [root] after avid.retrieve dispersal_msg
2026-03-25 06:11:15,075 INFO [root] Handling dealer messages for dealer_id: 3, tag: 3-0-5-B-AVSS
2026-03-25 06:11:15,100 INFO [root] shares verified successfully
2026-03-25 06:11:15,100 INFO [root] all_shares_valid: True
2026-03-25 06:11:15,100 INFO [root] after _handle_dealer_msgs, all_shares_valid
2026-03-25 06:11:15,100 INFO [root] self.tagvars[tag]['all_shares_valid']: True
2026-03-25 06:11:15,100 INFO [root] multicast to 20
2026-03-25 06:11:15,100 INFO [root] multicast to 21
2026-03-25 06:11:15,100 INFO [root] multicast to 22
2026-03-25 06:11:15,100 INFO [root] multicast to 23
2026-03-25 06:11:15,101 INFO [root] [2] Received OK from [22]
2026-03-25 06:11:15,101 INFO [root] [2] OK set: {22}
2026-03-25 06:11:15,101 INFO [root] output: True
2026-03-25 06:11:15,101 INFO [root] 2-0-5-B-AVSS 2 AVID retrieve msg from 20
2026-03-25 06:11:15,101 INFO [root] AVID retrieve response received
2026-03-25 06:11:15,101 INFO [root] retrieve msid: 2-0-5-B-AVID, response_index: 2
2026-03-25 06:11:15,101 INFO [root] RESPONSE from 20
2026-03-25 06:11:15,101 INFO [root] sender self.committee_size: 0
2026-03-25 06:11:15,102 INFO [root] 2-0-5-B-AVSS 2 RETRIEVE complete.
2026-03-25 06:11:15,102 INFO [root] after avid.retrieve dispersal_msg
2026-03-25 06:11:15,102 INFO [root] Handling dealer messages for dealer_id: 2, tag: 2-0-5-B-AVSS
2026-03-25 06:11:15,113 INFO [root] shares verified successfully
2026-03-25 06:11:15,113 INFO [root] all_shares_valid: True
2026-03-25 06:11:15,113 INFO [root] after _handle_dealer_msgs, all_shares_valid
2026-03-25 06:11:15,114 INFO [root] self.tagvars[tag]['all_shares_valid']: True
2026-03-25 06:11:15,114 INFO [root] multicast to 20
2026-03-25 06:11:15,114 INFO [root] multicast to 21
2026-03-25 06:11:15,114 INFO [root] multicast to 22
2026-03-25 06:11:15,114 INFO [root] multicast to 23
2026-03-25 06:11:15,114 INFO [root] [2] Received OK from [20]
2026-03-25 06:11:15,114 INFO [root] [2] OK set: {20}
2026-03-25 06:11:15,114 INFO [root] output: True
2026-03-25 06:11:15,114 INFO [root] [2] Received OK from [23]
2026-03-25 06:11:15,114 INFO [root] [2] OK set: {20, 23}
2026-03-25 06:11:15,114 INFO [root] output: True
2026-03-25 06:11:15,114 INFO [root] [2] Received OK from [21]
2026-03-25 06:11:15,114 INFO [root] [2] OK set: {20, 21, 23}
2026-03-25 06:11:15,114 INFO [root] output: True
2026-03-25 06:11:15,114 INFO [root] 1-0-5-B-AVSS 2 AVID retrieve msg from 23
2026-03-25 06:11:15,114 INFO [root] AVID retrieve response received
2026-03-25 06:11:15,114 INFO [root] retrieve msid: 1-0-5-B-AVID, response_index: 2
2026-03-25 06:11:15,114 INFO [root] RESPONSE from 23
2026-03-25 06:11:15,114 INFO [root] sender self.committee_size: 3
2026-03-25 06:11:15,115 INFO [root] 1-0-5-B-AVSS 2 RETRIEVE complete.
2026-03-25 06:11:15,115 INFO [root] after avid.retrieve dispersal_msg
2026-03-25 06:11:15,115 INFO [root] Handling dealer messages for dealer_id: 1, tag: 1-0-5-B-AVSS
2026-03-25 06:11:15,126 INFO [root] shares verified successfully
2026-03-25 06:11:15,126 INFO [root] all_shares_valid: True
2026-03-25 06:11:15,126 INFO [root] after _handle_dealer_msgs, all_shares_valid
2026-03-25 06:11:15,126 INFO [root] self.tagvars[tag]['all_shares_valid']: True
2026-03-25 06:11:15,127 INFO [root] multicast to 20
2026-03-25 06:11:15,127 INFO [root] multicast to 21
2026-03-25 06:11:15,127 INFO [root] multicast to 22
2026-03-25 06:11:15,127 INFO [root] multicast to 23
2026-03-25 06:11:15,127 INFO [root] 0-0-5-B-AVSS 2 AVID retrieve msg from 21
2026-03-25 06:11:15,127 INFO [root] AVID retrieve response received
2026-03-25 06:11:15,127 INFO [root] retrieve msid: 0-0-5-B-AVID, response_index: 2
2026-03-25 06:11:15,127 INFO [root] RESPONSE from 21
2026-03-25 06:11:15,127 INFO [root] sender self.committee_size: 1
2026-03-25 06:11:15,127 INFO [root] 0-0-5-B-AVSS 2 RETRIEVE complete.
2026-03-25 06:11:15,127 INFO [root] after avid.retrieve dispersal_msg
2026-03-25 06:11:15,127 INFO [root] Handling dealer messages for dealer_id: 0, tag: 0-0-5-B-AVSS
2026-03-25 06:11:15,138 INFO [root] shares verified successfully
2026-03-25 06:11:15,139 INFO [root] all_shares_valid: True
2026-03-25 06:11:15,139 INFO [root] after _handle_dealer_msgs, all_shares_valid
2026-03-25 06:11:15,139 INFO [root] self.tagvars[tag]['all_shares_valid']: True
2026-03-25 06:11:15,139 INFO [root] multicast to 20
2026-03-25 06:11:15,139 INFO [root] multicast to 21
2026-03-25 06:11:15,139 INFO [root] multicast to 22
2026-03-25 06:11:15,139 INFO [root] multicast to 23
2026-03-25 06:11:15,139 INFO [root] key_proposal: [3, 2, 1, 0]
2026-03-25 06:11:15,140 INFO [beaver.transfer] [2] [random shares] Starting ACS where node 1 is set as leader 
2026-03-25 06:11:15,140 INFO [beaver.transfer] [2] [random shares] The proposal of node 2 is [3, 2, 1, 0]
2026-03-25 06:11:15,140 INFO [root] enter handle_message
2026-03-25 06:11:15,140 INFO [root] [2] Received OK from [22]
2026-03-25 06:11:15,140 INFO [root] [2] OK set: {20, 21, 22, 23}
2026-03-25 06:11:15,140 INFO [root] output: True
2026-03-25 06:11:15,140 INFO [root] [2] exit
2026-03-25 06:11:15,140 INFO [root] [2] Received OK from [22]
2026-03-25 06:11:15,140 INFO [root] [2] OK set: {22}
2026-03-25 06:11:15,140 INFO [root] output: True
2026-03-25 06:11:15,140 INFO [root] [2] Received OK from [22]
2026-03-25 06:11:15,140 INFO [root] [2] OK set: {22}
2026-03-25 06:11:15,140 INFO [root] output: True
2026-03-25 06:11:15,140 INFO [root] [2] Received OK from [21]
2026-03-25 06:11:15,140 INFO [root] [2] OK set: {21, 22}
2026-03-25 06:11:15,140 INFO [root] output: True
2026-03-25 06:11:15,140 INFO [root] [2] Received OK from [23]
2026-03-25 06:11:15,140 INFO [root] [2] OK set: {21, 22, 23}
2026-03-25 06:11:15,141 INFO [root] output: True
2026-03-25 06:11:15,141 INFO [root] [2] Received OK from [23]
2026-03-25 06:11:15,141 INFO [root] [2] OK set: {22, 23}
2026-03-25 06:11:15,141 INFO [root] output: True
2026-03-25 06:11:15,141 INFO [root] [2] Received OK from [21]
2026-03-25 06:11:15,141 INFO [root] [2] OK set: {21, 22, 23}
2026-03-25 06:11:15,141 INFO [root] output: True
2026-03-25 06:11:15,141 INFO [root] [2] Received OK from [23]
2026-03-25 06:11:15,141 INFO [root] [2] OK set: {22, 23}
2026-03-25 06:11:15,141 INFO [root] output: True
2026-03-25 06:11:15,141 INFO [root] [2] Received OK from [21]
2026-03-25 06:11:15,141 INFO [root] [2] OK set: {21, 22, 23}
2026-03-25 06:11:15,141 INFO [root] output: True
2026-03-25 06:11:15,141 INFO [root] [2] otmvba msg value
2026-03-25 06:11:15,141 INFO [root] [2] otmvba handle value message
2026-03-25 06:11:15,141 INFO [root] [2] value-self.acss_outputs.keys():dict_keys([3, 2, 1, 0])
2026-03-25 06:11:15,142 INFO [root] [2] --Directly send the proposal!--
2026-03-25 06:11:15,142 INFO [root] [2] Received OK from [20]
2026-03-25 06:11:15,142 INFO [root] [2] OK set: {20, 21, 22, 23}
2026-03-25 06:11:15,142 INFO [root] output: True
2026-03-25 06:11:15,142 INFO [root] [2] exit
2026-03-25 06:11:15,142 INFO [root] [2] Received OK from [20]
2026-03-25 06:11:15,142 INFO [root] [2] OK set: {20, 21, 22, 23}
2026-03-25 06:11:15,143 INFO [root] output: True
2026-03-25 06:11:15,143 INFO [root] [2] exit
2026-03-25 06:11:15,143 INFO [root] [2] Received OK from [20]
2026-03-25 06:11:15,143 INFO [root] [2] OK set: {20, 21, 22, 23}
2026-03-25 06:11:15,143 INFO [root] output: True
2026-03-25 06:11:15,143 INFO [root] [2] exit
2026-03-25 06:11:15,183 INFO [root] [2] otmvba msg PrevoteQC
2026-03-25 06:11:15,183 INFO [root] [2] otmvba handle prevote qc message
2026-03-25 06:11:15,230 INFO [root] [2] otmvba msg VoteQC
2026-03-25 06:11:15,230 INFO [root] [2] otmvba handle vote qc message
2026-03-25 06:11:15,238 INFO [root] [2] otmvba Broadcasting to 20
2026-03-25 06:11:15,238 INFO [root] [2] otmvba Broadcasting to 21
2026-03-25 06:11:15,238 INFO [root] [2] otmvba Broadcasting to 22
2026-03-25 06:11:15,238 INFO [root] [2] otmvba Broadcasting to 23
2026-03-25 06:11:15,238 INFO [root] [2] otmvba msg Terminate
2026-03-25 06:11:15,238 INFO [root] [2] otmvba handle terminate message
2026-03-25 06:11:15,246 INFO [root] [2] otmvba Broadcasting to 20
2026-03-25 06:11:15,246 INFO [root] [2] otmvba Broadcasting to 21
2026-03-25 06:11:15,246 INFO [root] [2] otmvba Broadcasting to 22
2026-03-25 06:11:15,246 INFO [root] [2] otmvba Broadcasting to 23
2026-03-25 06:11:15,246 INFO [beaver.transfer] [2] [random shares] The ACS set is [0, 1, 2, 3]
2026-03-25 06:11:15,246 INFO [root] common: [0, 1, 2, 3]
2026-03-25 06:11:15,309 INFO [beaver.transfer] [2] [asynchronous dynamic transfer] Finished! Node 2, total number: 50, time: 2.8956966400146484 (seconds)
2026-03-25 06:11:15,309 INFO [root] layer ID: 5 trans_foll_time: 2.8967084884643555
2026-03-25 06:11:15,314 INFO [root] layer ID: 5 add_outputs length: 100
2026-03-25 06:11:15,314 INFO [root] layer ID: 5 exec_time: 0.004559993743896484
2026-03-25 06:11:15,314 INFO [beaver.transfer] [2] Starting DynamicTransfer
2026-03-25 06:11:15,314 INFO [beaver.transfer] [2] Starting ACSS to share 50 secrets
2026-03-25 06:11:15,315 INFO [root] [2] [asynchronous dynamic transfer] Layer ID: 5
2026-03-25 06:11:15,315 INFO [root] public_keys: [{'X': '3249210116738969514818332239536527784831097652542371828348713106469052034772342795692967834002415743105401596675267', 'Y': '927033903880489881678800446800063747566431252322810588048751762919935537864349475019836405703235425030316062302721'}, {'X': '296801599856582291049438956642582790184289625297533316948052575616730643221027707976170878022326184405820788781936', 'Y': '2582318831614383993034295034409792413331602131158528437205550550742588011044428535728939977277514752648926528242681'}, {'X': '877327356909327765121906412706086252029195597076473566397311789849348580610099222762299420018166156027648319552823', 'Y': '2184920360493119254899420508350384740218533901065732699402581881879970913601899401510251618991229104887118695752473'}, {'X': '45462746483573227994544911255839549487474466430315376197880898335318499791109192947912698381057049250054435258325', 'Y': '2029793888715159898332785232185944714967317548705479853014628067633171472590833023149222350889631087165416933593546'}]
2026-03-25 06:11:15,315 INFO [root] layer ID: 5 trans_pre_time: 0.0013549327850341797
2026-03-25 06:11:15,315 INFO [root] layer ID: 5 layer_time: 2.9027605056762695
2026-03-25 06:11:15,315 INFO [root] [2] AVSS tag: 2-0-6-B-AVSS
2026-03-25 06:11:15,315 INFO [root] [2] RBC tag: 2-0-6-B-RBC
2026-03-25 06:11:15,315 INFO [root] enter avss_with_aggtransfer
g = {[6679831729115696150 8653662730902241269 1535610680227111361 17342916647841752903 17135755455211762752 1297449291367578485] [13451288730302620273 10097742279870053774 15949884091978425806 5885175747529691540 1016841820992199104 845620083434234474]}
h = {[13794385998538644597 108816626937764141 12130603454454490125 6127379912259600201 17481961476035825978 950355161936836191] [10722765800778186391 17107915684035394744 11626309118465119103 5217919199071354366 6102759180633827794 660535627654889709]}
Equal? false
2026-03-25 06:11:15,620 INFO [root] [2] Starting reliable broadcast
2026-03-25 06:11:15,620 INFO [root] self.msgmode: avss_with_aggtransfer
2026-03-25 06:11:15,620 INFO [root] rbc_list: [22, 24, 25, 26, 27]
2026-03-25 06:11:15,620 INFO [root] committee_size: 4
2026-03-25 06:11:15,620 INFO [root] n: 5
2026-03-25 06:11:15,620 INFO [root] f: 1
2026-03-25 06:11:15,621 INFO [root] pid: 2
2026-03-25 06:11:15,621 INFO [root] leader: 2
2026-03-25 06:11:15,621 INFO [root] [2] Sending to 0: 24
2026-03-25 06:11:15,621 INFO [root] [2] Sending to 1: 25
2026-03-25 06:11:15,621 INFO [root] [2] Sending to 2: 26
2026-03-25 06:11:15,621 INFO [root] [2] Sending to 3: 27
2026-03-25 06:11:15,621 INFO [root] [2] Starting AVID disperse
2026-03-25 06:11:15,622 INFO [root] [2] Dispersed VAL message to committee
my_send_id: 22 exec_time: 7.911008596420288
2026-03-25 06:11:25,320 INFO [root] [2] Bytes Sent: TR5:588667 which is 48.527%
2026-03-25 06:11:25,320 INFO [root] [2] Bytes Sent: TR6:624416 which is 51.473%
2026-03-25 06:11:25,320 INFO [root] [2] Total bytes sent out aa: 1213083
2026-03-25 06:11:25,322 INFO [benchmark_logger] Total bytes sent out: 1213083
2026-03-25 06:11:25,331 ERROR [asyncio] Task was destroyed but it is pending!
task: <Task pending name='Task-35' coro=<subscribe_recv.<locals>._recv_loop() running at /opt/dumbo-mpc/dumbo-mpc/AsyRanTriGen/beaver/utils/misc.py:89> wait_for=<Future pending cb=[<TaskWakeupMethWrapper object at 0x7f4ec8ab9640>()]>>
Exception ignored in: <coroutine object subscribe_recv.<locals>._recv_loop at 0x7f4ec8aab7c0>
Traceback (most recent call last):
  File "/opt/dumbo-mpc/dumbo-mpc/AsyRanTriGen/beaver/utils/misc.py", line 89, in _recv_loop
    j, (tag, o) = await recv()
  File "/usr/lib/python3.8/asyncio/queues.py", line 165, in get
    getter.cancel()  # Just in case getter is not done yet.
  File "uvloop/loop.pyx", line 1281, in uvloop.loop.Loop.call_soon
  File "uvloop/loop.pyx", line 669, in uvloop.loop.Loop._call_soon
  File "uvloop/loop.pyx", line 678, in uvloop.loop.Loop._call_soon_handle
  File "uvloop/loop.pyx", line 673, in uvloop.loop.Loop._append_ready_handle
  File "uvloop/loop.pyx", line 705, in uvloop.loop.Loop._check_closed
RuntimeError: Event loop is closed
2026-03-25 06:11:25,331 ERROR [asyncio] Task was destroyed but it is pending!
task: <Task pending name='Task-55' coro=<rbc_dyn() running at /opt/dumbo-mpc/dumbo-mpc/AsyRanTriGen/beaver/broadcast/reliablebroadcast.py:411> wait_for=<Future cancelled>>
Exception ignored in: <coroutine object rbc_dyn at 0x7f4ec8ac76c0>
Traceback (most recent call last):
  File "/opt/dumbo-mpc/dumbo-mpc/AsyRanTriGen/beaver/broadcast/reliablebroadcast.py", line 411, in rbc_dyn
    sender, msg = await receive()
  File "/usr/lib/python3.8/asyncio/queues.py", line 165, in get
    getter.cancel()  # Just in case getter is not done yet.
  File "uvloop/loop.pyx", line 1281, in uvloop.loop.Loop.call_soon
  File "uvloop/loop.pyx", line 669, in uvloop.loop.Loop._call_soon
  File "uvloop/loop.pyx", line 678, in uvloop.loop.Loop._call_soon_handle
  File "uvloop/loop.pyx", line 673, in uvloop.loop.Loop._append_ready_handle
  File "uvloop/loop.pyx", line 705, in uvloop.loop.Loop._check_closed
RuntimeError: Event loop is closed
2026-03-25 06:11:25,332 ERROR [asyncio] Task was destroyed but it is pending!
task: <Task pending name='Task-57' coro=<AVID_DYNAMIC.disperse() running at /opt/dumbo-mpc/dumbo-mpc/AsyRanTriGen/beaver/broadcast/avid.py:461> wait_for=<Future cancelled>>
Exception ignored in: <coroutine object AVID_DYNAMIC.disperse at 0x7f4ec460ab40>
Traceback (most recent call last):
  File "/opt/dumbo-mpc/dumbo-mpc/AsyRanTriGen/beaver/broadcast/avid.py", line 461, in disperse
    sender, msg = await self.recv()
  File "/usr/lib/python3.8/asyncio/queues.py", line 165, in get
    getter.cancel()  # Just in case getter is not done yet.
  File "uvloop/loop.pyx", line 1281, in uvloop.loop.Loop.call_soon
  File "uvloop/loop.pyx", line 669, in uvloop.loop.Loop._call_soon
  File "uvloop/loop.pyx", line 678, in uvloop.loop.Loop._call_soon_handle
  File "uvloop/loop.pyx", line 673, in uvloop.loop.Loop._append_ready_handle
  File "uvloop/loop.pyx", line 705, in uvloop.loop.Loop._check_closed
RuntimeError: Event loop is closed
2026-03-25 06:11:25,332 ERROR [asyncio] Task was destroyed but it is pending!
task: <Task pending name='Task-37' coro=<subscribe_recv.<locals>._recv_loop() running at /opt/dumbo-mpc/dumbo-mpc/AsyRanTriGen/beaver/utils/misc.py:89> wait_for=<Future cancelled>>
Exception ignored in: <coroutine object subscribe_recv.<locals>._recv_loop at 0x7f4ec8a6f640>
Traceback (most recent call last):
  File "/opt/dumbo-mpc/dumbo-mpc/AsyRanTriGen/beaver/utils/misc.py", line 89, in _recv_loop
    j, (tag, o) = await recv()
ValueError: coroutine already executing
Exception ignored in: <coroutine object Queue.get at 0x7f4ec8abfdc0>
Traceback (most recent call last):
  File "/usr/lib/python3.8/asyncio/queues.py", line 165, in get
    getter.cancel()  # Just in case getter is not done yet.
  File "uvloop/loop.pyx", line 1281, in uvloop.loop.Loop.call_soon
  File "uvloop/loop.pyx", line 669, in uvloop.loop.Loop._call_soon
  File "uvloop/loop.pyx", line 678, in uvloop.loop.Loop._call_soon_handle
  File "uvloop/loop.pyx", line 673, in uvloop.loop.Loop._append_ready_handle
  File "uvloop/loop.pyx", line 705, in uvloop.loop.Loop._check_closed
RuntimeError: Event loop is closed
Exception ignored in: <coroutine object Queue.get at 0x7f4ec8abf040>
Traceback (most recent call last):
  File "/usr/lib/python3.8/asyncio/queues.py", line 165, in get
    getter.cancel()  # Just in case getter is not done yet.
  File "uvloop/loop.pyx", line 1281, in uvloop.loop.Loop.call_soon
  File "uvloop/loop.pyx", line 669, in uvloop.loop.Loop._call_soon
  File "uvloop/loop.pyx", line 678, in uvloop.loop.Loop._call_soon_handle
  File "uvloop/loop.pyx", line 673, in uvloop.loop.Loop._append_ready_handle
  File "uvloop/loop.pyx", line 705, in uvloop.loop.Loop._check_closed
RuntimeError: Event loop is closed
2026-03-25 06:11:25,333 ERROR [asyncio] Task was destroyed but it is pending!
task: <Task pending name='Task-39' coro=<subscribe_recv.<locals>._recv_loop() running at /opt/dumbo-mpc/dumbo-mpc/AsyRanTriGen/beaver/utils/misc.py:89> wait_for=<Future pending cb=[<TaskWakeupMethWrapper object at 0x7f4ec8bb6490>()]>>
2026-03-25 06:11:25,333 ERROR [asyncio] Task was destroyed but it is pending!
task: <Task pending name='Task-47' coro=<ACSS_Foll._recv_loop() running at /opt/dumbo-mpc/dumbo-mpc/AsyRanTriGen/beaver/hbacss.py:3710> wait_for=<Future pending cb=[<TaskWakeupMethWrapper object at 0x7f4ec8ac5fa0>()]>>
Exception ignored in: <coroutine object subscribe_recv.<locals>._recv_loop at 0x7f4ec8abfb40>
Traceback (most recent call last):
  File "/opt/dumbo-mpc/dumbo-mpc/AsyRanTriGen/beaver/utils/misc.py", line 89, in _recv_loop
    j, (tag, o) = await recv()
  File "/usr/lib/python3.8/asyncio/queues.py", line 165, in get
    getter.cancel()  # Just in case getter is not done yet.
  File "uvloop/loop.pyx", line 1281, in uvloop.loop.Loop.call_soon
  File "uvloop/loop.pyx", line 669, in uvloop.loop.Loop._call_soon
  File "uvloop/loop.pyx", line 678, in uvloop.loop.Loop._call_soon_handle
  File "uvloop/loop.pyx", line 673, in uvloop.loop.Loop._append_ready_handle
  File "uvloop/loop.pyx", line 705, in uvloop.loop.Loop._check_closed
RuntimeError: Event loop is closed
Exception ignored in: <coroutine object ACSS_Foll._recv_loop at 0x7f4ec8abfec0>
Traceback (most recent call last):
  File "/opt/dumbo-mpc/dumbo-mpc/AsyRanTriGen/beaver/hbacss.py", line 3710, in _recv_loop
    await avid.disperse(tag, self.my_id+1, dispersal_msg_list)
  File "/opt/dumbo-mpc/dumbo-mpc/AsyRanTriGen/beaver/broadcast/avid.py", line 461, in disperse
    sender, msg = await self.recv()
  File "/usr/lib/python3.8/asyncio/queues.py", line 165, in get
    getter.cancel()  # Just in case getter is not done yet.
  File "uvloop/loop.pyx", line 1281, in uvloop.loop.Loop.call_soon
  File "uvloop/loop.pyx", line 669, in uvloop.loop.Loop._call_soon
  File "uvloop/loop.pyx", line 678, in uvloop.loop.Loop._call_soon_handle
  File "uvloop/loop.pyx", line 673, in uvloop.loop.Loop._append_ready_handle
  File "uvloop/loop.pyx", line 705, in uvloop.loop.Loop._check_closed
RuntimeError: Event loop is closed
2026-03-25 06:11:25,335 ERROR [asyncio] Task was destroyed but it is pending!
task: <Task pending name='Task-46' coro=<ACSS_Foll._recv_loop() running at /opt/dumbo-mpc/dumbo-mpc/AsyRanTriGen/beaver/hbacss.py:3708> wait_for=<Future pending cb=[<TaskWakeupMethWrapper object at 0x7f4ec8ac5bb0>()]>>
2026-03-25 06:11:25,335 ERROR [asyncio] Task was destroyed but it is pending!
task: <Task pending name='Task-44' coro=<ACSS_Foll._recv_loop() running at /opt/dumbo-mpc/dumbo-mpc/AsyRanTriGen/beaver/hbacss.py:3710> wait_for=<Future pending cb=[<TaskWakeupMethWrapper object at 0x7f4ec8ac5940>()]>>
2026-03-25 06:11:25,335 ERROR [asyncio] Task was destroyed but it is pending!
task: <Task pending name='Task-45' coro=<ACSS_Foll._recv_loop() running at /opt/dumbo-mpc/dumbo-mpc/AsyRanTriGen/beaver/hbacss.py:3710> wait_for=<Future pending cb=[<TaskWakeupMethWrapper object at 0x7f4ec8bb6340>()]>>
Exception ignored in: <coroutine object ACSS_Foll._recv_loop at 0x7f4ec8abdec0>
Traceback (most recent call last):
  File "/opt/dumbo-mpc/dumbo-mpc/AsyRanTriGen/beaver/hbacss.py", line 3708, in _recv_loop
    await avid.disperse(tag, self.my_id, dispersal_msg_list)
  File "/opt/dumbo-mpc/dumbo-mpc/AsyRanTriGen/beaver/broadcast/avid.py", line 461, in disperse
    sender, msg = await self.recv()
  File "/usr/lib/python3.8/asyncio/queues.py", line 165, in get
    getter.cancel()  # Just in case getter is not done yet.
  File "uvloop/loop.pyx", line 1281, in uvloop.loop.Loop.call_soon
  File "uvloop/loop.pyx", line 669, in uvloop.loop.Loop._call_soon
  File "uvloop/loop.pyx", line 678, in uvloop.loop.Loop._call_soon_handle
  File "uvloop/loop.pyx", line 673, in uvloop.loop.Loop._append_ready_handle
  File "uvloop/loop.pyx", line 705, in uvloop.loop.Loop._check_closed
RuntimeError: Event loop is closed
Exception ignored in: <coroutine object ACSS_Foll._recv_loop at 0x7f4ec8a6f5c0>
Traceback (most recent call last):
  File "/opt/dumbo-mpc/dumbo-mpc/AsyRanTriGen/beaver/hbacss.py", line 3710, in _recv_loop
    await avid.disperse(tag, self.my_id+1, dispersal_msg_list)
  File "/opt/dumbo-mpc/dumbo-mpc/AsyRanTriGen/beaver/broadcast/avid.py", line 461, in disperse
    sender, msg = await self.recv()
  File "/usr/lib/python3.8/asyncio/queues.py", line 165, in get
    getter.cancel()  # Just in case getter is not done yet.
  File "uvloop/loop.pyx", line 1281, in uvloop.loop.Loop.call_soon
  File "uvloop/loop.pyx", line 669, in uvloop.loop.Loop._call_soon
  File "uvloop/loop.pyx", line 678, in uvloop.loop.Loop._call_soon_handle
  File "uvloop/loop.pyx", line 673, in uvloop.loop.Loop._append_ready_handle
  File "uvloop/loop.pyx", line 705, in uvloop.loop.Loop._check_closed
RuntimeError: Event loop is closed
Exception ignored in: <coroutine object ACSS_Foll._recv_loop at 0x7f4ec8abfac0>
Traceback (most recent call last):
  File "/opt/dumbo-mpc/dumbo-mpc/AsyRanTriGen/beaver/hbacss.py", line 3710, in _recv_loop
    await avid.disperse(tag, self.my_id+1, dispersal_msg_list)
  File "/opt/dumbo-mpc/dumbo-mpc/AsyRanTriGen/beaver/broadcast/avid.py", line 461, in disperse
    sender, msg = await self.recv()
  File "/usr/lib/python3.8/asyncio/queues.py", line 165, in get
    getter.cancel()  # Just in case getter is not done yet.
  File "uvloop/loop.pyx", line 1281, in uvloop.loop.Loop.call_soon
  File "uvloop/loop.pyx", line 669, in uvloop.loop.Loop._call_soon
  File "uvloop/loop.pyx", line 678, in uvloop.loop.Loop._call_soon_handle
  File "uvloop/loop.pyx", line 673, in uvloop.loop.Loop._append_ready_handle
  File "uvloop/loop.pyx", line 705, in uvloop.loop.Loop._check_closed
RuntimeError: Event loop is closed
2026-03-25 06:11:25,338 ERROR [asyncio] Task was destroyed but it is pending!
task: <Task pending name='Task-48' coro=<subscribe_recv.<locals>._recv_loop() running at /opt/dumbo-mpc/dumbo-mpc/AsyRanTriGen/beaver/utils/misc.py:89> wait_for=<Future cancelled>>
2026-03-25 06:11:25,338 ERROR [asyncio] Task was destroyed but it is pending!
task: <Task pending name='Task-49' coro=<OptimalCommonSet.fallback_timer() running at /opt/dumbo-mpc/dumbo-mpc/AsyRanTriGen/beaver/broadcast/otmvba_dyn.py:71> wait_for=<Future pending cb=[<TaskWakeupMethWrapper object at 0x7f4ec8bc24c0>()]>>
2026-03-25 06:11:25,338 ERROR [asyncio] Task was destroyed but it is pending!
task: <Task pending name='Task-50' coro=<subscribe_recv.<locals>._recv_loop() running at /opt/dumbo-mpc/dumbo-mpc/AsyRanTriGen/beaver/utils/misc.py:89> wait_for=<Future pending cb=[<TaskWakeupMethWrapper object at 0x7f4ec8ab9bb0>()]>>
2026-03-25 06:11:25,338 ERROR [asyncio] Task was destroyed but it is pending!
task: <Task pending name='Task-53' coro=<subscribe_recv.<locals>._recv_loop() running at /opt/dumbo-mpc/dumbo-mpc/AsyRanTriGen/beaver/utils/misc.py:89> wait_for=<Future pending cb=[<TaskWakeupMethWrapper object at 0x7f4ec8bb6220>()]>>
Exception ignored in: <coroutine object subscribe_recv.<locals>._recv_loop at 0x7f4ec8adc3c0>
Traceback (most recent call last):
  File "/opt/dumbo-mpc/dumbo-mpc/AsyRanTriGen/beaver/utils/misc.py", line 89, in _recv_loop
    j, (tag, o) = await recv()
  File "/usr/lib/python3.8/asyncio/queues.py", line 165, in get
    getter.cancel()  # Just in case getter is not done yet.
  File "uvloop/loop.pyx", line 1281, in uvloop.loop.Loop.call_soon
  File "uvloop/loop.pyx", line 669, in uvloop.loop.Loop._call_soon
  File "uvloop/loop.pyx", line 678, in uvloop.loop.Loop._call_soon_handle
  File "uvloop/loop.pyx", line 673, in uvloop.loop.Loop._append_ready_handle
  File "uvloop/loop.pyx", line 705, in uvloop.loop.Loop._check_closed
RuntimeError: Event loop is closed
Exception ignored in: <coroutine object subscribe_recv.<locals>._recv_loop at 0x7f4ec4607f40>
Traceback (most recent call last):
  File "/opt/dumbo-mpc/dumbo-mpc/AsyRanTriGen/beaver/utils/misc.py", line 89, in _recv_loop
    j, (tag, o) = await recv()
  File "/usr/lib/python3.8/asyncio/queues.py", line 165, in get
    getter.cancel()  # Just in case getter is not done yet.
  File "uvloop/loop.pyx", line 1281, in uvloop.loop.Loop.call_soon
  File "uvloop/loop.pyx", line 669, in uvloop.loop.Loop._call_soon
  File "uvloop/loop.pyx", line 678, in uvloop.loop.Loop._call_soon_handle
  File "uvloop/loop.pyx", line 673, in uvloop.loop.Loop._append_ready_handle
  File "uvloop/loop.pyx", line 705, in uvloop.loop.Loop._check_closed
RuntimeError: Event loop is closed
