Warning: Permanently added '124.221.25.126' (ECDSA) to the list of known hosts.
time="2026-03-25T14:11:10+08:00" level=warning msg="/root/Continuum/dumbo-mpc/docker-compose.yml: the attribute `version` is obsolete, it will be ignored, please remove it to avoid potential confusion"
 Container dumbo-mpc-dumbo-mpc-run-62bd686de79e Creating 
 Container dumbo-mpc-dumbo-mpc-run-62bd686de79e Created 
2026-03-25 06:11:11,791 INFO [root] Running ADMPC ...
2026-03-25 06:11:12,427 INFO [root] my_send_id: 29
2026-03-25 06:11:12,432 INFO [root] ADMPC start time: 1774419072.4326196
2026-03-25 06:11:12,434 INFO [root] [Layer 7] Reached run_admpc checkpoint
2026-03-25 06:11:12,434 INFO [beaver.transfer] [1] Starting DynamicTransfer_Foll
2026-03-25 06:11:12,435 INFO [beaver.transfer] [1] Starting ACSS to share 50 secrets
2026-03-25 06:11:12,435 INFO [root] [1] Starting Batch AVSS. Id: 0, Dealer Id: 0, Client Mode: False
2026-03-25 06:11:12,435 INFO [root] [1] AVSS tag: 0-0-7-B-AVSS
2026-03-25 06:11:12,435 INFO [root] [1] RBC tag: 0-0-7-B-RBC
2026-03-25 06:11:12,436 INFO [root] [1] Starting AVSS with shares_num: 50, dealer_id: 0, client_mode: False
2026-03-25 06:11:12,436 INFO [root] rbc_list: [24, 28, 29, 30, 31]
2026-03-25 06:11:12,437 INFO [root] committee_size: 4
2026-03-25 06:11:12,437 INFO [root] n: 5
2026-03-25 06:11:12,437 INFO [root] f: 1
2026-03-25 06:11:12,437 INFO [root] pid: 2
2026-03-25 06:11:12,437 INFO [root] leader: 0
2026-03-25 06:11:12,437 INFO [root] [1] Starting Batch AVSS. Id: 0, Dealer Id: 1, Client Mode: False
2026-03-25 06:11:12,437 INFO [root] [1] AVSS tag: 1-0-7-B-AVSS
2026-03-25 06:11:12,437 INFO [root] [1] RBC tag: 1-0-7-B-RBC
2026-03-25 06:11:12,438 INFO [root] [1] Starting AVSS with shares_num: 50, dealer_id: 1, client_mode: False
2026-03-25 06:11:12,438 INFO [root] rbc_list: [25, 28, 29, 30, 31]
2026-03-25 06:11:12,438 INFO [root] committee_size: 4
2026-03-25 06:11:12,438 INFO [root] n: 5
2026-03-25 06:11:12,438 INFO [root] f: 1
2026-03-25 06:11:12,439 INFO [root] pid: 2
2026-03-25 06:11:12,439 INFO [root] leader: 1
2026-03-25 06:11:12,439 INFO [root] [1] Starting Batch AVSS. Id: 0, Dealer Id: 2, Client Mode: False
2026-03-25 06:11:12,439 INFO [root] [1] AVSS tag: 2-0-7-B-AVSS
2026-03-25 06:11:12,439 INFO [root] [1] RBC tag: 2-0-7-B-RBC
2026-03-25 06:11:12,439 INFO [root] [1] Starting AVSS with shares_num: 50, dealer_id: 2, client_mode: False
2026-03-25 06:11:12,439 INFO [root] rbc_list: [26, 28, 29, 30, 31]
2026-03-25 06:11:12,440 INFO [root] committee_size: 4
2026-03-25 06:11:12,440 INFO [root] n: 5
2026-03-25 06:11:12,440 INFO [root] f: 1
2026-03-25 06:11:12,440 INFO [root] pid: 1
2026-03-25 06:11:12,440 INFO [root] leader: 2
2026-03-25 06:11:12,441 INFO [root] [1] Starting Batch AVSS. Id: 0, Dealer Id: 3, Client Mode: False
2026-03-25 06:11:12,441 INFO [root] [1] AVSS tag: 3-0-7-B-AVSS
2026-03-25 06:11:12,441 INFO [root] [1] RBC tag: 3-0-7-B-RBC
2026-03-25 06:11:12,441 INFO [root] [1] Starting AVSS with shares_num: 50, dealer_id: 3, client_mode: False
2026-03-25 06:11:12,441 INFO [root] rbc_list: [27, 28, 29, 30, 31]
2026-03-25 06:11:12,441 INFO [root] committee_size: 4
2026-03-25 06:11:12,442 INFO [root] n: 5
2026-03-25 06:11:12,442 INFO [root] f: 1
2026-03-25 06:11:12,442 INFO [root] pid: 1
2026-03-25 06:11:12,442 INFO [root] leader: 3
2026-03-25 06:11:16,186 INFO [root] [2] Received VAL message from 25
2026-03-25 06:11:16,186 INFO [root] entering n == commitee_size + 1
2026-03-25 06:11:16,187 INFO [root] [2] sender: 25, leader: 1
2026-03-25 06:11:16,187 INFO [root] [2] Successfully validated VAL message
2026-03-25 06:11:16,187 INFO [root] [2] Broadcasted ECHO message for roothash b']/\xef\xde\xf2V\x8d\x86\xb8W\xc7D\x13\x8e\x02\x84g\x9aj\xc4\x93\xd9\xd5\xc2c\xa6\x1f\xfd\xdd\xa0I2'
2026-03-25 06:11:16,187 INFO [root] broadcast Sending to 1: 28
2026-03-25 06:11:16,187 INFO [root] broadcast Sending to 2: 29
2026-03-25 06:11:16,187 INFO [root] broadcast Sending to 3: 30
2026-03-25 06:11:16,187 INFO [root] broadcast Sending to 4: 31
2026-03-25 06:11:16,187 INFO [root] [2] Received ECHO message from 29
2026-03-25 06:11:16,188 INFO [root] [2] Received ECHO message from 28
2026-03-25 06:11:16,188 INFO [root] [2] Received ECHO message from 31
2026-03-25 06:11:16,188 INFO [root] [2] Broadcasted READY message for roothash b']/\xef\xde\xf2V\x8d\x86\xb8W\xc7D\x13\x8e\x02\x84g\x9aj\xc4\x93\xd9\xd5\xc2c\xa6\x1f\xfd\xdd\xa0I2'
2026-03-25 06:11:16,188 INFO [root] broadcast Sending to 1: 28
2026-03-25 06:11:16,188 INFO [root] broadcast Sending to 2: 29
2026-03-25 06:11:16,188 INFO [root] broadcast Sending to 3: 30
2026-03-25 06:11:16,188 INFO [root] broadcast Sending to 4: 31
2026-03-25 06:11:16,189 INFO [root] [2] Received READY message from 29
2026-03-25 06:11:16,189 INFO [root] [1] Received VAL message from 27
2026-03-25 06:11:16,189 INFO [root] entering n == commitee_size + 1
2026-03-25 06:11:16,189 INFO [root] [1] sender: 27, leader: 3
2026-03-25 06:11:16,189 INFO [root] [1] Successfully validated VAL message
2026-03-25 06:11:16,189 INFO [root] [1] Broadcasted ECHO message for roothash b'\xb2A\xe9\x85\x0e\x8d\xe8\xad\t\r\xe0Vi9\x8c\x81R)`\xd0\xbc\xe8Z\x01{mUE,8\xe8\xb8'
2026-03-25 06:11:16,189 INFO [root] broadcast Sending to 1: 28
2026-03-25 06:11:16,189 INFO [root] broadcast Sending to 2: 29
2026-03-25 06:11:16,189 INFO [root] broadcast Sending to 3: 30
2026-03-25 06:11:16,189 INFO [root] broadcast Sending to 4: 31
2026-03-25 06:11:16,189 INFO [root] [2] Received ECHO message from 30
2026-03-25 06:11:16,189 INFO [root] [1] Received ECHO message from 29
2026-03-25 06:11:16,190 INFO [root] [1] Received ECHO message from 31
2026-03-25 06:11:16,191 INFO [root] [1] Received ECHO message from 28
2026-03-25 06:11:16,191 INFO [root] [1] Broadcasted READY message for roothash b'\xb2A\xe9\x85\x0e\x8d\xe8\xad\t\r\xe0Vi9\x8c\x81R)`\xd0\xbc\xe8Z\x01{mUE,8\xe8\xb8'
2026-03-25 06:11:16,191 INFO [root] broadcast Sending to 1: 28
2026-03-25 06:11:16,191 INFO [root] broadcast Sending to 2: 29
2026-03-25 06:11:16,191 INFO [root] broadcast Sending to 3: 30
2026-03-25 06:11:16,191 INFO [root] broadcast Sending to 4: 31
2026-03-25 06:11:16,191 INFO [root] [2] Received READY message from 28
2026-03-25 06:11:16,191 INFO [root] [2] Received READY message from 30
2026-03-25 06:11:16,191 INFO [root] Decoding output for roothash: b']/\xef\xde\xf2V\x8d\x86\xb8W\xc7D\x13\x8e\x02\x84g\x9aj\xc4\x93\xd9\xd5\xc2c\xa6\x1f\xfd\xdd\xa0I2'
2026-03-25 06:11:16,191 INFO [root] [1] Received RBC message
2026-03-25 06:11:16,191 INFO [root] multicast list: [28, 29, 30, 31]
2026-03-25 06:11:16,191 INFO [root] before avid.retrieve
2026-03-25 06:11:16,192 INFO [root] [1] Received READY message from 29
2026-03-25 06:11:16,192 INFO [root] [1] Received ECHO message from 30
2026-03-25 06:11:16,192 INFO [root] [1] Received VAL message from 26
2026-03-25 06:11:16,192 INFO [root] entering n == commitee_size + 1
2026-03-25 06:11:16,192 INFO [root] [1] sender: 26, leader: 2
2026-03-25 06:11:16,192 INFO [root] [1] Successfully validated VAL message
2026-03-25 06:11:16,192 INFO [root] [1] Broadcasted ECHO message for roothash b"\xad\xd6\xccT\\']\n\x98\xcc\x9c\x01s\xd4\xceN;\xef\xa3\x7f\x80\xbd\x96^D\xd6[x\x1cfA\x18"
2026-03-25 06:11:16,192 INFO [root] broadcast Sending to 1: 28
2026-03-25 06:11:16,192 INFO [root] broadcast Sending to 2: 29
2026-03-25 06:11:16,192 INFO [root] broadcast Sending to 3: 30
2026-03-25 06:11:16,192 INFO [root] broadcast Sending to 4: 31
2026-03-25 06:11:16,192 INFO [root] [1] Received ECHO message from 29
2026-03-25 06:11:16,193 INFO [root] [1] Received READY message from 28
2026-03-25 06:11:16,193 INFO [root] [1] Received READY message from 31
2026-03-25 06:11:16,193 INFO [root] Decoding output for roothash: b'\xb2A\xe9\x85\x0e\x8d\xe8\xad\t\r\xe0Vi9\x8c\x81R)`\xd0\xbc\xe8Z\x01{mUE,8\xe8\xb8'
2026-03-25 06:11:16,193 INFO [root] [1] Received RBC message
2026-03-25 06:11:16,194 INFO [root] multicast list: [28, 29, 30, 31]
2026-03-25 06:11:16,194 INFO [root] before avid.retrieve
2026-03-25 06:11:16,194 INFO [root] [1] Received ECHO message from 31
2026-03-25 06:11:16,194 INFO [root] [1] Received ECHO message from 28
2026-03-25 06:11:16,194 INFO [root] [1] Broadcasted READY message for roothash b"\xad\xd6\xccT\\']\n\x98\xcc\x9c\x01s\xd4\xceN;\xef\xa3\x7f\x80\xbd\x96^D\xd6[x\x1cfA\x18"
2026-03-25 06:11:16,194 INFO [root] broadcast Sending to 1: 28
2026-03-25 06:11:16,194 INFO [root] broadcast Sending to 2: 29
2026-03-25 06:11:16,194 INFO [root] broadcast Sending to 3: 30
2026-03-25 06:11:16,194 INFO [root] broadcast Sending to 4: 31
2026-03-25 06:11:16,195 INFO [root] AVID broadcast to 1: 28
2026-03-25 06:11:16,195 INFO [root] AVID broadcast to 2: 29
2026-03-25 06:11:16,195 INFO [root] AVID broadcast to 3: 30
2026-03-25 06:11:16,195 INFO [root] AVID broadcast to 4: 31
2026-03-25 06:11:16,195 INFO [root] [1] Received ECHO message from 30
2026-03-25 06:11:16,195 INFO [root] [1] Received READY message from 29
2026-03-25 06:11:16,195 INFO [root] AVID broadcast to 1: 28
2026-03-25 06:11:16,195 INFO [root] AVID broadcast to 2: 29
2026-03-25 06:11:16,195 INFO [root] AVID broadcast to 3: 30
2026-03-25 06:11:16,195 INFO [root] AVID broadcast to 4: 31
2026-03-25 06:11:16,196 INFO [root] AVID broadcast to 1: 28
2026-03-25 06:11:16,196 INFO [root] AVID broadcast to 2: 29
2026-03-25 06:11:16,196 INFO [root] AVID broadcast to 3: 30
2026-03-25 06:11:16,196 INFO [root] AVID broadcast to 4: 31
2026-03-25 06:11:16,196 INFO [root] [1] Received READY message from 28
2026-03-25 06:11:16,196 INFO [root] [1] Received READY message from 31
2026-03-25 06:11:16,196 INFO [root] Decoding output for roothash: b"\xad\xd6\xccT\\']\n\x98\xcc\x9c\x01s\xd4\xceN;\xef\xa3\x7f\x80\xbd\x96^D\xd6[x\x1cfA\x18"
2026-03-25 06:11:16,196 INFO [root] [1] Received RBC message
2026-03-25 06:11:16,196 INFO [root] multicast list: [28, 29, 30, 31]
2026-03-25 06:11:16,196 INFO [root] before avid.retrieve
2026-03-25 06:11:16,197 INFO [root] AVID broadcast to 1: 28
2026-03-25 06:11:16,197 INFO [root] AVID broadcast to 2: 29
2026-03-25 06:11:16,197 INFO [root] AVID broadcast to 3: 30
2026-03-25 06:11:16,197 INFO [root] AVID broadcast to 4: 31
2026-03-25 06:11:16,199 INFO [root] AVID broadcast to 1: 28
2026-03-25 06:11:16,199 INFO [root] AVID broadcast to 2: 29
2026-03-25 06:11:16,199 INFO [root] AVID broadcast to 3: 30
2026-03-25 06:11:16,199 INFO [root] AVID broadcast to 4: 31
2026-03-25 06:11:16,199 INFO [root] 3-0-7-B-AVSS 1 RETRIEVE called.
2026-03-25 06:11:16,199 INFO [root] AVID broadcast to 1: 28
2026-03-25 06:11:16,199 INFO [root] AVID broadcast to 2: 29
2026-03-25 06:11:16,199 INFO [root] AVID broadcast to 3: 30
2026-03-25 06:11:16,199 INFO [root] AVID broadcast to 4: 31
2026-03-25 06:11:16,199 INFO [root] 3-0-7-B-AVSS 1 RETRIEVE broadcasted.
2026-03-25 06:11:16,200 INFO [root] AVID broadcast to 1: 28
2026-03-25 06:11:16,200 INFO [root] AVID broadcast to 2: 29
2026-03-25 06:11:16,200 INFO [root] AVID broadcast to 3: 30
2026-03-25 06:11:16,200 INFO [root] AVID broadcast to 4: 31
2026-03-25 06:11:16,200 INFO [root] disperse msid: 3-0-7-B-AVSS, index: 1
2026-03-25 06:11:16,200 INFO [root] AVID retrieve called with sid: 3-0-7-B-AVID, index: 1
2026-03-25 06:11:16,201 INFO [root] 1-0-7-B-AVSS 1 RETRIEVE called.
2026-03-25 06:11:16,201 INFO [root] AVID broadcast to 1: 28
2026-03-25 06:11:16,201 INFO [root] AVID broadcast to 2: 29
2026-03-25 06:11:16,201 INFO [root] AVID broadcast to 3: 30
2026-03-25 06:11:16,201 INFO [root] AVID broadcast to 4: 31
2026-03-25 06:11:16,201 INFO [root] 1-0-7-B-AVSS 1 RETRIEVE broadcasted.
2026-03-25 06:11:16,201 INFO [root] disperse msid: 3-0-7-B-AVSS, index: 3
2026-03-25 06:11:16,201 INFO [root] AVID retrieve called with sid: 3-0-7-B-AVID, index: 3
2026-03-25 06:11:16,201 INFO [root] disperse msid: 3-0-7-B-AVSS, index: 2
2026-03-25 06:11:16,201 INFO [root] AVID retrieve called with sid: 3-0-7-B-AVID, index: 2
2026-03-25 06:11:16,201 INFO [root] disperse msid: 1-0-7-B-AVSS, index: 2
2026-03-25 06:11:16,201 INFO [root] AVID retrieve called with sid: 1-0-7-B-AVID, index: 2
2026-03-25 06:11:16,201 INFO [root] 2-0-7-B-AVSS 1 RETRIEVE called.
2026-03-25 06:11:16,201 INFO [root] AVID broadcast to 1: 28
2026-03-25 06:11:16,201 INFO [root] AVID broadcast to 2: 29
2026-03-25 06:11:16,201 INFO [root] AVID broadcast to 3: 30
2026-03-25 06:11:16,202 INFO [root] AVID broadcast to 4: 31
2026-03-25 06:11:16,202 INFO [root] 2-0-7-B-AVSS 1 RETRIEVE broadcasted.
2026-03-25 06:11:16,202 INFO [root] 3-0-7-B-AVSS 1 AVID retrieve msg from 29
2026-03-25 06:11:16,202 INFO [root] AVID retrieve response received
2026-03-25 06:11:16,202 INFO [root] retrieve msid: 3-0-7-B-AVID, response_index: 1
2026-03-25 06:11:16,202 INFO [root] RESPONSE from 29
2026-03-25 06:11:16,202 INFO [root] sender self.committee_size: 1
2026-03-25 06:11:16,202 INFO [root] disperse msid: 1-0-7-B-AVSS, index: 1
2026-03-25 06:11:16,202 INFO [root] AVID retrieve called with sid: 1-0-7-B-AVID, index: 1
2026-03-25 06:11:16,202 INFO [root] disperse msid: 1-0-7-B-AVSS, index: 3
2026-03-25 06:11:16,202 INFO [root] AVID retrieve called with sid: 1-0-7-B-AVID, index: 3
2026-03-25 06:11:16,202 INFO [root] disperse msid: 1-0-7-B-AVSS, index: 0
2026-03-25 06:11:16,202 INFO [root] AVID retrieve called with sid: 1-0-7-B-AVID, index: 0
2026-03-25 06:11:16,202 INFO [root] disperse msid: 3-0-7-B-AVSS, index: 0
2026-03-25 06:11:16,202 INFO [root] AVID retrieve called with sid: 3-0-7-B-AVID, index: 0
2026-03-25 06:11:16,203 INFO [root] disperse msid: 2-0-7-B-AVSS, index: 1
2026-03-25 06:11:16,203 INFO [root] AVID retrieve called with sid: 2-0-7-B-AVID, index: 1
2026-03-25 06:11:16,203 INFO [root] 1-0-7-B-AVSS 1 AVID retrieve msg from 29
2026-03-25 06:11:16,203 INFO [root] AVID retrieve response received
2026-03-25 06:11:16,203 INFO [root] retrieve msid: 1-0-7-B-AVID, response_index: 1
2026-03-25 06:11:16,203 INFO [root] RESPONSE from 29
2026-03-25 06:11:16,203 INFO [root] sender self.committee_size: 1
2026-03-25 06:11:16,203 INFO [root] disperse msid: 2-0-7-B-AVSS, index: 0
2026-03-25 06:11:16,203 INFO [root] AVID retrieve called with sid: 2-0-7-B-AVID, index: 0
2026-03-25 06:11:16,203 INFO [root] 2-0-7-B-AVSS 1 AVID retrieve msg from 29
2026-03-25 06:11:16,203 INFO [root] AVID retrieve response received
2026-03-25 06:11:16,203 INFO [root] retrieve msid: 2-0-7-B-AVID, response_index: 1
2026-03-25 06:11:16,203 INFO [root] RESPONSE from 29
2026-03-25 06:11:16,203 INFO [root] sender self.committee_size: 1
2026-03-25 06:11:16,203 INFO [root] 3-0-7-B-AVSS 1 AVID retrieve msg from 31
2026-03-25 06:11:16,203 INFO [root] AVID retrieve response received
2026-03-25 06:11:16,203 INFO [root] retrieve msid: 3-0-7-B-AVID, response_index: 1
2026-03-25 06:11:16,203 INFO [root] RESPONSE from 31
2026-03-25 06:11:16,203 INFO [root] sender self.committee_size: 3
2026-03-25 06:11:16,204 INFO [root] 3-0-7-B-AVSS 1 RETRIEVE complete.
2026-03-25 06:11:16,204 INFO [root] after avid.retrieve dispersal_msg
2026-03-25 06:11:16,204 INFO [root] Handling dealer messages for dealer_id: 3, tag: 3-0-7-B-AVSS
2026-03-25 06:11:16,230 INFO [root] shares verified successfully
2026-03-25 06:11:16,230 INFO [root] all_shares_valid: True
2026-03-25 06:11:16,230 INFO [root] after _handle_dealer_msgs, all_shares_valid
2026-03-25 06:11:16,230 INFO [root] self.tagvars[tag]['all_shares_valid']: True
2026-03-25 06:11:16,230 INFO [root] multicast to 28
2026-03-25 06:11:16,230 INFO [root] multicast to 29
2026-03-25 06:11:16,230 INFO [root] multicast to 30
2026-03-25 06:11:16,230 INFO [root] multicast to 31
2026-03-25 06:11:16,231 INFO [root] [1] Received OK from [29]
2026-03-25 06:11:16,231 INFO [root] [1] OK set: {29}
2026-03-25 06:11:16,231 INFO [root] output: True
2026-03-25 06:11:16,231 INFO [root] disperse msid: 2-0-7-B-AVSS, index: 3
2026-03-25 06:11:16,231 INFO [root] AVID retrieve called with sid: 2-0-7-B-AVID, index: 3
2026-03-25 06:11:16,231 INFO [root] disperse msid: 2-0-7-B-AVSS, index: 2
2026-03-25 06:11:16,231 INFO [root] AVID retrieve called with sid: 2-0-7-B-AVID, index: 2
2026-03-25 06:11:16,231 INFO [root] [2] Received VAL message from 24
2026-03-25 06:11:16,231 INFO [root] entering n == commitee_size + 1
2026-03-25 06:11:16,231 INFO [root] [2] sender: 24, leader: 0
2026-03-25 06:11:16,231 INFO [root] [2] Successfully validated VAL message
2026-03-25 06:11:16,232 INFO [root] [2] Broadcasted ECHO message for roothash b'\xa0\x11w\x10\x03\xe8\x9b<QU\x9d?}u\x80\x9c\xb82\xa1A|pd`j\xad\xc2\xb0\x9e1\xb2\x94'
2026-03-25 06:11:16,232 INFO [root] broadcast Sending to 1: 28
2026-03-25 06:11:16,232 INFO [root] broadcast Sending to 2: 29
2026-03-25 06:11:16,232 INFO [root] broadcast Sending to 3: 30
2026-03-25 06:11:16,232 INFO [root] broadcast Sending to 4: 31
2026-03-25 06:11:16,232 INFO [root] 1-0-7-B-AVSS 1 AVID retrieve msg from 31
2026-03-25 06:11:16,232 INFO [root] AVID retrieve response received
2026-03-25 06:11:16,232 INFO [root] retrieve msid: 1-0-7-B-AVID, response_index: 1
2026-03-25 06:11:16,232 INFO [root] RESPONSE from 31
2026-03-25 06:11:16,232 INFO [root] sender self.committee_size: 3
2026-03-25 06:11:16,232 INFO [root] 1-0-7-B-AVSS 1 RETRIEVE complete.
2026-03-25 06:11:16,232 INFO [root] after avid.retrieve dispersal_msg
2026-03-25 06:11:16,232 INFO [root] Handling dealer messages for dealer_id: 1, tag: 1-0-7-B-AVSS
2026-03-25 06:11:16,243 INFO [root] shares verified successfully
2026-03-25 06:11:16,244 INFO [root] all_shares_valid: True
2026-03-25 06:11:16,244 INFO [root] after _handle_dealer_msgs, all_shares_valid
2026-03-25 06:11:16,244 INFO [root] self.tagvars[tag]['all_shares_valid']: True
2026-03-25 06:11:16,244 INFO [root] multicast to 28
2026-03-25 06:11:16,244 INFO [root] multicast to 29
2026-03-25 06:11:16,244 INFO [root] multicast to 30
2026-03-25 06:11:16,244 INFO [root] multicast to 31
2026-03-25 06:11:16,244 INFO [root] [1] Received OK from [30]
2026-03-25 06:11:16,244 INFO [root] [1] OK set: {30}
2026-03-25 06:11:16,244 INFO [root] output: True
2026-03-25 06:11:16,244 INFO [root] [2] Received ECHO message from 29
2026-03-25 06:11:16,244 INFO [root] [1] Received OK from [29]
2026-03-25 06:11:16,244 INFO [root] [1] OK set: {29, 30}
2026-03-25 06:11:16,244 INFO [root] output: True
2026-03-25 06:11:16,245 INFO [root] [1] Received OK from [31]
2026-03-25 06:11:16,245 INFO [root] [1] OK set: {29, 31}
2026-03-25 06:11:16,245 INFO [root] output: True
2026-03-25 06:11:16,245 INFO [root] [1] Received OK from [28]
2026-03-25 06:11:16,245 INFO [root] [1] OK set: {28, 29, 31}
2026-03-25 06:11:16,245 INFO [root] output: True
2026-03-25 06:11:16,245 INFO [root] [1] Received OK from [31]
2026-03-25 06:11:16,245 INFO [root] [1] OK set: {29, 30, 31}
2026-03-25 06:11:16,245 INFO [root] output: True
2026-03-25 06:11:16,245 INFO [root] [2] Received ECHO message from 31
2026-03-25 06:11:16,246 INFO [root] 2-0-7-B-AVSS 1 AVID retrieve msg from 30
2026-03-25 06:11:16,246 INFO [root] AVID retrieve response received
2026-03-25 06:11:16,246 INFO [root] retrieve msid: 2-0-7-B-AVID, response_index: 1
2026-03-25 06:11:16,246 INFO [root] RESPONSE from 30
2026-03-25 06:11:16,246 INFO [root] sender self.committee_size: 2
2026-03-25 06:11:16,247 INFO [root] 2-0-7-B-AVSS 1 RETRIEVE complete.
2026-03-25 06:11:16,247 INFO [root] after avid.retrieve dispersal_msg
2026-03-25 06:11:16,247 INFO [root] Handling dealer messages for dealer_id: 2, tag: 2-0-7-B-AVSS
2026-03-25 06:11:16,258 INFO [root] shares verified successfully
2026-03-25 06:11:16,258 INFO [root] all_shares_valid: True
2026-03-25 06:11:16,258 INFO [root] after _handle_dealer_msgs, all_shares_valid
2026-03-25 06:11:16,258 INFO [root] self.tagvars[tag]['all_shares_valid']: True
2026-03-25 06:11:16,259 INFO [root] multicast to 28
2026-03-25 06:11:16,259 INFO [root] multicast to 29
2026-03-25 06:11:16,259 INFO [root] multicast to 30
2026-03-25 06:11:16,259 INFO [root] multicast to 31
2026-03-25 06:11:16,259 INFO [root] key_proposal: [3, 1, 2]
2026-03-25 06:11:16,259 INFO [beaver.transfer] [1] [random shares] Starting ACS where node 1 is set as leader 
2026-03-25 06:11:16,259 INFO [beaver.transfer] [1] [random shares] The proposal of node 1 is [3, 1, 2]
2026-03-25 06:11:16,259 INFO [root] enter handle_message
2026-03-25 06:11:16,259 INFO [root] [1] I am the leader, broadcasting my input
2026-03-25 06:11:16,260 INFO [root] [1] otmvba Broadcasting to 28
2026-03-25 06:11:16,260 INFO [root] [1] otmvba Broadcasting to 29
2026-03-25 06:11:16,260 INFO [root] [1] otmvba Broadcasting to 30
2026-03-25 06:11:16,260 INFO [root] [1] otmvba Broadcasting to 31
2026-03-25 06:11:16,260 INFO [root] [1] Received OK from [29]
2026-03-25 06:11:16,260 INFO [root] [1] OK set: {29}
2026-03-25 06:11:16,260 INFO [root] output: True
2026-03-25 06:11:16,260 INFO [root] [1] Received OK from [31]
2026-03-25 06:11:16,260 INFO [root] [1] OK set: {29, 31}
2026-03-25 06:11:16,260 INFO [root] output: True
2026-03-25 06:11:16,260 INFO [root] [1] Received OK from [30]
2026-03-25 06:11:16,260 INFO [root] [1] OK set: {29, 30, 31}
2026-03-25 06:11:16,260 INFO [root] output: True
2026-03-25 06:11:16,260 INFO [root] [2] Received ECHO message from 30
2026-03-25 06:11:16,260 INFO [root] [2] Broadcasted READY message for roothash b'\xa0\x11w\x10\x03\xe8\x9b<QU\x9d?}u\x80\x9c\xb82\xa1A|pd`j\xad\xc2\xb0\x9e1\xb2\x94'
2026-03-25 06:11:16,260 INFO [root] broadcast Sending to 1: 28
2026-03-25 06:11:16,260 INFO [root] broadcast Sending to 2: 29
2026-03-25 06:11:16,260 INFO [root] broadcast Sending to 3: 30
2026-03-25 06:11:16,260 INFO [root] broadcast Sending to 4: 31
2026-03-25 06:11:16,261 INFO [root] [2] Received READY message from 31
2026-03-25 06:11:16,261 INFO [root] [2] Received ECHO message from 28
2026-03-25 06:11:16,261 INFO [root] [1] Received OK from [28]
2026-03-25 06:11:16,261 INFO [root] [1] OK set: {28, 29, 30, 31}
2026-03-25 06:11:16,261 INFO [root] output: True
2026-03-25 06:11:16,261 INFO [root] [1] exit
2026-03-25 06:11:16,261 INFO [root] [1] Received OK from [30]
2026-03-25 06:11:16,261 INFO [root] [1] OK set: {28, 29, 30, 31}
2026-03-25 06:11:16,261 INFO [root] output: True
2026-03-25 06:11:16,261 INFO [root] [1] exit
2026-03-25 06:11:16,261 INFO [root] [1] otmvba msg value
2026-03-25 06:11:16,261 INFO [root] [1] otmvba handle value message
2026-03-25 06:11:16,261 INFO [root] [1] value-self.acss_outputs.keys():dict_keys([3, 1, 2])
2026-03-25 06:11:16,262 INFO [root] [1] --Directly send the proposal!--
2026-03-25 06:11:16,262 INFO [root] [2] Received READY message from 30
2026-03-25 06:11:16,262 INFO [root] [2] Received READY message from 29
2026-03-25 06:11:16,262 INFO [root] Decoding output for roothash: b'\xa0\x11w\x10\x03\xe8\x9b<QU\x9d?}u\x80\x9c\xb82\xa1A|pd`j\xad\xc2\xb0\x9e1\xb2\x94'
2026-03-25 06:11:16,262 INFO [root] [1] Received RBC message
2026-03-25 06:11:16,263 INFO [root] multicast list: [28, 29, 30, 31]
2026-03-25 06:11:16,263 INFO [root] before avid.retrieve
2026-03-25 06:11:16,263 INFO [root] [1] otmvba msg prevote
2026-03-25 06:11:16,263 INFO [root] [1] otmvba handle prevote message
2026-03-25 06:11:16,270 INFO [root] AVID broadcast to 1: 28
2026-03-25 06:11:16,271 INFO [root] AVID broadcast to 2: 29
2026-03-25 06:11:16,271 INFO [root] AVID broadcast to 3: 30
2026-03-25 06:11:16,271 INFO [root] AVID broadcast to 4: 31
2026-03-25 06:11:16,271 INFO [root] [1] Received OK from [28]
2026-03-25 06:11:16,271 INFO [root] [1] OK set: {28, 29, 30, 31}
2026-03-25 06:11:16,271 INFO [root] output: True
2026-03-25 06:11:16,271 INFO [root] [1] exit
2026-03-25 06:11:16,271 INFO [root] AVID broadcast to 1: 28
2026-03-25 06:11:16,271 INFO [root] AVID broadcast to 2: 29
2026-03-25 06:11:16,271 INFO [root] AVID broadcast to 3: 30
2026-03-25 06:11:16,271 INFO [root] AVID broadcast to 4: 31
2026-03-25 06:11:16,271 INFO [root] disperse msid: 0-0-7-B-AVSS, index: 2
2026-03-25 06:11:16,271 INFO [root] AVID retrieve called with sid: 0-0-7-B-AVID, index: 2
2026-03-25 06:11:16,271 INFO [root] disperse msid: 0-0-7-B-AVSS, index: 3
2026-03-25 06:11:16,271 INFO [root] AVID retrieve called with sid: 0-0-7-B-AVID, index: 3
2026-03-25 06:11:16,271 INFO [root] Sending deferred response sender:30 index:2
2026-03-25 06:11:16,272 INFO [root] Sending deferred response sender:31 index:3
2026-03-25 06:11:16,272 INFO [root] disperse msid: 0-0-7-B-AVSS, index: 0
2026-03-25 06:11:16,272 INFO [root] AVID retrieve called with sid: 0-0-7-B-AVID, index: 0
2026-03-25 06:11:16,272 INFO [root] [1] otmvba msg prevote
2026-03-25 06:11:16,272 INFO [root] [1] otmvba handle prevote message
2026-03-25 06:11:16,279 INFO [root] [1] otmvba msg prevote
2026-03-25 06:11:16,279 INFO [root] [1] otmvba handle prevote message
2026-03-25 06:11:16,295 INFO [root] [1] otmvba Broadcasting to 28
2026-03-25 06:11:16,295 INFO [root] [1] otmvba Broadcasting to 29
2026-03-25 06:11:16,295 INFO [root] [1] otmvba Broadcasting to 30
2026-03-25 06:11:16,295 INFO [root] [1] otmvba Broadcasting to 31
2026-03-25 06:11:16,295 INFO [root] [1] otmvba msg prevote
2026-03-25 06:11:16,295 INFO [root] [1] otmvba handle prevote message
2026-03-25 06:11:16,303 INFO [root] 0-0-7-B-AVSS 1 RETRIEVE called.
2026-03-25 06:11:16,303 INFO [root] AVID broadcast to 1: 28
2026-03-25 06:11:16,303 INFO [root] AVID broadcast to 2: 29
2026-03-25 06:11:16,303 INFO [root] AVID broadcast to 3: 30
2026-03-25 06:11:16,303 INFO [root] AVID broadcast to 4: 31
2026-03-25 06:11:16,303 INFO [root] 0-0-7-B-AVSS 1 RETRIEVE broadcasted.
2026-03-25 06:11:16,303 INFO [root] [1] otmvba msg PrevoteQC
2026-03-25 06:11:16,303 INFO [root] [1] otmvba handle prevote qc message
2026-03-25 06:11:16,311 INFO [root] disperse msid: 0-0-7-B-AVSS, index: 1
2026-03-25 06:11:16,311 INFO [root] AVID retrieve called with sid: 0-0-7-B-AVID, index: 1
2026-03-25 06:11:16,311 INFO [root] [1] otmvba msg vote
2026-03-25 06:11:16,311 INFO [root] [1] otmvba handle vote message
2026-03-25 06:11:16,319 INFO [root] 0-0-7-B-AVSS 1 AVID retrieve msg from 29
2026-03-25 06:11:16,319 INFO [root] AVID retrieve response received
2026-03-25 06:11:16,319 INFO [root] retrieve msid: 0-0-7-B-AVID, response_index: 1
2026-03-25 06:11:16,319 INFO [root] RESPONSE from 29
2026-03-25 06:11:16,319 INFO [root] sender self.committee_size: 1
2026-03-25 06:11:16,320 INFO [root] [1] otmvba msg vote
2026-03-25 06:11:16,320 INFO [root] [1] otmvba handle vote message
2026-03-25 06:11:16,327 INFO [root] [1] otmvba msg vote
2026-03-25 06:11:16,327 INFO [root] [1] otmvba handle vote message
2026-03-25 06:11:16,342 INFO [root] [1] otmvba Broadcasting to 28
2026-03-25 06:11:16,343 INFO [root] [1] otmvba Broadcasting to 29
2026-03-25 06:11:16,343 INFO [root] [1] otmvba Broadcasting to 30
2026-03-25 06:11:16,343 INFO [root] [1] otmvba Broadcasting to 31
2026-03-25 06:11:16,343 INFO [root] [1] otmvba msg vote
2026-03-25 06:11:16,343 INFO [root] [1] otmvba handle vote message
2026-03-25 06:11:16,350 INFO [root] 0-0-7-B-AVSS 1 AVID retrieve msg from 31
2026-03-25 06:11:16,350 INFO [root] AVID retrieve response received
2026-03-25 06:11:16,350 INFO [root] retrieve msid: 0-0-7-B-AVID, response_index: 1
2026-03-25 06:11:16,350 INFO [root] RESPONSE from 31
2026-03-25 06:11:16,350 INFO [root] sender self.committee_size: 3
2026-03-25 06:11:16,351 INFO [root] 0-0-7-B-AVSS 1 RETRIEVE complete.
2026-03-25 06:11:16,351 INFO [root] after avid.retrieve dispersal_msg
2026-03-25 06:11:16,351 INFO [root] Handling dealer messages for dealer_id: 0, tag: 0-0-7-B-AVSS
2026-03-25 06:11:16,362 INFO [root] shares verified successfully
2026-03-25 06:11:16,362 INFO [root] all_shares_valid: True
2026-03-25 06:11:16,362 INFO [root] after _handle_dealer_msgs, all_shares_valid
2026-03-25 06:11:16,362 INFO [root] self.tagvars[tag]['all_shares_valid']: True
2026-03-25 06:11:16,362 INFO [root] multicast to 28
2026-03-25 06:11:16,362 INFO [root] multicast to 29
2026-03-25 06:11:16,362 INFO [root] multicast to 30
2026-03-25 06:11:16,362 INFO [root] multicast to 31
2026-03-25 06:11:16,362 INFO [root] [1] Received OK from [30]
2026-03-25 06:11:16,362 INFO [root] [1] OK set: {30}
2026-03-25 06:11:16,363 INFO [root] output: True
2026-03-25 06:11:16,363 INFO [root] [1] Received OK from [28]
2026-03-25 06:11:16,363 INFO [root] [1] OK set: {28, 30}
2026-03-25 06:11:16,363 INFO [root] output: True
2026-03-25 06:11:16,363 INFO [root] [1] Received OK from [31]
2026-03-25 06:11:16,363 INFO [root] [1] OK set: {28, 30, 31}
2026-03-25 06:11:16,363 INFO [root] output: True
2026-03-25 06:11:16,363 INFO [root] [1] otmvba msg VoteQC
2026-03-25 06:11:16,363 INFO [root] [1] otmvba handle vote qc message
2026-03-25 06:11:16,371 INFO [root] [1] otmvba Broadcasting to 28
2026-03-25 06:11:16,371 INFO [root] [1] otmvba Broadcasting to 29
2026-03-25 06:11:16,371 INFO [root] [1] otmvba Broadcasting to 30
2026-03-25 06:11:16,371 INFO [root] [1] otmvba Broadcasting to 31
2026-03-25 06:11:16,371 INFO [root] [1] Received OK from [29]
2026-03-25 06:11:16,371 INFO [root] [1] OK set: {28, 29, 30, 31}
2026-03-25 06:11:16,371 INFO [root] output: True
2026-03-25 06:11:16,371 INFO [root] [1] exit
2026-03-25 06:11:16,371 INFO [root] [1] otmvba msg Terminate
2026-03-25 06:11:16,371 INFO [root] [1] otmvba handle terminate message
2026-03-25 06:11:16,379 INFO [root] [1] otmvba Broadcasting to 28
2026-03-25 06:11:16,379 INFO [root] [1] otmvba Broadcasting to 29
2026-03-25 06:11:16,379 INFO [root] [1] otmvba Broadcasting to 30
2026-03-25 06:11:16,379 INFO [root] [1] otmvba Broadcasting to 31
2026-03-25 06:11:16,379 INFO [beaver.transfer] [1] [random shares] The ACS set is [1, 2, 3]
2026-03-25 06:11:16,379 INFO [root] common: [1, 2, 3]
2026-03-25 06:11:16,421 INFO [beaver.transfer] [1] [asynchronous dynamic transfer] Finished! Node 1, total number: 50, time: 3.9863100051879883 (seconds)
2026-03-25 06:11:16,421 INFO [root] layer ID: 7 trans_foll_time: 3.98722243309021
2026-03-25 06:11:16,422 INFO [root] layer ID: 7 raw_proofs length: 100
2026-03-25 06:11:16,422 INFO [root] [Layer 7] Sending shares to sender 28
2026-03-25 06:11:16,422 INFO [root] [Layer 7] Sending shares to sender 29
2026-03-25 06:11:16,422 INFO [root] [Layer 7] Sending shares to sender 30
2026-03-25 06:11:16,422 INFO [root] [Layer 7] Sending shares to sender 31
2026-03-25 06:11:16,456 INFO [root] layer ID: 7 reconstructed trans_values length: 100
2026-03-25 06:11:16,456 INFO [root] layer ID: 7 layer_time: 4.021561622619629
my_send_id: 29 exec_time: 9.028085708618164
2026-03-25 06:11:26,460 INFO [root] [1] Bytes Sent: TR7:589319 which is 96.128%
2026-03-25 06:11:26,460 INFO [root] [1] Bytes Sent: RR_:23736 which is 3.872%
2026-03-25 06:11:26,460 INFO [root] [1] Total bytes sent out aa: 613055
2026-03-25 06:11:26,462 INFO [benchmark_logger] Total bytes sent out: 613055
2026-03-25 06:11:26,470 ERROR [asyncio] Task was destroyed but it is pending!
task: <Task pending name='Task-35' coro=<subscribe_recv.<locals>._recv_loop() running at /opt/dumbo-mpc/dumbo-mpc/AsyRanTriGen/beaver/utils/misc.py:89> wait_for=<Future pending cb=[<TaskWakeupMethWrapper object at 0x7faa19abef40>()]>>
Exception ignored in: <coroutine object subscribe_recv.<locals>._recv_loop at 0x7faa19bba7c0>
Traceback (most recent call last):
  File "/opt/dumbo-mpc/dumbo-mpc/AsyRanTriGen/beaver/utils/misc.py", line 89, in _recv_loop
    j, (tag, o) = await recv()
  File "/usr/lib/python3.8/asyncio/queues.py", line 165, in get
    getter.cancel()  # Just in case getter is not done yet.
  File "uvloop/loop.pyx", line 1281, in uvloop.loop.Loop.call_soon
  File "uvloop/loop.pyx", line 669, in uvloop.loop.Loop._call_soon
  File "uvloop/loop.pyx", line 678, in uvloop.loop.Loop._call_soon_handle
  File "uvloop/loop.pyx", line 673, in uvloop.loop.Loop._append_ready_handle
  File "uvloop/loop.pyx", line 705, in uvloop.loop.Loop._check_closed
RuntimeError: Event loop is closed
2026-03-25 06:11:26,471 ERROR [asyncio] Task was destroyed but it is pending!
task: <Task pending name='Task-37' coro=<subscribe_recv.<locals>._recv_loop() running at /opt/dumbo-mpc/dumbo-mpc/AsyRanTriGen/beaver/utils/misc.py:89> wait_for=<Future pending cb=[<TaskWakeupMethWrapper object at 0x7faa19ad68b0>()]>>
2026-03-25 06:11:26,471 ERROR [asyncio] Task was destroyed but it is pending!
task: <Task pending name='Task-39' coro=<subscribe_recv.<locals>._recv_loop() running at /opt/dumbo-mpc/dumbo-mpc/AsyRanTriGen/beaver/utils/misc.py:89> wait_for=<Future pending cb=[<TaskWakeupMethWrapper object at 0x7faa19bc5670>()]>>
Exception ignored in: <coroutine object subscribe_recv.<locals>._recv_loop at 0x7faa19a80640>
Traceback (most recent call last):
  File "/opt/dumbo-mpc/dumbo-mpc/AsyRanTriGen/beaver/utils/misc.py", line 89, in _recv_loop
    j, (tag, o) = await recv()
  File "/usr/lib/python3.8/asyncio/queues.py", line 165, in get
    getter.cancel()  # Just in case getter is not done yet.
  File "uvloop/loop.pyx", line 1281, in uvloop.loop.Loop.call_soon
  File "uvloop/loop.pyx", line 669, in uvloop.loop.Loop._call_soon
  File "uvloop/loop.pyx", line 678, in uvloop.loop.Loop._call_soon_handle
  File "uvloop/loop.pyx", line 673, in uvloop.loop.Loop._append_ready_handle
  File "uvloop/loop.pyx", line 705, in uvloop.loop.Loop._check_closed
RuntimeError: Event loop is closed
Exception ignored in: <coroutine object subscribe_recv.<locals>._recv_loop at 0x7faa19bc9b40>
Traceback (most recent call last):
  File "/opt/dumbo-mpc/dumbo-mpc/AsyRanTriGen/beaver/utils/misc.py", line 89, in _recv_loop
    j, (tag, o) = await recv()
  File "/usr/lib/python3.8/asyncio/queues.py", line 165, in get
    getter.cancel()  # Just in case getter is not done yet.
  File "uvloop/loop.pyx", line 1281, in uvloop.loop.Loop.call_soon
  File "uvloop/loop.pyx", line 669, in uvloop.loop.Loop._call_soon
  File "uvloop/loop.pyx", line 678, in uvloop.loop.Loop._call_soon_handle
  File "uvloop/loop.pyx", line 673, in uvloop.loop.Loop._append_ready_handle
  File "uvloop/loop.pyx", line 705, in uvloop.loop.Loop._check_closed
RuntimeError: Event loop is closed
2026-03-25 06:11:26,471 ERROR [asyncio] Task was destroyed but it is pending!
task: <Task pending name='Task-49' coro=<ACSS_Foll._recv_loop() running at /opt/dumbo-mpc/dumbo-mpc/AsyRanTriGen/beaver/hbacss.py:3710> wait_for=<Future pending cb=[<TaskWakeupMethWrapper object at 0x7faa19ac59a0>()]>>
Exception ignored in: <coroutine object ACSS_Foll._recv_loop at 0x7faa19bc9ec0>
Traceback (most recent call last):
  File "/opt/dumbo-mpc/dumbo-mpc/AsyRanTriGen/beaver/hbacss.py", line 3710, in _recv_loop
    await avid.disperse(tag, self.my_id+1, dispersal_msg_list)
  File "/opt/dumbo-mpc/dumbo-mpc/AsyRanTriGen/beaver/broadcast/avid.py", line 461, in disperse
    sender, msg = await self.recv()
  File "/usr/lib/python3.8/asyncio/queues.py", line 165, in get
    getter.cancel()  # Just in case getter is not done yet.
  File "uvloop/loop.pyx", line 1281, in uvloop.loop.Loop.call_soon
  File "uvloop/loop.pyx", line 669, in uvloop.loop.Loop._call_soon
  File "uvloop/loop.pyx", line 678, in uvloop.loop.Loop._call_soon_handle
  File "uvloop/loop.pyx", line 673, in uvloop.loop.Loop._append_ready_handle
  File "uvloop/loop.pyx", line 705, in uvloop.loop.Loop._check_closed
RuntimeError: Event loop is closed
2026-03-25 06:11:26,473 ERROR [asyncio] Task was destroyed but it is pending!
task: <Task pending name='Task-48' coro=<OptimalCommonSet.fallback_timer() running at /opt/dumbo-mpc/dumbo-mpc/AsyRanTriGen/beaver/broadcast/otmvba_dyn.py:71> wait_for=<Future pending cb=[<TaskWakeupMethWrapper object at 0x7faa19ad6160>()]>>
2026-03-25 06:11:26,473 ERROR [asyncio] Task was destroyed but it is pending!
task: <Task pending name='Task-45' coro=<ACSS_Foll._recv_loop() running at /opt/dumbo-mpc/dumbo-mpc/AsyRanTriGen/beaver/hbacss.py:3708> wait_for=<Future pending cb=[<TaskWakeupMethWrapper object at 0x7faa19bc5100>()]>>
2026-03-25 06:11:26,473 ERROR [asyncio] Task was destroyed but it is pending!
task: <Task pending name='Task-44' coro=<ACSS_Foll._recv_loop() running at /opt/dumbo-mpc/dumbo-mpc/AsyRanTriGen/beaver/hbacss.py:3710> wait_for=<Future pending cb=[<TaskWakeupMethWrapper object at 0x7faa19bde040>()]>>
2026-03-25 06:11:26,473 ERROR [asyncio] Task was destroyed but it is pending!
task: <Task pending name='Task-46' coro=<ACSS_Foll._recv_loop() running at /opt/dumbo-mpc/dumbo-mpc/AsyRanTriGen/beaver/hbacss.py:3708> wait_for=<Future pending cb=[<TaskWakeupMethWrapper object at 0x7faa19bde430>()]>>
2026-03-25 06:11:26,473 ERROR [asyncio] Task was destroyed but it is pending!
task: <Task pending name='Task-47' coro=<subscribe_recv.<locals>._recv_loop() running at /opt/dumbo-mpc/dumbo-mpc/AsyRanTriGen/beaver/utils/misc.py:89> wait_for=<Future pending cb=[<TaskWakeupMethWrapper object at 0x7faa19bde0d0>()]>>
Exception ignored in: <coroutine object ACSS_Foll._recv_loop at 0x7faa19a803c0>
Traceback (most recent call last):
  File "/opt/dumbo-mpc/dumbo-mpc/AsyRanTriGen/beaver/hbacss.py", line 3708, in _recv_loop
    await avid.disperse(tag, self.my_id, dispersal_msg_list)
  File "/opt/dumbo-mpc/dumbo-mpc/AsyRanTriGen/beaver/broadcast/avid.py", line 461, in disperse
    sender, msg = await self.recv()
  File "/usr/lib/python3.8/asyncio/queues.py", line 165, in get
    getter.cancel()  # Just in case getter is not done yet.
  File "uvloop/loop.pyx", line 1281, in uvloop.loop.Loop.call_soon
  File "uvloop/loop.pyx", line 669, in uvloop.loop.Loop._call_soon
  File "uvloop/loop.pyx", line 678, in uvloop.loop.Loop._call_soon_handle
  File "uvloop/loop.pyx", line 673, in uvloop.loop.Loop._append_ready_handle
  File "uvloop/loop.pyx", line 705, in uvloop.loop.Loop._check_closed
RuntimeError: Event loop is closed
Exception ignored in: <coroutine object ACSS_Foll._recv_loop at 0x7faa19a805c0>
Traceback (most recent call last):
  File "/opt/dumbo-mpc/dumbo-mpc/AsyRanTriGen/beaver/hbacss.py", line 3710, in _recv_loop
    await avid.disperse(tag, self.my_id+1, dispersal_msg_list)
  File "/opt/dumbo-mpc/dumbo-mpc/AsyRanTriGen/beaver/broadcast/avid.py", line 461, in disperse
    sender, msg = await self.recv()
  File "/usr/lib/python3.8/asyncio/queues.py", line 165, in get
    getter.cancel()  # Just in case getter is not done yet.
  File "uvloop/loop.pyx", line 1281, in uvloop.loop.Loop.call_soon
  File "uvloop/loop.pyx", line 669, in uvloop.loop.Loop._call_soon
  File "uvloop/loop.pyx", line 678, in uvloop.loop.Loop._call_soon_handle
  File "uvloop/loop.pyx", line 673, in uvloop.loop.Loop._append_ready_handle
  File "uvloop/loop.pyx", line 705, in uvloop.loop.Loop._check_closed
RuntimeError: Event loop is closed
Exception ignored in: <coroutine object ACSS_Foll._recv_loop at 0x7faa19bc99c0>
Traceback (most recent call last):
  File "/opt/dumbo-mpc/dumbo-mpc/AsyRanTriGen/beaver/hbacss.py", line 3708, in _recv_loop
    await avid.disperse(tag, self.my_id, dispersal_msg_list)
  File "/opt/dumbo-mpc/dumbo-mpc/AsyRanTriGen/beaver/broadcast/avid.py", line 461, in disperse
    sender, msg = await self.recv()
  File "/usr/lib/python3.8/asyncio/queues.py", line 165, in get
    getter.cancel()  # Just in case getter is not done yet.
  File "uvloop/loop.pyx", line 1281, in uvloop.loop.Loop.call_soon
  File "uvloop/loop.pyx", line 669, in uvloop.loop.Loop._call_soon
  File "uvloop/loop.pyx", line 678, in uvloop.loop.Loop._call_soon_handle
  File "uvloop/loop.pyx", line 673, in uvloop.loop.Loop._append_ready_handle
  File "uvloop/loop.pyx", line 705, in uvloop.loop.Loop._check_closed
RuntimeError: Event loop is closed
Exception ignored in: <coroutine object subscribe_recv.<locals>._recv_loop at 0x7faa19bba840>
Traceback (most recent call last):
  File "/opt/dumbo-mpc/dumbo-mpc/AsyRanTriGen/beaver/utils/misc.py", line 89, in _recv_loop
    j, (tag, o) = await recv()
  File "/usr/lib/python3.8/asyncio/queues.py", line 165, in get
    getter.cancel()  # Just in case getter is not done yet.
  File "uvloop/loop.pyx", line 1281, in uvloop.loop.Loop.call_soon
  File "uvloop/loop.pyx", line 669, in uvloop.loop.Loop._call_soon
  File "uvloop/loop.pyx", line 678, in uvloop.loop.Loop._call_soon_handle
  File "uvloop/loop.pyx", line 673, in uvloop.loop.Loop._append_ready_handle
  File "uvloop/loop.pyx", line 705, in uvloop.loop.Loop._check_closed
RuntimeError: Event loop is closed
