Warning: Permanently added '101.35.81.206' (ECDSA) to the list of known hosts.
time="2026-03-25T14:11:10+08:00" level=warning msg="/root/Continuum/dumbo-mpc/docker-compose.yml: the attribute `version` is obsolete, it will be ignored, please remove it to avoid potential confusion"
 Container dumbo-mpc-dumbo-mpc-run-82cff494e064 Creating 
 Container dumbo-mpc-dumbo-mpc-run-82cff494e064 Created 
2026-03-25 06:11:11,921 INFO [root] Running ADMPC ...
2026-03-25 06:11:12,551 INFO [root] my_send_id: 8
2026-03-25 06:11:12,556 INFO [root] ADMPC start time: 1774419072.5566802
2026-03-25 06:11:12,558 INFO [root] [Layer 2] Reached run_admpc checkpoint
2026-03-25 06:11:12,559 INFO [beaver.transfer] [0] Starting DynamicTransfer_Foll
2026-03-25 06:11:12,559 INFO [beaver.transfer] [0] Starting ACSS to share 50 secrets
2026-03-25 06:11:12,559 INFO [root] [0] Starting Batch AVSS. Id: 0, Dealer Id: 0, Client Mode: False
2026-03-25 06:11:12,560 INFO [root] [0] AVSS tag: 0-0-2-B-AVSS
2026-03-25 06:11:12,560 INFO [root] [0] RBC tag: 0-0-2-B-RBC
2026-03-25 06:11:12,560 INFO [root] [0] Starting AVSS with shares_num: 50, dealer_id: 0, client_mode: False
2026-03-25 06:11:12,560 INFO [root] rbc_list: [4, 8, 9, 10, 11]
2026-03-25 06:11:12,561 INFO [root] committee_size: 4
2026-03-25 06:11:12,561 INFO [root] n: 5
2026-03-25 06:11:12,561 INFO [root] f: 1
2026-03-25 06:11:12,561 INFO [root] pid: 1
2026-03-25 06:11:12,561 INFO [root] leader: 0
2026-03-25 06:11:12,561 INFO [root] [0] Starting Batch AVSS. Id: 0, Dealer Id: 1, Client Mode: False
2026-03-25 06:11:12,561 INFO [root] [0] AVSS tag: 1-0-2-B-AVSS
2026-03-25 06:11:12,561 INFO [root] [0] RBC tag: 1-0-2-B-RBC
2026-03-25 06:11:12,562 INFO [root] [0] Starting AVSS with shares_num: 50, dealer_id: 1, client_mode: False
2026-03-25 06:11:12,562 INFO [root] rbc_list: [5, 8, 9, 10, 11]
2026-03-25 06:11:12,562 INFO [root] committee_size: 4
2026-03-25 06:11:12,562 INFO [root] n: 5
2026-03-25 06:11:12,562 INFO [root] f: 1
2026-03-25 06:11:12,562 INFO [root] pid: 0
2026-03-25 06:11:12,562 INFO [root] leader: 1
2026-03-25 06:11:12,563 INFO [root] [0] Starting Batch AVSS. Id: 0, Dealer Id: 2, Client Mode: False
2026-03-25 06:11:12,563 INFO [root] [0] AVSS tag: 2-0-2-B-AVSS
2026-03-25 06:11:12,563 INFO [root] [0] RBC tag: 2-0-2-B-RBC
2026-03-25 06:11:12,563 INFO [root] [0] Starting AVSS with shares_num: 50, dealer_id: 2, client_mode: False
2026-03-25 06:11:12,563 INFO [root] rbc_list: [6, 8, 9, 10, 11]
2026-03-25 06:11:12,563 INFO [root] committee_size: 4
2026-03-25 06:11:12,563 INFO [root] n: 5
2026-03-25 06:11:12,563 INFO [root] f: 1
2026-03-25 06:11:12,563 INFO [root] pid: 0
2026-03-25 06:11:12,563 INFO [root] leader: 2
2026-03-25 06:11:12,563 INFO [root] [0] Starting Batch AVSS. Id: 0, Dealer Id: 3, Client Mode: False
2026-03-25 06:11:12,564 INFO [root] [0] AVSS tag: 3-0-2-B-AVSS
2026-03-25 06:11:12,564 INFO [root] [0] RBC tag: 3-0-2-B-RBC
2026-03-25 06:11:12,564 INFO [root] [0] Starting AVSS with shares_num: 50, dealer_id: 3, client_mode: False
2026-03-25 06:11:12,564 INFO [root] rbc_list: [7, 8, 9, 10, 11]
2026-03-25 06:11:12,564 INFO [root] committee_size: 4
2026-03-25 06:11:12,564 INFO [root] n: 5
2026-03-25 06:11:12,564 INFO [root] f: 1
2026-03-25 06:11:12,564 INFO [root] pid: 0
2026-03-25 06:11:12,564 INFO [root] leader: 3
2026-03-25 06:11:13,458 INFO [root] [0] Received VAL message from 7
2026-03-25 06:11:13,458 INFO [root] entering n == commitee_size + 1
2026-03-25 06:11:13,458 INFO [root] [0] sender: 7, leader: 3
2026-03-25 06:11:13,458 INFO [root] [0] Successfully validated VAL message
2026-03-25 06:11:13,458 INFO [root] [0] Broadcasted ECHO message for roothash b'\x1d9G\xbda\xf6\x7fy\xb0\x1a\xe2\xa6\xbea\xce\x8f\x8d\x11\x97\xe6\x81\x87d7^\xd2:o\xb1@B\xbc'
2026-03-25 06:11:13,458 INFO [root] broadcast Sending to 1: 8
2026-03-25 06:11:13,458 INFO [root] broadcast Sending to 2: 9
2026-03-25 06:11:13,458 INFO [root] broadcast Sending to 3: 10
2026-03-25 06:11:13,458 INFO [root] broadcast Sending to 4: 11
2026-03-25 06:11:13,458 INFO [root] [0] Received ECHO message from 8
2026-03-25 06:11:13,459 INFO [root] [0] Received ECHO message from 10
2026-03-25 06:11:13,459 INFO [root] [0] Received ECHO message from 11
2026-03-25 06:11:13,459 INFO [root] [0] Broadcasted READY message for roothash b'\x1d9G\xbda\xf6\x7fy\xb0\x1a\xe2\xa6\xbea\xce\x8f\x8d\x11\x97\xe6\x81\x87d7^\xd2:o\xb1@B\xbc'
2026-03-25 06:11:13,459 INFO [root] broadcast Sending to 1: 8
2026-03-25 06:11:13,460 INFO [root] broadcast Sending to 2: 9
2026-03-25 06:11:13,460 INFO [root] broadcast Sending to 3: 10
2026-03-25 06:11:13,460 INFO [root] broadcast Sending to 4: 11
2026-03-25 06:11:13,460 INFO [root] [0] Received READY message from 8
2026-03-25 06:11:13,460 INFO [root] [0] Received VAL message from 6
2026-03-25 06:11:13,460 INFO [root] entering n == commitee_size + 1
2026-03-25 06:11:13,460 INFO [root] [0] sender: 6, leader: 2
2026-03-25 06:11:13,460 INFO [root] [0] Successfully validated VAL message
2026-03-25 06:11:13,460 INFO [root] [0] Broadcasted ECHO message for roothash b'K\x9d\xb5y1\xce\x14\xf6V+\x8d\x19\xfa\xf1\xa6\t\x03.#o\xe4\xc2j,K1\xc4|1 \xe5\xcc'
2026-03-25 06:11:13,460 INFO [root] broadcast Sending to 1: 8
2026-03-25 06:11:13,460 INFO [root] broadcast Sending to 2: 9
2026-03-25 06:11:13,460 INFO [root] broadcast Sending to 3: 10
2026-03-25 06:11:13,460 INFO [root] broadcast Sending to 4: 11
2026-03-25 06:11:13,460 INFO [root] [0] Received ECHO message from 9
2026-03-25 06:11:13,461 INFO [root] [0] Received ECHO message from 8
2026-03-25 06:11:13,461 INFO [root] [0] Received READY message from 11
2026-03-25 06:11:13,461 INFO [root] [0] Received READY message from 10
2026-03-25 06:11:13,461 INFO [root] Decoding output for roothash: b'\x1d9G\xbda\xf6\x7fy\xb0\x1a\xe2\xa6\xbea\xce\x8f\x8d\x11\x97\xe6\x81\x87d7^\xd2:o\xb1@B\xbc'
2026-03-25 06:11:13,461 INFO [root] [0] Received RBC message
2026-03-25 06:11:13,462 INFO [root] multicast list: [8, 9, 10, 11]
2026-03-25 06:11:13,462 INFO [root] before avid.retrieve
2026-03-25 06:11:13,462 INFO [root] AVID broadcast to 1: 8
2026-03-25 06:11:13,462 INFO [root] AVID broadcast to 2: 9
2026-03-25 06:11:13,462 INFO [root] AVID broadcast to 3: 10
2026-03-25 06:11:13,462 INFO [root] AVID broadcast to 4: 11
2026-03-25 06:11:13,463 INFO [root] [0] Received ECHO message from 11
2026-03-25 06:11:13,463 INFO [root] [0] Received ECHO message from 10
2026-03-25 06:11:13,463 INFO [root] [0] Broadcasted READY message for roothash b'K\x9d\xb5y1\xce\x14\xf6V+\x8d\x19\xfa\xf1\xa6\t\x03.#o\xe4\xc2j,K1\xc4|1 \xe5\xcc'
2026-03-25 06:11:13,463 INFO [root] broadcast Sending to 1: 8
2026-03-25 06:11:13,463 INFO [root] broadcast Sending to 2: 9
2026-03-25 06:11:13,463 INFO [root] broadcast Sending to 3: 10
2026-03-25 06:11:13,463 INFO [root] broadcast Sending to 4: 11
2026-03-25 06:11:13,463 INFO [root] [0] Received ECHO message from 9
2026-03-25 06:11:13,463 INFO [root] [0] Received VAL message from 5
2026-03-25 06:11:13,463 INFO [root] entering n == commitee_size + 1
2026-03-25 06:11:13,463 INFO [root] [0] sender: 5, leader: 1
2026-03-25 06:11:13,463 INFO [root] [0] Successfully validated VAL message
2026-03-25 06:11:13,463 INFO [root] [0] Broadcasted ECHO message for roothash b'\x9f\xd2\xa3F\x05\xda\xf7jcS\x03\xda_\x1b\xbdx\x1b\xf9h\x80\xd9\x07@\xc2~\xc1\x9a\x8cf\xc5\xf4x'
2026-03-25 06:11:13,463 INFO [root] broadcast Sending to 1: 8
2026-03-25 06:11:13,463 INFO [root] broadcast Sending to 2: 9
2026-03-25 06:11:13,463 INFO [root] broadcast Sending to 3: 10
2026-03-25 06:11:13,463 INFO [root] broadcast Sending to 4: 11
2026-03-25 06:11:13,464 INFO [root] [0] Received READY message from 8
2026-03-25 06:11:13,464 INFO [root] [0] Received ECHO message from 8
2026-03-25 06:11:13,465 INFO [root] [0] Received READY message from 9
2026-03-25 06:11:13,465 INFO [root] [0] Received READY message from 10
2026-03-25 06:11:13,465 INFO [root] Decoding output for roothash: b'K\x9d\xb5y1\xce\x14\xf6V+\x8d\x19\xfa\xf1\xa6\t\x03.#o\xe4\xc2j,K1\xc4|1 \xe5\xcc'
2026-03-25 06:11:13,465 INFO [root] [0] Received RBC message
2026-03-25 06:11:13,465 INFO [root] multicast list: [8, 9, 10, 11]
2026-03-25 06:11:13,465 INFO [root] before avid.retrieve
2026-03-25 06:11:13,466 INFO [root] [1] Received VAL message from 4
2026-03-25 06:11:13,466 INFO [root] entering n == commitee_size + 1
2026-03-25 06:11:13,466 INFO [root] [1] sender: 4, leader: 0
2026-03-25 06:11:13,466 INFO [root] [1] Successfully validated VAL message
2026-03-25 06:11:13,466 INFO [root] [1] Broadcasted ECHO message for roothash b'\xbb\x05\xf0\xd4\x87*\x01n\x0c\xbdm\x94D\xeb\xe3\x12\xe5\xc4\xe1b\xe2!6)\x86\xe7\x7f\xc5Q\xae\xd1x'
2026-03-25 06:11:13,466 INFO [root] broadcast Sending to 1: 8
2026-03-25 06:11:13,466 INFO [root] broadcast Sending to 2: 9
2026-03-25 06:11:13,466 INFO [root] broadcast Sending to 3: 10
2026-03-25 06:11:13,466 INFO [root] broadcast Sending to 4: 11
2026-03-25 06:11:13,466 INFO [root] [0] Received ECHO message from 11
2026-03-25 06:11:13,467 INFO [root] AVID broadcast to 1: 8
2026-03-25 06:11:13,467 INFO [root] AVID broadcast to 2: 9
2026-03-25 06:11:13,467 INFO [root] AVID broadcast to 3: 10
2026-03-25 06:11:13,467 INFO [root] AVID broadcast to 4: 11
2026-03-25 06:11:13,467 INFO [root] [1] Received ECHO message from 8
2026-03-25 06:11:13,467 INFO [root] [0] Received ECHO message from 9
2026-03-25 06:11:13,467 INFO [root] [0] Broadcasted READY message for roothash b'\x9f\xd2\xa3F\x05\xda\xf7jcS\x03\xda_\x1b\xbdx\x1b\xf9h\x80\xd9\x07@\xc2~\xc1\x9a\x8cf\xc5\xf4x'
2026-03-25 06:11:13,467 INFO [root] broadcast Sending to 1: 8
2026-03-25 06:11:13,467 INFO [root] broadcast Sending to 2: 9
2026-03-25 06:11:13,468 INFO [root] broadcast Sending to 3: 10
2026-03-25 06:11:13,468 INFO [root] broadcast Sending to 4: 11
2026-03-25 06:11:13,468 INFO [root] [0] Received ECHO message from 10
2026-03-25 06:11:13,468 INFO [root] AVID broadcast to 1: 8
2026-03-25 06:11:13,468 INFO [root] AVID broadcast to 2: 9
2026-03-25 06:11:13,468 INFO [root] AVID broadcast to 3: 10
2026-03-25 06:11:13,468 INFO [root] AVID broadcast to 4: 11
2026-03-25 06:11:13,468 INFO [root] [1] Received ECHO message from 9
2026-03-25 06:11:13,468 INFO [root] [1] Received ECHO message from 11
2026-03-25 06:11:13,468 INFO [root] [1] Broadcasted READY message for roothash b'\xbb\x05\xf0\xd4\x87*\x01n\x0c\xbdm\x94D\xeb\xe3\x12\xe5\xc4\xe1b\xe2!6)\x86\xe7\x7f\xc5Q\xae\xd1x'
2026-03-25 06:11:13,468 INFO [root] broadcast Sending to 1: 8
2026-03-25 06:11:13,468 INFO [root] broadcast Sending to 2: 9
2026-03-25 06:11:13,468 INFO [root] broadcast Sending to 3: 10
2026-03-25 06:11:13,468 INFO [root] broadcast Sending to 4: 11
2026-03-25 06:11:13,469 INFO [root] [0] Received READY message from 8
2026-03-25 06:11:13,469 INFO [root] [1] Received READY message from 8
2026-03-25 06:11:13,469 INFO [root] [0] Received READY message from 11
2026-03-25 06:11:13,469 INFO [root] [0] Received READY message from 10
2026-03-25 06:11:13,469 INFO [root] Decoding output for roothash: b'\x9f\xd2\xa3F\x05\xda\xf7jcS\x03\xda_\x1b\xbdx\x1b\xf9h\x80\xd9\x07@\xc2~\xc1\x9a\x8cf\xc5\xf4x'
2026-03-25 06:11:13,469 INFO [root] [0] Received RBC message
2026-03-25 06:11:13,469 INFO [root] multicast list: [8, 9, 10, 11]
2026-03-25 06:11:13,469 INFO [root] before avid.retrieve
2026-03-25 06:11:13,470 INFO [root] [1] Received ECHO message from 10
2026-03-25 06:11:13,470 INFO [root] [1] Received READY message from 11
2026-03-25 06:11:13,470 INFO [root] AVID broadcast to 1: 8
2026-03-25 06:11:13,470 INFO [root] AVID broadcast to 2: 9
2026-03-25 06:11:13,470 INFO [root] AVID broadcast to 3: 10
2026-03-25 06:11:13,470 INFO [root] AVID broadcast to 4: 11
2026-03-25 06:11:13,470 INFO [root] 3-0-2-B-AVSS 0 RETRIEVE called.
2026-03-25 06:11:13,470 INFO [root] AVID broadcast to 1: 8
2026-03-25 06:11:13,470 INFO [root] AVID broadcast to 2: 9
2026-03-25 06:11:13,470 INFO [root] AVID broadcast to 3: 10
2026-03-25 06:11:13,470 INFO [root] AVID broadcast to 4: 11
2026-03-25 06:11:13,470 INFO [root] 3-0-2-B-AVSS 0 RETRIEVE broadcasted.
2026-03-25 06:11:13,471 INFO [root] disperse msid: 3-0-2-B-AVSS, index: 0
2026-03-25 06:11:13,471 INFO [root] AVID retrieve called with sid: 3-0-2-B-AVID, index: 0
2026-03-25 06:11:13,471 INFO [root] [1] Received READY message from 10
2026-03-25 06:11:13,471 INFO [root] Decoding output for roothash: b'\xbb\x05\xf0\xd4\x87*\x01n\x0c\xbdm\x94D\xeb\xe3\x12\xe5\xc4\xe1b\xe2!6)\x86\xe7\x7f\xc5Q\xae\xd1x'
2026-03-25 06:11:13,471 INFO [root] [0] Received RBC message
2026-03-25 06:11:13,471 INFO [root] multicast list: [8, 9, 10, 11]
2026-03-25 06:11:13,471 INFO [root] before avid.retrieve
2026-03-25 06:11:13,471 INFO [root] AVID broadcast to 1: 8
2026-03-25 06:11:13,471 INFO [root] AVID broadcast to 2: 9
2026-03-25 06:11:13,471 INFO [root] AVID broadcast to 3: 10
2026-03-25 06:11:13,471 INFO [root] AVID broadcast to 4: 11
2026-03-25 06:11:13,472 INFO [root] 2-0-2-B-AVSS 0 RETRIEVE called.
2026-03-25 06:11:13,472 INFO [root] AVID broadcast to 1: 8
2026-03-25 06:11:13,472 INFO [root] AVID broadcast to 2: 9
2026-03-25 06:11:13,472 INFO [root] AVID broadcast to 3: 10
2026-03-25 06:11:13,472 INFO [root] AVID broadcast to 4: 11
2026-03-25 06:11:13,472 INFO [root] 2-0-2-B-AVSS 0 RETRIEVE broadcasted.
2026-03-25 06:11:13,472 INFO [root] 3-0-2-B-AVSS 0 AVID retrieve msg from 8
2026-03-25 06:11:13,472 INFO [root] AVID retrieve response received
2026-03-25 06:11:13,472 INFO [root] retrieve msid: 3-0-2-B-AVID, response_index: 0
2026-03-25 06:11:13,472 INFO [root] RESPONSE from 8
2026-03-25 06:11:13,472 INFO [root] sender self.committee_size: 0
2026-03-25 06:11:13,472 INFO [root] disperse msid: 2-0-2-B-AVSS, index: 0
2026-03-25 06:11:13,473 INFO [root] AVID retrieve called with sid: 2-0-2-B-AVID, index: 0
2026-03-25 06:11:13,473 INFO [root] disperse msid: 3-0-2-B-AVSS, index: 3
2026-03-25 06:11:13,473 INFO [root] AVID retrieve called with sid: 3-0-2-B-AVID, index: 3
2026-03-25 06:11:13,473 INFO [root] AVID broadcast to 1: 8
2026-03-25 06:11:13,473 INFO [root] AVID broadcast to 2: 9
2026-03-25 06:11:13,473 INFO [root] AVID broadcast to 3: 10
2026-03-25 06:11:13,474 INFO [root] AVID broadcast to 4: 11
2026-03-25 06:11:13,474 INFO [root] disperse msid: 3-0-2-B-AVSS, index: 2
2026-03-25 06:11:13,474 INFO [root] AVID retrieve called with sid: 3-0-2-B-AVID, index: 2
2026-03-25 06:11:13,474 INFO [root] disperse msid: 3-0-2-B-AVSS, index: 1
2026-03-25 06:11:13,474 INFO [root] AVID retrieve called with sid: 3-0-2-B-AVID, index: 1
2026-03-25 06:11:13,474 INFO [root] AVID broadcast to 1: 8
2026-03-25 06:11:13,474 INFO [root] AVID broadcast to 2: 9
2026-03-25 06:11:13,474 INFO [root] AVID broadcast to 3: 10
2026-03-25 06:11:13,474 INFO [root] AVID broadcast to 4: 11
2026-03-25 06:11:13,474 INFO [root] 2-0-2-B-AVSS 0 AVID retrieve msg from 8
2026-03-25 06:11:13,474 INFO [root] AVID retrieve response received
2026-03-25 06:11:13,474 INFO [root] retrieve msid: 2-0-2-B-AVID, response_index: 0
2026-03-25 06:11:13,474 INFO [root] RESPONSE from 8
2026-03-25 06:11:13,474 INFO [root] sender self.committee_size: 0
2026-03-25 06:11:13,475 INFO [root] AVID broadcast to 1: 8
2026-03-25 06:11:13,475 INFO [root] AVID broadcast to 2: 9
2026-03-25 06:11:13,475 INFO [root] AVID broadcast to 3: 10
2026-03-25 06:11:13,475 INFO [root] AVID broadcast to 4: 11
2026-03-25 06:11:13,475 INFO [root] disperse msid: 2-0-2-B-AVSS, index: 2
2026-03-25 06:11:13,475 INFO [root] AVID retrieve called with sid: 2-0-2-B-AVID, index: 2
2026-03-25 06:11:13,475 INFO [root] disperse msid: 2-0-2-B-AVSS, index: 3
2026-03-25 06:11:13,475 INFO [root] AVID retrieve called with sid: 2-0-2-B-AVID, index: 3
2026-03-25 06:11:13,475 INFO [root] 3-0-2-B-AVSS 0 AVID retrieve msg from 10
2026-03-25 06:11:13,475 INFO [root] AVID retrieve response received
2026-03-25 06:11:13,475 INFO [root] retrieve msid: 3-0-2-B-AVID, response_index: 0
2026-03-25 06:11:13,476 INFO [root] RESPONSE from 10
2026-03-25 06:11:13,476 INFO [root] sender self.committee_size: 2
2026-03-25 06:11:13,476 INFO [root] 3-0-2-B-AVSS 0 RETRIEVE complete.
2026-03-25 06:11:13,476 INFO [root] after avid.retrieve dispersal_msg
2026-03-25 06:11:13,476 INFO [root] Handling dealer messages for dealer_id: 3, tag: 3-0-2-B-AVSS
2026-03-25 06:11:13,502 INFO [root] shares verified successfully
2026-03-25 06:11:13,502 INFO [root] all_shares_valid: True
2026-03-25 06:11:13,502 INFO [root] after _handle_dealer_msgs, all_shares_valid
2026-03-25 06:11:13,502 INFO [root] self.tagvars[tag]['all_shares_valid']: True
2026-03-25 06:11:13,502 INFO [root] multicast to 8
2026-03-25 06:11:13,502 INFO [root] multicast to 9
2026-03-25 06:11:13,502 INFO [root] multicast to 10
2026-03-25 06:11:13,502 INFO [root] multicast to 11
2026-03-25 06:11:13,503 INFO [root] 2-0-2-B-AVSS 0 AVID retrieve msg from 10
2026-03-25 06:11:13,503 INFO [root] AVID retrieve response received
2026-03-25 06:11:13,503 INFO [root] retrieve msid: 2-0-2-B-AVID, response_index: 0
2026-03-25 06:11:13,503 INFO [root] RESPONSE from 10
2026-03-25 06:11:13,503 INFO [root] sender self.committee_size: 2
2026-03-25 06:11:13,503 INFO [root] 2-0-2-B-AVSS 0 RETRIEVE complete.
2026-03-25 06:11:13,503 INFO [root] after avid.retrieve dispersal_msg
2026-03-25 06:11:13,503 INFO [root] Handling dealer messages for dealer_id: 2, tag: 2-0-2-B-AVSS
2026-03-25 06:11:13,515 INFO [root] shares verified successfully
2026-03-25 06:11:13,515 INFO [root] all_shares_valid: True
2026-03-25 06:11:13,515 INFO [root] after _handle_dealer_msgs, all_shares_valid
2026-03-25 06:11:13,515 INFO [root] self.tagvars[tag]['all_shares_valid']: True
2026-03-25 06:11:13,515 INFO [root] multicast to 8
2026-03-25 06:11:13,515 INFO [root] multicast to 9
2026-03-25 06:11:13,515 INFO [root] multicast to 10
2026-03-25 06:11:13,515 INFO [root] multicast to 11
2026-03-25 06:11:13,515 INFO [root] 0-0-2-B-AVSS 0 RETRIEVE called.
2026-03-25 06:11:13,515 INFO [root] AVID broadcast to 1: 8
2026-03-25 06:11:13,515 INFO [root] AVID broadcast to 2: 9
2026-03-25 06:11:13,515 INFO [root] AVID broadcast to 3: 10
2026-03-25 06:11:13,515 INFO [root] AVID broadcast to 4: 11
2026-03-25 06:11:13,515 INFO [root] 0-0-2-B-AVSS 0 RETRIEVE broadcasted.
2026-03-25 06:11:13,516 INFO [root] [0] Received OK from [8]
2026-03-25 06:11:13,516 INFO [root] [0] OK set: {8}
2026-03-25 06:11:13,516 INFO [root] output: True
2026-03-25 06:11:13,516 INFO [root] [0] Received OK from [8]
2026-03-25 06:11:13,516 INFO [root] [0] OK set: {8}
2026-03-25 06:11:13,516 INFO [root] output: True
2026-03-25 06:11:13,516 INFO [root] disperse msid: 0-0-2-B-AVSS, index: 0
2026-03-25 06:11:13,516 INFO [root] AVID retrieve called with sid: 0-0-2-B-AVID, index: 0
2026-03-25 06:11:13,516 INFO [root] [0] Received OK from [10]
2026-03-25 06:11:13,516 INFO [root] [0] OK set: {8, 10}
2026-03-25 06:11:13,516 INFO [root] output: True
2026-03-25 06:11:13,516 INFO [root] [0] Received OK from [11]
2026-03-25 06:11:13,516 INFO [root] [0] OK set: {8, 10, 11}
2026-03-25 06:11:13,516 INFO [root] output: True
2026-03-25 06:11:13,517 INFO [root] [0] Received OK from [9]
2026-03-25 06:11:13,517 INFO [root] [0] OK set: {8, 9, 10, 11}
2026-03-25 06:11:13,517 INFO [root] output: True
2026-03-25 06:11:13,517 INFO [root] [0] exit
2026-03-25 06:11:13,517 INFO [root] disperse msid: 2-0-2-B-AVSS, index: 1
2026-03-25 06:11:13,517 INFO [root] AVID retrieve called with sid: 2-0-2-B-AVID, index: 1
2026-03-25 06:11:13,517 INFO [root] disperse msid: 0-0-2-B-AVSS, index: 3
2026-03-25 06:11:13,517 INFO [root] AVID retrieve called with sid: 0-0-2-B-AVID, index: 3
2026-03-25 06:11:13,517 INFO [root] disperse msid: 0-0-2-B-AVSS, index: 1
2026-03-25 06:11:13,517 INFO [root] AVID retrieve called with sid: 0-0-2-B-AVID, index: 1
2026-03-25 06:11:13,517 INFO [root] 1-0-2-B-AVSS 0 RETRIEVE called.
2026-03-25 06:11:13,517 INFO [root] AVID broadcast to 1: 8
2026-03-25 06:11:13,517 INFO [root] AVID broadcast to 2: 9
2026-03-25 06:11:13,517 INFO [root] AVID broadcast to 3: 10
2026-03-25 06:11:13,517 INFO [root] AVID broadcast to 4: 11
2026-03-25 06:11:13,517 INFO [root] 1-0-2-B-AVSS 0 RETRIEVE broadcasted.
2026-03-25 06:11:13,518 INFO [root] 0-0-2-B-AVSS 0 AVID retrieve msg from 8
2026-03-25 06:11:13,518 INFO [root] AVID retrieve response received
2026-03-25 06:11:13,518 INFO [root] retrieve msid: 0-0-2-B-AVID, response_index: 0
2026-03-25 06:11:13,518 INFO [root] RESPONSE from 8
2026-03-25 06:11:13,518 INFO [root] sender self.committee_size: 0
2026-03-25 06:11:13,518 INFO [root] disperse msid: 1-0-2-B-AVSS, index: 0
2026-03-25 06:11:13,518 INFO [root] AVID retrieve called with sid: 1-0-2-B-AVID, index: 0
2026-03-25 06:11:13,518 INFO [root] disperse msid: 1-0-2-B-AVSS, index: 3
2026-03-25 06:11:13,518 INFO [root] AVID retrieve called with sid: 1-0-2-B-AVID, index: 3
2026-03-25 06:11:13,518 INFO [root] disperse msid: 1-0-2-B-AVSS, index: 2
2026-03-25 06:11:13,518 INFO [root] AVID retrieve called with sid: 1-0-2-B-AVID, index: 2
2026-03-25 06:11:13,518 INFO [root] [0] Received OK from [11]
2026-03-25 06:11:13,518 INFO [root] [0] OK set: {8, 11}
2026-03-25 06:11:13,518 INFO [root] output: True
2026-03-25 06:11:13,518 INFO [root] [0] Received OK from [10]
2026-03-25 06:11:13,518 INFO [root] [0] OK set: {8, 10, 11}
2026-03-25 06:11:13,518 INFO [root] output: True
2026-03-25 06:11:13,518 INFO [root] disperse msid: 0-0-2-B-AVSS, index: 2
2026-03-25 06:11:13,518 INFO [root] AVID retrieve called with sid: 0-0-2-B-AVID, index: 2
2026-03-25 06:11:13,519 INFO [root] 1-0-2-B-AVSS 0 AVID retrieve msg from 8
2026-03-25 06:11:13,519 INFO [root] AVID retrieve response received
2026-03-25 06:11:13,519 INFO [root] retrieve msid: 1-0-2-B-AVID, response_index: 0
2026-03-25 06:11:13,519 INFO [root] RESPONSE from 8
2026-03-25 06:11:13,519 INFO [root] sender self.committee_size: 0
2026-03-25 06:11:13,519 INFO [root] disperse msid: 1-0-2-B-AVSS, index: 1
2026-03-25 06:11:13,519 INFO [root] AVID retrieve called with sid: 1-0-2-B-AVID, index: 1
2026-03-25 06:11:13,519 INFO [root] [0] Received OK from [9]
2026-03-25 06:11:13,519 INFO [root] [0] OK set: {8, 9, 10, 11}
2026-03-25 06:11:13,519 INFO [root] output: True
2026-03-25 06:11:13,519 INFO [root] [0] exit
2026-03-25 06:11:13,519 INFO [root] 0-0-2-B-AVSS 0 AVID retrieve msg from 11
2026-03-25 06:11:13,519 INFO [root] AVID retrieve response received
2026-03-25 06:11:13,519 INFO [root] retrieve msid: 0-0-2-B-AVID, response_index: 0
2026-03-25 06:11:13,519 INFO [root] RESPONSE from 11
2026-03-25 06:11:13,519 INFO [root] sender self.committee_size: 3
2026-03-25 06:11:13,520 INFO [root] 0-0-2-B-AVSS 0 RETRIEVE complete.
2026-03-25 06:11:13,520 INFO [root] after avid.retrieve dispersal_msg
2026-03-25 06:11:13,520 INFO [root] Handling dealer messages for dealer_id: 0, tag: 0-0-2-B-AVSS
2026-03-25 06:11:13,532 INFO [root] shares verified successfully
2026-03-25 06:11:13,532 INFO [root] all_shares_valid: True
2026-03-25 06:11:13,532 INFO [root] after _handle_dealer_msgs, all_shares_valid
2026-03-25 06:11:13,532 INFO [root] self.tagvars[tag]['all_shares_valid']: True
2026-03-25 06:11:13,532 INFO [root] multicast to 8
2026-03-25 06:11:13,532 INFO [root] multicast to 9
2026-03-25 06:11:13,532 INFO [root] multicast to 10
2026-03-25 06:11:13,532 INFO [root] multicast to 11
2026-03-25 06:11:13,532 INFO [root] key_proposal: [3, 2, 0]
2026-03-25 06:11:13,532 INFO [beaver.transfer] [0] [random shares] Starting ACS where node 1 is set as leader 
2026-03-25 06:11:13,533 INFO [beaver.transfer] [0] [random shares] The proposal of node 0 is [3, 2, 0]
2026-03-25 06:11:13,533 INFO [root] enter handle_message
2026-03-25 06:11:13,533 INFO [root] [0] Received OK from [8]
2026-03-25 06:11:13,533 INFO [root] [0] OK set: {8}
2026-03-25 06:11:13,533 INFO [root] output: True
2026-03-25 06:11:13,533 INFO [root] [0] Received OK from [11]
2026-03-25 06:11:13,533 INFO [root] [0] OK set: {8, 11}
2026-03-25 06:11:13,533 INFO [root] output: True
2026-03-25 06:11:13,533 INFO [root] 1-0-2-B-AVSS 0 AVID retrieve msg from 10
2026-03-25 06:11:13,533 INFO [root] AVID retrieve response received
2026-03-25 06:11:13,533 INFO [root] retrieve msid: 1-0-2-B-AVID, response_index: 0
2026-03-25 06:11:13,533 INFO [root] RESPONSE from 10
2026-03-25 06:11:13,533 INFO [root] sender self.committee_size: 2
2026-03-25 06:11:13,533 INFO [root] 1-0-2-B-AVSS 0 RETRIEVE complete.
2026-03-25 06:11:13,534 INFO [root] after avid.retrieve dispersal_msg
2026-03-25 06:11:13,534 INFO [root] Handling dealer messages for dealer_id: 1, tag: 1-0-2-B-AVSS
2026-03-25 06:11:13,545 INFO [root] shares verified successfully
2026-03-25 06:11:13,545 INFO [root] all_shares_valid: True
2026-03-25 06:11:13,545 INFO [root] after _handle_dealer_msgs, all_shares_valid
2026-03-25 06:11:13,545 INFO [root] self.tagvars[tag]['all_shares_valid']: True
2026-03-25 06:11:13,545 INFO [root] multicast to 8
2026-03-25 06:11:13,545 INFO [root] multicast to 9
2026-03-25 06:11:13,545 INFO [root] multicast to 10
2026-03-25 06:11:13,545 INFO [root] multicast to 11
2026-03-25 06:11:13,546 INFO [root] [0] Received OK from [8]
2026-03-25 06:11:13,546 INFO [root] [0] OK set: {8}
2026-03-25 06:11:13,546 INFO [root] output: True
2026-03-25 06:11:13,546 INFO [root] [0] Received OK from [10]
2026-03-25 06:11:13,546 INFO [root] [0] OK set: {8, 10}
2026-03-25 06:11:13,546 INFO [root] output: True
2026-03-25 06:11:13,546 INFO [root] [0] Received OK from [9]
2026-03-25 06:11:13,546 INFO [root] [0] OK set: {8, 9, 11}
2026-03-25 06:11:13,546 INFO [root] output: True
2026-03-25 06:11:13,546 INFO [root] [0] otmvba msg value
2026-03-25 06:11:13,546 INFO [root] [0] otmvba handle value message
2026-03-25 06:11:13,546 INFO [root] [0] value-self.acss_outputs.keys():dict_keys([3, 2, 0, 1])
2026-03-25 06:11:13,547 INFO [root] [0] --Directly send the proposal!--
2026-03-25 06:11:13,547 INFO [root] [0] Received OK from [11]
2026-03-25 06:11:13,547 INFO [root] [0] OK set: {8, 10, 11}
2026-03-25 06:11:13,547 INFO [root] output: True
2026-03-25 06:11:13,548 INFO [root] [0] Received OK from [10]
2026-03-25 06:11:13,548 INFO [root] [0] OK set: {8, 9, 10, 11}
2026-03-25 06:11:13,548 INFO [root] output: True
2026-03-25 06:11:13,548 INFO [root] [0] exit
2026-03-25 06:11:13,548 INFO [root] [0] Received OK from [9]
2026-03-25 06:11:13,548 INFO [root] [0] OK set: {8, 9, 10, 11}
2026-03-25 06:11:13,548 INFO [root] output: True
2026-03-25 06:11:13,548 INFO [root] [0] exit
2026-03-25 06:11:13,587 INFO [root] [0] otmvba msg PrevoteQC
2026-03-25 06:11:13,587 INFO [root] [0] otmvba handle prevote qc message
2026-03-25 06:11:13,634 INFO [root] [0] otmvba msg VoteQC
2026-03-25 06:11:13,634 INFO [root] [0] otmvba handle vote qc message
2026-03-25 06:11:13,642 INFO [root] [0] otmvba Broadcasting to 8
2026-03-25 06:11:13,642 INFO [root] [0] otmvba Broadcasting to 9
2026-03-25 06:11:13,642 INFO [root] [0] otmvba Broadcasting to 10
2026-03-25 06:11:13,642 INFO [root] [0] otmvba Broadcasting to 11
2026-03-25 06:11:13,643 INFO [root] [0] otmvba msg Terminate
2026-03-25 06:11:13,643 INFO [root] [0] otmvba handle terminate message
2026-03-25 06:11:13,650 INFO [root] [0] otmvba Broadcasting to 8
2026-03-25 06:11:13,650 INFO [root] [0] otmvba Broadcasting to 9
2026-03-25 06:11:13,650 INFO [root] [0] otmvba Broadcasting to 10
2026-03-25 06:11:13,650 INFO [root] [0] otmvba Broadcasting to 11
2026-03-25 06:11:13,650 INFO [beaver.transfer] [0] [random shares] The ACS set is [0, 2, 3]
2026-03-25 06:11:13,650 INFO [root] common: [0, 2, 3]
2026-03-25 06:11:13,693 INFO [beaver.transfer] [0] [asynchronous dynamic transfer] Finished! Node 0, total number: 50, time: 1.1335108280181885 (seconds)
2026-03-25 06:11:13,693 INFO [root] layer ID: 2 trans_foll_time: 1.134674072265625
2026-03-25 06:11:13,698 INFO [root] layer ID: 2 add_outputs length: 100
2026-03-25 06:11:13,698 INFO [root] layer ID: 2 exec_time: 0.0048182010650634766
2026-03-25 06:11:13,698 INFO [beaver.transfer] [0] Starting DynamicTransfer
2026-03-25 06:11:13,699 INFO [beaver.transfer] [0] Starting ACSS to share 50 secrets
2026-03-25 06:11:13,699 INFO [root] [0] [asynchronous dynamic transfer] Layer ID: 2
2026-03-25 06:11:13,699 INFO [root] public_keys: [{'X': '1351958704464600911321699883890367846833043039570973241554039236288262946212471598275066598369384208442009492702787', 'Y': '3932190230919099162230118138664122491117509403054940400988387338373931653715747550278220076019652818827476201106952'}, {'X': '1056438561365032265711698193221769474037095967831606970155489998802665048873174396381184892798850551259947268675725', 'Y': '1215996768026217430398208572708626903783710439593835955208402361388850499695959502041200482363044220015600532144952'}, {'X': '1051350084990063812278329502814095466422049167470691994408764850402208965553565882187881001125423357176228062324475', 'Y': '1214544387220365944993753547044836313902538673804809493577984289946784445278558076409952929830770772300980041963365'}, {'X': '3595462294535491695405057716369774336502343549339981386291200361778603117789290378751841639566958063349273427061476', 'Y': '2272919421704237390528775302161960100910290084534377025076959906920210161387219408811676625327190362317963098473898'}]
2026-03-25 06:11:13,699 INFO [root] layer ID: 2 trans_pre_time: 0.0013992786407470703
2026-03-25 06:11:13,699 INFO [root] layer ID: 2 layer_time: 1.1410613059997559
2026-03-25 06:11:13,700 INFO [root] [0] AVSS tag: 0-0-3-B-AVSS
2026-03-25 06:11:13,700 INFO [root] [0] RBC tag: 0-0-3-B-RBC
2026-03-25 06:11:13,700 INFO [root] enter avss_with_aggtransfer
g = {[6679831729115696150 8653662730902241269 1535610680227111361 17342916647841752903 17135755455211762752 1297449291367578485] [13451288730302620273 10097742279870053774 15949884091978425806 5885175747529691540 1016841820992199104 845620083434234474]}
h = {[13794385998538644597 108816626937764141 12130603454454490125 6127379912259600201 17481961476035825978 950355161936836191] [10722765800778186391 17107915684035394744 11626309118465119103 5217919199071354366 6102759180633827794 660535627654889709]}
Equal? false
2026-03-25 06:11:13,999 INFO [root] [0] Starting reliable broadcast
2026-03-25 06:11:13,999 INFO [root] self.msgmode: avss_with_aggtransfer
2026-03-25 06:11:14,000 INFO [root] rbc_list: [8, 12, 13, 14, 15]
2026-03-25 06:11:14,000 INFO [root] committee_size: 4
2026-03-25 06:11:14,000 INFO [root] n: 5
2026-03-25 06:11:14,000 INFO [root] f: 1
2026-03-25 06:11:14,000 INFO [root] pid: 0
2026-03-25 06:11:14,000 INFO [root] leader: 0
2026-03-25 06:11:14,000 INFO [root] [0] Sending to 0: 12
2026-03-25 06:11:14,001 INFO [root] [0] Sending to 1: 13
2026-03-25 06:11:14,001 INFO [root] [0] Sending to 2: 14
2026-03-25 06:11:14,001 INFO [root] [0] Sending to 3: 15
2026-03-25 06:11:14,001 INFO [root] [0] Starting AVID disperse
2026-03-25 06:11:14,003 INFO [root] [0] Dispersed VAL message to committee
my_send_id: 8 exec_time: 6.1475303173065186
2026-03-25 06:11:23,705 INFO [root] [0] Bytes Sent: TR2:588584 which is 48.523%
2026-03-25 06:11:23,705 INFO [root] [0] Bytes Sent: TR3:624408 which is 51.477%
2026-03-25 06:11:23,705 INFO [root] [0] Total bytes sent out aa: 1212992
2026-03-25 06:11:23,706 INFO [benchmark_logger] Total bytes sent out: 1212992
2026-03-25 06:11:23,715 ERROR [asyncio] Task was destroyed but it is pending!
task: <Task pending name='Task-35' coro=<subscribe_recv.<locals>._recv_loop() running at /opt/dumbo-mpc/dumbo-mpc/AsyRanTriGen/beaver/utils/misc.py:89> wait_for=<Future pending cb=[<TaskWakeupMethWrapper object at 0x7f7b9817dd30>()]>>
Exception ignored in: <coroutine object subscribe_recv.<locals>._recv_loop at 0x7f7b9806a7c0>
Traceback (most recent call last):
  File "/opt/dumbo-mpc/dumbo-mpc/AsyRanTriGen/beaver/utils/misc.py", line 89, in _recv_loop
    j, (tag, o) = await recv()
  File "/usr/lib/python3.8/asyncio/queues.py", line 165, in get
    getter.cancel()  # Just in case getter is not done yet.
  File "uvloop/loop.pyx", line 1281, in uvloop.loop.Loop.call_soon
  File "uvloop/loop.pyx", line 669, in uvloop.loop.Loop._call_soon
  File "uvloop/loop.pyx", line 678, in uvloop.loop.Loop._call_soon_handle
  File "uvloop/loop.pyx", line 673, in uvloop.loop.Loop._append_ready_handle
  File "uvloop/loop.pyx", line 705, in uvloop.loop.Loop._check_closed
RuntimeError: Event loop is closed
2026-03-25 06:11:23,716 ERROR [asyncio] Task was destroyed but it is pending!
task: <Task pending name='Task-55' coro=<rbc_dyn() running at /opt/dumbo-mpc/dumbo-mpc/AsyRanTriGen/beaver/broadcast/reliablebroadcast.py:411> wait_for=<Future cancelled>>
Exception ignored in: <coroutine object rbc_dyn at 0x7f7b9807eac0>
Traceback (most recent call last):
  File "/opt/dumbo-mpc/dumbo-mpc/AsyRanTriGen/beaver/broadcast/reliablebroadcast.py", line 411, in rbc_dyn
    sender, msg = await receive()
  File "/usr/lib/python3.8/asyncio/queues.py", line 165, in get
    getter.cancel()  # Just in case getter is not done yet.
  File "uvloop/loop.pyx", line 1281, in uvloop.loop.Loop.call_soon
  File "uvloop/loop.pyx", line 669, in uvloop.loop.Loop._call_soon
  File "uvloop/loop.pyx", line 678, in uvloop.loop.Loop._call_soon_handle
  File "uvloop/loop.pyx", line 673, in uvloop.loop.Loop._append_ready_handle
  File "uvloop/loop.pyx", line 705, in uvloop.loop.Loop._check_closed
RuntimeError: Event loop is closed
2026-03-25 06:11:23,717 ERROR [asyncio] Task was destroyed but it is pending!
task: <Task pending name='Task-57' coro=<AVID_DYNAMIC.disperse() running at /opt/dumbo-mpc/dumbo-mpc/AsyRanTriGen/beaver/broadcast/avid.py:461> wait_for=<Future cancelled>>
Exception ignored in: <coroutine object AVID_DYNAMIC.disperse at 0x7f7b980c2b40>
Traceback (most recent call last):
  File "/opt/dumbo-mpc/dumbo-mpc/AsyRanTriGen/beaver/broadcast/avid.py", line 461, in disperse
    sender, msg = await self.recv()
  File "/usr/lib/python3.8/asyncio/queues.py", line 165, in get
    getter.cancel()  # Just in case getter is not done yet.
  File "uvloop/loop.pyx", line 1281, in uvloop.loop.Loop.call_soon
  File "uvloop/loop.pyx", line 669, in uvloop.loop.Loop._call_soon
  File "uvloop/loop.pyx", line 678, in uvloop.loop.Loop._call_soon_handle
  File "uvloop/loop.pyx", line 673, in uvloop.loop.Loop._append_ready_handle
  File "uvloop/loop.pyx", line 705, in uvloop.loop.Loop._check_closed
RuntimeError: Event loop is closed
2026-03-25 06:11:23,717 ERROR [asyncio] Task was destroyed but it is pending!
task: <Task pending name='Task-37' coro=<subscribe_recv.<locals>._recv_loop() running at /opt/dumbo-mpc/dumbo-mpc/AsyRanTriGen/beaver/utils/misc.py:89> wait_for=<Future cancelled>>
Exception ignored in: <coroutine object subscribe_recv.<locals>._recv_loop at 0x7f7b9802e640>
Traceback (most recent call last):
  File "/opt/dumbo-mpc/dumbo-mpc/AsyRanTriGen/beaver/utils/misc.py", line 89, in _recv_loop
    j, (tag, o) = await recv()
ValueError: coroutine already executing
Exception ignored in: <coroutine object Queue.get at 0x7f7b98086ec0>
Traceback (most recent call last):
  File "/usr/lib/python3.8/asyncio/queues.py", line 165, in get
    getter.cancel()  # Just in case getter is not done yet.
  File "uvloop/loop.pyx", line 1281, in uvloop.loop.Loop.call_soon
  File "uvloop/loop.pyx", line 669, in uvloop.loop.Loop._call_soon
  File "uvloop/loop.pyx", line 678, in uvloop.loop.Loop._call_soon_handle
  File "uvloop/loop.pyx", line 673, in uvloop.loop.Loop._append_ready_handle
  File "uvloop/loop.pyx", line 705, in uvloop.loop.Loop._check_closed
RuntimeError: Event loop is closed
Exception ignored in: <coroutine object Queue.get at 0x7f7b98086f40>
Traceback (most recent call last):
  File "/usr/lib/python3.8/asyncio/queues.py", line 165, in get
    getter.cancel()  # Just in case getter is not done yet.
  File "uvloop/loop.pyx", line 1281, in uvloop.loop.Loop.call_soon
  File "uvloop/loop.pyx", line 669, in uvloop.loop.Loop._call_soon
  File "uvloop/loop.pyx", line 678, in uvloop.loop.Loop._call_soon_handle
  File "uvloop/loop.pyx", line 673, in uvloop.loop.Loop._append_ready_handle
  File "uvloop/loop.pyx", line 705, in uvloop.loop.Loop._check_closed
RuntimeError: Event loop is closed
2026-03-25 06:11:23,718 ERROR [asyncio] Task was destroyed but it is pending!
task: <Task pending name='Task-39' coro=<subscribe_recv.<locals>._recv_loop() running at /opt/dumbo-mpc/dumbo-mpc/AsyRanTriGen/beaver/utils/misc.py:89> wait_for=<Future pending cb=[<TaskWakeupMethWrapper object at 0x7f7b98078b80>()]>>
2026-03-25 06:11:23,718 ERROR [asyncio] Task was destroyed but it is pending!
task: <Task pending name='Task-47' coro=<ACSS_Foll._recv_loop() running at /opt/dumbo-mpc/dumbo-mpc/AsyRanTriGen/beaver/hbacss.py:3710> wait_for=<Future pending cb=[<TaskWakeupMethWrapper object at 0x7f7b9816fe80>()]>>
Exception ignored in: <coroutine object subscribe_recv.<locals>._recv_loop at 0x7f7b9807eb40>
Traceback (most recent call last):
  File "/opt/dumbo-mpc/dumbo-mpc/AsyRanTriGen/beaver/utils/misc.py", line 89, in _recv_loop
    j, (tag, o) = await recv()
  File "/usr/lib/python3.8/asyncio/queues.py", line 165, in get
    getter.cancel()  # Just in case getter is not done yet.
  File "uvloop/loop.pyx", line 1281, in uvloop.loop.Loop.call_soon
  File "uvloop/loop.pyx", line 669, in uvloop.loop.Loop._call_soon
  File "uvloop/loop.pyx", line 678, in uvloop.loop.Loop._call_soon_handle
  File "uvloop/loop.pyx", line 673, in uvloop.loop.Loop._append_ready_handle
  File "uvloop/loop.pyx", line 705, in uvloop.loop.Loop._check_closed
RuntimeError: Event loop is closed
Exception ignored in: <coroutine object ACSS_Foll._recv_loop at 0x7f7b980864c0>
Traceback (most recent call last):
  File "/opt/dumbo-mpc/dumbo-mpc/AsyRanTriGen/beaver/hbacss.py", line 3710, in _recv_loop
    await avid.disperse(tag, self.my_id+1, dispersal_msg_list)
  File "/opt/dumbo-mpc/dumbo-mpc/AsyRanTriGen/beaver/broadcast/avid.py", line 461, in disperse
    sender, msg = await self.recv()
  File "/usr/lib/python3.8/asyncio/queues.py", line 165, in get
    getter.cancel()  # Just in case getter is not done yet.
  File "uvloop/loop.pyx", line 1281, in uvloop.loop.Loop.call_soon
  File "uvloop/loop.pyx", line 669, in uvloop.loop.Loop._call_soon
  File "uvloop/loop.pyx", line 678, in uvloop.loop.Loop._call_soon_handle
  File "uvloop/loop.pyx", line 673, in uvloop.loop.Loop._append_ready_handle
  File "uvloop/loop.pyx", line 705, in uvloop.loop.Loop._check_closed
RuntimeError: Event loop is closed
2026-03-25 06:11:23,719 ERROR [asyncio] Task was destroyed but it is pending!
task: <Task pending name='Task-44' coro=<ACSS_Foll._recv_loop() running at /opt/dumbo-mpc/dumbo-mpc/AsyRanTriGen/beaver/hbacss.py:3708> wait_for=<Future pending cb=[<TaskWakeupMethWrapper object at 0x7f7b980978b0>()]>>
2026-03-25 06:11:23,720 ERROR [asyncio] Task was destroyed but it is pending!
task: <Task pending name='Task-45' coro=<ACSS_Foll._recv_loop() running at /opt/dumbo-mpc/dumbo-mpc/AsyRanTriGen/beaver/hbacss.py:3708> wait_for=<Future pending cb=[<TaskWakeupMethWrapper object at 0x7f7b980976a0>()]>>
2026-03-25 06:11:23,720 ERROR [asyncio] Task was destroyed but it is pending!
task: <Task pending name='Task-46' coro=<ACSS_Foll._recv_loop() running at /opt/dumbo-mpc/dumbo-mpc/AsyRanTriGen/beaver/hbacss.py:3708> wait_for=<Future pending cb=[<TaskWakeupMethWrapper object at 0x7f7b98084e50>()]>>
Exception ignored in: <coroutine object ACSS_Foll._recv_loop at 0x7f7b9802e5c0>
Traceback (most recent call last):
  File "/opt/dumbo-mpc/dumbo-mpc/AsyRanTriGen/beaver/hbacss.py", line 3708, in _recv_loop
    await avid.disperse(tag, self.my_id, dispersal_msg_list)
  File "/opt/dumbo-mpc/dumbo-mpc/AsyRanTriGen/beaver/broadcast/avid.py", line 461, in disperse
    sender, msg = await self.recv()
  File "/usr/lib/python3.8/asyncio/queues.py", line 165, in get
    getter.cancel()  # Just in case getter is not done yet.
  File "uvloop/loop.pyx", line 1281, in uvloop.loop.Loop.call_soon
  File "uvloop/loop.pyx", line 669, in uvloop.loop.Loop._call_soon
  File "uvloop/loop.pyx", line 678, in uvloop.loop.Loop._call_soon_handle
  File "uvloop/loop.pyx", line 673, in uvloop.loop.Loop._append_ready_handle
  File "uvloop/loop.pyx", line 705, in uvloop.loop.Loop._check_closed
RuntimeError: Event loop is closed
Exception ignored in: <coroutine object ACSS_Foll._recv_loop at 0x7f7b8dfe9ac0>
Traceback (most recent call last):
  File "/opt/dumbo-mpc/dumbo-mpc/AsyRanTriGen/beaver/hbacss.py", line 3708, in _recv_loop
    await avid.disperse(tag, self.my_id, dispersal_msg_list)
  File "/opt/dumbo-mpc/dumbo-mpc/AsyRanTriGen/beaver/broadcast/avid.py", line 461, in disperse
    sender, msg = await self.recv()
  File "/usr/lib/python3.8/asyncio/queues.py", line 165, in get
    getter.cancel()  # Just in case getter is not done yet.
  File "uvloop/loop.pyx", line 1281, in uvloop.loop.Loop.call_soon
  File "uvloop/loop.pyx", line 669, in uvloop.loop.Loop._call_soon
  File "uvloop/loop.pyx", line 678, in uvloop.loop.Loop._call_soon_handle
  File "uvloop/loop.pyx", line 673, in uvloop.loop.Loop._append_ready_handle
  File "uvloop/loop.pyx", line 705, in uvloop.loop.Loop._check_closed
RuntimeError: Event loop is closed
Exception ignored in: <coroutine object ACSS_Foll._recv_loop at 0x7f7b9802e3c0>
Traceback (most recent call last):
  File "/opt/dumbo-mpc/dumbo-mpc/AsyRanTriGen/beaver/hbacss.py", line 3708, in _recv_loop
    await avid.disperse(tag, self.my_id, dispersal_msg_list)
  File "/opt/dumbo-mpc/dumbo-mpc/AsyRanTriGen/beaver/broadcast/avid.py", line 461, in disperse
    sender, msg = await self.recv()
  File "/usr/lib/python3.8/asyncio/queues.py", line 165, in get
    getter.cancel()  # Just in case getter is not done yet.
  File "uvloop/loop.pyx", line 1281, in uvloop.loop.Loop.call_soon
  File "uvloop/loop.pyx", line 669, in uvloop.loop.Loop._call_soon
  File "uvloop/loop.pyx", line 678, in uvloop.loop.Loop._call_soon_handle
  File "uvloop/loop.pyx", line 673, in uvloop.loop.Loop._append_ready_handle
  File "uvloop/loop.pyx", line 705, in uvloop.loop.Loop._check_closed
RuntimeError: Event loop is closed
2026-03-25 06:11:23,723 ERROR [asyncio] Task was destroyed but it is pending!
task: <Task pending name='Task-48' coro=<subscribe_recv.<locals>._recv_loop() running at /opt/dumbo-mpc/dumbo-mpc/AsyRanTriGen/beaver/utils/misc.py:89> wait_for=<Future cancelled>>
2026-03-25 06:11:23,723 ERROR [asyncio] Task was destroyed but it is pending!
task: <Task pending name='Task-49' coro=<OptimalCommonSet.fallback_timer() running at /opt/dumbo-mpc/dumbo-mpc/AsyRanTriGen/beaver/broadcast/otmvba_dyn.py:71> wait_for=<Future pending cb=[<TaskWakeupMethWrapper object at 0x7f7b98078760>()]>>
2026-03-25 06:11:23,723 ERROR [asyncio] Task was destroyed but it is pending!
task: <Task pending name='Task-50' coro=<subscribe_recv.<locals>._recv_loop() running at /opt/dumbo-mpc/dumbo-mpc/AsyRanTriGen/beaver/utils/misc.py:89> wait_for=<Future pending cb=[<TaskWakeupMethWrapper object at 0x7f7b980846a0>()]>>
2026-03-25 06:11:23,723 ERROR [asyncio] Task was destroyed but it is pending!
task: <Task pending name='Task-53' coro=<subscribe_recv.<locals>._recv_loop() running at /opt/dumbo-mpc/dumbo-mpc/AsyRanTriGen/beaver/utils/misc.py:89> wait_for=<Future pending cb=[<TaskWakeupMethWrapper object at 0x7f7b98097790>()]>>
Exception ignored in: <coroutine object subscribe_recv.<locals>._recv_loop at 0x7f7b98086640>
Traceback (most recent call last):
  File "/opt/dumbo-mpc/dumbo-mpc/AsyRanTriGen/beaver/utils/misc.py", line 89, in _recv_loop
    j, (tag, o) = await recv()
  File "/usr/lib/python3.8/asyncio/queues.py", line 165, in get
    getter.cancel()  # Just in case getter is not done yet.
  File "uvloop/loop.pyx", line 1281, in uvloop.loop.Loop.call_soon
  File "uvloop/loop.pyx", line 669, in uvloop.loop.Loop._call_soon
  File "uvloop/loop.pyx", line 678, in uvloop.loop.Loop._call_soon_handle
  File "uvloop/loop.pyx", line 673, in uvloop.loop.Loop._append_ready_handle
  File "uvloop/loop.pyx", line 705, in uvloop.loop.Loop._check_closed
RuntimeError: Event loop is closed
Exception ignored in: <coroutine object subscribe_recv.<locals>._recv_loop at 0x7f7b981a0f40>
Traceback (most recent call last):
  File "/opt/dumbo-mpc/dumbo-mpc/AsyRanTriGen/beaver/utils/misc.py", line 89, in _recv_loop
    j, (tag, o) = await recv()
  File "/usr/lib/python3.8/asyncio/queues.py", line 165, in get
    getter.cancel()  # Just in case getter is not done yet.
  File "uvloop/loop.pyx", line 1281, in uvloop.loop.Loop.call_soon
  File "uvloop/loop.pyx", line 669, in uvloop.loop.Loop._call_soon
  File "uvloop/loop.pyx", line 678, in uvloop.loop.Loop._call_soon_handle
  File "uvloop/loop.pyx", line 673, in uvloop.loop.Loop._append_ready_handle
  File "uvloop/loop.pyx", line 705, in uvloop.loop.Loop._check_closed
RuntimeError: Event loop is closed
