Warning: Permanently added '42.192.8.61' (ECDSA) to the list of known hosts.
time="2026-03-25T14:11:10+08:00" level=warning msg="/root/Continuum/dumbo-mpc/docker-compose.yml: the attribute `version` is obsolete, it will be ignored, please remove it to avoid potential confusion"
 Container dumbo-mpc-dumbo-mpc-run-ed9888ff1cb2 Creating 
 Container dumbo-mpc-dumbo-mpc-run-ed9888ff1cb2 Created 
2026-03-25 06:11:12,522 INFO [root] Running ADMPC ...
2026-03-25 06:11:12,970 INFO [root] my_send_id: 18
2026-03-25 06:11:12,975 INFO [root] ADMPC start time: 1774419072.975295
2026-03-25 06:11:12,977 INFO [root] [Layer 4] Reached run_admpc checkpoint
2026-03-25 06:11:12,977 INFO [beaver.transfer] [2] Starting DynamicTransfer_Foll
2026-03-25 06:11:12,977 INFO [beaver.transfer] [2] Starting ACSS to share 50 secrets
2026-03-25 06:11:12,978 INFO [root] [2] Starting Batch AVSS. Id: 0, Dealer Id: 0, Client Mode: False
2026-03-25 06:11:12,978 INFO [root] [2] AVSS tag: 0-0-4-B-AVSS
2026-03-25 06:11:12,978 INFO [root] [2] RBC tag: 0-0-4-B-RBC
2026-03-25 06:11:12,978 INFO [root] [2] Starting AVSS with shares_num: 50, dealer_id: 0, client_mode: False
2026-03-25 06:11:12,978 INFO [root] rbc_list: [12, 16, 17, 18, 19]
2026-03-25 06:11:12,978 INFO [root] committee_size: 4
2026-03-25 06:11:12,978 INFO [root] n: 5
2026-03-25 06:11:12,978 INFO [root] f: 1
2026-03-25 06:11:12,978 INFO [root] pid: 3
2026-03-25 06:11:12,978 INFO [root] leader: 0
2026-03-25 06:11:12,978 INFO [root] [2] Starting Batch AVSS. Id: 0, Dealer Id: 1, Client Mode: False
2026-03-25 06:11:12,978 INFO [root] [2] AVSS tag: 1-0-4-B-AVSS
2026-03-25 06:11:12,978 INFO [root] [2] RBC tag: 1-0-4-B-RBC
2026-03-25 06:11:12,978 INFO [root] [2] Starting AVSS with shares_num: 50, dealer_id: 1, client_mode: False
2026-03-25 06:11:12,979 INFO [root] rbc_list: [13, 16, 17, 18, 19]
2026-03-25 06:11:12,979 INFO [root] committee_size: 4
2026-03-25 06:11:12,979 INFO [root] n: 5
2026-03-25 06:11:12,979 INFO [root] f: 1
2026-03-25 06:11:12,979 INFO [root] pid: 3
2026-03-25 06:11:12,979 INFO [root] leader: 1
2026-03-25 06:11:12,979 INFO [root] [2] Starting Batch AVSS. Id: 0, Dealer Id: 2, Client Mode: False
2026-03-25 06:11:12,979 INFO [root] [2] AVSS tag: 2-0-4-B-AVSS
2026-03-25 06:11:12,979 INFO [root] [2] RBC tag: 2-0-4-B-RBC
2026-03-25 06:11:12,979 INFO [root] [2] Starting AVSS with shares_num: 50, dealer_id: 2, client_mode: False
2026-03-25 06:11:12,979 INFO [root] rbc_list: [14, 16, 17, 18, 19]
2026-03-25 06:11:12,979 INFO [root] committee_size: 4
2026-03-25 06:11:12,980 INFO [root] n: 5
2026-03-25 06:11:12,980 INFO [root] f: 1
2026-03-25 06:11:12,980 INFO [root] pid: 3
2026-03-25 06:11:12,980 INFO [root] leader: 2
2026-03-25 06:11:12,980 INFO [root] [2] Starting Batch AVSS. Id: 0, Dealer Id: 3, Client Mode: False
2026-03-25 06:11:12,980 INFO [root] [2] AVSS tag: 3-0-4-B-AVSS
2026-03-25 06:11:12,980 INFO [root] [2] RBC tag: 3-0-4-B-RBC
2026-03-25 06:11:12,980 INFO [root] [2] Starting AVSS with shares_num: 50, dealer_id: 3, client_mode: False
2026-03-25 06:11:12,981 INFO [root] rbc_list: [15, 16, 17, 18, 19]
2026-03-25 06:11:12,981 INFO [root] committee_size: 4
2026-03-25 06:11:12,981 INFO [root] n: 5
2026-03-25 06:11:12,981 INFO [root] f: 1
2026-03-25 06:11:12,981 INFO [root] pid: 2
2026-03-25 06:11:12,981 INFO [root] leader: 3
2026-03-25 06:11:14,519 INFO [root] [2] Received VAL message from 15
2026-03-25 06:11:14,519 INFO [root] entering n == commitee_size + 1
2026-03-25 06:11:14,519 INFO [root] [2] sender: 15, leader: 3
2026-03-25 06:11:14,519 INFO [root] [2] Successfully validated VAL message
2026-03-25 06:11:14,519 INFO [root] [2] Broadcasted ECHO message for roothash b"\xf6\x1e\xf4\xd3\xef\xb8\xca\x9b\x8b\xf1\xf8\x14j\x85S'\xde v]P\x0cP\xa4\xc9\xf2|\xd1\xe2J\xf9\x1e"
2026-03-25 06:11:14,519 INFO [root] broadcast Sending to 1: 16
2026-03-25 06:11:14,519 INFO [root] broadcast Sending to 2: 17
2026-03-25 06:11:14,519 INFO [root] broadcast Sending to 3: 18
2026-03-25 06:11:14,519 INFO [root] broadcast Sending to 4: 19
2026-03-25 06:11:14,519 INFO [root] [2] Received ECHO message from 18
2026-03-25 06:11:14,520 INFO [root] [3] Received VAL message from 13
2026-03-25 06:11:14,520 INFO [root] entering n == commitee_size + 1
2026-03-25 06:11:14,520 INFO [root] [3] sender: 13, leader: 1
2026-03-25 06:11:14,521 INFO [root] [3] Successfully validated VAL message
2026-03-25 06:11:14,521 INFO [root] [3] Broadcasted ECHO message for roothash b'\xf1Pk%\x8aq\xddv=PR\xec\x0bEKYo\x01\x9f"\x10`k9\x88\xef\xb8\xd6^\xa2\x810'
2026-03-25 06:11:14,521 INFO [root] broadcast Sending to 1: 16
2026-03-25 06:11:14,521 INFO [root] broadcast Sending to 2: 17
2026-03-25 06:11:14,521 INFO [root] broadcast Sending to 3: 18
2026-03-25 06:11:14,521 INFO [root] broadcast Sending to 4: 19
2026-03-25 06:11:14,521 INFO [root] [2] Received ECHO message from 16
2026-03-25 06:11:14,521 INFO [root] [3] Received ECHO message from 18
2026-03-25 06:11:14,521 INFO [root] [2] Received ECHO message from 19
2026-03-25 06:11:14,521 INFO [root] [2] Broadcasted READY message for roothash b"\xf6\x1e\xf4\xd3\xef\xb8\xca\x9b\x8b\xf1\xf8\x14j\x85S'\xde v]P\x0cP\xa4\xc9\xf2|\xd1\xe2J\xf9\x1e"
2026-03-25 06:11:14,521 INFO [root] broadcast Sending to 1: 16
2026-03-25 06:11:14,521 INFO [root] broadcast Sending to 2: 17
2026-03-25 06:11:14,522 INFO [root] broadcast Sending to 3: 18
2026-03-25 06:11:14,522 INFO [root] broadcast Sending to 4: 19
2026-03-25 06:11:14,522 INFO [root] [2] Received ECHO message from 17
2026-03-25 06:11:14,522 INFO [root] [2] Received READY message from 18
2026-03-25 06:11:14,522 INFO [root] [3] Received ECHO message from 19
2026-03-25 06:11:14,523 INFO [root] [3] Received ECHO message from 16
2026-03-25 06:11:14,523 INFO [root] [3] Broadcasted READY message for roothash b'\xf1Pk%\x8aq\xddv=PR\xec\x0bEKYo\x01\x9f"\x10`k9\x88\xef\xb8\xd6^\xa2\x810'
2026-03-25 06:11:14,523 INFO [root] broadcast Sending to 1: 16
2026-03-25 06:11:14,523 INFO [root] broadcast Sending to 2: 17
2026-03-25 06:11:14,523 INFO [root] broadcast Sending to 3: 18
2026-03-25 06:11:14,523 INFO [root] broadcast Sending to 4: 19
2026-03-25 06:11:14,523 INFO [root] [2] Received READY message from 16
2026-03-25 06:11:14,523 INFO [root] [2] Received READY message from 19
2026-03-25 06:11:14,523 INFO [root] Decoding output for roothash: b"\xf6\x1e\xf4\xd3\xef\xb8\xca\x9b\x8b\xf1\xf8\x14j\x85S'\xde v]P\x0cP\xa4\xc9\xf2|\xd1\xe2J\xf9\x1e"
2026-03-25 06:11:14,523 INFO [root] [2] Received RBC message
2026-03-25 06:11:14,523 INFO [root] multicast list: [16, 17, 18, 19]
2026-03-25 06:11:14,523 INFO [root] before avid.retrieve
2026-03-25 06:11:14,524 INFO [root] AVID broadcast to 1: 16
2026-03-25 06:11:14,524 INFO [root] AVID broadcast to 2: 17
2026-03-25 06:11:14,524 INFO [root] AVID broadcast to 3: 18
2026-03-25 06:11:14,524 INFO [root] AVID broadcast to 4: 19
2026-03-25 06:11:14,524 INFO [root] [3] Received READY message from 18
2026-03-25 06:11:14,524 INFO [root] [3] Received READY message from 16
2026-03-25 06:11:14,524 INFO [root] [3] Received ECHO message from 17
2026-03-25 06:11:14,524 INFO [root] [3] Received READY message from 19
2026-03-25 06:11:14,524 INFO [root] Decoding output for roothash: b'\xf1Pk%\x8aq\xddv=PR\xec\x0bEKYo\x01\x9f"\x10`k9\x88\xef\xb8\xd6^\xa2\x810'
2026-03-25 06:11:14,524 INFO [root] [2] Received RBC message
2026-03-25 06:11:14,525 INFO [root] multicast list: [16, 17, 18, 19]
2026-03-25 06:11:14,525 INFO [root] before avid.retrieve
2026-03-25 06:11:14,527 INFO [root] AVID broadcast to 1: 16
2026-03-25 06:11:14,527 INFO [root] AVID broadcast to 2: 17
2026-03-25 06:11:14,527 INFO [root] AVID broadcast to 3: 18
2026-03-25 06:11:14,527 INFO [root] AVID broadcast to 4: 19
2026-03-25 06:11:14,527 INFO [root] [3] Received VAL message from 14
2026-03-25 06:11:14,527 INFO [root] entering n == commitee_size + 1
2026-03-25 06:11:14,527 INFO [root] [3] sender: 14, leader: 2
2026-03-25 06:11:14,527 INFO [root] [3] Successfully validated VAL message
2026-03-25 06:11:14,527 INFO [root] [3] Broadcasted ECHO message for roothash b'l\xaf\x7f\\\xe9\x92\x14\x82\xd3%\x8b\x9e\xeey\xc2V\x1cy\x8b\t\\}f\x84\xbf\xdd\xc7\xfd\xc1\xea"\x95'
2026-03-25 06:11:14,527 INFO [root] broadcast Sending to 1: 16
2026-03-25 06:11:14,527 INFO [root] broadcast Sending to 2: 17
2026-03-25 06:11:14,527 INFO [root] broadcast Sending to 3: 18
2026-03-25 06:11:14,527 INFO [root] broadcast Sending to 4: 19
2026-03-25 06:11:14,528 INFO [root] [3] Received ECHO message from 18
2026-03-25 06:11:14,528 INFO [root] [3] Received VAL message from 12
2026-03-25 06:11:14,528 INFO [root] entering n == commitee_size + 1
2026-03-25 06:11:14,528 INFO [root] [3] sender: 12, leader: 0
2026-03-25 06:11:14,528 INFO [root] [3] Successfully validated VAL message
2026-03-25 06:11:14,528 INFO [root] [3] Broadcasted ECHO message for roothash b'\xd9\x90a/\x8a\x8b\x8a\xc9\x104\xe9\x88\xdd\xc32\xe2H)\xaa\x14\xf9\xa6\xd0\xfe\xfd\xfem\xd1\xf3\xf4\x82\x84'
2026-03-25 06:11:14,528 INFO [root] broadcast Sending to 1: 16
2026-03-25 06:11:14,528 INFO [root] broadcast Sending to 2: 17
2026-03-25 06:11:14,528 INFO [root] broadcast Sending to 3: 18
2026-03-25 06:11:14,528 INFO [root] broadcast Sending to 4: 19
2026-03-25 06:11:14,528 INFO [root] AVID broadcast to 1: 16
2026-03-25 06:11:14,528 INFO [root] AVID broadcast to 2: 17
2026-03-25 06:11:14,528 INFO [root] AVID broadcast to 3: 18
2026-03-25 06:11:14,528 INFO [root] AVID broadcast to 4: 19
2026-03-25 06:11:14,528 INFO [root] [3] Received ECHO message from 19
2026-03-25 06:11:14,529 INFO [root] [3] Received ECHO message from 18
2026-03-25 06:11:14,529 INFO [root] [3] Received ECHO message from 17
2026-03-25 06:11:14,529 INFO [root] [3] Broadcasted READY message for roothash b'l\xaf\x7f\\\xe9\x92\x14\x82\xd3%\x8b\x9e\xeey\xc2V\x1cy\x8b\t\\}f\x84\xbf\xdd\xc7\xfd\xc1\xea"\x95'
2026-03-25 06:11:14,529 INFO [root] broadcast Sending to 1: 16
2026-03-25 06:11:14,529 INFO [root] broadcast Sending to 2: 17
2026-03-25 06:11:14,529 INFO [root] broadcast Sending to 3: 18
2026-03-25 06:11:14,529 INFO [root] broadcast Sending to 4: 19
2026-03-25 06:11:14,529 INFO [root] [3] Received ECHO message from 19
2026-03-25 06:11:14,530 INFO [root] [3] Received READY message from 18
2026-03-25 06:11:14,530 INFO [root] [3] Received ECHO message from 17
2026-03-25 06:11:14,530 INFO [root] [3] Broadcasted READY message for roothash b'\xd9\x90a/\x8a\x8b\x8a\xc9\x104\xe9\x88\xdd\xc32\xe2H)\xaa\x14\xf9\xa6\xd0\xfe\xfd\xfem\xd1\xf3\xf4\x82\x84'
2026-03-25 06:11:14,530 INFO [root] broadcast Sending to 1: 16
2026-03-25 06:11:14,530 INFO [root] broadcast Sending to 2: 17
2026-03-25 06:11:14,530 INFO [root] broadcast Sending to 3: 18
2026-03-25 06:11:14,530 INFO [root] broadcast Sending to 4: 19
2026-03-25 06:11:14,531 INFO [root] [3] Received ECHO message from 16
2026-03-25 06:11:14,531 INFO [root] [3] Received READY message from 18
2026-03-25 06:11:14,531 INFO [root] [3] Received READY message from 16
2026-03-25 06:11:14,531 INFO [root] [3] Received READY message from 19
2026-03-25 06:11:14,531 INFO [root] Decoding output for roothash: b'l\xaf\x7f\\\xe9\x92\x14\x82\xd3%\x8b\x9e\xeey\xc2V\x1cy\x8b\t\\}f\x84\xbf\xdd\xc7\xfd\xc1\xea"\x95'
2026-03-25 06:11:14,531 INFO [root] [2] Received RBC message
2026-03-25 06:11:14,531 INFO [root] multicast list: [16, 17, 18, 19]
2026-03-25 06:11:14,531 INFO [root] before avid.retrieve
2026-03-25 06:11:14,531 INFO [root] [3] Received ECHO message from 16
2026-03-25 06:11:14,532 INFO [root] 3-0-4-B-AVSS 2 RETRIEVE called.
2026-03-25 06:11:14,532 INFO [root] AVID broadcast to 1: 16
2026-03-25 06:11:14,532 INFO [root] AVID broadcast to 2: 17
2026-03-25 06:11:14,532 INFO [root] AVID broadcast to 3: 18
2026-03-25 06:11:14,532 INFO [root] AVID broadcast to 4: 19
2026-03-25 06:11:14,532 INFO [root] 3-0-4-B-AVSS 2 RETRIEVE broadcasted.
2026-03-25 06:11:14,532 INFO [root] AVID broadcast to 1: 16
2026-03-25 06:11:14,532 INFO [root] AVID broadcast to 2: 17
2026-03-25 06:11:14,532 INFO [root] AVID broadcast to 3: 18
2026-03-25 06:11:14,532 INFO [root] AVID broadcast to 4: 19
2026-03-25 06:11:14,533 INFO [root] disperse msid: 3-0-4-B-AVSS, index: 2
2026-03-25 06:11:14,533 INFO [root] AVID retrieve called with sid: 3-0-4-B-AVID, index: 2
2026-03-25 06:11:14,533 INFO [root] disperse msid: 3-0-4-B-AVSS, index: 3
2026-03-25 06:11:14,533 INFO [root] AVID retrieve called with sid: 3-0-4-B-AVID, index: 3
2026-03-25 06:11:14,533 INFO [root] disperse msid: 3-0-4-B-AVSS, index: 0
2026-03-25 06:11:14,533 INFO [root] AVID retrieve called with sid: 3-0-4-B-AVID, index: 0
2026-03-25 06:11:14,533 INFO [root] [3] Received READY message from 19
2026-03-25 06:11:14,533 INFO [root] [3] Received READY message from 16
2026-03-25 06:11:14,533 INFO [root] Decoding output for roothash: b'\xd9\x90a/\x8a\x8b\x8a\xc9\x104\xe9\x88\xdd\xc32\xe2H)\xaa\x14\xf9\xa6\xd0\xfe\xfd\xfem\xd1\xf3\xf4\x82\x84'
2026-03-25 06:11:14,533 INFO [root] [2] Received RBC message
2026-03-25 06:11:14,534 INFO [root] multicast list: [16, 17, 18, 19]
2026-03-25 06:11:14,534 INFO [root] before avid.retrieve
2026-03-25 06:11:14,534 INFO [root] AVID broadcast to 1: 16
2026-03-25 06:11:14,534 INFO [root] AVID broadcast to 2: 17
2026-03-25 06:11:14,534 INFO [root] AVID broadcast to 3: 18
2026-03-25 06:11:14,534 INFO [root] AVID broadcast to 4: 19
2026-03-25 06:11:14,534 INFO [root] AVID broadcast to 1: 16
2026-03-25 06:11:14,534 INFO [root] AVID broadcast to 2: 17
2026-03-25 06:11:14,534 INFO [root] AVID broadcast to 3: 18
2026-03-25 06:11:14,534 INFO [root] AVID broadcast to 4: 19
2026-03-25 06:11:14,535 INFO [root] 3-0-4-B-AVSS 2 AVID retrieve msg from 18
2026-03-25 06:11:14,535 INFO [root] AVID retrieve response received
2026-03-25 06:11:14,535 INFO [root] retrieve msid: 3-0-4-B-AVID, response_index: 2
2026-03-25 06:11:14,535 INFO [root] RESPONSE from 18
2026-03-25 06:11:14,535 INFO [root] sender self.committee_size: 2
2026-03-25 06:11:14,535 INFO [root] disperse msid: 3-0-4-B-AVSS, index: 1
2026-03-25 06:11:14,535 INFO [root] AVID retrieve called with sid: 3-0-4-B-AVID, index: 1
2026-03-25 06:11:14,535 INFO [root] 1-0-4-B-AVSS 2 RETRIEVE called.
2026-03-25 06:11:14,535 INFO [root] AVID broadcast to 1: 16
2026-03-25 06:11:14,535 INFO [root] AVID broadcast to 2: 17
2026-03-25 06:11:14,535 INFO [root] AVID broadcast to 3: 18
2026-03-25 06:11:14,535 INFO [root] AVID broadcast to 4: 19
2026-03-25 06:11:14,535 INFO [root] 1-0-4-B-AVSS 2 RETRIEVE broadcasted.
2026-03-25 06:11:14,535 INFO [root] disperse msid: 1-0-4-B-AVSS, index: 2
2026-03-25 06:11:14,535 INFO [root] AVID retrieve called with sid: 1-0-4-B-AVID, index: 2
2026-03-25 06:11:14,535 INFO [root] 1-0-4-B-AVSS 2 AVID retrieve msg from 18
2026-03-25 06:11:14,536 INFO [root] AVID retrieve response received
2026-03-25 06:11:14,536 INFO [root] retrieve msid: 1-0-4-B-AVID, response_index: 2
2026-03-25 06:11:14,536 INFO [root] RESPONSE from 18
2026-03-25 06:11:14,536 INFO [root] sender self.committee_size: 2
2026-03-25 06:11:14,536 INFO [root] AVID broadcast to 1: 16
2026-03-25 06:11:14,536 INFO [root] AVID broadcast to 2: 17
2026-03-25 06:11:14,536 INFO [root] AVID broadcast to 3: 18
2026-03-25 06:11:14,536 INFO [root] AVID broadcast to 4: 19
2026-03-25 06:11:14,536 INFO [root] AVID broadcast to 1: 16
2026-03-25 06:11:14,536 INFO [root] AVID broadcast to 2: 17
2026-03-25 06:11:14,536 INFO [root] AVID broadcast to 3: 18
2026-03-25 06:11:14,536 INFO [root] AVID broadcast to 4: 19
2026-03-25 06:11:14,537 INFO [root] 3-0-4-B-AVSS 2 AVID retrieve msg from 16
2026-03-25 06:11:14,537 INFO [root] AVID retrieve response received
2026-03-25 06:11:14,537 INFO [root] retrieve msid: 3-0-4-B-AVID, response_index: 2
2026-03-25 06:11:14,537 INFO [root] RESPONSE from 16
2026-03-25 06:11:14,537 INFO [root] sender self.committee_size: 0
2026-03-25 06:11:14,537 INFO [root] 3-0-4-B-AVSS 2 RETRIEVE complete.
2026-03-25 06:11:14,537 INFO [root] after avid.retrieve dispersal_msg
2026-03-25 06:11:14,537 INFO [root] Handling dealer messages for dealer_id: 3, tag: 3-0-4-B-AVSS
2026-03-25 06:11:14,562 INFO [root] shares verified successfully
2026-03-25 06:11:14,562 INFO [root] all_shares_valid: True
2026-03-25 06:11:14,563 INFO [root] after _handle_dealer_msgs, all_shares_valid
2026-03-25 06:11:14,563 INFO [root] self.tagvars[tag]['all_shares_valid']: True
2026-03-25 06:11:14,563 INFO [root] multicast to 16
2026-03-25 06:11:14,563 INFO [root] multicast to 17
2026-03-25 06:11:14,563 INFO [root] multicast to 18
2026-03-25 06:11:14,563 INFO [root] multicast to 19
2026-03-25 06:11:14,564 INFO [root] [2] Received OK from [18]
2026-03-25 06:11:14,564 INFO [root] [2] OK set: {18}
2026-03-25 06:11:14,564 INFO [root] output: True
2026-03-25 06:11:14,564 INFO [root] disperse msid: 1-0-4-B-AVSS, index: 1
2026-03-25 06:11:14,564 INFO [root] AVID retrieve called with sid: 1-0-4-B-AVID, index: 1
2026-03-25 06:11:14,564 INFO [root] disperse msid: 1-0-4-B-AVSS, index: 3
2026-03-25 06:11:14,564 INFO [root] AVID retrieve called with sid: 1-0-4-B-AVID, index: 3
2026-03-25 06:11:14,564 INFO [root] [2] Received OK from [19]
2026-03-25 06:11:14,564 INFO [root] [2] OK set: {18, 19}
2026-03-25 06:11:14,564 INFO [root] output: True
2026-03-25 06:11:14,564 INFO [root] 2-0-4-B-AVSS 2 RETRIEVE called.
2026-03-25 06:11:14,564 INFO [root] AVID broadcast to 1: 16
2026-03-25 06:11:14,564 INFO [root] AVID broadcast to 2: 17
2026-03-25 06:11:14,564 INFO [root] AVID broadcast to 3: 18
2026-03-25 06:11:14,564 INFO [root] AVID broadcast to 4: 19
2026-03-25 06:11:14,564 INFO [root] 2-0-4-B-AVSS 2 RETRIEVE broadcasted.
2026-03-25 06:11:14,565 INFO [root] disperse msid: 1-0-4-B-AVSS, index: 0
2026-03-25 06:11:14,565 INFO [root] AVID retrieve called with sid: 1-0-4-B-AVID, index: 0
2026-03-25 06:11:14,565 INFO [root] [2] Received OK from [16]
2026-03-25 06:11:14,565 INFO [root] [2] OK set: {16, 18, 19}
2026-03-25 06:11:14,565 INFO [root] output: True
2026-03-25 06:11:14,565 INFO [root] disperse msid: 2-0-4-B-AVSS, index: 2
2026-03-25 06:11:14,565 INFO [root] AVID retrieve called with sid: 2-0-4-B-AVID, index: 2
2026-03-25 06:11:14,565 INFO [root] disperse msid: 2-0-4-B-AVSS, index: 3
2026-03-25 06:11:14,565 INFO [root] AVID retrieve called with sid: 2-0-4-B-AVID, index: 3
2026-03-25 06:11:14,565 INFO [root] 1-0-4-B-AVSS 2 AVID retrieve msg from 19
2026-03-25 06:11:14,565 INFO [root] AVID retrieve response received
2026-03-25 06:11:14,565 INFO [root] retrieve msid: 1-0-4-B-AVID, response_index: 2
2026-03-25 06:11:14,565 INFO [root] RESPONSE from 19
2026-03-25 06:11:14,565 INFO [root] sender self.committee_size: 3
2026-03-25 06:11:14,566 INFO [root] 1-0-4-B-AVSS 2 RETRIEVE complete.
2026-03-25 06:11:14,566 INFO [root] after avid.retrieve dispersal_msg
2026-03-25 06:11:14,566 INFO [root] Handling dealer messages for dealer_id: 1, tag: 1-0-4-B-AVSS
2026-03-25 06:11:14,578 INFO [root] shares verified successfully
2026-03-25 06:11:14,578 INFO [root] all_shares_valid: True
2026-03-25 06:11:14,578 INFO [root] after _handle_dealer_msgs, all_shares_valid
2026-03-25 06:11:14,578 INFO [root] self.tagvars[tag]['all_shares_valid']: True
2026-03-25 06:11:14,579 INFO [root] multicast to 16
2026-03-25 06:11:14,579 INFO [root] multicast to 17
2026-03-25 06:11:14,579 INFO [root] multicast to 18
2026-03-25 06:11:14,579 INFO [root] multicast to 19
2026-03-25 06:11:14,579 INFO [root] 2-0-4-B-AVSS 2 AVID retrieve msg from 18
2026-03-25 06:11:14,579 INFO [root] AVID retrieve response received
2026-03-25 06:11:14,579 INFO [root] retrieve msid: 2-0-4-B-AVID, response_index: 2
2026-03-25 06:11:14,579 INFO [root] RESPONSE from 18
2026-03-25 06:11:14,579 INFO [root] sender self.committee_size: 2
2026-03-25 06:11:14,579 INFO [root] 0-0-4-B-AVSS 2 RETRIEVE called.
2026-03-25 06:11:14,579 INFO [root] AVID broadcast to 1: 16
2026-03-25 06:11:14,579 INFO [root] AVID broadcast to 2: 17
2026-03-25 06:11:14,579 INFO [root] AVID broadcast to 3: 18
2026-03-25 06:11:14,580 INFO [root] AVID broadcast to 4: 19
2026-03-25 06:11:14,580 INFO [root] 0-0-4-B-AVSS 2 RETRIEVE broadcasted.
2026-03-25 06:11:14,580 INFO [root] [2] Received OK from [18]
2026-03-25 06:11:14,580 INFO [root] [2] OK set: {18}
2026-03-25 06:11:14,580 INFO [root] output: True
2026-03-25 06:11:14,580 INFO [root] disperse msid: 2-0-4-B-AVSS, index: 0
2026-03-25 06:11:14,580 INFO [root] AVID retrieve called with sid: 2-0-4-B-AVID, index: 0
2026-03-25 06:11:14,580 INFO [root] disperse msid: 2-0-4-B-AVSS, index: 1
2026-03-25 06:11:14,580 INFO [root] AVID retrieve called with sid: 2-0-4-B-AVID, index: 1
2026-03-25 06:11:14,580 INFO [root] [2] Received OK from [19]
2026-03-25 06:11:14,580 INFO [root] [2] OK set: {18, 19}
2026-03-25 06:11:14,580 INFO [root] output: True
2026-03-25 06:11:14,580 INFO [root] disperse msid: 0-0-4-B-AVSS, index: 0
2026-03-25 06:11:14,581 INFO [root] AVID retrieve called with sid: 0-0-4-B-AVID, index: 0
2026-03-25 06:11:14,581 INFO [root] disperse msid: 0-0-4-B-AVSS, index: 3
2026-03-25 06:11:14,581 INFO [root] AVID retrieve called with sid: 0-0-4-B-AVID, index: 3
2026-03-25 06:11:14,581 INFO [root] disperse msid: 0-0-4-B-AVSS, index: 1
2026-03-25 06:11:14,581 INFO [root] AVID retrieve called with sid: 0-0-4-B-AVID, index: 1
2026-03-25 06:11:14,581 INFO [root] [2] Received OK from [17]
2026-03-25 06:11:14,581 INFO [root] [2] OK set: {16, 17, 18, 19}
2026-03-25 06:11:14,581 INFO [root] output: True
2026-03-25 06:11:14,581 INFO [root] [2] exit
2026-03-25 06:11:14,581 INFO [root] 2-0-4-B-AVSS 2 AVID retrieve msg from 16
2026-03-25 06:11:14,581 INFO [root] AVID retrieve response received
2026-03-25 06:11:14,581 INFO [root] retrieve msid: 2-0-4-B-AVID, response_index: 2
2026-03-25 06:11:14,581 INFO [root] RESPONSE from 16
2026-03-25 06:11:14,581 INFO [root] sender self.committee_size: 0
2026-03-25 06:11:14,581 INFO [root] 2-0-4-B-AVSS 2 RETRIEVE complete.
2026-03-25 06:11:14,582 INFO [root] after avid.retrieve dispersal_msg
2026-03-25 06:11:14,582 INFO [root] Handling dealer messages for dealer_id: 2, tag: 2-0-4-B-AVSS
2026-03-25 06:11:14,594 INFO [root] shares verified successfully
2026-03-25 06:11:14,594 INFO [root] all_shares_valid: True
2026-03-25 06:11:14,594 INFO [root] after _handle_dealer_msgs, all_shares_valid
2026-03-25 06:11:14,594 INFO [root] self.tagvars[tag]['all_shares_valid']: True
2026-03-25 06:11:14,594 INFO [root] multicast to 16
2026-03-25 06:11:14,594 INFO [root] multicast to 17
2026-03-25 06:11:14,594 INFO [root] multicast to 18
2026-03-25 06:11:14,594 INFO [root] multicast to 19
2026-03-25 06:11:14,594 INFO [root] disperse msid: 0-0-4-B-AVSS, index: 2
2026-03-25 06:11:14,594 INFO [root] AVID retrieve called with sid: 0-0-4-B-AVID, index: 2
2026-03-25 06:11:14,595 INFO [root] key_proposal: [3, 1, 2]
2026-03-25 06:11:14,595 INFO [beaver.transfer] [2] [random shares] Starting ACS where node 1 is set as leader 
2026-03-25 06:11:14,595 INFO [beaver.transfer] [2] [random shares] The proposal of node 2 is [3, 1, 2]
2026-03-25 06:11:14,595 INFO [root] enter handle_message
2026-03-25 06:11:14,595 INFO [root] [2] Received OK from [18]
2026-03-25 06:11:14,595 INFO [root] [2] OK set: {18}
2026-03-25 06:11:14,595 INFO [root] output: True
2026-03-25 06:11:14,595 INFO [root] 0-0-4-B-AVSS 2 AVID retrieve msg from 18
2026-03-25 06:11:14,596 INFO [root] AVID retrieve response received
2026-03-25 06:11:14,596 INFO [root] retrieve msid: 0-0-4-B-AVID, response_index: 2
2026-03-25 06:11:14,596 INFO [root] RESPONSE from 18
2026-03-25 06:11:14,596 INFO [root] sender self.committee_size: 2
2026-03-25 06:11:14,596 INFO [root] [2] Received OK from [16]
2026-03-25 06:11:14,596 INFO [root] [2] OK set: {16, 18, 19}
2026-03-25 06:11:14,596 INFO [root] output: True
2026-03-25 06:11:14,596 INFO [root] [2] Received OK from [17]
2026-03-25 06:11:14,596 INFO [root] [2] OK set: {16, 17, 18, 19}
2026-03-25 06:11:14,596 INFO [root] output: True
2026-03-25 06:11:14,596 INFO [root] [2] exit
2026-03-25 06:11:14,596 INFO [root] [2] Received OK from [19]
2026-03-25 06:11:14,596 INFO [root] [2] OK set: {18, 19}
2026-03-25 06:11:14,596 INFO [root] output: True
2026-03-25 06:11:14,596 INFO [root] [2] Received OK from [17]
2026-03-25 06:11:14,596 INFO [root] [2] OK set: {17, 18, 19}
2026-03-25 06:11:14,596 INFO [root] output: True
2026-03-25 06:11:14,596 INFO [root] [2] otmvba msg value
2026-03-25 06:11:14,596 INFO [root] [2] otmvba handle value message
2026-03-25 06:11:14,596 INFO [root] [2] value-self.acss_outputs.keys():dict_keys([3, 1, 2])
2026-03-25 06:11:14,597 INFO [root] [2] --Directly send the proposal!--
2026-03-25 06:11:14,597 INFO [root] 0-0-4-B-AVSS 2 AVID retrieve msg from 16
2026-03-25 06:11:14,597 INFO [root] AVID retrieve response received
2026-03-25 06:11:14,597 INFO [root] retrieve msid: 0-0-4-B-AVID, response_index: 2
2026-03-25 06:11:14,597 INFO [root] RESPONSE from 16
2026-03-25 06:11:14,597 INFO [root] sender self.committee_size: 0
2026-03-25 06:11:14,598 INFO [root] 0-0-4-B-AVSS 2 RETRIEVE complete.
2026-03-25 06:11:14,598 INFO [root] after avid.retrieve dispersal_msg
2026-03-25 06:11:14,598 INFO [root] Handling dealer messages for dealer_id: 0, tag: 0-0-4-B-AVSS
2026-03-25 06:11:14,609 INFO [root] shares verified successfully
2026-03-25 06:11:14,609 INFO [root] all_shares_valid: True
2026-03-25 06:11:14,609 INFO [root] after _handle_dealer_msgs, all_shares_valid
2026-03-25 06:11:14,609 INFO [root] self.tagvars[tag]['all_shares_valid']: True
2026-03-25 06:11:14,609 INFO [root] multicast to 16
2026-03-25 06:11:14,609 INFO [root] multicast to 17
2026-03-25 06:11:14,609 INFO [root] multicast to 18
2026-03-25 06:11:14,609 INFO [root] multicast to 19
2026-03-25 06:11:14,610 INFO [root] [2] Received OK from [18]
2026-03-25 06:11:14,610 INFO [root] [2] OK set: {18}
2026-03-25 06:11:14,610 INFO [root] output: True
2026-03-25 06:11:14,610 INFO [root] [2] Received OK from [16]
2026-03-25 06:11:14,610 INFO [root] [2] OK set: {16, 18}
2026-03-25 06:11:14,610 INFO [root] output: True
2026-03-25 06:11:14,610 INFO [root] [2] Received OK from [19]
2026-03-25 06:11:14,610 INFO [root] [2] OK set: {16, 18, 19}
2026-03-25 06:11:14,610 INFO [root] output: True
2026-03-25 06:11:14,610 INFO [root] [2] Received OK from [16]
2026-03-25 06:11:14,610 INFO [root] [2] OK set: {16, 17, 18, 19}
2026-03-25 06:11:14,610 INFO [root] output: True
2026-03-25 06:11:14,610 INFO [root] [2] exit
2026-03-25 06:11:14,611 INFO [root] [2] Received OK from [17]
2026-03-25 06:11:14,611 INFO [root] [2] OK set: {16, 17, 18, 19}
2026-03-25 06:11:14,611 INFO [root] output: True
2026-03-25 06:11:14,611 INFO [root] [2] exit
2026-03-25 06:11:14,648 INFO [root] [2] otmvba msg PrevoteQC
2026-03-25 06:11:14,648 INFO [root] [2] otmvba handle prevote qc message
2026-03-25 06:11:14,694 INFO [root] [2] otmvba msg VoteQC
2026-03-25 06:11:14,695 INFO [root] [2] otmvba handle vote qc message
2026-03-25 06:11:14,702 INFO [root] [2] otmvba Broadcasting to 16
2026-03-25 06:11:14,702 INFO [root] [2] otmvba Broadcasting to 17
2026-03-25 06:11:14,702 INFO [root] [2] otmvba Broadcasting to 18
2026-03-25 06:11:14,702 INFO [root] [2] otmvba Broadcasting to 19
2026-03-25 06:11:14,702 INFO [root] [2] otmvba msg Terminate
2026-03-25 06:11:14,702 INFO [root] [2] otmvba handle terminate message
2026-03-25 06:11:14,710 INFO [root] [2] otmvba Broadcasting to 16
2026-03-25 06:11:14,710 INFO [root] [2] otmvba Broadcasting to 17
2026-03-25 06:11:14,710 INFO [root] [2] otmvba Broadcasting to 18
2026-03-25 06:11:14,710 INFO [root] [2] otmvba Broadcasting to 19
2026-03-25 06:11:14,710 INFO [beaver.transfer] [2] [random shares] The ACS set is [1, 2, 3]
2026-03-25 06:11:14,710 INFO [root] common: [1, 2, 3]
2026-03-25 06:11:14,753 INFO [beaver.transfer] [2] [asynchronous dynamic transfer] Finished! Node 2, total number: 50, time: 1.7755937576293945 (seconds)
2026-03-25 06:11:14,754 INFO [root] layer ID: 4 trans_foll_time: 1.7765717506408691
2026-03-25 06:11:14,758 INFO [root] layer ID: 4 add_outputs length: 100
2026-03-25 06:11:14,758 INFO [root] layer ID: 4 exec_time: 0.0046961307525634766
2026-03-25 06:11:14,759 INFO [beaver.transfer] [2] Starting DynamicTransfer
2026-03-25 06:11:14,759 INFO [beaver.transfer] [2] Starting ACSS to share 50 secrets
2026-03-25 06:11:14,760 INFO [root] [2] [asynchronous dynamic transfer] Layer ID: 4
2026-03-25 06:11:14,760 INFO [root] public_keys: [{'X': '2867025425000673667574509272171663087763317642255349340060137837918072756313585007623502084314887647433934500620856', 'Y': '3966379294426699538108795209736569501107059117557695728082172280851203635292994457953864834979951069869240715426474'}, {'X': '1264589875342171726531855054339504986735162620970513201038512141574973529346708044621237424069458949778533231724182', 'Y': '2316886389734536931304982360627525112206818715472972631110661776376725761509509251645478199131146269416247331000518'}, {'X': '8382506109935341136629056301653045063259198130409747425993946599352725364557697559272003325498555316662929743022', 'Y': '3445108947584539169380842816709621311666361539357972477312525239480563651197017567823112755227682601725110778531795'}, {'X': '129315517128005095530539151336010874113892757358768941939956703533771825713056272403405479901793279231063812669873', 'Y': '491876121574409399990920611655691463352626493388587027981909202313223924605083919727823364692290523852144156261193'}]
2026-03-25 06:11:14,760 INFO [root] layer ID: 4 trans_pre_time: 0.0015215873718261719
2026-03-25 06:11:14,760 INFO [root] layer ID: 4 layer_time: 1.7829384803771973
2026-03-25 06:11:14,760 INFO [root] [2] AVSS tag: 2-0-5-B-AVSS
2026-03-25 06:11:14,760 INFO [root] [2] RBC tag: 2-0-5-B-RBC
2026-03-25 06:11:14,760 INFO [root] enter avss_with_aggtransfer
g = {[6679831729115696150 8653662730902241269 1535610680227111361 17342916647841752903 17135755455211762752 1297449291367578485] [13451288730302620273 10097742279870053774 15949884091978425806 5885175747529691540 1016841820992199104 845620083434234474]}
h = {[13794385998538644597 108816626937764141 12130603454454490125 6127379912259600201 17481961476035825978 950355161936836191] [10722765800778186391 17107915684035394744 11626309118465119103 5217919199071354366 6102759180633827794 660535627654889709]}
Equal? false
2026-03-25 06:11:15,054 INFO [root] [2] Starting reliable broadcast
2026-03-25 06:11:15,054 INFO [root] self.msgmode: avss_with_aggtransfer
2026-03-25 06:11:15,054 INFO [root] rbc_list: [18, 20, 21, 22, 23]
2026-03-25 06:11:15,054 INFO [root] committee_size: 4
2026-03-25 06:11:15,054 INFO [root] n: 5
2026-03-25 06:11:15,054 INFO [root] f: 1
2026-03-25 06:11:15,054 INFO [root] pid: 2
2026-03-25 06:11:15,054 INFO [root] leader: 2
2026-03-25 06:11:15,055 INFO [root] [2] Sending to 0: 20
2026-03-25 06:11:15,055 INFO [root] [2] Sending to 1: 21
2026-03-25 06:11:15,055 INFO [root] [2] Sending to 2: 22
2026-03-25 06:11:15,055 INFO [root] [2] Sending to 3: 23
2026-03-25 06:11:15,055 INFO [root] [2] Starting AVID disperse
2026-03-25 06:11:15,056 INFO [root] [2] Dispersed VAL message to committee
my_send_id: 18 exec_time: 6.786946058273315
2026-03-25 06:11:24,762 INFO [root] [2] Bytes Sent: TR4:588556 which is 48.518%
2026-03-25 06:11:24,762 INFO [root] [2] Bytes Sent: TR5:624516 which is 51.482%
2026-03-25 06:11:24,762 INFO [root] [2] Total bytes sent out aa: 1213072
2026-03-25 06:11:24,764 INFO [benchmark_logger] Total bytes sent out: 1213072
2026-03-25 06:11:24,773 ERROR [asyncio] Task was destroyed but it is pending!
task: <Task pending name='Task-35' coro=<subscribe_recv.<locals>._recv_loop() running at /opt/dumbo-mpc/dumbo-mpc/AsyRanTriGen/beaver/utils/misc.py:89> wait_for=<Future pending cb=[<TaskWakeupMethWrapper object at 0x7fcfc27f0b50>()]>>
Exception ignored in: <coroutine object subscribe_recv.<locals>._recv_loop at 0x7fcfc26dc7c0>
Traceback (most recent call last):
  File "/opt/dumbo-mpc/dumbo-mpc/AsyRanTriGen/beaver/utils/misc.py", line 89, in _recv_loop
    j, (tag, o) = await recv()
  File "/usr/lib/python3.8/asyncio/queues.py", line 165, in get
    getter.cancel()  # Just in case getter is not done yet.
  File "uvloop/loop.pyx", line 1281, in uvloop.loop.Loop.call_soon
  File "uvloop/loop.pyx", line 669, in uvloop.loop.Loop._call_soon
  File "uvloop/loop.pyx", line 678, in uvloop.loop.Loop._call_soon_handle
  File "uvloop/loop.pyx", line 673, in uvloop.loop.Loop._append_ready_handle
  File "uvloop/loop.pyx", line 705, in uvloop.loop.Loop._check_closed
RuntimeError: Event loop is closed
2026-03-25 06:11:24,773 ERROR [asyncio] Task was destroyed but it is pending!
task: <Task pending name='Task-55' coro=<rbc_dyn() running at /opt/dumbo-mpc/dumbo-mpc/AsyRanTriGen/beaver/broadcast/reliablebroadcast.py:411> wait_for=<Future cancelled>>
Exception ignored in: <coroutine object rbc_dyn at 0x7fcfc26f8840>
Traceback (most recent call last):
  File "/opt/dumbo-mpc/dumbo-mpc/AsyRanTriGen/beaver/broadcast/reliablebroadcast.py", line 411, in rbc_dyn
    sender, msg = await receive()
  File "/usr/lib/python3.8/asyncio/queues.py", line 165, in get
    getter.cancel()  # Just in case getter is not done yet.
  File "uvloop/loop.pyx", line 1281, in uvloop.loop.Loop.call_soon
  File "uvloop/loop.pyx", line 669, in uvloop.loop.Loop._call_soon
  File "uvloop/loop.pyx", line 678, in uvloop.loop.Loop._call_soon_handle
  File "uvloop/loop.pyx", line 673, in uvloop.loop.Loop._append_ready_handle
  File "uvloop/loop.pyx", line 705, in uvloop.loop.Loop._check_closed
RuntimeError: Event loop is closed
2026-03-25 06:11:24,774 ERROR [asyncio] Task was destroyed but it is pending!
task: <Task pending name='Task-57' coro=<AVID_DYNAMIC.disperse() running at /opt/dumbo-mpc/dumbo-mpc/AsyRanTriGen/beaver/broadcast/avid.py:461> wait_for=<Future cancelled>>
Exception ignored in: <coroutine object AVID_DYNAMIC.disperse at 0x7fcfc27feb40>
Traceback (most recent call last):
  File "/opt/dumbo-mpc/dumbo-mpc/AsyRanTriGen/beaver/broadcast/avid.py", line 461, in disperse
    sender, msg = await self.recv()
  File "/usr/lib/python3.8/asyncio/queues.py", line 165, in get
    getter.cancel()  # Just in case getter is not done yet.
  File "uvloop/loop.pyx", line 1281, in uvloop.loop.Loop.call_soon
  File "uvloop/loop.pyx", line 669, in uvloop.loop.Loop._call_soon
  File "uvloop/loop.pyx", line 678, in uvloop.loop.Loop._call_soon_handle
  File "uvloop/loop.pyx", line 673, in uvloop.loop.Loop._append_ready_handle
  File "uvloop/loop.pyx", line 705, in uvloop.loop.Loop._check_closed
RuntimeError: Event loop is closed
2026-03-25 06:11:24,774 ERROR [asyncio] Task was destroyed but it is pending!
task: <Task pending name='Task-37' coro=<subscribe_recv.<locals>._recv_loop() running at /opt/dumbo-mpc/dumbo-mpc/AsyRanTriGen/beaver/utils/misc.py:89> wait_for=<Future cancelled>>
Exception ignored in: <coroutine object subscribe_recv.<locals>._recv_loop at 0x7fcfc26a0640>
Traceback (most recent call last):
  File "/opt/dumbo-mpc/dumbo-mpc/AsyRanTriGen/beaver/utils/misc.py", line 89, in _recv_loop
    j, (tag, o) = await recv()
ValueError: coroutine already executing
Exception ignored in: <coroutine object Queue.get at 0x7fcfc26efdc0>
Traceback (most recent call last):
  File "/usr/lib/python3.8/asyncio/queues.py", line 165, in get
    getter.cancel()  # Just in case getter is not done yet.
  File "uvloop/loop.pyx", line 1281, in uvloop.loop.Loop.call_soon
  File "uvloop/loop.pyx", line 669, in uvloop.loop.Loop._call_soon
  File "uvloop/loop.pyx", line 678, in uvloop.loop.Loop._call_soon_handle
  File "uvloop/loop.pyx", line 673, in uvloop.loop.Loop._append_ready_handle
  File "uvloop/loop.pyx", line 705, in uvloop.loop.Loop._check_closed
RuntimeError: Event loop is closed
Exception ignored in: <coroutine object Queue.get at 0x7fcfc26f86c0>
Traceback (most recent call last):
  File "/usr/lib/python3.8/asyncio/queues.py", line 165, in get
    getter.cancel()  # Just in case getter is not done yet.
  File "uvloop/loop.pyx", line 1281, in uvloop.loop.Loop.call_soon
  File "uvloop/loop.pyx", line 669, in uvloop.loop.Loop._call_soon
  File "uvloop/loop.pyx", line 678, in uvloop.loop.Loop._call_soon_handle
  File "uvloop/loop.pyx", line 673, in uvloop.loop.Loop._append_ready_handle
  File "uvloop/loop.pyx", line 705, in uvloop.loop.Loop._check_closed
RuntimeError: Event loop is closed
2026-03-25 06:11:24,775 ERROR [asyncio] Task was destroyed but it is pending!
task: <Task pending name='Task-39' coro=<subscribe_recv.<locals>._recv_loop() running at /opt/dumbo-mpc/dumbo-mpc/AsyRanTriGen/beaver/utils/misc.py:89> wait_for=<Future pending cb=[<TaskWakeupMethWrapper object at 0x7fcfc27e7220>()]>>
2026-03-25 06:11:24,775 ERROR [asyncio] Task was destroyed but it is pending!
task: <Task pending name='Task-47' coro=<ACSS_Foll._recv_loop() running at /opt/dumbo-mpc/dumbo-mpc/AsyRanTriGen/beaver/hbacss.py:3710> wait_for=<Future pending cb=[<TaskWakeupMethWrapper object at 0x7fcfc26f67c0>()]>>
Exception ignored in: <coroutine object subscribe_recv.<locals>._recv_loop at 0x7fcfc26efb40>
Traceback (most recent call last):
  File "/opt/dumbo-mpc/dumbo-mpc/AsyRanTriGen/beaver/utils/misc.py", line 89, in _recv_loop
    j, (tag, o) = await recv()
  File "/usr/lib/python3.8/asyncio/queues.py", line 165, in get
    getter.cancel()  # Just in case getter is not done yet.
  File "uvloop/loop.pyx", line 1281, in uvloop.loop.Loop.call_soon
  File "uvloop/loop.pyx", line 669, in uvloop.loop.Loop._call_soon
  File "uvloop/loop.pyx", line 678, in uvloop.loop.Loop._call_soon_handle
  File "uvloop/loop.pyx", line 673, in uvloop.loop.Loop._append_ready_handle
  File "uvloop/loop.pyx", line 705, in uvloop.loop.Loop._check_closed
RuntimeError: Event loop is closed
Exception ignored in: <coroutine object ACSS_Foll._recv_loop at 0x7fcfc26efec0>
Traceback (most recent call last):
  File "/opt/dumbo-mpc/dumbo-mpc/AsyRanTriGen/beaver/hbacss.py", line 3710, in _recv_loop
    await avid.disperse(tag, self.my_id+1, dispersal_msg_list)
  File "/opt/dumbo-mpc/dumbo-mpc/AsyRanTriGen/beaver/broadcast/avid.py", line 461, in disperse
    sender, msg = await self.recv()
  File "/usr/lib/python3.8/asyncio/queues.py", line 165, in get
    getter.cancel()  # Just in case getter is not done yet.
  File "uvloop/loop.pyx", line 1281, in uvloop.loop.Loop.call_soon
  File "uvloop/loop.pyx", line 669, in uvloop.loop.Loop._call_soon
  File "uvloop/loop.pyx", line 678, in uvloop.loop.Loop._call_soon_handle
  File "uvloop/loop.pyx", line 673, in uvloop.loop.Loop._append_ready_handle
  File "uvloop/loop.pyx", line 705, in uvloop.loop.Loop._check_closed
RuntimeError: Event loop is closed
2026-03-25 06:11:24,777 ERROR [asyncio] Task was destroyed but it is pending!
task: <Task pending name='Task-44' coro=<ACSS_Foll._recv_loop() running at /opt/dumbo-mpc/dumbo-mpc/AsyRanTriGen/beaver/hbacss.py:3708> wait_for=<Future pending cb=[<TaskWakeupMethWrapper object at 0x7fcfc26f6730>()]>>
2026-03-25 06:11:24,777 ERROR [asyncio] Task was destroyed but it is pending!
task: <Task pending name='Task-45' coro=<ACSS_Foll._recv_loop() running at /opt/dumbo-mpc/dumbo-mpc/AsyRanTriGen/beaver/hbacss.py:3710> wait_for=<Future pending cb=[<TaskWakeupMethWrapper object at 0x7fcfc26f6280>()]>>
2026-03-25 06:11:24,777 ERROR [asyncio] Task was destroyed but it is pending!
task: <Task pending name='Task-46' coro=<ACSS_Foll._recv_loop() running at /opt/dumbo-mpc/dumbo-mpc/AsyRanTriGen/beaver/hbacss.py:3710> wait_for=<Future pending cb=[<TaskWakeupMethWrapper object at 0x7fcfc26f6b20>()]>>
Exception ignored in: <coroutine object ACSS_Foll._recv_loop at 0x7fcfc26a05c0>
Traceback (most recent call last):
  File "/opt/dumbo-mpc/dumbo-mpc/AsyRanTriGen/beaver/hbacss.py", line 3708, in _recv_loop
    await avid.disperse(tag, self.my_id, dispersal_msg_list)
  File "/opt/dumbo-mpc/dumbo-mpc/AsyRanTriGen/beaver/broadcast/avid.py", line 461, in disperse
    sender, msg = await self.recv()
  File "/usr/lib/python3.8/asyncio/queues.py", line 165, in get
    getter.cancel()  # Just in case getter is not done yet.
  File "uvloop/loop.pyx", line 1281, in uvloop.loop.Loop.call_soon
  File "uvloop/loop.pyx", line 669, in uvloop.loop.Loop._call_soon
  File "uvloop/loop.pyx", line 678, in uvloop.loop.Loop._call_soon_handle
  File "uvloop/loop.pyx", line 673, in uvloop.loop.Loop._append_ready_handle
  File "uvloop/loop.pyx", line 705, in uvloop.loop.Loop._check_closed
RuntimeError: Event loop is closed
Exception ignored in: <coroutine object ACSS_Foll._recv_loop at 0x7fcfc26efac0>
Traceback (most recent call last):
  File "/opt/dumbo-mpc/dumbo-mpc/AsyRanTriGen/beaver/hbacss.py", line 3710, in _recv_loop
    await avid.disperse(tag, self.my_id+1, dispersal_msg_list)
  File "/opt/dumbo-mpc/dumbo-mpc/AsyRanTriGen/beaver/broadcast/avid.py", line 461, in disperse
    sender, msg = await self.recv()
  File "/usr/lib/python3.8/asyncio/queues.py", line 165, in get
    getter.cancel()  # Just in case getter is not done yet.
  File "uvloop/loop.pyx", line 1281, in uvloop.loop.Loop.call_soon
  File "uvloop/loop.pyx", line 669, in uvloop.loop.Loop._call_soon
  File "uvloop/loop.pyx", line 678, in uvloop.loop.Loop._call_soon_handle
  File "uvloop/loop.pyx", line 673, in uvloop.loop.Loop._append_ready_handle
  File "uvloop/loop.pyx", line 705, in uvloop.loop.Loop._check_closed
RuntimeError: Event loop is closed
Exception ignored in: <coroutine object ACSS_Foll._recv_loop at 0x7fcfc26ecac0>
Traceback (most recent call last):
  File "/opt/dumbo-mpc/dumbo-mpc/AsyRanTriGen/beaver/hbacss.py", line 3710, in _recv_loop
    await avid.disperse(tag, self.my_id+1, dispersal_msg_list)
  File "/opt/dumbo-mpc/dumbo-mpc/AsyRanTriGen/beaver/broadcast/avid.py", line 461, in disperse
    sender, msg = await self.recv()
  File "/usr/lib/python3.8/asyncio/queues.py", line 165, in get
    getter.cancel()  # Just in case getter is not done yet.
  File "uvloop/loop.pyx", line 1281, in uvloop.loop.Loop.call_soon
  File "uvloop/loop.pyx", line 669, in uvloop.loop.Loop._call_soon
  File "uvloop/loop.pyx", line 678, in uvloop.loop.Loop._call_soon_handle
  File "uvloop/loop.pyx", line 673, in uvloop.loop.Loop._append_ready_handle
  File "uvloop/loop.pyx", line 705, in uvloop.loop.Loop._check_closed
RuntimeError: Event loop is closed
2026-03-25 06:11:24,781 ERROR [asyncio] Task was destroyed but it is pending!
task: <Task pending name='Task-48' coro=<subscribe_recv.<locals>._recv_loop() running at /opt/dumbo-mpc/dumbo-mpc/AsyRanTriGen/beaver/utils/misc.py:89> wait_for=<Future cancelled>>
2026-03-25 06:11:24,781 ERROR [asyncio] Task was destroyed but it is pending!
task: <Task pending name='Task-49' coro=<OptimalCommonSet.fallback_timer() running at /opt/dumbo-mpc/dumbo-mpc/AsyRanTriGen/beaver/broadcast/otmvba_dyn.py:71> wait_for=<Future pending cb=[<TaskWakeupMethWrapper object at 0x7fcfc27f01c0>()]>>
2026-03-25 06:11:24,781 ERROR [asyncio] Task was destroyed but it is pending!
task: <Task pending name='Task-50' coro=<subscribe_recv.<locals>._recv_loop() running at /opt/dumbo-mpc/dumbo-mpc/AsyRanTriGen/beaver/utils/misc.py:89> wait_for=<Future pending cb=[<TaskWakeupMethWrapper object at 0x7fcfc26eabb0>()]>>
2026-03-25 06:11:24,781 ERROR [asyncio] Task was destroyed but it is pending!
task: <Task pending name='Task-53' coro=<subscribe_recv.<locals>._recv_loop() running at /opt/dumbo-mpc/dumbo-mpc/AsyRanTriGen/beaver/utils/misc.py:89> wait_for=<Future pending cb=[<TaskWakeupMethWrapper object at 0x7fcfc27097c0>()]>>
Exception ignored in: <coroutine object subscribe_recv.<locals>._recv_loop at 0x7fcfc26a03c0>
Traceback (most recent call last):
  File "/opt/dumbo-mpc/dumbo-mpc/AsyRanTriGen/beaver/utils/misc.py", line 89, in _recv_loop
    j, (tag, o) = await recv()
  File "/usr/lib/python3.8/asyncio/queues.py", line 165, in get
    getter.cancel()  # Just in case getter is not done yet.
  File "uvloop/loop.pyx", line 1281, in uvloop.loop.Loop.call_soon
  File "uvloop/loop.pyx", line 669, in uvloop.loop.Loop._call_soon
  File "uvloop/loop.pyx", line 678, in uvloop.loop.Loop._call_soon_handle
  File "uvloop/loop.pyx", line 673, in uvloop.loop.Loop._append_ready_handle
  File "uvloop/loop.pyx", line 705, in uvloop.loop.Loop._check_closed
RuntimeError: Event loop is closed
Exception ignored in: <coroutine object subscribe_recv.<locals>._recv_loop at 0x7fcfc273df40>
Traceback (most recent call last):
  File "/opt/dumbo-mpc/dumbo-mpc/AsyRanTriGen/beaver/utils/misc.py", line 89, in _recv_loop
    j, (tag, o) = await recv()
  File "/usr/lib/python3.8/asyncio/queues.py", line 165, in get
    getter.cancel()  # Just in case getter is not done yet.
  File "uvloop/loop.pyx", line 1281, in uvloop.loop.Loop.call_soon
  File "uvloop/loop.pyx", line 669, in uvloop.loop.Loop._call_soon
  File "uvloop/loop.pyx", line 678, in uvloop.loop.Loop._call_soon_handle
  File "uvloop/loop.pyx", line 673, in uvloop.loop.Loop._append_ready_handle
  File "uvloop/loop.pyx", line 705, in uvloop.loop.Loop._check_closed
RuntimeError: Event loop is closed
