Warning: Permanently added '124.221.25.126' (ECDSA) to the list of known hosts.
time="2026-03-25T14:11:10+08:00" level=warning msg="/root/Continuum/dumbo-mpc/docker-compose.yml: the attribute `version` is obsolete, it will be ignored, please remove it to avoid potential confusion"
 Container dumbo-mpc-dumbo-mpc-run-46ef00203aad Creating 
 Container dumbo-mpc-dumbo-mpc-run-46ef00203aad Created 
2026-03-25 06:11:11,697 INFO [root] Running ADMPC ...
2026-03-25 06:11:12,514 INFO [root] my_send_id: 1
2026-03-25 06:11:12,518 INFO [root] ADMPC start time: 1774419072.5187979
2026-03-25 06:11:12,520 INFO [root] [Layer 0] Reached run_admpc checkpoint
2026-03-25 06:11:12,521 INFO [root] layer ID: 0 inputs_num: 50, n: 4, w: 100
2026-03-25 06:11:12,542 INFO [root] public_keys: [{'X': '2196471917519725718612313557264383767737909080419442450563531764508144186794396870340781917649514159204848797247808', 'Y': '72221458034632297292662583178773935908790977603502081610545767276870019847316029619898234682041562827462579361456'}, {'X': '1626159119032175354584024533904991164924959893426425084926168052485344928973056310161426020625966335898563786238370', 'Y': '2550496425723455995547979140413279795539828203013649720843679947914599712657044621469880854827051245716750991022738'}, {'X': '1769927817446577771180010825841450927546933959323228244745582323912284881881150198847807057471867705202474884842904', 'Y': '885433904952375954608502686060606985438830542668307992625136040160327679487070347322409759508124677783035674345352'}, {'X': '3146515067518153261350163129627732075529530850516659545023879258048178686690952282081270951101741538915368096015283', 'Y': '394666030368649602935088950158155688156823104820510220930782623662498437704485991995083093413073962323516040549137'}]
2026-03-25 06:11:12,543 INFO [root] [1] AVSS tag: 1-0-1-B-AVSS
2026-03-25 06:11:12,543 INFO [root] [1] RBC tag: 1-0-1-B-RBC
2026-03-25 06:11:12,915 INFO [root] enter avss_without_proof mode
2026-03-25 06:11:12,931 INFO [root] enter avss_without_proof mode
2026-03-25 06:11:12,931 INFO [root] enter avss_without_proof mode
2026-03-25 06:11:12,932 INFO [root] enter avss_without_proof mode
2026-03-25 06:11:12,932 INFO [root] [1] Starting reliable broadcast
2026-03-25 06:11:12,932 INFO [root] self.msgmode: avss_without_proof
2026-03-25 06:11:12,933 INFO [root] rbc_list: [1, 4, 5, 6, 7]
2026-03-25 06:11:12,933 INFO [root] committee_size: 4
2026-03-25 06:11:12,933 INFO [root] n: 5
2026-03-25 06:11:12,933 INFO [root] f: 1
2026-03-25 06:11:12,933 INFO [root] pid: 1
2026-03-25 06:11:12,933 INFO [root] leader: 1
2026-03-25 06:11:12,933 INFO [root] [1] Sending to 0: 4
2026-03-25 06:11:12,933 INFO [root] [1] Sending to 1: 5
2026-03-25 06:11:12,933 INFO [root] [1] Sending to 2: 6
2026-03-25 06:11:12,933 INFO [root] [1] Sending to 3: 7
2026-03-25 06:11:12,933 INFO [root] [1] Starting AVID disperse
2026-03-25 06:11:12,933 INFO [root] layer ID: 0 acss_pre_time: 0.39104199409484863
2026-03-25 06:11:12,933 INFO [root] layer ID: 0 layer_time: 0.412567138671875
2026-03-25 06:11:12,934 INFO [root] [1] Dispersed VAL message to committee
my_send_id: 1 exec_time: 5.420403003692627
2026-03-25 06:11:22,944 INFO [root] [1] Bytes Sent: A1:209844 which is 100.0%
2026-03-25 06:11:22,944 INFO [root] [1] Total bytes sent out aa: 209844
2026-03-25 06:11:22,945 INFO [benchmark_logger] Total bytes sent out: 209844
2026-03-25 06:11:22,954 ERROR [asyncio] Task was destroyed but it is pending!
task: <Task pending name='Task-35' coro=<subscribe_recv.<locals>._recv_loop() running at /opt/dumbo-mpc/dumbo-mpc/AsyRanTriGen/beaver/utils/misc.py:89> wait_for=<Future pending cb=[<TaskWakeupMethWrapper object at 0x7f13e7e96760>()]>>
Exception ignored in: <coroutine object subscribe_recv.<locals>._recv_loop at 0x7f13e7e877c0>
Traceback (most recent call last):
  File "/opt/dumbo-mpc/dumbo-mpc/AsyRanTriGen/beaver/utils/misc.py", line 89, in _recv_loop
    j, (tag, o) = await recv()
  File "/usr/lib/python3.8/asyncio/queues.py", line 165, in get
    getter.cancel()  # Just in case getter is not done yet.
  File "uvloop/loop.pyx", line 1281, in uvloop.loop.Loop.call_soon
  File "uvloop/loop.pyx", line 669, in uvloop.loop.Loop._call_soon
  File "uvloop/loop.pyx", line 678, in uvloop.loop.Loop._call_soon_handle
  File "uvloop/loop.pyx", line 673, in uvloop.loop.Loop._append_ready_handle
  File "uvloop/loop.pyx", line 705, in uvloop.loop.Loop._check_closed
RuntimeError: Event loop is closed
2026-03-25 06:11:22,955 ERROR [asyncio] Task was destroyed but it is pending!
task: <Task pending name='Task-39' coro=<rbc_dyn() running at /opt/dumbo-mpc/dumbo-mpc/AsyRanTriGen/beaver/broadcast/reliablebroadcast.py:411> wait_for=<Future cancelled>>
Exception ignored in: <coroutine object rbc_dyn at 0x7f13e7e9cb40>
Traceback (most recent call last):
  File "/opt/dumbo-mpc/dumbo-mpc/AsyRanTriGen/beaver/broadcast/reliablebroadcast.py", line 411, in rbc_dyn
    sender, msg = await receive()
  File "/usr/lib/python3.8/asyncio/queues.py", line 165, in get
    getter.cancel()  # Just in case getter is not done yet.
  File "uvloop/loop.pyx", line 1281, in uvloop.loop.Loop.call_soon
  File "uvloop/loop.pyx", line 669, in uvloop.loop.Loop._call_soon
  File "uvloop/loop.pyx", line 678, in uvloop.loop.Loop._call_soon_handle
  File "uvloop/loop.pyx", line 673, in uvloop.loop.Loop._append_ready_handle
  File "uvloop/loop.pyx", line 705, in uvloop.loop.Loop._check_closed
RuntimeError: Event loop is closed
2026-03-25 06:11:22,955 ERROR [asyncio] Task was destroyed but it is pending!
task: <Task pending name='Task-41' coro=<AVID_DYNAMIC.disperse() running at /opt/dumbo-mpc/dumbo-mpc/AsyRanTriGen/beaver/broadcast/avid.py:461> wait_for=<Future cancelled>>
Exception ignored in: <coroutine object AVID_DYNAMIC.disperse at 0x7f13e7f9f040>
Traceback (most recent call last):
  File "/opt/dumbo-mpc/dumbo-mpc/AsyRanTriGen/beaver/broadcast/avid.py", line 461, in disperse
    sender, msg = await self.recv()
  File "/usr/lib/python3.8/asyncio/queues.py", line 165, in get
    getter.cancel()  # Just in case getter is not done yet.
  File "uvloop/loop.pyx", line 1281, in uvloop.loop.Loop.call_soon
  File "uvloop/loop.pyx", line 669, in uvloop.loop.Loop._call_soon
  File "uvloop/loop.pyx", line 678, in uvloop.loop.Loop._call_soon_handle
  File "uvloop/loop.pyx", line 673, in uvloop.loop.Loop._append_ready_handle
  File "uvloop/loop.pyx", line 705, in uvloop.loop.Loop._check_closed
RuntimeError: Event loop is closed
2026-03-25 06:11:22,956 ERROR [asyncio] Task was destroyed but it is pending!
task: <Task pending name='Task-37' coro=<subscribe_recv.<locals>._recv_loop() running at /opt/dumbo-mpc/dumbo-mpc/AsyRanTriGen/beaver/utils/misc.py:89> wait_for=<Future pending cb=[<TaskWakeupMethWrapper object at 0x7f13e7e96b50>()]>>
Exception ignored in: <coroutine object subscribe_recv.<locals>._recv_loop at 0x7f13e7e4c640>
Traceback (most recent call last):
  File "/opt/dumbo-mpc/dumbo-mpc/AsyRanTriGen/beaver/utils/misc.py", line 89, in _recv_loop
    j, (tag, o) = await recv()
  File "/usr/lib/python3.8/asyncio/queues.py", line 165, in get
    getter.cancel()  # Just in case getter is not done yet.
  File "uvloop/loop.pyx", line 1281, in uvloop.loop.Loop.call_soon
  File "uvloop/loop.pyx", line 669, in uvloop.loop.Loop._call_soon
  File "uvloop/loop.pyx", line 678, in uvloop.loop.Loop._call_soon_handle
  File "uvloop/loop.pyx", line 673, in uvloop.loop.Loop._append_ready_handle
  File "uvloop/loop.pyx", line 705, in uvloop.loop.Loop._check_closed
RuntimeError: Event loop is closed
