Warning: Permanently added '124.221.25.126' (ECDSA) to the list of known hosts.
time="2026-03-25T14:11:10+08:00" level=warning msg="/root/Continuum/dumbo-mpc/docker-compose.yml: the attribute `version` is obsolete, it will be ignored, please remove it to avoid potential confusion"
 Container dumbo-mpc-dumbo-mpc-run-a219ea33d64d Creating 
 Container dumbo-mpc-dumbo-mpc-run-a219ea33d64d Created 
2026-03-25 06:11:12,181 INFO [root] Running ADMPC ...
2026-03-25 06:11:12,802 INFO [root] my_send_id: 25
2026-03-25 06:11:12,810 INFO [root] ADMPC start time: 1774419072.810415
2026-03-25 06:11:12,812 INFO [root] [Layer 6] Reached run_admpc checkpoint
2026-03-25 06:11:12,812 INFO [beaver.transfer] [1] Starting DynamicTransfer_Foll
2026-03-25 06:11:12,812 INFO [beaver.transfer] [1] Starting ACSS to share 50 secrets
2026-03-25 06:11:12,812 INFO [root] [1] Starting Batch AVSS. Id: 0, Dealer Id: 0, Client Mode: False
2026-03-25 06:11:12,812 INFO [root] [1] AVSS tag: 0-0-6-B-AVSS
2026-03-25 06:11:12,813 INFO [root] [1] RBC tag: 0-0-6-B-RBC
2026-03-25 06:11:12,813 INFO [root] [1] Starting AVSS with shares_num: 50, dealer_id: 0, client_mode: False
2026-03-25 06:11:12,813 INFO [root] rbc_list: [20, 24, 25, 26, 27]
2026-03-25 06:11:12,813 INFO [root] committee_size: 4
2026-03-25 06:11:12,813 INFO [root] n: 5
2026-03-25 06:11:12,813 INFO [root] f: 1
2026-03-25 06:11:12,813 INFO [root] pid: 2
2026-03-25 06:11:12,813 INFO [root] leader: 0
2026-03-25 06:11:12,813 INFO [root] [1] Starting Batch AVSS. Id: 0, Dealer Id: 1, Client Mode: False
2026-03-25 06:11:12,813 INFO [root] [1] AVSS tag: 1-0-6-B-AVSS
2026-03-25 06:11:12,813 INFO [root] [1] RBC tag: 1-0-6-B-RBC
2026-03-25 06:11:12,813 INFO [root] [1] Starting AVSS with shares_num: 50, dealer_id: 1, client_mode: False
2026-03-25 06:11:12,813 INFO [root] rbc_list: [21, 24, 25, 26, 27]
2026-03-25 06:11:12,814 INFO [root] committee_size: 4
2026-03-25 06:11:12,814 INFO [root] n: 5
2026-03-25 06:11:12,814 INFO [root] f: 1
2026-03-25 06:11:12,814 INFO [root] pid: 2
2026-03-25 06:11:12,814 INFO [root] leader: 1
2026-03-25 06:11:12,814 INFO [root] [1] Starting Batch AVSS. Id: 0, Dealer Id: 2, Client Mode: False
2026-03-25 06:11:12,814 INFO [root] [1] AVSS tag: 2-0-6-B-AVSS
2026-03-25 06:11:12,814 INFO [root] [1] RBC tag: 2-0-6-B-RBC
2026-03-25 06:11:12,814 INFO [root] [1] Starting AVSS with shares_num: 50, dealer_id: 2, client_mode: False
2026-03-25 06:11:12,814 INFO [root] rbc_list: [22, 24, 25, 26, 27]
2026-03-25 06:11:12,814 INFO [root] committee_size: 4
2026-03-25 06:11:12,815 INFO [root] n: 5
2026-03-25 06:11:12,815 INFO [root] f: 1
2026-03-25 06:11:12,815 INFO [root] pid: 1
2026-03-25 06:11:12,815 INFO [root] leader: 2
2026-03-25 06:11:12,815 INFO [root] [1] Starting Batch AVSS. Id: 0, Dealer Id: 3, Client Mode: False
2026-03-25 06:11:12,815 INFO [root] [1] AVSS tag: 3-0-6-B-AVSS
2026-03-25 06:11:12,815 INFO [root] [1] RBC tag: 3-0-6-B-RBC
2026-03-25 06:11:12,815 INFO [root] [1] Starting AVSS with shares_num: 50, dealer_id: 3, client_mode: False
2026-03-25 06:11:12,815 INFO [root] rbc_list: [23, 24, 25, 26, 27]
2026-03-25 06:11:12,815 INFO [root] committee_size: 4
2026-03-25 06:11:12,816 INFO [root] n: 5
2026-03-25 06:11:12,816 INFO [root] f: 1
2026-03-25 06:11:12,816 INFO [root] pid: 1
2026-03-25 06:11:12,816 INFO [root] leader: 3
2026-03-25 06:11:15,612 INFO [root] [1] Received VAL message from 23
2026-03-25 06:11:15,612 INFO [root] entering n == commitee_size + 1
2026-03-25 06:11:15,612 INFO [root] [1] sender: 23, leader: 3
2026-03-25 06:11:15,612 INFO [root] [1] Successfully validated VAL message
2026-03-25 06:11:15,612 INFO [root] [1] Broadcasted ECHO message for roothash b'\x10R\xe5]\x9f\xbbApX\xe6\xdf\xf3\xd8\xda\xbc27\xf4\xf9\x99Kh\xc8\xc0\xa0\xf0h\xc7\x15o\xf4\\'
2026-03-25 06:11:15,613 INFO [root] broadcast Sending to 1: 24
2026-03-25 06:11:15,613 INFO [root] broadcast Sending to 2: 25
2026-03-25 06:11:15,613 INFO [root] broadcast Sending to 3: 26
2026-03-25 06:11:15,613 INFO [root] broadcast Sending to 4: 27
2026-03-25 06:11:15,613 INFO [root] [1] Received ECHO message from 25
2026-03-25 06:11:15,614 INFO [root] [1] Received ECHO message from 24
2026-03-25 06:11:15,614 INFO [root] [1] Received ECHO message from 26
2026-03-25 06:11:15,614 INFO [root] [1] Broadcasted READY message for roothash b'\x10R\xe5]\x9f\xbbApX\xe6\xdf\xf3\xd8\xda\xbc27\xf4\xf9\x99Kh\xc8\xc0\xa0\xf0h\xc7\x15o\xf4\\'
2026-03-25 06:11:15,614 INFO [root] broadcast Sending to 1: 24
2026-03-25 06:11:15,614 INFO [root] broadcast Sending to 2: 25
2026-03-25 06:11:15,614 INFO [root] broadcast Sending to 3: 26
2026-03-25 06:11:15,614 INFO [root] broadcast Sending to 4: 27
2026-03-25 06:11:15,614 INFO [root] [1] Received ECHO message from 27
2026-03-25 06:11:15,614 INFO [root] [1] Received READY message from 25
2026-03-25 06:11:15,615 INFO [root] [1] Received READY message from 24
2026-03-25 06:11:15,616 INFO [root] [1] Received READY message from 27
2026-03-25 06:11:15,616 INFO [root] Decoding output for roothash: b'\x10R\xe5]\x9f\xbbApX\xe6\xdf\xf3\xd8\xda\xbc27\xf4\xf9\x99Kh\xc8\xc0\xa0\xf0h\xc7\x15o\xf4\\'
2026-03-25 06:11:15,616 INFO [root] [1] Received RBC message
2026-03-25 06:11:15,617 INFO [root] multicast list: [24, 25, 26, 27]
2026-03-25 06:11:15,617 INFO [root] before avid.retrieve
2026-03-25 06:11:15,618 INFO [root] AVID broadcast to 1: 24
2026-03-25 06:11:15,618 INFO [root] AVID broadcast to 2: 25
2026-03-25 06:11:15,618 INFO [root] AVID broadcast to 3: 26
2026-03-25 06:11:15,618 INFO [root] AVID broadcast to 4: 27
2026-03-25 06:11:15,619 INFO [root] 3-0-6-B-AVSS 1 RETRIEVE called.
2026-03-25 06:11:15,619 INFO [root] AVID broadcast to 1: 24
2026-03-25 06:11:15,619 INFO [root] AVID broadcast to 2: 25
2026-03-25 06:11:15,619 INFO [root] AVID broadcast to 3: 26
2026-03-25 06:11:15,619 INFO [root] AVID broadcast to 4: 27
2026-03-25 06:11:15,619 INFO [root] 3-0-6-B-AVSS 1 RETRIEVE broadcasted.
2026-03-25 06:11:15,619 INFO [root] disperse msid: 3-0-6-B-AVSS, index: 1
2026-03-25 06:11:15,619 INFO [root] AVID retrieve called with sid: 3-0-6-B-AVID, index: 1
2026-03-25 06:11:15,620 INFO [root] disperse msid: 3-0-6-B-AVSS, index: 0
2026-03-25 06:11:15,620 INFO [root] AVID retrieve called with sid: 3-0-6-B-AVID, index: 0
2026-03-25 06:11:15,620 INFO [root] disperse msid: 3-0-6-B-AVSS, index: 3
2026-03-25 06:11:15,620 INFO [root] AVID retrieve called with sid: 3-0-6-B-AVID, index: 3
2026-03-25 06:11:15,620 INFO [root] disperse msid: 3-0-6-B-AVSS, index: 2
2026-03-25 06:11:15,620 INFO [root] AVID retrieve called with sid: 3-0-6-B-AVID, index: 2
2026-03-25 06:11:15,621 INFO [root] AVID broadcast to 1: 24
2026-03-25 06:11:15,621 INFO [root] AVID broadcast to 2: 25
2026-03-25 06:11:15,621 INFO [root] AVID broadcast to 3: 26
2026-03-25 06:11:15,621 INFO [root] AVID broadcast to 4: 27
2026-03-25 06:11:15,621 INFO [root] [2] Received VAL message from 20
2026-03-25 06:11:15,621 INFO [root] entering n == commitee_size + 1
2026-03-25 06:11:15,621 INFO [root] [2] sender: 20, leader: 0
2026-03-25 06:11:15,621 INFO [root] [2] Successfully validated VAL message
2026-03-25 06:11:15,621 INFO [root] [2] Broadcasted ECHO message for roothash b' \x8c?\x916\x1e=\x8c\xe6\xcb\xaf:\xbcf\xd5\x98YL\xb9xI\xd0{\xc3\x95\xe0\xeb\tf\xb3\x9b\x97'
2026-03-25 06:11:15,622 INFO [root] broadcast Sending to 1: 24
2026-03-25 06:11:15,622 INFO [root] broadcast Sending to 2: 25
2026-03-25 06:11:15,622 INFO [root] broadcast Sending to 3: 26
2026-03-25 06:11:15,622 INFO [root] broadcast Sending to 4: 27
2026-03-25 06:11:15,622 INFO [root] [2] Received ECHO message from 25
2026-03-25 06:11:15,622 INFO [root] [2] Received ECHO message from 26
2026-03-25 06:11:15,624 INFO [root] [2] Received ECHO message from 27
2026-03-25 06:11:15,624 INFO [root] [2] Broadcasted READY message for roothash b' \x8c?\x916\x1e=\x8c\xe6\xcb\xaf:\xbcf\xd5\x98YL\xb9xI\xd0{\xc3\x95\xe0\xeb\tf\xb3\x9b\x97'
2026-03-25 06:11:15,624 INFO [root] broadcast Sending to 1: 24
2026-03-25 06:11:15,624 INFO [root] broadcast Sending to 2: 25
2026-03-25 06:11:15,624 INFO [root] broadcast Sending to 3: 26
2026-03-25 06:11:15,624 INFO [root] broadcast Sending to 4: 27
2026-03-25 06:11:15,624 INFO [root] 3-0-6-B-AVSS 1 AVID retrieve msg from 27
2026-03-25 06:11:15,624 INFO [root] AVID retrieve response received
2026-03-25 06:11:15,625 INFO [root] retrieve msid: 3-0-6-B-AVID, response_index: 1
2026-03-25 06:11:15,625 INFO [root] RESPONSE from 27
2026-03-25 06:11:15,625 INFO [root] sender self.committee_size: 3
2026-03-25 06:11:15,625 INFO [root] [2] Received READY message from 25
2026-03-25 06:11:15,626 INFO [root] [2] Received ECHO message from 24
2026-03-25 06:11:15,626 INFO [root] 3-0-6-B-AVSS 1 AVID retrieve msg from 26
2026-03-25 06:11:15,626 INFO [root] AVID retrieve response received
2026-03-25 06:11:15,626 INFO [root] retrieve msid: 3-0-6-B-AVID, response_index: 1
2026-03-25 06:11:15,626 INFO [root] RESPONSE from 26
2026-03-25 06:11:15,626 INFO [root] sender self.committee_size: 2
2026-03-25 06:11:15,627 INFO [root] 3-0-6-B-AVSS 1 RETRIEVE complete.
2026-03-25 06:11:15,627 INFO [root] after avid.retrieve dispersal_msg
2026-03-25 06:11:15,627 INFO [root] Handling dealer messages for dealer_id: 3, tag: 3-0-6-B-AVSS
2026-03-25 06:11:15,652 INFO [root] shares verified successfully
2026-03-25 06:11:15,652 INFO [root] all_shares_valid: True
2026-03-25 06:11:15,653 INFO [root] after _handle_dealer_msgs, all_shares_valid
2026-03-25 06:11:15,653 INFO [root] self.tagvars[tag]['all_shares_valid']: True
2026-03-25 06:11:15,653 INFO [root] multicast to 24
2026-03-25 06:11:15,653 INFO [root] multicast to 25
2026-03-25 06:11:15,653 INFO [root] multicast to 26
2026-03-25 06:11:15,653 INFO [root] multicast to 27
2026-03-25 06:11:15,654 INFO [root] [1] Received OK from [25]
2026-03-25 06:11:15,654 INFO [root] [1] OK set: {25}
2026-03-25 06:11:15,654 INFO [root] output: True
2026-03-25 06:11:15,654 INFO [root] [1] Received VAL message from 22
2026-03-25 06:11:15,654 INFO [root] entering n == commitee_size + 1
2026-03-25 06:11:15,654 INFO [root] [1] sender: 22, leader: 2
2026-03-25 06:11:15,654 INFO [root] [1] Successfully validated VAL message
2026-03-25 06:11:15,654 INFO [root] [1] Broadcasted ECHO message for roothash b'[l\x8b\xcd0\x9b\xf0\xa5U\xa0\x97\xec\xf5\x08-\xbd\xdc\xf9\xcbt\xbe_\x1f\xb2\x15m\x06\x06\xfdN/\x86'
2026-03-25 06:11:15,654 INFO [root] broadcast Sending to 1: 24
2026-03-25 06:11:15,655 INFO [root] broadcast Sending to 2: 25
2026-03-25 06:11:15,655 INFO [root] broadcast Sending to 3: 26
2026-03-25 06:11:15,655 INFO [root] broadcast Sending to 4: 27
2026-03-25 06:11:15,655 INFO [root] [1] Received ECHO message from 26
2026-03-25 06:11:15,655 INFO [root] [1] Received ECHO message from 27
2026-03-25 06:11:15,655 INFO [root] [1] Received ECHO message from 24
2026-03-25 06:11:15,655 INFO [root] [1] Broadcasted READY message for roothash b'[l\x8b\xcd0\x9b\xf0\xa5U\xa0\x97\xec\xf5\x08-\xbd\xdc\xf9\xcbt\xbe_\x1f\xb2\x15m\x06\x06\xfdN/\x86'
2026-03-25 06:11:15,655 INFO [root] broadcast Sending to 1: 24
2026-03-25 06:11:15,655 INFO [root] broadcast Sending to 2: 25
2026-03-25 06:11:15,655 INFO [root] broadcast Sending to 3: 26
2026-03-25 06:11:15,655 INFO [root] broadcast Sending to 4: 27
2026-03-25 06:11:15,655 INFO [root] [2] Received VAL message from 21
2026-03-25 06:11:15,655 INFO [root] entering n == commitee_size + 1
2026-03-25 06:11:15,655 INFO [root] [2] sender: 21, leader: 1
2026-03-25 06:11:15,655 INFO [root] [2] Successfully validated VAL message
2026-03-25 06:11:15,655 INFO [root] [2] Broadcasted ECHO message for roothash b'\xea]\xffZ\xcb|\xd5,\xbc\x1c\x13\xc31\x05\x19\xb9\x94\x85\xa8\xb3\xdc\xbe\x99\xde\x08=\t\x18\\\xa64p'
2026-03-25 06:11:15,655 INFO [root] broadcast Sending to 1: 24
2026-03-25 06:11:15,655 INFO [root] broadcast Sending to 2: 25
2026-03-25 06:11:15,655 INFO [root] broadcast Sending to 3: 26
2026-03-25 06:11:15,655 INFO [root] broadcast Sending to 4: 27
2026-03-25 06:11:15,655 INFO [root] [2] Received ECHO message from 27
2026-03-25 06:11:15,655 INFO [root] [2] Received ECHO message from 26
2026-03-25 06:11:15,655 INFO [root] [2] Received ECHO message from 24
2026-03-25 06:11:15,655 INFO [root] [2] Broadcasted READY message for roothash b'\xea]\xffZ\xcb|\xd5,\xbc\x1c\x13\xc31\x05\x19\xb9\x94\x85\xa8\xb3\xdc\xbe\x99\xde\x08=\t\x18\\\xa64p'
2026-03-25 06:11:15,655 INFO [root] broadcast Sending to 1: 24
2026-03-25 06:11:15,655 INFO [root] broadcast Sending to 2: 25
2026-03-25 06:11:15,655 INFO [root] broadcast Sending to 3: 26
2026-03-25 06:11:15,655 INFO [root] broadcast Sending to 4: 27
2026-03-25 06:11:15,656 INFO [root] [1] Received OK from [27]
2026-03-25 06:11:15,656 INFO [root] [1] OK set: {25, 27}
2026-03-25 06:11:15,656 INFO [root] output: True
2026-03-25 06:11:15,656 INFO [root] [1] Received OK from [26]
2026-03-25 06:11:15,656 INFO [root] [1] OK set: {25, 26, 27}
2026-03-25 06:11:15,656 INFO [root] output: True
2026-03-25 06:11:15,656 INFO [root] [1] Received OK from [24]
2026-03-25 06:11:15,656 INFO [root] [1] OK set: {24, 25, 26, 27}
2026-03-25 06:11:15,656 INFO [root] output: True
2026-03-25 06:11:15,656 INFO [root] [1] exit
2026-03-25 06:11:15,656 INFO [root] [2] Received READY message from 24
2026-03-25 06:11:15,656 INFO [root] [2] Received READY message from 27
2026-03-25 06:11:15,656 INFO [root] Decoding output for roothash: b' \x8c?\x916\x1e=\x8c\xe6\xcb\xaf:\xbcf\xd5\x98YL\xb9xI\xd0{\xc3\x95\xe0\xeb\tf\xb3\x9b\x97'
2026-03-25 06:11:15,656 INFO [root] [1] Received RBC message
2026-03-25 06:11:15,656 INFO [root] multicast list: [24, 25, 26, 27]
2026-03-25 06:11:15,656 INFO [root] before avid.retrieve
2026-03-25 06:11:15,657 INFO [root] AVID broadcast to 1: 24
2026-03-25 06:11:15,657 INFO [root] AVID broadcast to 2: 25
2026-03-25 06:11:15,657 INFO [root] AVID broadcast to 3: 26
2026-03-25 06:11:15,657 INFO [root] AVID broadcast to 4: 27
2026-03-25 06:11:15,657 INFO [root] [1] Received ECHO message from 25
2026-03-25 06:11:15,657 INFO [root] [1] Received READY message from 25
2026-03-25 06:11:15,657 INFO [root] [2] Received ECHO message from 25
2026-03-25 06:11:15,657 INFO [root] [2] Received READY message from 25
2026-03-25 06:11:15,658 INFO [root] AVID broadcast to 1: 24
2026-03-25 06:11:15,658 INFO [root] AVID broadcast to 2: 25
2026-03-25 06:11:15,658 INFO [root] AVID broadcast to 3: 26
2026-03-25 06:11:15,658 INFO [root] AVID broadcast to 4: 27
2026-03-25 06:11:15,658 INFO [root] [1] Received READY message from 27
2026-03-25 06:11:15,658 INFO [root] [1] Received READY message from 24
2026-03-25 06:11:15,658 INFO [root] Decoding output for roothash: b'[l\x8b\xcd0\x9b\xf0\xa5U\xa0\x97\xec\xf5\x08-\xbd\xdc\xf9\xcbt\xbe_\x1f\xb2\x15m\x06\x06\xfdN/\x86'
2026-03-25 06:11:15,658 INFO [root] [1] Received RBC message
2026-03-25 06:11:15,658 INFO [root] multicast list: [24, 25, 26, 27]
2026-03-25 06:11:15,658 INFO [root] before avid.retrieve
2026-03-25 06:11:15,658 INFO [root] [2] Received READY message from 27
2026-03-25 06:11:15,658 INFO [root] [2] Received READY message from 24
2026-03-25 06:11:15,658 INFO [root] Decoding output for roothash: b'\xea]\xffZ\xcb|\xd5,\xbc\x1c\x13\xc31\x05\x19\xb9\x94\x85\xa8\xb3\xdc\xbe\x99\xde\x08=\t\x18\\\xa64p'
2026-03-25 06:11:15,658 INFO [root] [1] Received RBC message
2026-03-25 06:11:15,659 INFO [root] multicast list: [24, 25, 26, 27]
2026-03-25 06:11:15,659 INFO [root] before avid.retrieve
2026-03-25 06:11:15,659 INFO [root] AVID broadcast to 1: 24
2026-03-25 06:11:15,659 INFO [root] AVID broadcast to 2: 25
2026-03-25 06:11:15,659 INFO [root] AVID broadcast to 3: 26
2026-03-25 06:11:15,659 INFO [root] AVID broadcast to 4: 27
2026-03-25 06:11:15,659 INFO [root] AVID broadcast to 1: 24
2026-03-25 06:11:15,659 INFO [root] AVID broadcast to 2: 25
2026-03-25 06:11:15,659 INFO [root] AVID broadcast to 3: 26
2026-03-25 06:11:15,659 INFO [root] AVID broadcast to 4: 27
2026-03-25 06:11:15,660 INFO [root] 0-0-6-B-AVSS 1 RETRIEVE called.
2026-03-25 06:11:15,660 INFO [root] AVID broadcast to 1: 24
2026-03-25 06:11:15,660 INFO [root] AVID broadcast to 2: 25
2026-03-25 06:11:15,660 INFO [root] AVID broadcast to 3: 26
2026-03-25 06:11:15,660 INFO [root] AVID broadcast to 4: 27
2026-03-25 06:11:15,660 INFO [root] 0-0-6-B-AVSS 1 RETRIEVE broadcasted.
2026-03-25 06:11:15,660 INFO [root] AVID broadcast to 1: 24
2026-03-25 06:11:15,660 INFO [root] AVID broadcast to 2: 25
2026-03-25 06:11:15,660 INFO [root] AVID broadcast to 3: 26
2026-03-25 06:11:15,660 INFO [root] AVID broadcast to 4: 27
2026-03-25 06:11:15,660 INFO [root] AVID broadcast to 1: 24
2026-03-25 06:11:15,660 INFO [root] AVID broadcast to 2: 25
2026-03-25 06:11:15,660 INFO [root] AVID broadcast to 3: 26
2026-03-25 06:11:15,661 INFO [root] AVID broadcast to 4: 27
2026-03-25 06:11:15,661 INFO [root] disperse msid: 0-0-6-B-AVSS, index: 2
2026-03-25 06:11:15,661 INFO [root] AVID retrieve called with sid: 0-0-6-B-AVID, index: 2
2026-03-25 06:11:15,661 INFO [root] disperse msid: 0-0-6-B-AVSS, index: 3
2026-03-25 06:11:15,661 INFO [root] AVID retrieve called with sid: 0-0-6-B-AVID, index: 3
2026-03-25 06:11:15,661 INFO [root] disperse msid: 0-0-6-B-AVSS, index: 0
2026-03-25 06:11:15,661 INFO [root] AVID retrieve called with sid: 0-0-6-B-AVID, index: 0
2026-03-25 06:11:15,661 INFO [root] 2-0-6-B-AVSS 1 RETRIEVE called.
2026-03-25 06:11:15,661 INFO [root] AVID broadcast to 1: 24
2026-03-25 06:11:15,661 INFO [root] AVID broadcast to 2: 25
2026-03-25 06:11:15,661 INFO [root] AVID broadcast to 3: 26
2026-03-25 06:11:15,661 INFO [root] AVID broadcast to 4: 27
2026-03-25 06:11:15,661 INFO [root] 2-0-6-B-AVSS 1 RETRIEVE broadcasted.
2026-03-25 06:11:15,661 INFO [root] 1-0-6-B-AVSS 1 RETRIEVE called.
2026-03-25 06:11:15,661 INFO [root] AVID broadcast to 1: 24
2026-03-25 06:11:15,661 INFO [root] AVID broadcast to 2: 25
2026-03-25 06:11:15,661 INFO [root] AVID broadcast to 3: 26
2026-03-25 06:11:15,661 INFO [root] AVID broadcast to 4: 27
2026-03-25 06:11:15,661 INFO [root] 1-0-6-B-AVSS 1 RETRIEVE broadcasted.
2026-03-25 06:11:15,662 INFO [root] disperse msid: 0-0-6-B-AVSS, index: 1
2026-03-25 06:11:15,662 INFO [root] AVID retrieve called with sid: 0-0-6-B-AVID, index: 1
2026-03-25 06:11:15,662 INFO [root] disperse msid: 2-0-6-B-AVSS, index: 1
2026-03-25 06:11:15,662 INFO [root] AVID retrieve called with sid: 2-0-6-B-AVID, index: 1
2026-03-25 06:11:15,662 INFO [root] disperse msid: 1-0-6-B-AVSS, index: 1
2026-03-25 06:11:15,662 INFO [root] AVID retrieve called with sid: 1-0-6-B-AVID, index: 1
2026-03-25 06:11:15,662 INFO [root] disperse msid: 2-0-6-B-AVSS, index: 0
2026-03-25 06:11:15,662 INFO [root] AVID retrieve called with sid: 2-0-6-B-AVID, index: 0
2026-03-25 06:11:15,662 INFO [root] disperse msid: 2-0-6-B-AVSS, index: 2
2026-03-25 06:11:15,662 INFO [root] AVID retrieve called with sid: 2-0-6-B-AVID, index: 2
2026-03-25 06:11:15,662 INFO [root] disperse msid: 1-0-6-B-AVSS, index: 0
2026-03-25 06:11:15,662 INFO [root] AVID retrieve called with sid: 1-0-6-B-AVID, index: 0
2026-03-25 06:11:15,662 INFO [root] disperse msid: 1-0-6-B-AVSS, index: 2
2026-03-25 06:11:15,662 INFO [root] AVID retrieve called with sid: 1-0-6-B-AVID, index: 2
2026-03-25 06:11:15,662 INFO [root] 0-0-6-B-AVSS 1 AVID retrieve msg from 25
2026-03-25 06:11:15,662 INFO [root] AVID retrieve response received
2026-03-25 06:11:15,662 INFO [root] retrieve msid: 0-0-6-B-AVID, response_index: 1
2026-03-25 06:11:15,662 INFO [root] RESPONSE from 25
2026-03-25 06:11:15,662 INFO [root] sender self.committee_size: 1
2026-03-25 06:11:15,663 INFO [root] 2-0-6-B-AVSS 1 AVID retrieve msg from 25
2026-03-25 06:11:15,663 INFO [root] AVID retrieve response received
2026-03-25 06:11:15,663 INFO [root] retrieve msid: 2-0-6-B-AVID, response_index: 1
2026-03-25 06:11:15,663 INFO [root] RESPONSE from 25
2026-03-25 06:11:15,663 INFO [root] sender self.committee_size: 1
2026-03-25 06:11:15,663 INFO [root] 1-0-6-B-AVSS 1 AVID retrieve msg from 25
2026-03-25 06:11:15,663 INFO [root] AVID retrieve response received
2026-03-25 06:11:15,663 INFO [root] retrieve msid: 1-0-6-B-AVID, response_index: 1
2026-03-25 06:11:15,663 INFO [root] RESPONSE from 25
2026-03-25 06:11:15,663 INFO [root] sender self.committee_size: 1
2026-03-25 06:11:15,677 INFO [root] disperse msid: 2-0-6-B-AVSS, index: 3
2026-03-25 06:11:15,677 INFO [root] AVID retrieve called with sid: 2-0-6-B-AVID, index: 3
2026-03-25 06:11:15,677 INFO [root] disperse msid: 1-0-6-B-AVSS, index: 3
2026-03-25 06:11:15,677 INFO [root] AVID retrieve called with sid: 1-0-6-B-AVID, index: 3
2026-03-25 06:11:15,679 INFO [root] 1-0-6-B-AVSS 1 AVID retrieve msg from 24
2026-03-25 06:11:15,679 INFO [root] AVID retrieve response received
2026-03-25 06:11:15,679 INFO [root] retrieve msid: 1-0-6-B-AVID, response_index: 1
2026-03-25 06:11:15,679 INFO [root] RESPONSE from 24
2026-03-25 06:11:15,679 INFO [root] sender self.committee_size: 0
2026-03-25 06:11:15,680 INFO [root] 1-0-6-B-AVSS 1 RETRIEVE complete.
2026-03-25 06:11:15,680 INFO [root] after avid.retrieve dispersal_msg
2026-03-25 06:11:15,680 INFO [root] Handling dealer messages for dealer_id: 1, tag: 1-0-6-B-AVSS
2026-03-25 06:11:15,692 INFO [root] shares verified successfully
2026-03-25 06:11:15,692 INFO [root] all_shares_valid: True
2026-03-25 06:11:15,692 INFO [root] after _handle_dealer_msgs, all_shares_valid
2026-03-25 06:11:15,692 INFO [root] self.tagvars[tag]['all_shares_valid']: True
2026-03-25 06:11:15,692 INFO [root] multicast to 24
2026-03-25 06:11:15,692 INFO [root] multicast to 25
2026-03-25 06:11:15,692 INFO [root] multicast to 26
2026-03-25 06:11:15,692 INFO [root] multicast to 27
2026-03-25 06:11:15,693 INFO [root] [1] Received OK from [25]
2026-03-25 06:11:15,693 INFO [root] [1] OK set: {25}
2026-03-25 06:11:15,693 INFO [root] output: True
2026-03-25 06:11:15,693 INFO [root] 0-0-6-B-AVSS 1 AVID retrieve msg from 26
2026-03-25 06:11:15,693 INFO [root] AVID retrieve response received
2026-03-25 06:11:15,693 INFO [root] retrieve msid: 0-0-6-B-AVID, response_index: 1
2026-03-25 06:11:15,693 INFO [root] RESPONSE from 26
2026-03-25 06:11:15,693 INFO [root] sender self.committee_size: 2
2026-03-25 06:11:15,694 INFO [root] 0-0-6-B-AVSS 1 RETRIEVE complete.
2026-03-25 06:11:15,694 INFO [root] after avid.retrieve dispersal_msg
2026-03-25 06:11:15,694 INFO [root] Handling dealer messages for dealer_id: 0, tag: 0-0-6-B-AVSS
2026-03-25 06:11:15,706 INFO [root] shares verified successfully
2026-03-25 06:11:15,706 INFO [root] all_shares_valid: True
2026-03-25 06:11:15,706 INFO [root] after _handle_dealer_msgs, all_shares_valid
2026-03-25 06:11:15,706 INFO [root] self.tagvars[tag]['all_shares_valid']: True
2026-03-25 06:11:15,706 INFO [root] multicast to 24
2026-03-25 06:11:15,706 INFO [root] multicast to 25
2026-03-25 06:11:15,706 INFO [root] multicast to 26
2026-03-25 06:11:15,706 INFO [root] multicast to 27
2026-03-25 06:11:15,706 INFO [root] [1] Received OK from [24]
2026-03-25 06:11:15,707 INFO [root] [1] OK set: {24}
2026-03-25 06:11:15,707 INFO [root] output: True
2026-03-25 06:11:15,707 INFO [root] [1] Received OK from [26]
2026-03-25 06:11:15,707 INFO [root] [1] OK set: {24, 26}
2026-03-25 06:11:15,707 INFO [root] output: True
2026-03-25 06:11:15,707 INFO [root] [1] Received OK from [27]
2026-03-25 06:11:15,707 INFO [root] [1] OK set: {24, 26, 27}
2026-03-25 06:11:15,707 INFO [root] output: True
2026-03-25 06:11:15,707 INFO [root] 2-0-6-B-AVSS 1 AVID retrieve msg from 24
2026-03-25 06:11:15,707 INFO [root] AVID retrieve response received
2026-03-25 06:11:15,707 INFO [root] retrieve msid: 2-0-6-B-AVID, response_index: 1
2026-03-25 06:11:15,707 INFO [root] RESPONSE from 24
2026-03-25 06:11:15,707 INFO [root] sender self.committee_size: 0
2026-03-25 06:11:15,707 INFO [root] 2-0-6-B-AVSS 1 RETRIEVE complete.
2026-03-25 06:11:15,707 INFO [root] after avid.retrieve dispersal_msg
2026-03-25 06:11:15,707 INFO [root] Handling dealer messages for dealer_id: 2, tag: 2-0-6-B-AVSS
2026-03-25 06:11:15,719 INFO [root] shares verified successfully
2026-03-25 06:11:15,719 INFO [root] all_shares_valid: True
2026-03-25 06:11:15,719 INFO [root] after _handle_dealer_msgs, all_shares_valid
2026-03-25 06:11:15,719 INFO [root] self.tagvars[tag]['all_shares_valid']: True
2026-03-25 06:11:15,719 INFO [root] multicast to 24
2026-03-25 06:11:15,719 INFO [root] multicast to 25
2026-03-25 06:11:15,719 INFO [root] multicast to 26
2026-03-25 06:11:15,719 INFO [root] multicast to 27
2026-03-25 06:11:15,720 INFO [root] key_proposal: [3, 1, 0, 2]
2026-03-25 06:11:15,720 INFO [beaver.transfer] [1] [random shares] Starting ACS where node 1 is set as leader 
2026-03-25 06:11:15,720 INFO [beaver.transfer] [1] [random shares] The proposal of node 1 is [3, 1, 0, 2]
2026-03-25 06:11:15,720 INFO [root] enter handle_message
2026-03-25 06:11:15,720 INFO [root] [1] I am the leader, broadcasting my input
2026-03-25 06:11:15,720 INFO [root] [1] otmvba Broadcasting to 24
2026-03-25 06:11:15,720 INFO [root] [1] otmvba Broadcasting to 25
2026-03-25 06:11:15,720 INFO [root] [1] otmvba Broadcasting to 26
2026-03-25 06:11:15,720 INFO [root] [1] otmvba Broadcasting to 27
2026-03-25 06:11:15,720 INFO [root] [1] Received OK from [25]
2026-03-25 06:11:15,720 INFO [root] [1] OK set: {24, 25, 26, 27}
2026-03-25 06:11:15,720 INFO [root] output: True
2026-03-25 06:11:15,721 INFO [root] [1] exit
2026-03-25 06:11:15,721 INFO [root] [1] Received OK from [25]
2026-03-25 06:11:15,721 INFO [root] [1] OK set: {25}
2026-03-25 06:11:15,721 INFO [root] output: True
2026-03-25 06:11:15,721 INFO [root] [1] Received OK from [27]
2026-03-25 06:11:15,721 INFO [root] [1] OK set: {25, 27}
2026-03-25 06:11:15,721 INFO [root] output: True
2026-03-25 06:11:15,721 INFO [root] [1] Received OK from [26]
2026-03-25 06:11:15,721 INFO [root] [1] OK set: {25, 26, 27}
2026-03-25 06:11:15,721 INFO [root] output: True
2026-03-25 06:11:15,721 INFO [root] [1] Received OK from [24]
2026-03-25 06:11:15,721 INFO [root] [1] OK set: {24, 25, 26, 27}
2026-03-25 06:11:15,721 INFO [root] output: True
2026-03-25 06:11:15,721 INFO [root] [1] exit
2026-03-25 06:11:15,721 INFO [root] [1] Received OK from [24]
2026-03-25 06:11:15,721 INFO [root] [1] OK set: {24, 25}
2026-03-25 06:11:15,721 INFO [root] output: True
2026-03-25 06:11:15,721 INFO [root] [1] Received OK from [27]
2026-03-25 06:11:15,721 INFO [root] [1] OK set: {24, 25, 27}
2026-03-25 06:11:15,721 INFO [root] output: True
2026-03-25 06:11:15,721 INFO [root] [1] Received OK from [26]
2026-03-25 06:11:15,721 INFO [root] [1] OK set: {24, 25, 26, 27}
2026-03-25 06:11:15,721 INFO [root] output: True
2026-03-25 06:11:15,721 INFO [root] [1] exit
2026-03-25 06:11:15,721 INFO [root] [1] otmvba msg value
2026-03-25 06:11:15,721 INFO [root] [1] otmvba handle value message
2026-03-25 06:11:15,721 INFO [root] [1] value-self.acss_outputs.keys():dict_keys([3, 1, 0, 2])
2026-03-25 06:11:15,722 INFO [root] [1] --Directly send the proposal!--
2026-03-25 06:11:15,722 INFO [root] [1] otmvba msg prevote
2026-03-25 06:11:15,722 INFO [root] [1] otmvba handle prevote message
2026-03-25 06:11:15,730 INFO [root] [1] otmvba msg prevote
2026-03-25 06:11:15,730 INFO [root] [1] otmvba handle prevote message
2026-03-25 06:11:15,737 INFO [root] [1] otmvba msg prevote
2026-03-25 06:11:15,737 INFO [root] [1] otmvba handle prevote message
2026-03-25 06:11:15,752 INFO [root] [1] otmvba Broadcasting to 24
2026-03-25 06:11:15,753 INFO [root] [1] otmvba Broadcasting to 25
2026-03-25 06:11:15,753 INFO [root] [1] otmvba Broadcasting to 26
2026-03-25 06:11:15,753 INFO [root] [1] otmvba Broadcasting to 27
2026-03-25 06:11:15,753 INFO [root] [1] otmvba msg prevote
2026-03-25 06:11:15,753 INFO [root] [1] otmvba handle prevote message
2026-03-25 06:11:15,760 INFO [root] [1] otmvba msg PrevoteQC
2026-03-25 06:11:15,760 INFO [root] [1] otmvba handle prevote qc message
2026-03-25 06:11:15,768 INFO [root] [1] otmvba msg vote
2026-03-25 06:11:15,769 INFO [root] [1] otmvba handle vote message
2026-03-25 06:11:15,776 INFO [root] [1] otmvba msg vote
2026-03-25 06:11:15,776 INFO [root] [1] otmvba handle vote message
2026-03-25 06:11:15,784 INFO [root] [1] otmvba msg vote
2026-03-25 06:11:15,784 INFO [root] [1] otmvba handle vote message
2026-03-25 06:11:15,799 INFO [root] [1] otmvba Broadcasting to 24
2026-03-25 06:11:15,799 INFO [root] [1] otmvba Broadcasting to 25
2026-03-25 06:11:15,799 INFO [root] [1] otmvba Broadcasting to 26
2026-03-25 06:11:15,799 INFO [root] [1] otmvba Broadcasting to 27
2026-03-25 06:11:15,799 INFO [root] [1] otmvba msg vote
2026-03-25 06:11:15,799 INFO [root] [1] otmvba handle vote message
2026-03-25 06:11:15,807 INFO [root] [1] otmvba msg VoteQC
2026-03-25 06:11:15,807 INFO [root] [1] otmvba handle vote qc message
2026-03-25 06:11:15,814 INFO [root] [1] otmvba Broadcasting to 24
2026-03-25 06:11:15,814 INFO [root] [1] otmvba Broadcasting to 25
2026-03-25 06:11:15,814 INFO [root] [1] otmvba Broadcasting to 26
2026-03-25 06:11:15,814 INFO [root] [1] otmvba Broadcasting to 27
2026-03-25 06:11:15,814 INFO [root] [1] otmvba msg Terminate
2026-03-25 06:11:15,814 INFO [root] [1] otmvba handle terminate message
2026-03-25 06:11:15,822 INFO [root] [1] otmvba Broadcasting to 24
2026-03-25 06:11:15,822 INFO [root] [1] otmvba Broadcasting to 25
2026-03-25 06:11:15,822 INFO [root] [1] otmvba Broadcasting to 26
2026-03-25 06:11:15,822 INFO [root] [1] otmvba Broadcasting to 27
2026-03-25 06:11:15,822 INFO [beaver.transfer] [1] [random shares] The ACS set is [0, 1, 2, 3]
2026-03-25 06:11:15,822 INFO [root] common: [0, 1, 2, 3]
2026-03-25 06:11:15,885 INFO [beaver.transfer] [1] [asynchronous dynamic transfer] Finished! Node 1, total number: 50, time: 3.0723469257354736 (seconds)
2026-03-25 06:11:15,885 INFO [root] layer ID: 6 trans_foll_time: 3.073211669921875
2026-03-25 06:11:15,890 INFO [root] layer ID: 6 add_outputs length: 100
2026-03-25 06:11:15,890 INFO [root] layer ID: 6 exec_time: 0.004634857177734375
2026-03-25 06:11:15,890 INFO [beaver.transfer] [1] Starting DynamicTransfer
2026-03-25 06:11:15,891 INFO [beaver.transfer] [1] Starting ACSS to share 50 secrets
2026-03-25 06:11:15,891 INFO [root] [1] [asynchronous dynamic transfer] Layer ID: 6
2026-03-25 06:11:15,891 INFO [root] public_keys: [{'X': '122662108194950998384193629356644969876410536473947110971193673473579572725940070978576886093046523806358385441613', 'Y': '2386606725902464813110306390532755097232177998340208966613737792574468286714303028337348515950719798931659849461718'}, {'X': '1763724368156417882275040419427936726706042449543387808101693387143048876792818941887542381277284918173525349706435', 'Y': '3116570462375120226954473620358001583414022087106062692206657077514917924471240300773187616627141733504205466067248'}, {'X': '3122028874244336201192811954888225245743863075897296825435098786492038392927365896887831551564984691308956419821925', 'Y': '764350008328891410686877713439660308525793055278127565675513765443636732573164129708214346204424298259025850880629'}, {'X': '3055122926628909104432781159053553591384071111604291052331539743577698174546363308308634135063970294217949626928794', 'Y': '304708865541512548232607661490031263797434991065814596543361631753136138462597994780119615734445152435842478238339'}]
2026-03-25 06:11:15,891 INFO [root] layer ID: 6 trans_pre_time: 0.001312255859375
2026-03-25 06:11:15,891 INFO [root] layer ID: 6 layer_time: 3.0792932510375977
2026-03-25 06:11:15,891 INFO [root] [1] AVSS tag: 1-0-7-B-AVSS
2026-03-25 06:11:15,891 INFO [root] [1] RBC tag: 1-0-7-B-RBC
2026-03-25 06:11:15,891 INFO [root] enter avss_with_aggtransfer
g = {[6679831729115696150 8653662730902241269 1535610680227111361 17342916647841752903 17135755455211762752 1297449291367578485] [13451288730302620273 10097742279870053774 15949884091978425806 5885175747529691540 1016841820992199104 845620083434234474]}
h = {[13794385998538644597 108816626937764141 12130603454454490125 6127379912259600201 17481961476035825978 950355161936836191] [10722765800778186391 17107915684035394744 11626309118465119103 5217919199071354366 6102759180633827794 660535627654889709]}
Equal? false
2026-03-25 06:11:16,183 INFO [root] [1] Starting reliable broadcast
2026-03-25 06:11:16,184 INFO [root] self.msgmode: avss_with_aggtransfer
2026-03-25 06:11:16,184 INFO [root] rbc_list: [25, 28, 29, 30, 31]
2026-03-25 06:11:16,184 INFO [root] committee_size: 4
2026-03-25 06:11:16,184 INFO [root] n: 5
2026-03-25 06:11:16,184 INFO [root] f: 1
2026-03-25 06:11:16,184 INFO [root] pid: 1
2026-03-25 06:11:16,184 INFO [root] leader: 1
2026-03-25 06:11:16,184 INFO [root] [1] Sending to 0: 28
2026-03-25 06:11:16,184 INFO [root] [1] Sending to 1: 29
2026-03-25 06:11:16,184 INFO [root] [1] Sending to 2: 30
2026-03-25 06:11:16,184 INFO [root] [1] Sending to 3: 31
2026-03-25 06:11:16,184 INFO [root] [1] Starting AVID disperse
2026-03-25 06:11:16,186 INFO [root] [1] Dispersed VAL message to committee
my_send_id: 25 exec_time: 8.08618974685669
2026-03-25 06:11:25,897 INFO [root] [1] Bytes Sent: TR6:481801 which is 43.546%
2026-03-25 06:11:25,897 INFO [root] [1] Bytes Sent: TR7:624612 which is 56.454%
2026-03-25 06:11:25,897 INFO [root] [1] Total bytes sent out aa: 1106413
2026-03-25 06:11:25,898 INFO [benchmark_logger] Total bytes sent out: 1106413
2026-03-25 06:11:25,907 ERROR [asyncio] Task was destroyed but it is pending!
task: <Task pending name='Task-35' coro=<subscribe_recv.<locals>._recv_loop() running at /opt/dumbo-mpc/dumbo-mpc/AsyRanTriGen/beaver/utils/misc.py:89> wait_for=<Future pending cb=[<TaskWakeupMethWrapper object at 0x7f98c76e0700>()]>>
Exception ignored in: <coroutine object subscribe_recv.<locals>._recv_loop at 0x7f98c76d27c0>
Traceback (most recent call last):
  File "/opt/dumbo-mpc/dumbo-mpc/AsyRanTriGen/beaver/utils/misc.py", line 89, in _recv_loop
    j, (tag, o) = await recv()
  File "/usr/lib/python3.8/asyncio/queues.py", line 165, in get
    getter.cancel()  # Just in case getter is not done yet.
  File "uvloop/loop.pyx", line 1281, in uvloop.loop.Loop.call_soon
  File "uvloop/loop.pyx", line 669, in uvloop.loop.Loop._call_soon
  File "uvloop/loop.pyx", line 678, in uvloop.loop.Loop._call_soon_handle
  File "uvloop/loop.pyx", line 673, in uvloop.loop.Loop._append_ready_handle
  File "uvloop/loop.pyx", line 705, in uvloop.loop.Loop._check_closed
RuntimeError: Event loop is closed
2026-03-25 06:11:25,907 ERROR [asyncio] Task was destroyed but it is pending!
task: <Task pending name='Task-55' coro=<rbc_dyn() running at /opt/dumbo-mpc/dumbo-mpc/AsyRanTriGen/beaver/broadcast/reliablebroadcast.py:411> wait_for=<Future cancelled>>
Exception ignored in: <coroutine object rbc_dyn at 0x7f98c76e53c0>
Traceback (most recent call last):
  File "/opt/dumbo-mpc/dumbo-mpc/AsyRanTriGen/beaver/broadcast/reliablebroadcast.py", line 411, in rbc_dyn
    sender, msg = await receive()
  File "/usr/lib/python3.8/asyncio/queues.py", line 165, in get
    getter.cancel()  # Just in case getter is not done yet.
  File "uvloop/loop.pyx", line 1281, in uvloop.loop.Loop.call_soon
  File "uvloop/loop.pyx", line 669, in uvloop.loop.Loop._call_soon
  File "uvloop/loop.pyx", line 678, in uvloop.loop.Loop._call_soon_handle
  File "uvloop/loop.pyx", line 673, in uvloop.loop.Loop._append_ready_handle
  File "uvloop/loop.pyx", line 705, in uvloop.loop.Loop._check_closed
RuntimeError: Event loop is closed
2026-03-25 06:11:25,908 ERROR [asyncio] Task was destroyed but it is pending!
task: <Task pending name='Task-57' coro=<AVID_DYNAMIC.disperse() running at /opt/dumbo-mpc/dumbo-mpc/AsyRanTriGen/beaver/broadcast/avid.py:461> wait_for=<Future cancelled>>
Exception ignored in: <coroutine object AVID_DYNAMIC.disperse at 0x7f98c4221b40>
Traceback (most recent call last):
  File "/opt/dumbo-mpc/dumbo-mpc/AsyRanTriGen/beaver/broadcast/avid.py", line 461, in disperse
    sender, msg = await self.recv()
  File "/usr/lib/python3.8/asyncio/queues.py", line 165, in get
    getter.cancel()  # Just in case getter is not done yet.
  File "uvloop/loop.pyx", line 1281, in uvloop.loop.Loop.call_soon
  File "uvloop/loop.pyx", line 669, in uvloop.loop.Loop._call_soon
  File "uvloop/loop.pyx", line 678, in uvloop.loop.Loop._call_soon_handle
  File "uvloop/loop.pyx", line 673, in uvloop.loop.Loop._append_ready_handle
  File "uvloop/loop.pyx", line 705, in uvloop.loop.Loop._check_closed
RuntimeError: Event loop is closed
2026-03-25 06:11:25,908 ERROR [asyncio] Task was destroyed but it is pending!
task: <Task pending name='Task-37' coro=<subscribe_recv.<locals>._recv_loop() running at /opt/dumbo-mpc/dumbo-mpc/AsyRanTriGen/beaver/utils/misc.py:89> wait_for=<Future cancelled>>
Exception ignored in: <coroutine object subscribe_recv.<locals>._recv_loop at 0x7f98c7695640>
Traceback (most recent call last):
  File "/opt/dumbo-mpc/dumbo-mpc/AsyRanTriGen/beaver/utils/misc.py", line 89, in _recv_loop
    j, (tag, o) = await recv()
ValueError: coroutine already executing
Exception ignored in: <coroutine object Queue.get at 0x7f98c76ee840>
Traceback (most recent call last):
  File "/usr/lib/python3.8/asyncio/queues.py", line 165, in get
    getter.cancel()  # Just in case getter is not done yet.
  File "uvloop/loop.pyx", line 1281, in uvloop.loop.Loop.call_soon
  File "uvloop/loop.pyx", line 669, in uvloop.loop.Loop._call_soon
  File "uvloop/loop.pyx", line 678, in uvloop.loop.Loop._call_soon_handle
  File "uvloop/loop.pyx", line 673, in uvloop.loop.Loop._append_ready_handle
  File "uvloop/loop.pyx", line 705, in uvloop.loop.Loop._check_closed
RuntimeError: Event loop is closed
Exception ignored in: <coroutine object Queue.get at 0x7f98c76eea40>
Traceback (most recent call last):
  File "/usr/lib/python3.8/asyncio/queues.py", line 165, in get
    getter.cancel()  # Just in case getter is not done yet.
  File "uvloop/loop.pyx", line 1281, in uvloop.loop.Loop.call_soon
  File "uvloop/loop.pyx", line 669, in uvloop.loop.Loop._call_soon
  File "uvloop/loop.pyx", line 678, in uvloop.loop.Loop._call_soon_handle
  File "uvloop/loop.pyx", line 673, in uvloop.loop.Loop._append_ready_handle
  File "uvloop/loop.pyx", line 705, in uvloop.loop.Loop._check_closed
RuntimeError: Event loop is closed
2026-03-25 06:11:25,909 ERROR [asyncio] Task was destroyed but it is pending!
task: <Task pending name='Task-39' coro=<subscribe_recv.<locals>._recv_loop() running at /opt/dumbo-mpc/dumbo-mpc/AsyRanTriGen/beaver/utils/misc.py:89> wait_for=<Future pending cb=[<TaskWakeupMethWrapper object at 0x7f98c77e0d00>()]>>
2026-03-25 06:11:25,909 ERROR [asyncio] Task was destroyed but it is pending!
task: <Task pending name='Task-44' coro=<ACSS_Foll._recv_loop() running at /opt/dumbo-mpc/dumbo-mpc/AsyRanTriGen/beaver/hbacss.py:3708> wait_for=<Future pending cb=[<TaskWakeupMethWrapper object at 0x7f98c76ec2b0>()]>>
Exception ignored in: <coroutine object subscribe_recv.<locals>._recv_loop at 0x7f98c76e5b40>
Traceback (most recent call last):
  File "/opt/dumbo-mpc/dumbo-mpc/AsyRanTriGen/beaver/utils/misc.py", line 89, in _recv_loop
    j, (tag, o) = await recv()
  File "/usr/lib/python3.8/asyncio/queues.py", line 165, in get
    getter.cancel()  # Just in case getter is not done yet.
  File "uvloop/loop.pyx", line 1281, in uvloop.loop.Loop.call_soon
  File "uvloop/loop.pyx", line 669, in uvloop.loop.Loop._call_soon
  File "uvloop/loop.pyx", line 678, in uvloop.loop.Loop._call_soon_handle
  File "uvloop/loop.pyx", line 673, in uvloop.loop.Loop._append_ready_handle
  File "uvloop/loop.pyx", line 705, in uvloop.loop.Loop._check_closed
RuntimeError: Event loop is closed
Exception ignored in: <coroutine object ACSS_Foll._recv_loop at 0x7f98c76955c0>
Traceback (most recent call last):
  File "/opt/dumbo-mpc/dumbo-mpc/AsyRanTriGen/beaver/hbacss.py", line 3708, in _recv_loop
    await avid.disperse(tag, self.my_id, dispersal_msg_list)
  File "/opt/dumbo-mpc/dumbo-mpc/AsyRanTriGen/beaver/broadcast/avid.py", line 461, in disperse
    sender, msg = await self.recv()
  File "/usr/lib/python3.8/asyncio/queues.py", line 165, in get
    getter.cancel()  # Just in case getter is not done yet.
  File "uvloop/loop.pyx", line 1281, in uvloop.loop.Loop.call_soon
  File "uvloop/loop.pyx", line 669, in uvloop.loop.Loop._call_soon
  File "uvloop/loop.pyx", line 678, in uvloop.loop.Loop._call_soon_handle
  File "uvloop/loop.pyx", line 673, in uvloop.loop.Loop._append_ready_handle
  File "uvloop/loop.pyx", line 705, in uvloop.loop.Loop._check_closed
RuntimeError: Event loop is closed
2026-03-25 06:11:25,911 ERROR [asyncio] Task was destroyed but it is pending!
task: <Task pending name='Task-47' coro=<ACSS_Foll._recv_loop() running at /opt/dumbo-mpc/dumbo-mpc/AsyRanTriGen/beaver/hbacss.py:3710> wait_for=<Future pending cb=[<TaskWakeupMethWrapper object at 0x7f98c76ec490>()]>>
2026-03-25 06:11:25,911 ERROR [asyncio] Task was destroyed but it is pending!
task: <Task pending name='Task-48' coro=<subscribe_recv.<locals>._recv_loop() running at /opt/dumbo-mpc/dumbo-mpc/AsyRanTriGen/beaver/utils/misc.py:89> wait_for=<Future cancelled>>
Exception ignored in: <coroutine object ACSS_Foll._recv_loop at 0x7f98c76ee440>
Traceback (most recent call last):
  File "/opt/dumbo-mpc/dumbo-mpc/AsyRanTriGen/beaver/hbacss.py", line 3710, in _recv_loop
    await avid.disperse(tag, self.my_id+1, dispersal_msg_list)
  File "/opt/dumbo-mpc/dumbo-mpc/AsyRanTriGen/beaver/broadcast/avid.py", line 461, in disperse
    sender, msg = await self.recv()
  File "/usr/lib/python3.8/asyncio/queues.py", line 165, in get
    getter.cancel()  # Just in case getter is not done yet.
  File "uvloop/loop.pyx", line 1281, in uvloop.loop.Loop.call_soon
  File "uvloop/loop.pyx", line 669, in uvloop.loop.Loop._call_soon
  File "uvloop/loop.pyx", line 678, in uvloop.loop.Loop._call_soon_handle
  File "uvloop/loop.pyx", line 673, in uvloop.loop.Loop._append_ready_handle
  File "uvloop/loop.pyx", line 705, in uvloop.loop.Loop._check_closed
RuntimeError: Event loop is closed
2026-03-25 06:11:25,912 ERROR [asyncio] Task was destroyed but it is pending!
task: <Task pending name='Task-45' coro=<ACSS_Foll._recv_loop() running at /opt/dumbo-mpc/dumbo-mpc/AsyRanTriGen/beaver/hbacss.py:3710> wait_for=<Future pending cb=[<TaskWakeupMethWrapper object at 0x7f98c77e0b50>()]>>
2026-03-25 06:11:25,912 ERROR [asyncio] Task was destroyed but it is pending!
task: <Task pending name='Task-46' coro=<ACSS_Foll._recv_loop() running at /opt/dumbo-mpc/dumbo-mpc/AsyRanTriGen/beaver/hbacss.py:3708> wait_for=<Future pending cb=[<TaskWakeupMethWrapper object at 0x7f98c77e0fa0>()]>>
Exception ignored in: <coroutine object ACSS_Foll._recv_loop at 0x7f98c76e5ec0>
Traceback (most recent call last):
  File "/opt/dumbo-mpc/dumbo-mpc/AsyRanTriGen/beaver/hbacss.py", line 3710, in _recv_loop
    await avid.disperse(tag, self.my_id+1, dispersal_msg_list)
  File "/opt/dumbo-mpc/dumbo-mpc/AsyRanTriGen/beaver/broadcast/avid.py", line 461, in disperse
    sender, msg = await self.recv()
  File "/usr/lib/python3.8/asyncio/queues.py", line 165, in get
    getter.cancel()  # Just in case getter is not done yet.
  File "uvloop/loop.pyx", line 1281, in uvloop.loop.Loop.call_soon
  File "uvloop/loop.pyx", line 669, in uvloop.loop.Loop._call_soon
  File "uvloop/loop.pyx", line 678, in uvloop.loop.Loop._call_soon_handle
  File "uvloop/loop.pyx", line 673, in uvloop.loop.Loop._append_ready_handle
  File "uvloop/loop.pyx", line 705, in uvloop.loop.Loop._check_closed
RuntimeError: Event loop is closed
Exception ignored in: <coroutine object ACSS_Foll._recv_loop at 0x7f98c76ee5c0>
Traceback (most recent call last):
  File "/opt/dumbo-mpc/dumbo-mpc/AsyRanTriGen/beaver/hbacss.py", line 3708, in _recv_loop
    await avid.disperse(tag, self.my_id, dispersal_msg_list)
  File "/opt/dumbo-mpc/dumbo-mpc/AsyRanTriGen/beaver/broadcast/avid.py", line 461, in disperse
    sender, msg = await self.recv()
  File "/usr/lib/python3.8/asyncio/queues.py", line 165, in get
    getter.cancel()  # Just in case getter is not done yet.
  File "uvloop/loop.pyx", line 1281, in uvloop.loop.Loop.call_soon
  File "uvloop/loop.pyx", line 669, in uvloop.loop.Loop._call_soon
  File "uvloop/loop.pyx", line 678, in uvloop.loop.Loop._call_soon_handle
  File "uvloop/loop.pyx", line 673, in uvloop.loop.Loop._append_ready_handle
  File "uvloop/loop.pyx", line 705, in uvloop.loop.Loop._check_closed
RuntimeError: Event loop is closed
2026-03-25 06:11:25,914 ERROR [asyncio] Task was destroyed but it is pending!
task: <Task pending name='Task-49' coro=<OptimalCommonSet.fallback_timer() running at /opt/dumbo-mpc/dumbo-mpc/AsyRanTriGen/beaver/broadcast/otmvba_dyn.py:71> wait_for=<Future pending cb=[<TaskWakeupMethWrapper object at 0x7f98c77fa580>()]>>
2026-03-25 06:11:25,914 ERROR [asyncio] Task was destroyed but it is pending!
task: <Task pending name='Task-50' coro=<subscribe_recv.<locals>._recv_loop() running at /opt/dumbo-mpc/dumbo-mpc/AsyRanTriGen/beaver/utils/misc.py:89> wait_for=<Future pending cb=[<TaskWakeupMethWrapper object at 0x7f98c76ec700>()]>>
2026-03-25 06:11:25,914 ERROR [asyncio] Task was destroyed but it is pending!
task: <Task pending name='Task-53' coro=<subscribe_recv.<locals>._recv_loop() running at /opt/dumbo-mpc/dumbo-mpc/AsyRanTriGen/beaver/utils/misc.py:89> wait_for=<Future pending cb=[<TaskWakeupMethWrapper object at 0x7f98c77d8a60>()]>>
Exception ignored in: <coroutine object subscribe_recv.<locals>._recv_loop at 0x7f98c77f2440>
Traceback (most recent call last):
  File "/opt/dumbo-mpc/dumbo-mpc/AsyRanTriGen/beaver/utils/misc.py", line 89, in _recv_loop
    j, (tag, o) = await recv()
  File "/usr/lib/python3.8/asyncio/queues.py", line 165, in get
    getter.cancel()  # Just in case getter is not done yet.
  File "uvloop/loop.pyx", line 1281, in uvloop.loop.Loop.call_soon
  File "uvloop/loop.pyx", line 669, in uvloop.loop.Loop._call_soon
  File "uvloop/loop.pyx", line 678, in uvloop.loop.Loop._call_soon_handle
  File "uvloop/loop.pyx", line 673, in uvloop.loop.Loop._append_ready_handle
  File "uvloop/loop.pyx", line 705, in uvloop.loop.Loop._check_closed
RuntimeError: Event loop is closed
Exception ignored in: <coroutine object subscribe_recv.<locals>._recv_loop at 0x7f98c4221040>
Traceback (most recent call last):
  File "/opt/dumbo-mpc/dumbo-mpc/AsyRanTriGen/beaver/utils/misc.py", line 89, in _recv_loop
    j, (tag, o) = await recv()
  File "/usr/lib/python3.8/asyncio/queues.py", line 165, in get
    getter.cancel()  # Just in case getter is not done yet.
  File "uvloop/loop.pyx", line 1281, in uvloop.loop.Loop.call_soon
  File "uvloop/loop.pyx", line 669, in uvloop.loop.Loop._call_soon
  File "uvloop/loop.pyx", line 678, in uvloop.loop.Loop._call_soon_handle
  File "uvloop/loop.pyx", line 673, in uvloop.loop.Loop._append_ready_handle
  File "uvloop/loop.pyx", line 705, in uvloop.loop.Loop._check_closed
RuntimeError: Event loop is closed
