Warning: Permanently added '111.229.49.33' (ECDSA) to the list of known hosts.
time="2026-03-25T14:11:10+08:00" level=warning msg="/root/Continuum/dumbo-mpc/docker-compose.yml: the attribute `version` is obsolete, it will be ignored, please remove it to avoid potential confusion"
 Container dumbo-mpc-dumbo-mpc-run-06b6dcb25e35 Creating 
 Container dumbo-mpc-dumbo-mpc-run-06b6dcb25e35 Created 
2026-03-25 06:11:11,794 INFO [root] Running ADMPC ...
2026-03-25 06:11:12,561 INFO [root] my_send_id: 27
2026-03-25 06:11:12,570 INFO [root] ADMPC start time: 1774419072.5707893
2026-03-25 06:11:12,573 INFO [root] [Layer 6] Reached run_admpc checkpoint
2026-03-25 06:11:12,573 INFO [beaver.transfer] [3] Starting DynamicTransfer_Foll
2026-03-25 06:11:12,573 INFO [beaver.transfer] [3] Starting ACSS to share 50 secrets
2026-03-25 06:11:12,574 INFO [root] [3] Starting Batch AVSS. Id: 0, Dealer Id: 0, Client Mode: False
2026-03-25 06:11:12,574 INFO [root] [3] AVSS tag: 0-0-6-B-AVSS
2026-03-25 06:11:12,574 INFO [root] [3] RBC tag: 0-0-6-B-RBC
2026-03-25 06:11:12,575 INFO [root] [3] Starting AVSS with shares_num: 50, dealer_id: 0, client_mode: False
2026-03-25 06:11:12,575 INFO [root] rbc_list: [20, 24, 25, 26, 27]
2026-03-25 06:11:12,575 INFO [root] committee_size: 4
2026-03-25 06:11:12,575 INFO [root] n: 5
2026-03-25 06:11:12,575 INFO [root] f: 1
2026-03-25 06:11:12,576 INFO [root] pid: 4
2026-03-25 06:11:12,576 INFO [root] leader: 0
2026-03-25 06:11:12,576 INFO [root] [3] Starting Batch AVSS. Id: 0, Dealer Id: 1, Client Mode: False
2026-03-25 06:11:12,576 INFO [root] [3] AVSS tag: 1-0-6-B-AVSS
2026-03-25 06:11:12,576 INFO [root] [3] RBC tag: 1-0-6-B-RBC
2026-03-25 06:11:12,577 INFO [root] [3] Starting AVSS with shares_num: 50, dealer_id: 1, client_mode: False
2026-03-25 06:11:12,577 INFO [root] rbc_list: [21, 24, 25, 26, 27]
2026-03-25 06:11:12,578 INFO [root] committee_size: 4
2026-03-25 06:11:12,579 INFO [root] n: 5
2026-03-25 06:11:12,579 INFO [root] f: 1
2026-03-25 06:11:12,579 INFO [root] pid: 4
2026-03-25 06:11:12,579 INFO [root] leader: 1
2026-03-25 06:11:12,579 INFO [root] [3] Starting Batch AVSS. Id: 0, Dealer Id: 2, Client Mode: False
2026-03-25 06:11:12,580 INFO [root] [3] AVSS tag: 2-0-6-B-AVSS
2026-03-25 06:11:12,580 INFO [root] [3] RBC tag: 2-0-6-B-RBC
2026-03-25 06:11:12,580 INFO [root] [3] Starting AVSS with shares_num: 50, dealer_id: 2, client_mode: False
2026-03-25 06:11:12,580 INFO [root] rbc_list: [22, 24, 25, 26, 27]
2026-03-25 06:11:12,580 INFO [root] committee_size: 4
2026-03-25 06:11:12,581 INFO [root] n: 5
2026-03-25 06:11:12,581 INFO [root] f: 1
2026-03-25 06:11:12,581 INFO [root] pid: 4
2026-03-25 06:11:12,581 INFO [root] leader: 2
2026-03-25 06:11:12,581 INFO [root] [3] Starting Batch AVSS. Id: 0, Dealer Id: 3, Client Mode: False
2026-03-25 06:11:12,582 INFO [root] [3] AVSS tag: 3-0-6-B-AVSS
2026-03-25 06:11:12,582 INFO [root] [3] RBC tag: 3-0-6-B-RBC
2026-03-25 06:11:12,582 INFO [root] [3] Starting AVSS with shares_num: 50, dealer_id: 3, client_mode: False
2026-03-25 06:11:12,582 INFO [root] rbc_list: [23, 24, 25, 26, 27]
2026-03-25 06:11:12,582 INFO [root] committee_size: 4
2026-03-25 06:11:12,583 INFO [root] n: 5
2026-03-25 06:11:12,583 INFO [root] f: 1
2026-03-25 06:11:12,583 INFO [root] pid: 4
2026-03-25 06:11:12,583 INFO [root] leader: 3
2026-03-25 06:11:15,602 INFO [root] [4] Received VAL message from 23
2026-03-25 06:11:15,603 INFO [root] entering n == commitee_size + 1
2026-03-25 06:11:15,603 INFO [root] [4] sender: 23, leader: 3
2026-03-25 06:11:15,603 INFO [root] [4] Successfully validated VAL message
2026-03-25 06:11:15,603 INFO [root] [4] Broadcasted ECHO message for roothash b'\x10R\xe5]\x9f\xbbApX\xe6\xdf\xf3\xd8\xda\xbc27\xf4\xf9\x99Kh\xc8\xc0\xa0\xf0h\xc7\x15o\xf4\\'
2026-03-25 06:11:15,603 INFO [root] broadcast Sending to 1: 24
2026-03-25 06:11:15,603 INFO [root] broadcast Sending to 2: 25
2026-03-25 06:11:15,603 INFO [root] broadcast Sending to 3: 26
2026-03-25 06:11:15,603 INFO [root] broadcast Sending to 4: 27
2026-03-25 06:11:15,603 INFO [root] [4] Received ECHO message from 27
2026-03-25 06:11:15,603 INFO [root] [4] Received ECHO message from 24
2026-03-25 06:11:15,604 INFO [root] [4] Received ECHO message from 26
2026-03-25 06:11:15,604 INFO [root] [4] Broadcasted READY message for roothash b'\x10R\xe5]\x9f\xbbApX\xe6\xdf\xf3\xd8\xda\xbc27\xf4\xf9\x99Kh\xc8\xc0\xa0\xf0h\xc7\x15o\xf4\\'
2026-03-25 06:11:15,604 INFO [root] broadcast Sending to 1: 24
2026-03-25 06:11:15,604 INFO [root] broadcast Sending to 2: 25
2026-03-25 06:11:15,604 INFO [root] broadcast Sending to 3: 26
2026-03-25 06:11:15,604 INFO [root] broadcast Sending to 4: 27
2026-03-25 06:11:15,605 INFO [root] [4] Received READY message from 27
2026-03-25 06:11:15,605 INFO [root] [4] Received ECHO message from 25
2026-03-25 06:11:15,605 INFO [root] [4] Received READY message from 26
2026-03-25 06:11:15,605 INFO [root] [4] Received READY message from 24
2026-03-25 06:11:15,606 INFO [root] Decoding output for roothash: b'\x10R\xe5]\x9f\xbbApX\xe6\xdf\xf3\xd8\xda\xbc27\xf4\xf9\x99Kh\xc8\xc0\xa0\xf0h\xc7\x15o\xf4\\'
2026-03-25 06:11:15,606 INFO [root] [3] Received RBC message
2026-03-25 06:11:15,606 INFO [root] multicast list: [24, 25, 26, 27]
2026-03-25 06:11:15,606 INFO [root] before avid.retrieve
2026-03-25 06:11:15,607 INFO [root] AVID broadcast to 1: 24
2026-03-25 06:11:15,607 INFO [root] AVID broadcast to 2: 25
2026-03-25 06:11:15,607 INFO [root] AVID broadcast to 3: 26
2026-03-25 06:11:15,607 INFO [root] AVID broadcast to 4: 27
2026-03-25 06:11:15,608 INFO [root] AVID broadcast to 1: 24
2026-03-25 06:11:15,608 INFO [root] AVID broadcast to 2: 25
2026-03-25 06:11:15,608 INFO [root] AVID broadcast to 3: 26
2026-03-25 06:11:15,608 INFO [root] AVID broadcast to 4: 27
2026-03-25 06:11:15,609 INFO [root] 3-0-6-B-AVSS 3 RETRIEVE called.
2026-03-25 06:11:15,609 INFO [root] AVID broadcast to 1: 24
2026-03-25 06:11:15,609 INFO [root] AVID broadcast to 2: 25
2026-03-25 06:11:15,609 INFO [root] AVID broadcast to 3: 26
2026-03-25 06:11:15,609 INFO [root] AVID broadcast to 4: 27
2026-03-25 06:11:15,609 INFO [root] 3-0-6-B-AVSS 3 RETRIEVE broadcasted.
2026-03-25 06:11:15,609 INFO [root] disperse msid: 3-0-6-B-AVSS, index: 3
2026-03-25 06:11:15,609 INFO [root] AVID retrieve called with sid: 3-0-6-B-AVID, index: 3
2026-03-25 06:11:15,609 INFO [root] 3-0-6-B-AVSS 3 AVID retrieve msg from 27
2026-03-25 06:11:15,609 INFO [root] AVID retrieve response received
2026-03-25 06:11:15,609 INFO [root] retrieve msid: 3-0-6-B-AVID, response_index: 3
2026-03-25 06:11:15,609 INFO [root] RESPONSE from 27
2026-03-25 06:11:15,609 INFO [root] sender self.committee_size: 3
2026-03-25 06:11:15,610 INFO [root] disperse msid: 3-0-6-B-AVSS, index: 0
2026-03-25 06:11:15,610 INFO [root] AVID retrieve called with sid: 3-0-6-B-AVID, index: 0
2026-03-25 06:11:15,610 INFO [root] disperse msid: 3-0-6-B-AVSS, index: 2
2026-03-25 06:11:15,610 INFO [root] AVID retrieve called with sid: 3-0-6-B-AVID, index: 2
2026-03-25 06:11:15,610 INFO [root] disperse msid: 3-0-6-B-AVSS, index: 1
2026-03-25 06:11:15,610 INFO [root] AVID retrieve called with sid: 3-0-6-B-AVID, index: 1
2026-03-25 06:11:15,611 INFO [root] [4] Received VAL message from 20
2026-03-25 06:11:15,611 INFO [root] entering n == commitee_size + 1
2026-03-25 06:11:15,611 INFO [root] [4] sender: 20, leader: 0
2026-03-25 06:11:15,611 INFO [root] [4] Successfully validated VAL message
2026-03-25 06:11:15,611 INFO [root] [4] Broadcasted ECHO message for roothash b' \x8c?\x916\x1e=\x8c\xe6\xcb\xaf:\xbcf\xd5\x98YL\xb9xI\xd0{\xc3\x95\xe0\xeb\tf\xb3\x9b\x97'
2026-03-25 06:11:15,611 INFO [root] broadcast Sending to 1: 24
2026-03-25 06:11:15,611 INFO [root] broadcast Sending to 2: 25
2026-03-25 06:11:15,611 INFO [root] broadcast Sending to 3: 26
2026-03-25 06:11:15,611 INFO [root] broadcast Sending to 4: 27
2026-03-25 06:11:15,611 INFO [root] [4] Received ECHO message from 27
2026-03-25 06:11:15,612 INFO [root] [4] Received ECHO message from 26
2026-03-25 06:11:15,612 INFO [root] 3-0-6-B-AVSS 3 AVID retrieve msg from 26
2026-03-25 06:11:15,612 INFO [root] AVID retrieve response received
2026-03-25 06:11:15,612 INFO [root] retrieve msid: 3-0-6-B-AVID, response_index: 3
2026-03-25 06:11:15,612 INFO [root] RESPONSE from 26
2026-03-25 06:11:15,612 INFO [root] sender self.committee_size: 2
2026-03-25 06:11:15,613 INFO [root] 3-0-6-B-AVSS 3 RETRIEVE complete.
2026-03-25 06:11:15,613 INFO [root] after avid.retrieve dispersal_msg
2026-03-25 06:11:15,613 INFO [root] Handling dealer messages for dealer_id: 3, tag: 3-0-6-B-AVSS
2026-03-25 06:11:15,638 INFO [root] shares verified successfully
2026-03-25 06:11:15,638 INFO [root] all_shares_valid: True
2026-03-25 06:11:15,638 INFO [root] after _handle_dealer_msgs, all_shares_valid
2026-03-25 06:11:15,638 INFO [root] self.tagvars[tag]['all_shares_valid']: True
2026-03-25 06:11:15,639 INFO [root] multicast to 24
2026-03-25 06:11:15,639 INFO [root] multicast to 25
2026-03-25 06:11:15,639 INFO [root] multicast to 26
2026-03-25 06:11:15,639 INFO [root] multicast to 27
2026-03-25 06:11:15,640 INFO [root] [3] Received OK from [27]
2026-03-25 06:11:15,640 INFO [root] [3] OK set: {27}
2026-03-25 06:11:15,640 INFO [root] output: True
2026-03-25 06:11:15,640 INFO [root] [4] Received VAL message from 22
2026-03-25 06:11:15,640 INFO [root] entering n == commitee_size + 1
2026-03-25 06:11:15,640 INFO [root] [4] sender: 22, leader: 2
2026-03-25 06:11:15,640 INFO [root] [4] Successfully validated VAL message
2026-03-25 06:11:15,640 INFO [root] [4] Broadcasted ECHO message for roothash b'[l\x8b\xcd0\x9b\xf0\xa5U\xa0\x97\xec\xf5\x08-\xbd\xdc\xf9\xcbt\xbe_\x1f\xb2\x15m\x06\x06\xfdN/\x86'
2026-03-25 06:11:15,640 INFO [root] broadcast Sending to 1: 24
2026-03-25 06:11:15,640 INFO [root] broadcast Sending to 2: 25
2026-03-25 06:11:15,640 INFO [root] broadcast Sending to 3: 26
2026-03-25 06:11:15,640 INFO [root] broadcast Sending to 4: 27
2026-03-25 06:11:15,640 INFO [root] [4] Received VAL message from 21
2026-03-25 06:11:15,640 INFO [root] entering n == commitee_size + 1
2026-03-25 06:11:15,640 INFO [root] [4] sender: 21, leader: 1
2026-03-25 06:11:15,640 INFO [root] [4] Successfully validated VAL message
2026-03-25 06:11:15,640 INFO [root] [4] Broadcasted ECHO message for roothash b'\xea]\xffZ\xcb|\xd5,\xbc\x1c\x13\xc31\x05\x19\xb9\x94\x85\xa8\xb3\xdc\xbe\x99\xde\x08=\t\x18\\\xa64p'
2026-03-25 06:11:15,640 INFO [root] broadcast Sending to 1: 24
2026-03-25 06:11:15,640 INFO [root] broadcast Sending to 2: 25
2026-03-25 06:11:15,640 INFO [root] broadcast Sending to 3: 26
2026-03-25 06:11:15,640 INFO [root] broadcast Sending to 4: 27
2026-03-25 06:11:15,640 INFO [root] [4] Received ECHO message from 25
2026-03-25 06:11:15,640 INFO [root] [4] Broadcasted READY message for roothash b' \x8c?\x916\x1e=\x8c\xe6\xcb\xaf:\xbcf\xd5\x98YL\xb9xI\xd0{\xc3\x95\xe0\xeb\tf\xb3\x9b\x97'
2026-03-25 06:11:15,640 INFO [root] broadcast Sending to 1: 24
2026-03-25 06:11:15,640 INFO [root] broadcast Sending to 2: 25
2026-03-25 06:11:15,640 INFO [root] broadcast Sending to 3: 26
2026-03-25 06:11:15,640 INFO [root] broadcast Sending to 4: 27
2026-03-25 06:11:15,640 INFO [root] [4] Received ECHO message from 24
2026-03-25 06:11:15,640 INFO [root] [4] Received READY message from 25
2026-03-25 06:11:15,641 INFO [root] [4] Received ECHO message from 27
2026-03-25 06:11:15,641 INFO [root] [4] Received ECHO message from 27
2026-03-25 06:11:15,641 INFO [root] [4] Received READY message from 27
2026-03-25 06:11:15,641 INFO [root] [4] Received READY message from 24
2026-03-25 06:11:15,641 INFO [root] Decoding output for roothash: b' \x8c?\x916\x1e=\x8c\xe6\xcb\xaf:\xbcf\xd5\x98YL\xb9xI\xd0{\xc3\x95\xe0\xeb\tf\xb3\x9b\x97'
2026-03-25 06:11:15,641 INFO [root] [3] Received RBC message
2026-03-25 06:11:15,641 INFO [root] multicast list: [24, 25, 26, 27]
2026-03-25 06:11:15,641 INFO [root] before avid.retrieve
2026-03-25 06:11:15,641 INFO [root] [3] Received OK from [24]
2026-03-25 06:11:15,641 INFO [root] [3] OK set: {24, 27}
2026-03-25 06:11:15,641 INFO [root] output: True
2026-03-25 06:11:15,642 INFO [root] AVID broadcast to 1: 24
2026-03-25 06:11:15,642 INFO [root] AVID broadcast to 2: 25
2026-03-25 06:11:15,642 INFO [root] AVID broadcast to 3: 26
2026-03-25 06:11:15,642 INFO [root] AVID broadcast to 4: 27
2026-03-25 06:11:15,642 INFO [root] [3] Received OK from [26]
2026-03-25 06:11:15,642 INFO [root] [3] OK set: {24, 26, 27}
2026-03-25 06:11:15,642 INFO [root] output: True
2026-03-25 06:11:15,643 INFO [root] [4] Received ECHO message from 24
2026-03-25 06:11:15,643 INFO [root] [4] Received ECHO message from 24
2026-03-25 06:11:15,644 INFO [root] [4] Received ECHO message from 26
2026-03-25 06:11:15,644 INFO [root] [4] Broadcasted READY message for roothash b'[l\x8b\xcd0\x9b\xf0\xa5U\xa0\x97\xec\xf5\x08-\xbd\xdc\xf9\xcbt\xbe_\x1f\xb2\x15m\x06\x06\xfdN/\x86'
2026-03-25 06:11:15,644 INFO [root] broadcast Sending to 1: 24
2026-03-25 06:11:15,644 INFO [root] broadcast Sending to 2: 25
2026-03-25 06:11:15,644 INFO [root] broadcast Sending to 3: 26
2026-03-25 06:11:15,644 INFO [root] broadcast Sending to 4: 27
2026-03-25 06:11:15,644 INFO [root] [4] Received ECHO message from 26
2026-03-25 06:11:15,644 INFO [root] [4] Broadcasted READY message for roothash b'\xea]\xffZ\xcb|\xd5,\xbc\x1c\x13\xc31\x05\x19\xb9\x94\x85\xa8\xb3\xdc\xbe\x99\xde\x08=\t\x18\\\xa64p'
2026-03-25 06:11:15,644 INFO [root] broadcast Sending to 1: 24
2026-03-25 06:11:15,644 INFO [root] broadcast Sending to 2: 25
2026-03-25 06:11:15,644 INFO [root] broadcast Sending to 3: 26
2026-03-25 06:11:15,644 INFO [root] broadcast Sending to 4: 27
2026-03-25 06:11:15,645 INFO [root] [4] Received READY message from 27
2026-03-25 06:11:15,645 INFO [root] [4] Received READY message from 27
2026-03-25 06:11:15,645 INFO [root] [3] Received OK from [25]
2026-03-25 06:11:15,645 INFO [root] [3] OK set: {24, 25, 26, 27}
2026-03-25 06:11:15,645 INFO [root] output: True
2026-03-25 06:11:15,645 INFO [root] [3] exit
2026-03-25 06:11:15,645 INFO [root] AVID broadcast to 1: 24
2026-03-25 06:11:15,645 INFO [root] AVID broadcast to 2: 25
2026-03-25 06:11:15,646 INFO [root] AVID broadcast to 3: 26
2026-03-25 06:11:15,646 INFO [root] AVID broadcast to 4: 27
2026-03-25 06:11:15,646 INFO [root] [4] Received READY message from 26
2026-03-25 06:11:15,646 INFO [root] [4] Received READY message from 24
2026-03-25 06:11:15,646 INFO [root] Decoding output for roothash: b'[l\x8b\xcd0\x9b\xf0\xa5U\xa0\x97\xec\xf5\x08-\xbd\xdc\xf9\xcbt\xbe_\x1f\xb2\x15m\x06\x06\xfdN/\x86'
2026-03-25 06:11:15,646 INFO [root] [3] Received RBC message
2026-03-25 06:11:15,646 INFO [root] multicast list: [24, 25, 26, 27]
2026-03-25 06:11:15,646 INFO [root] before avid.retrieve
2026-03-25 06:11:15,646 INFO [root] [4] Received READY message from 26
2026-03-25 06:11:15,646 INFO [root] [4] Received READY message from 24
2026-03-25 06:11:15,646 INFO [root] Decoding output for roothash: b'\xea]\xffZ\xcb|\xd5,\xbc\x1c\x13\xc31\x05\x19\xb9\x94\x85\xa8\xb3\xdc\xbe\x99\xde\x08=\t\x18\\\xa64p'
2026-03-25 06:11:15,646 INFO [root] [3] Received RBC message
2026-03-25 06:11:15,646 INFO [root] multicast list: [24, 25, 26, 27]
2026-03-25 06:11:15,646 INFO [root] before avid.retrieve
2026-03-25 06:11:15,647 INFO [root] AVID broadcast to 1: 24
2026-03-25 06:11:15,647 INFO [root] AVID broadcast to 2: 25
2026-03-25 06:11:15,647 INFO [root] AVID broadcast to 3: 26
2026-03-25 06:11:15,647 INFO [root] AVID broadcast to 4: 27
2026-03-25 06:11:15,647 INFO [root] AVID broadcast to 1: 24
2026-03-25 06:11:15,647 INFO [root] AVID broadcast to 2: 25
2026-03-25 06:11:15,647 INFO [root] AVID broadcast to 3: 26
2026-03-25 06:11:15,647 INFO [root] AVID broadcast to 4: 27
2026-03-25 06:11:15,647 INFO [root] 0-0-6-B-AVSS 3 RETRIEVE called.
2026-03-25 06:11:15,647 INFO [root] AVID broadcast to 1: 24
2026-03-25 06:11:15,647 INFO [root] AVID broadcast to 2: 25
2026-03-25 06:11:15,647 INFO [root] AVID broadcast to 3: 26
2026-03-25 06:11:15,648 INFO [root] AVID broadcast to 4: 27
2026-03-25 06:11:15,648 INFO [root] 0-0-6-B-AVSS 3 RETRIEVE broadcasted.
2026-03-25 06:11:15,648 INFO [root] disperse msid: 0-0-6-B-AVSS, index: 3
2026-03-25 06:11:15,648 INFO [root] AVID retrieve called with sid: 0-0-6-B-AVID, index: 3
2026-03-25 06:11:15,648 INFO [root] 0-0-6-B-AVSS 3 AVID retrieve msg from 27
2026-03-25 06:11:15,648 INFO [root] AVID retrieve response received
2026-03-25 06:11:15,648 INFO [root] retrieve msid: 0-0-6-B-AVID, response_index: 3
2026-03-25 06:11:15,648 INFO [root] RESPONSE from 27
2026-03-25 06:11:15,648 INFO [root] sender self.committee_size: 3
2026-03-25 06:11:15,649 INFO [root] AVID broadcast to 1: 24
2026-03-25 06:11:15,649 INFO [root] AVID broadcast to 2: 25
2026-03-25 06:11:15,649 INFO [root] AVID broadcast to 3: 26
2026-03-25 06:11:15,649 INFO [root] AVID broadcast to 4: 27
2026-03-25 06:11:15,649 INFO [root] AVID broadcast to 1: 24
2026-03-25 06:11:15,649 INFO [root] AVID broadcast to 2: 25
2026-03-25 06:11:15,649 INFO [root] AVID broadcast to 3: 26
2026-03-25 06:11:15,649 INFO [root] AVID broadcast to 4: 27
2026-03-25 06:11:15,649 INFO [root] disperse msid: 0-0-6-B-AVSS, index: 2
2026-03-25 06:11:15,649 INFO [root] AVID retrieve called with sid: 0-0-6-B-AVID, index: 2
2026-03-25 06:11:15,650 INFO [root] disperse msid: 0-0-6-B-AVSS, index: 0
2026-03-25 06:11:15,650 INFO [root] AVID retrieve called with sid: 0-0-6-B-AVID, index: 0
2026-03-25 06:11:15,650 INFO [root] 2-0-6-B-AVSS 3 RETRIEVE called.
2026-03-25 06:11:15,650 INFO [root] AVID broadcast to 1: 24
2026-03-25 06:11:15,650 INFO [root] AVID broadcast to 2: 25
2026-03-25 06:11:15,650 INFO [root] AVID broadcast to 3: 26
2026-03-25 06:11:15,651 INFO [root] AVID broadcast to 4: 27
2026-03-25 06:11:15,651 INFO [root] 2-0-6-B-AVSS 3 RETRIEVE broadcasted.
2026-03-25 06:11:15,651 INFO [root] 1-0-6-B-AVSS 3 RETRIEVE called.
2026-03-25 06:11:15,651 INFO [root] AVID broadcast to 1: 24
2026-03-25 06:11:15,651 INFO [root] AVID broadcast to 2: 25
2026-03-25 06:11:15,651 INFO [root] AVID broadcast to 3: 26
2026-03-25 06:11:15,651 INFO [root] AVID broadcast to 4: 27
2026-03-25 06:11:15,651 INFO [root] 1-0-6-B-AVSS 3 RETRIEVE broadcasted.
2026-03-25 06:11:15,651 INFO [root] 0-0-6-B-AVSS 3 AVID retrieve msg from 26
2026-03-25 06:11:15,651 INFO [root] AVID retrieve response received
2026-03-25 06:11:15,651 INFO [root] retrieve msid: 0-0-6-B-AVID, response_index: 3
2026-03-25 06:11:15,651 INFO [root] RESPONSE from 26
2026-03-25 06:11:15,651 INFO [root] sender self.committee_size: 2
2026-03-25 06:11:15,651 INFO [root] 0-0-6-B-AVSS 3 RETRIEVE complete.
2026-03-25 06:11:15,651 INFO [root] after avid.retrieve dispersal_msg
2026-03-25 06:11:15,651 INFO [root] Handling dealer messages for dealer_id: 0, tag: 0-0-6-B-AVSS
2026-03-25 06:11:15,666 INFO [root] shares verified successfully
2026-03-25 06:11:15,666 INFO [root] all_shares_valid: True
2026-03-25 06:11:15,666 INFO [root] after _handle_dealer_msgs, all_shares_valid
2026-03-25 06:11:15,666 INFO [root] self.tagvars[tag]['all_shares_valid']: True
2026-03-25 06:11:15,666 INFO [root] multicast to 24
2026-03-25 06:11:15,666 INFO [root] multicast to 25
2026-03-25 06:11:15,666 INFO [root] multicast to 26
2026-03-25 06:11:15,666 INFO [root] multicast to 27
2026-03-25 06:11:15,667 INFO [root] disperse msid: 2-0-6-B-AVSS, index: 3
2026-03-25 06:11:15,667 INFO [root] AVID retrieve called with sid: 2-0-6-B-AVID, index: 3
2026-03-25 06:11:15,667 INFO [root] disperse msid: 1-0-6-B-AVSS, index: 3
2026-03-25 06:11:15,667 INFO [root] AVID retrieve called with sid: 1-0-6-B-AVID, index: 3
2026-03-25 06:11:15,667 INFO [root] [3] Received OK from [27]
2026-03-25 06:11:15,667 INFO [root] [3] OK set: {27}
2026-03-25 06:11:15,667 INFO [root] output: True
2026-03-25 06:11:15,667 INFO [root] disperse msid: 2-0-6-B-AVSS, index: 0
2026-03-25 06:11:15,667 INFO [root] AVID retrieve called with sid: 2-0-6-B-AVID, index: 0
2026-03-25 06:11:15,667 INFO [root] disperse msid: 2-0-6-B-AVSS, index: 2
2026-03-25 06:11:15,667 INFO [root] AVID retrieve called with sid: 2-0-6-B-AVID, index: 2
2026-03-25 06:11:15,667 INFO [root] disperse msid: 2-0-6-B-AVSS, index: 1
2026-03-25 06:11:15,667 INFO [root] AVID retrieve called with sid: 2-0-6-B-AVID, index: 1
2026-03-25 06:11:15,667 INFO [root] disperse msid: 1-0-6-B-AVSS, index: 0
2026-03-25 06:11:15,667 INFO [root] AVID retrieve called with sid: 1-0-6-B-AVID, index: 0
2026-03-25 06:11:15,668 INFO [root] disperse msid: 1-0-6-B-AVSS, index: 2
2026-03-25 06:11:15,668 INFO [root] AVID retrieve called with sid: 1-0-6-B-AVID, index: 2
2026-03-25 06:11:15,668 INFO [root] disperse msid: 1-0-6-B-AVSS, index: 1
2026-03-25 06:11:15,668 INFO [root] AVID retrieve called with sid: 1-0-6-B-AVID, index: 1
2026-03-25 06:11:15,668 INFO [root] [3] Received OK from [24]
2026-03-25 06:11:15,668 INFO [root] [3] OK set: {24, 27}
2026-03-25 06:11:15,668 INFO [root] output: True
2026-03-25 06:11:15,668 INFO [root] [3] Received OK from [26]
2026-03-25 06:11:15,668 INFO [root] [3] OK set: {24, 26, 27}
2026-03-25 06:11:15,668 INFO [root] output: True
2026-03-25 06:11:15,668 INFO [root] disperse msid: 0-0-6-B-AVSS, index: 1
2026-03-25 06:11:15,668 INFO [root] AVID retrieve called with sid: 0-0-6-B-AVID, index: 1
2026-03-25 06:11:15,668 INFO [root] 2-0-6-B-AVSS 3 AVID retrieve msg from 27
2026-03-25 06:11:15,668 INFO [root] AVID retrieve response received
2026-03-25 06:11:15,668 INFO [root] retrieve msid: 2-0-6-B-AVID, response_index: 3
2026-03-25 06:11:15,668 INFO [root] RESPONSE from 27
2026-03-25 06:11:15,668 INFO [root] sender self.committee_size: 3
2026-03-25 06:11:15,668 INFO [root] 1-0-6-B-AVSS 3 AVID retrieve msg from 27
2026-03-25 06:11:15,668 INFO [root] AVID retrieve response received
2026-03-25 06:11:15,668 INFO [root] retrieve msid: 1-0-6-B-AVID, response_index: 3
2026-03-25 06:11:15,668 INFO [root] RESPONSE from 27
2026-03-25 06:11:15,668 INFO [root] sender self.committee_size: 3
2026-03-25 06:11:15,671 INFO [root] 2-0-6-B-AVSS 3 AVID retrieve msg from 25
2026-03-25 06:11:15,671 INFO [root] AVID retrieve response received
2026-03-25 06:11:15,671 INFO [root] retrieve msid: 2-0-6-B-AVID, response_index: 3
2026-03-25 06:11:15,671 INFO [root] RESPONSE from 25
2026-03-25 06:11:15,671 INFO [root] sender self.committee_size: 1
2026-03-25 06:11:15,671 INFO [root] 2-0-6-B-AVSS 3 RETRIEVE complete.
2026-03-25 06:11:15,671 INFO [root] after avid.retrieve dispersal_msg
2026-03-25 06:11:15,671 INFO [root] Handling dealer messages for dealer_id: 2, tag: 2-0-6-B-AVSS
2026-03-25 06:11:15,683 INFO [root] shares verified successfully
2026-03-25 06:11:15,683 INFO [root] all_shares_valid: True
2026-03-25 06:11:15,683 INFO [root] after _handle_dealer_msgs, all_shares_valid
2026-03-25 06:11:15,683 INFO [root] self.tagvars[tag]['all_shares_valid']: True
2026-03-25 06:11:15,683 INFO [root] multicast to 24
2026-03-25 06:11:15,683 INFO [root] multicast to 25
2026-03-25 06:11:15,683 INFO [root] multicast to 26
2026-03-25 06:11:15,684 INFO [root] multicast to 27
2026-03-25 06:11:15,684 INFO [root] key_proposal: [3, 0, 2]
2026-03-25 06:11:15,684 INFO [beaver.transfer] [3] [random shares] Starting ACS where node 1 is set as leader 
2026-03-25 06:11:15,684 INFO [beaver.transfer] [3] [random shares] The proposal of node 3 is [3, 0, 2]
2026-03-25 06:11:15,684 INFO [root] enter handle_message
2026-03-25 06:11:15,684 INFO [root] [3] Received OK from [27]
2026-03-25 06:11:15,684 INFO [root] [3] OK set: {27}
2026-03-25 06:11:15,684 INFO [root] output: True
2026-03-25 06:11:15,684 INFO [root] 1-0-6-B-AVSS 3 AVID retrieve msg from 25
2026-03-25 06:11:15,684 INFO [root] AVID retrieve response received
2026-03-25 06:11:15,684 INFO [root] retrieve msid: 1-0-6-B-AVID, response_index: 3
2026-03-25 06:11:15,684 INFO [root] RESPONSE from 25
2026-03-25 06:11:15,684 INFO [root] sender self.committee_size: 1
2026-03-25 06:11:15,685 INFO [root] 1-0-6-B-AVSS 3 RETRIEVE complete.
2026-03-25 06:11:15,685 INFO [root] after avid.retrieve dispersal_msg
2026-03-25 06:11:15,685 INFO [root] Handling dealer messages for dealer_id: 1, tag: 1-0-6-B-AVSS
2026-03-25 06:11:15,696 INFO [root] shares verified successfully
2026-03-25 06:11:15,696 INFO [root] all_shares_valid: True
2026-03-25 06:11:15,696 INFO [root] after _handle_dealer_msgs, all_shares_valid
2026-03-25 06:11:15,696 INFO [root] self.tagvars[tag]['all_shares_valid']: True
2026-03-25 06:11:15,696 INFO [root] multicast to 24
2026-03-25 06:11:15,696 INFO [root] multicast to 25
2026-03-25 06:11:15,696 INFO [root] multicast to 26
2026-03-25 06:11:15,696 INFO [root] multicast to 27
2026-03-25 06:11:15,697 INFO [root] [3] Received OK from [25]
2026-03-25 06:11:15,697 INFO [root] [3] OK set: {25}
2026-03-25 06:11:15,697 INFO [root] output: True
2026-03-25 06:11:15,697 INFO [root] [3] Received OK from [27]
2026-03-25 06:11:15,697 INFO [root] [3] OK set: {25, 27}
2026-03-25 06:11:15,697 INFO [root] output: True
2026-03-25 06:11:15,697 INFO [root] [3] Received OK from [24]
2026-03-25 06:11:15,697 INFO [root] [3] OK set: {24, 25, 27}
2026-03-25 06:11:15,697 INFO [root] output: True
2026-03-25 06:11:15,697 INFO [root] [3] Received OK from [26]
2026-03-25 06:11:15,697 INFO [root] [3] OK set: {24, 25, 26, 27}
2026-03-25 06:11:15,697 INFO [root] output: True
2026-03-25 06:11:15,697 INFO [root] [3] exit
2026-03-25 06:11:15,698 INFO [root] [3] Received OK from [26]
2026-03-25 06:11:15,698 INFO [root] [3] OK set: {26, 27}
2026-03-25 06:11:15,698 INFO [root] output: True
2026-03-25 06:11:15,698 INFO [root] [3] Received OK from [24]
2026-03-25 06:11:15,698 INFO [root] [3] OK set: {24, 26, 27}
2026-03-25 06:11:15,698 INFO [root] output: True
2026-03-25 06:11:15,711 INFO [root] [3] Received OK from [25]
2026-03-25 06:11:15,711 INFO [root] [3] OK set: {24, 25, 26, 27}
2026-03-25 06:11:15,711 INFO [root] output: True
2026-03-25 06:11:15,711 INFO [root] [3] exit
2026-03-25 06:11:15,711 INFO [root] [3] Received OK from [25]
2026-03-25 06:11:15,711 INFO [root] [3] OK set: {24, 25, 26, 27}
2026-03-25 06:11:15,711 INFO [root] output: True
2026-03-25 06:11:15,711 INFO [root] [3] exit
2026-03-25 06:11:15,712 INFO [root] [3] otmvba msg value
2026-03-25 06:11:15,712 INFO [root] [3] otmvba handle value message
2026-03-25 06:11:15,712 INFO [root] [3] value-self.acss_outputs.keys():dict_keys([3, 0, 2, 1])
2026-03-25 06:11:15,712 INFO [root] [3] --Directly send the proposal!--
2026-03-25 06:11:15,752 INFO [root] [3] otmvba msg PrevoteQC
2026-03-25 06:11:15,752 INFO [root] [3] otmvba handle prevote qc message
2026-03-25 06:11:15,798 INFO [root] [3] otmvba msg VoteQC
2026-03-25 06:11:15,798 INFO [root] [3] otmvba handle vote qc message
2026-03-25 06:11:15,805 INFO [root] [3] otmvba Broadcasting to 24
2026-03-25 06:11:15,805 INFO [root] [3] otmvba Broadcasting to 25
2026-03-25 06:11:15,805 INFO [root] [3] otmvba Broadcasting to 26
2026-03-25 06:11:15,806 INFO [root] [3] otmvba Broadcasting to 27
2026-03-25 06:11:15,806 INFO [root] [3] otmvba msg Terminate
2026-03-25 06:11:15,806 INFO [root] [3] otmvba handle terminate message
2026-03-25 06:11:15,813 INFO [root] [3] otmvba Broadcasting to 24
2026-03-25 06:11:15,813 INFO [root] [3] otmvba Broadcasting to 25
2026-03-25 06:11:15,813 INFO [root] [3] otmvba Broadcasting to 26
2026-03-25 06:11:15,813 INFO [root] [3] otmvba Broadcasting to 27
2026-03-25 06:11:15,813 INFO [beaver.transfer] [3] [random shares] The ACS set is [0, 1, 2, 3]
2026-03-25 06:11:15,813 INFO [root] common: [0, 1, 2, 3]
2026-03-25 06:11:15,877 INFO [beaver.transfer] [3] [asynchronous dynamic transfer] Finished! Node 3, total number: 50, time: 3.302858591079712 (seconds)
2026-03-25 06:11:15,877 INFO [root] layer ID: 6 trans_foll_time: 3.303886651992798
2026-03-25 06:11:15,881 INFO [root] layer ID: 6 add_outputs length: 100
2026-03-25 06:11:15,881 INFO [root] layer ID: 6 exec_time: 0.004534721374511719
2026-03-25 06:11:15,882 INFO [beaver.transfer] [3] Starting DynamicTransfer
2026-03-25 06:11:15,882 INFO [beaver.transfer] [3] Starting ACSS to share 50 secrets
2026-03-25 06:11:15,882 INFO [root] [3] [asynchronous dynamic transfer] Layer ID: 6
2026-03-25 06:11:15,883 INFO [root] public_keys: [{'X': '1923572256094560961124484592153692275007698202647572329845184303142656281046127401236374827256531189959129338836546', 'Y': '2207604712879148304915078368093686221838922336789939339516179343277448129321032568794873693194224886738133433104848'}, {'X': '1006108910144414608202921412029119377888484545904821686213331774981797156668465258676565704797987551689994282948087', 'Y': '3746081286314342273711438878993492476556070115332654499125329144041527920162272828765701902088571504487671888042669'}, {'X': '1488990091152816171616288133744015197595826195198504581319959211417323473029473247037325660743551391418333380431371', 'Y': '553538563333312847844809286576388686547299245001610455327663917432355667795609135113874391523043911821703359660701'}, {'X': '116041265734602737278823917739736045797134226432734247650888292653084399492894430925259887291325554704149101171178', 'Y': '709701369552543484088563862386995649532601554419986935695053991779667283833712605378183995082668471457696626228134'}]
2026-03-25 06:11:15,883 INFO [root] layer ID: 6 trans_pre_time: 0.001260519027709961
2026-03-25 06:11:15,883 INFO [root] layer ID: 6 layer_time: 3.3098249435424805
2026-03-25 06:11:15,883 INFO [root] [3] AVSS tag: 3-0-7-B-AVSS
2026-03-25 06:11:15,883 INFO [root] [3] RBC tag: 3-0-7-B-RBC
2026-03-25 06:11:15,883 INFO [root] enter avss_with_aggtransfer
g = {[6679831729115696150 8653662730902241269 1535610680227111361 17342916647841752903 17135755455211762752 1297449291367578485] [13451288730302620273 10097742279870053774 15949884091978425806 5885175747529691540 1016841820992199104 845620083434234474]}
h = {[13794385998538644597 108816626937764141 12130603454454490125 6127379912259600201 17481961476035825978 950355161936836191] [10722765800778186391 17107915684035394744 11626309118465119103 5217919199071354366 6102759180633827794 660535627654889709]}
Equal? false
2026-03-25 06:11:16,176 INFO [root] [3] Starting reliable broadcast
2026-03-25 06:11:16,176 INFO [root] self.msgmode: avss_with_aggtransfer
2026-03-25 06:11:16,177 INFO [root] rbc_list: [27, 28, 29, 30, 31]
2026-03-25 06:11:16,177 INFO [root] committee_size: 4
2026-03-25 06:11:16,177 INFO [root] n: 5
2026-03-25 06:11:16,177 INFO [root] f: 1
2026-03-25 06:11:16,177 INFO [root] pid: 3
2026-03-25 06:11:16,177 INFO [root] leader: 3
2026-03-25 06:11:16,177 INFO [root] [3] Sending to 0: 28
2026-03-25 06:11:16,177 INFO [root] [3] Sending to 1: 29
2026-03-25 06:11:16,177 INFO [root] [3] Sending to 2: 30
2026-03-25 06:11:16,177 INFO [root] [3] Sending to 3: 31
2026-03-25 06:11:16,177 INFO [root] [3] Starting AVID disperse
2026-03-25 06:11:16,179 INFO [root] [3] Dispersed VAL message to committee
my_send_id: 27 exec_time: 8.313181400299072
2026-03-25 06:11:25,885 INFO [root] [3] Bytes Sent: TR6:588622 which is 48.514%
2026-03-25 06:11:25,885 INFO [root] [3] Bytes Sent: TR7:624692 which is 51.486%
2026-03-25 06:11:25,885 INFO [root] [3] Total bytes sent out aa: 1213314
2026-03-25 06:11:25,886 INFO [benchmark_logger] Total bytes sent out: 1213314
2026-03-25 06:11:25,894 ERROR [asyncio] Task was destroyed but it is pending!
task: <Task pending name='Task-35' coro=<subscribe_recv.<locals>._recv_loop() running at /opt/dumbo-mpc/dumbo-mpc/AsyRanTriGen/beaver/utils/misc.py:89> wait_for=<Future pending cb=[<TaskWakeupMethWrapper object at 0x7f3d274cf7c0>()]>>
Exception ignored in: <coroutine object subscribe_recv.<locals>._recv_loop at 0x7f3d274c17c0>
Traceback (most recent call last):
  File "/opt/dumbo-mpc/dumbo-mpc/AsyRanTriGen/beaver/utils/misc.py", line 89, in _recv_loop
    j, (tag, o) = await recv()
  File "/usr/lib/python3.8/asyncio/queues.py", line 165, in get
    getter.cancel()  # Just in case getter is not done yet.
  File "uvloop/loop.pyx", line 1281, in uvloop.loop.Loop.call_soon
  File "uvloop/loop.pyx", line 669, in uvloop.loop.Loop._call_soon
  File "uvloop/loop.pyx", line 678, in uvloop.loop.Loop._call_soon_handle
  File "uvloop/loop.pyx", line 673, in uvloop.loop.Loop._append_ready_handle
  File "uvloop/loop.pyx", line 705, in uvloop.loop.Loop._check_closed
RuntimeError: Event loop is closed
2026-03-25 06:11:25,895 ERROR [asyncio] Task was destroyed but it is pending!
task: <Task pending name='Task-55' coro=<rbc_dyn() running at /opt/dumbo-mpc/dumbo-mpc/AsyRanTriGen/beaver/broadcast/reliablebroadcast.py:411> wait_for=<Future cancelled>>
Exception ignored in: <coroutine object rbc_dyn at 0x7f3d274db9c0>
Traceback (most recent call last):
  File "/opt/dumbo-mpc/dumbo-mpc/AsyRanTriGen/beaver/broadcast/reliablebroadcast.py", line 411, in rbc_dyn
    sender, msg = await receive()
  File "/usr/lib/python3.8/asyncio/queues.py", line 165, in get
    getter.cancel()  # Just in case getter is not done yet.
  File "uvloop/loop.pyx", line 1281, in uvloop.loop.Loop.call_soon
  File "uvloop/loop.pyx", line 669, in uvloop.loop.Loop._call_soon
  File "uvloop/loop.pyx", line 678, in uvloop.loop.Loop._call_soon_handle
  File "uvloop/loop.pyx", line 673, in uvloop.loop.Loop._append_ready_handle
  File "uvloop/loop.pyx", line 705, in uvloop.loop.Loop._check_closed
RuntimeError: Event loop is closed
2026-03-25 06:11:25,895 ERROR [asyncio] Task was destroyed but it is pending!
task: <Task pending name='Task-57' coro=<AVID_DYNAMIC.disperse() running at /opt/dumbo-mpc/dumbo-mpc/AsyRanTriGen/beaver/broadcast/avid.py:461> wait_for=<Future cancelled>>
Exception ignored in: <coroutine object AVID_DYNAMIC.disperse at 0x7f3d0ff84bc0>
Traceback (most recent call last):
  File "/opt/dumbo-mpc/dumbo-mpc/AsyRanTriGen/beaver/broadcast/avid.py", line 461, in disperse
    sender, msg = await self.recv()
  File "/usr/lib/python3.8/asyncio/queues.py", line 165, in get
    getter.cancel()  # Just in case getter is not done yet.
  File "uvloop/loop.pyx", line 1281, in uvloop.loop.Loop.call_soon
  File "uvloop/loop.pyx", line 669, in uvloop.loop.Loop._call_soon
  File "uvloop/loop.pyx", line 678, in uvloop.loop.Loop._call_soon_handle
  File "uvloop/loop.pyx", line 673, in uvloop.loop.Loop._append_ready_handle
  File "uvloop/loop.pyx", line 705, in uvloop.loop.Loop._check_closed
RuntimeError: Event loop is closed
2026-03-25 06:11:25,896 ERROR [asyncio] Task was destroyed but it is pending!
task: <Task pending name='Task-37' coro=<subscribe_recv.<locals>._recv_loop() running at /opt/dumbo-mpc/dumbo-mpc/AsyRanTriGen/beaver/utils/misc.py:89> wait_for=<Future cancelled>>
Exception ignored in: <coroutine object subscribe_recv.<locals>._recv_loop at 0x7f3d27448640>
Traceback (most recent call last):
  File "/opt/dumbo-mpc/dumbo-mpc/AsyRanTriGen/beaver/utils/misc.py", line 89, in _recv_loop
    j, (tag, o) = await recv()
ValueError: coroutine already executing
Exception ignored in: <coroutine object Queue.get at 0x7f3d274db6c0>
Traceback (most recent call last):
  File "/usr/lib/python3.8/asyncio/queues.py", line 165, in get
    getter.cancel()  # Just in case getter is not done yet.
  File "uvloop/loop.pyx", line 1281, in uvloop.loop.Loop.call_soon
  File "uvloop/loop.pyx", line 669, in uvloop.loop.Loop._call_soon
  File "uvloop/loop.pyx", line 678, in uvloop.loop.Loop._call_soon_handle
  File "uvloop/loop.pyx", line 673, in uvloop.loop.Loop._append_ready_handle
  File "uvloop/loop.pyx", line 705, in uvloop.loop.Loop._check_closed
RuntimeError: Event loop is closed
Exception ignored in: <coroutine object Queue.get at 0x7f3d274f7dc0>
Traceback (most recent call last):
  File "/usr/lib/python3.8/asyncio/queues.py", line 165, in get
    getter.cancel()  # Just in case getter is not done yet.
  File "uvloop/loop.pyx", line 1281, in uvloop.loop.Loop.call_soon
  File "uvloop/loop.pyx", line 669, in uvloop.loop.Loop._call_soon
  File "uvloop/loop.pyx", line 678, in uvloop.loop.Loop._call_soon_handle
  File "uvloop/loop.pyx", line 673, in uvloop.loop.Loop._append_ready_handle
  File "uvloop/loop.pyx", line 705, in uvloop.loop.Loop._check_closed
RuntimeError: Event loop is closed
2026-03-25 06:11:25,896 ERROR [asyncio] Task was destroyed but it is pending!
task: <Task pending name='Task-39' coro=<subscribe_recv.<locals>._recv_loop() running at /opt/dumbo-mpc/dumbo-mpc/AsyRanTriGen/beaver/utils/misc.py:89> wait_for=<Future pending cb=[<TaskWakeupMethWrapper object at 0x7f3d2758cf40>()]>>
2026-03-25 06:11:25,896 ERROR [asyncio] Task was destroyed but it is pending!
task: <Task pending name='Task-44' coro=<ACSS_Foll._recv_loop() running at /opt/dumbo-mpc/dumbo-mpc/AsyRanTriGen/beaver/hbacss.py:3710> wait_for=<Future pending cb=[<TaskWakeupMethWrapper object at 0x7f3d27585a00>()]>>
Exception ignored in: <coroutine object subscribe_recv.<locals>._recv_loop at 0x7f3d274d5b40>
Traceback (most recent call last):
  File "/opt/dumbo-mpc/dumbo-mpc/AsyRanTriGen/beaver/utils/misc.py", line 89, in _recv_loop
    j, (tag, o) = await recv()
  File "/usr/lib/python3.8/asyncio/queues.py", line 165, in get
    getter.cancel()  # Just in case getter is not done yet.
  File "uvloop/loop.pyx", line 1281, in uvloop.loop.Loop.call_soon
  File "uvloop/loop.pyx", line 669, in uvloop.loop.Loop._call_soon
  File "uvloop/loop.pyx", line 678, in uvloop.loop.Loop._call_soon_handle
  File "uvloop/loop.pyx", line 673, in uvloop.loop.Loop._append_ready_handle
  File "uvloop/loop.pyx", line 705, in uvloop.loop.Loop._check_closed
RuntimeError: Event loop is closed
Exception ignored in: <coroutine object ACSS_Foll._recv_loop at 0x7f3d274485c0>
Traceback (most recent call last):
  File "/opt/dumbo-mpc/dumbo-mpc/AsyRanTriGen/beaver/hbacss.py", line 3710, in _recv_loop
    await avid.disperse(tag, self.my_id+1, dispersal_msg_list)
  File "/opt/dumbo-mpc/dumbo-mpc/AsyRanTriGen/beaver/broadcast/avid.py", line 461, in disperse
    sender, msg = await self.recv()
  File "/usr/lib/python3.8/asyncio/queues.py", line 165, in get
    getter.cancel()  # Just in case getter is not done yet.
  File "uvloop/loop.pyx", line 1281, in uvloop.loop.Loop.call_soon
  File "uvloop/loop.pyx", line 669, in uvloop.loop.Loop._call_soon
  File "uvloop/loop.pyx", line 678, in uvloop.loop.Loop._call_soon_handle
  File "uvloop/loop.pyx", line 673, in uvloop.loop.Loop._append_ready_handle
  File "uvloop/loop.pyx", line 705, in uvloop.loop.Loop._check_closed
RuntimeError: Event loop is closed
2026-03-25 06:11:25,898 ERROR [asyncio] Task was destroyed but it is pending!
task: <Task pending name='Task-47' coro=<ACSS_Foll._recv_loop() running at /opt/dumbo-mpc/dumbo-mpc/AsyRanTriGen/beaver/hbacss.py:3710> wait_for=<Future pending cb=[<TaskWakeupMethWrapper object at 0x7f3d274cf6a0>()]>>
2026-03-25 06:11:25,898 ERROR [asyncio] Task was destroyed but it is pending!
task: <Task pending name='Task-48' coro=<subscribe_recv.<locals>._recv_loop() running at /opt/dumbo-mpc/dumbo-mpc/AsyRanTriGen/beaver/utils/misc.py:89> wait_for=<Future cancelled>>
Exception ignored in: <coroutine object ACSS_Foll._recv_loop at 0x7f3d274db440>
Traceback (most recent call last):
  File "/opt/dumbo-mpc/dumbo-mpc/AsyRanTriGen/beaver/hbacss.py", line 3710, in _recv_loop
    await avid.disperse(tag, self.my_id+1, dispersal_msg_list)
  File "/opt/dumbo-mpc/dumbo-mpc/AsyRanTriGen/beaver/broadcast/avid.py", line 461, in disperse
    sender, msg = await self.recv()
  File "/usr/lib/python3.8/asyncio/queues.py", line 165, in get
    getter.cancel()  # Just in case getter is not done yet.
  File "uvloop/loop.pyx", line 1281, in uvloop.loop.Loop.call_soon
  File "uvloop/loop.pyx", line 669, in uvloop.loop.Loop._call_soon
  File "uvloop/loop.pyx", line 678, in uvloop.loop.Loop._call_soon_handle
  File "uvloop/loop.pyx", line 673, in uvloop.loop.Loop._append_ready_handle
  File "uvloop/loop.pyx", line 705, in uvloop.loop.Loop._check_closed
RuntimeError: Event loop is closed
2026-03-25 06:11:25,900 ERROR [asyncio] Task was destroyed but it is pending!
task: <Task pending name='Task-45' coro=<ACSS_Foll._recv_loop() running at /opt/dumbo-mpc/dumbo-mpc/AsyRanTriGen/beaver/hbacss.py:3710> wait_for=<Future pending cb=[<TaskWakeupMethWrapper object at 0x7f3d275a30a0>()]>>
2026-03-25 06:11:25,900 ERROR [asyncio] Task was destroyed but it is pending!
task: <Task pending name='Task-46' coro=<ACSS_Foll._recv_loop() running at /opt/dumbo-mpc/dumbo-mpc/AsyRanTriGen/beaver/hbacss.py:3710> wait_for=<Future pending cb=[<TaskWakeupMethWrapper object at 0x7f3d274cfc10>()]>>
Exception ignored in: <coroutine object ACSS_Foll._recv_loop at 0x7f3d274d5ec0>
Traceback (most recent call last):
  File "/opt/dumbo-mpc/dumbo-mpc/AsyRanTriGen/beaver/hbacss.py", line 3710, in _recv_loop
    await avid.disperse(tag, self.my_id+1, dispersal_msg_list)
  File "/opt/dumbo-mpc/dumbo-mpc/AsyRanTriGen/beaver/broadcast/avid.py", line 461, in disperse
    sender, msg = await self.recv()
  File "/usr/lib/python3.8/asyncio/queues.py", line 165, in get
    getter.cancel()  # Just in case getter is not done yet.
  File "uvloop/loop.pyx", line 1281, in uvloop.loop.Loop.call_soon
  File "uvloop/loop.pyx", line 669, in uvloop.loop.Loop._call_soon
  File "uvloop/loop.pyx", line 678, in uvloop.loop.Loop._call_soon_handle
  File "uvloop/loop.pyx", line 673, in uvloop.loop.Loop._append_ready_handle
  File "uvloop/loop.pyx", line 705, in uvloop.loop.Loop._check_closed
RuntimeError: Event loop is closed
Exception ignored in: <coroutine object ACSS_Foll._recv_loop at 0x7f3d274f7f40>
Traceback (most recent call last):
  File "/opt/dumbo-mpc/dumbo-mpc/AsyRanTriGen/beaver/hbacss.py", line 3710, in _recv_loop
    await avid.disperse(tag, self.my_id+1, dispersal_msg_list)
  File "/opt/dumbo-mpc/dumbo-mpc/AsyRanTriGen/beaver/broadcast/avid.py", line 461, in disperse
    sender, msg = await self.recv()
  File "/usr/lib/python3.8/asyncio/queues.py", line 165, in get
    getter.cancel()  # Just in case getter is not done yet.
  File "uvloop/loop.pyx", line 1281, in uvloop.loop.Loop.call_soon
  File "uvloop/loop.pyx", line 669, in uvloop.loop.Loop._call_soon
  File "uvloop/loop.pyx", line 678, in uvloop.loop.Loop._call_soon_handle
  File "uvloop/loop.pyx", line 673, in uvloop.loop.Loop._append_ready_handle
  File "uvloop/loop.pyx", line 705, in uvloop.loop.Loop._check_closed
RuntimeError: Event loop is closed
2026-03-25 06:11:25,902 ERROR [asyncio] Task was destroyed but it is pending!
task: <Task pending name='Task-49' coro=<OptimalCommonSet.fallback_timer() running at /opt/dumbo-mpc/dumbo-mpc/AsyRanTriGen/beaver/broadcast/otmvba_dyn.py:71> wait_for=<Future pending cb=[<TaskWakeupMethWrapper object at 0x7f3d275a3040>()]>>
2026-03-25 06:11:25,902 ERROR [asyncio] Task was destroyed but it is pending!
task: <Task pending name='Task-50' coro=<subscribe_recv.<locals>._recv_loop() running at /opt/dumbo-mpc/dumbo-mpc/AsyRanTriGen/beaver/utils/misc.py:89> wait_for=<Future pending cb=[<TaskWakeupMethWrapper object at 0x7f3d274de580>()]>>
2026-03-25 06:11:25,902 ERROR [asyncio] Task was destroyed but it is pending!
task: <Task pending name='Task-53' coro=<subscribe_recv.<locals>._recv_loop() running at /opt/dumbo-mpc/dumbo-mpc/AsyRanTriGen/beaver/utils/misc.py:89> wait_for=<Future pending cb=[<TaskWakeupMethWrapper object at 0x7f3d27585ac0>()]>>
Exception ignored in: <coroutine object subscribe_recv.<locals>._recv_loop at 0x7f3d275a0440>
Traceback (most recent call last):
  File "/opt/dumbo-mpc/dumbo-mpc/AsyRanTriGen/beaver/utils/misc.py", line 89, in _recv_loop
    j, (tag, o) = await recv()
  File "/usr/lib/python3.8/asyncio/queues.py", line 165, in get
    getter.cancel()  # Just in case getter is not done yet.
  File "uvloop/loop.pyx", line 1281, in uvloop.loop.Loop.call_soon
  File "uvloop/loop.pyx", line 669, in uvloop.loop.Loop._call_soon
  File "uvloop/loop.pyx", line 678, in uvloop.loop.Loop._call_soon_handle
  File "uvloop/loop.pyx", line 673, in uvloop.loop.Loop._append_ready_handle
  File "uvloop/loop.pyx", line 705, in uvloop.loop.Loop._check_closed
RuntimeError: Event loop is closed
Exception ignored in: <coroutine object subscribe_recv.<locals>._recv_loop at 0x7f3d0ff81f40>
Traceback (most recent call last):
  File "/opt/dumbo-mpc/dumbo-mpc/AsyRanTriGen/beaver/utils/misc.py", line 89, in _recv_loop
    j, (tag, o) = await recv()
  File "/usr/lib/python3.8/asyncio/queues.py", line 165, in get
    getter.cancel()  # Just in case getter is not done yet.
  File "uvloop/loop.pyx", line 1281, in uvloop.loop.Loop.call_soon
  File "uvloop/loop.pyx", line 669, in uvloop.loop.Loop._call_soon
  File "uvloop/loop.pyx", line 678, in uvloop.loop.Loop._call_soon_handle
  File "uvloop/loop.pyx", line 673, in uvloop.loop.Loop._append_ready_handle
  File "uvloop/loop.pyx", line 705, in uvloop.loop.Loop._check_closed
RuntimeError: Event loop is closed
