Warning: Permanently added '124.221.25.126' (ECDSA) to the list of known hosts.
time="2026-03-25T14:21:06+08:00" level=warning msg="/root/Continuum/admpc/docker-compose.yml: the attribute `version` is obsolete, it will be ignored, please remove it to avoid potential confusion"
 Container admpc-htadkg_adkg-run-970dd68a7d97 Creating 
 Container admpc-htadkg_adkg-run-970dd68a7d97 Created 
2026-03-25 06:21:07,488:[admpc_dynamic_linear_run.py:77]:[INFO]: Running ADMPC ...
my_send_id: 17
2026-03-25 06:21:07,571:[admpc_dynamic_linear_run.py:58]:[INFO]: ADMPC start time: 1774419667.5715845
run_admpc layer_ID: 4, mode: linear, cm: 50, w: 100, total_cm: 300
layer ID: 4 trans_foll_time: 8.338577032089233
rand_foll run_rand: w=100, rounds=34
layer ID: 4 rand_foll_time: 0.7894728183746338
layer ID: 4 aprep_foll skipped (linear mode)
layer ID: 4 run_computation finished
layer ID: 4 exec_time: 0.00023436546325683594
layer ID: 4 rand_pre_time: 0.00011730194091796875
layer ID: 4 aprep_pre skipped (linear mode)
layer ID: 4 trans_pre_time: 0.00015282630920410156
layer ID: 4 layer_time: 9.128618478775024
my_send_id: 17 exec_time: 9.129331827163696
2026-03-25 06:22:06,701:[admpc_dynamic_linear_run.py:72]:[INFO]: [1] Bytes Sent: T:443241 which is 56.493%
2026-03-25 06:22:06,701:[admpc_dynamic_linear_run.py:72]:[INFO]: [1] Bytes Sent: G:341353 which is 43.507%
2026-03-25 06:22:06,701:[admpc_dynamic_linear_run.py:73]:[INFO]: [1] Total bytes sent out aa: 784594
2026-03-25 06:22:06,711:[(unknown file):0]:[ERROR]: Task was destroyed but it is pending!
task: <Task pending name='Task-35' coro=<subscribe_recv.<locals>._recv_loop() running at /usr/src/adkg/adkg/utils/misc.py:92> wait_for=<Future pending cb=[<TaskWakeupMethWrapper object at 0x7f5b9354b100>()]>>
2026-03-25 06:22:06,711:[(unknown file):0]:[ERROR]: Task was destroyed but it is pending!
task: <Task pending name='Task-36' coro=<subscribe_recv.<locals>._recv_loop() running at /usr/src/adkg/adkg/utils/misc.py:92> wait_for=<Future pending cb=[<TaskWakeupMethWrapper object at 0x7f5b9337ffa0>()]>>
Exception ignored in: <coroutine object subscribe_recv.<locals>._recv_loop at 0x7f5b9336fac0>
Traceback (most recent call last):
  File "/usr/src/adkg/adkg/utils/misc.py", line 92, in _recv_loop
    j, (tag, o) = await recv()
  File "/usr/lib/python3.8/asyncio/queues.py", line 165, in get
    getter.cancel()  # Just in case getter is not done yet.
  File "uvloop/loop.pyx", line 1281, in uvloop.loop.Loop.call_soon
  File "uvloop/loop.pyx", line 669, in uvloop.loop.Loop._call_soon
  File "uvloop/loop.pyx", line 678, in uvloop.loop.Loop._call_soon_handle
  File "uvloop/loop.pyx", line 673, in uvloop.loop.Loop._append_ready_handle
2026-03-25 06:22:06,712:[(unknown file):0]:[ERROR]: Task was destroyed but it is pending!
task: <Task pending name='Task-117' coro=<subscribe_recv.<locals>._recv_loop() running at /usr/src/adkg/adkg/utils/misc.py:92> wait_for=<Future pending cb=[<TaskWakeupMethWrapper object at 0x7f5b9354b9d0>()]>>
2026-03-25 06:22:06,712:[(unknown file):0]:[ERROR]: Task was destroyed but it is pending!
task: <Task pending name='Task-119' coro=<subscribe_recv.<locals>._recv_loop() running at /usr/src/adkg/adkg/utils/misc.py:92> wait_for=<Future pending cb=[<TaskWakeupMethWrapper object at 0x7f5b9354b400>()]>>
2026-03-25 06:22:06,712:[(unknown file):0]:[ERROR]: Task was destroyed but it is pending!
task: <Task pending name='Task-120' coro=<subscribe_recv.<locals>._recv_loop() running at /usr/src/adkg/adkg/utils/misc.py:92> wait_for=<Future pending cb=[<TaskWakeupMethWrapper object at 0x7f5b935f03a0>()]>>
2026-03-25 06:22:06,713:[(unknown file):0]:[ERROR]: Task was destroyed but it is pending!
task: <Task pending name='Task-38' coro=<subscribe_recv.<locals>._recv_loop() running at /usr/src/adkg/adkg/utils/misc.py:92> wait_for=<Future pending cb=[<TaskWakeupMethWrapper object at 0x7f5b93610ca0>()]>>
  File "uvloop/loop.pyx", line 705, in uvloop.loop.Loop._check_closed
RuntimeError: Event loop is closed
Exception ignored in: <coroutine object subscribe_recv.<locals>._recv_loop at 0x7f5b936b8940>
Traceback (most recent call last):
  File "/usr/src/adkg/adkg/utils/misc.py", line 92, in _recv_loop
    j, (tag, o) = await recv()
  File "/usr/lib/python3.8/asyncio/queues.py", line 165, in get
    getter.cancel()  # Just in case getter is not done yet.
  File "uvloop/loop.pyx", line 1281, in uvloop.loop.Loop.call_soon
  File "uvloop/loop.pyx", line 669, in uvloop.loop.Loop._call_soon
  File "uvloop/loop.pyx", line 678, in uvloop.loop.Loop._call_soon_handle
  File "uvloop/loop.pyx", line 673, in uvloop.loop.Loop._append_ready_handle
  File "uvloop/loop.pyx", line 705, in uvloop.loop.Loop._check_closed
RuntimeError: Event loop is closed
Exception ignored in: <coroutine object subscribe_recv.<locals>._recv_loop at 0x7f5b935ccf40>
Traceback (most recent call last):
  File "/usr/src/adkg/adkg/utils/misc.py", line 92, in _recv_loop
    j, (tag, o) = await recv()
  File "/usr/lib/python3.8/asyncio/queues.py", line 165, in get
    getter.cancel()  # Just in case getter is not done yet.
  File "uvloop/loop.pyx", line 1281, in uvloop.loop.Loop.call_soon
  File "uvloop/loop.pyx", line 669, in uvloop.loop.Loop._call_soon
  File "uvloop/loop.pyx", line 678, in uvloop.loop.Loop._call_soon_handle
  File "uvloop/loop.pyx", line 673, in uvloop.loop.Loop._append_ready_handle
  File "uvloop/loop.pyx", line 705, in uvloop.loop.Loop._check_closed
RuntimeError: Event loop is closed
Exception ignored in: <coroutine object subscribe_recv.<locals>._recv_loop at 0x7f5b933849c0>
Traceback (most recent call last):
  File "/usr/src/adkg/adkg/utils/misc.py", line 92, in _recv_loop
    j, (tag, o) = await recv()
  File "/usr/lib/python3.8/asyncio/queues.py", line 165, in get
    getter.cancel()  # Just in case getter is not done yet.
  File "uvloop/loop.pyx", line 1281, in uvloop.loop.Loop.call_soon
  File "uvloop/loop.pyx", line 669, in uvloop.loop.Loop._call_soon
  File "uvloop/loop.pyx", line 678, in uvloop.loop.Loop._call_soon_handle
  File "uvloop/loop.pyx", line 673, in uvloop.loop.Loop._append_ready_handle
  File "uvloop/loop.pyx", line 705, in uvloop.loop.Loop._check_closed
RuntimeError: Event loop is closed
Exception ignored in: <coroutine object subscribe_recv.<locals>._recv_loop at 0x7f5b935cc940>
Traceback (most recent call last):
  File "/usr/src/adkg/adkg/utils/misc.py", line 92, in _recv_loop
    j, (tag, o) = await recv()
  File "/usr/lib/python3.8/asyncio/queues.py", line 165, in get
    getter.cancel()  # Just in case getter is not done yet.
  File "uvloop/loop.pyx", line 1281, in uvloop.loop.Loop.call_soon
  File "uvloop/loop.pyx", line 669, in uvloop.loop.Loop._call_soon
  File "uvloop/loop.pyx", line 678, in uvloop.loop.Loop._call_soon_handle
  File "uvloop/loop.pyx", line 673, in uvloop.loop.Loop._append_ready_handle
  File "uvloop/loop.pyx", line 705, in uvloop.loop.Loop._check_closed
RuntimeError: Event loop is closed
2026-03-25 06:22:06,713:[(unknown file):0]:[ERROR]: Task was destroyed but it is pending!
task: <Task pending name='Task-78' coro=<subscribe_recv.<locals>._recv_loop() running at /usr/src/adkg/adkg/utils/misc.py:92> wait_for=<Future pending cb=[<TaskWakeupMethWrapper object at 0x7f5b935f0160>()]>>
2026-03-25 06:22:06,713:[(unknown file):0]:[ERROR]: Task was destroyed but it is pending!
task: <Task pending name='Task-126' coro=<subscribe_recv.<locals>._recv_loop() running at /usr/src/adkg/adkg/utils/misc.py:92> wait_for=<Future pending cb=[<TaskWakeupMethWrapper object at 0x7f5b9354b190>()]>>
2026-03-25 06:22:06,714:[(unknown file):0]:[ERROR]: Task was destroyed but it is pending!
task: <Task pending name='Task-124' coro=<subscribe_recv.<locals>._recv_loop() running at /usr/src/adkg/adkg/utils/misc.py:92> wait_for=<Future pending cb=[<TaskWakeupMethWrapper object at 0x7f5b9354b130>()]>>
2026-03-25 06:22:06,715:[(unknown file):0]:[ERROR]: Task was destroyed but it is pending!
task: <Task pending name='Task-39' coro=<subscribe_recv.<locals>._recv_loop() running at /usr/src/adkg/adkg/utils/misc.py:92> wait_for=<Future pending cb=[<TaskWakeupMethWrapper object at 0x7f5b935cb7c0>()]>>
2026-03-25 06:22:06,715:[(unknown file):0]:[ERROR]: Task was destroyed but it is pending!
task: <Task pending name='Task-41' coro=<subscribe_recv.<locals>._recv_loop() running at /usr/src/adkg/adkg/utils/misc.py:92> wait_for=<Future pending cb=[<TaskWakeupMethWrapper object at 0x7f5b93610cd0>()]>>
2026-03-25 06:22:06,715:[(unknown file):0]:[ERROR]: Task was destroyed but it is pending!
task: <Task pending name='Task-43' coro=<subscribe_recv.<locals>._recv_loop() running at /usr/src/adkg/adkg/utils/misc.py:92> wait_for=<Future pending cb=[<TaskWakeupMethWrapper object at 0x7f5b935d0a30>()]>>
2026-03-25 06:22:06,715:[(unknown file):0]:[ERROR]: Task was destroyed but it is pending!
task: <Task pending name='Task-45' coro=<subscribe_recv.<locals>._recv_loop() running at /usr/src/adkg/adkg/utils/misc.py:92> wait_for=<Future pending cb=[<TaskWakeupMethWrapper object at 0x7f5b935d0b20>()]>>
2026-03-25 06:22:06,715:[(unknown file):0]:[ERROR]: Task was destroyed but it is pending!
task: <Task pending name='Task-47' coro=<subscribe_recv.<locals>._recv_loop() running at /usr/src/adkg/adkg/utils/misc.py:92> wait_for=<Future pending cb=[<TaskWakeupMethWrapper object at 0x7f5b9337ff10>()]>>
2026-03-25 06:22:06,715:[(unknown file):0]:[ERROR]: Task was destroyed but it is pending!
task: <Task pending name='Task-86' coro=<subscribe_recv.<locals>._recv_loop() running at /usr/src/adkg/adkg/utils/misc.py:92> wait_for=<Future pending cb=[<TaskWakeupMethWrapper object at 0x7f5b93563e20>()]>>
2026-03-25 06:22:06,715:[(unknown file):0]:[ERROR]: Task was destroyed but it is pending!
task: <Task pending name='Task-82' coro=<subscribe_recv.<locals>._recv_loop() running at /usr/src/adkg/adkg/utils/misc.py:92> wait_for=<Future pending cb=[<TaskWakeupMethWrapper object at 0x7f5b935f25e0>()]>>
2026-03-25 06:22:06,715:[(unknown file):0]:[ERROR]: Task was destroyed but it is pending!
task: <Task pending name='Task-80' coro=<subscribe_recv.<locals>._recv_loop() running at /usr/src/adkg/adkg/utils/misc.py:92> wait_for=<Future pending cb=[<TaskWakeupMethWrapper object at 0x7f5b93552430>()]>>
2026-03-25 06:22:06,715:[(unknown file):0]:[ERROR]: Task was destroyed but it is pending!
task: <Task pending name='Task-84' coro=<subscribe_recv.<locals>._recv_loop() running at /usr/src/adkg/adkg/utils/misc.py:92> wait_for=<Future pending cb=[<TaskWakeupMethWrapper object at 0x7f5b935524f0>()]>>
Exception ignored in: <coroutine object subscribe_recv.<locals>._recv_loop at 0x7f5b9336fb40>
Traceback (most recent call last):
  File "/usr/src/adkg/adkg/utils/misc.py", line 92, in _recv_loop
    j, (tag, o) = await recv()
  File "/usr/lib/python3.8/asyncio/queues.py", line 165, in get
    getter.cancel()  # Just in case getter is not done yet.
  File "uvloop/loop.pyx", line 1281, in uvloop.loop.Loop.call_soon
  File "uvloop/loop.pyx", line 669, in uvloop.loop.Loop._call_soon
  File "uvloop/loop.pyx", line 678, in uvloop.loop.Loop._call_soon_handle
  File "uvloop/loop.pyx", line 673, in uvloop.loop.Loop._append_ready_handle
  File "uvloop/loop.pyx", line 705, in uvloop.loop.Loop._check_closed
RuntimeError: Event loop is closed
Exception ignored in: <coroutine object subscribe_recv.<locals>._recv_loop at 0x7f5b935cc740>
Traceback (most recent call last):
  File "/usr/src/adkg/adkg/utils/misc.py", line 92, in _recv_loop
    j, (tag, o) = await recv()
  File "/usr/lib/python3.8/asyncio/queues.py", line 165, in get
    getter.cancel()  # Just in case getter is not done yet.
  File "uvloop/loop.pyx", line 1281, in uvloop.loop.Loop.call_soon
  File "uvloop/loop.pyx", line 669, in uvloop.loop.Loop._call_soon
  File "uvloop/loop.pyx", line 678, in uvloop.loop.Loop._call_soon_handle
  File "uvloop/loop.pyx", line 673, in uvloop.loop.Loop._append_ready_handle
  File "uvloop/loop.pyx", line 705, in uvloop.loop.Loop._check_closed
RuntimeError: Event loop is closed
Exception ignored in: <coroutine object subscribe_recv.<locals>._recv_loop at 0x7f5b935d7c40>
Traceback (most recent call last):
  File "/usr/src/adkg/adkg/utils/misc.py", line 92, in _recv_loop
    j, (tag, o) = await recv()
  File "/usr/lib/python3.8/asyncio/queues.py", line 165, in get
    getter.cancel()  # Just in case getter is not done yet.
  File "uvloop/loop.pyx", line 1281, in uvloop.loop.Loop.call_soon
  File "uvloop/loop.pyx", line 669, in uvloop.loop.Loop._call_soon
  File "uvloop/loop.pyx", line 678, in uvloop.loop.Loop._call_soon_handle
  File "uvloop/loop.pyx", line 673, in uvloop.loop.Loop._append_ready_handle
  File "uvloop/loop.pyx", line 705, in uvloop.loop.Loop._check_closed
RuntimeError: Event loop is closed
Exception ignored in: <coroutine object subscribe_recv.<locals>._recv_loop at 0x7f5b935cca40>
Traceback (most recent call last):
  File "/usr/src/adkg/adkg/utils/misc.py", line 92, in _recv_loop
    j, (tag, o) = await recv()
  File "/usr/lib/python3.8/asyncio/queues.py", line 165, in get
    getter.cancel()  # Just in case getter is not done yet.
  File "uvloop/loop.pyx", line 1281, in uvloop.loop.Loop.call_soon
  File "uvloop/loop.pyx", line 669, in uvloop.loop.Loop._call_soon
  File "uvloop/loop.pyx", line 678, in uvloop.loop.Loop._call_soon_handle
  File "uvloop/loop.pyx", line 673, in uvloop.loop.Loop._append_ready_handle
  File "uvloop/loop.pyx", line 705, in uvloop.loop.Loop._check_closed
RuntimeError: Event loop is closed
Exception ignored in: <coroutine object subscribe_recv.<locals>._recv_loop at 0x7f5b93386f40>
Traceback (most recent call last):
  File "/usr/src/adkg/adkg/utils/misc.py", line 92, in _recv_loop
    j, (tag, o) = await recv()
  File "/usr/lib/python3.8/asyncio/queues.py", line 165, in get
    getter.cancel()  # Just in case getter is not done yet.
  File "uvloop/loop.pyx", line 1281, in uvloop.loop.Loop.call_soon
  File "uvloop/loop.pyx", line 669, in uvloop.loop.Loop._call_soon
  File "uvloop/loop.pyx", line 678, in uvloop.loop.Loop._call_soon_handle
  File "uvloop/loop.pyx", line 673, in uvloop.loop.Loop._append_ready_handle
  File "uvloop/loop.pyx", line 705, in uvloop.loop.Loop._check_closed
RuntimeError: Event loop is closed
Exception ignored in: <coroutine object subscribe_recv.<locals>._recv_loop at 0x7f5b935cc4c0>
Traceback (most recent call last):
  File "/usr/src/adkg/adkg/utils/misc.py", line 92, in _recv_loop
    j, (tag, o) = await recv()
  File "/usr/lib/python3.8/asyncio/queues.py", line 165, in get
    getter.cancel()  # Just in case getter is not done yet.
  File "uvloop/loop.pyx", line 1281, in uvloop.loop.Loop.call_soon
  File "uvloop/loop.pyx", line 669, in uvloop.loop.Loop._call_soon
  File "uvloop/loop.pyx", line 678, in uvloop.loop.Loop._call_soon_handle
  File "uvloop/loop.pyx", line 673, in uvloop.loop.Loop._append_ready_handle
  File "uvloop/loop.pyx", line 705, in uvloop.loop.Loop._check_closed
RuntimeError: Event loop is closed
Exception ignored in: <coroutine object subscribe_recv.<locals>._recv_loop at 0x7f5b935cc5c0>
Traceback (most recent call last):
  File "/usr/src/adkg/adkg/utils/misc.py", line 92, in _recv_loop
    j, (tag, o) = await recv()
  File "/usr/lib/python3.8/asyncio/queues.py", line 165, in get
    getter.cancel()  # Just in case getter is not done yet.
  File "uvloop/loop.pyx", line 1281, in uvloop.loop.Loop.call_soon
  File "uvloop/loop.pyx", line 669, in uvloop.loop.Loop._call_soon
  File "uvloop/loop.pyx", line 678, in uvloop.loop.Loop._call_soon_handle
  File "uvloop/loop.pyx", line 673, in uvloop.loop.Loop._append_ready_handle
  File "uvloop/loop.pyx", line 705, in uvloop.loop.Loop._check_closed
RuntimeError: Event loop is closed
Exception ignored in: <coroutine object subscribe_recv.<locals>._recv_loop at 0x7f5b935cc6c0>
Traceback (most recent call last):
  File "/usr/src/adkg/adkg/utils/misc.py", line 92, in _recv_loop
    j, (tag, o) = await recv()
  File "/usr/lib/python3.8/asyncio/queues.py", line 165, in get
    getter.cancel()  # Just in case getter is not done yet.
  File "uvloop/loop.pyx", line 1281, in uvloop.loop.Loop.call_soon
  File "uvloop/loop.pyx", line 669, in uvloop.loop.Loop._call_soon
  File "uvloop/loop.pyx", line 678, in uvloop.loop.Loop._call_soon_handle
  File "uvloop/loop.pyx", line 673, in uvloop.loop.Loop._append_ready_handle
  File "uvloop/loop.pyx", line 705, in uvloop.loop.Loop._check_closed
RuntimeError: Event loop is closed
Exception ignored in: <coroutine object subscribe_recv.<locals>._recv_loop at 0x7f5b935cc7c0>
Traceback (most recent call last):
  File "/usr/src/adkg/adkg/utils/misc.py", line 92, in _recv_loop
    j, (tag, o) = await recv()
  File "/usr/lib/python3.8/asyncio/queues.py", line 165, in get
    getter.cancel()  # Just in case getter is not done yet.
  File "uvloop/loop.pyx", line 1281, in uvloop.loop.Loop.call_soon
  File "uvloop/loop.pyx", line 669, in uvloop.loop.Loop._call_soon
  File "uvloop/loop.pyx", line 678, in uvloop.loop.Loop._call_soon_handle
  File "uvloop/loop.pyx", line 673, in uvloop.loop.Loop._append_ready_handle
  File "uvloop/loop.pyx", line 705, in uvloop.loop.Loop._check_closed
RuntimeError: Event loop is closed
Exception ignored in: <coroutine object subscribe_recv.<locals>._recv_loop at 0x7f5b935d7240>
Traceback (most recent call last):
  File "/usr/src/adkg/adkg/utils/misc.py", line 92, in _recv_loop
    j, (tag, o) = await recv()
  File "/usr/lib/python3.8/asyncio/queues.py", line 165, in get
    getter.cancel()  # Just in case getter is not done yet.
  File "uvloop/loop.pyx", line 1281, in uvloop.loop.Loop.call_soon
  File "uvloop/loop.pyx", line 669, in uvloop.loop.Loop._call_soon
  File "uvloop/loop.pyx", line 678, in uvloop.loop.Loop._call_soon_handle
  File "uvloop/loop.pyx", line 673, in uvloop.loop.Loop._append_ready_handle
  File "uvloop/loop.pyx", line 705, in uvloop.loop.Loop._check_closed
RuntimeError: Event loop is closed
Exception ignored in: <coroutine object subscribe_recv.<locals>._recv_loop at 0x7f5b93384ac0>
Traceback (most recent call last):
  File "/usr/src/adkg/adkg/utils/misc.py", line 92, in _recv_loop
    j, (tag, o) = await recv()
  File "/usr/lib/python3.8/asyncio/queues.py", line 165, in get
    getter.cancel()  # Just in case getter is not done yet.
  File "uvloop/loop.pyx", line 1281, in uvloop.loop.Loop.call_soon
  File "uvloop/loop.pyx", line 669, in uvloop.loop.Loop._call_soon
  File "uvloop/loop.pyx", line 678, in uvloop.loop.Loop._call_soon_handle
  File "uvloop/loop.pyx", line 673, in uvloop.loop.Loop._append_ready_handle
  File "uvloop/loop.pyx", line 705, in uvloop.loop.Loop._check_closed
RuntimeError: Event loop is closed
Exception ignored in: <coroutine object subscribe_recv.<locals>._recv_loop at 0x7f5b935cccc0>
Traceback (most recent call last):
  File "/usr/src/adkg/adkg/utils/misc.py", line 92, in _recv_loop
    j, (tag, o) = await recv()
  File "/usr/lib/python3.8/asyncio/queues.py", line 165, in get
    getter.cancel()  # Just in case getter is not done yet.
  File "uvloop/loop.pyx", line 1281, in uvloop.loop.Loop.call_soon
  File "uvloop/loop.pyx", line 669, in uvloop.loop.Loop._call_soon
  File "uvloop/loop.pyx", line 678, in uvloop.loop.Loop._call_soon_handle
  File "uvloop/loop.pyx", line 673, in uvloop.loop.Loop._append_ready_handle
  File "uvloop/loop.pyx", line 705, in uvloop.loop.Loop._check_closed
RuntimeError: Event loop is closed
Exception ignored in: <coroutine object subscribe_recv.<locals>._recv_loop at 0x7f5b933848c0>
Traceback (most recent call last):
  File "/usr/src/adkg/adkg/utils/misc.py", line 92, in _recv_loop
    j, (tag, o) = await recv()
  File "/usr/lib/python3.8/asyncio/queues.py", line 165, in get
    getter.cancel()  # Just in case getter is not done yet.
  File "uvloop/loop.pyx", line 1281, in uvloop.loop.Loop.call_soon
  File "uvloop/loop.pyx", line 669, in uvloop.loop.Loop._call_soon
  File "uvloop/loop.pyx", line 678, in uvloop.loop.Loop._call_soon_handle
  File "uvloop/loop.pyx", line 673, in uvloop.loop.Loop._append_ready_handle
  File "uvloop/loop.pyx", line 705, in uvloop.loop.Loop._check_closed
RuntimeError: Event loop is closed
