Warning: Permanently added '42.192.8.61' (ECDSA) to the list of known hosts.
time="2026-03-25T14:21:06+08:00" level=warning msg="/root/Continuum/admpc/docker-compose.yml: the attribute `version` is obsolete, it will be ignored, please remove it to avoid potential confusion"
 Container admpc-htadkg_adkg-run-90c3292deaea Creating 
 Container admpc-htadkg_adkg-run-90c3292deaea Created 
2026-03-25 06:21:07,344:[admpc_dynamic_linear_run.py:77]:[INFO]: Running ADMPC ...
my_send_id: 10
2026-03-25 06:21:07,390:[admpc_dynamic_linear_run.py:58]:[INFO]: ADMPC start time: 1774419667.39025
run_admpc layer_ID: 2, mode: linear, cm: 50, w: 100, total_cm: 300
layer ID: 2 trans_foll_time: 3.521648406982422
rand_foll run_rand: w=100, rounds=34
layer ID: 2 rand_foll_time: 0.7865128517150879
layer ID: 2 aprep_foll skipped (linear mode)
layer ID: 2 run_computation finished
layer ID: 2 exec_time: 0.00022840499877929688
layer ID: 2 rand_pre_time: 0.0001506805419921875
layer ID: 2 aprep_pre skipped (linear mode)
layer ID: 2 trans_pre_time: 0.00015234947204589844
layer ID: 2 layer_time: 4.308759927749634
my_send_id: 10 exec_time: 4.3094964027404785
2026-03-25 06:22:01,701:[admpc_dynamic_linear_run.py:72]:[INFO]: [2] Bytes Sent: T:443241 which is 56.493%
2026-03-25 06:22:01,702:[admpc_dynamic_linear_run.py:72]:[INFO]: [2] Bytes Sent: G:341353 which is 43.507%
2026-03-25 06:22:01,702:[admpc_dynamic_linear_run.py:73]:[INFO]: [2] Total bytes sent out aa: 784594
2026-03-25 06:22:01,711:[(unknown file):0]:[ERROR]: Task was destroyed but it is pending!
task: <Task pending name='Task-35' coro=<subscribe_recv.<locals>._recv_loop() running at /usr/src/adkg/adkg/utils/misc.py:92> wait_for=<Future pending cb=[<TaskWakeupMethWrapper object at 0x7f9c15099580>()]>>
2026-03-25 06:22:01,712:[(unknown file):0]:[ERROR]: Task was destroyed but it is pending!
task: <Task pending name='Task-36' coro=<subscribe_recv.<locals>._recv_loop() running at /usr/src/adkg/adkg/utils/misc.py:92> wait_for=<Future pending cb=[<TaskWakeupMethWrapper object at 0x7f9c14ee9f70>()]>>
Exception ignored in: <coroutine object subscribe_recv.<locals>._recv_loop at 0x7f9c14eddac0>
Traceback (most recent call last):
  File "/usr/src/adkg/adkg/utils/misc.py", line 92, in _recv_loop
    j, (tag, o) = await recv()
  File "/usr/lib/python3.8/asyncio/queues.py", line 165, in get
    getter.cancel()  # Just in case getter is not done yet.
  File "uvloop/loop.pyx", line 1281, in uvloop.loop.Loop.call_soon
  File "uvloop/loop.pyx", line 669, in uvloop.loop.Loop._call_soon
  File "uvloop/loop.pyx", line 678, in uvloop.loop.Loop._call_soon_handle
  File "uvloop/loop.pyx", line 673, in uvloop.loop.Loop._append_ready_handle
  File "uvloop/loop.pyx", line 705, in uvloop.loop.Loop._check_closed
2026-03-25 06:22:01,712:[(unknown file):0]:[ERROR]: Task was destroyed but it is pending!
task: <Task pending name='Task-124' coro=<subscribe_recv.<locals>._recv_loop() running at /usr/src/adkg/adkg/utils/misc.py:92> wait_for=<Future pending cb=[<TaskWakeupMethWrapper object at 0x7f9c15099940>()]>>
2026-03-25 06:22:01,713:[(unknown file):0]:[ERROR]: Task was destroyed but it is pending!
task: <Task pending name='Task-38' coro=<subscribe_recv.<locals>._recv_loop() running at /usr/src/adkg/adkg/utils/misc.py:92> wait_for=<Future pending cb=[<TaskWakeupMethWrapper object at 0x7f9c14f3dc40>()]>>
2026-03-25 06:22:01,713:[(unknown file):0]:[ERROR]: Task was destroyed but it is pending!
task: <Task pending name='Task-78' coro=<subscribe_recv.<locals>._recv_loop() running at /usr/src/adkg/adkg/utils/misc.py:92> wait_for=<Future pending cb=[<TaskWakeupMethWrapper object at 0x7f9c15099af0>()]>>
2026-03-25 06:22:01,713:[(unknown file):0]:[ERROR]: Task was destroyed but it is pending!
task: <Task pending name='Task-117' coro=<subscribe_recv.<locals>._recv_loop() running at /usr/src/adkg/adkg/utils/misc.py:92> wait_for=<Future pending cb=[<TaskWakeupMethWrapper object at 0x7f9c15099bb0>()]>>
2026-03-25 06:22:01,713:[(unknown file):0]:[ERROR]: Task was destroyed but it is pending!
task: <Task pending name='Task-119' coro=<subscribe_recv.<locals>._recv_loop() running at /usr/src/adkg/adkg/utils/misc.py:92> wait_for=<Future pending cb=[<TaskWakeupMethWrapper object at 0x7f9c15099d00>()]>>
RuntimeError: Event loop is closed
Exception ignored in: <coroutine object subscribe_recv.<locals>._recv_loop at 0x7f9c15265940>
Traceback (most recent call last):
  File "/usr/src/adkg/adkg/utils/misc.py", line 92, in _recv_loop
    j, (tag, o) = await recv()
  File "/usr/lib/python3.8/asyncio/queues.py", line 165, in get
    getter.cancel()  # Just in case getter is not done yet.
  File "uvloop/loop.pyx", line 1281, in uvloop.loop.Loop.call_soon
  File "uvloop/loop.pyx", line 669, in uvloop.loop.Loop._call_soon
  File "uvloop/loop.pyx", line 678, in uvloop.loop.Loop._call_soon_handle
  File "uvloop/loop.pyx", line 673, in uvloop.loop.Loop._append_ready_handle
  File "uvloop/loop.pyx", line 705, in uvloop.loop.Loop._check_closed
RuntimeError: Event loop is closed
Exception ignored in: <coroutine object subscribe_recv.<locals>._recv_loop at 0x7f9c150f1e40>
Traceback (most recent call last):
  File "/usr/src/adkg/adkg/utils/misc.py", line 92, in _recv_loop
    j, (tag, o) = await recv()
  File "/usr/lib/python3.8/asyncio/queues.py", line 165, in get
    getter.cancel()  # Just in case getter is not done yet.
  File "uvloop/loop.pyx", line 1281, in uvloop.loop.Loop.call_soon
  File "uvloop/loop.pyx", line 669, in uvloop.loop.Loop._call_soon
  File "uvloop/loop.pyx", line 678, in uvloop.loop.Loop._call_soon_handle
  File "uvloop/loop.pyx", line 673, in uvloop.loop.Loop._append_ready_handle
  File "uvloop/loop.pyx", line 705, in uvloop.loop.Loop._check_closed
RuntimeError: Event loop is closed
Exception ignored in: <coroutine object subscribe_recv.<locals>._recv_loop at 0x7f9c14eddb40>
Traceback (most recent call last):
  File "/usr/src/adkg/adkg/utils/misc.py", line 92, in _recv_loop
    j, (tag, o) = await recv()
  File "/usr/lib/python3.8/asyncio/queues.py", line 165, in get
    getter.cancel()  # Just in case getter is not done yet.
  File "uvloop/loop.pyx", line 1281, in uvloop.loop.Loop.call_soon
  File "uvloop/loop.pyx", line 669, in uvloop.loop.Loop._call_soon
  File "uvloop/loop.pyx", line 678, in uvloop.loop.Loop._call_soon_handle
  File "uvloop/loop.pyx", line 673, in uvloop.loop.Loop._append_ready_handle
  File "uvloop/loop.pyx", line 705, in uvloop.loop.Loop._check_closed
RuntimeError: Event loop is closed
Exception ignored in: <coroutine object subscribe_recv.<locals>._recv_loop at 0x7f9c14f38ac0>
Traceback (most recent call last):
  File "/usr/src/adkg/adkg/utils/misc.py", line 92, in _recv_loop
    j, (tag, o) = await recv()
  File "/usr/lib/python3.8/asyncio/queues.py", line 165, in get
    getter.cancel()  # Just in case getter is not done yet.
  File "uvloop/loop.pyx", line 1281, in uvloop.loop.Loop.call_soon
  File "uvloop/loop.pyx", line 669, in uvloop.loop.Loop._call_soon
  File "uvloop/loop.pyx", line 678, in uvloop.loop.Loop._call_soon_handle
2026-03-25 06:22:01,715:[(unknown file):0]:[ERROR]: Task was destroyed but it is pending!
task: <Task pending name='Task-126' coro=<subscribe_recv.<locals>._recv_loop() running at /usr/src/adkg/adkg/utils/misc.py:92> wait_for=<Future pending cb=[<TaskWakeupMethWrapper object at 0x7f9c15099b50>()]>>
2026-03-25 06:22:01,715:[(unknown file):0]:[ERROR]: Task was destroyed but it is pending!
task: <Task pending name='Task-39' coro=<subscribe_recv.<locals>._recv_loop() running at /usr/src/adkg/adkg/utils/misc.py:92> wait_for=<Future pending cb=[<TaskWakeupMethWrapper object at 0x7f9c14ef47c0>()]>>
2026-03-25 06:22:01,715:[(unknown file):0]:[ERROR]: Task was destroyed but it is pending!
task: <Task pending name='Task-41' coro=<subscribe_recv.<locals>._recv_loop() running at /usr/src/adkg/adkg/utils/misc.py:92> wait_for=<Future pending cb=[<TaskWakeupMethWrapper object at 0x7f9c14f3de80>()]>>
2026-03-25 06:22:01,715:[(unknown file):0]:[ERROR]: Task was destroyed but it is pending!
task: <Task pending name='Task-43' coro=<subscribe_recv.<locals>._recv_loop() running at /usr/src/adkg/adkg/utils/misc.py:92> wait_for=<Future pending cb=[<TaskWakeupMethWrapper object at 0x7f9c151f8df0>()]>>
2026-03-25 06:22:01,715:[(unknown file):0]:[ERROR]: Task was destroyed but it is pending!
task: <Task pending name='Task-45' coro=<subscribe_recv.<locals>._recv_loop() running at /usr/src/adkg/adkg/utils/misc.py:92> wait_for=<Future pending cb=[<TaskWakeupMethWrapper object at 0x7f9c14f65e80>()]>>
2026-03-25 06:22:01,715:[(unknown file):0]:[ERROR]: Task was destroyed but it is pending!
task: <Task pending name='Task-47' coro=<subscribe_recv.<locals>._recv_loop() running at /usr/src/adkg/adkg/utils/misc.py:92> wait_for=<Future pending cb=[<TaskWakeupMethWrapper object at 0x7f9c14ee99d0>()]>>
2026-03-25 06:22:01,715:[(unknown file):0]:[ERROR]: Task was destroyed but it is pending!
task: <Task pending name='Task-80' coro=<subscribe_recv.<locals>._recv_loop() running at /usr/src/adkg/adkg/utils/misc.py:92> wait_for=<Future pending cb=[<TaskWakeupMethWrapper object at 0x7f9c15099df0>()]>>
2026-03-25 06:22:01,716:[(unknown file):0]:[ERROR]: Task was destroyed but it is pending!
task: <Task pending name='Task-86' coro=<subscribe_recv.<locals>._recv_loop() running at /usr/src/adkg/adkg/utils/misc.py:92> wait_for=<Future pending cb=[<TaskWakeupMethWrapper object at 0x7f9c151e5c70>()]>>
2026-03-25 06:22:01,716:[(unknown file):0]:[ERROR]: Task was destroyed but it is pending!
task: <Task pending name='Task-82' coro=<subscribe_recv.<locals>._recv_loop() running at /usr/src/adkg/adkg/utils/misc.py:92> wait_for=<Future pending cb=[<TaskWakeupMethWrapper object at 0x7f9c15099730>()]>>
2026-03-25 06:22:01,716:[(unknown file):0]:[ERROR]: Task was destroyed but it is pending!
task: <Task pending name='Task-84' coro=<subscribe_recv.<locals>._recv_loop() running at /usr/src/adkg/adkg/utils/misc.py:92> wait_for=<Future pending cb=[<TaskWakeupMethWrapper object at 0x7f9c150bd4c0>()]>>
2026-03-25 06:22:01,716:[(unknown file):0]:[ERROR]: Task was destroyed but it is pending!
task: <Task pending name='Task-120' coro=<subscribe_recv.<locals>._recv_loop() running at /usr/src/adkg/adkg/utils/misc.py:92> wait_for=<Future pending cb=[<TaskWakeupMethWrapper object at 0x7f9c14ef4580>()]>>
  File "uvloop/loop.pyx", line 673, in uvloop.loop.Loop._append_ready_handle
  File "uvloop/loop.pyx", line 705, in uvloop.loop.Loop._check_closed
RuntimeError: Event loop is closed
Exception ignored in: <coroutine object subscribe_recv.<locals>._recv_loop at 0x7f9c14eed440>
Traceback (most recent call last):
  File "/usr/src/adkg/adkg/utils/misc.py", line 92, in _recv_loop
    j, (tag, o) = await recv()
  File "/usr/lib/python3.8/asyncio/queues.py", line 165, in get
    getter.cancel()  # Just in case getter is not done yet.
  File "uvloop/loop.pyx", line 1281, in uvloop.loop.Loop.call_soon
  File "uvloop/loop.pyx", line 669, in uvloop.loop.Loop._call_soon
  File "uvloop/loop.pyx", line 678, in uvloop.loop.Loop._call_soon_handle
  File "uvloop/loop.pyx", line 673, in uvloop.loop.Loop._append_ready_handle
  File "uvloop/loop.pyx", line 705, in uvloop.loop.Loop._check_closed
RuntimeError: Event loop is closed
Exception ignored in: <coroutine object subscribe_recv.<locals>._recv_loop at 0x7f9c14f38bc0>
Traceback (most recent call last):
  File "/usr/src/adkg/adkg/utils/misc.py", line 92, in _recv_loop
    j, (tag, o) = await recv()
  File "/usr/lib/python3.8/asyncio/queues.py", line 165, in get
    getter.cancel()  # Just in case getter is not done yet.
  File "uvloop/loop.pyx", line 1281, in uvloop.loop.Loop.call_soon
  File "uvloop/loop.pyx", line 669, in uvloop.loop.Loop._call_soon
  File "uvloop/loop.pyx", line 678, in uvloop.loop.Loop._call_soon_handle
  File "uvloop/loop.pyx", line 673, in uvloop.loop.Loop._append_ready_handle
  File "uvloop/loop.pyx", line 705, in uvloop.loop.Loop._check_closed
RuntimeError: Event loop is closed
Exception ignored in: <coroutine object subscribe_recv.<locals>._recv_loop at 0x7f9c150f1340>
Traceback (most recent call last):
  File "/usr/src/adkg/adkg/utils/misc.py", line 92, in _recv_loop
    j, (tag, o) = await recv()
  File "/usr/lib/python3.8/asyncio/queues.py", line 165, in get
    getter.cancel()  # Just in case getter is not done yet.
  File "uvloop/loop.pyx", line 1281, in uvloop.loop.Loop.call_soon
  File "uvloop/loop.pyx", line 669, in uvloop.loop.Loop._call_soon
  File "uvloop/loop.pyx", line 678, in uvloop.loop.Loop._call_soon_handle
  File "uvloop/loop.pyx", line 673, in uvloop.loop.Loop._append_ready_handle
  File "uvloop/loop.pyx", line 705, in uvloop.loop.Loop._check_closed
RuntimeError: Event loop is closed
Exception ignored in: <coroutine object subscribe_recv.<locals>._recv_loop at 0x7f9c14ef0f40>
Traceback (most recent call last):
  File "/usr/src/adkg/adkg/utils/misc.py", line 92, in _recv_loop
    j, (tag, o) = await recv()
  File "/usr/lib/python3.8/asyncio/queues.py", line 165, in get
    getter.cancel()  # Just in case getter is not done yet.
  File "uvloop/loop.pyx", line 1281, in uvloop.loop.Loop.call_soon
  File "uvloop/loop.pyx", line 669, in uvloop.loop.Loop._call_soon
  File "uvloop/loop.pyx", line 678, in uvloop.loop.Loop._call_soon_handle
  File "uvloop/loop.pyx", line 673, in uvloop.loop.Loop._append_ready_handle
  File "uvloop/loop.pyx", line 705, in uvloop.loop.Loop._check_closed
RuntimeError: Event loop is closed
Exception ignored in: <coroutine object subscribe_recv.<locals>._recv_loop at 0x7f9c14f384c0>
Traceback (most recent call last):
  File "/usr/src/adkg/adkg/utils/misc.py", line 92, in _recv_loop
    j, (tag, o) = await recv()
  File "/usr/lib/python3.8/asyncio/queues.py", line 165, in get
    getter.cancel()  # Just in case getter is not done yet.
  File "uvloop/loop.pyx", line 1281, in uvloop.loop.Loop.call_soon
  File "uvloop/loop.pyx", line 669, in uvloop.loop.Loop._call_soon
  File "uvloop/loop.pyx", line 678, in uvloop.loop.Loop._call_soon_handle
  File "uvloop/loop.pyx", line 673, in uvloop.loop.Loop._append_ready_handle
  File "uvloop/loop.pyx", line 705, in uvloop.loop.Loop._check_closed
RuntimeError: Event loop is closed
Exception ignored in: <coroutine object subscribe_recv.<locals>._recv_loop at 0x7f9c14f385c0>
Traceback (most recent call last):
  File "/usr/src/adkg/adkg/utils/misc.py", line 92, in _recv_loop
    j, (tag, o) = await recv()
  File "/usr/lib/python3.8/asyncio/queues.py", line 165, in get
    getter.cancel()  # Just in case getter is not done yet.
  File "uvloop/loop.pyx", line 1281, in uvloop.loop.Loop.call_soon
  File "uvloop/loop.pyx", line 669, in uvloop.loop.Loop._call_soon
  File "uvloop/loop.pyx", line 678, in uvloop.loop.Loop._call_soon_handle
  File "uvloop/loop.pyx", line 673, in uvloop.loop.Loop._append_ready_handle
  File "uvloop/loop.pyx", line 705, in uvloop.loop.Loop._check_closed
RuntimeError: Event loop is closed
Exception ignored in: <coroutine object subscribe_recv.<locals>._recv_loop at 0x7f9c14f386c0>
Traceback (most recent call last):
  File "/usr/src/adkg/adkg/utils/misc.py", line 92, in _recv_loop
    j, (tag, o) = await recv()
  File "/usr/lib/python3.8/asyncio/queues.py", line 165, in get
    getter.cancel()  # Just in case getter is not done yet.
  File "uvloop/loop.pyx", line 1281, in uvloop.loop.Loop.call_soon
  File "uvloop/loop.pyx", line 669, in uvloop.loop.Loop._call_soon
  File "uvloop/loop.pyx", line 678, in uvloop.loop.Loop._call_soon_handle
  File "uvloop/loop.pyx", line 673, in uvloop.loop.Loop._append_ready_handle
  File "uvloop/loop.pyx", line 705, in uvloop.loop.Loop._check_closed
RuntimeError: Event loop is closed
Exception ignored in: <coroutine object subscribe_recv.<locals>._recv_loop at 0x7f9c14f387c0>
Traceback (most recent call last):
  File "/usr/src/adkg/adkg/utils/misc.py", line 92, in _recv_loop
    j, (tag, o) = await recv()
  File "/usr/lib/python3.8/asyncio/queues.py", line 165, in get
    getter.cancel()  # Just in case getter is not done yet.
  File "uvloop/loop.pyx", line 1281, in uvloop.loop.Loop.call_soon
  File "uvloop/loop.pyx", line 669, in uvloop.loop.Loop._call_soon
  File "uvloop/loop.pyx", line 678, in uvloop.loop.Loop._call_soon_handle
  File "uvloop/loop.pyx", line 673, in uvloop.loop.Loop._append_ready_handle
  File "uvloop/loop.pyx", line 705, in uvloop.loop.Loop._check_closed
RuntimeError: Event loop is closed
Exception ignored in: <coroutine object subscribe_recv.<locals>._recv_loop at 0x7f9c14ef0bc0>
Traceback (most recent call last):
  File "/usr/src/adkg/adkg/utils/misc.py", line 92, in _recv_loop
    j, (tag, o) = await recv()
  File "/usr/lib/python3.8/asyncio/queues.py", line 165, in get
    getter.cancel()  # Just in case getter is not done yet.
  File "uvloop/loop.pyx", line 1281, in uvloop.loop.Loop.call_soon
  File "uvloop/loop.pyx", line 669, in uvloop.loop.Loop._call_soon
  File "uvloop/loop.pyx", line 678, in uvloop.loop.Loop._call_soon_handle
  File "uvloop/loop.pyx", line 673, in uvloop.loop.Loop._append_ready_handle
  File "uvloop/loop.pyx", line 705, in uvloop.loop.Loop._check_closed
RuntimeError: Event loop is closed
Exception ignored in: <coroutine object subscribe_recv.<locals>._recv_loop at 0x7f9c14f42140>
Traceback (most recent call last):
  File "/usr/src/adkg/adkg/utils/misc.py", line 92, in _recv_loop
    j, (tag, o) = await recv()
  File "/usr/lib/python3.8/asyncio/queues.py", line 165, in get
    getter.cancel()  # Just in case getter is not done yet.
  File "uvloop/loop.pyx", line 1281, in uvloop.loop.Loop.call_soon
  File "uvloop/loop.pyx", line 669, in uvloop.loop.Loop._call_soon
  File "uvloop/loop.pyx", line 678, in uvloop.loop.Loop._call_soon_handle
  File "uvloop/loop.pyx", line 673, in uvloop.loop.Loop._append_ready_handle
  File "uvloop/loop.pyx", line 705, in uvloop.loop.Loop._check_closed
RuntimeError: Event loop is closed
Exception ignored in: <coroutine object subscribe_recv.<locals>._recv_loop at 0x7f9c14ef0cc0>
Traceback (most recent call last):
  File "/usr/src/adkg/adkg/utils/misc.py", line 92, in _recv_loop
    j, (tag, o) = await recv()
  File "/usr/lib/python3.8/asyncio/queues.py", line 165, in get
    getter.cancel()  # Just in case getter is not done yet.
  File "uvloop/loop.pyx", line 1281, in uvloop.loop.Loop.call_soon
  File "uvloop/loop.pyx", line 669, in uvloop.loop.Loop._call_soon
  File "uvloop/loop.pyx", line 678, in uvloop.loop.Loop._call_soon_handle
  File "uvloop/loop.pyx", line 673, in uvloop.loop.Loop._append_ready_handle
  File "uvloop/loop.pyx", line 705, in uvloop.loop.Loop._check_closed
RuntimeError: Event loop is closed
Exception ignored in: <coroutine object subscribe_recv.<locals>._recv_loop at 0x7f9c14f42840>
Traceback (most recent call last):
  File "/usr/src/adkg/adkg/utils/misc.py", line 92, in _recv_loop
    j, (tag, o) = await recv()
  File "/usr/lib/python3.8/asyncio/queues.py", line 165, in get
    getter.cancel()  # Just in case getter is not done yet.
  File "uvloop/loop.pyx", line 1281, in uvloop.loop.Loop.call_soon
  File "uvloop/loop.pyx", line 669, in uvloop.loop.Loop._call_soon
  File "uvloop/loop.pyx", line 678, in uvloop.loop.Loop._call_soon_handle
  File "uvloop/loop.pyx", line 673, in uvloop.loop.Loop._append_ready_handle
  File "uvloop/loop.pyx", line 705, in uvloop.loop.Loop._check_closed
RuntimeError: Event loop is closed
Exception ignored in: <coroutine object subscribe_recv.<locals>._recv_loop at 0x7f9c14eed540>
Traceback (most recent call last):
  File "/usr/src/adkg/adkg/utils/misc.py", line 92, in _recv_loop
    j, (tag, o) = await recv()
  File "/usr/lib/python3.8/asyncio/queues.py", line 165, in get
    getter.cancel()  # Just in case getter is not done yet.
  File "uvloop/loop.pyx", line 1281, in uvloop.loop.Loop.call_soon
  File "uvloop/loop.pyx", line 669, in uvloop.loop.Loop._call_soon
  File "uvloop/loop.pyx", line 678, in uvloop.loop.Loop._call_soon_handle
  File "uvloop/loop.pyx", line 673, in uvloop.loop.Loop._append_ready_handle
  File "uvloop/loop.pyx", line 705, in uvloop.loop.Loop._check_closed
RuntimeError: Event loop is closed
