Warning: Permanently added '111.229.49.33' (ECDSA) to the list of known hosts.
time="2026-03-25T14:21:06+08:00" level=warning msg="/root/Continuum/admpc/docker-compose.yml: the attribute `version` is obsolete, it will be ignored, please remove it to avoid potential confusion"
 Container admpc-htadkg_adkg-run-32dac2f9e1c6 Creating 
 Container admpc-htadkg_adkg-run-32dac2f9e1c6 Created 
2026-03-25 06:21:07,565:[admpc_dynamic_linear_run.py:77]:[INFO]: Running ADMPC ...
my_send_id: 11
2026-03-25 06:21:07,608:[admpc_dynamic_linear_run.py:58]:[INFO]: ADMPC start time: 1774419667.608812
run_admpc layer_ID: 2, mode: linear, cm: 50, w: 100, total_cm: 300
layer ID: 2 trans_foll_time: 3.2994191646575928
rand_foll run_rand: w=100, rounds=34
layer ID: 2 rand_foll_time: 0.7866063117980957
layer ID: 2 aprep_foll skipped (linear mode)
layer ID: 2 run_computation finished
layer ID: 2 exec_time: 0.0002627372741699219
layer ID: 2 rand_pre_time: 0.00015044212341308594
layer ID: 2 aprep_pre skipped (linear mode)
layer ID: 2 trans_pre_time: 0.00013113021850585938
layer ID: 2 layer_time: 4.086634397506714
my_send_id: 11 exec_time: 4.08743143081665
2026-03-25 06:22:01,698:[admpc_dynamic_linear_run.py:72]:[INFO]: [3] Bytes Sent: T:443241 which is 56.493%
2026-03-25 06:22:01,699:[admpc_dynamic_linear_run.py:72]:[INFO]: [3] Bytes Sent: G:341353 which is 43.507%
2026-03-25 06:22:01,699:[admpc_dynamic_linear_run.py:73]:[INFO]: [3] Total bytes sent out aa: 784594
2026-03-25 06:22:01,708:[(unknown file):0]:[ERROR]: Task was destroyed but it is pending!
task: <Task pending name='Task-35' coro=<subscribe_recv.<locals>._recv_loop() running at /usr/src/adkg/adkg/utils/misc.py:92> wait_for=<Future pending cb=[<TaskWakeupMethWrapper object at 0x7f370a956f10>()]>>
2026-03-25 06:22:01,709:[(unknown file):0]:[ERROR]: Task was destroyed but it is pending!
task: <Task pending name='Task-36' coro=<subscribe_recv.<locals>._recv_loop() running at /usr/src/adkg/adkg/utils/misc.py:92> wait_for=<Future pending cb=[<TaskWakeupMethWrapper object at 0x7f370a76bfa0>()]>>
Exception ignored in: <coroutine object subscribe_recv.<locals>._recv_loop at 0x7f370a75eac0>
Traceback (most recent call last):
  File "/usr/src/adkg/adkg/utils/misc.py", line 92, in _recv_loop
    j, (tag, o) = await recv()
  File "/usr/lib/python3.8/asyncio/queues.py", line 165, in get
    getter.cancel()  # Just in case getter is not done yet.
  File "uvloop/loop.pyx", line 1281, in uvloop.loop.Loop.call_soon
  File "uvloop/loop.pyx", line 669, in uvloop.loop.Loop._call_soon
  File "uvloop/loop.pyx", line 678, in uvloop.loop.Loop._call_soon_handle
  File "uvloop/loop.pyx", line 673, in uvloop.loop.Loop._append_ready_handle
  File "uvloop/loop.pyx", line 705, in uvloop.loop.Loop._check_closed
2026-03-25 06:22:01,710:[(unknown file):0]:[ERROR]: Task was destroyed but it is pending!
task: <Task pending name='Task-117' coro=<subscribe_recv.<locals>._recv_loop() running at /usr/src/adkg/adkg/utils/misc.py:92> wait_for=<Future pending cb=[<TaskWakeupMethWrapper object at 0x7f370a9561c0>()]>>
2026-03-25 06:22:01,710:[(unknown file):0]:[ERROR]: Task was destroyed but it is pending!
task: <Task pending name='Task-119' coro=<subscribe_recv.<locals>._recv_loop() running at /usr/src/adkg/adkg/utils/misc.py:92> wait_for=<Future pending cb=[<TaskWakeupMethWrapper object at 0x7f370a9567f0>()]>>
2026-03-25 06:22:01,710:[(unknown file):0]:[ERROR]: Task was destroyed but it is pending!
task: <Task pending name='Task-120' coro=<subscribe_recv.<locals>._recv_loop() running at /usr/src/adkg/adkg/utils/misc.py:92> wait_for=<Future pending cb=[<TaskWakeupMethWrapper object at 0x7f370a9da1c0>()]>>
2026-03-25 06:22:01,711:[(unknown file):0]:[ERROR]: Task was destroyed but it is pending!
task: <Task pending name='Task-38' coro=<subscribe_recv.<locals>._recv_loop() running at /usr/src/adkg/adkg/utils/misc.py:92> wait_for=<Future pending cb=[<TaskWakeupMethWrapper object at 0x7f370a7c09a0>()]>>
RuntimeError: Event loop is closed
Exception ignored in: <coroutine object subscribe_recv.<locals>._recv_loop at 0x7f370aaa8940>
Traceback (most recent call last):
  File "/usr/src/adkg/adkg/utils/misc.py", line 92, in _recv_loop
    j, (tag, o) = await recv()
  File "/usr/lib/python3.8/asyncio/queues.py", line 165, in get
    getter.cancel()  # Just in case getter is not done yet.
  File "uvloop/loop.pyx", line 1281, in uvloop.loop.Loop.call_soon
  File "uvloop/loop.pyx", line 669, in uvloop.loop.Loop._call_soon
  File "uvloop/loop.pyx", line 678, in uvloop.loop.Loop._call_soon_handle
  File "uvloop/loop.pyx", line 673, in uvloop.loop.Loop._append_ready_handle
  File "uvloop/loop.pyx", line 705, in uvloop.loop.Loop._check_closed
RuntimeError: Event loop is closed
Exception ignored in: <coroutine object subscribe_recv.<locals>._recv_loop at 0x7f370a7bbbc0>
Traceback (most recent call last):
  File "/usr/src/adkg/adkg/utils/misc.py", line 92, in _recv_loop
    j, (tag, o) = await recv()
  File "/usr/lib/python3.8/asyncio/queues.py", line 165, in get
    getter.cancel()  # Just in case getter is not done yet.
  File "uvloop/loop.pyx", line 1281, in uvloop.loop.Loop.call_soon
  File "uvloop/loop.pyx", line 669, in uvloop.loop.Loop._call_soon
  File "uvloop/loop.pyx", line 678, in uvloop.loop.Loop._call_soon_handle
  File "uvloop/loop.pyx", line 673, in uvloop.loop.Loop._append_ready_handle
  File "uvloop/loop.pyx", line 705, in uvloop.loop.Loop._check_closed
RuntimeError: Event loop is closed
Exception ignored in: <coroutine object subscribe_recv.<locals>._recv_loop at 0x7f370a75e9c0>
Traceback (most recent call last):
  File "/usr/src/adkg/adkg/utils/misc.py", line 92, in _recv_loop
    j, (tag, o) = await recv()
  File "/usr/lib/python3.8/asyncio/queues.py", line 165, in get
    getter.cancel()  # Just in case getter is not done yet.
  File "uvloop/loop.pyx", line 1281, in uvloop.loop.Loop.call_soon
  File "uvloop/loop.pyx", line 669, in uvloop.loop.Loop._call_soon
  File "uvloop/loop.pyx", line 678, in uvloop.loop.Loop._call_soon_handle
  File "uvloop/loop.pyx", line 673, in uvloop.loop.Loop._append_ready_handle
  File "uvloop/loop.pyx", line 705, in uvloop.loop.Loop._check_closed
RuntimeError: Event loop is closed
Exception ignored in: <coroutine object subscribe_recv.<locals>._recv_loop at 0x7f370a7bbd40>
Traceback (most recent call last):
  File "/usr/src/adkg/adkg/utils/misc.py", line 92, in _recv_loop
    j, (tag, o) = await recv()
  File "/usr/lib/python3.8/asyncio/queues.py", line 165, in get
    getter.cancel()  # Just in case getter is not done yet.
  File "uvloop/loop.pyx", line 1281, in uvloop.loop.Loop.call_soon
  File "uvloop/loop.pyx", line 669, in uvloop.loop.Loop._call_soon
  File "uvloop/loop.pyx", line 678, in uvloop.loop.Loop._call_soon_handle
  File "uvloop/loop.pyx", line 673, in uvloop.loop.Loop._append_ready_handle
  File "uvloop/loop.pyx", line 705, in uvloop.loop.Loop._check_closed
RuntimeError: Event loop is closed
2026-03-25 06:22:01,711:[(unknown file):0]:[ERROR]: Task was destroyed but it is pending!
task: <Task pending name='Task-78' coro=<subscribe_recv.<locals>._recv_loop() running at /usr/src/adkg/adkg/utils/misc.py:92> wait_for=<Future pending cb=[<TaskWakeupMethWrapper object at 0x7f370a956310>()]>>
2026-03-25 06:22:01,711:[(unknown file):0]:[ERROR]: Task was destroyed but it is pending!
task: <Task pending name='Task-126' coro=<subscribe_recv.<locals>._recv_loop() running at /usr/src/adkg/adkg/utils/misc.py:92> wait_for=<Future pending cb=[<TaskWakeupMethWrapper object at 0x7f370a956340>()]>>
2026-03-25 06:22:01,712:[(unknown file):0]:[ERROR]: Task was destroyed but it is pending!
task: <Task pending name='Task-124' coro=<subscribe_recv.<locals>._recv_loop() running at /usr/src/adkg/adkg/utils/misc.py:92> wait_for=<Future pending cb=[<TaskWakeupMethWrapper object at 0x7f370a9561f0>()]>>
2026-03-25 06:22:01,713:[(unknown file):0]:[ERROR]: Task was destroyed but it is pending!
task: <Task pending name='Task-39' coro=<subscribe_recv.<locals>._recv_loop() running at /usr/src/adkg/adkg/utils/misc.py:92> wait_for=<Future pending cb=[<TaskWakeupMethWrapper object at 0x7f370a7b97c0>()]>>
2026-03-25 06:22:01,713:[(unknown file):0]:[ERROR]: Task was destroyed but it is pending!
task: <Task pending name='Task-41' coro=<subscribe_recv.<locals>._recv_loop() running at /usr/src/adkg/adkg/utils/misc.py:92> wait_for=<Future pending cb=[<TaskWakeupMethWrapper object at 0x7f370a76b9a0>()]>>
2026-03-25 06:22:01,713:[(unknown file):0]:[ERROR]: Task was destroyed but it is pending!
task: <Task pending name='Task-43' coro=<subscribe_recv.<locals>._recv_loop() running at /usr/src/adkg/adkg/utils/misc.py:92> wait_for=<Future pending cb=[<TaskWakeupMethWrapper object at 0x7f370a9da2b0>()]>>
2026-03-25 06:22:01,713:[(unknown file):0]:[ERROR]: Task was destroyed but it is pending!
task: <Task pending name='Task-45' coro=<subscribe_recv.<locals>._recv_loop() running at /usr/src/adkg/adkg/utils/misc.py:92> wait_for=<Future pending cb=[<TaskWakeupMethWrapper object at 0x7f370a7b9b20>()]>>
2026-03-25 06:22:01,713:[(unknown file):0]:[ERROR]: Task was destroyed but it is pending!
task: <Task pending name='Task-47' coro=<subscribe_recv.<locals>._recv_loop() running at /usr/src/adkg/adkg/utils/misc.py:92> wait_for=<Future pending cb=[<TaskWakeupMethWrapper object at 0x7f370a7c08e0>()]>>
2026-03-25 06:22:01,713:[(unknown file):0]:[ERROR]: Task was destroyed but it is pending!
task: <Task pending name='Task-86' coro=<subscribe_recv.<locals>._recv_loop() running at /usr/src/adkg/adkg/utils/misc.py:92> wait_for=<Future pending cb=[<TaskWakeupMethWrapper object at 0x7f370a93ce20>()]>>
2026-03-25 06:22:01,713:[(unknown file):0]:[ERROR]: Task was destroyed but it is pending!
task: <Task pending name='Task-80' coro=<subscribe_recv.<locals>._recv_loop() running at /usr/src/adkg/adkg/utils/misc.py:92> wait_for=<Future pending cb=[<TaskWakeupMethWrapper object at 0x7f370a9dc460>()]>>
2026-03-25 06:22:01,713:[(unknown file):0]:[ERROR]: Task was destroyed but it is pending!
task: <Task pending name='Task-82' coro=<subscribe_recv.<locals>._recv_loop() running at /usr/src/adkg/adkg/utils/misc.py:92> wait_for=<Future pending cb=[<TaskWakeupMethWrapper object at 0x7f370a7b9790>()]>>
2026-03-25 06:22:01,713:[(unknown file):0]:[ERROR]: Task was destroyed but it is pending!
task: <Task pending name='Task-84' coro=<subscribe_recv.<locals>._recv_loop() running at /usr/src/adkg/adkg/utils/misc.py:92> wait_for=<Future pending cb=[<TaskWakeupMethWrapper object at 0x7f370a93c670>()]>>
Exception ignored in: <coroutine object subscribe_recv.<locals>._recv_loop at 0x7f370a75eb40>
Traceback (most recent call last):
  File "/usr/src/adkg/adkg/utils/misc.py", line 92, in _recv_loop
    j, (tag, o) = await recv()
  File "/usr/lib/python3.8/asyncio/queues.py", line 165, in get
    getter.cancel()  # Just in case getter is not done yet.
  File "uvloop/loop.pyx", line 1281, in uvloop.loop.Loop.call_soon
  File "uvloop/loop.pyx", line 669, in uvloop.loop.Loop._call_soon
  File "uvloop/loop.pyx", line 678, in uvloop.loop.Loop._call_soon_handle
  File "uvloop/loop.pyx", line 673, in uvloop.loop.Loop._append_ready_handle
  File "uvloop/loop.pyx", line 705, in uvloop.loop.Loop._check_closed
RuntimeError: Event loop is closed
Exception ignored in: <coroutine object subscribe_recv.<locals>._recv_loop at 0x7f370a7bb640>
Traceback (most recent call last):
  File "/usr/src/adkg/adkg/utils/misc.py", line 92, in _recv_loop
    j, (tag, o) = await recv()
  File "/usr/lib/python3.8/asyncio/queues.py", line 165, in get
    getter.cancel()  # Just in case getter is not done yet.
  File "uvloop/loop.pyx", line 1281, in uvloop.loop.Loop.call_soon
  File "uvloop/loop.pyx", line 669, in uvloop.loop.Loop._call_soon
  File "uvloop/loop.pyx", line 678, in uvloop.loop.Loop._call_soon_handle
  File "uvloop/loop.pyx", line 673, in uvloop.loop.Loop._append_ready_handle
  File "uvloop/loop.pyx", line 705, in uvloop.loop.Loop._check_closed
RuntimeError: Event loop is closed
Exception ignored in: <coroutine object subscribe_recv.<locals>._recv_loop at 0x7f370a7c5cc0>
Traceback (most recent call last):
  File "/usr/src/adkg/adkg/utils/misc.py", line 92, in _recv_loop
    j, (tag, o) = await recv()
  File "/usr/lib/python3.8/asyncio/queues.py", line 165, in get
    getter.cancel()  # Just in case getter is not done yet.
  File "uvloop/loop.pyx", line 1281, in uvloop.loop.Loop.call_soon
  File "uvloop/loop.pyx", line 669, in uvloop.loop.Loop._call_soon
  File "uvloop/loop.pyx", line 678, in uvloop.loop.Loop._call_soon_handle
  File "uvloop/loop.pyx", line 673, in uvloop.loop.Loop._append_ready_handle
  File "uvloop/loop.pyx", line 705, in uvloop.loop.Loop._check_closed
RuntimeError: Event loop is closed
Exception ignored in: <coroutine object subscribe_recv.<locals>._recv_loop at 0x7f370a7700c0>
Traceback (most recent call last):
  File "/usr/src/adkg/adkg/utils/misc.py", line 92, in _recv_loop
    j, (tag, o) = await recv()
  File "/usr/lib/python3.8/asyncio/queues.py", line 165, in get
    getter.cancel()  # Just in case getter is not done yet.
  File "uvloop/loop.pyx", line 1281, in uvloop.loop.Loop.call_soon
  File "uvloop/loop.pyx", line 669, in uvloop.loop.Loop._call_soon
  File "uvloop/loop.pyx", line 678, in uvloop.loop.Loop._call_soon_handle
  File "uvloop/loop.pyx", line 673, in uvloop.loop.Loop._append_ready_handle
  File "uvloop/loop.pyx", line 705, in uvloop.loop.Loop._check_closed
RuntimeError: Event loop is closed
Exception ignored in: <coroutine object subscribe_recv.<locals>._recv_loop at 0x7f370a773f40>
Traceback (most recent call last):
  File "/usr/src/adkg/adkg/utils/misc.py", line 92, in _recv_loop
    j, (tag, o) = await recv()
  File "/usr/lib/python3.8/asyncio/queues.py", line 165, in get
    getter.cancel()  # Just in case getter is not done yet.
  File "uvloop/loop.pyx", line 1281, in uvloop.loop.Loop.call_soon
  File "uvloop/loop.pyx", line 669, in uvloop.loop.Loop._call_soon
  File "uvloop/loop.pyx", line 678, in uvloop.loop.Loop._call_soon_handle
  File "uvloop/loop.pyx", line 673, in uvloop.loop.Loop._append_ready_handle
  File "uvloop/loop.pyx", line 705, in uvloop.loop.Loop._check_closed
RuntimeError: Event loop is closed
Exception ignored in: <coroutine object subscribe_recv.<locals>._recv_loop at 0x7f370a7bb4c0>
Traceback (most recent call last):
  File "/usr/src/adkg/adkg/utils/misc.py", line 92, in _recv_loop
    j, (tag, o) = await recv()
  File "/usr/lib/python3.8/asyncio/queues.py", line 165, in get
    getter.cancel()  # Just in case getter is not done yet.
  File "uvloop/loop.pyx", line 1281, in uvloop.loop.Loop.call_soon
  File "uvloop/loop.pyx", line 669, in uvloop.loop.Loop._call_soon
  File "uvloop/loop.pyx", line 678, in uvloop.loop.Loop._call_soon_handle
  File "uvloop/loop.pyx", line 673, in uvloop.loop.Loop._append_ready_handle
  File "uvloop/loop.pyx", line 705, in uvloop.loop.Loop._check_closed
RuntimeError: Event loop is closed
Exception ignored in: <coroutine object subscribe_recv.<locals>._recv_loop at 0x7f370a7bb5c0>
Traceback (most recent call last):
  File "/usr/src/adkg/adkg/utils/misc.py", line 92, in _recv_loop
    j, (tag, o) = await recv()
  File "/usr/lib/python3.8/asyncio/queues.py", line 165, in get
    getter.cancel()  # Just in case getter is not done yet.
  File "uvloop/loop.pyx", line 1281, in uvloop.loop.Loop.call_soon
  File "uvloop/loop.pyx", line 669, in uvloop.loop.Loop._call_soon
  File "uvloop/loop.pyx", line 678, in uvloop.loop.Loop._call_soon_handle
  File "uvloop/loop.pyx", line 673, in uvloop.loop.Loop._append_ready_handle
  File "uvloop/loop.pyx", line 705, in uvloop.loop.Loop._check_closed
RuntimeError: Event loop is closed
Exception ignored in: <coroutine object subscribe_recv.<locals>._recv_loop at 0x7f370a7bb6c0>
Traceback (most recent call last):
  File "/usr/src/adkg/adkg/utils/misc.py", line 92, in _recv_loop
    j, (tag, o) = await recv()
  File "/usr/lib/python3.8/asyncio/queues.py", line 165, in get
    getter.cancel()  # Just in case getter is not done yet.
  File "uvloop/loop.pyx", line 1281, in uvloop.loop.Loop.call_soon
  File "uvloop/loop.pyx", line 669, in uvloop.loop.Loop._call_soon
  File "uvloop/loop.pyx", line 678, in uvloop.loop.Loop._call_soon_handle
  File "uvloop/loop.pyx", line 673, in uvloop.loop.Loop._append_ready_handle
  File "uvloop/loop.pyx", line 705, in uvloop.loop.Loop._check_closed
RuntimeError: Event loop is closed
Exception ignored in: <coroutine object subscribe_recv.<locals>._recv_loop at 0x7f370a7bb7c0>
Traceback (most recent call last):
  File "/usr/src/adkg/adkg/utils/misc.py", line 92, in _recv_loop
    j, (tag, o) = await recv()
  File "/usr/lib/python3.8/asyncio/queues.py", line 165, in get
    getter.cancel()  # Just in case getter is not done yet.
  File "uvloop/loop.pyx", line 1281, in uvloop.loop.Loop.call_soon
  File "uvloop/loop.pyx", line 669, in uvloop.loop.Loop._call_soon
  File "uvloop/loop.pyx", line 678, in uvloop.loop.Loop._call_soon_handle
  File "uvloop/loop.pyx", line 673, in uvloop.loop.Loop._append_ready_handle
  File "uvloop/loop.pyx", line 705, in uvloop.loop.Loop._check_closed
RuntimeError: Event loop is closed
Exception ignored in: <coroutine object subscribe_recv.<locals>._recv_loop at 0x7f370a9f9a40>
Traceback (most recent call last):
  File "/usr/src/adkg/adkg/utils/misc.py", line 92, in _recv_loop
    j, (tag, o) = await recv()
  File "/usr/lib/python3.8/asyncio/queues.py", line 165, in get
    getter.cancel()  # Just in case getter is not done yet.
  File "uvloop/loop.pyx", line 1281, in uvloop.loop.Loop.call_soon
  File "uvloop/loop.pyx", line 669, in uvloop.loop.Loop._call_soon
  File "uvloop/loop.pyx", line 678, in uvloop.loop.Loop._call_soon_handle
  File "uvloop/loop.pyx", line 673, in uvloop.loop.Loop._append_ready_handle
  File "uvloop/loop.pyx", line 705, in uvloop.loop.Loop._check_closed
RuntimeError: Event loop is closed
Exception ignored in: <coroutine object subscribe_recv.<locals>._recv_loop at 0x7f370a7704c0>
Traceback (most recent call last):
  File "/usr/src/adkg/adkg/utils/misc.py", line 92, in _recv_loop
    j, (tag, o) = await recv()
  File "/usr/lib/python3.8/asyncio/queues.py", line 165, in get
    getter.cancel()  # Just in case getter is not done yet.
  File "uvloop/loop.pyx", line 1281, in uvloop.loop.Loop.call_soon
  File "uvloop/loop.pyx", line 669, in uvloop.loop.Loop._call_soon
  File "uvloop/loop.pyx", line 678, in uvloop.loop.Loop._call_soon_handle
  File "uvloop/loop.pyx", line 673, in uvloop.loop.Loop._append_ready_handle
  File "uvloop/loop.pyx", line 705, in uvloop.loop.Loop._check_closed
RuntimeError: Event loop is closed
Exception ignored in: <coroutine object subscribe_recv.<locals>._recv_loop at 0x7f370a770640>
Traceback (most recent call last):
  File "/usr/src/adkg/adkg/utils/misc.py", line 92, in _recv_loop
    j, (tag, o) = await recv()
  File "/usr/lib/python3.8/asyncio/queues.py", line 165, in get
    getter.cancel()  # Just in case getter is not done yet.
  File "uvloop/loop.pyx", line 1281, in uvloop.loop.Loop.call_soon
  File "uvloop/loop.pyx", line 669, in uvloop.loop.Loop._call_soon
  File "uvloop/loop.pyx", line 678, in uvloop.loop.Loop._call_soon_handle
  File "uvloop/loop.pyx", line 673, in uvloop.loop.Loop._append_ready_handle
  File "uvloop/loop.pyx", line 705, in uvloop.loop.Loop._check_closed
RuntimeError: Event loop is closed
Exception ignored in: <coroutine object subscribe_recv.<locals>._recv_loop at 0x7f370a9f9440>
Traceback (most recent call last):
  File "/usr/src/adkg/adkg/utils/misc.py", line 92, in _recv_loop
    j, (tag, o) = await recv()
  File "/usr/lib/python3.8/asyncio/queues.py", line 165, in get
    getter.cancel()  # Just in case getter is not done yet.
  File "uvloop/loop.pyx", line 1281, in uvloop.loop.Loop.call_soon
  File "uvloop/loop.pyx", line 669, in uvloop.loop.Loop._call_soon
  File "uvloop/loop.pyx", line 678, in uvloop.loop.Loop._call_soon_handle
  File "uvloop/loop.pyx", line 673, in uvloop.loop.Loop._append_ready_handle
  File "uvloop/loop.pyx", line 705, in uvloop.loop.Loop._check_closed
RuntimeError: Event loop is closed
