Warning: Permanently added '111.229.49.33' (ECDSA) to the list of known hosts.
time="2026-03-25T14:21:06+08:00" level=warning msg="/root/Continuum/admpc/docker-compose.yml: the attribute `version` is obsolete, it will be ignored, please remove it to avoid potential confusion"
 Container admpc-htadkg_adkg-run-2d68820bb1c8 Creating 
 Container admpc-htadkg_adkg-run-2d68820bb1c8 Created 
2026-03-25 06:21:07,137:[admpc_dynamic_linear_run.py:77]:[INFO]: Running ADMPC ...
my_send_id: 19
2026-03-25 06:21:07,189:[admpc_dynamic_linear_run.py:58]:[INFO]: ADMPC start time: 1774419667.1897864
run_admpc layer_ID: 4, mode: linear, cm: 50, w: 100, total_cm: 300
layer ID: 4 trans_foll_time: 8.687347888946533
rand_foll run_rand: w=100, rounds=34
layer ID: 4 rand_foll_time: 0.78963303565979
layer ID: 4 aprep_foll skipped (linear mode)
layer ID: 4 run_computation finished
layer ID: 4 exec_time: 0.0002391338348388672
layer ID: 4 rand_pre_time: 0.00011539459228515625
layer ID: 4 aprep_pre skipped (linear mode)
layer ID: 4 trans_pre_time: 0.00010967254638671875
layer ID: 4 layer_time: 9.477503538131714
my_send_id: 19 exec_time: 9.50444746017456
2026-03-25 06:22:06,694:[admpc_dynamic_linear_run.py:72]:[INFO]: [3] Bytes Sent: T:443241 which is 56.493%
2026-03-25 06:22:06,695:[admpc_dynamic_linear_run.py:72]:[INFO]: [3] Bytes Sent: G:341353 which is 43.507%
2026-03-25 06:22:06,695:[admpc_dynamic_linear_run.py:73]:[INFO]: [3] Total bytes sent out aa: 784594
2026-03-25 06:22:06,703:[(unknown file):0]:[ERROR]: Task was destroyed but it is pending!
task: <Task pending name='Task-35' coro=<subscribe_recv.<locals>._recv_loop() running at /usr/src/adkg/adkg/utils/misc.py:92> wait_for=<Future pending cb=[<TaskWakeupMethWrapper object at 0x7efdd67aa1f0>()]>>
2026-03-25 06:22:06,703:[(unknown file):0]:[ERROR]: Task was destroyed but it is pending!
task: <Task pending name='Task-36' coro=<subscribe_recv.<locals>._recv_loop() running at /usr/src/adkg/adkg/utils/misc.py:92> wait_for=<Future pending cb=[<TaskWakeupMethWrapper object at 0x7efdd65d6f40>()]>>
Exception ignored in: <coroutine object subscribe_recv.<locals>._recv_loop at 0x7efdd65caac0>
Traceback (most recent call last):
  File "/usr/src/adkg/adkg/utils/misc.py", line 92, in _recv_loop
    j, (tag, o) = await recv()
  File "/usr/lib/python3.8/asyncio/queues.py", line 165, in get
    getter.cancel()  # Just in case getter is not done yet.
  File "uvloop/loop.pyx", line 1281, in uvloop.loop.Loop.call_soon
  File "uvloop/loop.pyx", line 669, in uvloop.loop.Loop._call_soon
  File "uvloop/loop.pyx", line 678, in uvloop.loop.Loop._call_soon_handle
  File "uvloop/loop.pyx", line 673, in uvloop.loop.Loop._append_ready_handle
  File "uvloop/loop.pyx", line 705, in uvloop.loop.Loop._check_closed
RuntimeError: Event loop is closed
2026-03-25 06:22:06,704:[(unknown file):0]:[ERROR]: Task was destroyed but it is pending!
task: <Task pending name='Task-117' coro=<subscribe_recv.<locals>._recv_loop() running at /usr/src/adkg/adkg/utils/misc.py:92> wait_for=<Future pending cb=[<TaskWakeupMethWrapper object at 0x7efdd67aa370>()]>>
2026-03-25 06:22:06,704:[(unknown file):0]:[ERROR]: Task was destroyed but it is pending!
task: <Task pending name='Task-119' coro=<subscribe_recv.<locals>._recv_loop() running at /usr/src/adkg/adkg/utils/misc.py:92> wait_for=<Future pending cb=[<TaskWakeupMethWrapper object at 0x7efdd67aaa90>()]>>
2026-03-25 06:22:06,705:[(unknown file):0]:[ERROR]: Task was destroyed but it is pending!
task: <Task pending name='Task-120' coro=<subscribe_recv.<locals>._recv_loop() running at /usr/src/adkg/adkg/utils/misc.py:92> wait_for=<Future pending cb=[<TaskWakeupMethWrapper object at 0x7efdd6845850>()]>>
2026-03-25 06:22:06,706:[(unknown file):0]:[ERROR]: Task was destroyed but it is pending!
task: <Task pending name='Task-38' coro=<subscribe_recv.<locals>._recv_loop() running at /usr/src/adkg/adkg/utils/misc.py:92> wait_for=<Future pending cb=[<TaskWakeupMethWrapper object at 0x7efdd68a78e0>()]>>
Exception ignored in: <coroutine object subscribe_recv.<locals>._recv_loop at 0x7efdd694f940>
Traceback (most recent call last):
  File "/usr/src/adkg/adkg/utils/misc.py", line 92, in _recv_loop
    j, (tag, o) = await recv()
  File "/usr/lib/python3.8/asyncio/queues.py", line 165, in get
    getter.cancel()  # Just in case getter is not done yet.
  File "uvloop/loop.pyx", line 1281, in uvloop.loop.Loop.call_soon
  File "uvloop/loop.pyx", line 669, in uvloop.loop.Loop._call_soon
  File "uvloop/loop.pyx", line 678, in uvloop.loop.Loop._call_soon_handle
  File "uvloop/loop.pyx", line 673, in uvloop.loop.Loop._append_ready_handle
  File "uvloop/loop.pyx", line 705, in uvloop.loop.Loop._check_closed
RuntimeError: Event loop is closed
Exception ignored in: <coroutine object subscribe_recv.<locals>._recv_loop at 0x7efdd69083c0>
Traceback (most recent call last):
  File "/usr/src/adkg/adkg/utils/misc.py", line 92, in _recv_loop
    j, (tag, o) = await recv()
  File "/usr/lib/python3.8/asyncio/queues.py", line 165, in get
    getter.cancel()  # Just in case getter is not done yet.
  File "uvloop/loop.pyx", line 1281, in uvloop.loop.Loop.call_soon
  File "uvloop/loop.pyx", line 669, in uvloop.loop.Loop._call_soon
  File "uvloop/loop.pyx", line 678, in uvloop.loop.Loop._call_soon_handle
  File "uvloop/loop.pyx", line 673, in uvloop.loop.Loop._append_ready_handle
  File "uvloop/loop.pyx", line 705, in uvloop.loop.Loop._check_closed
RuntimeError: Event loop is closed
Exception ignored in: <coroutine object subscribe_recv.<locals>._recv_loop at 0x7efdd65dddc0>
Traceback (most recent call last):
  File "/usr/src/adkg/adkg/utils/misc.py", line 92, in _recv_loop
    j, (tag, o) = await recv()
  File "/usr/lib/python3.8/asyncio/queues.py", line 165, in get
    getter.cancel()  # Just in case getter is not done yet.
  File "uvloop/loop.pyx", line 1281, in uvloop.loop.Loop.call_soon
  File "uvloop/loop.pyx", line 669, in uvloop.loop.Loop._call_soon
  File "uvloop/loop.pyx", line 678, in uvloop.loop.Loop._call_soon_handle
  File "uvloop/loop.pyx", line 673, in uvloop.loop.Loop._append_ready_handle
  File "uvloop/loop.pyx", line 705, in uvloop.loop.Loop._check_closed
RuntimeError: Event loop is closed
Exception ignored in: <coroutine object subscribe_recv.<locals>._recv_loop at 0x7efdd69081c0>
Traceback (most recent call last):
  File "/usr/src/adkg/adkg/utils/misc.py", line 92, in _recv_loop
    j, (tag, o) = await recv()
  File "/usr/lib/python3.8/asyncio/queues.py", line 165, in get
    getter.cancel()  # Just in case getter is not done yet.
  File "uvloop/loop.pyx", line 1281, in uvloop.loop.Loop.call_soon
  File "uvloop/loop.pyx", line 669, in uvloop.loop.Loop._call_soon
  File "uvloop/loop.pyx", line 678, in uvloop.loop.Loop._call_soon_handle
  File "uvloop/loop.pyx", line 673, in uvloop.loop.Loop._append_ready_handle
  File "uvloop/loop.pyx", line 705, in uvloop.loop.Loop._check_closed
RuntimeError: Event loop is closed
2026-03-25 06:22:06,706:[(unknown file):0]:[ERROR]: Task was destroyed but it is pending!
task: <Task pending name='Task-78' coro=<subscribe_recv.<locals>._recv_loop() running at /usr/src/adkg/adkg/utils/misc.py:92> wait_for=<Future pending cb=[<TaskWakeupMethWrapper object at 0x7efdd67aa0d0>()]>>
2026-03-25 06:22:06,706:[(unknown file):0]:[ERROR]: Task was destroyed but it is pending!
task: <Task pending name='Task-126' coro=<subscribe_recv.<locals>._recv_loop() running at /usr/src/adkg/adkg/utils/misc.py:92> wait_for=<Future pending cb=[<TaskWakeupMethWrapper object at 0x7efdd67aa1c0>()]>>
2026-03-25 06:22:06,707:[(unknown file):0]:[ERROR]: Task was destroyed but it is pending!
task: <Task pending name='Task-124' coro=<subscribe_recv.<locals>._recv_loop() running at /usr/src/adkg/adkg/utils/misc.py:92> wait_for=<Future pending cb=[<TaskWakeupMethWrapper object at 0x7efdd67aa9a0>()]>>
2026-03-25 06:22:06,707:[(unknown file):0]:[ERROR]: Task was destroyed but it is pending!
task: <Task pending name='Task-39' coro=<subscribe_recv.<locals>._recv_loop() running at /usr/src/adkg/adkg/utils/misc.py:92> wait_for=<Future pending cb=[<TaskWakeupMethWrapper object at 0x7efdd68a37c0>()]>>
2026-03-25 06:22:06,707:[(unknown file):0]:[ERROR]: Task was destroyed but it is pending!
task: <Task pending name='Task-41' coro=<subscribe_recv.<locals>._recv_loop() running at /usr/src/adkg/adkg/utils/misc.py:92> wait_for=<Future pending cb=[<TaskWakeupMethWrapper object at 0x7efdd68348b0>()]>>
2026-03-25 06:22:06,708:[(unknown file):0]:[ERROR]: Task was destroyed but it is pending!
task: <Task pending name='Task-43' coro=<subscribe_recv.<locals>._recv_loop() running at /usr/src/adkg/adkg/utils/misc.py:92> wait_for=<Future pending cb=[<TaskWakeupMethWrapper object at 0x7efdd663aac0>()]>>
2026-03-25 06:22:06,708:[(unknown file):0]:[ERROR]: Task was destroyed but it is pending!
task: <Task pending name='Task-45' coro=<subscribe_recv.<locals>._recv_loop() running at /usr/src/adkg/adkg/utils/misc.py:92> wait_for=<Future pending cb=[<TaskWakeupMethWrapper object at 0x7efdd6834ac0>()]>>
2026-03-25 06:22:06,708:[(unknown file):0]:[ERROR]: Task was destroyed but it is pending!
task: <Task pending name='Task-47' coro=<subscribe_recv.<locals>._recv_loop() running at /usr/src/adkg/adkg/utils/misc.py:92> wait_for=<Future pending cb=[<TaskWakeupMethWrapper object at 0x7efdd65d6580>()]>>
2026-03-25 06:22:06,708:[(unknown file):0]:[ERROR]: Task was destroyed but it is pending!
task: <Task pending name='Task-80' coro=<subscribe_recv.<locals>._recv_loop() running at /usr/src/adkg/adkg/utils/misc.py:92> wait_for=<Future pending cb=[<TaskWakeupMethWrapper object at 0x7efdd676a550>()]>>
2026-03-25 06:22:06,708:[(unknown file):0]:[ERROR]: Task was destroyed but it is pending!
task: <Task pending name='Task-86' coro=<subscribe_recv.<locals>._recv_loop() running at /usr/src/adkg/adkg/utils/misc.py:92> wait_for=<Future pending cb=[<TaskWakeupMethWrapper object at 0x7efdd676a610>()]>>
2026-03-25 06:22:06,708:[(unknown file):0]:[ERROR]: Task was destroyed but it is pending!
task: <Task pending name='Task-82' coro=<subscribe_recv.<locals>._recv_loop() running at /usr/src/adkg/adkg/utils/misc.py:92> wait_for=<Future pending cb=[<TaskWakeupMethWrapper object at 0x7efdd65d6af0>()]>>
2026-03-25 06:22:06,708:[(unknown file):0]:[ERROR]: Task was destroyed but it is pending!
task: <Task pending name='Task-84' coro=<subscribe_recv.<locals>._recv_loop() running at /usr/src/adkg/adkg/utils/misc.py:92> wait_for=<Future pending cb=[<TaskWakeupMethWrapper object at 0x7efdd68a7a90>()]>>
Exception ignored in: <coroutine object subscribe_recv.<locals>._recv_loop at 0x7efdd65cab40>
Traceback (most recent call last):
  File "/usr/src/adkg/adkg/utils/misc.py", line 92, in _recv_loop
    j, (tag, o) = await recv()
  File "/usr/lib/python3.8/asyncio/queues.py", line 165, in get
    getter.cancel()  # Just in case getter is not done yet.
  File "uvloop/loop.pyx", line 1281, in uvloop.loop.Loop.call_soon
  File "uvloop/loop.pyx", line 669, in uvloop.loop.Loop._call_soon
  File "uvloop/loop.pyx", line 678, in uvloop.loop.Loop._call_soon_handle
  File "uvloop/loop.pyx", line 673, in uvloop.loop.Loop._append_ready_handle
  File "uvloop/loop.pyx", line 705, in uvloop.loop.Loop._check_closed
RuntimeError: Event loop is closed
Exception ignored in: <coroutine object subscribe_recv.<locals>._recv_loop at 0x7efdd69080c0>
Traceback (most recent call last):
  File "/usr/src/adkg/adkg/utils/misc.py", line 92, in _recv_loop
    j, (tag, o) = await recv()
  File "/usr/lib/python3.8/asyncio/queues.py", line 165, in get
    getter.cancel()  # Just in case getter is not done yet.
  File "uvloop/loop.pyx", line 1281, in uvloop.loop.Loop.call_soon
  File "uvloop/loop.pyx", line 669, in uvloop.loop.Loop._call_soon
  File "uvloop/loop.pyx", line 678, in uvloop.loop.Loop._call_soon_handle
  File "uvloop/loop.pyx", line 673, in uvloop.loop.Loop._append_ready_handle
  File "uvloop/loop.pyx", line 705, in uvloop.loop.Loop._check_closed
RuntimeError: Event loop is closed
Exception ignored in: <coroutine object subscribe_recv.<locals>._recv_loop at 0x7efdd68b0940>
Traceback (most recent call last):
  File "/usr/src/adkg/adkg/utils/misc.py", line 92, in _recv_loop
    j, (tag, o) = await recv()
  File "/usr/lib/python3.8/asyncio/queues.py", line 165, in get
    getter.cancel()  # Just in case getter is not done yet.
  File "uvloop/loop.pyx", line 1281, in uvloop.loop.Loop.call_soon
  File "uvloop/loop.pyx", line 669, in uvloop.loop.Loop._call_soon
  File "uvloop/loop.pyx", line 678, in uvloop.loop.Loop._call_soon_handle
  File "uvloop/loop.pyx", line 673, in uvloop.loop.Loop._append_ready_handle
  File "uvloop/loop.pyx", line 705, in uvloop.loop.Loop._check_closed
RuntimeError: Event loop is closed
Exception ignored in: <coroutine object subscribe_recv.<locals>._recv_loop at 0x7efdd68b00c0>
Traceback (most recent call last):
  File "/usr/src/adkg/adkg/utils/misc.py", line 92, in _recv_loop
    j, (tag, o) = await recv()
  File "/usr/lib/python3.8/asyncio/queues.py", line 165, in get
    getter.cancel()  # Just in case getter is not done yet.
  File "uvloop/loop.pyx", line 1281, in uvloop.loop.Loop.call_soon
  File "uvloop/loop.pyx", line 669, in uvloop.loop.Loop._call_soon
  File "uvloop/loop.pyx", line 678, in uvloop.loop.Loop._call_soon_handle
  File "uvloop/loop.pyx", line 673, in uvloop.loop.Loop._append_ready_handle
  File "uvloop/loop.pyx", line 705, in uvloop.loop.Loop._check_closed
RuntimeError: Event loop is closed
Exception ignored in: <coroutine object subscribe_recv.<locals>._recv_loop at 0x7efdd65ddf40>
Traceback (most recent call last):
  File "/usr/src/adkg/adkg/utils/misc.py", line 92, in _recv_loop
    j, (tag, o) = await recv()
  File "/usr/lib/python3.8/asyncio/queues.py", line 165, in get
    getter.cancel()  # Just in case getter is not done yet.
  File "uvloop/loop.pyx", line 1281, in uvloop.loop.Loop.call_soon
  File "uvloop/loop.pyx", line 669, in uvloop.loop.Loop._call_soon
  File "uvloop/loop.pyx", line 678, in uvloop.loop.Loop._call_soon_handle
  File "uvloop/loop.pyx", line 673, in uvloop.loop.Loop._append_ready_handle
  File "uvloop/loop.pyx", line 705, in uvloop.loop.Loop._check_closed
RuntimeError: Event loop is closed
Exception ignored in: <coroutine object subscribe_recv.<locals>._recv_loop at 0x7efdd68a24c0>
Traceback (most recent call last):
  File "/usr/src/adkg/adkg/utils/misc.py", line 92, in _recv_loop
    j, (tag, o) = await recv()
  File "/usr/lib/python3.8/asyncio/queues.py", line 165, in get
    getter.cancel()  # Just in case getter is not done yet.
  File "uvloop/loop.pyx", line 1281, in uvloop.loop.Loop.call_soon
  File "uvloop/loop.pyx", line 669, in uvloop.loop.Loop._call_soon
  File "uvloop/loop.pyx", line 678, in uvloop.loop.Loop._call_soon_handle
  File "uvloop/loop.pyx", line 673, in uvloop.loop.Loop._append_ready_handle
  File "uvloop/loop.pyx", line 705, in uvloop.loop.Loop._check_closed
RuntimeError: Event loop is closed
Exception ignored in: <coroutine object subscribe_recv.<locals>._recv_loop at 0x7efdd68a25c0>
Traceback (most recent call last):
  File "/usr/src/adkg/adkg/utils/misc.py", line 92, in _recv_loop
    j, (tag, o) = await recv()
  File "/usr/lib/python3.8/asyncio/queues.py", line 165, in get
    getter.cancel()  # Just in case getter is not done yet.
  File "uvloop/loop.pyx", line 1281, in uvloop.loop.Loop.call_soon
  File "uvloop/loop.pyx", line 669, in uvloop.loop.Loop._call_soon
  File "uvloop/loop.pyx", line 678, in uvloop.loop.Loop._call_soon_handle
  File "uvloop/loop.pyx", line 673, in uvloop.loop.Loop._append_ready_handle
  File "uvloop/loop.pyx", line 705, in uvloop.loop.Loop._check_closed
RuntimeError: Event loop is closed
Exception ignored in: <coroutine object subscribe_recv.<locals>._recv_loop at 0x7efdd68a26c0>
Traceback (most recent call last):
  File "/usr/src/adkg/adkg/utils/misc.py", line 92, in _recv_loop
    j, (tag, o) = await recv()
  File "/usr/lib/python3.8/asyncio/queues.py", line 165, in get
    getter.cancel()  # Just in case getter is not done yet.
  File "uvloop/loop.pyx", line 1281, in uvloop.loop.Loop.call_soon
  File "uvloop/loop.pyx", line 669, in uvloop.loop.Loop._call_soon
  File "uvloop/loop.pyx", line 678, in uvloop.loop.Loop._call_soon_handle
  File "uvloop/loop.pyx", line 673, in uvloop.loop.Loop._append_ready_handle
  File "uvloop/loop.pyx", line 705, in uvloop.loop.Loop._check_closed
RuntimeError: Event loop is closed
Exception ignored in: <coroutine object subscribe_recv.<locals>._recv_loop at 0x7efdd68a27c0>
Traceback (most recent call last):
  File "/usr/src/adkg/adkg/utils/misc.py", line 92, in _recv_loop
    j, (tag, o) = await recv()
  File "/usr/lib/python3.8/asyncio/queues.py", line 165, in get
    getter.cancel()  # Just in case getter is not done yet.
  File "uvloop/loop.pyx", line 1281, in uvloop.loop.Loop.call_soon
  File "uvloop/loop.pyx", line 669, in uvloop.loop.Loop._call_soon
  File "uvloop/loop.pyx", line 678, in uvloop.loop.Loop._call_soon_handle
  File "uvloop/loop.pyx", line 673, in uvloop.loop.Loop._append_ready_handle
  File "uvloop/loop.pyx", line 705, in uvloop.loop.Loop._check_closed
RuntimeError: Event loop is closed
Exception ignored in: <coroutine object subscribe_recv.<locals>._recv_loop at 0x7efdd6908340>
Traceback (most recent call last):
  File "/usr/src/adkg/adkg/utils/misc.py", line 92, in _recv_loop
    j, (tag, o) = await recv()
  File "/usr/lib/python3.8/asyncio/queues.py", line 165, in get
    getter.cancel()  # Just in case getter is not done yet.
  File "uvloop/loop.pyx", line 1281, in uvloop.loop.Loop.call_soon
  File "uvloop/loop.pyx", line 669, in uvloop.loop.Loop._call_soon
  File "uvloop/loop.pyx", line 678, in uvloop.loop.Loop._call_soon_handle
  File "uvloop/loop.pyx", line 673, in uvloop.loop.Loop._append_ready_handle
  File "uvloop/loop.pyx", line 705, in uvloop.loop.Loop._check_closed
RuntimeError: Event loop is closed
Exception ignored in: <coroutine object subscribe_recv.<locals>._recv_loop at 0x7efdd6908940>
Traceback (most recent call last):
  File "/usr/src/adkg/adkg/utils/misc.py", line 92, in _recv_loop
    j, (tag, o) = await recv()
  File "/usr/lib/python3.8/asyncio/queues.py", line 165, in get
    getter.cancel()  # Just in case getter is not done yet.
  File "uvloop/loop.pyx", line 1281, in uvloop.loop.Loop.call_soon
  File "uvloop/loop.pyx", line 669, in uvloop.loop.Loop._call_soon
  File "uvloop/loop.pyx", line 678, in uvloop.loop.Loop._call_soon_handle
  File "uvloop/loop.pyx", line 673, in uvloop.loop.Loop._append_ready_handle
  File "uvloop/loop.pyx", line 705, in uvloop.loop.Loop._check_closed
RuntimeError: Event loop is closed
Exception ignored in: <coroutine object subscribe_recv.<locals>._recv_loop at 0x7efdd69089c0>
Traceback (most recent call last):
  File "/usr/src/adkg/adkg/utils/misc.py", line 92, in _recv_loop
    j, (tag, o) = await recv()
  File "/usr/lib/python3.8/asyncio/queues.py", line 165, in get
    getter.cancel()  # Just in case getter is not done yet.
  File "uvloop/loop.pyx", line 1281, in uvloop.loop.Loop.call_soon
  File "uvloop/loop.pyx", line 669, in uvloop.loop.Loop._call_soon
  File "uvloop/loop.pyx", line 678, in uvloop.loop.Loop._call_soon_handle
  File "uvloop/loop.pyx", line 673, in uvloop.loop.Loop._append_ready_handle
  File "uvloop/loop.pyx", line 705, in uvloop.loop.Loop._check_closed
RuntimeError: Event loop is closed
Exception ignored in: <coroutine object subscribe_recv.<locals>._recv_loop at 0x7efdd6908840>
Traceback (most recent call last):
  File "/usr/src/adkg/adkg/utils/misc.py", line 92, in _recv_loop
    j, (tag, o) = await recv()
  File "/usr/lib/python3.8/asyncio/queues.py", line 165, in get
    getter.cancel()  # Just in case getter is not done yet.
  File "uvloop/loop.pyx", line 1281, in uvloop.loop.Loop.call_soon
  File "uvloop/loop.pyx", line 669, in uvloop.loop.Loop._call_soon
  File "uvloop/loop.pyx", line 678, in uvloop.loop.Loop._call_soon_handle
  File "uvloop/loop.pyx", line 673, in uvloop.loop.Loop._append_ready_handle
  File "uvloop/loop.pyx", line 705, in uvloop.loop.Loop._check_closed
RuntimeError: Event loop is closed
