2025-12-16 09:15:27,309 INFO [root] Running ADMPC ...
2025-12-16 09:15:28,667 INFO [root] my_send_id: 16
2025-12-16 09:15:28,759 INFO [root] ADMPC start time: 1765876528.7598393
2025-12-16 09:15:28,764 INFO [root] [Layer 4] Reached run_admpc checkpoint
2025-12-16 09:15:28,769 INFO [beaver.transfer] [0] Starting DynamicTransfer_Foll
2025-12-16 09:15:28,769 INFO [beaver.transfer] [0] Starting ACSS to share 25 secrets
2025-12-16 09:15:28,770 INFO [root] [0] Starting Batch AVSS. Id: 0, Dealer Id: 0, Client Mode: False
2025-12-16 09:15:28,770 INFO [root] [0] AVSS tag: 0-0-4-B-AVSS
2025-12-16 09:15:28,770 INFO [root] [0] RBC tag: 0-0-4-B-RBC
2025-12-16 09:15:28,770 INFO [root] [0] Starting AVSS with shares_num: 25, dealer_id: 0, client_mode: False
2025-12-16 09:15:28,770 INFO [root] rbc_list: [12, 16, 17, 18, 19]
2025-12-16 09:15:28,770 INFO [root] committee_size: 4
2025-12-16 09:15:28,771 INFO [root] n: 5
2025-12-16 09:15:28,771 INFO [root] f: 1
2025-12-16 09:15:28,771 INFO [root] pid: 1
2025-12-16 09:15:28,771 INFO [root] leader: 0
2025-12-16 09:15:28,771 INFO [root] [0] Starting Batch AVSS. Id: 0, Dealer Id: 1, Client Mode: False
2025-12-16 09:15:28,771 INFO [root] [0] AVSS tag: 1-0-4-B-AVSS
2025-12-16 09:15:28,771 INFO [root] [0] RBC tag: 1-0-4-B-RBC
2025-12-16 09:15:28,771 INFO [root] [0] Starting AVSS with shares_num: 25, dealer_id: 1, client_mode: False
2025-12-16 09:15:28,771 INFO [root] rbc_list: [13, 16, 17, 18, 19]
2025-12-16 09:15:28,771 INFO [root] committee_size: 4
2025-12-16 09:15:28,771 INFO [root] n: 5
2025-12-16 09:15:28,771 INFO [root] f: 1
2025-12-16 09:15:28,771 INFO [root] pid: 0
2025-12-16 09:15:28,771 INFO [root] leader: 1
2025-12-16 09:15:28,774 INFO [root] [0] Starting Batch AVSS. Id: 0, Dealer Id: 2, Client Mode: False
2025-12-16 09:15:28,774 INFO [root] [0] AVSS tag: 2-0-4-B-AVSS
2025-12-16 09:15:28,774 INFO [root] [0] RBC tag: 2-0-4-B-RBC
2025-12-16 09:15:28,774 INFO [root] [0] Starting AVSS with shares_num: 25, dealer_id: 2, client_mode: False
2025-12-16 09:15:28,774 INFO [root] rbc_list: [14, 16, 17, 18, 19]
2025-12-16 09:15:28,774 INFO [root] committee_size: 4
2025-12-16 09:15:28,774 INFO [root] n: 5
2025-12-16 09:15:28,775 INFO [root] f: 1
2025-12-16 09:15:28,775 INFO [root] pid: 0
2025-12-16 09:15:28,775 INFO [root] leader: 2
2025-12-16 09:15:28,775 INFO [root] [0] Starting Batch AVSS. Id: 0, Dealer Id: 3, Client Mode: False
2025-12-16 09:15:28,775 INFO [root] [0] AVSS tag: 3-0-4-B-AVSS
2025-12-16 09:15:28,775 INFO [root] [0] RBC tag: 3-0-4-B-RBC
2025-12-16 09:15:28,775 INFO [root] [0] Starting AVSS with shares_num: 25, dealer_id: 3, client_mode: False
2025-12-16 09:15:28,775 INFO [root] rbc_list: [15, 16, 17, 18, 19]
2025-12-16 09:15:28,775 INFO [root] committee_size: 4
2025-12-16 09:15:28,775 INFO [root] n: 5
2025-12-16 09:15:28,776 INFO [root] f: 1
2025-12-16 09:15:28,776 INFO [root] pid: 0
2025-12-16 09:15:28,778 INFO [root] leader: 3
2025-12-16 09:15:33,904 INFO [root] [0] Received VAL message from 14
2025-12-16 09:15:33,904 INFO [root] entering n == commitee_size + 1
2025-12-16 09:15:33,904 INFO [root] [0] sender: 14, leader: 2
2025-12-16 09:15:33,905 INFO [root] [0] Successfully validated VAL message
2025-12-16 09:15:33,905 INFO [root] [0] Broadcasted ECHO message for roothash b'\x18G\x98\x0cehuOH\x044\x91J\xcaH^0\xea}\xaf*\x0c7\x9d\x9f\x7f\x17\x96\xd2fT\xc4'
2025-12-16 09:15:33,905 INFO [root] broadcast Sending to 1: 16
2025-12-16 09:15:33,905 INFO [root] broadcast Sending to 2: 17
2025-12-16 09:15:33,905 INFO [root] broadcast Sending to 3: 18
2025-12-16 09:15:33,905 INFO [root] broadcast Sending to 4: 19
2025-12-16 09:15:33,905 INFO [root] [0] Received ECHO message from 17
2025-12-16 09:15:33,905 INFO [root] [1] Received VAL message from 12
2025-12-16 09:15:33,905 INFO [root] entering n == commitee_size + 1
2025-12-16 09:15:33,905 INFO [root] [1] sender: 12, leader: 0
2025-12-16 09:15:33,905 INFO [root] [1] Successfully validated VAL message
2025-12-16 09:15:33,905 INFO [root] [1] Broadcasted ECHO message for roothash b'at\xc9\\\xca_\x19\x87hm}\xe0\xd5w\xbfS\x12?\x1b\x88\xe4\xe5\xfa\xe2\x16x{\x16i\xcc\x9b\x90'
2025-12-16 09:15:33,905 INFO [root] broadcast Sending to 1: 16
2025-12-16 09:15:33,905 INFO [root] broadcast Sending to 2: 17
2025-12-16 09:15:33,905 INFO [root] broadcast Sending to 3: 18
2025-12-16 09:15:33,905 INFO [root] broadcast Sending to 4: 19
2025-12-16 09:15:33,905 INFO [root] [1] Received ECHO message from 17
2025-12-16 09:15:33,906 INFO [root] [0] Received ECHO message from 16
2025-12-16 09:15:33,907 INFO [root] [1] Received ECHO message from 16
2025-12-16 09:15:33,907 INFO [root] [0] Received VAL message from 13
2025-12-16 09:15:33,907 INFO [root] entering n == commitee_size + 1
2025-12-16 09:15:33,907 INFO [root] [0] sender: 13, leader: 1
2025-12-16 09:15:33,907 INFO [root] [0] Successfully validated VAL message
2025-12-16 09:15:33,907 INFO [root] [0] Broadcasted ECHO message for roothash b'\xf1\x12\x82do\x85ev|\xcd\x83!M\xe74k\xa0r\xba85\nH\x9a\x97\xef_\xf0\xc1li#'
2025-12-16 09:15:33,907 INFO [root] broadcast Sending to 1: 16
2025-12-16 09:15:33,907 INFO [root] broadcast Sending to 2: 17
2025-12-16 09:15:33,907 INFO [root] broadcast Sending to 3: 18
2025-12-16 09:15:33,907 INFO [root] broadcast Sending to 4: 19
2025-12-16 09:15:33,907 INFO [root] [0] Received ECHO message from 17
2025-12-16 09:15:33,907 INFO [root] [0] Received ECHO message from 16
2025-12-16 09:15:33,908 INFO [root] [0] Received ECHO message from 18
2025-12-16 09:15:33,908 INFO [root] [0] Broadcasted READY message for roothash b'\x18G\x98\x0cehuOH\x044\x91J\xcaH^0\xea}\xaf*\x0c7\x9d\x9f\x7f\x17\x96\xd2fT\xc4'
2025-12-16 09:15:33,908 INFO [root] broadcast Sending to 1: 16
2025-12-16 09:15:33,908 INFO [root] broadcast Sending to 2: 17
2025-12-16 09:15:33,908 INFO [root] broadcast Sending to 3: 18
2025-12-16 09:15:33,908 INFO [root] broadcast Sending to 4: 19
2025-12-16 09:15:33,909 INFO [root] [0] Received READY message from 16
2025-12-16 09:15:33,909 INFO [root] [0] Received READY message from 17
2025-12-16 09:15:33,909 INFO [root] [1] Received ECHO message from 18
2025-12-16 09:15:33,909 INFO [root] [1] Broadcasted READY message for roothash b'at\xc9\\\xca_\x19\x87hm}\xe0\xd5w\xbfS\x12?\x1b\x88\xe4\xe5\xfa\xe2\x16x{\x16i\xcc\x9b\x90'
2025-12-16 09:15:33,909 INFO [root] broadcast Sending to 1: 16
2025-12-16 09:15:33,909 INFO [root] broadcast Sending to 2: 17
2025-12-16 09:15:33,909 INFO [root] broadcast Sending to 3: 18
2025-12-16 09:15:33,909 INFO [root] broadcast Sending to 4: 19
2025-12-16 09:15:33,909 INFO [root] [0] Received ECHO message from 18
2025-12-16 09:15:33,909 INFO [root] [0] Broadcasted READY message for roothash b'\xf1\x12\x82do\x85ev|\xcd\x83!M\xe74k\xa0r\xba85\nH\x9a\x97\xef_\xf0\xc1li#'
2025-12-16 09:15:33,909 INFO [root] broadcast Sending to 1: 16
2025-12-16 09:15:33,909 INFO [root] broadcast Sending to 2: 17
2025-12-16 09:15:33,909 INFO [root] broadcast Sending to 3: 18
2025-12-16 09:15:33,910 INFO [root] broadcast Sending to 4: 19
2025-12-16 09:15:33,910 INFO [root] [1] Received READY message from 16
2025-12-16 09:15:33,910 INFO [root] [0] Received READY message from 16
2025-12-16 09:15:33,910 INFO [root] [0] Received VAL message from 15
2025-12-16 09:15:33,910 INFO [root] entering n == commitee_size + 1
2025-12-16 09:15:33,910 INFO [root] [0] sender: 15, leader: 3
2025-12-16 09:15:33,910 INFO [root] [0] Successfully validated VAL message
2025-12-16 09:15:33,910 INFO [root] [0] Broadcasted ECHO message for roothash b'^_\xcd}\xe9\x85R\xde\x9b\x9b\x07\x97\xff\x91\xc1\xa41Z \xbe\x9b\x06N\x1d\x8e\xb5\x042\x17\xe7;\xf0'
2025-12-16 09:15:33,910 INFO [root] broadcast Sending to 1: 16
2025-12-16 09:15:33,910 INFO [root] broadcast Sending to 2: 17
2025-12-16 09:15:33,910 INFO [root] broadcast Sending to 3: 18
2025-12-16 09:15:33,910 INFO [root] broadcast Sending to 4: 19
2025-12-16 09:15:33,910 INFO [root] [1] Received READY message from 17
2025-12-16 09:15:33,910 INFO [root] [0] Received ECHO message from 17
2025-12-16 09:15:33,910 INFO [root] [0] Received READY message from 17
2025-12-16 09:15:33,910 INFO [root] [0] Received ECHO message from 16
2025-12-16 09:15:33,912 INFO [root] [0] Received ECHO message from 19
2025-12-16 09:15:33,912 INFO [root] [0] Received READY message from 19
2025-12-16 09:15:33,912 INFO [root] Decoding output for roothash: b'\x18G\x98\x0cehuOH\x044\x91J\xcaH^0\xea}\xaf*\x0c7\x9d\x9f\x7f\x17\x96\xd2fT\xc4'
2025-12-16 09:15:33,913 INFO [root] [0] Received RBC message
2025-12-16 09:15:33,913 INFO [root] multicast list: [16, 17, 18, 19]
2025-12-16 09:15:33,913 INFO [root] before avid.retrieve
2025-12-16 09:15:33,913 INFO [root] [1] Received ECHO message from 19
2025-12-16 09:15:33,913 INFO [root] [1] Received READY message from 19
2025-12-16 09:15:33,913 INFO [root] Decoding output for roothash: b'at\xc9\\\xca_\x19\x87hm}\xe0\xd5w\xbfS\x12?\x1b\x88\xe4\xe5\xfa\xe2\x16x{\x16i\xcc\x9b\x90'
2025-12-16 09:15:33,913 INFO [root] [0] Received RBC message
2025-12-16 09:15:33,913 INFO [root] multicast list: [16, 17, 18, 19]
2025-12-16 09:15:33,913 INFO [root] before avid.retrieve
2025-12-16 09:15:33,913 INFO [root] [0] Received ECHO message from 19
2025-12-16 09:15:33,913 INFO [root] [0] Received READY message from 19
2025-12-16 09:15:33,913 INFO [root] Decoding output for roothash: b'\xf1\x12\x82do\x85ev|\xcd\x83!M\xe74k\xa0r\xba85\nH\x9a\x97\xef_\xf0\xc1li#'
2025-12-16 09:15:33,914 INFO [root] [0] Received RBC message
2025-12-16 09:15:33,914 INFO [root] multicast list: [16, 17, 18, 19]
2025-12-16 09:15:33,914 INFO [root] before avid.retrieve
2025-12-16 09:15:33,914 INFO [root] [0] Received ECHO message from 19
2025-12-16 09:15:33,914 INFO [root] [0] Broadcasted READY message for roothash b'^_\xcd}\xe9\x85R\xde\x9b\x9b\x07\x97\xff\x91\xc1\xa41Z \xbe\x9b\x06N\x1d\x8e\xb5\x042\x17\xe7;\xf0'
2025-12-16 09:15:33,914 INFO [root] broadcast Sending to 1: 16
2025-12-16 09:15:33,914 INFO [root] broadcast Sending to 2: 17
2025-12-16 09:15:33,914 INFO [root] broadcast Sending to 3: 18
2025-12-16 09:15:33,914 INFO [root] broadcast Sending to 4: 19
2025-12-16 09:15:33,914 INFO [root] [0] Received READY message from 16
2025-12-16 09:15:33,914 INFO [root] [0] Received READY message from 19
2025-12-16 09:15:33,914 INFO [root] [0] Received READY message from 17
2025-12-16 09:15:33,914 INFO [root] Decoding output for roothash: b'^_\xcd}\xe9\x85R\xde\x9b\x9b\x07\x97\xff\x91\xc1\xa41Z \xbe\x9b\x06N\x1d\x8e\xb5\x042\x17\xe7;\xf0'
2025-12-16 09:15:33,914 INFO [root] [0] Received RBC message
2025-12-16 09:15:33,914 INFO [root] multicast list: [16, 17, 18, 19]
2025-12-16 09:15:33,914 INFO [root] before avid.retrieve
2025-12-16 09:15:34,196 INFO [root] AVID broadcast to 1: 16
2025-12-16 09:15:34,196 INFO [root] AVID broadcast to 2: 17
2025-12-16 09:15:34,196 INFO [root] AVID broadcast to 3: 18
2025-12-16 09:15:34,196 INFO [root] AVID broadcast to 4: 19
2025-12-16 09:15:34,196 INFO [root] AVID broadcast to 1: 16
2025-12-16 09:15:34,196 INFO [root] AVID broadcast to 2: 17
2025-12-16 09:15:34,196 INFO [root] AVID broadcast to 3: 18
2025-12-16 09:15:34,197 INFO [root] AVID broadcast to 4: 19
2025-12-16 09:15:34,197 INFO [root] AVID broadcast to 1: 16
2025-12-16 09:15:34,197 INFO [root] AVID broadcast to 2: 17
2025-12-16 09:15:34,197 INFO [root] AVID broadcast to 3: 18
2025-12-16 09:15:34,197 INFO [root] AVID broadcast to 4: 19
2025-12-16 09:15:34,200 INFO [root] AVID broadcast to 1: 16
2025-12-16 09:15:34,200 INFO [root] AVID broadcast to 2: 17
2025-12-16 09:15:34,200 INFO [root] AVID broadcast to 3: 18
2025-12-16 09:15:34,201 INFO [root] AVID broadcast to 4: 19
2025-12-16 09:15:34,201 INFO [root] disperse msid: 2-0-4-B-AVSS, index: 3
2025-12-16 09:15:34,201 INFO [root] AVID retrieve called with sid: 2-0-4-B-AVID, index: 3
2025-12-16 09:15:34,201 INFO [root] disperse msid: 1-0-4-B-AVSS, index: 3
2025-12-16 09:15:34,201 INFO [root] AVID retrieve called with sid: 1-0-4-B-AVID, index: 3
2025-12-16 09:15:34,201 INFO [root] disperse msid: 1-0-4-B-AVSS, index: 1
2025-12-16 09:15:34,201 INFO [root] AVID retrieve called with sid: 1-0-4-B-AVID, index: 1
2025-12-16 09:15:34,201 INFO [root] AVID broadcast to 1: 16
2025-12-16 09:15:34,201 INFO [root] AVID broadcast to 2: 17
2025-12-16 09:15:34,201 INFO [root] AVID broadcast to 3: 18
2025-12-16 09:15:34,201 INFO [root] AVID broadcast to 4: 19
2025-12-16 09:15:34,201 INFO [root] 2-0-4-B-AVSS 0 RETRIEVE called.
2025-12-16 09:15:34,201 INFO [root] AVID broadcast to 1: 16
2025-12-16 09:15:34,201 INFO [root] AVID broadcast to 2: 17
2025-12-16 09:15:34,201 INFO [root] AVID broadcast to 3: 18
2025-12-16 09:15:34,201 INFO [root] AVID broadcast to 4: 19
2025-12-16 09:15:34,201 INFO [root] 2-0-4-B-AVSS 0 RETRIEVE broadcasted.
2025-12-16 09:15:34,201 INFO [root] 1-0-4-B-AVSS 0 RETRIEVE called.
2025-12-16 09:15:34,201 INFO [root] AVID broadcast to 1: 16
2025-12-16 09:15:34,201 INFO [root] AVID broadcast to 2: 17
2025-12-16 09:15:34,201 INFO [root] AVID broadcast to 3: 18
2025-12-16 09:15:34,201 INFO [root] AVID broadcast to 4: 19
2025-12-16 09:15:34,201 INFO [root] 1-0-4-B-AVSS 0 RETRIEVE broadcasted.
2025-12-16 09:15:34,201 INFO [root] disperse msid: 2-0-4-B-AVSS, index: 0
2025-12-16 09:15:34,201 INFO [root] AVID retrieve called with sid: 2-0-4-B-AVID, index: 0
2025-12-16 09:15:34,201 INFO [root] disperse msid: 1-0-4-B-AVSS, index: 0
2025-12-16 09:15:34,201 INFO [root] AVID retrieve called with sid: 1-0-4-B-AVID, index: 0
2025-12-16 09:15:34,201 INFO [root] 2-0-4-B-AVSS 0 AVID retrieve msg from 16
2025-12-16 09:15:34,202 INFO [root] AVID retrieve response received
2025-12-16 09:15:34,202 INFO [root] retrieve msid: 2-0-4-B-AVID, response_index: 0
2025-12-16 09:15:34,202 INFO [root] RESPONSE from 16
2025-12-16 09:15:34,202 INFO [root] sender self.committee_size: 0
2025-12-16 09:15:34,202 INFO [root] 1-0-4-B-AVSS 0 AVID retrieve msg from 16
2025-12-16 09:15:34,202 INFO [root] AVID retrieve response received
2025-12-16 09:15:34,202 INFO [root] retrieve msid: 1-0-4-B-AVID, response_index: 0
2025-12-16 09:15:34,202 INFO [root] RESPONSE from 16
2025-12-16 09:15:34,202 INFO [root] sender self.committee_size: 0
2025-12-16 09:15:34,203 INFO [root] disperse msid: 2-0-4-B-AVSS, index: 2
2025-12-16 09:15:34,203 INFO [root] AVID retrieve called with sid: 2-0-4-B-AVID, index: 2
2025-12-16 09:15:34,203 INFO [root] disperse msid: 1-0-4-B-AVSS, index: 2
2025-12-16 09:15:34,203 INFO [root] AVID retrieve called with sid: 1-0-4-B-AVID, index: 2
2025-12-16 09:15:34,205 INFO [root] 2-0-4-B-AVSS 0 AVID retrieve msg from 18
2025-12-16 09:15:34,205 INFO [root] AVID retrieve response received
2025-12-16 09:15:34,205 INFO [root] retrieve msid: 2-0-4-B-AVID, response_index: 0
2025-12-16 09:15:34,205 INFO [root] RESPONSE from 18
2025-12-16 09:15:34,205 INFO [root] sender self.committee_size: 2
2025-12-16 09:15:34,206 INFO [root] 2-0-4-B-AVSS 0 RETRIEVE complete.
2025-12-16 09:15:34,206 INFO [root] after avid.retrieve dispersal_msg
2025-12-16 09:15:34,206 INFO [root] Handling dealer messages for dealer_id: 2, tag: 2-0-4-B-AVSS
2025-12-16 09:15:34,227 INFO [root] shares verified successfully
2025-12-16 09:15:34,227 INFO [root] all_shares_valid: True
2025-12-16 09:15:34,227 INFO [root] after _handle_dealer_msgs, all_shares_valid
2025-12-16 09:15:34,227 INFO [root] self.tagvars[tag]['all_shares_valid']: True
2025-12-16 09:15:34,227 INFO [root] multicast to 16
2025-12-16 09:15:34,227 INFO [root] multicast to 17
2025-12-16 09:15:34,227 INFO [root] multicast to 18
2025-12-16 09:15:34,227 INFO [root] multicast to 19
2025-12-16 09:15:34,227 INFO [root] 1-0-4-B-AVSS 0 AVID retrieve msg from 18
2025-12-16 09:15:34,227 INFO [root] AVID retrieve response received
2025-12-16 09:15:34,227 INFO [root] retrieve msid: 1-0-4-B-AVID, response_index: 0
2025-12-16 09:15:34,227 INFO [root] RESPONSE from 18
2025-12-16 09:15:34,227 INFO [root] sender self.committee_size: 2
2025-12-16 09:15:34,228 INFO [root] 1-0-4-B-AVSS 0 RETRIEVE complete.
2025-12-16 09:15:34,228 INFO [root] after avid.retrieve dispersal_msg
2025-12-16 09:15:34,228 INFO [root] Handling dealer messages for dealer_id: 1, tag: 1-0-4-B-AVSS
2025-12-16 09:15:34,238 INFO [root] shares verified successfully
2025-12-16 09:15:34,238 INFO [root] all_shares_valid: True
2025-12-16 09:15:34,239 INFO [root] after _handle_dealer_msgs, all_shares_valid
2025-12-16 09:15:34,239 INFO [root] self.tagvars[tag]['all_shares_valid']: True
2025-12-16 09:15:34,239 INFO [root] multicast to 16
2025-12-16 09:15:34,239 INFO [root] multicast to 17
2025-12-16 09:15:34,239 INFO [root] multicast to 18
2025-12-16 09:15:34,239 INFO [root] multicast to 19
2025-12-16 09:15:34,239 INFO [root] [0] Received OK from [16]
2025-12-16 09:15:34,239 INFO [root] [0] OK set: {16}
2025-12-16 09:15:34,239 INFO [root] output: True
2025-12-16 09:15:34,240 INFO [root] [0] Received OK from [16]
2025-12-16 09:15:34,240 INFO [root] [0] OK set: {16}
2025-12-16 09:15:34,240 INFO [root] output: True
2025-12-16 09:15:34,240 INFO [root] AVID broadcast to 1: 16
2025-12-16 09:15:34,240 INFO [root] AVID broadcast to 2: 17
2025-12-16 09:15:34,240 INFO [root] AVID broadcast to 3: 18
2025-12-16 09:15:34,240 INFO [root] AVID broadcast to 4: 19
2025-12-16 09:15:34,240 INFO [root] [0] Received OK from [17]
2025-12-16 09:15:34,240 INFO [root] [0] OK set: {16, 17}
2025-12-16 09:15:34,240 INFO [root] output: True
2025-12-16 09:15:34,240 INFO [root] [0] Received OK from [19]
2025-12-16 09:15:34,240 INFO [root] [0] OK set: {16, 17, 19}
2025-12-16 09:15:34,240 INFO [root] output: True
2025-12-16 09:15:34,240 INFO [root] disperse msid: 2-0-4-B-AVSS, index: 1
2025-12-16 09:15:34,240 INFO [root] AVID retrieve called with sid: 2-0-4-B-AVID, index: 1
2025-12-16 09:15:34,240 INFO [root] AVID broadcast to 1: 16
2025-12-16 09:15:34,240 INFO [root] AVID broadcast to 2: 17
2025-12-16 09:15:34,240 INFO [root] AVID broadcast to 3: 18
2025-12-16 09:15:34,240 INFO [root] AVID broadcast to 4: 19
2025-12-16 09:15:34,240 INFO [root] [0] Received OK from [19]
2025-12-16 09:15:34,240 INFO [root] [0] OK set: {16, 19}
2025-12-16 09:15:34,240 INFO [root] output: True
2025-12-16 09:15:34,240 INFO [root] 3-0-4-B-AVSS 0 RETRIEVE called.
2025-12-16 09:15:34,240 INFO [root] AVID broadcast to 1: 16
2025-12-16 09:15:34,240 INFO [root] AVID broadcast to 2: 17
2025-12-16 09:15:34,240 INFO [root] AVID broadcast to 3: 18
2025-12-16 09:15:34,240 INFO [root] AVID broadcast to 4: 19
2025-12-16 09:15:34,240 INFO [root] 3-0-4-B-AVSS 0 RETRIEVE broadcasted.
2025-12-16 09:15:34,240 INFO [root] disperse msid: 3-0-4-B-AVSS, index: 0
2025-12-16 09:15:34,240 INFO [root] AVID retrieve called with sid: 3-0-4-B-AVID, index: 0
2025-12-16 09:15:34,240 INFO [root] AVID broadcast to 1: 16
2025-12-16 09:15:34,240 INFO [root] AVID broadcast to 2: 17
2025-12-16 09:15:34,240 INFO [root] AVID broadcast to 3: 18
2025-12-16 09:15:34,240 INFO [root] AVID broadcast to 4: 19
2025-12-16 09:15:34,241 INFO [root] 3-0-4-B-AVSS 0 AVID retrieve msg from 16
2025-12-16 09:15:34,241 INFO [root] AVID retrieve response received
2025-12-16 09:15:34,241 INFO [root] retrieve msid: 3-0-4-B-AVID, response_index: 0
2025-12-16 09:15:34,241 INFO [root] RESPONSE from 16
2025-12-16 09:15:34,241 INFO [root] sender self.committee_size: 0
2025-12-16 09:15:34,241 INFO [root] 3-0-4-B-AVSS 0 AVID retrieve msg from 19
2025-12-16 09:15:34,241 INFO [root] AVID retrieve response received
2025-12-16 09:15:34,241 INFO [root] retrieve msid: 3-0-4-B-AVID, response_index: 0
2025-12-16 09:15:34,241 INFO [root] RESPONSE from 19
2025-12-16 09:15:34,241 INFO [root] sender self.committee_size: 3
2025-12-16 09:15:34,241 INFO [root] 3-0-4-B-AVSS 0 RETRIEVE complete.
2025-12-16 09:15:34,241 INFO [root] after avid.retrieve dispersal_msg
2025-12-16 09:15:34,241 INFO [root] Handling dealer messages for dealer_id: 3, tag: 3-0-4-B-AVSS
2025-12-16 09:15:34,253 INFO [root] shares verified successfully
2025-12-16 09:15:34,253 INFO [root] all_shares_valid: True
2025-12-16 09:15:34,253 INFO [root] after _handle_dealer_msgs, all_shares_valid
2025-12-16 09:15:34,253 INFO [root] self.tagvars[tag]['all_shares_valid']: True
2025-12-16 09:15:34,253 INFO [root] multicast to 16
2025-12-16 09:15:34,253 INFO [root] multicast to 17
2025-12-16 09:15:34,253 INFO [root] multicast to 18
2025-12-16 09:15:34,253 INFO [root] multicast to 19
2025-12-16 09:15:34,254 INFO [root] key_proposal: [2, 1, 3]
2025-12-16 09:15:34,254 INFO [beaver.transfer] [0] [random shares] Starting ACS where node 1 is set as leader 
2025-12-16 09:15:34,254 INFO [beaver.transfer] [0] [random shares] The proposal of node 0 is [2, 1, 3]
2025-12-16 09:15:34,254 INFO [root] enter handle_message
2025-12-16 09:15:34,254 INFO [root] [0] Received OK from [16]
2025-12-16 09:15:34,254 INFO [root] [0] OK set: {16}
2025-12-16 09:15:34,254 INFO [root] output: True
2025-12-16 09:15:34,255 INFO [root] disperse msid: 3-0-4-B-AVSS, index: 3
2025-12-16 09:15:34,255 INFO [root] AVID retrieve called with sid: 3-0-4-B-AVID, index: 3
2025-12-16 09:15:34,255 INFO [root] disperse msid: 3-0-4-B-AVSS, index: 1
2025-12-16 09:15:34,255 INFO [root] AVID retrieve called with sid: 3-0-4-B-AVID, index: 1
2025-12-16 09:15:34,255 INFO [root] disperse msid: 3-0-4-B-AVSS, index: 2
2025-12-16 09:15:34,255 INFO [root] AVID retrieve called with sid: 3-0-4-B-AVID, index: 2
2025-12-16 09:15:34,255 INFO [root] [0] Received OK from [18]
2025-12-16 09:15:34,255 INFO [root] [0] OK set: {16, 18, 19}
2025-12-16 09:15:34,255 INFO [root] output: True
2025-12-16 09:15:34,255 INFO [root] disperse msid: 0-0-4-B-AVSS, index: 3
2025-12-16 09:15:34,255 INFO [root] AVID retrieve called with sid: 0-0-4-B-AVID, index: 3
2025-12-16 09:15:34,255 INFO [root] Sending deferred response sender:19 index:3
2025-12-16 09:15:34,255 INFO [root] disperse msid: 0-0-4-B-AVSS, index: 2
2025-12-16 09:15:34,255 INFO [root] AVID retrieve called with sid: 0-0-4-B-AVID, index: 2
2025-12-16 09:15:34,255 INFO [root] [0] Received OK from [18]
2025-12-16 09:15:34,255 INFO [root] [0] OK set: {16, 17, 18, 19}
2025-12-16 09:15:34,255 INFO [root] output: True
2025-12-16 09:15:34,255 INFO [root] [0] exit
2025-12-16 09:15:34,255 INFO [root] 0-0-4-B-AVSS 0 RETRIEVE called.
2025-12-16 09:15:34,255 INFO [root] AVID broadcast to 1: 16
2025-12-16 09:15:34,255 INFO [root] AVID broadcast to 2: 17
2025-12-16 09:15:34,255 INFO [root] AVID broadcast to 3: 18
2025-12-16 09:15:34,255 INFO [root] AVID broadcast to 4: 19
2025-12-16 09:15:34,255 INFO [root] 0-0-4-B-AVSS 0 RETRIEVE broadcasted.
2025-12-16 09:15:34,255 INFO [root] disperse msid: 0-0-4-B-AVSS, index: 0
2025-12-16 09:15:34,255 INFO [root] AVID retrieve called with sid: 0-0-4-B-AVID, index: 0
2025-12-16 09:15:34,255 INFO [root] 0-0-4-B-AVSS 0 AVID retrieve msg from 16
2025-12-16 09:15:34,255 INFO [root] AVID retrieve response received
2025-12-16 09:15:34,255 INFO [root] retrieve msid: 0-0-4-B-AVID, response_index: 0
2025-12-16 09:15:34,255 INFO [root] RESPONSE from 16
2025-12-16 09:15:34,255 INFO [root] sender self.committee_size: 0
2025-12-16 09:15:34,256 INFO [root] [0] Received OK from [17]
2025-12-16 09:15:34,256 INFO [root] [0] OK set: {16, 17, 18, 19}
2025-12-16 09:15:34,256 INFO [root] output: True
2025-12-16 09:15:34,256 INFO [root] [0] exit
2025-12-16 09:15:34,257 INFO [root] 0-0-4-B-AVSS 0 AVID retrieve msg from 17
2025-12-16 09:15:34,257 INFO [root] AVID retrieve response received
2025-12-16 09:15:34,257 INFO [root] retrieve msid: 0-0-4-B-AVID, response_index: 0
2025-12-16 09:15:34,257 INFO [root] RESPONSE from 17
2025-12-16 09:15:34,257 INFO [root] sender self.committee_size: 1
2025-12-16 09:15:34,257 INFO [root] 0-0-4-B-AVSS 0 RETRIEVE complete.
2025-12-16 09:15:34,257 INFO [root] after avid.retrieve dispersal_msg
2025-12-16 09:15:34,257 INFO [root] Handling dealer messages for dealer_id: 0, tag: 0-0-4-B-AVSS
2025-12-16 09:15:34,272 INFO [root] shares verified successfully
2025-12-16 09:15:34,272 INFO [root] all_shares_valid: True
2025-12-16 09:15:34,272 INFO [root] after _handle_dealer_msgs, all_shares_valid
2025-12-16 09:15:34,272 INFO [root] self.tagvars[tag]['all_shares_valid']: True
2025-12-16 09:15:34,272 INFO [root] multicast to 16
2025-12-16 09:15:34,272 INFO [root] multicast to 17
2025-12-16 09:15:34,272 INFO [root] multicast to 18
2025-12-16 09:15:34,272 INFO [root] multicast to 19
2025-12-16 09:15:34,272 INFO [root] disperse msid: 0-0-4-B-AVSS, index: 1
2025-12-16 09:15:34,272 INFO [root] AVID retrieve called with sid: 0-0-4-B-AVID, index: 1
2025-12-16 09:15:34,272 INFO [root] [0] Received OK from [16]
2025-12-16 09:15:34,272 INFO [root] [0] OK set: {16}
2025-12-16 09:15:34,272 INFO [root] output: True
2025-12-16 09:15:34,272 INFO [root] [0] Received OK from [17]
2025-12-16 09:15:34,272 INFO [root] [0] OK set: {16, 17}
2025-12-16 09:15:34,272 INFO [root] output: True
2025-12-16 09:15:34,272 INFO [root] [0] otmvba msg value
2025-12-16 09:15:34,272 INFO [root] [0] otmvba handle value message
2025-12-16 09:15:34,272 INFO [root] [0] value-self.acss_outputs.keys():dict_keys([2, 1, 3, 0])
2025-12-16 09:15:34,273 INFO [root] [0] --Directly send the proposal!--
2025-12-16 09:15:34,283 INFO [root] [0] Received OK from [19]
2025-12-16 09:15:34,283 INFO [root] [0] OK set: {16, 19}
2025-12-16 09:15:34,283 INFO [root] output: True
2025-12-16 09:15:34,283 INFO [root] [0] Received OK from [18]
2025-12-16 09:15:34,283 INFO [root] [0] OK set: {16, 18, 19}
2025-12-16 09:15:34,283 INFO [root] output: True
2025-12-16 09:15:34,283 INFO [root] [0] Received OK from [19]
2025-12-16 09:15:34,283 INFO [root] [0] OK set: {16, 17, 19}
2025-12-16 09:15:34,283 INFO [root] output: True
2025-12-16 09:15:34,283 INFO [root] [0] Received OK from [18]
2025-12-16 09:15:34,283 INFO [root] [0] OK set: {16, 17, 18, 19}
2025-12-16 09:15:34,283 INFO [root] output: True
2025-12-16 09:15:34,283 INFO [root] [0] exit
2025-12-16 09:15:34,294 INFO [root] [0] Received OK from [17]
2025-12-16 09:15:34,294 INFO [root] [0] OK set: {16, 17, 18, 19}
2025-12-16 09:15:34,294 INFO [root] output: True
2025-12-16 09:15:34,294 INFO [root] [0] exit
2025-12-16 09:15:34,309 INFO [root] [0] otmvba msg PrevoteQC
2025-12-16 09:15:34,309 INFO [root] [0] otmvba handle prevote qc message
2025-12-16 09:15:34,339 INFO [root] [0] otmvba msg VoteQC
2025-12-16 09:15:34,339 INFO [root] [0] otmvba handle vote qc message
2025-12-16 09:15:34,344 INFO [root] [0] otmvba Broadcasting to 16
2025-12-16 09:15:34,345 INFO [root] [0] otmvba Broadcasting to 17
2025-12-16 09:15:34,345 INFO [root] [0] otmvba Broadcasting to 18
2025-12-16 09:15:34,345 INFO [root] [0] otmvba Broadcasting to 19
2025-12-16 09:15:34,345 INFO [root] [0] otmvba msg Terminate
2025-12-16 09:15:34,345 INFO [root] [0] otmvba handle terminate message
2025-12-16 09:15:34,350 INFO [root] [0] otmvba Broadcasting to 16
2025-12-16 09:15:34,350 INFO [root] [0] otmvba Broadcasting to 17
2025-12-16 09:15:34,350 INFO [root] [0] otmvba Broadcasting to 18
2025-12-16 09:15:34,350 INFO [root] [0] otmvba Broadcasting to 19
2025-12-16 09:15:34,350 INFO [beaver.transfer] [0] [random shares] The ACS set is [1, 2, 3]
2025-12-16 09:15:34,350 INFO [root] common: [1, 2, 3]
2025-12-16 09:15:34,376 INFO [beaver.transfer] [0] [asynchronous dynamic transfer] Finished! Node 0, total number: 25, time: 5.60672664642334 (seconds)
2025-12-16 09:15:34,376 INFO [root] layer ID: 4 trans_foll_time: 5.608035564422607
2025-12-16 09:15:34,377 INFO [beaver.batch_multiplication] [0] Starting BatchMultiplication
2025-12-16 09:15:34,377 INFO [beaver.batch_multiplication] [0] Starting ACSS to evaluate 25 multiplication gates
2025-12-16 09:15:34,378 INFO [root] [0] Starting Batch AVSS. Id: 0, Dealer Id: 0, Client Mode: False
2025-12-16 09:15:34,378 INFO [root] [0] AVSS tag: 0-0-4-B-AVSS
2025-12-16 09:15:34,378 INFO [root] [0] RBC tag: 0-0-4-B-RBC
2025-12-16 09:15:34,378 INFO [root] [0] Starting AVSS with shares_num: 25, dealer_id: 0, client_mode: False
2025-12-16 09:15:34,378 INFO [root] rbc_list: [12, 16, 17, 18, 19]
2025-12-16 09:15:34,378 INFO [root] committee_size: 4
2025-12-16 09:15:34,378 INFO [root] n: 5
2025-12-16 09:15:34,378 INFO [root] f: 1
2025-12-16 09:15:34,378 INFO [root] pid: 1
2025-12-16 09:15:34,378 INFO [root] leader: 0
2025-12-16 09:15:34,378 INFO [root] [1] Received VAL message from 12
2025-12-16 09:15:34,378 INFO [root] entering n == commitee_size + 1
2025-12-16 09:15:34,378 INFO [root] [1] sender: 12, leader: 0
2025-12-16 09:15:34,378 INFO [root] [1] Successfully validated VAL message
2025-12-16 09:15:34,378 INFO [root] [1] Broadcasted ECHO message for roothash b'\xa5\xc3\x11\xd9B,\xbe\xba\xab\xea\xfc\xf2\xede}W?\xab/\x165\x9aB(x\x0f\xa9K\x1f\xa3\xf7\xea'
2025-12-16 09:15:34,378 INFO [root] broadcast Sending to 1: 16
2025-12-16 09:15:34,378 INFO [root] broadcast Sending to 2: 17
2025-12-16 09:15:34,378 INFO [root] broadcast Sending to 3: 18
2025-12-16 09:15:34,378 INFO [root] broadcast Sending to 4: 19
2025-12-16 09:15:34,378 INFO [root] [0] Starting Batch AVSS. Id: 0, Dealer Id: 1, Client Mode: False
2025-12-16 09:15:34,378 INFO [root] [0] AVSS tag: 1-0-4-B-AVSS
2025-12-16 09:15:34,378 INFO [root] [0] RBC tag: 1-0-4-B-RBC
2025-12-16 09:15:34,378 INFO [root] [0] Starting AVSS with shares_num: 25, dealer_id: 1, client_mode: False
2025-12-16 09:15:34,378 INFO [root] rbc_list: [13, 16, 17, 18, 19]
2025-12-16 09:15:34,378 INFO [root] committee_size: 4
2025-12-16 09:15:34,378 INFO [root] n: 5
2025-12-16 09:15:34,378 INFO [root] f: 1
2025-12-16 09:15:34,378 INFO [root] pid: 0
2025-12-16 09:15:34,378 INFO [root] leader: 1
2025-12-16 09:15:34,378 INFO [root] [0] Received VAL message from 13
2025-12-16 09:15:34,378 INFO [root] entering n == commitee_size + 1
2025-12-16 09:15:34,378 INFO [root] [0] sender: 13, leader: 1
2025-12-16 09:15:34,378 INFO [root] [0] Successfully validated VAL message
2025-12-16 09:15:34,378 INFO [root] [0] Broadcasted ECHO message for roothash b'\xda\x8f\x83\t\x8e\xc5j\xf9\x0ek\x82C\xc6\x1bx\x81\xa7/\x1ez\xb2\xebV\xb1Uq\t\xd1Z\x077\xdf'
2025-12-16 09:15:34,378 INFO [root] broadcast Sending to 1: 16
2025-12-16 09:15:34,378 INFO [root] broadcast Sending to 2: 17
2025-12-16 09:15:34,378 INFO [root] broadcast Sending to 3: 18
2025-12-16 09:15:34,378 INFO [root] broadcast Sending to 4: 19
2025-12-16 09:15:34,378 INFO [root] [0] Starting Batch AVSS. Id: 0, Dealer Id: 2, Client Mode: False
2025-12-16 09:15:34,378 INFO [root] [0] AVSS tag: 2-0-4-B-AVSS
2025-12-16 09:15:34,378 INFO [root] [0] RBC tag: 2-0-4-B-RBC
2025-12-16 09:15:34,378 INFO [root] [0] Starting AVSS with shares_num: 25, dealer_id: 2, client_mode: False
2025-12-16 09:15:34,378 INFO [root] rbc_list: [14, 16, 17, 18, 19]
2025-12-16 09:15:34,378 INFO [root] committee_size: 4
2025-12-16 09:15:34,378 INFO [root] n: 5
2025-12-16 09:15:34,378 INFO [root] f: 1
2025-12-16 09:15:34,378 INFO [root] pid: 0
2025-12-16 09:15:34,378 INFO [root] leader: 2
2025-12-16 09:15:34,378 INFO [root] [0] Received VAL message from 14
2025-12-16 09:15:34,378 INFO [root] entering n == commitee_size + 1
2025-12-16 09:15:34,378 INFO [root] [0] sender: 14, leader: 2
2025-12-16 09:15:34,378 INFO [root] [0] Successfully validated VAL message
2025-12-16 09:15:34,378 INFO [root] [0] Broadcasted ECHO message for roothash b'5\xab\xc1h\xec\xda\xce\x14\xb93s\x81\x086\xa2]~\x0f\x8a\x95A\x98\xb0\xef\x82\x11w\x14\xda\xd7\x1e\xfb'
2025-12-16 09:15:34,378 INFO [root] broadcast Sending to 1: 16
2025-12-16 09:15:34,378 INFO [root] broadcast Sending to 2: 17
2025-12-16 09:15:34,378 INFO [root] broadcast Sending to 3: 18
2025-12-16 09:15:34,378 INFO [root] broadcast Sending to 4: 19
2025-12-16 09:15:34,379 INFO [root] [0] Starting Batch AVSS. Id: 0, Dealer Id: 3, Client Mode: False
2025-12-16 09:15:34,379 INFO [root] [0] AVSS tag: 3-0-4-B-AVSS
2025-12-16 09:15:34,379 INFO [root] [0] RBC tag: 3-0-4-B-RBC
2025-12-16 09:15:34,379 INFO [root] [0] Starting AVSS with shares_num: 25, dealer_id: 3, client_mode: False
2025-12-16 09:15:34,379 INFO [root] rbc_list: [15, 16, 17, 18, 19]
2025-12-16 09:15:34,379 INFO [root] committee_size: 4
2025-12-16 09:15:34,379 INFO [root] n: 5
2025-12-16 09:15:34,379 INFO [root] f: 1
2025-12-16 09:15:34,379 INFO [root] pid: 0
2025-12-16 09:15:34,379 INFO [root] leader: 3
2025-12-16 09:15:34,379 INFO [root] [0] Received VAL message from 15
2025-12-16 09:15:34,379 INFO [root] entering n == commitee_size + 1
2025-12-16 09:15:34,379 INFO [root] [0] sender: 15, leader: 3
2025-12-16 09:15:34,379 INFO [root] [0] Successfully validated VAL message
2025-12-16 09:15:34,379 INFO [root] [0] Broadcasted ECHO message for roothash b'\x8b\x81\xe7\xe8\x1c\xa1\xfe\xf7\xad[\x12\x03:\x98\x0f \xbcH\tl\xb2\xfd\xafo\xdc\xfce\xbf\xa8c\x1b\r'
2025-12-16 09:15:34,379 INFO [root] broadcast Sending to 1: 16
2025-12-16 09:15:34,379 INFO [root] broadcast Sending to 2: 17
2025-12-16 09:15:34,379 INFO [root] broadcast Sending to 3: 18
2025-12-16 09:15:34,379 INFO [root] broadcast Sending to 4: 19
2025-12-16 09:15:34,379 INFO [root] [1] Received ECHO message from 17
2025-12-16 09:15:34,379 INFO [root] [1] Received ECHO message from 16
2025-12-16 09:15:34,379 INFO [root] [0] Received ECHO message from 17
2025-12-16 09:15:34,379 INFO [root] [0] Received ECHO message from 16
2025-12-16 09:15:34,379 INFO [root] [0] Received ECHO message from 17
2025-12-16 09:15:34,379 INFO [root] [0] Received ECHO message from 16
2025-12-16 09:15:34,379 INFO [root] [0] Received ECHO message from 17
2025-12-16 09:15:34,379 INFO [root] [0] Received ECHO message from 16
2025-12-16 09:15:34,379 INFO [root] [1] Received ECHO message from 18
2025-12-16 09:15:34,379 INFO [root] [1] Broadcasted READY message for roothash b'\xa5\xc3\x11\xd9B,\xbe\xba\xab\xea\xfc\xf2\xede}W?\xab/\x165\x9aB(x\x0f\xa9K\x1f\xa3\xf7\xea'
2025-12-16 09:15:34,379 INFO [root] broadcast Sending to 1: 16
2025-12-16 09:15:34,379 INFO [root] broadcast Sending to 2: 17
2025-12-16 09:15:34,379 INFO [root] broadcast Sending to 3: 18
2025-12-16 09:15:34,379 INFO [root] broadcast Sending to 4: 19
2025-12-16 09:15:34,379 INFO [root] [0] Received ECHO message from 18
2025-12-16 09:15:34,379 INFO [root] [0] Broadcasted READY message for roothash b'\xda\x8f\x83\t\x8e\xc5j\xf9\x0ek\x82C\xc6\x1bx\x81\xa7/\x1ez\xb2\xebV\xb1Uq\t\xd1Z\x077\xdf'
2025-12-16 09:15:34,379 INFO [root] broadcast Sending to 1: 16
2025-12-16 09:15:34,379 INFO [root] broadcast Sending to 2: 17
2025-12-16 09:15:34,379 INFO [root] broadcast Sending to 3: 18
2025-12-16 09:15:34,379 INFO [root] broadcast Sending to 4: 19
2025-12-16 09:15:34,379 INFO [root] [0] Received ECHO message from 18
2025-12-16 09:15:34,379 INFO [root] [0] Broadcasted READY message for roothash b'5\xab\xc1h\xec\xda\xce\x14\xb93s\x81\x086\xa2]~\x0f\x8a\x95A\x98\xb0\xef\x82\x11w\x14\xda\xd7\x1e\xfb'
2025-12-16 09:15:34,379 INFO [root] broadcast Sending to 1: 16
2025-12-16 09:15:34,379 INFO [root] broadcast Sending to 2: 17
2025-12-16 09:15:34,380 INFO [root] broadcast Sending to 3: 18
2025-12-16 09:15:34,380 INFO [root] broadcast Sending to 4: 19
2025-12-16 09:15:34,380 INFO [root] [0] Received ECHO message from 18
2025-12-16 09:15:34,380 INFO [root] [0] Broadcasted READY message for roothash b'\x8b\x81\xe7\xe8\x1c\xa1\xfe\xf7\xad[\x12\x03:\x98\x0f \xbcH\tl\xb2\xfd\xafo\xdc\xfce\xbf\xa8c\x1b\r'
2025-12-16 09:15:34,380 INFO [root] broadcast Sending to 1: 16
2025-12-16 09:15:34,380 INFO [root] broadcast Sending to 2: 17
2025-12-16 09:15:34,380 INFO [root] broadcast Sending to 3: 18
2025-12-16 09:15:34,380 INFO [root] broadcast Sending to 4: 19
2025-12-16 09:15:34,380 INFO [root] [1] Received READY message from 16
2025-12-16 09:15:34,380 INFO [root] [0] Received READY message from 16
2025-12-16 09:15:34,380 INFO [root] [0] Received READY message from 16
2025-12-16 09:15:34,380 INFO [root] [0] Received READY message from 16
2025-12-16 09:15:34,381 INFO [root] [1] Received READY message from 17
2025-12-16 09:15:34,381 INFO [root] [0] Received READY message from 17
2025-12-16 09:15:34,381 INFO [root] [0] Received READY message from 17
2025-12-16 09:15:34,381 INFO [root] [0] Received READY message from 17
2025-12-16 09:15:34,381 INFO [root] [1] Received READY message from 18
2025-12-16 09:15:34,381 INFO [root] Decoding output for roothash: b'\xa5\xc3\x11\xd9B,\xbe\xba\xab\xea\xfc\xf2\xede}W?\xab/\x165\x9aB(x\x0f\xa9K\x1f\xa3\xf7\xea'
2025-12-16 09:15:34,381 INFO [root] [0] Received RBC message
2025-12-16 09:15:34,381 INFO [root] multicast list: [16, 17, 18, 19]
2025-12-16 09:15:34,381 INFO [root] before avid.retrieve
2025-12-16 09:15:34,381 INFO [root] [0] Received READY message from 18
2025-12-16 09:15:34,381 INFO [root] Decoding output for roothash: b'\xda\x8f\x83\t\x8e\xc5j\xf9\x0ek\x82C\xc6\x1bx\x81\xa7/\x1ez\xb2\xebV\xb1Uq\t\xd1Z\x077\xdf'
2025-12-16 09:15:34,381 INFO [root] [0] Received RBC message
2025-12-16 09:15:34,381 INFO [root] multicast list: [16, 17, 18, 19]
2025-12-16 09:15:34,382 INFO [root] before avid.retrieve
2025-12-16 09:15:34,382 INFO [root] [0] Received READY message from 18
2025-12-16 09:15:34,382 INFO [root] Decoding output for roothash: b'5\xab\xc1h\xec\xda\xce\x14\xb93s\x81\x086\xa2]~\x0f\x8a\x95A\x98\xb0\xef\x82\x11w\x14\xda\xd7\x1e\xfb'
2025-12-16 09:15:34,382 INFO [root] [0] Received RBC message
2025-12-16 09:15:34,382 INFO [root] multicast list: [16, 17, 18, 19]
2025-12-16 09:15:34,382 INFO [root] before avid.retrieve
2025-12-16 09:15:34,382 INFO [root] [0] Received READY message from 18
2025-12-16 09:15:34,382 INFO [root] Decoding output for roothash: b'\x8b\x81\xe7\xe8\x1c\xa1\xfe\xf7\xad[\x12\x03:\x98\x0f \xbcH\tl\xb2\xfd\xafo\xdc\xfce\xbf\xa8c\x1b\r'
2025-12-16 09:15:34,382 INFO [root] [0] Received RBC message
2025-12-16 09:15:34,382 INFO [root] multicast list: [16, 17, 18, 19]
2025-12-16 09:15:34,382 INFO [root] before avid.retrieve
2025-12-16 09:15:34,382 INFO [root] AVID broadcast to 1: 16
2025-12-16 09:15:34,382 INFO [root] AVID broadcast to 2: 17
2025-12-16 09:15:34,382 INFO [root] AVID broadcast to 3: 18
2025-12-16 09:15:34,382 INFO [root] AVID broadcast to 4: 19
2025-12-16 09:15:34,382 INFO [root] AVID broadcast to 1: 16
2025-12-16 09:15:34,382 INFO [root] AVID broadcast to 2: 17
2025-12-16 09:15:34,382 INFO [root] AVID broadcast to 3: 18
2025-12-16 09:15:34,382 INFO [root] AVID broadcast to 4: 19
2025-12-16 09:15:34,382 INFO [root] AVID broadcast to 1: 16
2025-12-16 09:15:34,382 INFO [root] AVID broadcast to 2: 17
2025-12-16 09:15:34,382 INFO [root] AVID broadcast to 3: 18
2025-12-16 09:15:34,382 INFO [root] AVID broadcast to 4: 19
2025-12-16 09:15:34,382 INFO [root] AVID broadcast to 1: 16
2025-12-16 09:15:34,382 INFO [root] AVID broadcast to 2: 17
2025-12-16 09:15:34,382 INFO [root] AVID broadcast to 3: 18
2025-12-16 09:15:34,383 INFO [root] AVID broadcast to 4: 19
2025-12-16 09:15:34,387 INFO [root] AVID broadcast to 1: 16
2025-12-16 09:15:34,387 INFO [root] AVID broadcast to 2: 17
2025-12-16 09:15:34,387 INFO [root] AVID broadcast to 3: 18
2025-12-16 09:15:34,387 INFO [root] AVID broadcast to 4: 19
2025-12-16 09:15:34,387 INFO [root] AVID broadcast to 1: 16
2025-12-16 09:15:34,387 INFO [root] AVID broadcast to 2: 17
2025-12-16 09:15:34,387 INFO [root] AVID broadcast to 3: 18
2025-12-16 09:15:34,387 INFO [root] AVID broadcast to 4: 19
2025-12-16 09:15:34,387 INFO [root] AVID broadcast to 1: 16
2025-12-16 09:15:34,387 INFO [root] AVID broadcast to 2: 17
2025-12-16 09:15:34,387 INFO [root] AVID broadcast to 3: 18
2025-12-16 09:15:34,387 INFO [root] AVID broadcast to 4: 19
2025-12-16 09:15:34,387 INFO [root] AVID broadcast to 1: 16
2025-12-16 09:15:34,387 INFO [root] AVID broadcast to 2: 17
2025-12-16 09:15:34,387 INFO [root] AVID broadcast to 3: 18
2025-12-16 09:15:34,387 INFO [root] AVID broadcast to 4: 19
2025-12-16 09:15:34,387 INFO [root] 0-0-4-B-AVSS 0 RETRIEVE called.
2025-12-16 09:15:34,387 INFO [root] AVID broadcast to 1: 16
2025-12-16 09:15:34,387 INFO [root] AVID broadcast to 2: 17
2025-12-16 09:15:34,387 INFO [root] AVID broadcast to 3: 18
2025-12-16 09:15:34,387 INFO [root] AVID broadcast to 4: 19
2025-12-16 09:15:34,387 INFO [root] 0-0-4-B-AVSS 0 RETRIEVE broadcasted.
2025-12-16 09:15:34,387 INFO [root] 1-0-4-B-AVSS 0 RETRIEVE called.
2025-12-16 09:15:34,387 INFO [root] AVID broadcast to 1: 16
2025-12-16 09:15:34,387 INFO [root] AVID broadcast to 2: 17
2025-12-16 09:15:34,387 INFO [root] AVID broadcast to 3: 18
2025-12-16 09:15:34,387 INFO [root] AVID broadcast to 4: 19
2025-12-16 09:15:34,387 INFO [root] 1-0-4-B-AVSS 0 RETRIEVE broadcasted.
2025-12-16 09:15:34,388 INFO [root] 2-0-4-B-AVSS 0 RETRIEVE called.
2025-12-16 09:15:34,388 INFO [root] AVID broadcast to 1: 16
2025-12-16 09:15:34,388 INFO [root] AVID broadcast to 2: 17
2025-12-16 09:15:34,388 INFO [root] AVID broadcast to 3: 18
2025-12-16 09:15:34,388 INFO [root] AVID broadcast to 4: 19
2025-12-16 09:15:34,388 INFO [root] 2-0-4-B-AVSS 0 RETRIEVE broadcasted.
2025-12-16 09:15:34,388 INFO [root] 3-0-4-B-AVSS 0 RETRIEVE called.
2025-12-16 09:15:34,388 INFO [root] AVID broadcast to 1: 16
2025-12-16 09:15:34,388 INFO [root] AVID broadcast to 2: 17
2025-12-16 09:15:34,388 INFO [root] AVID broadcast to 3: 18
2025-12-16 09:15:34,388 INFO [root] AVID broadcast to 4: 19
2025-12-16 09:15:34,388 INFO [root] 3-0-4-B-AVSS 0 RETRIEVE broadcasted.
2025-12-16 09:15:34,388 INFO [root] disperse msid: 0-0-4-B-AVSS, index: 0
2025-12-16 09:15:34,388 INFO [root] AVID retrieve called with sid: 0-0-4-B-AVID, index: 0
2025-12-16 09:15:34,388 INFO [root] disperse msid: 1-0-4-B-AVSS, index: 0
2025-12-16 09:15:34,388 INFO [root] AVID retrieve called with sid: 1-0-4-B-AVID, index: 0
2025-12-16 09:15:34,388 INFO [root] disperse msid: 2-0-4-B-AVSS, index: 0
2025-12-16 09:15:34,388 INFO [root] AVID retrieve called with sid: 2-0-4-B-AVID, index: 0
2025-12-16 09:15:34,388 INFO [root] disperse msid: 3-0-4-B-AVSS, index: 0
2025-12-16 09:15:34,388 INFO [root] AVID retrieve called with sid: 3-0-4-B-AVID, index: 0
2025-12-16 09:15:34,388 INFO [root] 0-0-4-B-AVSS 0 AVID retrieve msg from 16
2025-12-16 09:15:34,388 INFO [root] AVID retrieve response received
2025-12-16 09:15:34,388 INFO [root] retrieve msid: 0-0-4-B-AVID, response_index: 0
2025-12-16 09:15:34,388 INFO [root] RESPONSE from 16
2025-12-16 09:15:34,388 INFO [root] sender self.committee_size: 0
2025-12-16 09:15:34,388 INFO [root] 1-0-4-B-AVSS 0 AVID retrieve msg from 16
2025-12-16 09:15:34,388 INFO [root] AVID retrieve response received
2025-12-16 09:15:34,388 INFO [root] retrieve msid: 1-0-4-B-AVID, response_index: 0
2025-12-16 09:15:34,388 INFO [root] RESPONSE from 16
2025-12-16 09:15:34,388 INFO [root] sender self.committee_size: 0
2025-12-16 09:15:34,388 INFO [root] 2-0-4-B-AVSS 0 AVID retrieve msg from 16
2025-12-16 09:15:34,388 INFO [root] AVID retrieve response received
2025-12-16 09:15:34,388 INFO [root] retrieve msid: 2-0-4-B-AVID, response_index: 0
2025-12-16 09:15:34,388 INFO [root] RESPONSE from 16
2025-12-16 09:15:34,388 INFO [root] sender self.committee_size: 0
2025-12-16 09:15:34,388 INFO [root] 3-0-4-B-AVSS 0 AVID retrieve msg from 16
2025-12-16 09:15:34,388 INFO [root] AVID retrieve response received
2025-12-16 09:15:34,388 INFO [root] retrieve msid: 3-0-4-B-AVID, response_index: 0
2025-12-16 09:15:34,388 INFO [root] RESPONSE from 16
2025-12-16 09:15:34,388 INFO [root] sender self.committee_size: 0
2025-12-16 09:15:34,390 INFO [root] disperse msid: 0-0-4-B-AVSS, index: 2
2025-12-16 09:15:34,390 INFO [root] AVID retrieve called with sid: 0-0-4-B-AVID, index: 2
2025-12-16 09:15:34,390 INFO [root] disperse msid: 1-0-4-B-AVSS, index: 2
2025-12-16 09:15:34,390 INFO [root] AVID retrieve called with sid: 1-0-4-B-AVID, index: 2
2025-12-16 09:15:34,390 INFO [root] disperse msid: 2-0-4-B-AVSS, index: 2
2025-12-16 09:15:34,390 INFO [root] AVID retrieve called with sid: 2-0-4-B-AVID, index: 2
2025-12-16 09:15:34,390 INFO [root] disperse msid: 3-0-4-B-AVSS, index: 2
2025-12-16 09:15:34,390 INFO [root] AVID retrieve called with sid: 3-0-4-B-AVID, index: 2
2025-12-16 09:15:34,390 INFO [root] 0-0-4-B-AVSS 0 AVID retrieve msg from 18
2025-12-16 09:15:34,390 INFO [root] AVID retrieve response received
2025-12-16 09:15:34,390 INFO [root] retrieve msid: 0-0-4-B-AVID, response_index: 0
2025-12-16 09:15:34,390 INFO [root] RESPONSE from 18
2025-12-16 09:15:34,390 INFO [root] sender self.committee_size: 2
2025-12-16 09:15:34,391 INFO [root] 0-0-4-B-AVSS 0 RETRIEVE complete.
2025-12-16 09:15:34,391 INFO [root] after avid.retrieve dispersal_msg
2025-12-16 09:15:34,391 INFO [root] Handling dealer messages for dealer_id: 0, tag: 0-0-4-B-AVSS
2025-12-16 09:15:34,393 INFO [beaver.hbacss] [PedersenCommit] invoking pyPedersenCommit...
num_generators 50
padded_num_generators 64
2025-12-16 09:15:34,450 INFO [beaver.hbacss] verifier_result_json: {"verified":true}
2025-12-16 09:15:34,456 INFO [root] inner product verified successfully
2025-12-16 09:15:34,468 INFO [root] shares verified successfully
2025-12-16 09:15:34,468 INFO [root] all_shares_valid: True
2025-12-16 09:15:34,468 INFO [root] after _handle_dealer_msgs, all_shares_valid
2025-12-16 09:15:34,468 INFO [root] self.tagvars[tag]['all_shares_valid']: True
2025-12-16 09:15:34,468 INFO [root] multicast to 16
2025-12-16 09:15:34,468 INFO [root] multicast to 17
2025-12-16 09:15:34,468 INFO [root] multicast to 18
2025-12-16 09:15:34,468 INFO [root] multicast to 19
2025-12-16 09:15:34,469 INFO [root] 1-0-4-B-AVSS 0 AVID retrieve msg from 18
2025-12-16 09:15:34,469 INFO [root] AVID retrieve response received
2025-12-16 09:15:34,469 INFO [root] retrieve msid: 1-0-4-B-AVID, response_index: 0
2025-12-16 09:15:34,469 INFO [root] RESPONSE from 18
2025-12-16 09:15:34,469 INFO [root] sender self.committee_size: 2
2025-12-16 09:15:34,469 INFO [root] 1-0-4-B-AVSS 0 RETRIEVE complete.
2025-12-16 09:15:34,469 INFO [root] after avid.retrieve dispersal_msg
2025-12-16 09:15:34,469 INFO [root] Handling dealer messages for dealer_id: 1, tag: 1-0-4-B-AVSS
2025-12-16 09:15:34,471 INFO [beaver.hbacss] [PedersenCommit] invoking pyPedersenCommit...
num_generators 50
padded_num_generators 64
2025-12-16 09:15:34,505 INFO [beaver.hbacss] verifier_result_json: {"verified":true}
2025-12-16 09:15:34,511 INFO [root] inner product verified successfully
2025-12-16 09:15:34,525 INFO [root] shares verified successfully
2025-12-16 09:15:34,526 INFO [root] all_shares_valid: True
2025-12-16 09:15:34,526 INFO [root] after _handle_dealer_msgs, all_shares_valid
2025-12-16 09:15:34,526 INFO [root] self.tagvars[tag]['all_shares_valid']: True
2025-12-16 09:15:34,526 INFO [root] multicast to 16
2025-12-16 09:15:34,526 INFO [root] multicast to 17
2025-12-16 09:15:34,526 INFO [root] multicast to 18
2025-12-16 09:15:34,526 INFO [root] multicast to 19
2025-12-16 09:15:34,526 INFO [root] 2-0-4-B-AVSS 0 AVID retrieve msg from 18
2025-12-16 09:15:34,526 INFO [root] AVID retrieve response received
2025-12-16 09:15:34,526 INFO [root] retrieve msid: 2-0-4-B-AVID, response_index: 0
2025-12-16 09:15:34,526 INFO [root] RESPONSE from 18
2025-12-16 09:15:34,526 INFO [root] sender self.committee_size: 2
2025-12-16 09:15:34,526 INFO [root] 2-0-4-B-AVSS 0 RETRIEVE complete.
2025-12-16 09:15:34,526 INFO [root] after avid.retrieve dispersal_msg
2025-12-16 09:15:34,526 INFO [root] Handling dealer messages for dealer_id: 2, tag: 2-0-4-B-AVSS
2025-12-16 09:15:34,527 INFO [beaver.hbacss] [PedersenCommit] invoking pyPedersenCommit...
num_generators 50
padded_num_generators 64
2025-12-16 09:15:34,561 INFO [beaver.hbacss] verifier_result_json: {"verified":true}
2025-12-16 09:15:34,568 INFO [root] inner product verified successfully
2025-12-16 09:15:34,582 INFO [root] shares verified successfully
2025-12-16 09:15:34,582 INFO [root] all_shares_valid: True
2025-12-16 09:15:34,582 INFO [root] after _handle_dealer_msgs, all_shares_valid
2025-12-16 09:15:34,582 INFO [root] self.tagvars[tag]['all_shares_valid']: True
2025-12-16 09:15:34,582 INFO [root] multicast to 16
2025-12-16 09:15:34,582 INFO [root] multicast to 17
2025-12-16 09:15:34,582 INFO [root] multicast to 18
2025-12-16 09:15:34,582 INFO [root] multicast to 19
2025-12-16 09:15:34,582 INFO [root] 3-0-4-B-AVSS 0 AVID retrieve msg from 18
2025-12-16 09:15:34,582 INFO [root] AVID retrieve response received
2025-12-16 09:15:34,582 INFO [root] retrieve msid: 3-0-4-B-AVID, response_index: 0
2025-12-16 09:15:34,582 INFO [root] RESPONSE from 18
2025-12-16 09:15:34,582 INFO [root] sender self.committee_size: 2
2025-12-16 09:15:34,582 INFO [root] 3-0-4-B-AVSS 0 RETRIEVE complete.
2025-12-16 09:15:34,582 INFO [root] after avid.retrieve dispersal_msg
2025-12-16 09:15:34,582 INFO [root] Handling dealer messages for dealer_id: 3, tag: 3-0-4-B-AVSS
2025-12-16 09:15:34,584 INFO [beaver.hbacss] [PedersenCommit] invoking pyPedersenCommit...
num_generators 50
padded_num_generators 64
2025-12-16 09:15:34,621 INFO [beaver.hbacss] verifier_result_json: {"verified":true}
2025-12-16 09:15:34,628 INFO [root] inner product verified successfully
2025-12-16 09:15:34,641 INFO [root] shares verified successfully
2025-12-16 09:15:34,641 INFO [root] all_shares_valid: True
2025-12-16 09:15:34,641 INFO [root] after _handle_dealer_msgs, all_shares_valid
2025-12-16 09:15:34,641 INFO [root] self.tagvars[tag]['all_shares_valid']: True
2025-12-16 09:15:34,641 INFO [root] multicast to 16
2025-12-16 09:15:34,641 INFO [root] multicast to 17
2025-12-16 09:15:34,641 INFO [root] multicast to 18
2025-12-16 09:15:34,641 INFO [root] multicast to 19
2025-12-16 09:15:34,641 INFO [root] key_proposal: [0, 1, 2, 3]
2025-12-16 09:15:34,642 INFO [beaver.batch_multiplication] [0] [random shares] Starting ACS where node 1 is set as leader 
2025-12-16 09:15:34,642 INFO [beaver.batch_multiplication] [0] [random shares] The proposal of node 0 is [0, 1, 2, 3]
2025-12-16 09:15:34,642 INFO [root] enter handle_message
2025-12-16 09:15:34,642 INFO [root] [0] Received OK from [16]
2025-12-16 09:15:34,642 INFO [root] [0] OK set: {16}
2025-12-16 09:15:34,642 INFO [root] output: True
2025-12-16 09:15:34,642 INFO [root] [0] Received OK from [16]
2025-12-16 09:15:34,642 INFO [root] [0] OK set: {16}
2025-12-16 09:15:34,642 INFO [root] output: True
2025-12-16 09:15:34,642 INFO [root] [0] Received OK from [16]
2025-12-16 09:15:34,642 INFO [root] [0] OK set: {16}
2025-12-16 09:15:34,642 INFO [root] output: True
2025-12-16 09:15:34,642 INFO [root] [0] Received OK from [16]
2025-12-16 09:15:34,642 INFO [root] [0] OK set: {16}
2025-12-16 09:15:34,642 INFO [root] output: True
2025-12-16 09:15:34,642 INFO [root] disperse msid: 0-0-4-B-AVSS, index: 1
2025-12-16 09:15:34,642 INFO [root] AVID retrieve called with sid: 0-0-4-B-AVID, index: 1
2025-12-16 09:15:34,642 INFO [root] disperse msid: 0-0-4-B-AVSS, index: 3
2025-12-16 09:15:34,642 INFO [root] AVID retrieve called with sid: 0-0-4-B-AVID, index: 3
2025-12-16 09:15:34,642 INFO [root] disperse msid: 1-0-4-B-AVSS, index: 1
2025-12-16 09:15:34,642 INFO [root] AVID retrieve called with sid: 1-0-4-B-AVID, index: 1
2025-12-16 09:15:34,642 INFO [root] disperse msid: 1-0-4-B-AVSS, index: 3
2025-12-16 09:15:34,642 INFO [root] AVID retrieve called with sid: 1-0-4-B-AVID, index: 3
2025-12-16 09:15:34,642 INFO [root] disperse msid: 2-0-4-B-AVSS, index: 1
2025-12-16 09:15:34,642 INFO [root] AVID retrieve called with sid: 2-0-4-B-AVID, index: 1
2025-12-16 09:15:34,642 INFO [root] disperse msid: 2-0-4-B-AVSS, index: 3
2025-12-16 09:15:34,642 INFO [root] AVID retrieve called with sid: 2-0-4-B-AVID, index: 3
2025-12-16 09:15:34,642 INFO [root] disperse msid: 3-0-4-B-AVSS, index: 1
2025-12-16 09:15:34,642 INFO [root] AVID retrieve called with sid: 3-0-4-B-AVID, index: 1
2025-12-16 09:15:34,642 INFO [root] disperse msid: 3-0-4-B-AVSS, index: 3
2025-12-16 09:15:34,642 INFO [root] AVID retrieve called with sid: 3-0-4-B-AVID, index: 3
2025-12-16 09:15:34,649 INFO [root] [0] Received OK from [17]
2025-12-16 09:15:34,649 INFO [root] [0] OK set: {16, 17}
2025-12-16 09:15:34,649 INFO [root] output: True
2025-12-16 09:15:34,649 INFO [root] [0] Received OK from [17]
2025-12-16 09:15:34,649 INFO [root] [0] OK set: {16, 17}
2025-12-16 09:15:34,649 INFO [root] output: True
2025-12-16 09:15:34,649 INFO [root] [0] Received OK from [17]
2025-12-16 09:15:34,649 INFO [root] [0] OK set: {16, 17}
2025-12-16 09:15:34,649 INFO [root] output: True
2025-12-16 09:15:34,649 INFO [root] [0] Received OK from [17]
2025-12-16 09:15:34,649 INFO [root] [0] OK set: {16, 17}
2025-12-16 09:15:34,649 INFO [root] output: True
2025-12-16 09:15:34,650 INFO [root] [0] otmvba msg value
2025-12-16 09:15:34,650 INFO [root] [0] otmvba handle value message
2025-12-16 09:15:34,650 INFO [root] [0] value-self.acss_outputs.keys():dict_keys([0, 1, 2, 3])
2025-12-16 09:15:34,651 INFO [root] [0] --Directly send the proposal!--
2025-12-16 09:15:34,651 INFO [root] [0] Received OK from [19]
2025-12-16 09:15:34,651 INFO [root] [0] OK set: {16, 17, 19}
2025-12-16 09:15:34,651 INFO [root] output: True
2025-12-16 09:15:34,651 INFO [root] [0] Received OK from [19]
2025-12-16 09:15:34,651 INFO [root] [0] OK set: {16, 17, 19}
2025-12-16 09:15:34,651 INFO [root] output: True
2025-12-16 09:15:34,651 INFO [root] [0] Received OK from [19]
2025-12-16 09:15:34,651 INFO [root] [0] OK set: {16, 17, 19}
2025-12-16 09:15:34,651 INFO [root] output: True
2025-12-16 09:15:34,651 INFO [root] [0] Received OK from [19]
2025-12-16 09:15:34,651 INFO [root] [0] OK set: {16, 17, 19}
2025-12-16 09:15:34,651 INFO [root] output: True
2025-12-16 09:15:34,657 INFO [root] [0] Received OK from [18]
2025-12-16 09:15:34,658 INFO [root] [0] OK set: {16, 17, 18, 19}
2025-12-16 09:15:34,658 INFO [root] output: True
2025-12-16 09:15:34,658 INFO [root] [0] exit
2025-12-16 09:15:34,658 INFO [root] [0] Received OK from [18]
2025-12-16 09:15:34,658 INFO [root] [0] OK set: {16, 17, 18, 19}
2025-12-16 09:15:34,658 INFO [root] output: True
2025-12-16 09:15:34,658 INFO [root] [0] exit
2025-12-16 09:15:34,658 INFO [root] [0] Received OK from [18]
2025-12-16 09:15:34,658 INFO [root] [0] OK set: {16, 17, 18, 19}
2025-12-16 09:15:34,658 INFO [root] output: True
2025-12-16 09:15:34,658 INFO [root] [0] exit
2025-12-16 09:15:34,658 INFO [root] [0] Received OK from [18]
2025-12-16 09:15:34,658 INFO [root] [0] OK set: {16, 17, 18, 19}
2025-12-16 09:15:34,658 INFO [root] output: True
2025-12-16 09:15:34,658 INFO [root] [0] exit
2025-12-16 09:15:34,673 INFO [root] [0] otmvba msg PrevoteQC
2025-12-16 09:15:34,673 INFO [root] [0] otmvba handle prevote qc message
2025-12-16 09:15:34,710 INFO [root] [0] otmvba msg VoteQC
2025-12-16 09:15:34,710 INFO [root] [0] otmvba handle vote qc message
2025-12-16 09:15:34,715 INFO [root] [0] otmvba Broadcasting to 16
2025-12-16 09:15:34,715 INFO [root] [0] otmvba Broadcasting to 17
2025-12-16 09:15:34,715 INFO [root] [0] otmvba Broadcasting to 18
2025-12-16 09:15:34,715 INFO [root] [0] otmvba Broadcasting to 19
2025-12-16 09:15:34,715 INFO [root] [0] otmvba msg Terminate
2025-12-16 09:15:34,715 INFO [root] [0] otmvba handle terminate message
2025-12-16 09:15:34,720 INFO [root] [0] otmvba Broadcasting to 16
2025-12-16 09:15:34,721 INFO [root] [0] otmvba Broadcasting to 17
2025-12-16 09:15:34,721 INFO [root] [0] otmvba Broadcasting to 18
2025-12-16 09:15:34,721 INFO [root] [0] otmvba Broadcasting to 19
2025-12-16 09:15:34,721 INFO [beaver.batch_multiplication] [0] [random shares] The ACS set is [0, 1, 2, 3]
2025-12-16 09:15:34,721 INFO [root] common: [0, 1, 2, 3]
2025-12-16 09:15:34,749 INFO [beaver.batch_multiplication] [0] [asynchronous batch multiplication] Finished! Node 0, total number: 25, time: 0.3717787265777588 (seconds)
2025-12-16 09:15:34,749 INFO [root] layer ID: 4 mul_foll_time: 0.37274694442749023
2025-12-16 09:15:34,749 INFO [root] layer ID: 4 trusted_verification_time: 5.980782508850098
2025-12-16 09:15:34,751 INFO [root] layer ID: 4 add_outputs length: 50
2025-12-16 09:15:34,751 INFO [root] layer ID: 4 exec_time: 0.0022110939025878906
2025-12-16 09:15:34,752 INFO [beaver.transfer] [0] Starting DynamicTransfer
2025-12-16 09:15:34,752 INFO [beaver.transfer] [0] Starting ACSS to share 25 secrets
2025-12-16 09:15:34,752 INFO [root] [0] [asynchronous dynamic transfer] Layer ID: 4
2025-12-16 09:15:34,752 INFO [root] public_keys: [{'X': '3859081283697577827205737236420752301891800349777951321214819059693890146859122138252936963423502462231613343999384', 'Y': '40046613149092692282090619228406316302565265593697961666998683946489942486881117737455489973402535114839721025720'}, {'X': '23324705204544302203162125033752083530579618054712852810351841486044618923556944656212097244798541551798451830055', 'Y': '3109648719301803009529828640189290395132907952576790404432351815509328986302269706558151151639604711466631091043588'}, {'X': '3881675821330493160627799759359701376741367882953507901699883299907619925871280704165001646083535396541202004504266', 'Y': '3286928093214985313722198108519769756607517024857791302536643781357858992307596599599835764707759207598890857374995'}, {'X': '3683879155326333325056026964672309719197331616363828437232099663410803292245338460272715773490049483831949223675786', 'Y': '3910655787732881721590863012032111004138824310573631697042667297106221933017139244679614173436176488809629078709310'}]
2025-12-16 09:15:34,752 INFO [root] layer ID: 4 trans_pre_time: 0.0008697509765625
2025-12-16 09:15:34,752 INFO [root] [0] AVSS tag: 0-0-5-B-AVSS
2025-12-16 09:15:34,752 INFO [root] [0] RBC tag: 0-0-5-B-RBC
2025-12-16 09:15:34,752 INFO [root] enter avss_with_aggtransfer
g = {[6679831729115696150 8653662730902241269 1535610680227111361 17342916647841752903 17135755455211762752 1297449291367578485] [13451288730302620273 10097742279870053774 15949884091978425806 5885175747529691540 1016841820992199104 845620083434234474]}
h = {[13794385998538644597 108816626937764141 12130603454454490125 6127379912259600201 17481961476035825978 950355161936836191] [10722765800778186391 17107915684035394744 11626309118465119103 5217919199071354366 6102759180633827794 660535627654889709]}
Equal? false
2025-12-16 09:15:35,002 INFO [root] [0] Starting reliable broadcast
2025-12-16 09:15:35,002 INFO [root] self.msgmode: avss_with_aggtransfer
2025-12-16 09:15:35,002 INFO [beaver.batch_multiplication] [0] Starting BatchMultiplication
num_generators 50
2025-12-16 09:15:35,190 INFO [beaver.batch_multiplication] Proof hex length: 9288
2025-12-16 09:15:35,190 INFO [beaver.batch_multiplication] Proof size (bytes): 4644
2025-12-16 09:15:35,191 INFO [beaver.batch_multiplication] Proof size (strict bytes): 4644
2025-12-16 09:15:35,191 INFO [beaver.batch_multiplication] [0] Starting ACSS to evaluate 25 multiplication gates
2025-12-16 09:15:35,191 INFO [root] rbc_list: [16, 20, 21, 22, 23]
2025-12-16 09:15:35,191 INFO [root] committee_size: 4
2025-12-16 09:15:35,191 INFO [root] n: 5
2025-12-16 09:15:35,191 INFO [root] f: 1
2025-12-16 09:15:35,191 INFO [root] pid: 0
2025-12-16 09:15:35,191 INFO [root] leader: 0
2025-12-16 09:15:35,192 INFO [root] [0] Sending to 0: 20
2025-12-16 09:15:35,192 INFO [root] [0] Sending to 1: 21
2025-12-16 09:15:35,192 INFO [root] [0] Sending to 2: 22
2025-12-16 09:15:35,192 INFO [root] [0] Sending to 3: 23
2025-12-16 09:15:35,192 INFO [root] [0] Starting AVID disperse
2025-12-16 09:15:35,192 INFO [root] public_keys: [{'X': '3859081283697577827205737236420752301891800349777951321214819059693890146859122138252936963423502462231613343999384', 'Y': '40046613149092692282090619228406316302565265593697961666998683946489942486881117737455489973402535114839721025720'}, {'X': '23324705204544302203162125033752083530579618054712852810351841486044618923556944656212097244798541551798451830055', 'Y': '3109648719301803009529828640189290395132907952576790404432351815509328986302269706558151151639604711466631091043588'}, {'X': '3881675821330493160627799759359701376741367882953507901699883299907619925871280704165001646083535396541202004504266', 'Y': '3286928093214985313722198108519769756607517024857791302536643781357858992307596599599835764707759207598890857374995'}, {'X': '3683879155326333325056026964672309719197331616363828437232099663410803292245338460272715773490049483831949223675786', 'Y': '3910655787732881721590863012032111004138824310573631697042667297106221933017139244679614173436176488809629078709310'}]
2025-12-16 09:15:35,192 INFO [root] layer ID: 4 mul_pre_time: 0.4402930736541748
2025-12-16 09:15:35,193 INFO [root] layer ID: 4 layer_time: 6.424368381500244
2025-12-16 09:15:35,195 INFO [root] [0] Dispersed VAL message to committee
2025-12-16 09:15:35,195 INFO [root] [0] AVSS tag: 0-0-5-B-AVSS
2025-12-16 09:15:35,195 INFO [root] [0] RBC tag: 0-0-5-B-RBC
g = {[6679831729115696150 8653662730902241269 1535610680227111361 17342916647841752903 17135755455211762752 1297449291367578485] [13451288730302620273 10097742279870053774 15949884091978425806 5885175747529691540 1016841820992199104 845620083434234474]}
h = {[13794385998538644597 108816626937764141 12130603454454490125 6127379912259600201 17481961476035825978 950355161936836191] [10722765800778186391 17107915684035394744 11626309118465119103 5217919199071354366 6102759180633827794 660535627654889709]}
Equal? false
2025-12-16 09:15:35,520 INFO [root] [0] Starting reliable broadcast
2025-12-16 09:15:35,520 INFO [root] self.msgmode: avss_with_aggbatch_multiplication
2025-12-16 09:15:35,521 INFO [root] rbc_list: [16, 20, 21, 22, 23]
2025-12-16 09:15:35,521 INFO [root] committee_size: 4
2025-12-16 09:15:35,521 INFO [root] n: 5
2025-12-16 09:15:35,521 INFO [root] f: 1
2025-12-16 09:15:35,522 INFO [root] pid: 0
2025-12-16 09:15:35,522 INFO [root] leader: 0
2025-12-16 09:15:35,522 INFO [root] [0] Sending to 0: 20
2025-12-16 09:15:35,522 INFO [root] [0] Sending to 1: 21
2025-12-16 09:15:35,522 INFO [root] [0] Sending to 2: 22
2025-12-16 09:15:35,522 INFO [root] [0] Sending to 3: 23
2025-12-16 09:15:35,522 INFO [root] [0] Starting AVID disperse
2025-12-16 09:15:35,524 INFO [root] [0] Dispersed VAL message to committee
2025-12-16 09:15:45,201 INFO [root] [0] Bytes Sent: TR4:302928 which is 14.714%
2025-12-16 09:15:45,216 INFO [root] [0] Bytes Sent: M4:652657 which is 31.701%
2025-12-16 09:15:45,216 INFO [root] [0] Bytes Sent: TR5:318376 which is 15.464%
2025-12-16 09:15:45,216 INFO [root] [0] Bytes Sent: M5:784836 which is 38.121%
2025-12-16 09:15:45,216 INFO [root] [0] Total bytes sent out aa: 2058797
2025-12-16 09:15:45,238 INFO [benchmark_logger] Total bytes sent out: 2058797
my_send_id: 16 exec_time: 11.433726072311401
2025-12-16 09:15:45,280 ERROR [asyncio] Task was destroyed but it is pending!
task: <Task pending name='Task-51' coro=<subscribe_recv.<locals>._recv_loop() running at /opt/dumbo-mpc/dumbo-mpc/AsyRanTriGen/beaver/utils/misc.py:89> wait_for=<Future pending cb=[<TaskWakeupMethWrapper object at 0xffff7d6550d0>()]>>
Exception ignored in: <coroutine object subscribe_recv.<locals>._recv_loop at 0xffff7e10af40>
Traceback (most recent call last):
  File "/opt/dumbo-mpc/dumbo-mpc/AsyRanTriGen/beaver/utils/misc.py", line 89, in _recv_loop
    j, (tag, o) = await recv()
  File "/usr/lib/python3.8/asyncio/queues.py", line 165, in get
    getter.cancel()  # Just in case getter is not done yet.
  File "uvloop/loop.pyx", line 1281, in uvloop.loop.Loop.call_soon
  File "uvloop/loop.pyx", line 669, in uvloop.loop.Loop._call_soon
  File "uvloop/loop.pyx", line 678, in uvloop.loop.Loop._call_soon_handle
  File "uvloop/loop.pyx", line 673, in uvloop.loop.Loop._append_ready_handle
  File "uvloop/loop.pyx", line 705, in uvloop.loop.Loop._check_closed
RuntimeError: Event loop is closed
2025-12-16 09:15:45,281 ERROR [asyncio] Task was destroyed but it is pending!
task: <Task pending name='Task-53' coro=<subscribe_recv.<locals>._recv_loop() running at /opt/dumbo-mpc/dumbo-mpc/AsyRanTriGen/beaver/utils/misc.py:89> wait_for=<Future pending cb=[<TaskWakeupMethWrapper object at 0xffff7e12f970>()]>>
2025-12-16 09:15:45,281 ERROR [asyncio] Task was destroyed but it is pending!
task: <Task pending name='Task-55' coro=<subscribe_recv.<locals>._recv_loop() running at /opt/dumbo-mpc/dumbo-mpc/AsyRanTriGen/beaver/utils/misc.py:89> wait_for=<Future pending cb=[<TaskWakeupMethWrapper object at 0xffff7e1279d0>()]>>
Exception ignored in: <coroutine object subscribe_recv.<locals>._recv_loop at 0xffff7e128440>
Traceback (most recent call last):
  File "/opt/dumbo-mpc/dumbo-mpc/AsyRanTriGen/beaver/utils/misc.py", line 89, in _recv_loop
    j, (tag, o) = await recv()
  File "/usr/lib/python3.8/asyncio/queues.py", line 165, in get
    getter.cancel()  # Just in case getter is not done yet.
  File "uvloop/loop.pyx", line 1281, in uvloop.loop.Loop.call_soon
  File "uvloop/loop.pyx", line 669, in uvloop.loop.Loop._call_soon
  File "uvloop/loop.pyx", line 678, in uvloop.loop.Loop._call_soon_handle
  File "uvloop/loop.pyx", line 673, in uvloop.loop.Loop._append_ready_handle
  File "uvloop/loop.pyx", line 705, in uvloop.loop.Loop._check_closed
RuntimeError: Event loop is closed
Exception ignored in: <coroutine object subscribe_recv.<locals>._recv_loop at 0xffff7e1283c0>
Traceback (most recent call last):
  File "/opt/dumbo-mpc/dumbo-mpc/AsyRanTriGen/beaver/utils/misc.py", line 89, in _recv_loop
    j, (tag, o) = await recv()
  File "/usr/lib/python3.8/asyncio/queues.py", line 165, in get
    getter.cancel()  # Just in case getter is not done yet.
  File "uvloop/loop.pyx", line 1281, in uvloop.loop.Loop.call_soon
  File "uvloop/loop.pyx", line 669, in uvloop.loop.Loop._call_soon
  File "uvloop/loop.pyx", line 678, in uvloop.loop.Loop._call_soon_handle
  File "uvloop/loop.pyx", line 673, in uvloop.loop.Loop._append_ready_handle
  File "uvloop/loop.pyx", line 705, in uvloop.loop.Loop._check_closed
RuntimeError: Event loop is closed
2025-12-16 09:15:45,282 ERROR [asyncio] Task was destroyed but it is pending!
task: <Task pending name='Task-63' coro=<ACSS_Foll._recv_loop() running at /opt/dumbo-mpc/dumbo-mpc/AsyRanTriGen/beaver/hbacss.py:3703> wait_for=<Future pending cb=[<TaskWakeupMethWrapper object at 0xffff7e127520>()]>>
2025-12-16 09:15:45,282 ERROR [asyncio] Task was destroyed but it is pending!
task: <Task pending name='Task-64' coro=<subscribe_recv.<locals>._recv_loop() running at /opt/dumbo-mpc/dumbo-mpc/AsyRanTriGen/beaver/utils/misc.py:89> wait_for=<Future pending cb=[<TaskWakeupMethWrapper object at 0xffff7e0c3e50>()]>>
Exception ignored in: <coroutine object ACSS_Foll._recv_loop at 0xffff7e128740>
Traceback (most recent call last):
  File "/opt/dumbo-mpc/dumbo-mpc/AsyRanTriGen/beaver/hbacss.py", line 3703, in _recv_loop
    await avid.disperse(tag, self.my_id, dispersal_msg_list)
  File "/opt/dumbo-mpc/dumbo-mpc/AsyRanTriGen/beaver/broadcast/avid.py", line 461, in disperse
    sender, msg = await self.recv()
  File "/usr/lib/python3.8/asyncio/queues.py", line 165, in get
    getter.cancel()  # Just in case getter is not done yet.
  File "uvloop/loop.pyx", line 1281, in uvloop.loop.Loop.call_soon
  File "uvloop/loop.pyx", line 669, in uvloop.loop.Loop._call_soon
  File "uvloop/loop.pyx", line 678, in uvloop.loop.Loop._call_soon_handle
  File "uvloop/loop.pyx", line 673, in uvloop.loop.Loop._append_ready_handle
  File "uvloop/loop.pyx", line 705, in uvloop.loop.Loop._check_closed
RuntimeError: Event loop is closed
2025-12-16 09:15:45,283 ERROR [asyncio] Task was destroyed but it is pending!
task: <Task pending name='Task-62' coro=<ACSS_Foll._recv_loop() running at /opt/dumbo-mpc/dumbo-mpc/AsyRanTriGen/beaver/hbacss.py:3703> wait_for=<Future pending cb=[<TaskWakeupMethWrapper object at 0xffff7e127e20>()]>>
2025-12-16 09:15:45,283 ERROR [asyncio] Task was destroyed but it is pending!
task: <Task pending name='Task-60' coro=<ACSS_Foll._recv_loop() running at /opt/dumbo-mpc/dumbo-mpc/AsyRanTriGen/beaver/hbacss.py:3703> wait_for=<Future pending cb=[<TaskWakeupMethWrapper object at 0xffff7e12fd90>()]>>
Exception ignored in: <coroutine object subscribe_recv.<locals>._recv_loop at 0xffff7e12e940>
Traceback (most recent call last):
  File "/opt/dumbo-mpc/dumbo-mpc/AsyRanTriGen/beaver/utils/misc.py", line 89, in _recv_loop
    j, (tag, o) = await recv()
  File "/usr/lib/python3.8/asyncio/queues.py", line 165, in get
    getter.cancel()  # Just in case getter is not done yet.
  File "uvloop/loop.pyx", line 1281, in uvloop.loop.Loop.call_soon
  File "uvloop/loop.pyx", line 669, in uvloop.loop.Loop._call_soon
  File "uvloop/loop.pyx", line 678, in uvloop.loop.Loop._call_soon_handle
  File "uvloop/loop.pyx", line 673, in uvloop.loop.Loop._append_ready_handle
  File "uvloop/loop.pyx", line 705, in uvloop.loop.Loop._check_closed
RuntimeError: Event loop is closed
2025-12-16 09:15:45,283 ERROR [asyncio] Task was destroyed but it is pending!
task: <Task pending name='Task-61' coro=<ACSS_Foll._recv_loop() running at /opt/dumbo-mpc/dumbo-mpc/AsyRanTriGen/beaver/hbacss.py:3705> wait_for=<Future pending cb=[<TaskWakeupMethWrapper object at 0xffff7e1270d0>()]>>
Exception ignored in: <coroutine object ACSS_Foll._recv_loop at 0xffff7e128cc0>
Traceback (most recent call last):
  File "/opt/dumbo-mpc/dumbo-mpc/AsyRanTriGen/beaver/hbacss.py", line 3703, in _recv_loop
    await avid.disperse(tag, self.my_id, dispersal_msg_list)
  File "/opt/dumbo-mpc/dumbo-mpc/AsyRanTriGen/beaver/broadcast/avid.py", line 461, in disperse
    sender, msg = await self.recv()
  File "/usr/lib/python3.8/asyncio/queues.py", line 165, in get
    getter.cancel()  # Just in case getter is not done yet.
  File "uvloop/loop.pyx", line 1281, in uvloop.loop.Loop.call_soon
  File "uvloop/loop.pyx", line 669, in uvloop.loop.Loop._call_soon
  File "uvloop/loop.pyx", line 678, in uvloop.loop.Loop._call_soon_handle
  File "uvloop/loop.pyx", line 673, in uvloop.loop.Loop._append_ready_handle
  File "uvloop/loop.pyx", line 705, in uvloop.loop.Loop._check_closed
RuntimeError: Event loop is closed
Exception ignored in: <coroutine object ACSS_Foll._recv_loop at 0xffff7e128e40>
Traceback (most recent call last):
  File "/opt/dumbo-mpc/dumbo-mpc/AsyRanTriGen/beaver/hbacss.py", line 3703, in _recv_loop
    await avid.disperse(tag, self.my_id, dispersal_msg_list)
  File "/opt/dumbo-mpc/dumbo-mpc/AsyRanTriGen/beaver/broadcast/avid.py", line 461, in disperse
    sender, msg = await self.recv()
  File "/usr/lib/python3.8/asyncio/queues.py", line 165, in get
    getter.cancel()  # Just in case getter is not done yet.
  File "uvloop/loop.pyx", line 1281, in uvloop.loop.Loop.call_soon
  File "uvloop/loop.pyx", line 669, in uvloop.loop.Loop._call_soon
  File "uvloop/loop.pyx", line 678, in uvloop.loop.Loop._call_soon_handle
  File "uvloop/loop.pyx", line 673, in uvloop.loop.Loop._append_ready_handle
  File "uvloop/loop.pyx", line 705, in uvloop.loop.Loop._check_closed
RuntimeError: Event loop is closed
Exception ignored in: <coroutine object ACSS_Foll._recv_loop at 0xffff7e1287c0>
Traceback (most recent call last):
  File "/opt/dumbo-mpc/dumbo-mpc/AsyRanTriGen/beaver/hbacss.py", line 3705, in _recv_loop
    await avid.disperse(tag, self.my_id+1, dispersal_msg_list)
  File "/opt/dumbo-mpc/dumbo-mpc/AsyRanTriGen/beaver/broadcast/avid.py", line 461, in disperse
    sender, msg = await self.recv()
  File "/usr/lib/python3.8/asyncio/queues.py", line 165, in get
    getter.cancel()  # Just in case getter is not done yet.
  File "uvloop/loop.pyx", line 1281, in uvloop.loop.Loop.call_soon
  File "uvloop/loop.pyx", line 669, in uvloop.loop.Loop._call_soon
  File "uvloop/loop.pyx", line 678, in uvloop.loop.Loop._call_soon_handle
  File "uvloop/loop.pyx", line 673, in uvloop.loop.Loop._append_ready_handle
  File "uvloop/loop.pyx", line 705, in uvloop.loop.Loop._check_closed
RuntimeError: Event loop is closed
2025-12-16 09:15:45,286 ERROR [asyncio] Task was destroyed but it is pending!
task: <Task pending name='Task-65' coro=<OptimalCommonSet.fallback_timer() running at /opt/dumbo-mpc/dumbo-mpc/AsyRanTriGen/beaver/broadcast/otmvba_dyn.py:71> wait_for=<Future pending cb=[<TaskWakeupMethWrapper object at 0xffff7e09cfa0>()]>>
2025-12-16 09:15:45,286 ERROR [asyncio] Task was destroyed but it is pending!
task: <Task pending name='Task-92' coro=<rbc_dyn() running at /opt/dumbo-mpc/dumbo-mpc/AsyRanTriGen/beaver/broadcast/reliablebroadcast.py:411> wait_for=<Future cancelled>>
Exception ignored in: <coroutine object rbc_dyn at 0xffff7d654740>
Traceback (most recent call last):
  File "/opt/dumbo-mpc/dumbo-mpc/AsyRanTriGen/beaver/broadcast/reliablebroadcast.py", line 411, in rbc_dyn
    sender, msg = await receive()
  File "/usr/lib/python3.8/asyncio/queues.py", line 165, in get
    getter.cancel()  # Just in case getter is not done yet.
  File "uvloop/loop.pyx", line 1281, in uvloop.loop.Loop.call_soon
  File "uvloop/loop.pyx", line 669, in uvloop.loop.Loop._call_soon
  File "uvloop/loop.pyx", line 678, in uvloop.loop.Loop._call_soon_handle
  File "uvloop/loop.pyx", line 673, in uvloop.loop.Loop._append_ready_handle
  File "uvloop/loop.pyx", line 705, in uvloop.loop.Loop._check_closed
RuntimeError: Event loop is closed
2025-12-16 09:15:45,286 ERROR [asyncio] Task was destroyed but it is pending!
task: <Task pending name='Task-94' coro=<AVID_DYNAMIC.disperse() running at /opt/dumbo-mpc/dumbo-mpc/AsyRanTriGen/beaver/broadcast/avid.py:461> wait_for=<Future cancelled>>
Exception ignored in: <coroutine object AVID_DYNAMIC.disperse at 0xffff7d674340>
Traceback (most recent call last):
  File "/opt/dumbo-mpc/dumbo-mpc/AsyRanTriGen/beaver/broadcast/avid.py", line 461, in disperse
    sender, msg = await self.recv()
  File "/usr/lib/python3.8/asyncio/queues.py", line 165, in get
    getter.cancel()  # Just in case getter is not done yet.
  File "uvloop/loop.pyx", line 1281, in uvloop.loop.Loop.call_soon
  File "uvloop/loop.pyx", line 669, in uvloop.loop.Loop._call_soon
  File "uvloop/loop.pyx", line 678, in uvloop.loop.Loop._call_soon_handle
  File "uvloop/loop.pyx", line 673, in uvloop.loop.Loop._append_ready_handle
  File "uvloop/loop.pyx", line 705, in uvloop.loop.Loop._check_closed
RuntimeError: Event loop is closed
2025-12-16 09:15:45,287 ERROR [asyncio] Task was destroyed but it is pending!
task: <Task pending name='Task-66' coro=<subscribe_recv.<locals>._recv_loop() running at /opt/dumbo-mpc/dumbo-mpc/AsyRanTriGen/beaver/utils/misc.py:89> wait_for=<Future cancelled>>
Exception ignored in: <coroutine object subscribe_recv.<locals>._recv_loop at 0xffff7e12e4c0>
Traceback (most recent call last):
  File "/opt/dumbo-mpc/dumbo-mpc/AsyRanTriGen/beaver/utils/misc.py", line 89, in _recv_loop
    j, (tag, o) = await recv()
ValueError: coroutine already executing
Exception ignored in: <coroutine object Queue.get at 0xffff7d65c2c0>
Traceback (most recent call last):
  File "/usr/lib/python3.8/asyncio/queues.py", line 165, in get
    getter.cancel()  # Just in case getter is not done yet.
  File "uvloop/loop.pyx", line 1281, in uvloop.loop.Loop.call_soon
  File "uvloop/loop.pyx", line 669, in uvloop.loop.Loop._call_soon
  File "uvloop/loop.pyx", line 678, in uvloop.loop.Loop._call_soon_handle
  File "uvloop/loop.pyx", line 673, in uvloop.loop.Loop._append_ready_handle
  File "uvloop/loop.pyx", line 705, in uvloop.loop.Loop._check_closed
RuntimeError: Event loop is closed
Exception ignored in: <coroutine object Queue.get at 0xffff7d65c4c0>
Traceback (most recent call last):
  File "/usr/lib/python3.8/asyncio/queues.py", line 165, in get
    getter.cancel()  # Just in case getter is not done yet.
  File "uvloop/loop.pyx", line 1281, in uvloop.loop.Loop.call_soon
  File "uvloop/loop.pyx", line 669, in uvloop.loop.Loop._call_soon
  File "uvloop/loop.pyx", line 678, in uvloop.loop.Loop._call_soon_handle
  File "uvloop/loop.pyx", line 673, in uvloop.loop.Loop._append_ready_handle
  File "uvloop/loop.pyx", line 705, in uvloop.loop.Loop._check_closed
RuntimeError: Event loop is closed
2025-12-16 09:15:45,288 ERROR [asyncio] Task was destroyed but it is pending!
task: <Task pending name='Task-68' coro=<subscribe_recv.<locals>._recv_loop() running at /opt/dumbo-mpc/dumbo-mpc/AsyRanTriGen/beaver/utils/misc.py:89> wait_for=<Future pending cb=[<TaskWakeupMethWrapper object at 0xffff7e0c36a0>()]>>
2025-12-16 09:15:45,288 ERROR [asyncio] Task was destroyed but it is pending!
task: <Task pending name='Task-76' coro=<ACSS_Foll._recv_loop() running at /opt/dumbo-mpc/dumbo-mpc/AsyRanTriGen/beaver/hbacss.py:3703> wait_for=<Future pending cb=[<TaskWakeupMethWrapper object at 0xffff7e09c220>()]>>
Exception ignored in: <coroutine object subscribe_recv.<locals>._recv_loop at 0xffff7e1284c0>
Traceback (most recent call last):
  File "/opt/dumbo-mpc/dumbo-mpc/AsyRanTriGen/beaver/utils/misc.py", line 89, in _recv_loop
    j, (tag, o) = await recv()
  File "/usr/lib/python3.8/asyncio/queues.py", line 165, in get
    getter.cancel()  # Just in case getter is not done yet.
  File "uvloop/loop.pyx", line 1281, in uvloop.loop.Loop.call_soon
  File "uvloop/loop.pyx", line 669, in uvloop.loop.Loop._call_soon
  File "uvloop/loop.pyx", line 678, in uvloop.loop.Loop._call_soon_handle
  File "uvloop/loop.pyx", line 673, in uvloop.loop.Loop._append_ready_handle
  File "uvloop/loop.pyx", line 705, in uvloop.loop.Loop._check_closed
RuntimeError: Event loop is closed
Exception ignored in: <coroutine object ACSS_Foll._recv_loop at 0xffff7e0b05c0>
Traceback (most recent call last):
  File "/opt/dumbo-mpc/dumbo-mpc/AsyRanTriGen/beaver/hbacss.py", line 3703, in _recv_loop
    await avid.disperse(tag, self.my_id, dispersal_msg_list)
  File "/opt/dumbo-mpc/dumbo-mpc/AsyRanTriGen/beaver/broadcast/avid.py", line 461, in disperse
    sender, msg = await self.recv()
  File "/usr/lib/python3.8/asyncio/queues.py", line 165, in get
    getter.cancel()  # Just in case getter is not done yet.
  File "uvloop/loop.pyx", line 1281, in uvloop.loop.Loop.call_soon
  File "uvloop/loop.pyx", line 669, in uvloop.loop.Loop._call_soon
  File "uvloop/loop.pyx", line 678, in uvloop.loop.Loop._call_soon_handle
  File "uvloop/loop.pyx", line 673, in uvloop.loop.Loop._append_ready_handle
  File "uvloop/loop.pyx", line 705, in uvloop.loop.Loop._check_closed
RuntimeError: Event loop is closed
2025-12-16 09:15:45,289 ERROR [asyncio] Task was destroyed but it is pending!
task: <Task pending name='Task-73' coro=<ACSS_Foll._recv_loop() running at /opt/dumbo-mpc/dumbo-mpc/AsyRanTriGen/beaver/hbacss.py:3705> wait_for=<Future pending cb=[<TaskWakeupMethWrapper object at 0xffff7e0c3160>()]>>
2025-12-16 09:15:45,289 ERROR [asyncio] Task was destroyed but it is pending!
task: <Task pending name='Task-74' coro=<ACSS_Foll._recv_loop() running at /opt/dumbo-mpc/dumbo-mpc/AsyRanTriGen/beaver/hbacss.py:3703> wait_for=<Future pending cb=[<TaskWakeupMethWrapper object at 0xffff7e0c3250>()]>>
2025-12-16 09:15:45,289 ERROR [asyncio] Task was destroyed but it is pending!
task: <Task pending name='Task-75' coro=<ACSS_Foll._recv_loop() running at /opt/dumbo-mpc/dumbo-mpc/AsyRanTriGen/beaver/hbacss.py:3703> wait_for=<Future pending cb=[<TaskWakeupMethWrapper object at 0xffff7e09cd60>()]>>
Exception ignored in: <coroutine object ACSS_Foll._recv_loop at 0xffff7e12e340>
Traceback (most recent call last):
  File "/opt/dumbo-mpc/dumbo-mpc/AsyRanTriGen/beaver/hbacss.py", line 3705, in _recv_loop
    await avid.disperse(tag, self.my_id+1, dispersal_msg_list)
  File "/opt/dumbo-mpc/dumbo-mpc/AsyRanTriGen/beaver/broadcast/avid.py", line 461, in disperse
    sender, msg = await self.recv()
  File "/usr/lib/python3.8/asyncio/queues.py", line 165, in get
    getter.cancel()  # Just in case getter is not done yet.
  File "uvloop/loop.pyx", line 1281, in uvloop.loop.Loop.call_soon
  File "uvloop/loop.pyx", line 669, in uvloop.loop.Loop._call_soon
  File "uvloop/loop.pyx", line 678, in uvloop.loop.Loop._call_soon_handle
  File "uvloop/loop.pyx", line 673, in uvloop.loop.Loop._append_ready_handle
  File "uvloop/loop.pyx", line 705, in uvloop.loop.Loop._check_closed
RuntimeError: Event loop is closed
Exception ignored in: <coroutine object ACSS_Foll._recv_loop at 0xffff7e12e6c0>
Traceback (most recent call last):
  File "/opt/dumbo-mpc/dumbo-mpc/AsyRanTriGen/beaver/hbacss.py", line 3703, in _recv_loop
    await avid.disperse(tag, self.my_id, dispersal_msg_list)
  File "/opt/dumbo-mpc/dumbo-mpc/AsyRanTriGen/beaver/broadcast/avid.py", line 461, in disperse
    sender, msg = await self.recv()
  File "/usr/lib/python3.8/asyncio/queues.py", line 165, in get
    getter.cancel()  # Just in case getter is not done yet.
  File "uvloop/loop.pyx", line 1281, in uvloop.loop.Loop.call_soon
  File "uvloop/loop.pyx", line 669, in uvloop.loop.Loop._call_soon
  File "uvloop/loop.pyx", line 678, in uvloop.loop.Loop._call_soon_handle
  File "uvloop/loop.pyx", line 673, in uvloop.loop.Loop._append_ready_handle
  File "uvloop/loop.pyx", line 705, in uvloop.loop.Loop._check_closed
RuntimeError: Event loop is closed
Exception ignored in: <coroutine object ACSS_Foll._recv_loop at 0xffff7e0b0540>
Traceback (most recent call last):
  File "/opt/dumbo-mpc/dumbo-mpc/AsyRanTriGen/beaver/hbacss.py", line 3703, in _recv_loop
    await avid.disperse(tag, self.my_id, dispersal_msg_list)
  File "/opt/dumbo-mpc/dumbo-mpc/AsyRanTriGen/beaver/broadcast/avid.py", line 461, in disperse
    sender, msg = await self.recv()
  File "/usr/lib/python3.8/asyncio/queues.py", line 165, in get
    getter.cancel()  # Just in case getter is not done yet.
  File "uvloop/loop.pyx", line 1281, in uvloop.loop.Loop.call_soon
  File "uvloop/loop.pyx", line 669, in uvloop.loop.Loop._call_soon
  File "uvloop/loop.pyx", line 678, in uvloop.loop.Loop._call_soon_handle
  File "uvloop/loop.pyx", line 673, in uvloop.loop.Loop._append_ready_handle
  File "uvloop/loop.pyx", line 705, in uvloop.loop.Loop._check_closed
RuntimeError: Event loop is closed
2025-12-16 09:15:45,293 ERROR [asyncio] Task was destroyed but it is pending!
task: <Task pending name='Task-77' coro=<subscribe_recv.<locals>._recv_loop() running at /opt/dumbo-mpc/dumbo-mpc/AsyRanTriGen/beaver/utils/misc.py:89> wait_for=<Future cancelled>>
2025-12-16 09:15:45,293 ERROR [asyncio] Task was destroyed but it is pending!
task: <Task pending name='Task-78' coro=<OptimalCommonSet.fallback_timer() running at /opt/dumbo-mpc/dumbo-mpc/AsyRanTriGen/beaver/broadcast/otmvba_dyn.py:71> wait_for=<Future pending cb=[<TaskWakeupMethWrapper object at 0xffff7e0c8a60>()]>>
2025-12-16 09:15:45,293 ERROR [asyncio] Task was destroyed but it is pending!
task: <Task pending name='Task-79' coro=<subscribe_recv.<locals>._recv_loop() running at /opt/dumbo-mpc/dumbo-mpc/AsyRanTriGen/beaver/utils/misc.py:89> wait_for=<Future pending cb=[<TaskWakeupMethWrapper object at 0xffff7e09cf10>()]>>
2025-12-16 09:15:45,293 ERROR [asyncio] Task was destroyed but it is pending!
task: <Task pending name='Task-82' coro=<subscribe_recv.<locals>._recv_loop() running at /opt/dumbo-mpc/dumbo-mpc/AsyRanTriGen/beaver/utils/misc.py:89> wait_for=<Future pending cb=[<TaskWakeupMethWrapper object at 0xffff7e0c8d60>()]>>
2025-12-16 09:15:45,293 ERROR [asyncio] Task was destroyed but it is pending!
task: <Task pending name='Task-84' coro=<subscribe_recv.<locals>._recv_loop() running at /opt/dumbo-mpc/dumbo-mpc/AsyRanTriGen/beaver/utils/misc.py:89> wait_for=<Future pending cb=[<TaskWakeupMethWrapper object at 0xffff7e0b6310>()]>>
Exception ignored in: <coroutine object subscribe_recv.<locals>._recv_loop at 0xffff7d65c440>
Traceback (most recent call last):
  File "/opt/dumbo-mpc/dumbo-mpc/AsyRanTriGen/beaver/utils/misc.py", line 89, in _recv_loop
    j, (tag, o) = await recv()
  File "/usr/lib/python3.8/asyncio/queues.py", line 165, in get
    getter.cancel()  # Just in case getter is not done yet.
  File "uvloop/loop.pyx", line 1281, in uvloop.loop.Loop.call_soon
  File "uvloop/loop.pyx", line 669, in uvloop.loop.Loop._call_soon
  File "uvloop/loop.pyx", line 678, in uvloop.loop.Loop._call_soon_handle
  File "uvloop/loop.pyx", line 673, in uvloop.loop.Loop._append_ready_handle
  File "uvloop/loop.pyx", line 705, in uvloop.loop.Loop._check_closed
RuntimeError: Event loop is closed
Exception ignored in: <coroutine object subscribe_recv.<locals>._recv_loop at 0xffff7e0b49c0>
Traceback (most recent call last):
  File "/opt/dumbo-mpc/dumbo-mpc/AsyRanTriGen/beaver/utils/misc.py", line 89, in _recv_loop
    j, (tag, o) = await recv()
  File "/usr/lib/python3.8/asyncio/queues.py", line 165, in get
    getter.cancel()  # Just in case getter is not done yet.
  File "uvloop/loop.pyx", line 1281, in uvloop.loop.Loop.call_soon
  File "uvloop/loop.pyx", line 669, in uvloop.loop.Loop._call_soon
  File "uvloop/loop.pyx", line 678, in uvloop.loop.Loop._call_soon_handle
  File "uvloop/loop.pyx", line 673, in uvloop.loop.Loop._append_ready_handle
  File "uvloop/loop.pyx", line 705, in uvloop.loop.Loop._check_closed
RuntimeError: Event loop is closed
Exception ignored in: <coroutine object subscribe_recv.<locals>._recv_loop at 0xffff7e0b4dc0>
Traceback (most recent call last):
  File "/opt/dumbo-mpc/dumbo-mpc/AsyRanTriGen/beaver/utils/misc.py", line 89, in _recv_loop
    j, (tag, o) = await recv()
  File "/usr/lib/python3.8/asyncio/queues.py", line 165, in get
    getter.cancel()  # Just in case getter is not done yet.
  File "uvloop/loop.pyx", line 1281, in uvloop.loop.Loop.call_soon
  File "uvloop/loop.pyx", line 669, in uvloop.loop.Loop._call_soon
  File "uvloop/loop.pyx", line 678, in uvloop.loop.Loop._call_soon_handle
  File "uvloop/loop.pyx", line 673, in uvloop.loop.Loop._append_ready_handle
  File "uvloop/loop.pyx", line 705, in uvloop.loop.Loop._check_closed
RuntimeError: Event loop is closed
2025-12-16 09:15:45,294 ERROR [asyncio] Task was destroyed but it is pending!
task: <Task pending name='Task-90' coro=<subscribe_recv.<locals>._recv_loop() running at /opt/dumbo-mpc/dumbo-mpc/AsyRanTriGen/beaver/utils/misc.py:89> wait_for=<Future pending cb=[<TaskWakeupMethWrapper object at 0xffff7e0b6a60>()]>>
2025-12-16 09:15:45,294 ERROR [asyncio] Task was destroyed but it is pending!
task: <Task pending name='Task-86' coro=<rbc_dyn() running at /opt/dumbo-mpc/dumbo-mpc/AsyRanTriGen/beaver/broadcast/reliablebroadcast.py:411> wait_for=<Future pending cb=[<TaskWakeupMethWrapper object at 0xffff7e0b6a90>()]>>
Exception ignored in: <coroutine object subscribe_recv.<locals>._recv_loop at 0xffff7d6740c0>
Traceback (most recent call last):
  File "/opt/dumbo-mpc/dumbo-mpc/AsyRanTriGen/beaver/utils/misc.py", line 89, in _recv_loop
    j, (tag, o) = await recv()
  File "/usr/lib/python3.8/asyncio/queues.py", line 165, in get
    getter.cancel()  # Just in case getter is not done yet.
  File "uvloop/loop.pyx", line 1281, in uvloop.loop.Loop.call_soon
  File "uvloop/loop.pyx", line 669, in uvloop.loop.Loop._call_soon
  File "uvloop/loop.pyx", line 678, in uvloop.loop.Loop._call_soon_handle
  File "uvloop/loop.pyx", line 673, in uvloop.loop.Loop._append_ready_handle
  File "uvloop/loop.pyx", line 705, in uvloop.loop.Loop._check_closed
RuntimeError: Event loop is closed
2025-12-16 09:15:45,294 ERROR [asyncio] Task was destroyed but it is pending!
task: <Task pending name='Task-89' coro=<AVID_DYNAMIC.disperse() running at /opt/dumbo-mpc/dumbo-mpc/AsyRanTriGen/beaver/broadcast/avid.py:461> wait_for=<Future pending cb=[<TaskWakeupMethWrapper object at 0xffff7e11abb0>()]>>
Exception ignored in: <coroutine object rbc_dyn at 0xffff7e0b4d40>
Traceback (most recent call last):
  File "/opt/dumbo-mpc/dumbo-mpc/AsyRanTriGen/beaver/broadcast/reliablebroadcast.py", line 411, in rbc_dyn
    sender, msg = await receive()
  File "/usr/lib/python3.8/asyncio/queues.py", line 165, in get
    getter.cancel()  # Just in case getter is not done yet.
  File "uvloop/loop.pyx", line 1281, in uvloop.loop.Loop.call_soon
  File "uvloop/loop.pyx", line 669, in uvloop.loop.Loop._call_soon
  File "uvloop/loop.pyx", line 678, in uvloop.loop.Loop._call_soon_handle
  File "uvloop/loop.pyx", line 673, in uvloop.loop.Loop._append_ready_handle
  File "uvloop/loop.pyx", line 705, in uvloop.loop.Loop._check_closed
RuntimeError: Event loop is closed
Exception ignored in: <coroutine object AVID_DYNAMIC.disperse at 0xffff7d6547c0>
Traceback (most recent call last):
  File "/opt/dumbo-mpc/dumbo-mpc/AsyRanTriGen/beaver/broadcast/avid.py", line 461, in disperse
    sender, msg = await self.recv()
  File "/usr/lib/python3.8/asyncio/queues.py", line 165, in get
    getter.cancel()  # Just in case getter is not done yet.
  File "uvloop/loop.pyx", line 1281, in uvloop.loop.Loop.call_soon
  File "uvloop/loop.pyx", line 669, in uvloop.loop.Loop._call_soon
  File "uvloop/loop.pyx", line 678, in uvloop.loop.Loop._call_soon_handle
  File "uvloop/loop.pyx", line 673, in uvloop.loop.Loop._append_ready_handle
  File "uvloop/loop.pyx", line 705, in uvloop.loop.Loop._check_closed
RuntimeError: Event loop is closed
