2025-12-16 09:15:26,174 INFO [root] Running ADMPC ...
2025-12-16 09:15:26,363 INFO [root] my_send_id: 2
2025-12-16 09:15:27,081 INFO [root] ADMPC start time: 1765876527.0814557
2025-12-16 09:15:27,081 INFO [root] [Layer 0] Reached run_admpc checkpoint
2025-12-16 09:15:27,081 INFO [root] layer ID: 0 inputs_num: 50, n: 4, w: 100
2025-12-16 09:15:27,085 INFO [root] public_keys: [{'X': '2158823935120220798464426948920227088389045796157471735027934407039814564758859042638357325891511703454667723311191', 'Y': '3690947910611812416124969767694895552052856134865411699491872088776969679774629981164250551413993505276578608916291'}, {'X': '1951769250672082083082531890356204460037235848208082828030346439849349764953279488234463389739070288138125704591242', 'Y': '625640116965066587917905912824625321220943702462730056225788389484334884036343407690641176435372929395445303794633'}, {'X': '1901927541863030092090111670842423339889913066318466971300605285273642154621035428964726818868383443301228127882444', 'Y': '1271228555507008096377523458944053874751867602128828158594169056696761329408820737993045801209927991407511739553128'}, {'X': '2428824777069169096850236501506165362451821940886234111426187793740231505128415554832871006493229465131408411605676', 'Y': '2009647257939354812960717337799428194187303106506072224846351524188214402190281938939119280729170844167940623008788'}]
2025-12-16 09:15:27,086 INFO [root] [2] AVSS tag: 2-0-1-B-AVSS
2025-12-16 09:15:27,086 INFO [root] [2] RBC tag: 2-0-1-B-RBC
2025-12-16 09:15:28,322 INFO [root] enter avss_without_proof mode
2025-12-16 09:15:28,391 INFO [root] enter avss_without_proof mode
2025-12-16 09:15:28,392 INFO [root] enter avss_without_proof mode
2025-12-16 09:15:28,393 INFO [root] enter avss_without_proof mode
2025-12-16 09:15:28,393 INFO [root] [2] Starting reliable broadcast
2025-12-16 09:15:28,393 INFO [root] self.msgmode: avss_without_proof
2025-12-16 09:15:28,420 INFO [root] rbc_list: [2, 4, 5, 6, 7]
2025-12-16 09:15:28,420 INFO [root] committee_size: 4
2025-12-16 09:15:28,420 INFO [root] n: 5
2025-12-16 09:15:28,420 INFO [root] f: 1
2025-12-16 09:15:28,420 INFO [root] pid: 2
2025-12-16 09:15:28,420 INFO [root] leader: 2
2025-12-16 09:15:28,421 INFO [root] [2] Sending to 0: 4
2025-12-16 09:15:28,421 INFO [root] [2] Sending to 1: 5
2025-12-16 09:15:28,421 INFO [root] [2] Sending to 2: 6
2025-12-16 09:15:28,421 INFO [root] [2] Sending to 3: 7
2025-12-16 09:15:28,421 INFO [root] [2] Starting AVID disperse
2025-12-16 09:15:28,421 INFO [root] layer ID: 0 acss_pre_time: 1.3359806537628174
2025-12-16 09:15:28,421 INFO [root] layer ID: 0 layer_time: 1.3398876190185547
2025-12-16 09:15:28,429 INFO [root] [2] Dispersed VAL message to committee
2025-12-16 09:15:38,424 INFO [root] [2] Bytes Sent: A1:209832 which is 100.0%
2025-12-16 09:15:38,424 INFO [root] [2] Total bytes sent out aa: 209832
2025-12-16 09:15:38,485 INFO [benchmark_logger] Total bytes sent out: 209832
my_send_id: 2 exec_time: 6.3413989543914795
2025-12-16 09:15:38,521 ERROR [asyncio] Task was destroyed but it is pending!
task: <Task pending name='Task-55' coro=<rbc_dyn() running at /opt/dumbo-mpc/dumbo-mpc/AsyRanTriGen/beaver/broadcast/reliablebroadcast.py:411> wait_for=<Future cancelled>>
Exception ignored in: <coroutine object rbc_dyn at 0xffff71469040>
Traceback (most recent call last):
  File "/opt/dumbo-mpc/dumbo-mpc/AsyRanTriGen/beaver/broadcast/reliablebroadcast.py", line 411, in rbc_dyn
    sender, msg = await receive()
  File "/usr/lib/python3.8/asyncio/queues.py", line 165, in get
    getter.cancel()  # Just in case getter is not done yet.
  File "uvloop/loop.pyx", line 1281, in uvloop.loop.Loop.call_soon
  File "uvloop/loop.pyx", line 669, in uvloop.loop.Loop._call_soon
  File "uvloop/loop.pyx", line 678, in uvloop.loop.Loop._call_soon_handle
  File "uvloop/loop.pyx", line 673, in uvloop.loop.Loop._append_ready_handle
  File "uvloop/loop.pyx", line 705, in uvloop.loop.Loop._check_closed
RuntimeError: Event loop is closed
2025-12-16 09:15:38,522 ERROR [asyncio] Task was destroyed but it is pending!
task: <Task pending name='Task-57' coro=<AVID_DYNAMIC.disperse() running at /opt/dumbo-mpc/dumbo-mpc/AsyRanTriGen/beaver/broadcast/avid.py:461> wait_for=<Future cancelled>>
Exception ignored in: <coroutine object AVID_DYNAMIC.disperse at 0xffff71473840>
Traceback (most recent call last):
  File "/opt/dumbo-mpc/dumbo-mpc/AsyRanTriGen/beaver/broadcast/avid.py", line 461, in disperse
    sender, msg = await self.recv()
  File "/usr/lib/python3.8/asyncio/queues.py", line 165, in get
    getter.cancel()  # Just in case getter is not done yet.
  File "uvloop/loop.pyx", line 1281, in uvloop.loop.Loop.call_soon
  File "uvloop/loop.pyx", line 669, in uvloop.loop.Loop._call_soon
  File "uvloop/loop.pyx", line 678, in uvloop.loop.Loop._call_soon_handle
  File "uvloop/loop.pyx", line 673, in uvloop.loop.Loop._append_ready_handle
  File "uvloop/loop.pyx", line 705, in uvloop.loop.Loop._check_closed
RuntimeError: Event loop is closed
2025-12-16 09:15:38,522 ERROR [asyncio] Task was destroyed but it is pending!
task: <Task pending name='Task-51' coro=<subscribe_recv.<locals>._recv_loop() running at /opt/dumbo-mpc/dumbo-mpc/AsyRanTriGen/beaver/utils/misc.py:89> wait_for=<Future pending cb=[<TaskWakeupMethWrapper object at 0xffff714740a0>()]>>
Exception ignored in: <coroutine object subscribe_recv.<locals>._recv_loop at 0xffff71456f40>
Traceback (most recent call last):
  File "/opt/dumbo-mpc/dumbo-mpc/AsyRanTriGen/beaver/utils/misc.py", line 89, in _recv_loop
    j, (tag, o) = await recv()
  File "/usr/lib/python3.8/asyncio/queues.py", line 165, in get
    getter.cancel()  # Just in case getter is not done yet.
  File "uvloop/loop.pyx", line 1281, in uvloop.loop.Loop.call_soon
  File "uvloop/loop.pyx", line 669, in uvloop.loop.Loop._call_soon
  File "uvloop/loop.pyx", line 678, in uvloop.loop.Loop._call_soon_handle
  File "uvloop/loop.pyx", line 673, in uvloop.loop.Loop._append_ready_handle
  File "uvloop/loop.pyx", line 705, in uvloop.loop.Loop._check_closed
RuntimeError: Event loop is closed
2025-12-16 09:15:38,522 ERROR [asyncio] Task was destroyed but it is pending!
task: <Task pending name='Task-53' coro=<subscribe_recv.<locals>._recv_loop() running at /opt/dumbo-mpc/dumbo-mpc/AsyRanTriGen/beaver/utils/misc.py:89> wait_for=<Future pending cb=[<TaskWakeupMethWrapper object at 0xffff714744f0>()]>>
Exception ignored in: <coroutine object subscribe_recv.<locals>._recv_loop at 0xffff71e3d540>
Traceback (most recent call last):
  File "/opt/dumbo-mpc/dumbo-mpc/AsyRanTriGen/beaver/utils/misc.py", line 89, in _recv_loop
    j, (tag, o) = await recv()
  File "/usr/lib/python3.8/asyncio/queues.py", line 165, in get
    getter.cancel()  # Just in case getter is not done yet.
  File "uvloop/loop.pyx", line 1281, in uvloop.loop.Loop.call_soon
  File "uvloop/loop.pyx", line 669, in uvloop.loop.Loop._call_soon
  File "uvloop/loop.pyx", line 678, in uvloop.loop.Loop._call_soon_handle
  File "uvloop/loop.pyx", line 673, in uvloop.loop.Loop._append_ready_handle
  File "uvloop/loop.pyx", line 705, in uvloop.loop.Loop._check_closed
RuntimeError: Event loop is closed
