2025-12-16 09:15:29,871 INFO [root] Running ADMPC ...
2025-12-16 09:15:30,491 INFO [root] my_send_id: 30
2025-12-16 09:15:30,506 INFO [root] ADMPC start time: 1765876530.5068357
2025-12-16 09:15:30,507 INFO [root] [Layer 7] Reached run_admpc checkpoint
2025-12-16 09:15:30,507 INFO [beaver.transfer] [2] Starting DynamicTransfer_Foll
2025-12-16 09:15:30,507 INFO [beaver.transfer] [2] Starting ACSS to share 25 secrets
2025-12-16 09:15:30,508 INFO [root] [2] Starting Batch AVSS. Id: 0, Dealer Id: 0, Client Mode: False
2025-12-16 09:15:30,508 INFO [root] [2] AVSS tag: 0-0-7-B-AVSS
2025-12-16 09:15:30,508 INFO [root] [2] RBC tag: 0-0-7-B-RBC
2025-12-16 09:15:30,508 INFO [root] [2] Starting AVSS with shares_num: 25, dealer_id: 0, client_mode: False
2025-12-16 09:15:30,508 INFO [root] rbc_list: [24, 28, 29, 30, 31]
2025-12-16 09:15:30,508 INFO [root] committee_size: 4
2025-12-16 09:15:30,508 INFO [root] n: 5
2025-12-16 09:15:30,508 INFO [root] f: 1
2025-12-16 09:15:30,508 INFO [root] pid: 3
2025-12-16 09:15:30,508 INFO [root] leader: 0
2025-12-16 09:15:30,508 INFO [root] [2] Starting Batch AVSS. Id: 0, Dealer Id: 1, Client Mode: False
2025-12-16 09:15:30,508 INFO [root] [2] AVSS tag: 1-0-7-B-AVSS
2025-12-16 09:15:30,508 INFO [root] [2] RBC tag: 1-0-7-B-RBC
2025-12-16 09:15:30,508 INFO [root] [2] Starting AVSS with shares_num: 25, dealer_id: 1, client_mode: False
2025-12-16 09:15:30,508 INFO [root] rbc_list: [25, 28, 29, 30, 31]
2025-12-16 09:15:30,508 INFO [root] committee_size: 4
2025-12-16 09:15:30,508 INFO [root] n: 5
2025-12-16 09:15:30,508 INFO [root] f: 1
2025-12-16 09:15:30,508 INFO [root] pid: 3
2025-12-16 09:15:30,508 INFO [root] leader: 1
2025-12-16 09:15:30,508 INFO [root] [2] Starting Batch AVSS. Id: 0, Dealer Id: 2, Client Mode: False
2025-12-16 09:15:30,508 INFO [root] [2] AVSS tag: 2-0-7-B-AVSS
2025-12-16 09:15:30,508 INFO [root] [2] RBC tag: 2-0-7-B-RBC
2025-12-16 09:15:30,508 INFO [root] [2] Starting AVSS with shares_num: 25, dealer_id: 2, client_mode: False
2025-12-16 09:15:30,508 INFO [root] rbc_list: [26, 28, 29, 30, 31]
2025-12-16 09:15:30,508 INFO [root] committee_size: 4
2025-12-16 09:15:30,508 INFO [root] n: 5
2025-12-16 09:15:30,508 INFO [root] f: 1
2025-12-16 09:15:30,508 INFO [root] pid: 3
2025-12-16 09:15:30,508 INFO [root] leader: 2
2025-12-16 09:15:30,508 INFO [root] [2] Starting Batch AVSS. Id: 0, Dealer Id: 3, Client Mode: False
2025-12-16 09:15:30,508 INFO [root] [2] AVSS tag: 3-0-7-B-AVSS
2025-12-16 09:15:30,508 INFO [root] [2] RBC tag: 3-0-7-B-RBC
2025-12-16 09:15:30,508 INFO [root] [2] Starting AVSS with shares_num: 25, dealer_id: 3, client_mode: False
2025-12-16 09:15:30,508 INFO [root] rbc_list: [27, 28, 29, 30, 31]
2025-12-16 09:15:30,508 INFO [root] committee_size: 4
2025-12-16 09:15:30,508 INFO [root] n: 5
2025-12-16 09:15:30,508 INFO [root] f: 1
2025-12-16 09:15:30,508 INFO [root] pid: 2
2025-12-16 09:15:30,508 INFO [root] leader: 3
2025-12-16 09:15:38,064 INFO [root] [3] Received VAL message from 24
2025-12-16 09:15:38,065 INFO [root] entering n == commitee_size + 1
2025-12-16 09:15:38,065 INFO [root] [3] sender: 24, leader: 0
2025-12-16 09:15:38,065 INFO [root] [3] Successfully validated VAL message
2025-12-16 09:15:38,065 INFO [root] [3] Broadcasted ECHO message for roothash b'3\x926w\xf9\x94\x96\xac8\xf3jN\xd6\xc0\x19){\xe3\xb1g=\xae\x90\xc0y*\x92]N\xb9\x04s'
2025-12-16 09:15:38,065 INFO [root] broadcast Sending to 1: 28
2025-12-16 09:15:38,065 INFO [root] broadcast Sending to 2: 29
2025-12-16 09:15:38,065 INFO [root] broadcast Sending to 3: 30
2025-12-16 09:15:38,065 INFO [root] broadcast Sending to 4: 31
2025-12-16 09:15:38,065 INFO [root] [3] Received VAL message from 26
2025-12-16 09:15:38,065 INFO [root] entering n == commitee_size + 1
2025-12-16 09:15:38,065 INFO [root] [3] sender: 26, leader: 2
2025-12-16 09:15:38,069 INFO [root] [3] Successfully validated VAL message
2025-12-16 09:15:38,069 INFO [root] [3] Broadcasted ECHO message for roothash b'n\xad\xee\n\xffI\x17\x81\xa7\x9e3\xf0\xf0:W\x90\x93/B.\xc5MC,\x17\xfen8B\xd7m\xbd'
2025-12-16 09:15:38,069 INFO [root] broadcast Sending to 1: 28
2025-12-16 09:15:38,069 INFO [root] broadcast Sending to 2: 29
2025-12-16 09:15:38,069 INFO [root] broadcast Sending to 3: 30
2025-12-16 09:15:38,069 INFO [root] broadcast Sending to 4: 31
2025-12-16 09:15:38,074 INFO [root] [3] Received ECHO message from 30
2025-12-16 09:15:38,075 INFO [root] [3] Received ECHO message from 30
2025-12-16 09:15:38,076 INFO [root] [3] Received ECHO message from 29
2025-12-16 09:15:38,077 INFO [root] [3] Received ECHO message from 28
2025-12-16 09:15:38,077 INFO [root] [3] Broadcasted READY message for roothash b'3\x926w\xf9\x94\x96\xac8\xf3jN\xd6\xc0\x19){\xe3\xb1g=\xae\x90\xc0y*\x92]N\xb9\x04s'
2025-12-16 09:15:38,077 INFO [root] broadcast Sending to 1: 28
2025-12-16 09:15:38,077 INFO [root] broadcast Sending to 2: 29
2025-12-16 09:15:38,077 INFO [root] broadcast Sending to 3: 30
2025-12-16 09:15:38,077 INFO [root] broadcast Sending to 4: 31
2025-12-16 09:15:38,077 INFO [root] [3] Received READY message from 28
2025-12-16 09:15:38,077 INFO [root] [3] Received ECHO message from 29
2025-12-16 09:15:38,077 INFO [root] [3] Received ECHO message from 28
2025-12-16 09:15:38,077 INFO [root] [3] Broadcasted READY message for roothash b'n\xad\xee\n\xffI\x17\x81\xa7\x9e3\xf0\xf0:W\x90\x93/B.\xc5MC,\x17\xfen8B\xd7m\xbd'
2025-12-16 09:15:38,077 INFO [root] broadcast Sending to 1: 28
2025-12-16 09:15:38,077 INFO [root] broadcast Sending to 2: 29
2025-12-16 09:15:38,077 INFO [root] broadcast Sending to 3: 30
2025-12-16 09:15:38,078 INFO [root] broadcast Sending to 4: 31
2025-12-16 09:15:38,078 INFO [root] [3] Received READY message from 30
2025-12-16 09:15:38,078 INFO [root] [3] Received READY message from 29
2025-12-16 09:15:38,078 INFO [root] Decoding output for roothash: b'3\x926w\xf9\x94\x96\xac8\xf3jN\xd6\xc0\x19){\xe3\xb1g=\xae\x90\xc0y*\x92]N\xb9\x04s'
2025-12-16 09:15:38,079 INFO [root] [2] Received RBC message
2025-12-16 09:15:38,085 INFO [root] multicast list: [28, 29, 30, 31]
2025-12-16 09:15:38,085 INFO [root] before avid.retrieve
2025-12-16 09:15:38,085 INFO [root] [3] Received READY message from 30
2025-12-16 09:15:38,085 INFO [root] [3] Received ECHO message from 31
2025-12-16 09:15:38,085 INFO [root] [3] Received READY message from 31
2025-12-16 09:15:38,085 INFO [root] [3] Received READY message from 29
2025-12-16 09:15:38,085 INFO [root] Decoding output for roothash: b'n\xad\xee\n\xffI\x17\x81\xa7\x9e3\xf0\xf0:W\x90\x93/B.\xc5MC,\x17\xfen8B\xd7m\xbd'
2025-12-16 09:15:38,085 INFO [root] [2] Received RBC message
2025-12-16 09:15:38,085 INFO [root] multicast list: [28, 29, 30, 31]
2025-12-16 09:15:38,085 INFO [root] before avid.retrieve
2025-12-16 09:15:38,096 INFO [root] [3] Received VAL message from 25
2025-12-16 09:15:38,096 INFO [root] entering n == commitee_size + 1
2025-12-16 09:15:38,096 INFO [root] [3] sender: 25, leader: 1
2025-12-16 09:15:38,096 INFO [root] [3] Successfully validated VAL message
2025-12-16 09:15:38,096 INFO [root] [3] Broadcasted ECHO message for roothash b'd\xb9<\x85S\xa4.\xadc\x86X\x83\x82o\xd8\n\xb9\xcd\xa8\x80!\xc8X\x0f\x03\xcf\x17>\xc6\x0f\x0b\x84'
2025-12-16 09:15:38,096 INFO [root] broadcast Sending to 1: 28
2025-12-16 09:15:38,096 INFO [root] broadcast Sending to 2: 29
2025-12-16 09:15:38,096 INFO [root] broadcast Sending to 3: 30
2025-12-16 09:15:38,096 INFO [root] broadcast Sending to 4: 31
2025-12-16 09:15:38,096 INFO [root] [3] Received ECHO message from 30
2025-12-16 09:15:38,098 INFO [root] [3] Received ECHO message from 31
2025-12-16 09:15:38,100 INFO [root] [3] Received ECHO message from 29
2025-12-16 09:15:38,101 INFO [root] [3] Broadcasted READY message for roothash b'd\xb9<\x85S\xa4.\xadc\x86X\x83\x82o\xd8\n\xb9\xcd\xa8\x80!\xc8X\x0f\x03\xcf\x17>\xc6\x0f\x0b\x84'
2025-12-16 09:15:38,101 INFO [root] broadcast Sending to 1: 28
2025-12-16 09:15:38,101 INFO [root] broadcast Sending to 2: 29
2025-12-16 09:15:38,101 INFO [root] broadcast Sending to 3: 30
2025-12-16 09:15:38,101 INFO [root] broadcast Sending to 4: 31
2025-12-16 09:15:38,101 INFO [root] [3] Received READY message from 31
2025-12-16 09:15:38,101 INFO [root] [3] Received ECHO message from 28
2025-12-16 09:15:38,101 INFO [root] [3] Received READY message from 28
2025-12-16 09:15:38,101 INFO [root] [3] Received READY message from 30
2025-12-16 09:15:38,101 INFO [root] Decoding output for roothash: b'd\xb9<\x85S\xa4.\xadc\x86X\x83\x82o\xd8\n\xb9\xcd\xa8\x80!\xc8X\x0f\x03\xcf\x17>\xc6\x0f\x0b\x84'
2025-12-16 09:15:38,101 INFO [root] [2] Received RBC message
2025-12-16 09:15:38,101 INFO [root] multicast list: [28, 29, 30, 31]
2025-12-16 09:15:38,101 INFO [root] before avid.retrieve
2025-12-16 09:15:38,278 INFO [root] [2] Received ECHO message from 28
2025-12-16 09:15:38,281 INFO [root] [2] Received VAL message from 27
2025-12-16 09:15:38,281 INFO [root] entering n == commitee_size + 1
2025-12-16 09:15:38,281 INFO [root] [2] sender: 27, leader: 3
2025-12-16 09:15:38,281 INFO [root] [2] Successfully validated VAL message
2025-12-16 09:15:38,281 INFO [root] [2] Broadcasted ECHO message for roothash b'W7\x1ey\xbe\xd8\xb9\x04\x03|v\xd9\x80c\xab\xcc\xa6\r\x9a\x12\x12\x06[\xdb\'"\x17\xde\xae\x1eZ\xe1'
2025-12-16 09:15:38,281 INFO [root] broadcast Sending to 1: 28
2025-12-16 09:15:38,281 INFO [root] broadcast Sending to 2: 29
2025-12-16 09:15:38,281 INFO [root] broadcast Sending to 3: 30
2025-12-16 09:15:38,281 INFO [root] broadcast Sending to 4: 31
2025-12-16 09:15:38,281 INFO [root] [2] Received ECHO message from 29
2025-12-16 09:15:38,281 INFO [root] [2] Received ECHO message from 30
2025-12-16 09:15:38,281 INFO [root] [2] Broadcasted READY message for roothash b'W7\x1ey\xbe\xd8\xb9\x04\x03|v\xd9\x80c\xab\xcc\xa6\r\x9a\x12\x12\x06[\xdb\'"\x17\xde\xae\x1eZ\xe1'
2025-12-16 09:15:38,281 INFO [root] broadcast Sending to 1: 28
2025-12-16 09:15:38,281 INFO [root] broadcast Sending to 2: 29
2025-12-16 09:15:38,281 INFO [root] broadcast Sending to 3: 30
2025-12-16 09:15:38,281 INFO [root] broadcast Sending to 4: 31
2025-12-16 09:15:38,281 INFO [root] [2] Received READY message from 30
2025-12-16 09:15:38,283 INFO [root] [2] Received READY message from 29
2025-12-16 09:15:38,283 INFO [root] [2] Received ECHO message from 31
2025-12-16 09:15:38,283 INFO [root] [2] Received READY message from 31
2025-12-16 09:15:38,283 INFO [root] Decoding output for roothash: b'W7\x1ey\xbe\xd8\xb9\x04\x03|v\xd9\x80c\xab\xcc\xa6\r\x9a\x12\x12\x06[\xdb\'"\x17\xde\xae\x1eZ\xe1'
2025-12-16 09:15:38,283 INFO [root] [2] Received RBC message
2025-12-16 09:15:38,284 INFO [root] multicast list: [28, 29, 30, 31]
2025-12-16 09:15:38,284 INFO [root] before avid.retrieve
2025-12-16 09:15:38,381 INFO [root] AVID broadcast to 1: 28
2025-12-16 09:15:38,381 INFO [root] AVID broadcast to 2: 29
2025-12-16 09:15:38,381 INFO [root] AVID broadcast to 3: 30
2025-12-16 09:15:38,381 INFO [root] AVID broadcast to 4: 31
2025-12-16 09:15:38,381 INFO [root] AVID broadcast to 1: 28
2025-12-16 09:15:38,381 INFO [root] AVID broadcast to 2: 29
2025-12-16 09:15:38,381 INFO [root] AVID broadcast to 3: 30
2025-12-16 09:15:38,381 INFO [root] AVID broadcast to 4: 31
2025-12-16 09:15:38,384 INFO [root] AVID broadcast to 1: 28
2025-12-16 09:15:38,384 INFO [root] AVID broadcast to 2: 29
2025-12-16 09:15:38,384 INFO [root] AVID broadcast to 3: 30
2025-12-16 09:15:38,384 INFO [root] AVID broadcast to 4: 31
2025-12-16 09:15:38,384 INFO [root] AVID broadcast to 1: 28
2025-12-16 09:15:38,384 INFO [root] AVID broadcast to 2: 29
2025-12-16 09:15:38,384 INFO [root] AVID broadcast to 3: 30
2025-12-16 09:15:38,384 INFO [root] AVID broadcast to 4: 31
2025-12-16 09:15:38,388 INFO [root] disperse msid: 2-0-7-B-AVSS, index: 0
2025-12-16 09:15:38,388 INFO [root] AVID retrieve called with sid: 2-0-7-B-AVID, index: 0
2025-12-16 09:15:38,388 INFO [root] disperse msid: 2-0-7-B-AVSS, index: 3
2025-12-16 09:15:38,388 INFO [root] AVID retrieve called with sid: 2-0-7-B-AVID, index: 3
2025-12-16 09:15:38,388 INFO [root] disperse msid: 0-0-7-B-AVSS, index: 0
2025-12-16 09:15:38,388 INFO [root] AVID retrieve called with sid: 0-0-7-B-AVID, index: 0
2025-12-16 09:15:38,388 INFO [root] Sending deferred response sender:28 index:0
2025-12-16 09:15:38,388 INFO [root] disperse msid: 0-0-7-B-AVSS, index: 3
2025-12-16 09:15:38,388 INFO [root] AVID retrieve called with sid: 0-0-7-B-AVID, index: 3
2025-12-16 09:15:38,388 INFO [root] 2-0-7-B-AVSS 2 RETRIEVE called.
2025-12-16 09:15:38,388 INFO [root] AVID broadcast to 1: 28
2025-12-16 09:15:38,388 INFO [root] AVID broadcast to 2: 29
2025-12-16 09:15:38,388 INFO [root] AVID broadcast to 3: 30
2025-12-16 09:15:38,388 INFO [root] AVID broadcast to 4: 31
2025-12-16 09:15:38,388 INFO [root] 2-0-7-B-AVSS 2 RETRIEVE broadcasted.
2025-12-16 09:15:38,388 INFO [root] 0-0-7-B-AVSS 2 RETRIEVE called.
2025-12-16 09:15:38,388 INFO [root] AVID broadcast to 1: 28
2025-12-16 09:15:38,388 INFO [root] AVID broadcast to 2: 29
2025-12-16 09:15:38,388 INFO [root] AVID broadcast to 3: 30
2025-12-16 09:15:38,388 INFO [root] AVID broadcast to 4: 31
2025-12-16 09:15:38,388 INFO [root] 0-0-7-B-AVSS 2 RETRIEVE broadcasted.
2025-12-16 09:15:38,389 INFO [root] disperse msid: 2-0-7-B-AVSS, index: 2
2025-12-16 09:15:38,389 INFO [root] AVID retrieve called with sid: 2-0-7-B-AVID, index: 2
2025-12-16 09:15:38,389 INFO [root] disperse msid: 0-0-7-B-AVSS, index: 2
2025-12-16 09:15:38,389 INFO [root] AVID retrieve called with sid: 0-0-7-B-AVID, index: 2
2025-12-16 09:15:38,389 INFO [root] 2-0-7-B-AVSS 2 AVID retrieve msg from 30
2025-12-16 09:15:38,389 INFO [root] AVID retrieve response received
2025-12-16 09:15:38,389 INFO [root] retrieve msid: 2-0-7-B-AVID, response_index: 2
2025-12-16 09:15:38,389 INFO [root] RESPONSE from 30
2025-12-16 09:15:38,389 INFO [root] sender self.committee_size: 2
2025-12-16 09:15:38,389 INFO [root] 0-0-7-B-AVSS 2 AVID retrieve msg from 30
2025-12-16 09:15:38,389 INFO [root] AVID retrieve response received
2025-12-16 09:15:38,389 INFO [root] retrieve msid: 0-0-7-B-AVID, response_index: 2
2025-12-16 09:15:38,389 INFO [root] RESPONSE from 30
2025-12-16 09:15:38,389 INFO [root] sender self.committee_size: 2
2025-12-16 09:15:38,390 INFO [root] disperse msid: 2-0-7-B-AVSS, index: 1
2025-12-16 09:15:38,390 INFO [root] AVID retrieve called with sid: 2-0-7-B-AVID, index: 1
2025-12-16 09:15:38,390 INFO [root] disperse msid: 0-0-7-B-AVSS, index: 1
2025-12-16 09:15:38,390 INFO [root] AVID retrieve called with sid: 0-0-7-B-AVID, index: 1
2025-12-16 09:15:38,394 INFO [root] 2-0-7-B-AVSS 2 AVID retrieve msg from 29
2025-12-16 09:15:38,394 INFO [root] AVID retrieve response received
2025-12-16 09:15:38,395 INFO [root] retrieve msid: 2-0-7-B-AVID, response_index: 2
2025-12-16 09:15:38,395 INFO [root] RESPONSE from 29
2025-12-16 09:15:38,395 INFO [root] sender self.committee_size: 1
2025-12-16 09:15:38,395 INFO [root] 2-0-7-B-AVSS 2 RETRIEVE complete.
2025-12-16 09:15:38,395 INFO [root] after avid.retrieve dispersal_msg
2025-12-16 09:15:38,395 INFO [root] Handling dealer messages for dealer_id: 2, tag: 2-0-7-B-AVSS
2025-12-16 09:15:38,453 INFO [root] shares verified successfully
2025-12-16 09:15:38,453 INFO [root] all_shares_valid: True
2025-12-16 09:15:38,453 INFO [root] after _handle_dealer_msgs, all_shares_valid
2025-12-16 09:15:38,453 INFO [root] self.tagvars[tag]['all_shares_valid']: True
2025-12-16 09:15:38,454 INFO [root] multicast to 28
2025-12-16 09:15:38,455 INFO [root] multicast to 29
2025-12-16 09:15:38,455 INFO [root] multicast to 30
2025-12-16 09:15:38,455 INFO [root] multicast to 31
2025-12-16 09:15:38,455 INFO [root] 0-0-7-B-AVSS 2 AVID retrieve msg from 29
2025-12-16 09:15:38,455 INFO [root] AVID retrieve response received
2025-12-16 09:15:38,455 INFO [root] retrieve msid: 0-0-7-B-AVID, response_index: 2
2025-12-16 09:15:38,456 INFO [root] RESPONSE from 29
2025-12-16 09:15:38,456 INFO [root] sender self.committee_size: 1
2025-12-16 09:15:38,456 INFO [root] 0-0-7-B-AVSS 2 RETRIEVE complete.
2025-12-16 09:15:38,456 INFO [root] after avid.retrieve dispersal_msg
2025-12-16 09:15:38,456 INFO [root] Handling dealer messages for dealer_id: 0, tag: 0-0-7-B-AVSS
2025-12-16 09:15:38,500 INFO [root] shares verified successfully
2025-12-16 09:15:38,500 INFO [root] all_shares_valid: True
2025-12-16 09:15:38,500 INFO [root] after _handle_dealer_msgs, all_shares_valid
2025-12-16 09:15:38,500 INFO [root] self.tagvars[tag]['all_shares_valid']: True
2025-12-16 09:15:38,500 INFO [root] multicast to 28
2025-12-16 09:15:38,500 INFO [root] multicast to 29
2025-12-16 09:15:38,500 INFO [root] multicast to 30
2025-12-16 09:15:38,500 INFO [root] multicast to 31
2025-12-16 09:15:38,502 INFO [root] [2] Received OK from [30]
2025-12-16 09:15:38,503 INFO [root] [2] OK set: {30}
2025-12-16 09:15:38,503 INFO [root] output: True
2025-12-16 09:15:38,503 INFO [root] [2] Received OK from [30]
2025-12-16 09:15:38,503 INFO [root] [2] OK set: {30}
2025-12-16 09:15:38,503 INFO [root] output: True
2025-12-16 09:15:38,503 INFO [root] AVID broadcast to 1: 28
2025-12-16 09:15:38,503 INFO [root] AVID broadcast to 2: 29
2025-12-16 09:15:38,504 INFO [root] AVID broadcast to 3: 30
2025-12-16 09:15:38,504 INFO [root] AVID broadcast to 4: 31
2025-12-16 09:15:38,504 INFO [root] disperse msid: 1-0-7-B-AVSS, index: 1
2025-12-16 09:15:38,504 INFO [root] AVID retrieve called with sid: 1-0-7-B-AVID, index: 1
2025-12-16 09:15:38,504 INFO [root] AVID broadcast to 1: 28
2025-12-16 09:15:38,504 INFO [root] AVID broadcast to 2: 29
2025-12-16 09:15:38,504 INFO [root] AVID broadcast to 3: 30
2025-12-16 09:15:38,504 INFO [root] AVID broadcast to 4: 31
2025-12-16 09:15:38,504 INFO [root] Sending deferred response sender:29 index:1
2025-12-16 09:15:38,504 INFO [root] disperse msid: 1-0-7-B-AVSS, index: 3
2025-12-16 09:15:38,504 INFO [root] AVID retrieve called with sid: 1-0-7-B-AVID, index: 3
2025-12-16 09:15:38,504 INFO [root] disperse msid: 1-0-7-B-AVSS, index: 0
2025-12-16 09:15:38,504 INFO [root] AVID retrieve called with sid: 1-0-7-B-AVID, index: 0
2025-12-16 09:15:38,504 INFO [root] [2] Received OK from [31]
2025-12-16 09:15:38,504 INFO [root] [2] OK set: {30, 31}
2025-12-16 09:15:38,504 INFO [root] output: True
2025-12-16 09:15:38,504 INFO [root] [2] Received OK from [29]
2025-12-16 09:15:38,504 INFO [root] [2] OK set: {29, 30, 31}
2025-12-16 09:15:38,504 INFO [root] output: True
2025-12-16 09:15:38,504 INFO [root] [2] Received OK from [28]
2025-12-16 09:15:38,504 INFO [root] [2] OK set: {28, 29, 30, 31}
2025-12-16 09:15:38,504 INFO [root] output: True
2025-12-16 09:15:38,504 INFO [root] [2] exit
2025-12-16 09:15:38,504 INFO [root] [2] Received OK from [31]
2025-12-16 09:15:38,504 INFO [root] [2] OK set: {30, 31}
2025-12-16 09:15:38,504 INFO [root] output: True
2025-12-16 09:15:38,504 INFO [root] [2] Received OK from [29]
2025-12-16 09:15:38,504 INFO [root] [2] OK set: {29, 30, 31}
2025-12-16 09:15:38,504 INFO [root] output: True
2025-12-16 09:15:38,504 INFO [root] [2] Received OK from [28]
2025-12-16 09:15:38,504 INFO [root] [2] OK set: {28, 29, 30, 31}
2025-12-16 09:15:38,504 INFO [root] output: True
2025-12-16 09:15:38,504 INFO [root] [2] exit
2025-12-16 09:15:38,505 INFO [root] 1-0-7-B-AVSS 2 RETRIEVE called.
2025-12-16 09:15:38,505 INFO [root] AVID broadcast to 1: 28
2025-12-16 09:15:38,505 INFO [root] AVID broadcast to 2: 29
2025-12-16 09:15:38,505 INFO [root] AVID broadcast to 3: 30
2025-12-16 09:15:38,505 INFO [root] AVID broadcast to 4: 31
2025-12-16 09:15:38,505 INFO [root] 1-0-7-B-AVSS 2 RETRIEVE broadcasted.
2025-12-16 09:15:38,505 INFO [root] disperse msid: 1-0-7-B-AVSS, index: 2
2025-12-16 09:15:38,505 INFO [root] AVID retrieve called with sid: 1-0-7-B-AVID, index: 2
2025-12-16 09:15:38,505 INFO [root] 1-0-7-B-AVSS 2 AVID retrieve msg from 30
2025-12-16 09:15:38,505 INFO [root] AVID retrieve response received
2025-12-16 09:15:38,505 INFO [root] retrieve msid: 1-0-7-B-AVID, response_index: 2
2025-12-16 09:15:38,505 INFO [root] RESPONSE from 30
2025-12-16 09:15:38,505 INFO [root] sender self.committee_size: 2
2025-12-16 09:15:38,516 INFO [root] 1-0-7-B-AVSS 2 AVID retrieve msg from 28
2025-12-16 09:15:38,517 INFO [root] AVID retrieve response received
2025-12-16 09:15:38,517 INFO [root] retrieve msid: 1-0-7-B-AVID, response_index: 2
2025-12-16 09:15:38,517 INFO [root] RESPONSE from 28
2025-12-16 09:15:38,517 INFO [root] sender self.committee_size: 0
2025-12-16 09:15:38,517 INFO [root] 1-0-7-B-AVSS 2 RETRIEVE complete.
2025-12-16 09:15:38,517 INFO [root] after avid.retrieve dispersal_msg
2025-12-16 09:15:38,517 INFO [root] Handling dealer messages for dealer_id: 1, tag: 1-0-7-B-AVSS
2025-12-16 09:15:38,536 INFO [root] shares verified successfully
2025-12-16 09:15:38,536 INFO [root] all_shares_valid: True
2025-12-16 09:15:38,536 INFO [root] after _handle_dealer_msgs, all_shares_valid
2025-12-16 09:15:38,536 INFO [root] self.tagvars[tag]['all_shares_valid']: True
2025-12-16 09:15:38,536 INFO [root] multicast to 28
2025-12-16 09:15:38,536 INFO [root] multicast to 29
2025-12-16 09:15:38,536 INFO [root] multicast to 30
2025-12-16 09:15:38,536 INFO [root] multicast to 31
2025-12-16 09:15:38,536 INFO [root] [2] Received OK from [28]
2025-12-16 09:15:38,536 INFO [root] [2] OK set: {28}
2025-12-16 09:15:38,536 INFO [root] output: True
2025-12-16 09:15:38,537 INFO [root] key_proposal: [2, 0, 1]
2025-12-16 09:15:38,537 INFO [beaver.transfer] [2] [random shares] Starting ACS where node 1 is set as leader 
2025-12-16 09:15:38,537 INFO [beaver.transfer] [2] [random shares] The proposal of node 2 is [2, 0, 1]
2025-12-16 09:15:38,537 INFO [root] enter handle_message
2025-12-16 09:15:38,537 INFO [root] [2] Received OK from [30]
2025-12-16 09:15:38,537 INFO [root] [2] OK set: {28, 30}
2025-12-16 09:15:38,537 INFO [root] output: True
2025-12-16 09:15:38,537 INFO [root] [2] Received OK from [31]
2025-12-16 09:15:38,537 INFO [root] [2] OK set: {28, 30, 31}
2025-12-16 09:15:38,537 INFO [root] output: True
2025-12-16 09:15:38,537 INFO [root] [2] Received OK from [29]
2025-12-16 09:15:38,537 INFO [root] [2] OK set: {28, 29, 30, 31}
2025-12-16 09:15:38,537 INFO [root] output: True
2025-12-16 09:15:38,537 INFO [root] [2] exit
2025-12-16 09:15:38,537 INFO [root] [2] otmvba msg value
2025-12-16 09:15:38,537 INFO [root] [2] otmvba handle value message
2025-12-16 09:15:38,537 INFO [root] [2] value-self.acss_outputs.keys():dict_keys([2, 0, 1])
2025-12-16 09:15:38,538 INFO [root] [2] --Directly send the proposal!--
2025-12-16 09:15:38,574 INFO [root] [2] otmvba msg PrevoteQC
2025-12-16 09:15:38,574 INFO [root] [2] otmvba handle prevote qc message
2025-12-16 09:15:38,611 INFO [root] [2] otmvba msg VoteQC
2025-12-16 09:15:38,611 INFO [root] [2] otmvba handle vote qc message
2025-12-16 09:15:38,616 INFO [root] [2] otmvba Broadcasting to 28
2025-12-16 09:15:38,617 INFO [root] [2] otmvba Broadcasting to 29
2025-12-16 09:15:38,617 INFO [root] [2] otmvba Broadcasting to 30
2025-12-16 09:15:38,617 INFO [root] [2] otmvba Broadcasting to 31
2025-12-16 09:15:38,617 INFO [root] [2] otmvba msg Terminate
2025-12-16 09:15:38,617 INFO [root] [2] otmvba handle terminate message
2025-12-16 09:15:38,624 INFO [root] [2] otmvba Broadcasting to 28
2025-12-16 09:15:38,624 INFO [root] [2] otmvba Broadcasting to 29
2025-12-16 09:15:38,624 INFO [root] [2] otmvba Broadcasting to 30
2025-12-16 09:15:38,624 INFO [root] [2] otmvba Broadcasting to 31
2025-12-16 09:15:38,624 INFO [beaver.transfer] [2] [random shares] The ACS set is [0, 1, 2]
2025-12-16 09:15:38,624 INFO [root] common: [0, 1, 2]
2025-12-16 09:15:38,649 INFO [beaver.transfer] [2] [asynchronous dynamic transfer] Finished! Node 2, total number: 25, time: 8.140939712524414 (seconds)
2025-12-16 09:15:38,649 INFO [root] layer ID: 7 trans_foll_time: 8.142032861709595
2025-12-16 09:15:38,649 INFO [beaver.batch_multiplication] [2] Starting BatchMultiplication
2025-12-16 09:15:38,649 INFO [beaver.batch_multiplication] [2] Starting ACSS to evaluate 25 multiplication gates
2025-12-16 09:15:38,650 INFO [root] [2] Starting Batch AVSS. Id: 0, Dealer Id: 0, Client Mode: False
2025-12-16 09:15:38,650 INFO [root] [2] AVSS tag: 0-0-7-B-AVSS
2025-12-16 09:15:38,650 INFO [root] [2] RBC tag: 0-0-7-B-RBC
2025-12-16 09:15:38,650 INFO [root] [2] Starting AVSS with shares_num: 25, dealer_id: 0, client_mode: False
2025-12-16 09:15:38,650 INFO [root] rbc_list: [24, 28, 29, 30, 31]
2025-12-16 09:15:38,650 INFO [root] committee_size: 4
2025-12-16 09:15:38,650 INFO [root] n: 5
2025-12-16 09:15:38,650 INFO [root] f: 1
2025-12-16 09:15:38,650 INFO [root] pid: 3
2025-12-16 09:15:38,650 INFO [root] leader: 0
2025-12-16 09:15:38,650 INFO [root] [3] Received VAL message from 24
2025-12-16 09:15:38,650 INFO [root] entering n == commitee_size + 1
2025-12-16 09:15:38,650 INFO [root] [3] sender: 24, leader: 0
2025-12-16 09:15:38,650 INFO [root] [3] Successfully validated VAL message
2025-12-16 09:15:38,650 INFO [root] [3] Broadcasted ECHO message for roothash b'\xa6\x03\x19\x12\xe9\xf4\xb6\xefXR\x8a\xf5\xbd8E*c\xb3PUE.c\xd5\xa1\x9d\xaa\xbfc\xc1FU'
2025-12-16 09:15:38,650 INFO [root] broadcast Sending to 1: 28
2025-12-16 09:15:38,650 INFO [root] broadcast Sending to 2: 29
2025-12-16 09:15:38,650 INFO [root] broadcast Sending to 3: 30
2025-12-16 09:15:38,650 INFO [root] broadcast Sending to 4: 31
2025-12-16 09:15:38,650 INFO [root] [2] Starting Batch AVSS. Id: 0, Dealer Id: 1, Client Mode: False
2025-12-16 09:15:38,650 INFO [root] [2] AVSS tag: 1-0-7-B-AVSS
2025-12-16 09:15:38,650 INFO [root] [2] RBC tag: 1-0-7-B-RBC
2025-12-16 09:15:38,650 INFO [root] [2] Starting AVSS with shares_num: 25, dealer_id: 1, client_mode: False
2025-12-16 09:15:38,650 INFO [root] rbc_list: [25, 28, 29, 30, 31]
2025-12-16 09:15:38,650 INFO [root] committee_size: 4
2025-12-16 09:15:38,650 INFO [root] n: 5
2025-12-16 09:15:38,650 INFO [root] f: 1
2025-12-16 09:15:38,650 INFO [root] pid: 3
2025-12-16 09:15:38,650 INFO [root] leader: 1
2025-12-16 09:15:38,650 INFO [root] [3] Received VAL message from 25
2025-12-16 09:15:38,650 INFO [root] entering n == commitee_size + 1
2025-12-16 09:15:38,650 INFO [root] [3] sender: 25, leader: 1
2025-12-16 09:15:38,650 INFO [root] [3] Successfully validated VAL message
2025-12-16 09:15:38,650 INFO [root] [3] Broadcasted ECHO message for roothash b'\xdf\xb5jM\x15)\xbe>_\xd6(\xa0\x97\x10\x0c,\xc4\x8e\r\xbf\xa3\xe1\xacn\x03\x81\xb5\x1f-\x88\x01x'
2025-12-16 09:15:38,650 INFO [root] broadcast Sending to 1: 28
2025-12-16 09:15:38,650 INFO [root] broadcast Sending to 2: 29
2025-12-16 09:15:38,650 INFO [root] broadcast Sending to 3: 30
2025-12-16 09:15:38,650 INFO [root] broadcast Sending to 4: 31
2025-12-16 09:15:38,650 INFO [root] [2] Starting Batch AVSS. Id: 0, Dealer Id: 2, Client Mode: False
2025-12-16 09:15:38,650 INFO [root] [2] AVSS tag: 2-0-7-B-AVSS
2025-12-16 09:15:38,650 INFO [root] [2] RBC tag: 2-0-7-B-RBC
2025-12-16 09:15:38,650 INFO [root] [2] Starting AVSS with shares_num: 25, dealer_id: 2, client_mode: False
2025-12-16 09:15:38,650 INFO [root] rbc_list: [26, 28, 29, 30, 31]
2025-12-16 09:15:38,650 INFO [root] committee_size: 4
2025-12-16 09:15:38,650 INFO [root] n: 5
2025-12-16 09:15:38,650 INFO [root] f: 1
2025-12-16 09:15:38,650 INFO [root] pid: 3
2025-12-16 09:15:38,650 INFO [root] leader: 2
2025-12-16 09:15:38,650 INFO [root] [3] Received VAL message from 26
2025-12-16 09:15:38,651 INFO [root] entering n == commitee_size + 1
2025-12-16 09:15:38,651 INFO [root] [3] sender: 26, leader: 2
2025-12-16 09:15:38,651 INFO [root] [3] Successfully validated VAL message
2025-12-16 09:15:38,651 INFO [root] [3] Broadcasted ECHO message for roothash b'}O\x0e\x9b\xda`v0V\x1e\x93\xe4\xbe\x95z\x9f\x86S\x07\xe0B\xbb\xc0\x97?\x9e\xb0%\xbd\xbb\x8c\xda'
2025-12-16 09:15:38,651 INFO [root] broadcast Sending to 1: 28
2025-12-16 09:15:38,651 INFO [root] broadcast Sending to 2: 29
2025-12-16 09:15:38,651 INFO [root] broadcast Sending to 3: 30
2025-12-16 09:15:38,651 INFO [root] broadcast Sending to 4: 31
2025-12-16 09:15:38,651 INFO [root] [2] Starting Batch AVSS. Id: 0, Dealer Id: 3, Client Mode: False
2025-12-16 09:15:38,651 INFO [root] [2] AVSS tag: 3-0-7-B-AVSS
2025-12-16 09:15:38,651 INFO [root] [2] RBC tag: 3-0-7-B-RBC
2025-12-16 09:15:38,651 INFO [root] [2] Starting AVSS with shares_num: 25, dealer_id: 3, client_mode: False
2025-12-16 09:15:38,651 INFO [root] rbc_list: [27, 28, 29, 30, 31]
2025-12-16 09:15:38,651 INFO [root] committee_size: 4
2025-12-16 09:15:38,651 INFO [root] n: 5
2025-12-16 09:15:38,651 INFO [root] f: 1
2025-12-16 09:15:38,651 INFO [root] pid: 2
2025-12-16 09:15:38,651 INFO [root] leader: 3
2025-12-16 09:15:38,651 INFO [root] AVID broadcast to 1: 28
2025-12-16 09:15:38,651 INFO [root] AVID broadcast to 2: 29
2025-12-16 09:15:38,651 INFO [root] AVID broadcast to 3: 30
2025-12-16 09:15:38,651 INFO [root] AVID broadcast to 4: 31
2025-12-16 09:15:38,651 INFO [root] AVID broadcast to 1: 28
2025-12-16 09:15:38,651 INFO [root] AVID broadcast to 2: 29
2025-12-16 09:15:38,651 INFO [root] AVID broadcast to 3: 30
2025-12-16 09:15:38,651 INFO [root] AVID broadcast to 4: 31
2025-12-16 09:15:38,651 INFO [root] [2] Received VAL message from 27
2025-12-16 09:15:38,651 INFO [root] entering n == commitee_size + 1
2025-12-16 09:15:38,651 INFO [root] [2] sender: 27, leader: 3
2025-12-16 09:15:38,651 INFO [root] [2] Successfully validated VAL message
2025-12-16 09:15:38,651 INFO [root] [2] Broadcasted ECHO message for roothash b"\xe0\xd69\xdf'\xdbS\xca\x90\xc3\xadF\xcbL\xba\xbc\xd9\xb7BFn\x97Y\xd6\x0e\x0e5}\xd4v\xf0\xcd"
2025-12-16 09:15:38,651 INFO [root] broadcast Sending to 1: 28
2025-12-16 09:15:38,651 INFO [root] broadcast Sending to 2: 29
2025-12-16 09:15:38,651 INFO [root] broadcast Sending to 3: 30
2025-12-16 09:15:38,651 INFO [root] broadcast Sending to 4: 31
2025-12-16 09:15:38,651 INFO [root] [2] Received ECHO message from 29
2025-12-16 09:15:38,651 INFO [root] [2] Received ECHO message from 28
2025-12-16 09:15:38,651 INFO [root] [2] Received ECHO message from 31
2025-12-16 09:15:38,651 INFO [root] [2] Broadcasted READY message for roothash b"\xe0\xd69\xdf'\xdbS\xca\x90\xc3\xadF\xcbL\xba\xbc\xd9\xb7BFn\x97Y\xd6\x0e\x0e5}\xd4v\xf0\xcd"
2025-12-16 09:15:38,652 INFO [root] broadcast Sending to 1: 28
2025-12-16 09:15:38,652 INFO [root] broadcast Sending to 2: 29
2025-12-16 09:15:38,652 INFO [root] broadcast Sending to 3: 30
2025-12-16 09:15:38,652 INFO [root] broadcast Sending to 4: 31
2025-12-16 09:15:38,652 INFO [root] [2] Received READY message from 28
2025-12-16 09:15:38,652 INFO [root] [3] Received ECHO message from 28
2025-12-16 09:15:38,652 INFO [root] [3] Received ECHO message from 31
2025-12-16 09:15:38,652 INFO [root] [3] Received ECHO message from 29
2025-12-16 09:15:38,652 INFO [root] [3] Broadcasted READY message for roothash b'\xa6\x03\x19\x12\xe9\xf4\xb6\xefXR\x8a\xf5\xbd8E*c\xb3PUE.c\xd5\xa1\x9d\xaa\xbfc\xc1FU'
2025-12-16 09:15:38,652 INFO [root] broadcast Sending to 1: 28
2025-12-16 09:15:38,652 INFO [root] broadcast Sending to 2: 29
2025-12-16 09:15:38,652 INFO [root] broadcast Sending to 3: 30
2025-12-16 09:15:38,652 INFO [root] broadcast Sending to 4: 31
2025-12-16 09:15:38,652 INFO [root] [3] Received READY message from 29
2025-12-16 09:15:38,652 INFO [root] [3] Received READY message from 28
2025-12-16 09:15:38,652 INFO [root] [3] Received ECHO message from 30
2025-12-16 09:15:38,652 INFO [root] [3] Received ECHO message from 28
2025-12-16 09:15:38,652 INFO [root] [3] Received ECHO message from 31
2025-12-16 09:15:38,652 INFO [root] [3] Received ECHO message from 29
2025-12-16 09:15:38,652 INFO [root] [3] Broadcasted READY message for roothash b'\xdf\xb5jM\x15)\xbe>_\xd6(\xa0\x97\x10\x0c,\xc4\x8e\r\xbf\xa3\xe1\xacn\x03\x81\xb5\x1f-\x88\x01x'
2025-12-16 09:15:38,652 INFO [root] broadcast Sending to 1: 28
2025-12-16 09:15:38,652 INFO [root] broadcast Sending to 2: 29
2025-12-16 09:15:38,652 INFO [root] broadcast Sending to 3: 30
2025-12-16 09:15:38,652 INFO [root] broadcast Sending to 4: 31
2025-12-16 09:15:38,652 INFO [root] [3] Received READY message from 29
2025-12-16 09:15:38,652 INFO [root] [3] Received READY message from 28
2025-12-16 09:15:38,652 INFO [root] [3] Received ECHO message from 30
2025-12-16 09:15:38,652 INFO [root] [3] Received ECHO message from 29
2025-12-16 09:15:38,652 INFO [root] [3] Received ECHO message from 28
2025-12-16 09:15:38,652 INFO [root] [3] Received ECHO message from 31
2025-12-16 09:15:38,652 INFO [root] [3] Broadcasted READY message for roothash b'}O\x0e\x9b\xda`v0V\x1e\x93\xe4\xbe\x95z\x9f\x86S\x07\xe0B\xbb\xc0\x97?\x9e\xb0%\xbd\xbb\x8c\xda'
2025-12-16 09:15:38,652 INFO [root] broadcast Sending to 1: 28
2025-12-16 09:15:38,652 INFO [root] broadcast Sending to 2: 29
2025-12-16 09:15:38,652 INFO [root] broadcast Sending to 3: 30
2025-12-16 09:15:38,652 INFO [root] broadcast Sending to 4: 31
2025-12-16 09:15:38,652 INFO [root] [3] Received READY message from 29
2025-12-16 09:15:38,652 INFO [root] [3] Received READY message from 28
2025-12-16 09:15:38,652 INFO [root] [3] Received ECHO message from 30
2025-12-16 09:15:38,652 INFO [root] [2] Received READY message from 29
2025-12-16 09:15:38,652 INFO [root] [2] Received READY message from 31
2025-12-16 09:15:38,652 INFO [root] Decoding output for roothash: b"\xe0\xd69\xdf'\xdbS\xca\x90\xc3\xadF\xcbL\xba\xbc\xd9\xb7BFn\x97Y\xd6\x0e\x0e5}\xd4v\xf0\xcd"
2025-12-16 09:15:38,652 INFO [root] [2] Received RBC message
2025-12-16 09:15:38,652 INFO [root] multicast list: [28, 29, 30, 31]
2025-12-16 09:15:38,652 INFO [root] before avid.retrieve
2025-12-16 09:15:38,652 INFO [root] [3] Received READY message from 31
2025-12-16 09:15:38,652 INFO [root] Decoding output for roothash: b'\xa6\x03\x19\x12\xe9\xf4\xb6\xefXR\x8a\xf5\xbd8E*c\xb3PUE.c\xd5\xa1\x9d\xaa\xbfc\xc1FU'
2025-12-16 09:15:38,652 INFO [root] [2] Received RBC message
2025-12-16 09:15:38,652 INFO [root] multicast list: [28, 29, 30, 31]
2025-12-16 09:15:38,653 INFO [root] before avid.retrieve
2025-12-16 09:15:38,653 INFO [root] [3] Received READY message from 31
2025-12-16 09:15:38,653 INFO [root] Decoding output for roothash: b'\xdf\xb5jM\x15)\xbe>_\xd6(\xa0\x97\x10\x0c,\xc4\x8e\r\xbf\xa3\xe1\xacn\x03\x81\xb5\x1f-\x88\x01x'
2025-12-16 09:15:38,653 INFO [root] [2] Received RBC message
2025-12-16 09:15:38,653 INFO [root] multicast list: [28, 29, 30, 31]
2025-12-16 09:15:38,653 INFO [root] before avid.retrieve
2025-12-16 09:15:38,653 INFO [root] [3] Received READY message from 31
2025-12-16 09:15:38,653 INFO [root] Decoding output for roothash: b'}O\x0e\x9b\xda`v0V\x1e\x93\xe4\xbe\x95z\x9f\x86S\x07\xe0B\xbb\xc0\x97?\x9e\xb0%\xbd\xbb\x8c\xda'
2025-12-16 09:15:38,653 INFO [root] [2] Received RBC message
2025-12-16 09:15:38,653 INFO [root] multicast list: [28, 29, 30, 31]
2025-12-16 09:15:38,653 INFO [root] before avid.retrieve
2025-12-16 09:15:38,653 INFO [root] 3-0-7-B-AVSS 2 RETRIEVE called.
2025-12-16 09:15:38,653 INFO [root] AVID broadcast to 1: 28
2025-12-16 09:15:38,653 INFO [root] AVID broadcast to 2: 29
2025-12-16 09:15:38,653 INFO [root] AVID broadcast to 3: 30
2025-12-16 09:15:38,653 INFO [root] AVID broadcast to 4: 31
2025-12-16 09:15:38,653 INFO [root] 3-0-7-B-AVSS 2 RETRIEVE broadcasted.
2025-12-16 09:15:38,653 INFO [root] AVID broadcast to 1: 28
2025-12-16 09:15:38,653 INFO [root] AVID broadcast to 2: 29
2025-12-16 09:15:38,653 INFO [root] AVID broadcast to 3: 30
2025-12-16 09:15:38,653 INFO [root] AVID broadcast to 4: 31
2025-12-16 09:15:38,653 INFO [root] AVID broadcast to 1: 28
2025-12-16 09:15:38,653 INFO [root] AVID broadcast to 2: 29
2025-12-16 09:15:38,653 INFO [root] AVID broadcast to 3: 30
2025-12-16 09:15:38,653 INFO [root] AVID broadcast to 4: 31
2025-12-16 09:15:38,653 INFO [root] AVID broadcast to 1: 28
2025-12-16 09:15:38,653 INFO [root] AVID broadcast to 2: 29
2025-12-16 09:15:38,653 INFO [root] AVID broadcast to 3: 30
2025-12-16 09:15:38,653 INFO [root] AVID broadcast to 4: 31
2025-12-16 09:15:38,654 INFO [root] AVID broadcast to 1: 28
2025-12-16 09:15:38,654 INFO [root] AVID broadcast to 2: 29
2025-12-16 09:15:38,654 INFO [root] AVID broadcast to 3: 30
2025-12-16 09:15:38,654 INFO [root] AVID broadcast to 4: 31
2025-12-16 09:15:38,654 INFO [root] disperse msid: 3-0-7-B-AVSS, index: 2
2025-12-16 09:15:38,654 INFO [root] AVID retrieve called with sid: 3-0-7-B-AVID, index: 2
2025-12-16 09:15:38,654 INFO [root] disperse msid: 3-0-7-B-AVSS, index: 3
2025-12-16 09:15:38,654 INFO [root] AVID retrieve called with sid: 3-0-7-B-AVID, index: 3
2025-12-16 09:15:38,654 INFO [root] disperse msid: 3-0-7-B-AVSS, index: 1
2025-12-16 09:15:38,654 INFO [root] AVID retrieve called with sid: 3-0-7-B-AVID, index: 1
2025-12-16 09:15:38,654 INFO [root] AVID broadcast to 1: 28
2025-12-16 09:15:38,654 INFO [root] AVID broadcast to 2: 29
2025-12-16 09:15:38,654 INFO [root] AVID broadcast to 3: 30
2025-12-16 09:15:38,654 INFO [root] AVID broadcast to 4: 31
2025-12-16 09:15:38,654 INFO [root] AVID broadcast to 1: 28
2025-12-16 09:15:38,654 INFO [root] AVID broadcast to 2: 29
2025-12-16 09:15:38,654 INFO [root] AVID broadcast to 3: 30
2025-12-16 09:15:38,654 INFO [root] AVID broadcast to 4: 31
2025-12-16 09:15:38,654 INFO [root] AVID broadcast to 1: 28
2025-12-16 09:15:38,654 INFO [root] AVID broadcast to 2: 29
2025-12-16 09:15:38,654 INFO [root] AVID broadcast to 3: 30
2025-12-16 09:15:38,654 INFO [root] AVID broadcast to 4: 31
2025-12-16 09:15:38,654 INFO [root] AVID broadcast to 1: 28
2025-12-16 09:15:38,654 INFO [root] AVID broadcast to 2: 29
2025-12-16 09:15:38,654 INFO [root] AVID broadcast to 3: 30
2025-12-16 09:15:38,654 INFO [root] AVID broadcast to 4: 31
2025-12-16 09:15:38,655 INFO [root] 3-0-7-B-AVSS 2 AVID retrieve msg from 30
2025-12-16 09:15:38,655 INFO [root] AVID retrieve response received
2025-12-16 09:15:38,655 INFO [root] retrieve msid: 3-0-7-B-AVID, response_index: 2
2025-12-16 09:15:38,655 INFO [root] RESPONSE from 30
2025-12-16 09:15:38,655 INFO [root] sender self.committee_size: 2
2025-12-16 09:15:38,656 INFO [root] disperse msid: 3-0-7-B-AVSS, index: 0
2025-12-16 09:15:38,656 INFO [root] AVID retrieve called with sid: 3-0-7-B-AVID, index: 0
2025-12-16 09:15:38,657 INFO [root] 3-0-7-B-AVSS 2 AVID retrieve msg from 28
2025-12-16 09:15:38,657 INFO [root] AVID retrieve response received
2025-12-16 09:15:38,657 INFO [root] retrieve msid: 3-0-7-B-AVID, response_index: 2
2025-12-16 09:15:38,657 INFO [root] RESPONSE from 28
2025-12-16 09:15:38,657 INFO [root] sender self.committee_size: 0
2025-12-16 09:15:38,657 INFO [root] 3-0-7-B-AVSS 2 RETRIEVE complete.
2025-12-16 09:15:38,657 INFO [root] after avid.retrieve dispersal_msg
2025-12-16 09:15:38,657 INFO [root] Handling dealer messages for dealer_id: 3, tag: 3-0-7-B-AVSS
2025-12-16 09:15:38,668 INFO [root] shares verified successfully
2025-12-16 09:15:38,669 INFO [root] all_shares_valid: True
2025-12-16 09:15:38,669 INFO [root] after _handle_dealer_msgs, all_shares_valid
2025-12-16 09:15:38,669 INFO [root] self.tagvars[tag]['all_shares_valid']: True
2025-12-16 09:15:38,669 INFO [root] multicast to 28
2025-12-16 09:15:38,669 INFO [root] multicast to 29
2025-12-16 09:15:38,669 INFO [root] multicast to 30
2025-12-16 09:15:38,669 INFO [root] multicast to 31
2025-12-16 09:15:38,669 INFO [root] [2] Received OK from [30]
2025-12-16 09:15:38,669 INFO [root] [2] OK set: {30}
2025-12-16 09:15:38,669 INFO [root] output: True
2025-12-16 09:15:38,669 INFO [root] [2] Received OK from [29]
2025-12-16 09:15:38,669 INFO [root] [2] OK set: {29, 30}
2025-12-16 09:15:38,669 INFO [root] output: True
2025-12-16 09:15:38,669 INFO [root] [2] Received OK from [31]
2025-12-16 09:15:38,669 INFO [root] [2] OK set: {29, 30, 31}
2025-12-16 09:15:38,669 INFO [root] output: True
2025-12-16 09:15:38,669 INFO [root] disperse msid: 3-0-7-B-AVSS, index: 3
2025-12-16 09:15:38,669 INFO [root] AVID retrieve called with sid: 3-0-7-B-AVID, index: 3
2025-12-16 09:15:38,669 INFO [root] disperse msid: 3-0-7-B-AVSS, index: 1
2025-12-16 09:15:38,670 INFO [root] AVID retrieve called with sid: 3-0-7-B-AVID, index: 1
2025-12-16 09:15:38,670 INFO [root] disperse msid: 0-0-7-B-AVSS, index: 1
2025-12-16 09:15:38,670 INFO [root] AVID retrieve called with sid: 0-0-7-B-AVID, index: 1
2025-12-16 09:15:38,670 INFO [root] disperse msid: 0-0-7-B-AVSS, index: 3
2025-12-16 09:15:38,670 INFO [root] AVID retrieve called with sid: 0-0-7-B-AVID, index: 3
2025-12-16 09:15:38,670 INFO [root] disperse msid: 1-0-7-B-AVSS, index: 1
2025-12-16 09:15:38,670 INFO [root] AVID retrieve called with sid: 1-0-7-B-AVID, index: 1
2025-12-16 09:15:38,670 INFO [root] disperse msid: 1-0-7-B-AVSS, index: 3
2025-12-16 09:15:38,670 INFO [root] AVID retrieve called with sid: 1-0-7-B-AVID, index: 3
2025-12-16 09:15:38,670 INFO [root] disperse msid: 2-0-7-B-AVSS, index: 1
2025-12-16 09:15:38,670 INFO [root] AVID retrieve called with sid: 2-0-7-B-AVID, index: 1
2025-12-16 09:15:38,670 INFO [root] disperse msid: 2-0-7-B-AVSS, index: 3
2025-12-16 09:15:38,670 INFO [root] AVID retrieve called with sid: 2-0-7-B-AVID, index: 3
2025-12-16 09:15:38,670 INFO [root] 3-0-7-B-AVSS 2 RETRIEVE called.
2025-12-16 09:15:38,670 INFO [root] AVID broadcast to 1: 28
2025-12-16 09:15:38,670 INFO [root] AVID broadcast to 2: 29
2025-12-16 09:15:38,670 INFO [root] AVID broadcast to 3: 30
2025-12-16 09:15:38,670 INFO [root] AVID broadcast to 4: 31
2025-12-16 09:15:38,670 INFO [root] 3-0-7-B-AVSS 2 RETRIEVE broadcasted.
2025-12-16 09:15:38,670 INFO [root] 0-0-7-B-AVSS 2 RETRIEVE called.
2025-12-16 09:15:38,670 INFO [root] AVID broadcast to 1: 28
2025-12-16 09:15:38,670 INFO [root] AVID broadcast to 2: 29
2025-12-16 09:15:38,670 INFO [root] AVID broadcast to 3: 30
2025-12-16 09:15:38,670 INFO [root] AVID broadcast to 4: 31
2025-12-16 09:15:38,670 INFO [root] 0-0-7-B-AVSS 2 RETRIEVE broadcasted.
2025-12-16 09:15:38,670 INFO [root] 1-0-7-B-AVSS 2 RETRIEVE called.
2025-12-16 09:15:38,670 INFO [root] AVID broadcast to 1: 28
2025-12-16 09:15:38,670 INFO [root] AVID broadcast to 2: 29
2025-12-16 09:15:38,670 INFO [root] AVID broadcast to 3: 30
2025-12-16 09:15:38,670 INFO [root] AVID broadcast to 4: 31
2025-12-16 09:15:38,670 INFO [root] 1-0-7-B-AVSS 2 RETRIEVE broadcasted.
2025-12-16 09:15:38,670 INFO [root] 2-0-7-B-AVSS 2 RETRIEVE called.
2025-12-16 09:15:38,670 INFO [root] AVID broadcast to 1: 28
2025-12-16 09:15:38,670 INFO [root] AVID broadcast to 2: 29
2025-12-16 09:15:38,670 INFO [root] AVID broadcast to 3: 30
2025-12-16 09:15:38,670 INFO [root] AVID broadcast to 4: 31
2025-12-16 09:15:38,670 INFO [root] 2-0-7-B-AVSS 2 RETRIEVE broadcasted.
2025-12-16 09:15:38,670 INFO [root] disperse msid: 3-0-7-B-AVSS, index: 2
2025-12-16 09:15:38,670 INFO [root] AVID retrieve called with sid: 3-0-7-B-AVID, index: 2
2025-12-16 09:15:38,670 INFO [root] disperse msid: 0-0-7-B-AVSS, index: 2
2025-12-16 09:15:38,671 INFO [root] AVID retrieve called with sid: 0-0-7-B-AVID, index: 2
2025-12-16 09:15:38,671 INFO [root] disperse msid: 1-0-7-B-AVSS, index: 2
2025-12-16 09:15:38,671 INFO [root] AVID retrieve called with sid: 1-0-7-B-AVID, index: 2
2025-12-16 09:15:38,671 INFO [root] disperse msid: 2-0-7-B-AVSS, index: 2
2025-12-16 09:15:38,671 INFO [root] AVID retrieve called with sid: 2-0-7-B-AVID, index: 2
2025-12-16 09:15:38,671 INFO [root] 3-0-7-B-AVSS 2 AVID retrieve msg from 30
2025-12-16 09:15:38,671 INFO [root] AVID retrieve response received
2025-12-16 09:15:38,671 INFO [root] retrieve msid: 3-0-7-B-AVID, response_index: 2
2025-12-16 09:15:38,671 INFO [root] RESPONSE from 30
2025-12-16 09:15:38,671 INFO [root] sender self.committee_size: 2
2025-12-16 09:15:38,671 INFO [root] 0-0-7-B-AVSS 2 AVID retrieve msg from 30
2025-12-16 09:15:38,671 INFO [root] AVID retrieve response received
2025-12-16 09:15:38,671 INFO [root] retrieve msid: 0-0-7-B-AVID, response_index: 2
2025-12-16 09:15:38,671 INFO [root] RESPONSE from 30
2025-12-16 09:15:38,671 INFO [root] sender self.committee_size: 2
2025-12-16 09:15:38,671 INFO [root] 1-0-7-B-AVSS 2 AVID retrieve msg from 30
2025-12-16 09:15:38,671 INFO [root] AVID retrieve response received
2025-12-16 09:15:38,671 INFO [root] retrieve msid: 1-0-7-B-AVID, response_index: 2
2025-12-16 09:15:38,671 INFO [root] RESPONSE from 30
2025-12-16 09:15:38,671 INFO [root] sender self.committee_size: 2
2025-12-16 09:15:38,671 INFO [root] 2-0-7-B-AVSS 2 AVID retrieve msg from 30
2025-12-16 09:15:38,671 INFO [root] AVID retrieve response received
2025-12-16 09:15:38,671 INFO [root] retrieve msid: 2-0-7-B-AVID, response_index: 2
2025-12-16 09:15:38,671 INFO [root] RESPONSE from 30
2025-12-16 09:15:38,671 INFO [root] sender self.committee_size: 2
2025-12-16 09:15:38,671 INFO [root] [2] Received OK from [28]
2025-12-16 09:15:38,671 INFO [root] [2] OK set: {28, 29, 30, 31}
2025-12-16 09:15:38,671 INFO [root] output: True
2025-12-16 09:15:38,671 INFO [root] [2] exit
2025-12-16 09:15:38,672 INFO [root] disperse msid: 3-0-7-B-AVSS, index: 0
2025-12-16 09:15:38,672 INFO [root] AVID retrieve called with sid: 3-0-7-B-AVID, index: 0
2025-12-16 09:15:38,672 INFO [root] 3-0-7-B-AVSS 2 AVID retrieve msg from 28
2025-12-16 09:15:38,672 INFO [root] AVID retrieve response received
2025-12-16 09:15:38,672 INFO [root] retrieve msid: 3-0-7-B-AVID, response_index: 2
2025-12-16 09:15:38,672 INFO [root] RESPONSE from 28
2025-12-16 09:15:38,672 INFO [root] sender self.committee_size: 0
2025-12-16 09:15:38,673 INFO [root] 3-0-7-B-AVSS 2 RETRIEVE complete.
2025-12-16 09:15:38,673 INFO [root] after avid.retrieve dispersal_msg
2025-12-16 09:15:38,673 INFO [root] Handling dealer messages for dealer_id: 3, tag: 3-0-7-B-AVSS
2025-12-16 09:15:38,674 INFO [beaver.hbacss] [PedersenCommit] invoking pyPedersenCommit...
num_generators 50
padded_num_generators 64
2025-12-16 09:15:38,707 INFO [beaver.hbacss] verifier_result_json: {"verified":true}
2025-12-16 09:15:38,713 INFO [root] inner product verified successfully
2025-12-16 09:15:38,728 INFO [root] shares verified successfully
2025-12-16 09:15:38,728 INFO [root] all_shares_valid: True
2025-12-16 09:15:38,728 INFO [root] after _handle_dealer_msgs, all_shares_valid
2025-12-16 09:15:38,728 INFO [root] self.tagvars[tag]['all_shares_valid']: True
2025-12-16 09:15:38,728 INFO [root] multicast to 28
2025-12-16 09:15:38,728 INFO [root] multicast to 29
2025-12-16 09:15:38,728 INFO [root] multicast to 30
2025-12-16 09:15:38,728 INFO [root] multicast to 31
2025-12-16 09:15:38,728 INFO [root] 0-0-7-B-AVSS 2 AVID retrieve msg from 28
2025-12-16 09:15:38,728 INFO [root] AVID retrieve response received
2025-12-16 09:15:38,728 INFO [root] retrieve msid: 0-0-7-B-AVID, response_index: 2
2025-12-16 09:15:38,728 INFO [root] RESPONSE from 28
2025-12-16 09:15:38,728 INFO [root] sender self.committee_size: 0
2025-12-16 09:15:38,729 INFO [root] 0-0-7-B-AVSS 2 RETRIEVE complete.
2025-12-16 09:15:38,729 INFO [root] after avid.retrieve dispersal_msg
2025-12-16 09:15:38,729 INFO [root] Handling dealer messages for dealer_id: 0, tag: 0-0-7-B-AVSS
2025-12-16 09:15:38,730 INFO [beaver.hbacss] [PedersenCommit] invoking pyPedersenCommit...
num_generators 50
padded_num_generators 64
2025-12-16 09:15:38,765 INFO [beaver.hbacss] verifier_result_json: {"verified":true}
2025-12-16 09:15:38,774 INFO [root] inner product verified successfully
2025-12-16 09:15:38,789 INFO [root] shares verified successfully
2025-12-16 09:15:38,789 INFO [root] all_shares_valid: True
2025-12-16 09:15:38,789 INFO [root] after _handle_dealer_msgs, all_shares_valid
2025-12-16 09:15:38,789 INFO [root] self.tagvars[tag]['all_shares_valid']: True
2025-12-16 09:15:38,789 INFO [root] multicast to 28
2025-12-16 09:15:38,789 INFO [root] multicast to 29
2025-12-16 09:15:38,789 INFO [root] multicast to 30
2025-12-16 09:15:38,789 INFO [root] multicast to 31
2025-12-16 09:15:38,789 INFO [root] 1-0-7-B-AVSS 2 AVID retrieve msg from 28
2025-12-16 09:15:38,789 INFO [root] AVID retrieve response received
2025-12-16 09:15:38,789 INFO [root] retrieve msid: 1-0-7-B-AVID, response_index: 2
2025-12-16 09:15:38,789 INFO [root] RESPONSE from 28
2025-12-16 09:15:38,789 INFO [root] sender self.committee_size: 0
2025-12-16 09:15:38,789 INFO [root] 1-0-7-B-AVSS 2 RETRIEVE complete.
2025-12-16 09:15:38,789 INFO [root] after avid.retrieve dispersal_msg
2025-12-16 09:15:38,789 INFO [root] Handling dealer messages for dealer_id: 1, tag: 1-0-7-B-AVSS
2025-12-16 09:15:38,791 INFO [beaver.hbacss] [PedersenCommit] invoking pyPedersenCommit...
num_generators 50
padded_num_generators 64
2025-12-16 09:15:38,825 INFO [beaver.hbacss] verifier_result_json: {"verified":true}
2025-12-16 09:15:38,833 INFO [root] inner product verified successfully
2025-12-16 09:15:38,847 INFO [root] shares verified successfully
2025-12-16 09:15:38,847 INFO [root] all_shares_valid: True
2025-12-16 09:15:38,847 INFO [root] after _handle_dealer_msgs, all_shares_valid
2025-12-16 09:15:38,847 INFO [root] self.tagvars[tag]['all_shares_valid']: True
2025-12-16 09:15:38,847 INFO [root] multicast to 28
2025-12-16 09:15:38,847 INFO [root] multicast to 29
2025-12-16 09:15:38,847 INFO [root] multicast to 30
2025-12-16 09:15:38,847 INFO [root] multicast to 31
2025-12-16 09:15:38,847 INFO [root] 2-0-7-B-AVSS 2 AVID retrieve msg from 28
2025-12-16 09:15:38,847 INFO [root] AVID retrieve response received
2025-12-16 09:15:38,847 INFO [root] retrieve msid: 2-0-7-B-AVID, response_index: 2
2025-12-16 09:15:38,847 INFO [root] RESPONSE from 28
2025-12-16 09:15:38,847 INFO [root] sender self.committee_size: 0
2025-12-16 09:15:38,848 INFO [root] 2-0-7-B-AVSS 2 RETRIEVE complete.
2025-12-16 09:15:38,848 INFO [root] after avid.retrieve dispersal_msg
2025-12-16 09:15:38,848 INFO [root] Handling dealer messages for dealer_id: 2, tag: 2-0-7-B-AVSS
2025-12-16 09:15:38,849 INFO [beaver.hbacss] [PedersenCommit] invoking pyPedersenCommit...
num_generators 50
padded_num_generators 64
2025-12-16 09:15:38,881 INFO [beaver.hbacss] verifier_result_json: {"verified":true}
2025-12-16 09:15:38,884 INFO [root] inner product verified successfully
2025-12-16 09:15:38,899 INFO [root] shares verified successfully
2025-12-16 09:15:38,899 INFO [root] all_shares_valid: True
2025-12-16 09:15:38,899 INFO [root] after _handle_dealer_msgs, all_shares_valid
2025-12-16 09:15:38,899 INFO [root] self.tagvars[tag]['all_shares_valid']: True
2025-12-16 09:15:38,899 INFO [root] multicast to 28
2025-12-16 09:15:38,899 INFO [root] multicast to 29
2025-12-16 09:15:38,899 INFO [root] multicast to 30
2025-12-16 09:15:38,900 INFO [root] multicast to 31
2025-12-16 09:15:38,900 INFO [root] key_proposal: [3, 0, 1, 2]
2025-12-16 09:15:38,900 INFO [beaver.batch_multiplication] [2] [random shares] Starting ACS where node 1 is set as leader 
2025-12-16 09:15:38,900 INFO [beaver.batch_multiplication] [2] [random shares] The proposal of node 2 is [3, 0, 1, 2]
2025-12-16 09:15:38,900 INFO [root] enter handle_message
2025-12-16 09:15:38,900 INFO [root] [2] Received OK from [30]
2025-12-16 09:15:38,900 INFO [root] [2] OK set: {30}
2025-12-16 09:15:38,900 INFO [root] output: True
2025-12-16 09:15:38,901 INFO [root] [2] Received OK from [30]
2025-12-16 09:15:38,901 INFO [root] [2] OK set: {30}
2025-12-16 09:15:38,901 INFO [root] output: True
2025-12-16 09:15:38,901 INFO [root] [2] Received OK from [30]
2025-12-16 09:15:38,901 INFO [root] [2] OK set: {30}
2025-12-16 09:15:38,901 INFO [root] output: True
2025-12-16 09:15:38,901 INFO [root] [2] Received OK from [30]
2025-12-16 09:15:38,901 INFO [root] [2] OK set: {30}
2025-12-16 09:15:38,901 INFO [root] output: True
2025-12-16 09:15:38,901 INFO [root] disperse msid: 0-0-7-B-AVSS, index: 0
2025-12-16 09:15:38,901 INFO [root] AVID retrieve called with sid: 0-0-7-B-AVID, index: 0
2025-12-16 09:15:38,901 INFO [root] [2] Received OK from [31]
2025-12-16 09:15:38,901 INFO [root] [2] OK set: {30, 31}
2025-12-16 09:15:38,901 INFO [root] output: True
2025-12-16 09:15:38,901 INFO [root] [2] Received OK from [29]
2025-12-16 09:15:38,901 INFO [root] [2] OK set: {29, 30, 31}
2025-12-16 09:15:38,901 INFO [root] output: True
2025-12-16 09:15:38,901 INFO [root] [2] Received OK from [28]
2025-12-16 09:15:38,901 INFO [root] [2] OK set: {28, 29, 30, 31}
2025-12-16 09:15:38,901 INFO [root] output: True
2025-12-16 09:15:38,901 INFO [root] [2] exit
2025-12-16 09:15:38,901 INFO [root] disperse msid: 1-0-7-B-AVSS, index: 0
2025-12-16 09:15:38,901 INFO [root] AVID retrieve called with sid: 1-0-7-B-AVID, index: 0
2025-12-16 09:15:38,901 INFO [root] [2] Received OK from [31]
2025-12-16 09:15:38,901 INFO [root] [2] OK set: {30, 31}
2025-12-16 09:15:38,901 INFO [root] output: True
2025-12-16 09:15:38,901 INFO [root] [2] Received OK from [29]
2025-12-16 09:15:38,901 INFO [root] [2] OK set: {29, 30, 31}
2025-12-16 09:15:38,901 INFO [root] output: True
2025-12-16 09:15:38,901 INFO [root] disperse msid: 2-0-7-B-AVSS, index: 0
2025-12-16 09:15:38,901 INFO [root] AVID retrieve called with sid: 2-0-7-B-AVID, index: 0
2025-12-16 09:15:38,901 INFO [root] [2] Received OK from [31]
2025-12-16 09:15:38,901 INFO [root] [2] OK set: {30, 31}
2025-12-16 09:15:38,901 INFO [root] output: True
2025-12-16 09:15:38,901 INFO [root] [2] Received OK from [29]
2025-12-16 09:15:38,901 INFO [root] [2] OK set: {29, 30, 31}
2025-12-16 09:15:38,901 INFO [root] output: True
2025-12-16 09:15:38,901 INFO [root] [2] Received OK from [31]
2025-12-16 09:15:38,901 INFO [root] [2] OK set: {30, 31}
2025-12-16 09:15:38,901 INFO [root] output: True
2025-12-16 09:15:38,901 INFO [root] [2] Received OK from [29]
2025-12-16 09:15:38,901 INFO [root] [2] OK set: {29, 30, 31}
2025-12-16 09:15:38,901 INFO [root] output: True
2025-12-16 09:15:38,901 INFO [root] [2] otmvba msg value
2025-12-16 09:15:38,901 INFO [root] [2] otmvba handle value message
2025-12-16 09:15:38,901 INFO [root] [2] value-self.acss_outputs.keys():dict_keys([3, 0, 1, 2])
2025-12-16 09:15:38,902 INFO [root] [2] --Directly send the proposal!--
2025-12-16 09:15:38,920 INFO [root] [2] otmvba msg PrevoteQC
2025-12-16 09:15:38,920 INFO [root] [2] otmvba handle prevote qc message
2025-12-16 09:15:38,948 INFO [root] [2] otmvba msg VoteQC
2025-12-16 09:15:38,948 INFO [root] [2] otmvba handle vote qc message
2025-12-16 09:15:38,953 INFO [root] [2] otmvba Broadcasting to 28
2025-12-16 09:15:38,953 INFO [root] [2] otmvba Broadcasting to 29
2025-12-16 09:15:38,953 INFO [root] [2] otmvba Broadcasting to 30
2025-12-16 09:15:38,953 INFO [root] [2] otmvba Broadcasting to 31
2025-12-16 09:15:38,953 INFO [root] [2] otmvba msg Terminate
2025-12-16 09:15:38,953 INFO [root] [2] otmvba handle terminate message
2025-12-16 09:15:38,958 INFO [root] [2] otmvba Broadcasting to 28
2025-12-16 09:15:38,958 INFO [root] [2] otmvba Broadcasting to 29
2025-12-16 09:15:38,958 INFO [root] [2] otmvba Broadcasting to 30
2025-12-16 09:15:38,958 INFO [root] [2] otmvba Broadcasting to 31
2025-12-16 09:15:38,958 INFO [beaver.batch_multiplication] [2] [random shares] The ACS set is [0, 1, 2, 3]
2025-12-16 09:15:38,958 INFO [root] common: [0, 1, 2, 3]
2025-12-16 09:15:38,984 INFO [beaver.batch_multiplication] [2] [asynchronous batch multiplication] Finished! Node 2, total number: 25, time: 0.335071325302124 (seconds)
2025-12-16 09:15:38,984 INFO [root] layer ID: 7 mul_foll_time: 0.3356003761291504
2025-12-16 09:15:38,984 INFO [root] layer ID: 7 trusted_verification_time: 8.477633237838745
2025-12-16 09:15:38,986 INFO [root] layer ID: 7 add_outputs length: 50
2025-12-16 09:15:38,986 INFO [root] layer ID: 7 exec_time: 0.0020453929901123047
2025-12-16 09:15:38,987 INFO [beaver.transfer] [2] Starting DynamicTransfer
2025-12-16 09:15:38,987 INFO [beaver.transfer] [2] Starting ACSS to share 25 secrets
2025-12-16 09:15:38,987 INFO [root] [2] [asynchronous dynamic transfer] Layer ID: 7
2025-12-16 09:15:38,987 INFO [root] public_keys: [{'X': '3142141071080200884832758360485246759643725877476421007961444247812939314166278345759612766310508058183127239318039', 'Y': '194695712485770855694503835427073939612855544504971135378865859545939945681353343192773350075645049286321658272905'}, {'X': '2066591731424099566283973329708065289962313566479693758325650274509494048795816969862880165299642138998060436307335', 'Y': '807420326376930379821895143773493624261112403497833487541406043734034983073722744907660077262596724397358392025766'}, {'X': '719618874424453784310079078801994998160841884942160329476893002863629833471965517300715426252258350680908132198580', 'Y': '1119322919391987902335639781029074982973539870342217941912001239066436255805186772771045635646011881356513606035266'}, {'X': '2132271918889858273263815730214459259313248658469903064858865005293118102507867641732409585489582508005874678686307', 'Y': '2320216806202978814993340473314388730868210460132915614485363969940560272639857190325214340117016936219152016901883'}]
2025-12-16 09:15:38,987 INFO [root] layer ID: 7 trans_pre_time: 0.0006268024444580078
2025-12-16 09:15:38,987 INFO [root] [2] AVSS tag: 2-0-8-B-AVSS
2025-12-16 09:15:38,987 INFO [root] [2] RBC tag: 2-0-8-B-RBC
2025-12-16 09:15:38,987 INFO [root] enter avss_with_aggtransfer
g = {[6679831729115696150 8653662730902241269 1535610680227111361 17342916647841752903 17135755455211762752 1297449291367578485] [13451288730302620273 10097742279870053774 15949884091978425806 5885175747529691540 1016841820992199104 845620083434234474]}
h = {[13794385998538644597 108816626937764141 12130603454454490125 6127379912259600201 17481961476035825978 950355161936836191] [10722765800778186391 17107915684035394744 11626309118465119103 5217919199071354366 6102759180633827794 660535627654889709]}
Equal? false
2025-12-16 09:15:39,282 INFO [root] [2] Starting reliable broadcast
2025-12-16 09:15:39,282 INFO [root] self.msgmode: avss_with_aggtransfer
2025-12-16 09:15:39,283 INFO [beaver.batch_multiplication] [2] Starting BatchMultiplication
num_generators 50
2025-12-16 09:15:39,485 INFO [beaver.batch_multiplication] Proof hex length: 9288
2025-12-16 09:15:39,486 INFO [beaver.batch_multiplication] Proof size (bytes): 4644
2025-12-16 09:15:39,486 INFO [beaver.batch_multiplication] Proof size (strict bytes): 4644
2025-12-16 09:15:39,486 INFO [beaver.batch_multiplication] [2] Starting ACSS to evaluate 25 multiplication gates
2025-12-16 09:15:39,486 INFO [root] rbc_list: [30, 32, 33, 34, 35]
2025-12-16 09:15:39,487 INFO [root] committee_size: 4
2025-12-16 09:15:39,487 INFO [root] n: 5
2025-12-16 09:15:39,487 INFO [root] f: 1
2025-12-16 09:15:39,487 INFO [root] pid: 2
2025-12-16 09:15:39,487 INFO [root] leader: 2
2025-12-16 09:15:39,487 INFO [root] [2] Sending to 0: 32
2025-12-16 09:15:39,487 INFO [root] [2] Sending to 1: 33
2025-12-16 09:15:39,487 INFO [root] [2] Sending to 2: 34
2025-12-16 09:15:39,487 INFO [root] [2] Sending to 3: 35
2025-12-16 09:15:39,487 INFO [root] [2] Starting AVID disperse
2025-12-16 09:15:39,487 INFO [root] public_keys: [{'X': '3142141071080200884832758360485246759643725877476421007961444247812939314166278345759612766310508058183127239318039', 'Y': '194695712485770855694503835427073939612855544504971135378865859545939945681353343192773350075645049286321658272905'}, {'X': '2066591731424099566283973329708065289962313566479693758325650274509494048795816969862880165299642138998060436307335', 'Y': '807420326376930379821895143773493624261112403497833487541406043734034983073722744907660077262596724397358392025766'}, {'X': '719618874424453784310079078801994998160841884942160329476893002863629833471965517300715426252258350680908132198580', 'Y': '1119322919391987902335639781029074982973539870342217941912001239066436255805186772771045635646011881356513606035266'}, {'X': '2132271918889858273263815730214459259313248658469903064858865005293118102507867641732409585489582508005874678686307', 'Y': '2320216806202978814993340473314388730868210460132915614485363969940560272639857190325214340117016936219152016901883'}]
2025-12-16 09:15:39,487 INFO [root] layer ID: 7 mul_pre_time: 0.5000157356262207
2025-12-16 09:15:39,487 INFO [root] layer ID: 7 layer_time: 8.980444192886353
2025-12-16 09:15:39,489 INFO [root] [2] Dispersed VAL message to committee
2025-12-16 09:15:39,489 INFO [root] [2] AVSS tag: 2-0-8-B-AVSS
2025-12-16 09:15:39,489 INFO [root] [2] RBC tag: 2-0-8-B-RBC
g = {[6679831729115696150 8653662730902241269 1535610680227111361 17342916647841752903 17135755455211762752 1297449291367578485] [13451288730302620273 10097742279870053774 15949884091978425806 5885175747529691540 1016841820992199104 845620083434234474]}
h = {[13794385998538644597 108816626937764141 12130603454454490125 6127379912259600201 17481961476035825978 950355161936836191] [10722765800778186391 17107915684035394744 11626309118465119103 5217919199071354366 6102759180633827794 660535627654889709]}
Equal? false
2025-12-16 09:15:39,786 INFO [root] [2] Starting reliable broadcast
2025-12-16 09:15:39,786 INFO [root] self.msgmode: avss_with_aggbatch_multiplication
2025-12-16 09:15:39,786 INFO [root] rbc_list: [30, 32, 33, 34, 35]
2025-12-16 09:15:39,786 INFO [root] committee_size: 4
2025-12-16 09:15:39,787 INFO [root] n: 5
2025-12-16 09:15:39,787 INFO [root] f: 1
2025-12-16 09:15:39,787 INFO [root] pid: 2
2025-12-16 09:15:39,787 INFO [root] leader: 2
2025-12-16 09:15:39,787 INFO [root] [2] Sending to 0: 32
2025-12-16 09:15:39,787 INFO [root] [2] Sending to 1: 33
2025-12-16 09:15:39,787 INFO [root] [2] Sending to 2: 34
2025-12-16 09:15:39,787 INFO [root] [2] Sending to 3: 35
2025-12-16 09:15:39,787 INFO [root] [2] Starting AVID disperse
2025-12-16 09:15:39,788 INFO [root] [2] Dispersed VAL message to committee
2025-12-16 09:15:39,788 INFO [root] [2] Received OK from [28]
2025-12-16 09:15:39,788 INFO [root] [2] OK set: {28, 29, 30, 31}
2025-12-16 09:15:39,788 INFO [root] output: True
2025-12-16 09:15:39,788 INFO [root] [2] exit
2025-12-16 09:15:39,788 INFO [root] [2] Received OK from [28]
2025-12-16 09:15:39,789 INFO [root] [2] OK set: {28, 29, 30, 31}
2025-12-16 09:15:39,789 INFO [root] output: True
2025-12-16 09:15:39,789 INFO [root] [2] exit
2025-12-16 09:15:39,789 INFO [root] [2] Received OK from [28]
2025-12-16 09:15:39,789 INFO [root] [2] OK set: {28, 29, 30, 31}
2025-12-16 09:15:39,789 INFO [root] output: True
2025-12-16 09:15:39,789 INFO [root] [2] exit
2025-12-16 09:15:49,495 INFO [root] [2] Bytes Sent: TR7:303030 which is 14.72%
2025-12-16 09:15:49,497 INFO [root] [2] Bytes Sent: M7:652693 which is 31.706%
2025-12-16 09:15:49,497 INFO [root] [2] Bytes Sent: TR8:318380 which is 15.466%
2025-12-16 09:15:49,498 INFO [root] [2] Bytes Sent: M8:784496 which is 38.108%
2025-12-16 09:15:49,498 INFO [root] [2] Total bytes sent out aa: 2058599
2025-12-16 09:15:49,530 INFO [benchmark_logger] Total bytes sent out: 2058599
my_send_id: 30 exec_time: 13.981628656387329
2025-12-16 09:15:49,562 ERROR [asyncio] Task was destroyed but it is pending!
task: <Task pending name='Task-51' coro=<subscribe_recv.<locals>._recv_loop() running at /opt/dumbo-mpc/dumbo-mpc/AsyRanTriGen/beaver/utils/misc.py:89> wait_for=<Future pending cb=[<TaskWakeupMethWrapper object at 0xffff8c77f100>()]>>
Exception ignored in: <coroutine object subscribe_recv.<locals>._recv_loop at 0xffff8d122f40>
Traceback (most recent call last):
  File "/opt/dumbo-mpc/dumbo-mpc/AsyRanTriGen/beaver/utils/misc.py", line 89, in _recv_loop
    j, (tag, o) = await recv()
  File "/usr/lib/python3.8/asyncio/queues.py", line 165, in get
    getter.cancel()  # Just in case getter is not done yet.
  File "uvloop/loop.pyx", line 1281, in uvloop.loop.Loop.call_soon
  File "uvloop/loop.pyx", line 669, in uvloop.loop.Loop._call_soon
  File "uvloop/loop.pyx", line 678, in uvloop.loop.Loop._call_soon_handle
  File "uvloop/loop.pyx", line 673, in uvloop.loop.Loop._append_ready_handle
  File "uvloop/loop.pyx", line 705, in uvloop.loop.Loop._check_closed
RuntimeError: Event loop is closed
2025-12-16 09:15:49,562 ERROR [asyncio] Task was destroyed but it is pending!
task: <Task pending name='Task-53' coro=<subscribe_recv.<locals>._recv_loop() running at /opt/dumbo-mpc/dumbo-mpc/AsyRanTriGen/beaver/utils/misc.py:89> wait_for=<Future pending cb=[<TaskWakeupMethWrapper object at 0xffff8d0b4760>()]>>
2025-12-16 09:15:49,562 ERROR [asyncio] Task was destroyed but it is pending!
task: <Task pending name='Task-55' coro=<subscribe_recv.<locals>._recv_loop() running at /opt/dumbo-mpc/dumbo-mpc/AsyRanTriGen/beaver/utils/misc.py:89> wait_for=<Future pending cb=[<TaskWakeupMethWrapper object at 0xffff8d0db760>()]>>
Exception ignored in: <coroutine object subscribe_recv.<locals>._recv_loop at 0xffff8d140440>
Traceback (most recent call last):
  File "/opt/dumbo-mpc/dumbo-mpc/AsyRanTriGen/beaver/utils/misc.py", line 89, in _recv_loop
    j, (tag, o) = await recv()
  File "/usr/lib/python3.8/asyncio/queues.py", line 165, in get
    getter.cancel()  # Just in case getter is not done yet.
  File "uvloop/loop.pyx", line 1281, in uvloop.loop.Loop.call_soon
  File "uvloop/loop.pyx", line 669, in uvloop.loop.Loop._call_soon
  File "uvloop/loop.pyx", line 678, in uvloop.loop.Loop._call_soon_handle
  File "uvloop/loop.pyx", line 673, in uvloop.loop.Loop._append_ready_handle
  File "uvloop/loop.pyx", line 705, in uvloop.loop.Loop._check_closed
RuntimeError: Event loop is closed
Exception ignored in: <coroutine object subscribe_recv.<locals>._recv_loop at 0xffff8d1403c0>
Traceback (most recent call last):
  File "/opt/dumbo-mpc/dumbo-mpc/AsyRanTriGen/beaver/utils/misc.py", line 89, in _recv_loop
    j, (tag, o) = await recv()
  File "/usr/lib/python3.8/asyncio/queues.py", line 165, in get
    getter.cancel()  # Just in case getter is not done yet.
  File "uvloop/loop.pyx", line 1281, in uvloop.loop.Loop.call_soon
  File "uvloop/loop.pyx", line 669, in uvloop.loop.Loop._call_soon
  File "uvloop/loop.pyx", line 678, in uvloop.loop.Loop._call_soon_handle
  File "uvloop/loop.pyx", line 673, in uvloop.loop.Loop._append_ready_handle
  File "uvloop/loop.pyx", line 705, in uvloop.loop.Loop._check_closed
RuntimeError: Event loop is closed
2025-12-16 09:15:49,563 ERROR [asyncio] Task was destroyed but it is pending!
task: <Task pending name='Task-63' coro=<ACSS_Foll._recv_loop() running at /opt/dumbo-mpc/dumbo-mpc/AsyRanTriGen/beaver/hbacss.py:3703> wait_for=<Future pending cb=[<TaskWakeupMethWrapper object at 0xffff8d0db790>()]>>
2025-12-16 09:15:49,563 ERROR [asyncio] Task was destroyed but it is pending!
task: <Task pending name='Task-64' coro=<subscribe_recv.<locals>._recv_loop() running at /opt/dumbo-mpc/dumbo-mpc/AsyRanTriGen/beaver/utils/misc.py:89> wait_for=<Future pending cb=[<TaskWakeupMethWrapper object at 0xffff8d147910>()]>>
Exception ignored in: <coroutine object ACSS_Foll._recv_loop at 0xffff8d140c40>
Traceback (most recent call last):
  File "/opt/dumbo-mpc/dumbo-mpc/AsyRanTriGen/beaver/hbacss.py", line 3703, in _recv_loop
    await avid.disperse(tag, self.my_id, dispersal_msg_list)
  File "/opt/dumbo-mpc/dumbo-mpc/AsyRanTriGen/beaver/broadcast/avid.py", line 461, in disperse
    sender, msg = await self.recv()
  File "/usr/lib/python3.8/asyncio/queues.py", line 165, in get
    getter.cancel()  # Just in case getter is not done yet.
  File "uvloop/loop.pyx", line 1281, in uvloop.loop.Loop.call_soon
  File "uvloop/loop.pyx", line 669, in uvloop.loop.Loop._call_soon
  File "uvloop/loop.pyx", line 678, in uvloop.loop.Loop._call_soon_handle
  File "uvloop/loop.pyx", line 673, in uvloop.loop.Loop._append_ready_handle
  File "uvloop/loop.pyx", line 705, in uvloop.loop.Loop._check_closed
RuntimeError: Event loop is closed
2025-12-16 09:15:49,564 ERROR [asyncio] Task was destroyed but it is pending!
task: <Task pending name='Task-61' coro=<ACSS_Foll._recv_loop() running at /opt/dumbo-mpc/dumbo-mpc/AsyRanTriGen/beaver/hbacss.py:3705> wait_for=<Future pending cb=[<TaskWakeupMethWrapper object at 0xffff8d147d00>()]>>
2025-12-16 09:15:49,564 ERROR [asyncio] Task was destroyed but it is pending!
task: <Task pending name='Task-60' coro=<ACSS_Foll._recv_loop() running at /opt/dumbo-mpc/dumbo-mpc/AsyRanTriGen/beaver/hbacss.py:3705> wait_for=<Future pending cb=[<TaskWakeupMethWrapper object at 0xffff8d132760>()]>>
Exception ignored in: <coroutine object subscribe_recv.<locals>._recv_loop at 0xffff8d146940>
Traceback (most recent call last):
  File "/opt/dumbo-mpc/dumbo-mpc/AsyRanTriGen/beaver/utils/misc.py", line 89, in _recv_loop
    j, (tag, o) = await recv()
  File "/usr/lib/python3.8/asyncio/queues.py", line 165, in get
    getter.cancel()  # Just in case getter is not done yet.
  File "uvloop/loop.pyx", line 1281, in uvloop.loop.Loop.call_soon
  File "uvloop/loop.pyx", line 669, in uvloop.loop.Loop._call_soon
  File "uvloop/loop.pyx", line 678, in uvloop.loop.Loop._call_soon_handle
  File "uvloop/loop.pyx", line 673, in uvloop.loop.Loop._append_ready_handle
  File "uvloop/loop.pyx", line 705, in uvloop.loop.Loop._check_closed
RuntimeError: Event loop is closed
2025-12-16 09:15:49,564 ERROR [asyncio] Task was destroyed but it is pending!
task: <Task pending name='Task-62' coro=<ACSS_Foll._recv_loop() running at /opt/dumbo-mpc/dumbo-mpc/AsyRanTriGen/beaver/hbacss.py:3705> wait_for=<Future pending cb=[<TaskWakeupMethWrapper object at 0xffff8d13fe80>()]>>
Exception ignored in: <coroutine object ACSS_Foll._recv_loop at 0xffff8d140e40>
Traceback (most recent call last):
  File "/opt/dumbo-mpc/dumbo-mpc/AsyRanTriGen/beaver/hbacss.py", line 3705, in _recv_loop
    await avid.disperse(tag, self.my_id+1, dispersal_msg_list)
  File "/opt/dumbo-mpc/dumbo-mpc/AsyRanTriGen/beaver/broadcast/avid.py", line 461, in disperse
    sender, msg = await self.recv()
  File "/usr/lib/python3.8/asyncio/queues.py", line 165, in get
    getter.cancel()  # Just in case getter is not done yet.
  File "uvloop/loop.pyx", line 1281, in uvloop.loop.Loop.call_soon
  File "uvloop/loop.pyx", line 669, in uvloop.loop.Loop._call_soon
  File "uvloop/loop.pyx", line 678, in uvloop.loop.Loop._call_soon_handle
  File "uvloop/loop.pyx", line 673, in uvloop.loop.Loop._append_ready_handle
  File "uvloop/loop.pyx", line 705, in uvloop.loop.Loop._check_closed
RuntimeError: Event loop is closed
Exception ignored in: <coroutine object ACSS_Foll._recv_loop at 0xffff8d1407c0>
Traceback (most recent call last):
  File "/opt/dumbo-mpc/dumbo-mpc/AsyRanTriGen/beaver/hbacss.py", line 3705, in _recv_loop
    await avid.disperse(tag, self.my_id+1, dispersal_msg_list)
  File "/opt/dumbo-mpc/dumbo-mpc/AsyRanTriGen/beaver/broadcast/avid.py", line 461, in disperse
    sender, msg = await self.recv()
  File "/usr/lib/python3.8/asyncio/queues.py", line 165, in get
    getter.cancel()  # Just in case getter is not done yet.
  File "uvloop/loop.pyx", line 1281, in uvloop.loop.Loop.call_soon
  File "uvloop/loop.pyx", line 669, in uvloop.loop.Loop._call_soon
  File "uvloop/loop.pyx", line 678, in uvloop.loop.Loop._call_soon_handle
  File "uvloop/loop.pyx", line 673, in uvloop.loop.Loop._append_ready_handle
  File "uvloop/loop.pyx", line 705, in uvloop.loop.Loop._check_closed
RuntimeError: Event loop is closed
Exception ignored in: <coroutine object ACSS_Foll._recv_loop at 0xffff8d140cc0>
Traceback (most recent call last):
  File "/opt/dumbo-mpc/dumbo-mpc/AsyRanTriGen/beaver/hbacss.py", line 3705, in _recv_loop
    await avid.disperse(tag, self.my_id+1, dispersal_msg_list)
  File "/opt/dumbo-mpc/dumbo-mpc/AsyRanTriGen/beaver/broadcast/avid.py", line 461, in disperse
    sender, msg = await self.recv()
  File "/usr/lib/python3.8/asyncio/queues.py", line 165, in get
    getter.cancel()  # Just in case getter is not done yet.
  File "uvloop/loop.pyx", line 1281, in uvloop.loop.Loop.call_soon
  File "uvloop/loop.pyx", line 669, in uvloop.loop.Loop._call_soon
  File "uvloop/loop.pyx", line 678, in uvloop.loop.Loop._call_soon_handle
  File "uvloop/loop.pyx", line 673, in uvloop.loop.Loop._append_ready_handle
  File "uvloop/loop.pyx", line 705, in uvloop.loop.Loop._check_closed
RuntimeError: Event loop is closed
2025-12-16 09:15:49,567 ERROR [asyncio] Task was destroyed but it is pending!
task: <Task pending name='Task-65' coro=<OptimalCommonSet.fallback_timer() running at /opt/dumbo-mpc/dumbo-mpc/AsyRanTriGen/beaver/broadcast/otmvba_dyn.py:71> wait_for=<Future pending cb=[<TaskWakeupMethWrapper object at 0xffff8d0b4940>()]>>
2025-12-16 09:15:49,568 ERROR [asyncio] Task was destroyed but it is pending!
task: <Task pending name='Task-92' coro=<rbc_dyn() running at /opt/dumbo-mpc/dumbo-mpc/AsyRanTriGen/beaver/broadcast/reliablebroadcast.py:411> wait_for=<Future cancelled>>
Exception ignored in: <coroutine object rbc_dyn at 0xffff8c74bbc0>
Traceback (most recent call last):
  File "/opt/dumbo-mpc/dumbo-mpc/AsyRanTriGen/beaver/broadcast/reliablebroadcast.py", line 411, in rbc_dyn
    sender, msg = await receive()
  File "/usr/lib/python3.8/asyncio/queues.py", line 165, in get
    getter.cancel()  # Just in case getter is not done yet.
  File "uvloop/loop.pyx", line 1281, in uvloop.loop.Loop.call_soon
  File "uvloop/loop.pyx", line 669, in uvloop.loop.Loop._call_soon
  File "uvloop/loop.pyx", line 678, in uvloop.loop.Loop._call_soon_handle
  File "uvloop/loop.pyx", line 673, in uvloop.loop.Loop._append_ready_handle
  File "uvloop/loop.pyx", line 705, in uvloop.loop.Loop._check_closed
RuntimeError: Event loop is closed
2025-12-16 09:15:49,569 ERROR [asyncio] Task was destroyed but it is pending!
task: <Task pending name='Task-94' coro=<AVID_DYNAMIC.disperse() running at /opt/dumbo-mpc/dumbo-mpc/AsyRanTriGen/beaver/broadcast/avid.py:461> wait_for=<Future cancelled>>
Exception ignored in: <coroutine object AVID_DYNAMIC.disperse at 0xffff8c74b240>
Traceback (most recent call last):
  File "/opt/dumbo-mpc/dumbo-mpc/AsyRanTriGen/beaver/broadcast/avid.py", line 461, in disperse
    sender, msg = await self.recv()
  File "/usr/lib/python3.8/asyncio/queues.py", line 165, in get
    getter.cancel()  # Just in case getter is not done yet.
  File "uvloop/loop.pyx", line 1281, in uvloop.loop.Loop.call_soon
  File "uvloop/loop.pyx", line 669, in uvloop.loop.Loop._call_soon
  File "uvloop/loop.pyx", line 678, in uvloop.loop.Loop._call_soon_handle
  File "uvloop/loop.pyx", line 673, in uvloop.loop.Loop._append_ready_handle
  File "uvloop/loop.pyx", line 705, in uvloop.loop.Loop._check_closed
RuntimeError: Event loop is closed
2025-12-16 09:15:49,571 ERROR [asyncio] Task was destroyed but it is pending!
task: <Task pending name='Task-66' coro=<subscribe_recv.<locals>._recv_loop() running at /opt/dumbo-mpc/dumbo-mpc/AsyRanTriGen/beaver/utils/misc.py:89> wait_for=<Future cancelled>>
Exception ignored in: <coroutine object subscribe_recv.<locals>._recv_loop at 0xffff8d140640>
Traceback (most recent call last):
  File "/opt/dumbo-mpc/dumbo-mpc/AsyRanTriGen/beaver/utils/misc.py", line 89, in _recv_loop
    j, (tag, o) = await recv()
ValueError: coroutine already executing
Exception ignored in: <coroutine object Queue.get at 0xffff8d1463c0>
Traceback (most recent call last):
  File "/usr/lib/python3.8/asyncio/queues.py", line 165, in get
    getter.cancel()  # Just in case getter is not done yet.
  File "uvloop/loop.pyx", line 1281, in uvloop.loop.Loop.call_soon
  File "uvloop/loop.pyx", line 669, in uvloop.loop.Loop._call_soon
  File "uvloop/loop.pyx", line 678, in uvloop.loop.Loop._call_soon_handle
  File "uvloop/loop.pyx", line 673, in uvloop.loop.Loop._append_ready_handle
  File "uvloop/loop.pyx", line 705, in uvloop.loop.Loop._check_closed
RuntimeError: Event loop is closed
Exception ignored in: <coroutine object Queue.get at 0xffff8c75b340>
Traceback (most recent call last):
  File "/usr/lib/python3.8/asyncio/queues.py", line 165, in get
    getter.cancel()  # Just in case getter is not done yet.
  File "uvloop/loop.pyx", line 1281, in uvloop.loop.Loop.call_soon
  File "uvloop/loop.pyx", line 669, in uvloop.loop.Loop._call_soon
  File "uvloop/loop.pyx", line 678, in uvloop.loop.Loop._call_soon_handle
  File "uvloop/loop.pyx", line 673, in uvloop.loop.Loop._append_ready_handle
  File "uvloop/loop.pyx", line 705, in uvloop.loop.Loop._check_closed
RuntimeError: Event loop is closed
Exception ignored in: <coroutine object Queue.get at 0xffff8d146b40>
Traceback (most recent call last):
  File "/usr/lib/python3.8/asyncio/queues.py", line 165, in get
    getter.cancel()  # Just in case getter is not done yet.
  File "uvloop/loop.pyx", line 1281, in uvloop.loop.Loop.call_soon
  File "uvloop/loop.pyx", line 669, in uvloop.loop.Loop._call_soon
  File "uvloop/loop.pyx", line 678, in uvloop.loop.Loop._call_soon_handle
  File "uvloop/loop.pyx", line 673, in uvloop.loop.Loop._append_ready_handle
  File "uvloop/loop.pyx", line 705, in uvloop.loop.Loop._check_closed
RuntimeError: Event loop is closed
2025-12-16 09:15:49,572 ERROR [asyncio] Task was destroyed but it is pending!
task: <Task pending name='Task-68' coro=<subscribe_recv.<locals>._recv_loop() running at /opt/dumbo-mpc/dumbo-mpc/AsyRanTriGen/beaver/utils/misc.py:89> wait_for=<Future cancelled>>
2025-12-16 09:15:49,572 ERROR [asyncio] Task was destroyed but it is pending!
task: <Task pending name='Task-76' coro=<ACSS_Foll._recv_loop() running at /opt/dumbo-mpc/dumbo-mpc/AsyRanTriGen/beaver/hbacss.py:3705> wait_for=<Future pending cb=[<TaskWakeupMethWrapper object at 0xffff8d0e3ca0>()]>>
Exception ignored in: <coroutine object ACSS_Foll._recv_loop at 0xffff8c75b5c0>
Traceback (most recent call last):
  File "/opt/dumbo-mpc/dumbo-mpc/AsyRanTriGen/beaver/hbacss.py", line 3705, in _recv_loop
    await avid.disperse(tag, self.my_id+1, dispersal_msg_list)
  File "/opt/dumbo-mpc/dumbo-mpc/AsyRanTriGen/beaver/broadcast/avid.py", line 461, in disperse
    sender, msg = await self.recv()
  File "/usr/lib/python3.8/asyncio/queues.py", line 165, in get
    getter.cancel()  # Just in case getter is not done yet.
  File "uvloop/loop.pyx", line 1281, in uvloop.loop.Loop.call_soon
  File "uvloop/loop.pyx", line 669, in uvloop.loop.Loop._call_soon
  File "uvloop/loop.pyx", line 678, in uvloop.loop.Loop._call_soon_handle
  File "uvloop/loop.pyx", line 673, in uvloop.loop.Loop._append_ready_handle
  File "uvloop/loop.pyx", line 705, in uvloop.loop.Loop._check_closed
RuntimeError: Event loop is closed
2025-12-16 09:15:49,575 ERROR [asyncio] Task was destroyed but it is pending!
task: <Task pending name='Task-73' coro=<ACSS_Foll._recv_loop() running at /opt/dumbo-mpc/dumbo-mpc/AsyRanTriGen/beaver/hbacss.py:3703> wait_for=<Future pending cb=[<TaskWakeupMethWrapper object at 0xffff8d0e3af0>()]>>
2025-12-16 09:15:49,575 ERROR [asyncio] Task was destroyed but it is pending!
task: <Task pending name='Task-74' coro=<ACSS_Foll._recv_loop() running at /opt/dumbo-mpc/dumbo-mpc/AsyRanTriGen/beaver/hbacss.py:3705> wait_for=<Future pending cb=[<TaskWakeupMethWrapper object at 0xffff8d0b4280>()]>>
2025-12-16 09:15:49,576 ERROR [asyncio] Task was destroyed but it is pending!
task: <Task pending name='Task-75' coro=<ACSS_Foll._recv_loop() running at /opt/dumbo-mpc/dumbo-mpc/AsyRanTriGen/beaver/hbacss.py:3705> wait_for=<Future pending cb=[<TaskWakeupMethWrapper object at 0xffff8d0b4fd0>()]>>
Exception ignored in: <coroutine object ACSS_Foll._recv_loop at 0xffff8d146a40>
Traceback (most recent call last):
  File "/opt/dumbo-mpc/dumbo-mpc/AsyRanTriGen/beaver/hbacss.py", line 3703, in _recv_loop
    await avid.disperse(tag, self.my_id, dispersal_msg_list)
  File "/opt/dumbo-mpc/dumbo-mpc/AsyRanTriGen/beaver/broadcast/avid.py", line 461, in disperse
    sender, msg = await self.recv()
  File "/usr/lib/python3.8/asyncio/queues.py", line 165, in get
    getter.cancel()  # Just in case getter is not done yet.
  File "uvloop/loop.pyx", line 1281, in uvloop.loop.Loop.call_soon
  File "uvloop/loop.pyx", line 669, in uvloop.loop.Loop._call_soon
  File "uvloop/loop.pyx", line 678, in uvloop.loop.Loop._call_soon_handle
  File "uvloop/loop.pyx", line 673, in uvloop.loop.Loop._append_ready_handle
  File "uvloop/loop.pyx", line 705, in uvloop.loop.Loop._check_closed
RuntimeError: Event loop is closed
Exception ignored in: <coroutine object ACSS_Foll._recv_loop at 0xffff8d146540>
Traceback (most recent call last):
  File "/opt/dumbo-mpc/dumbo-mpc/AsyRanTriGen/beaver/hbacss.py", line 3705, in _recv_loop
    await avid.disperse(tag, self.my_id+1, dispersal_msg_list)
  File "/opt/dumbo-mpc/dumbo-mpc/AsyRanTriGen/beaver/broadcast/avid.py", line 461, in disperse
    sender, msg = await self.recv()
  File "/usr/lib/python3.8/asyncio/queues.py", line 165, in get
    getter.cancel()  # Just in case getter is not done yet.
  File "uvloop/loop.pyx", line 1281, in uvloop.loop.Loop.call_soon
  File "uvloop/loop.pyx", line 669, in uvloop.loop.Loop._call_soon
  File "uvloop/loop.pyx", line 678, in uvloop.loop.Loop._call_soon_handle
  File "uvloop/loop.pyx", line 673, in uvloop.loop.Loop._append_ready_handle
  File "uvloop/loop.pyx", line 705, in uvloop.loop.Loop._check_closed
RuntimeError: Event loop is closed
Exception ignored in: <coroutine object ACSS_Foll._recv_loop at 0xffff8c75b540>
Traceback (most recent call last):
  File "/opt/dumbo-mpc/dumbo-mpc/AsyRanTriGen/beaver/hbacss.py", line 3705, in _recv_loop
    await avid.disperse(tag, self.my_id+1, dispersal_msg_list)
  File "/opt/dumbo-mpc/dumbo-mpc/AsyRanTriGen/beaver/broadcast/avid.py", line 461, in disperse
    sender, msg = await self.recv()
  File "/usr/lib/python3.8/asyncio/queues.py", line 165, in get
    getter.cancel()  # Just in case getter is not done yet.
  File "uvloop/loop.pyx", line 1281, in uvloop.loop.Loop.call_soon
  File "uvloop/loop.pyx", line 669, in uvloop.loop.Loop._call_soon
  File "uvloop/loop.pyx", line 678, in uvloop.loop.Loop._call_soon_handle
  File "uvloop/loop.pyx", line 673, in uvloop.loop.Loop._append_ready_handle
  File "uvloop/loop.pyx", line 705, in uvloop.loop.Loop._check_closed
RuntimeError: Event loop is closed
2025-12-16 09:15:49,582 ERROR [asyncio] Task was destroyed but it is pending!
task: <Task pending name='Task-77' coro=<subscribe_recv.<locals>._recv_loop() running at /opt/dumbo-mpc/dumbo-mpc/AsyRanTriGen/beaver/utils/misc.py:89> wait_for=<Future cancelled>>
2025-12-16 09:15:49,583 ERROR [asyncio] Task was destroyed but it is pending!
task: <Task pending name='Task-78' coro=<OptimalCommonSet.fallback_timer() running at /opt/dumbo-mpc/dumbo-mpc/AsyRanTriGen/beaver/broadcast/otmvba_dyn.py:71> wait_for=<Future pending cb=[<TaskWakeupMethWrapper object at 0xffff8d0e38b0>()]>>
2025-12-16 09:15:49,583 ERROR [asyncio] Task was destroyed but it is pending!
task: <Task pending name='Task-79' coro=<subscribe_recv.<locals>._recv_loop() running at /opt/dumbo-mpc/dumbo-mpc/AsyRanTriGen/beaver/utils/misc.py:89> wait_for=<Future pending cb=[<TaskWakeupMethWrapper object at 0xffff8d0e3b80>()]>>
2025-12-16 09:15:49,583 ERROR [asyncio] Task was destroyed but it is pending!
task: <Task pending name='Task-82' coro=<subscribe_recv.<locals>._recv_loop() running at /opt/dumbo-mpc/dumbo-mpc/AsyRanTriGen/beaver/utils/misc.py:89> wait_for=<Future pending cb=[<TaskWakeupMethWrapper object at 0xffff8d0db0a0>()]>>
2025-12-16 09:15:49,583 ERROR [asyncio] Task was destroyed but it is pending!
task: <Task pending name='Task-84' coro=<subscribe_recv.<locals>._recv_loop() running at /opt/dumbo-mpc/dumbo-mpc/AsyRanTriGen/beaver/utils/misc.py:89> wait_for=<Future pending cb=[<TaskWakeupMethWrapper object at 0xffff8d0e7b20>()]>>
Exception ignored in: <coroutine object subscribe_recv.<locals>._recv_loop at 0xffff8d0e6940>
Traceback (most recent call last):
  File "/opt/dumbo-mpc/dumbo-mpc/AsyRanTriGen/beaver/utils/misc.py", line 89, in _recv_loop
    j, (tag, o) = await recv()
  File "/usr/lib/python3.8/asyncio/queues.py", line 165, in get
    getter.cancel()  # Just in case getter is not done yet.
  File "uvloop/loop.pyx", line 1281, in uvloop.loop.Loop.call_soon
  File "uvloop/loop.pyx", line 669, in uvloop.loop.Loop._call_soon
  File "uvloop/loop.pyx", line 678, in uvloop.loop.Loop._call_soon_handle
  File "uvloop/loop.pyx", line 673, in uvloop.loop.Loop._append_ready_handle
  File "uvloop/loop.pyx", line 705, in uvloop.loop.Loop._check_closed
RuntimeError: Event loop is closed
Exception ignored in: <coroutine object subscribe_recv.<locals>._recv_loop at 0xffff8d0cfe40>
Traceback (most recent call last):
  File "/opt/dumbo-mpc/dumbo-mpc/AsyRanTriGen/beaver/utils/misc.py", line 89, in _recv_loop
    j, (tag, o) = await recv()
  File "/usr/lib/python3.8/asyncio/queues.py", line 165, in get
    getter.cancel()  # Just in case getter is not done yet.
  File "uvloop/loop.pyx", line 1281, in uvloop.loop.Loop.call_soon
  File "uvloop/loop.pyx", line 669, in uvloop.loop.Loop._call_soon
  File "uvloop/loop.pyx", line 678, in uvloop.loop.Loop._call_soon_handle
  File "uvloop/loop.pyx", line 673, in uvloop.loop.Loop._append_ready_handle
  File "uvloop/loop.pyx", line 705, in uvloop.loop.Loop._check_closed
RuntimeError: Event loop is closed
Exception ignored in: <coroutine object subscribe_recv.<locals>._recv_loop at 0xffff8d0dc2c0>
Traceback (most recent call last):
  File "/opt/dumbo-mpc/dumbo-mpc/AsyRanTriGen/beaver/utils/misc.py", line 89, in _recv_loop
    j, (tag, o) = await recv()
  File "/usr/lib/python3.8/asyncio/queues.py", line 165, in get
    getter.cancel()  # Just in case getter is not done yet.
  File "uvloop/loop.pyx", line 1281, in uvloop.loop.Loop.call_soon
  File "uvloop/loop.pyx", line 669, in uvloop.loop.Loop._call_soon
  File "uvloop/loop.pyx", line 678, in uvloop.loop.Loop._call_soon_handle
  File "uvloop/loop.pyx", line 673, in uvloop.loop.Loop._append_ready_handle
  File "uvloop/loop.pyx", line 705, in uvloop.loop.Loop._check_closed
RuntimeError: Event loop is closed
2025-12-16 09:15:49,584 ERROR [asyncio] Task was destroyed but it is pending!
task: <Task pending name='Task-90' coro=<subscribe_recv.<locals>._recv_loop() running at /opt/dumbo-mpc/dumbo-mpc/AsyRanTriGen/beaver/utils/misc.py:89> wait_for=<Future pending cb=[<TaskWakeupMethWrapper object at 0xffff8d0e7790>()]>>
2025-12-16 09:15:49,584 ERROR [asyncio] Task was destroyed but it is pending!
task: <Task pending name='Task-86' coro=<rbc_dyn() running at /opt/dumbo-mpc/dumbo-mpc/AsyRanTriGen/beaver/broadcast/reliablebroadcast.py:411> wait_for=<Future pending cb=[<TaskWakeupMethWrapper object at 0xffff8d0e7910>()]>>
Exception ignored in: <coroutine object subscribe_recv.<locals>._recv_loop at 0xffff8d0dc6c0>
Traceback (most recent call last):
  File "/opt/dumbo-mpc/dumbo-mpc/AsyRanTriGen/beaver/utils/misc.py", line 89, in _recv_loop
    j, (tag, o) = await recv()
  File "/usr/lib/python3.8/asyncio/queues.py", line 165, in get
    getter.cancel()  # Just in case getter is not done yet.
  File "uvloop/loop.pyx", line 1281, in uvloop.loop.Loop.call_soon
  File "uvloop/loop.pyx", line 669, in uvloop.loop.Loop._call_soon
  File "uvloop/loop.pyx", line 678, in uvloop.loop.Loop._call_soon_handle
  File "uvloop/loop.pyx", line 673, in uvloop.loop.Loop._append_ready_handle
  File "uvloop/loop.pyx", line 705, in uvloop.loop.Loop._check_closed
RuntimeError: Event loop is closed
2025-12-16 09:15:49,585 ERROR [asyncio] Task was destroyed but it is pending!
task: <Task pending name='Task-89' coro=<AVID_DYNAMIC.disperse() running at /opt/dumbo-mpc/dumbo-mpc/AsyRanTriGen/beaver/broadcast/avid.py:461> wait_for=<Future pending cb=[<TaskWakeupMethWrapper object at 0xffff8d132df0>()]>>
Exception ignored in: <coroutine object rbc_dyn at 0xffff8d0dc240>
Traceback (most recent call last):
  File "/opt/dumbo-mpc/dumbo-mpc/AsyRanTriGen/beaver/broadcast/reliablebroadcast.py", line 411, in rbc_dyn
    sender, msg = await receive()
  File "/usr/lib/python3.8/asyncio/queues.py", line 165, in get
    getter.cancel()  # Just in case getter is not done yet.
  File "uvloop/loop.pyx", line 1281, in uvloop.loop.Loop.call_soon
  File "uvloop/loop.pyx", line 669, in uvloop.loop.Loop._call_soon
  File "uvloop/loop.pyx", line 678, in uvloop.loop.Loop._call_soon_handle
  File "uvloop/loop.pyx", line 673, in uvloop.loop.Loop._append_ready_handle
  File "uvloop/loop.pyx", line 705, in uvloop.loop.Loop._check_closed
RuntimeError: Event loop is closed
Exception ignored in: <coroutine object AVID_DYNAMIC.disperse at 0xffff8c74bc40>
Traceback (most recent call last):
  File "/opt/dumbo-mpc/dumbo-mpc/AsyRanTriGen/beaver/broadcast/avid.py", line 461, in disperse
    sender, msg = await self.recv()
  File "/usr/lib/python3.8/asyncio/queues.py", line 165, in get
    getter.cancel()  # Just in case getter is not done yet.
  File "uvloop/loop.pyx", line 1281, in uvloop.loop.Loop.call_soon
  File "uvloop/loop.pyx", line 669, in uvloop.loop.Loop._call_soon
  File "uvloop/loop.pyx", line 678, in uvloop.loop.Loop._call_soon_handle
  File "uvloop/loop.pyx", line 673, in uvloop.loop.Loop._append_ready_handle
  File "uvloop/loop.pyx", line 705, in uvloop.loop.Loop._check_closed
RuntimeError: Event loop is closed
