2025-12-16 09:15:28,917 INFO [root] Running ADMPC ...
2025-12-16 09:15:29,467 INFO [root] my_send_id: 23
2025-12-16 09:15:29,499 INFO [root] ADMPC start time: 1765876529.4992187
2025-12-16 09:15:29,499 INFO [root] [Layer 5] Reached run_admpc checkpoint
2025-12-16 09:15:29,499 INFO [beaver.transfer] [3] Starting DynamicTransfer_Foll
2025-12-16 09:15:29,499 INFO [beaver.transfer] [3] Starting ACSS to share 25 secrets
2025-12-16 09:15:29,499 INFO [root] [3] Starting Batch AVSS. Id: 0, Dealer Id: 0, Client Mode: False
2025-12-16 09:15:29,499 INFO [root] [3] AVSS tag: 0-0-5-B-AVSS
2025-12-16 09:15:29,499 INFO [root] [3] RBC tag: 0-0-5-B-RBC
2025-12-16 09:15:29,499 INFO [root] [3] Starting AVSS with shares_num: 25, dealer_id: 0, client_mode: False
2025-12-16 09:15:29,500 INFO [root] rbc_list: [16, 20, 21, 22, 23]
2025-12-16 09:15:29,500 INFO [root] committee_size: 4
2025-12-16 09:15:29,500 INFO [root] n: 5
2025-12-16 09:15:29,500 INFO [root] f: 1
2025-12-16 09:15:29,500 INFO [root] pid: 4
2025-12-16 09:15:29,500 INFO [root] leader: 0
2025-12-16 09:15:29,500 INFO [root] [3] Starting Batch AVSS. Id: 0, Dealer Id: 1, Client Mode: False
2025-12-16 09:15:29,500 INFO [root] [3] AVSS tag: 1-0-5-B-AVSS
2025-12-16 09:15:29,500 INFO [root] [3] RBC tag: 1-0-5-B-RBC
2025-12-16 09:15:29,500 INFO [root] [3] Starting AVSS with shares_num: 25, dealer_id: 1, client_mode: False
2025-12-16 09:15:29,500 INFO [root] rbc_list: [17, 20, 21, 22, 23]
2025-12-16 09:15:29,500 INFO [root] committee_size: 4
2025-12-16 09:15:29,500 INFO [root] n: 5
2025-12-16 09:15:29,500 INFO [root] f: 1
2025-12-16 09:15:29,500 INFO [root] pid: 4
2025-12-16 09:15:29,500 INFO [root] leader: 1
2025-12-16 09:15:29,500 INFO [root] [3] Starting Batch AVSS. Id: 0, Dealer Id: 2, Client Mode: False
2025-12-16 09:15:29,500 INFO [root] [3] AVSS tag: 2-0-5-B-AVSS
2025-12-16 09:15:29,500 INFO [root] [3] RBC tag: 2-0-5-B-RBC
2025-12-16 09:15:29,500 INFO [root] [3] Starting AVSS with shares_num: 25, dealer_id: 2, client_mode: False
2025-12-16 09:15:29,500 INFO [root] rbc_list: [18, 20, 21, 22, 23]
2025-12-16 09:15:29,500 INFO [root] committee_size: 4
2025-12-16 09:15:29,500 INFO [root] n: 5
2025-12-16 09:15:29,500 INFO [root] f: 1
2025-12-16 09:15:29,500 INFO [root] pid: 4
2025-12-16 09:15:29,500 INFO [root] leader: 2
2025-12-16 09:15:29,500 INFO [root] [3] Starting Batch AVSS. Id: 0, Dealer Id: 3, Client Mode: False
2025-12-16 09:15:29,500 INFO [root] [3] AVSS tag: 3-0-5-B-AVSS
2025-12-16 09:15:29,500 INFO [root] [3] RBC tag: 3-0-5-B-RBC
2025-12-16 09:15:29,500 INFO [root] [3] Starting AVSS with shares_num: 25, dealer_id: 3, client_mode: False
2025-12-16 09:15:29,500 INFO [root] rbc_list: [19, 20, 21, 22, 23]
2025-12-16 09:15:29,500 INFO [root] committee_size: 4
2025-12-16 09:15:29,500 INFO [root] n: 5
2025-12-16 09:15:29,500 INFO [root] f: 1
2025-12-16 09:15:29,500 INFO [root] pid: 4
2025-12-16 09:15:29,500 INFO [root] leader: 3
2025-12-16 09:15:35,190 INFO [root] [4] Received VAL message from 18
2025-12-16 09:15:35,191 INFO [root] entering n == commitee_size + 1
2025-12-16 09:15:35,191 INFO [root] [4] sender: 18, leader: 2
2025-12-16 09:15:35,191 INFO [root] [4] Successfully validated VAL message
2025-12-16 09:15:35,191 INFO [root] [4] Broadcasted ECHO message for roothash b'\x94\x98x8\x11T\xc8\n\x92\xb2Ma\x9bL\x1d\xaf\xde\x0f\xa2\xc3\xa0g\xb7<Gyz\xb9\xd5\xffX\xd5'
2025-12-16 09:15:35,192 INFO [root] broadcast Sending to 1: 20
2025-12-16 09:15:35,192 INFO [root] broadcast Sending to 2: 21
2025-12-16 09:15:35,192 INFO [root] broadcast Sending to 3: 22
2025-12-16 09:15:35,192 INFO [root] broadcast Sending to 4: 23
2025-12-16 09:15:35,192 INFO [root] [4] Received VAL message from 19
2025-12-16 09:15:35,192 INFO [root] entering n == commitee_size + 1
2025-12-16 09:15:35,192 INFO [root] [4] sender: 19, leader: 3
2025-12-16 09:15:35,192 INFO [root] [4] Successfully validated VAL message
2025-12-16 09:15:35,192 INFO [root] [4] Broadcasted ECHO message for roothash b'\xcb\xb6\xd3\x90\xd2\xa4\xeb\x15g\x10\xdf\xbd"\xbc\xfa\xe8\xf3\x87\xcbl\x00\xcf\xaf\x98\xcf\xc2\r!\xb4*pM'
2025-12-16 09:15:35,192 INFO [root] broadcast Sending to 1: 20
2025-12-16 09:15:35,192 INFO [root] broadcast Sending to 2: 21
2025-12-16 09:15:35,192 INFO [root] broadcast Sending to 3: 22
2025-12-16 09:15:35,192 INFO [root] broadcast Sending to 4: 23
2025-12-16 09:15:35,193 INFO [root] [4] Received ECHO message from 23
2025-12-16 09:15:35,193 INFO [root] [4] Received ECHO message from 23
2025-12-16 09:15:35,193 INFO [root] [4] Received ECHO message from 20
2025-12-16 09:15:35,193 INFO [root] [4] Received ECHO message from 21
2025-12-16 09:15:35,193 INFO [root] [4] Broadcasted READY message for roothash b'\x94\x98x8\x11T\xc8\n\x92\xb2Ma\x9bL\x1d\xaf\xde\x0f\xa2\xc3\xa0g\xb7<Gyz\xb9\xd5\xffX\xd5'
2025-12-16 09:15:35,193 INFO [root] broadcast Sending to 1: 20
2025-12-16 09:15:35,193 INFO [root] broadcast Sending to 2: 21
2025-12-16 09:15:35,193 INFO [root] broadcast Sending to 3: 22
2025-12-16 09:15:35,193 INFO [root] broadcast Sending to 4: 23
2025-12-16 09:15:35,193 INFO [root] [4] Received ECHO message from 22
2025-12-16 09:15:35,193 INFO [root] [4] Received READY message from 20
2025-12-16 09:15:35,193 INFO [root] [4] Received READY message from 21
2025-12-16 09:15:35,193 INFO [root] [4] Received ECHO message from 20
2025-12-16 09:15:35,193 INFO [root] [4] Received ECHO message from 21
2025-12-16 09:15:35,193 INFO [root] [4] Broadcasted READY message for roothash b'\xcb\xb6\xd3\x90\xd2\xa4\xeb\x15g\x10\xdf\xbd"\xbc\xfa\xe8\xf3\x87\xcbl\x00\xcf\xaf\x98\xcf\xc2\r!\xb4*pM'
2025-12-16 09:15:35,193 INFO [root] broadcast Sending to 1: 20
2025-12-16 09:15:35,193 INFO [root] broadcast Sending to 2: 21
2025-12-16 09:15:35,193 INFO [root] broadcast Sending to 3: 22
2025-12-16 09:15:35,194 INFO [root] broadcast Sending to 4: 23
2025-12-16 09:15:35,194 INFO [root] [4] Received ECHO message from 22
2025-12-16 09:15:35,194 INFO [root] [4] Received READY message from 20
2025-12-16 09:15:35,194 INFO [root] [4] Received READY message from 21
2025-12-16 09:15:35,194 INFO [root] [4] Received READY message from 23
2025-12-16 09:15:35,194 INFO [root] Decoding output for roothash: b'\x94\x98x8\x11T\xc8\n\x92\xb2Ma\x9bL\x1d\xaf\xde\x0f\xa2\xc3\xa0g\xb7<Gyz\xb9\xd5\xffX\xd5'
2025-12-16 09:15:35,194 INFO [root] [3] Received RBC message
2025-12-16 09:15:35,196 INFO [root] multicast list: [20, 21, 22, 23]
2025-12-16 09:15:35,196 INFO [root] before avid.retrieve
2025-12-16 09:15:35,196 INFO [root] [4] Received READY message from 23
2025-12-16 09:15:35,196 INFO [root] Decoding output for roothash: b'\xcb\xb6\xd3\x90\xd2\xa4\xeb\x15g\x10\xdf\xbd"\xbc\xfa\xe8\xf3\x87\xcbl\x00\xcf\xaf\x98\xcf\xc2\r!\xb4*pM'
2025-12-16 09:15:35,196 INFO [root] [3] Received RBC message
2025-12-16 09:15:35,196 INFO [root] multicast list: [20, 21, 22, 23]
2025-12-16 09:15:35,197 INFO [root] before avid.retrieve
2025-12-16 09:15:35,197 INFO [root] [4] Received VAL message from 16
2025-12-16 09:15:35,197 INFO [root] entering n == commitee_size + 1
2025-12-16 09:15:35,197 INFO [root] [4] sender: 16, leader: 0
2025-12-16 09:15:35,197 INFO [root] [4] Successfully validated VAL message
2025-12-16 09:15:35,197 INFO [root] [4] Broadcasted ECHO message for roothash b'\x99\xbd\x0eg\x0f\x7f`q\xad\xf7\xdb\xa6\x97\xe9q\xc6\xd8\x11Z\xaf[\xd3\x88\xf8b\xdf@O\xd02\xb7C'
2025-12-16 09:15:35,197 INFO [root] broadcast Sending to 1: 20
2025-12-16 09:15:35,197 INFO [root] broadcast Sending to 2: 21
2025-12-16 09:15:35,197 INFO [root] broadcast Sending to 3: 22
2025-12-16 09:15:35,197 INFO [root] broadcast Sending to 4: 23
2025-12-16 09:15:35,197 INFO [root] [4] Received ECHO message from 22
2025-12-16 09:15:35,197 INFO [root] [4] Received ECHO message from 23
2025-12-16 09:15:35,198 INFO [root] [4] Received READY message from 22
2025-12-16 09:15:35,198 INFO [root] [4] Received ECHO message from 21
2025-12-16 09:15:35,198 INFO [root] [4] Broadcasted READY message for roothash b'\x99\xbd\x0eg\x0f\x7f`q\xad\xf7\xdb\xa6\x97\xe9q\xc6\xd8\x11Z\xaf[\xd3\x88\xf8b\xdf@O\xd02\xb7C'
2025-12-16 09:15:35,198 INFO [root] broadcast Sending to 1: 20
2025-12-16 09:15:35,198 INFO [root] broadcast Sending to 2: 21
2025-12-16 09:15:35,198 INFO [root] broadcast Sending to 3: 22
2025-12-16 09:15:35,198 INFO [root] broadcast Sending to 4: 23
2025-12-16 09:15:35,198 INFO [root] [4] Received READY message from 23
2025-12-16 09:15:35,201 INFO [root] [4] Received READY message from 21
2025-12-16 09:15:35,201 INFO [root] Decoding output for roothash: b'\x99\xbd\x0eg\x0f\x7f`q\xad\xf7\xdb\xa6\x97\xe9q\xc6\xd8\x11Z\xaf[\xd3\x88\xf8b\xdf@O\xd02\xb7C'
2025-12-16 09:15:35,201 INFO [root] [3] Received RBC message
2025-12-16 09:15:35,201 INFO [root] multicast list: [20, 21, 22, 23]
2025-12-16 09:15:35,201 INFO [root] before avid.retrieve
2025-12-16 09:15:35,203 INFO [root] [4] Received VAL message from 17
2025-12-16 09:15:35,203 INFO [root] entering n == commitee_size + 1
2025-12-16 09:15:35,203 INFO [root] [4] sender: 17, leader: 1
2025-12-16 09:15:35,203 INFO [root] [4] Successfully validated VAL message
2025-12-16 09:15:35,203 INFO [root] [4] Broadcasted ECHO message for roothash b'\xa3\xd7\x8fd\x8c~b]\x909\x7f\xab>/\n\x97\x01\x16\x0f\x01\xbe\xdc\x93\x1eC\xb6Y\\\xf0\x07\xcai'
2025-12-16 09:15:35,203 INFO [root] broadcast Sending to 1: 20
2025-12-16 09:15:35,203 INFO [root] broadcast Sending to 2: 21
2025-12-16 09:15:35,203 INFO [root] broadcast Sending to 3: 22
2025-12-16 09:15:35,203 INFO [root] broadcast Sending to 4: 23
2025-12-16 09:15:35,204 INFO [root] [4] Received ECHO message from 23
2025-12-16 09:15:35,204 INFO [root] [4] Received ECHO message from 20
2025-12-16 09:15:35,205 INFO [root] [4] Received ECHO message from 22
2025-12-16 09:15:35,205 INFO [root] [4] Broadcasted READY message for roothash b'\xa3\xd7\x8fd\x8c~b]\x909\x7f\xab>/\n\x97\x01\x16\x0f\x01\xbe\xdc\x93\x1eC\xb6Y\\\xf0\x07\xcai'
2025-12-16 09:15:35,205 INFO [root] broadcast Sending to 1: 20
2025-12-16 09:15:35,205 INFO [root] broadcast Sending to 2: 21
2025-12-16 09:15:35,205 INFO [root] broadcast Sending to 3: 22
2025-12-16 09:15:35,205 INFO [root] broadcast Sending to 4: 23
2025-12-16 09:15:35,205 INFO [root] [4] Received READY message from 23
2025-12-16 09:15:35,206 INFO [root] [4] Received ECHO message from 21
2025-12-16 09:15:35,206 INFO [root] [4] Received READY message from 21
2025-12-16 09:15:35,206 INFO [root] [4] Received READY message from 22
2025-12-16 09:15:35,206 INFO [root] Decoding output for roothash: b'\xa3\xd7\x8fd\x8c~b]\x909\x7f\xab>/\n\x97\x01\x16\x0f\x01\xbe\xdc\x93\x1eC\xb6Y\\\xf0\x07\xcai'
2025-12-16 09:15:35,206 INFO [root] [3] Received RBC message
2025-12-16 09:15:35,206 INFO [root] multicast list: [20, 21, 22, 23]
2025-12-16 09:15:35,206 INFO [root] before avid.retrieve
2025-12-16 09:15:35,509 INFO [root] AVID broadcast to 1: 20
2025-12-16 09:15:35,509 INFO [root] AVID broadcast to 2: 21
2025-12-16 09:15:35,509 INFO [root] AVID broadcast to 3: 22
2025-12-16 09:15:35,509 INFO [root] AVID broadcast to 4: 23
2025-12-16 09:15:35,510 INFO [root] AVID broadcast to 1: 20
2025-12-16 09:15:35,511 INFO [root] AVID broadcast to 2: 21
2025-12-16 09:15:35,512 INFO [root] AVID broadcast to 3: 22
2025-12-16 09:15:35,512 INFO [root] AVID broadcast to 4: 23
2025-12-16 09:15:35,512 INFO [root] 2-0-5-B-AVSS 3 RETRIEVE called.
2025-12-16 09:15:35,512 INFO [root] AVID broadcast to 1: 20
2025-12-16 09:15:35,512 INFO [root] AVID broadcast to 2: 21
2025-12-16 09:15:35,512 INFO [root] AVID broadcast to 3: 22
2025-12-16 09:15:35,512 INFO [root] AVID broadcast to 4: 23
2025-12-16 09:15:35,512 INFO [root] 2-0-5-B-AVSS 3 RETRIEVE broadcasted.
2025-12-16 09:15:35,512 INFO [root] disperse msid: 2-0-5-B-AVSS, index: 0
2025-12-16 09:15:35,512 INFO [root] AVID retrieve called with sid: 2-0-5-B-AVID, index: 0
2025-12-16 09:15:35,512 INFO [root] disperse msid: 2-0-5-B-AVSS, index: 1
2025-12-16 09:15:35,512 INFO [root] AVID retrieve called with sid: 2-0-5-B-AVID, index: 1
2025-12-16 09:15:35,512 INFO [root] disperse msid: 2-0-5-B-AVSS, index: 3
2025-12-16 09:15:35,512 INFO [root] AVID retrieve called with sid: 2-0-5-B-AVID, index: 3
2025-12-16 09:15:35,512 INFO [root] 2-0-5-B-AVSS 3 AVID retrieve msg from 23
2025-12-16 09:15:35,512 INFO [root] AVID retrieve response received
2025-12-16 09:15:35,512 INFO [root] retrieve msid: 2-0-5-B-AVID, response_index: 3
2025-12-16 09:15:35,512 INFO [root] RESPONSE from 23
2025-12-16 09:15:35,512 INFO [root] sender self.committee_size: 3
2025-12-16 09:15:35,514 INFO [root] disperse msid: 2-0-5-B-AVSS, index: 2
2025-12-16 09:15:35,514 INFO [root] AVID retrieve called with sid: 2-0-5-B-AVID, index: 2
2025-12-16 09:15:35,514 INFO [root] 2-0-5-B-AVSS 3 AVID retrieve msg from 20
2025-12-16 09:15:35,514 INFO [root] AVID retrieve response received
2025-12-16 09:15:35,514 INFO [root] retrieve msid: 2-0-5-B-AVID, response_index: 3
2025-12-16 09:15:35,514 INFO [root] RESPONSE from 20
2025-12-16 09:15:35,514 INFO [root] sender self.committee_size: 0
2025-12-16 09:15:35,514 INFO [root] 2-0-5-B-AVSS 3 RETRIEVE complete.
2025-12-16 09:15:35,514 INFO [root] after avid.retrieve dispersal_msg
2025-12-16 09:15:35,514 INFO [root] Handling dealer messages for dealer_id: 2, tag: 2-0-5-B-AVSS
2025-12-16 09:15:35,539 INFO [root] shares verified successfully
2025-12-16 09:15:35,539 INFO [root] all_shares_valid: True
2025-12-16 09:15:35,539 INFO [root] after _handle_dealer_msgs, all_shares_valid
2025-12-16 09:15:35,539 INFO [root] self.tagvars[tag]['all_shares_valid']: True
2025-12-16 09:15:35,539 INFO [root] multicast to 20
2025-12-16 09:15:35,539 INFO [root] multicast to 21
2025-12-16 09:15:35,540 INFO [root] multicast to 22
2025-12-16 09:15:35,540 INFO [root] multicast to 23
2025-12-16 09:15:35,541 INFO [root] [3] Received OK from [23]
2025-12-16 09:15:35,542 INFO [root] [3] OK set: {23}
2025-12-16 09:15:35,542 INFO [root] output: True
2025-12-16 09:15:35,542 INFO [root] AVID broadcast to 1: 20
2025-12-16 09:15:35,542 INFO [root] AVID broadcast to 2: 21
2025-12-16 09:15:35,542 INFO [root] AVID broadcast to 3: 22
2025-12-16 09:15:35,542 INFO [root] AVID broadcast to 4: 23
2025-12-16 09:15:35,542 INFO [root] AVID broadcast to 1: 20
2025-12-16 09:15:35,542 INFO [root] AVID broadcast to 2: 21
2025-12-16 09:15:35,542 INFO [root] AVID broadcast to 3: 22
2025-12-16 09:15:35,542 INFO [root] AVID broadcast to 4: 23
2025-12-16 09:15:35,544 INFO [root] [3] Received OK from [21]
2025-12-16 09:15:35,545 INFO [root] [3] OK set: {21, 23}
2025-12-16 09:15:35,545 INFO [root] output: True
2025-12-16 09:15:35,545 INFO [root] [3] Received OK from [20]
2025-12-16 09:15:35,545 INFO [root] [3] OK set: {20, 21, 23}
2025-12-16 09:15:35,545 INFO [root] output: True
2025-12-16 09:15:35,547 INFO [root] AVID broadcast to 1: 20
2025-12-16 09:15:35,547 INFO [root] AVID broadcast to 2: 21
2025-12-16 09:15:35,547 INFO [root] AVID broadcast to 3: 22
2025-12-16 09:15:35,547 INFO [root] AVID broadcast to 4: 23
2025-12-16 09:15:35,547 INFO [root] AVID broadcast to 1: 20
2025-12-16 09:15:35,547 INFO [root] AVID broadcast to 2: 21
2025-12-16 09:15:35,547 INFO [root] AVID broadcast to 3: 22
2025-12-16 09:15:35,547 INFO [root] AVID broadcast to 4: 23
2025-12-16 09:15:35,549 INFO [root] disperse msid: 0-0-5-B-AVSS, index: 0
2025-12-16 09:15:35,549 INFO [root] AVID retrieve called with sid: 0-0-5-B-AVID, index: 0
2025-12-16 09:15:35,549 INFO [root] disperse msid: 1-0-5-B-AVSS, index: 0
2025-12-16 09:15:35,549 INFO [root] AVID retrieve called with sid: 1-0-5-B-AVID, index: 0
2025-12-16 09:15:35,549 INFO [root] 0-0-5-B-AVSS 3 RETRIEVE called.
2025-12-16 09:15:35,549 INFO [root] AVID broadcast to 1: 20
2025-12-16 09:15:35,549 INFO [root] AVID broadcast to 2: 21
2025-12-16 09:15:35,549 INFO [root] AVID broadcast to 3: 22
2025-12-16 09:15:35,549 INFO [root] AVID broadcast to 4: 23
2025-12-16 09:15:35,549 INFO [root] 0-0-5-B-AVSS 3 RETRIEVE broadcasted.
2025-12-16 09:15:35,550 INFO [root] 1-0-5-B-AVSS 3 RETRIEVE called.
2025-12-16 09:15:35,550 INFO [root] AVID broadcast to 1: 20
2025-12-16 09:15:35,550 INFO [root] AVID broadcast to 2: 21
2025-12-16 09:15:35,550 INFO [root] AVID broadcast to 3: 22
2025-12-16 09:15:35,550 INFO [root] AVID broadcast to 4: 23
2025-12-16 09:15:35,550 INFO [root] 1-0-5-B-AVSS 3 RETRIEVE broadcasted.
2025-12-16 09:15:35,550 INFO [root] disperse msid: 0-0-5-B-AVSS, index: 3
2025-12-16 09:15:35,550 INFO [root] AVID retrieve called with sid: 0-0-5-B-AVID, index: 3
2025-12-16 09:15:35,550 INFO [root] disperse msid: 1-0-5-B-AVSS, index: 3
2025-12-16 09:15:35,550 INFO [root] AVID retrieve called with sid: 1-0-5-B-AVID, index: 3
2025-12-16 09:15:35,550 INFO [root] 0-0-5-B-AVSS 3 AVID retrieve msg from 23
2025-12-16 09:15:35,550 INFO [root] AVID retrieve response received
2025-12-16 09:15:35,550 INFO [root] retrieve msid: 0-0-5-B-AVID, response_index: 3
2025-12-16 09:15:35,550 INFO [root] RESPONSE from 23
2025-12-16 09:15:35,550 INFO [root] sender self.committee_size: 3
2025-12-16 09:15:35,550 INFO [root] 1-0-5-B-AVSS 3 AVID retrieve msg from 23
2025-12-16 09:15:35,550 INFO [root] AVID retrieve response received
2025-12-16 09:15:35,550 INFO [root] retrieve msid: 1-0-5-B-AVID, response_index: 3
2025-12-16 09:15:35,550 INFO [root] RESPONSE from 23
2025-12-16 09:15:35,550 INFO [root] sender self.committee_size: 3
2025-12-16 09:15:35,556 INFO [root] AVID broadcast to 1: 20
2025-12-16 09:15:35,556 INFO [root] AVID broadcast to 2: 21
2025-12-16 09:15:35,556 INFO [root] AVID broadcast to 3: 22
2025-12-16 09:15:35,556 INFO [root] AVID broadcast to 4: 23
2025-12-16 09:15:35,556 INFO [root] disperse msid: 0-0-5-B-AVSS, index: 1
2025-12-16 09:15:35,556 INFO [root] AVID retrieve called with sid: 0-0-5-B-AVID, index: 1
2025-12-16 09:15:35,556 INFO [root] disperse msid: 1-0-5-B-AVSS, index: 1
2025-12-16 09:15:35,556 INFO [root] AVID retrieve called with sid: 1-0-5-B-AVID, index: 1
2025-12-16 09:15:35,557 INFO [root] AVID broadcast to 1: 20
2025-12-16 09:15:35,557 INFO [root] AVID broadcast to 2: 21
2025-12-16 09:15:35,557 INFO [root] AVID broadcast to 3: 22
2025-12-16 09:15:35,557 INFO [root] AVID broadcast to 4: 23
2025-12-16 09:15:35,557 INFO [root] 0-0-5-B-AVSS 3 AVID retrieve msg from 21
2025-12-16 09:15:35,557 INFO [root] AVID retrieve response received
2025-12-16 09:15:35,557 INFO [root] retrieve msid: 0-0-5-B-AVID, response_index: 3
2025-12-16 09:15:35,559 INFO [root] RESPONSE from 21
2025-12-16 09:15:35,559 INFO [root] sender self.committee_size: 1
2025-12-16 09:15:35,559 INFO [root] 0-0-5-B-AVSS 3 RETRIEVE complete.
2025-12-16 09:15:35,559 INFO [root] after avid.retrieve dispersal_msg
2025-12-16 09:15:35,559 INFO [root] Handling dealer messages for dealer_id: 0, tag: 0-0-5-B-AVSS
2025-12-16 09:15:35,589 INFO [root] shares verified successfully
2025-12-16 09:15:35,589 INFO [root] all_shares_valid: True
2025-12-16 09:15:35,589 INFO [root] after _handle_dealer_msgs, all_shares_valid
2025-12-16 09:15:35,589 INFO [root] self.tagvars[tag]['all_shares_valid']: True
2025-12-16 09:15:35,589 INFO [root] multicast to 20
2025-12-16 09:15:35,590 INFO [root] multicast to 21
2025-12-16 09:15:35,590 INFO [root] multicast to 22
2025-12-16 09:15:35,590 INFO [root] multicast to 23
2025-12-16 09:15:35,590 INFO [root] 1-0-5-B-AVSS 3 AVID retrieve msg from 21
2025-12-16 09:15:35,590 INFO [root] AVID retrieve response received
2025-12-16 09:15:35,590 INFO [root] retrieve msid: 1-0-5-B-AVID, response_index: 3
2025-12-16 09:15:35,590 INFO [root] RESPONSE from 21
2025-12-16 09:15:35,590 INFO [root] sender self.committee_size: 1
2025-12-16 09:15:35,591 INFO [root] 1-0-5-B-AVSS 3 RETRIEVE complete.
2025-12-16 09:15:35,591 INFO [root] after avid.retrieve dispersal_msg
2025-12-16 09:15:35,591 INFO [root] Handling dealer messages for dealer_id: 1, tag: 1-0-5-B-AVSS
2025-12-16 09:15:35,616 INFO [root] shares verified successfully
2025-12-16 09:15:35,616 INFO [root] all_shares_valid: True
2025-12-16 09:15:35,616 INFO [root] after _handle_dealer_msgs, all_shares_valid
2025-12-16 09:15:35,616 INFO [root] self.tagvars[tag]['all_shares_valid']: True
2025-12-16 09:15:35,616 INFO [root] multicast to 20
2025-12-16 09:15:35,616 INFO [root] multicast to 21
2025-12-16 09:15:35,616 INFO [root] multicast to 22
2025-12-16 09:15:35,616 INFO [root] multicast to 23
2025-12-16 09:15:35,617 INFO [root] key_proposal: [2, 0, 1]
2025-12-16 09:15:35,617 INFO [beaver.transfer] [3] [random shares] Starting ACS where node 1 is set as leader 
2025-12-16 09:15:35,617 INFO [beaver.transfer] [3] [random shares] The proposal of node 3 is [2, 0, 1]
2025-12-16 09:15:35,618 INFO [root] enter handle_message
2025-12-16 09:15:35,618 INFO [root] [3] Received OK from [23]
2025-12-16 09:15:35,618 INFO [root] [3] OK set: {23}
2025-12-16 09:15:35,618 INFO [root] output: True
2025-12-16 09:15:35,618 INFO [root] [3] Received OK from [23]
2025-12-16 09:15:35,618 INFO [root] [3] OK set: {23}
2025-12-16 09:15:35,618 INFO [root] output: True
2025-12-16 09:15:35,618 INFO [root] [3] Received OK from [22]
2025-12-16 09:15:35,618 INFO [root] [3] OK set: {20, 21, 22, 23}
2025-12-16 09:15:35,618 INFO [root] output: True
2025-12-16 09:15:35,619 INFO [root] [3] exit
2025-12-16 09:15:35,619 INFO [root] disperse msid: 0-0-5-B-AVSS, index: 2
2025-12-16 09:15:35,619 INFO [root] AVID retrieve called with sid: 0-0-5-B-AVID, index: 2
2025-12-16 09:15:35,619 INFO [root] [3] Received OK from [21]
2025-12-16 09:15:35,619 INFO [root] [3] OK set: {21, 23}
2025-12-16 09:15:35,619 INFO [root] output: True
2025-12-16 09:15:35,619 INFO [root] [3] Received OK from [20]
2025-12-16 09:15:35,619 INFO [root] [3] OK set: {20, 21, 23}
2025-12-16 09:15:35,619 INFO [root] output: True
2025-12-16 09:15:35,619 INFO [root] [3] Received OK from [21]
2025-12-16 09:15:35,619 INFO [root] [3] OK set: {21, 23}
2025-12-16 09:15:35,619 INFO [root] output: True
2025-12-16 09:15:35,619 INFO [root] disperse msid: 1-0-5-B-AVSS, index: 2
2025-12-16 09:15:35,620 INFO [root] AVID retrieve called with sid: 1-0-5-B-AVID, index: 2
2025-12-16 09:15:35,620 INFO [root] [3] otmvba msg value
2025-12-16 09:15:35,620 INFO [root] [3] otmvba handle value message
2025-12-16 09:15:35,620 INFO [root] [3] value-self.acss_outputs.keys():dict_keys([2, 0, 1])
2025-12-16 09:15:35,621 INFO [root] [3] --Directly send the proposal!--
2025-12-16 09:15:35,621 INFO [root] 3-0-5-B-AVSS 3 RETRIEVE called.
2025-12-16 09:15:35,621 INFO [root] AVID broadcast to 1: 20
2025-12-16 09:15:35,621 INFO [root] AVID broadcast to 2: 21
2025-12-16 09:15:35,621 INFO [root] AVID broadcast to 3: 22
2025-12-16 09:15:35,621 INFO [root] AVID broadcast to 4: 23
2025-12-16 09:15:35,621 INFO [root] 3-0-5-B-AVSS 3 RETRIEVE broadcasted.
2025-12-16 09:15:35,621 INFO [root] disperse msid: 3-0-5-B-AVSS, index: 3
2025-12-16 09:15:35,621 INFO [root] AVID retrieve called with sid: 3-0-5-B-AVID, index: 3
2025-12-16 09:15:35,621 INFO [root] 3-0-5-B-AVSS 3 AVID retrieve msg from 23
2025-12-16 09:15:35,621 INFO [root] AVID retrieve response received
2025-12-16 09:15:35,621 INFO [root] retrieve msid: 3-0-5-B-AVID, response_index: 3
2025-12-16 09:15:35,621 INFO [root] RESPONSE from 23
2025-12-16 09:15:35,621 INFO [root] sender self.committee_size: 3
2025-12-16 09:15:35,623 INFO [root] disperse msid: 3-0-5-B-AVSS, index: 1
2025-12-16 09:15:35,623 INFO [root] AVID retrieve called with sid: 3-0-5-B-AVID, index: 1
2025-12-16 09:15:35,623 INFO [root] [3] Received OK from [20]
2025-12-16 09:15:35,623 INFO [root] [3] OK set: {20, 21, 23}
2025-12-16 09:15:35,624 INFO [root] output: True
2025-12-16 09:15:35,624 INFO [root] disperse msid: 3-0-5-B-AVSS, index: 0
2025-12-16 09:15:35,624 INFO [root] AVID retrieve called with sid: 3-0-5-B-AVID, index: 0
2025-12-16 09:15:35,625 INFO [root] 3-0-5-B-AVSS 3 AVID retrieve msg from 20
2025-12-16 09:15:35,625 INFO [root] AVID retrieve response received
2025-12-16 09:15:35,625 INFO [root] retrieve msid: 3-0-5-B-AVID, response_index: 3
2025-12-16 09:15:35,625 INFO [root] RESPONSE from 20
2025-12-16 09:15:35,625 INFO [root] sender self.committee_size: 0
2025-12-16 09:15:35,625 INFO [root] 3-0-5-B-AVSS 3 RETRIEVE complete.
2025-12-16 09:15:35,625 INFO [root] after avid.retrieve dispersal_msg
2025-12-16 09:15:35,625 INFO [root] Handling dealer messages for dealer_id: 3, tag: 3-0-5-B-AVSS
2025-12-16 09:15:35,639 INFO [root] shares verified successfully
2025-12-16 09:15:35,639 INFO [root] all_shares_valid: True
2025-12-16 09:15:35,639 INFO [root] after _handle_dealer_msgs, all_shares_valid
2025-12-16 09:15:35,639 INFO [root] self.tagvars[tag]['all_shares_valid']: True
2025-12-16 09:15:35,639 INFO [root] multicast to 20
2025-12-16 09:15:35,639 INFO [root] multicast to 21
2025-12-16 09:15:35,639 INFO [root] multicast to 22
2025-12-16 09:15:35,639 INFO [root] multicast to 23
2025-12-16 09:15:35,639 INFO [root] [3] Received OK from [23]
2025-12-16 09:15:35,639 INFO [root] [3] OK set: {23}
2025-12-16 09:15:35,639 INFO [root] output: True
2025-12-16 09:15:35,644 INFO [root] [3] Received OK from [20]
2025-12-16 09:15:35,644 INFO [root] [3] OK set: {20, 23}
2025-12-16 09:15:35,644 INFO [root] output: True
2025-12-16 09:15:35,654 INFO [root] disperse msid: 3-0-5-B-AVSS, index: 2
2025-12-16 09:15:35,654 INFO [root] AVID retrieve called with sid: 3-0-5-B-AVID, index: 2
2025-12-16 09:15:35,654 INFO [root] [3] Received OK from [22]
2025-12-16 09:15:35,654 INFO [root] [3] OK set: {20, 21, 22, 23}
2025-12-16 09:15:35,654 INFO [root] output: True
2025-12-16 09:15:35,654 INFO [root] [3] exit
2025-12-16 09:15:35,654 INFO [root] [3] Received OK from [22]
2025-12-16 09:15:35,654 INFO [root] [3] OK set: {20, 21, 22, 23}
2025-12-16 09:15:35,654 INFO [root] output: True
2025-12-16 09:15:35,654 INFO [root] [3] exit
2025-12-16 09:15:35,659 INFO [root] [3] otmvba msg PrevoteQC
2025-12-16 09:15:35,659 INFO [root] [3] otmvba handle prevote qc message
2025-12-16 09:15:35,665 INFO [root] [3] Received OK from [21]
2025-12-16 09:15:35,665 INFO [root] [3] OK set: {20, 21, 23}
2025-12-16 09:15:35,665 INFO [root] output: True
2025-12-16 09:15:35,674 INFO [root] [3] Received OK from [22]
2025-12-16 09:15:35,674 INFO [root] [3] OK set: {20, 21, 22, 23}
2025-12-16 09:15:35,674 INFO [root] output: True
2025-12-16 09:15:35,674 INFO [root] [3] exit
2025-12-16 09:15:35,693 INFO [root] [3] otmvba msg VoteQC
2025-12-16 09:15:35,694 INFO [root] [3] otmvba handle vote qc message
2025-12-16 09:15:35,699 INFO [root] [3] otmvba Broadcasting to 20
2025-12-16 09:15:35,699 INFO [root] [3] otmvba Broadcasting to 21
2025-12-16 09:15:35,699 INFO [root] [3] otmvba Broadcasting to 22
2025-12-16 09:15:35,699 INFO [root] [3] otmvba Broadcasting to 23
2025-12-16 09:15:35,699 INFO [root] [3] otmvba msg Terminate
2025-12-16 09:15:35,699 INFO [root] [3] otmvba handle terminate message
2025-12-16 09:15:35,705 INFO [root] [3] otmvba Broadcasting to 20
2025-12-16 09:15:35,705 INFO [root] [3] otmvba Broadcasting to 21
2025-12-16 09:15:35,705 INFO [root] [3] otmvba Broadcasting to 22
2025-12-16 09:15:35,705 INFO [root] [3] otmvba Broadcasting to 23
2025-12-16 09:15:35,705 INFO [beaver.transfer] [3] [random shares] The ACS set is [0, 1, 2]
2025-12-16 09:15:35,705 INFO [root] common: [0, 1, 2]
2025-12-16 09:15:35,740 INFO [beaver.transfer] [3] [asynchronous dynamic transfer] Finished! Node 3, total number: 25, time: 6.240070581436157 (seconds)
2025-12-16 09:15:35,740 INFO [root] layer ID: 5 trans_foll_time: 6.240721940994263
2025-12-16 09:15:35,740 INFO [beaver.batch_multiplication] [3] Starting BatchMultiplication
2025-12-16 09:15:35,740 INFO [beaver.batch_multiplication] [3] Starting ACSS to evaluate 25 multiplication gates
2025-12-16 09:15:35,741 INFO [root] [3] Starting Batch AVSS. Id: 0, Dealer Id: 0, Client Mode: False
2025-12-16 09:15:35,741 INFO [root] [3] AVSS tag: 0-0-5-B-AVSS
2025-12-16 09:15:35,741 INFO [root] [3] RBC tag: 0-0-5-B-RBC
2025-12-16 09:15:35,741 INFO [root] [3] Starting AVSS with shares_num: 25, dealer_id: 0, client_mode: False
2025-12-16 09:15:35,741 INFO [root] rbc_list: [16, 20, 21, 22, 23]
2025-12-16 09:15:35,741 INFO [root] committee_size: 4
2025-12-16 09:15:35,741 INFO [root] n: 5
2025-12-16 09:15:35,741 INFO [root] f: 1
2025-12-16 09:15:35,741 INFO [root] pid: 4
2025-12-16 09:15:35,741 INFO [root] leader: 0
2025-12-16 09:15:35,741 INFO [root] [4] Received VAL message from 16
2025-12-16 09:15:35,741 INFO [root] entering n == commitee_size + 1
2025-12-16 09:15:35,741 INFO [root] [4] sender: 16, leader: 0
2025-12-16 09:15:35,741 INFO [root] [4] Successfully validated VAL message
2025-12-16 09:15:35,741 INFO [root] [4] Broadcasted ECHO message for roothash b'a\x8f\xdd\xbf?\xc3]f\xefmZpI\xfd\xa1\x8c\xc3i\xc5\xb7?\x8c\x0bc\xc3\xec\xe9\xd7\xd4\x9fB-'
2025-12-16 09:15:35,741 INFO [root] broadcast Sending to 1: 20
2025-12-16 09:15:35,741 INFO [root] broadcast Sending to 2: 21
2025-12-16 09:15:35,741 INFO [root] broadcast Sending to 3: 22
2025-12-16 09:15:35,741 INFO [root] broadcast Sending to 4: 23
2025-12-16 09:15:35,741 INFO [root] [3] Starting Batch AVSS. Id: 0, Dealer Id: 1, Client Mode: False
2025-12-16 09:15:35,741 INFO [root] [3] AVSS tag: 1-0-5-B-AVSS
2025-12-16 09:15:35,741 INFO [root] [3] RBC tag: 1-0-5-B-RBC
2025-12-16 09:15:35,741 INFO [root] [3] Starting AVSS with shares_num: 25, dealer_id: 1, client_mode: False
2025-12-16 09:15:35,741 INFO [root] rbc_list: [17, 20, 21, 22, 23]
2025-12-16 09:15:35,741 INFO [root] committee_size: 4
2025-12-16 09:15:35,741 INFO [root] n: 5
2025-12-16 09:15:35,741 INFO [root] f: 1
2025-12-16 09:15:35,741 INFO [root] pid: 4
2025-12-16 09:15:35,741 INFO [root] leader: 1
2025-12-16 09:15:35,741 INFO [root] [4] Received VAL message from 17
2025-12-16 09:15:35,741 INFO [root] entering n == commitee_size + 1
2025-12-16 09:15:35,741 INFO [root] [4] sender: 17, leader: 1
2025-12-16 09:15:35,741 INFO [root] [4] Successfully validated VAL message
2025-12-16 09:15:35,741 INFO [root] [4] Broadcasted ECHO message for roothash b'*\xa3\x83_o\x16\n\xf8\xaa="\x87\xda\xe0\tH\xc3m\xd7}N\xbeYI.@y\x84\xba\x99\x80\x8d'
2025-12-16 09:15:35,741 INFO [root] broadcast Sending to 1: 20
2025-12-16 09:15:35,741 INFO [root] broadcast Sending to 2: 21
2025-12-16 09:15:35,741 INFO [root] broadcast Sending to 3: 22
2025-12-16 09:15:35,741 INFO [root] broadcast Sending to 4: 23
2025-12-16 09:15:35,741 INFO [root] [3] Starting Batch AVSS. Id: 0, Dealer Id: 2, Client Mode: False
2025-12-16 09:15:35,741 INFO [root] [3] AVSS tag: 2-0-5-B-AVSS
2025-12-16 09:15:35,741 INFO [root] [3] RBC tag: 2-0-5-B-RBC
2025-12-16 09:15:35,741 INFO [root] [3] Starting AVSS with shares_num: 25, dealer_id: 2, client_mode: False
2025-12-16 09:15:35,741 INFO [root] rbc_list: [18, 20, 21, 22, 23]
2025-12-16 09:15:35,741 INFO [root] committee_size: 4
2025-12-16 09:15:35,741 INFO [root] n: 5
2025-12-16 09:15:35,741 INFO [root] f: 1
2025-12-16 09:15:35,741 INFO [root] pid: 4
2025-12-16 09:15:35,741 INFO [root] leader: 2
2025-12-16 09:15:35,741 INFO [root] [4] Received VAL message from 18
2025-12-16 09:15:35,741 INFO [root] entering n == commitee_size + 1
2025-12-16 09:15:35,741 INFO [root] [4] sender: 18, leader: 2
2025-12-16 09:15:35,741 INFO [root] [4] Successfully validated VAL message
2025-12-16 09:15:35,741 INFO [root] [4] Broadcasted ECHO message for roothash b')j\x1e]Z,\xcb\x1f\x8f\xc9\xc5;\xae\xef_\xaa\xcc\xafH\xab\x90;\xc6\xf7;t\x8dT)\x88\xefh'
2025-12-16 09:15:35,741 INFO [root] broadcast Sending to 1: 20
2025-12-16 09:15:35,741 INFO [root] broadcast Sending to 2: 21
2025-12-16 09:15:35,741 INFO [root] broadcast Sending to 3: 22
2025-12-16 09:15:35,741 INFO [root] broadcast Sending to 4: 23
2025-12-16 09:15:35,741 INFO [root] [3] Starting Batch AVSS. Id: 0, Dealer Id: 3, Client Mode: False
2025-12-16 09:15:35,741 INFO [root] [3] AVSS tag: 3-0-5-B-AVSS
2025-12-16 09:15:35,741 INFO [root] [3] RBC tag: 3-0-5-B-RBC
2025-12-16 09:15:35,741 INFO [root] [3] Starting AVSS with shares_num: 25, dealer_id: 3, client_mode: False
2025-12-16 09:15:35,741 INFO [root] rbc_list: [19, 20, 21, 22, 23]
2025-12-16 09:15:35,741 INFO [root] committee_size: 4
2025-12-16 09:15:35,741 INFO [root] n: 5
2025-12-16 09:15:35,741 INFO [root] f: 1
2025-12-16 09:15:35,741 INFO [root] pid: 4
2025-12-16 09:15:35,741 INFO [root] leader: 3
2025-12-16 09:15:35,742 INFO [root] [4] Received VAL message from 19
2025-12-16 09:15:35,742 INFO [root] entering n == commitee_size + 1
2025-12-16 09:15:35,742 INFO [root] [4] sender: 19, leader: 3
2025-12-16 09:15:35,742 INFO [root] [4] Successfully validated VAL message
2025-12-16 09:15:35,742 INFO [root] [4] Broadcasted ECHO message for roothash b"\xff\x0c]88\xe9F;\x16\x0f\xb5.\xfbNS\xb68\xe4\xa5\\B\x9a\xd6\xccM\xf2'FX\x92\xa4\xe0"
2025-12-16 09:15:35,742 INFO [root] broadcast Sending to 1: 20
2025-12-16 09:15:35,742 INFO [root] broadcast Sending to 2: 21
2025-12-16 09:15:35,742 INFO [root] broadcast Sending to 3: 22
2025-12-16 09:15:35,742 INFO [root] broadcast Sending to 4: 23
2025-12-16 09:15:35,742 INFO [root] [4] Received ECHO message from 20
2025-12-16 09:15:35,742 INFO [root] [4] Received ECHO message from 23
2025-12-16 09:15:35,742 INFO [root] [4] Received ECHO message from 20
2025-12-16 09:15:35,742 INFO [root] [4] Received ECHO message from 23
2025-12-16 09:15:35,742 INFO [root] [4] Received ECHO message from 20
2025-12-16 09:15:35,742 INFO [root] [4] Received ECHO message from 23
2025-12-16 09:15:35,742 INFO [root] [4] Received ECHO message from 20
2025-12-16 09:15:35,742 INFO [root] [4] Received ECHO message from 23
2025-12-16 09:15:35,745 INFO [root] [4] Received ECHO message from 22
2025-12-16 09:15:35,745 INFO [root] [4] Broadcasted READY message for roothash b'a\x8f\xdd\xbf?\xc3]f\xefmZpI\xfd\xa1\x8c\xc3i\xc5\xb7?\x8c\x0bc\xc3\xec\xe9\xd7\xd4\x9fB-'
2025-12-16 09:15:35,746 INFO [root] broadcast Sending to 1: 20
2025-12-16 09:15:35,746 INFO [root] broadcast Sending to 2: 21
2025-12-16 09:15:35,746 INFO [root] broadcast Sending to 3: 22
2025-12-16 09:15:35,746 INFO [root] broadcast Sending to 4: 23
2025-12-16 09:15:35,746 INFO [root] [4] Received ECHO message from 22
2025-12-16 09:15:35,746 INFO [root] [4] Broadcasted READY message for roothash b'*\xa3\x83_o\x16\n\xf8\xaa="\x87\xda\xe0\tH\xc3m\xd7}N\xbeYI.@y\x84\xba\x99\x80\x8d'
2025-12-16 09:15:35,746 INFO [root] broadcast Sending to 1: 20
2025-12-16 09:15:35,746 INFO [root] broadcast Sending to 2: 21
2025-12-16 09:15:35,746 INFO [root] broadcast Sending to 3: 22
2025-12-16 09:15:35,746 INFO [root] broadcast Sending to 4: 23
2025-12-16 09:15:35,746 INFO [root] [4] Received ECHO message from 22
2025-12-16 09:15:35,746 INFO [root] [4] Broadcasted READY message for roothash b')j\x1e]Z,\xcb\x1f\x8f\xc9\xc5;\xae\xef_\xaa\xcc\xafH\xab\x90;\xc6\xf7;t\x8dT)\x88\xefh'
2025-12-16 09:15:35,746 INFO [root] broadcast Sending to 1: 20
2025-12-16 09:15:35,746 INFO [root] broadcast Sending to 2: 21
2025-12-16 09:15:35,746 INFO [root] broadcast Sending to 3: 22
2025-12-16 09:15:35,746 INFO [root] broadcast Sending to 4: 23
2025-12-16 09:15:35,746 INFO [root] [4] Received ECHO message from 22
2025-12-16 09:15:35,746 INFO [root] [4] Broadcasted READY message for roothash b"\xff\x0c]88\xe9F;\x16\x0f\xb5.\xfbNS\xb68\xe4\xa5\\B\x9a\xd6\xccM\xf2'FX\x92\xa4\xe0"
2025-12-16 09:15:35,746 INFO [root] broadcast Sending to 1: 20
2025-12-16 09:15:35,746 INFO [root] broadcast Sending to 2: 21
2025-12-16 09:15:35,746 INFO [root] broadcast Sending to 3: 22
2025-12-16 09:15:35,746 INFO [root] broadcast Sending to 4: 23
2025-12-16 09:15:35,746 INFO [root] [4] Received READY message from 23
2025-12-16 09:15:35,746 INFO [root] [4] Received READY message from 23
2025-12-16 09:15:35,746 INFO [root] [4] Received READY message from 23
2025-12-16 09:15:35,746 INFO [root] [4] Received READY message from 23
2025-12-16 09:15:35,746 INFO [root] [4] Received READY message from 22
2025-12-16 09:15:35,746 INFO [root] [4] Received READY message from 22
2025-12-16 09:15:35,746 INFO [root] [4] Received READY message from 22
2025-12-16 09:15:35,746 INFO [root] [4] Received READY message from 22
2025-12-16 09:15:35,749 INFO [root] [4] Received READY message from 20
2025-12-16 09:15:35,749 INFO [root] Decoding output for roothash: b'a\x8f\xdd\xbf?\xc3]f\xefmZpI\xfd\xa1\x8c\xc3i\xc5\xb7?\x8c\x0bc\xc3\xec\xe9\xd7\xd4\x9fB-'
2025-12-16 09:15:35,750 INFO [root] [3] Received RBC message
2025-12-16 09:15:35,750 INFO [root] multicast list: [20, 21, 22, 23]
2025-12-16 09:15:35,750 INFO [root] before avid.retrieve
2025-12-16 09:15:35,750 INFO [root] [4] Received READY message from 20
2025-12-16 09:15:35,750 INFO [root] Decoding output for roothash: b'*\xa3\x83_o\x16\n\xf8\xaa="\x87\xda\xe0\tH\xc3m\xd7}N\xbeYI.@y\x84\xba\x99\x80\x8d'
2025-12-16 09:15:35,750 INFO [root] [3] Received RBC message
2025-12-16 09:15:35,750 INFO [root] multicast list: [20, 21, 22, 23]
2025-12-16 09:15:35,750 INFO [root] before avid.retrieve
2025-12-16 09:15:35,750 INFO [root] [4] Received READY message from 20
2025-12-16 09:15:35,750 INFO [root] Decoding output for roothash: b')j\x1e]Z,\xcb\x1f\x8f\xc9\xc5;\xae\xef_\xaa\xcc\xafH\xab\x90;\xc6\xf7;t\x8dT)\x88\xefh'
2025-12-16 09:15:35,750 INFO [root] [3] Received RBC message
2025-12-16 09:15:35,750 INFO [root] multicast list: [20, 21, 22, 23]
2025-12-16 09:15:35,750 INFO [root] before avid.retrieve
2025-12-16 09:15:35,750 INFO [root] [4] Received READY message from 20
2025-12-16 09:15:35,750 INFO [root] Decoding output for roothash: b"\xff\x0c]88\xe9F;\x16\x0f\xb5.\xfbNS\xb68\xe4\xa5\\B\x9a\xd6\xccM\xf2'FX\x92\xa4\xe0"
2025-12-16 09:15:35,751 INFO [root] [3] Received RBC message
2025-12-16 09:15:35,751 INFO [root] multicast list: [20, 21, 22, 23]
2025-12-16 09:15:35,751 INFO [root] before avid.retrieve
2025-12-16 09:15:35,751 INFO [root] AVID broadcast to 1: 20
2025-12-16 09:15:35,751 INFO [root] AVID broadcast to 2: 21
2025-12-16 09:15:35,751 INFO [root] AVID broadcast to 3: 22
2025-12-16 09:15:35,751 INFO [root] AVID broadcast to 4: 23
2025-12-16 09:15:35,752 INFO [root] AVID broadcast to 1: 20
2025-12-16 09:15:35,752 INFO [root] AVID broadcast to 2: 21
2025-12-16 09:15:35,752 INFO [root] AVID broadcast to 3: 22
2025-12-16 09:15:35,752 INFO [root] AVID broadcast to 4: 23
2025-12-16 09:15:35,752 INFO [root] AVID broadcast to 1: 20
2025-12-16 09:15:35,752 INFO [root] AVID broadcast to 2: 21
2025-12-16 09:15:35,752 INFO [root] AVID broadcast to 3: 22
2025-12-16 09:15:35,752 INFO [root] AVID broadcast to 4: 23
2025-12-16 09:15:35,753 INFO [root] AVID broadcast to 1: 20
2025-12-16 09:15:35,753 INFO [root] AVID broadcast to 2: 21
2025-12-16 09:15:35,753 INFO [root] AVID broadcast to 3: 22
2025-12-16 09:15:35,753 INFO [root] AVID broadcast to 4: 23
2025-12-16 09:15:35,754 INFO [root] AVID broadcast to 1: 20
2025-12-16 09:15:35,754 INFO [root] AVID broadcast to 2: 21
2025-12-16 09:15:35,754 INFO [root] AVID broadcast to 3: 22
2025-12-16 09:15:35,754 INFO [root] AVID broadcast to 4: 23
2025-12-16 09:15:35,754 INFO [root] AVID broadcast to 1: 20
2025-12-16 09:15:35,754 INFO [root] AVID broadcast to 2: 21
2025-12-16 09:15:35,754 INFO [root] AVID broadcast to 3: 22
2025-12-16 09:15:35,754 INFO [root] AVID broadcast to 4: 23
2025-12-16 09:15:35,754 INFO [root] AVID broadcast to 1: 20
2025-12-16 09:15:35,754 INFO [root] AVID broadcast to 2: 21
2025-12-16 09:15:35,754 INFO [root] AVID broadcast to 3: 22
2025-12-16 09:15:35,754 INFO [root] AVID broadcast to 4: 23
2025-12-16 09:15:35,754 INFO [root] AVID broadcast to 1: 20
2025-12-16 09:15:35,755 INFO [root] AVID broadcast to 2: 21
2025-12-16 09:15:35,755 INFO [root] AVID broadcast to 3: 22
2025-12-16 09:15:35,755 INFO [root] AVID broadcast to 4: 23
2025-12-16 09:15:35,757 INFO [root] 0-0-5-B-AVSS 3 RETRIEVE called.
2025-12-16 09:15:35,757 INFO [root] AVID broadcast to 1: 20
2025-12-16 09:15:35,757 INFO [root] AVID broadcast to 2: 21
2025-12-16 09:15:35,757 INFO [root] AVID broadcast to 3: 22
2025-12-16 09:15:35,757 INFO [root] AVID broadcast to 4: 23
2025-12-16 09:15:35,757 INFO [root] 0-0-5-B-AVSS 3 RETRIEVE broadcasted.
2025-12-16 09:15:35,757 INFO [root] 1-0-5-B-AVSS 3 RETRIEVE called.
2025-12-16 09:15:35,757 INFO [root] AVID broadcast to 1: 20
2025-12-16 09:15:35,757 INFO [root] AVID broadcast to 2: 21
2025-12-16 09:15:35,757 INFO [root] AVID broadcast to 3: 22
2025-12-16 09:15:35,757 INFO [root] AVID broadcast to 4: 23
2025-12-16 09:15:35,757 INFO [root] 1-0-5-B-AVSS 3 RETRIEVE broadcasted.
2025-12-16 09:15:35,757 INFO [root] 2-0-5-B-AVSS 3 RETRIEVE called.
2025-12-16 09:15:35,757 INFO [root] AVID broadcast to 1: 20
2025-12-16 09:15:35,757 INFO [root] AVID broadcast to 2: 21
2025-12-16 09:15:35,757 INFO [root] AVID broadcast to 3: 22
2025-12-16 09:15:35,757 INFO [root] AVID broadcast to 4: 23
2025-12-16 09:15:35,757 INFO [root] 2-0-5-B-AVSS 3 RETRIEVE broadcasted.
2025-12-16 09:15:35,757 INFO [root] 3-0-5-B-AVSS 3 RETRIEVE called.
2025-12-16 09:15:35,757 INFO [root] AVID broadcast to 1: 20
2025-12-16 09:15:35,757 INFO [root] AVID broadcast to 2: 21
2025-12-16 09:15:35,757 INFO [root] AVID broadcast to 3: 22
2025-12-16 09:15:35,757 INFO [root] AVID broadcast to 4: 23
2025-12-16 09:15:35,757 INFO [root] 3-0-5-B-AVSS 3 RETRIEVE broadcasted.
2025-12-16 09:15:35,757 INFO [root] disperse msid: 0-0-5-B-AVSS, index: 3
2025-12-16 09:15:35,757 INFO [root] AVID retrieve called with sid: 0-0-5-B-AVID, index: 3
2025-12-16 09:15:35,757 INFO [root] disperse msid: 1-0-5-B-AVSS, index: 3
2025-12-16 09:15:35,757 INFO [root] AVID retrieve called with sid: 1-0-5-B-AVID, index: 3
2025-12-16 09:15:35,758 INFO [root] disperse msid: 2-0-5-B-AVSS, index: 3
2025-12-16 09:15:35,758 INFO [root] AVID retrieve called with sid: 2-0-5-B-AVID, index: 3
2025-12-16 09:15:35,758 INFO [root] disperse msid: 3-0-5-B-AVSS, index: 3
2025-12-16 09:15:35,758 INFO [root] AVID retrieve called with sid: 3-0-5-B-AVID, index: 3
2025-12-16 09:15:35,758 INFO [root] 0-0-5-B-AVSS 3 AVID retrieve msg from 23
2025-12-16 09:15:35,758 INFO [root] AVID retrieve response received
2025-12-16 09:15:35,758 INFO [root] retrieve msid: 0-0-5-B-AVID, response_index: 3
2025-12-16 09:15:35,758 INFO [root] RESPONSE from 23
2025-12-16 09:15:35,758 INFO [root] sender self.committee_size: 3
2025-12-16 09:15:35,758 INFO [root] 1-0-5-B-AVSS 3 AVID retrieve msg from 23
2025-12-16 09:15:35,758 INFO [root] AVID retrieve response received
2025-12-16 09:15:35,758 INFO [root] retrieve msid: 1-0-5-B-AVID, response_index: 3
2025-12-16 09:15:35,758 INFO [root] RESPONSE from 23
2025-12-16 09:15:35,758 INFO [root] sender self.committee_size: 3
2025-12-16 09:15:35,758 INFO [root] 2-0-5-B-AVSS 3 AVID retrieve msg from 23
2025-12-16 09:15:35,758 INFO [root] AVID retrieve response received
2025-12-16 09:15:35,758 INFO [root] retrieve msid: 2-0-5-B-AVID, response_index: 3
2025-12-16 09:15:35,758 INFO [root] RESPONSE from 23
2025-12-16 09:15:35,758 INFO [root] sender self.committee_size: 3
2025-12-16 09:15:35,758 INFO [root] 3-0-5-B-AVSS 3 AVID retrieve msg from 23
2025-12-16 09:15:35,758 INFO [root] AVID retrieve response received
2025-12-16 09:15:35,758 INFO [root] retrieve msid: 3-0-5-B-AVID, response_index: 3
2025-12-16 09:15:35,758 INFO [root] RESPONSE from 23
2025-12-16 09:15:35,758 INFO [root] sender self.committee_size: 3
2025-12-16 09:15:35,758 INFO [root] disperse msid: 0-0-5-B-AVSS, index: 2
2025-12-16 09:15:35,759 INFO [root] AVID retrieve called with sid: 0-0-5-B-AVID, index: 2
2025-12-16 09:15:35,759 INFO [root] disperse msid: 1-0-5-B-AVSS, index: 2
2025-12-16 09:15:35,759 INFO [root] AVID retrieve called with sid: 1-0-5-B-AVID, index: 2
2025-12-16 09:15:35,759 INFO [root] disperse msid: 2-0-5-B-AVSS, index: 2
2025-12-16 09:15:35,759 INFO [root] AVID retrieve called with sid: 2-0-5-B-AVID, index: 2
2025-12-16 09:15:35,759 INFO [root] disperse msid: 3-0-5-B-AVSS, index: 2
2025-12-16 09:15:35,759 INFO [root] AVID retrieve called with sid: 3-0-5-B-AVID, index: 2
2025-12-16 09:15:35,760 INFO [root] 0-0-5-B-AVSS 3 AVID retrieve msg from 22
2025-12-16 09:15:35,760 INFO [root] AVID retrieve response received
2025-12-16 09:15:35,760 INFO [root] retrieve msid: 0-0-5-B-AVID, response_index: 3
2025-12-16 09:15:35,760 INFO [root] RESPONSE from 22
2025-12-16 09:15:35,760 INFO [root] sender self.committee_size: 2
2025-12-16 09:15:35,760 INFO [root] 0-0-5-B-AVSS 3 RETRIEVE complete.
2025-12-16 09:15:35,760 INFO [root] after avid.retrieve dispersal_msg
2025-12-16 09:15:35,760 INFO [root] Handling dealer messages for dealer_id: 0, tag: 0-0-5-B-AVSS
2025-12-16 09:15:35,763 INFO [beaver.hbacss] [PedersenCommit] invoking pyPedersenCommit...
num_generators 50
padded_num_generators 64
2025-12-16 09:15:35,797 INFO [beaver.hbacss] verifier_result_json: {"verified":true}
2025-12-16 09:15:35,802 INFO [root] inner product verified successfully
2025-12-16 09:15:35,813 INFO [root] shares verified successfully
2025-12-16 09:15:35,813 INFO [root] all_shares_valid: True
2025-12-16 09:15:35,813 INFO [root] after _handle_dealer_msgs, all_shares_valid
2025-12-16 09:15:35,813 INFO [root] self.tagvars[tag]['all_shares_valid']: True
2025-12-16 09:15:35,813 INFO [root] multicast to 20
2025-12-16 09:15:35,813 INFO [root] multicast to 21
2025-12-16 09:15:35,813 INFO [root] multicast to 22
2025-12-16 09:15:35,813 INFO [root] multicast to 23
2025-12-16 09:15:35,813 INFO [root] 1-0-5-B-AVSS 3 AVID retrieve msg from 22
2025-12-16 09:15:35,813 INFO [root] AVID retrieve response received
2025-12-16 09:15:35,813 INFO [root] retrieve msid: 1-0-5-B-AVID, response_index: 3
2025-12-16 09:15:35,813 INFO [root] RESPONSE from 22
2025-12-16 09:15:35,813 INFO [root] sender self.committee_size: 2
2025-12-16 09:15:35,813 INFO [root] 1-0-5-B-AVSS 3 RETRIEVE complete.
2025-12-16 09:15:35,813 INFO [root] after avid.retrieve dispersal_msg
2025-12-16 09:15:35,813 INFO [root] Handling dealer messages for dealer_id: 1, tag: 1-0-5-B-AVSS
2025-12-16 09:15:35,814 INFO [beaver.hbacss] [PedersenCommit] invoking pyPedersenCommit...
num_generators 50
padded_num_generators 64
2025-12-16 09:15:35,846 INFO [beaver.hbacss] verifier_result_json: {"verified":true}
2025-12-16 09:15:35,851 INFO [root] inner product verified successfully
2025-12-16 09:15:35,864 INFO [root] shares verified successfully
2025-12-16 09:15:35,864 INFO [root] all_shares_valid: True
2025-12-16 09:15:35,864 INFO [root] after _handle_dealer_msgs, all_shares_valid
2025-12-16 09:15:35,864 INFO [root] self.tagvars[tag]['all_shares_valid']: True
2025-12-16 09:15:35,864 INFO [root] multicast to 20
2025-12-16 09:15:35,864 INFO [root] multicast to 21
2025-12-16 09:15:35,864 INFO [root] multicast to 22
2025-12-16 09:15:35,864 INFO [root] multicast to 23
2025-12-16 09:15:35,864 INFO [root] 2-0-5-B-AVSS 3 AVID retrieve msg from 22
2025-12-16 09:15:35,864 INFO [root] AVID retrieve response received
2025-12-16 09:15:35,864 INFO [root] retrieve msid: 2-0-5-B-AVID, response_index: 3
2025-12-16 09:15:35,864 INFO [root] RESPONSE from 22
2025-12-16 09:15:35,864 INFO [root] sender self.committee_size: 2
2025-12-16 09:15:35,864 INFO [root] 2-0-5-B-AVSS 3 RETRIEVE complete.
2025-12-16 09:15:35,864 INFO [root] after avid.retrieve dispersal_msg
2025-12-16 09:15:35,864 INFO [root] Handling dealer messages for dealer_id: 2, tag: 2-0-5-B-AVSS
2025-12-16 09:15:35,865 INFO [beaver.hbacss] [PedersenCommit] invoking pyPedersenCommit...
num_generators 50
padded_num_generators 64
2025-12-16 09:15:35,897 INFO [beaver.hbacss] verifier_result_json: {"verified":true}
2025-12-16 09:15:35,903 INFO [root] inner product verified successfully
2025-12-16 09:15:35,921 INFO [root] shares verified successfully
2025-12-16 09:15:35,921 INFO [root] all_shares_valid: True
2025-12-16 09:15:35,921 INFO [root] after _handle_dealer_msgs, all_shares_valid
2025-12-16 09:15:35,921 INFO [root] self.tagvars[tag]['all_shares_valid']: True
2025-12-16 09:15:35,921 INFO [root] multicast to 20
2025-12-16 09:15:35,921 INFO [root] multicast to 21
2025-12-16 09:15:35,921 INFO [root] multicast to 22
2025-12-16 09:15:35,921 INFO [root] multicast to 23
2025-12-16 09:15:35,921 INFO [root] 3-0-5-B-AVSS 3 AVID retrieve msg from 22
2025-12-16 09:15:35,921 INFO [root] AVID retrieve response received
2025-12-16 09:15:35,921 INFO [root] retrieve msid: 3-0-5-B-AVID, response_index: 3
2025-12-16 09:15:35,921 INFO [root] RESPONSE from 22
2025-12-16 09:15:35,921 INFO [root] sender self.committee_size: 2
2025-12-16 09:15:35,921 INFO [root] 3-0-5-B-AVSS 3 RETRIEVE complete.
2025-12-16 09:15:35,921 INFO [root] after avid.retrieve dispersal_msg
2025-12-16 09:15:35,921 INFO [root] Handling dealer messages for dealer_id: 3, tag: 3-0-5-B-AVSS
2025-12-16 09:15:35,923 INFO [beaver.hbacss] [PedersenCommit] invoking pyPedersenCommit...
num_generators 50
padded_num_generators 64
2025-12-16 09:15:35,958 INFO [beaver.hbacss] verifier_result_json: {"verified":true}
2025-12-16 09:15:35,962 INFO [root] inner product verified successfully
2025-12-16 09:15:35,976 INFO [root] shares verified successfully
2025-12-16 09:15:35,976 INFO [root] all_shares_valid: True
2025-12-16 09:15:35,976 INFO [root] after _handle_dealer_msgs, all_shares_valid
2025-12-16 09:15:35,976 INFO [root] self.tagvars[tag]['all_shares_valid']: True
2025-12-16 09:15:35,976 INFO [root] multicast to 20
2025-12-16 09:15:35,976 INFO [root] multicast to 21
2025-12-16 09:15:35,976 INFO [root] multicast to 22
2025-12-16 09:15:35,976 INFO [root] multicast to 23
2025-12-16 09:15:35,977 INFO [root] key_proposal: [0, 1, 2, 3]
2025-12-16 09:15:35,978 INFO [beaver.batch_multiplication] [3] [random shares] Starting ACS where node 1 is set as leader 
2025-12-16 09:15:35,978 INFO [beaver.batch_multiplication] [3] [random shares] The proposal of node 3 is [0, 1, 2, 3]
2025-12-16 09:15:35,978 INFO [root] enter handle_message
2025-12-16 09:15:35,978 INFO [root] [3] Received OK from [23]
2025-12-16 09:15:35,978 INFO [root] [3] OK set: {23}
2025-12-16 09:15:35,978 INFO [root] output: True
2025-12-16 09:15:35,978 INFO [root] [3] Received OK from [23]
2025-12-16 09:15:35,978 INFO [root] [3] OK set: {23}
2025-12-16 09:15:35,978 INFO [root] output: True
2025-12-16 09:15:35,978 INFO [root] [3] Received OK from [23]
2025-12-16 09:15:35,978 INFO [root] [3] OK set: {23}
2025-12-16 09:15:35,978 INFO [root] output: True
2025-12-16 09:15:35,978 INFO [root] [3] Received OK from [23]
2025-12-16 09:15:35,978 INFO [root] [3] OK set: {23}
2025-12-16 09:15:35,978 INFO [root] output: True
2025-12-16 09:15:35,978 INFO [root] disperse msid: 0-0-5-B-AVSS, index: 0
2025-12-16 09:15:35,978 INFO [root] AVID retrieve called with sid: 0-0-5-B-AVID, index: 0
2025-12-16 09:15:35,978 INFO [root] disperse msid: 0-0-5-B-AVSS, index: 1
2025-12-16 09:15:35,978 INFO [root] AVID retrieve called with sid: 0-0-5-B-AVID, index: 1
2025-12-16 09:15:35,978 INFO [root] disperse msid: 1-0-5-B-AVSS, index: 0
2025-12-16 09:15:35,978 INFO [root] AVID retrieve called with sid: 1-0-5-B-AVID, index: 0
2025-12-16 09:15:35,978 INFO [root] disperse msid: 1-0-5-B-AVSS, index: 1
2025-12-16 09:15:35,978 INFO [root] AVID retrieve called with sid: 1-0-5-B-AVID, index: 1
2025-12-16 09:15:35,978 INFO [root] disperse msid: 2-0-5-B-AVSS, index: 0
2025-12-16 09:15:35,978 INFO [root] AVID retrieve called with sid: 2-0-5-B-AVID, index: 0
2025-12-16 09:15:35,978 INFO [root] disperse msid: 2-0-5-B-AVSS, index: 1
2025-12-16 09:15:35,978 INFO [root] AVID retrieve called with sid: 2-0-5-B-AVID, index: 1
2025-12-16 09:15:35,978 INFO [root] disperse msid: 3-0-5-B-AVSS, index: 0
2025-12-16 09:15:35,978 INFO [root] AVID retrieve called with sid: 3-0-5-B-AVID, index: 0
2025-12-16 09:15:35,978 INFO [root] disperse msid: 3-0-5-B-AVSS, index: 1
2025-12-16 09:15:35,978 INFO [root] AVID retrieve called with sid: 3-0-5-B-AVID, index: 1
2025-12-16 09:15:35,980 INFO [root] [3] Received OK from [22]
2025-12-16 09:15:35,980 INFO [root] [3] OK set: {22, 23}
2025-12-16 09:15:35,980 INFO [root] output: True
2025-12-16 09:15:35,980 INFO [root] [3] Received OK from [22]
2025-12-16 09:15:35,980 INFO [root] [3] OK set: {22, 23}
2025-12-16 09:15:35,980 INFO [root] output: True
2025-12-16 09:15:35,980 INFO [root] [3] Received OK from [22]
2025-12-16 09:15:35,980 INFO [root] [3] OK set: {22, 23}
2025-12-16 09:15:35,981 INFO [root] output: True
2025-12-16 09:15:35,981 INFO [root] [3] Received OK from [22]
2025-12-16 09:15:35,981 INFO [root] [3] OK set: {22, 23}
2025-12-16 09:15:35,981 INFO [root] output: True
2025-12-16 09:15:35,987 INFO [root] [3] Received OK from [20]
2025-12-16 09:15:35,988 INFO [root] [3] OK set: {20, 22, 23}
2025-12-16 09:15:35,988 INFO [root] output: True
2025-12-16 09:15:35,988 INFO [root] [3] Received OK from [20]
2025-12-16 09:15:35,988 INFO [root] [3] OK set: {20, 22, 23}
2025-12-16 09:15:35,988 INFO [root] output: True
2025-12-16 09:15:35,988 INFO [root] [3] Received OK from [20]
2025-12-16 09:15:35,988 INFO [root] [3] OK set: {20, 22, 23}
2025-12-16 09:15:35,988 INFO [root] output: True
2025-12-16 09:15:35,988 INFO [root] [3] Received OK from [20]
2025-12-16 09:15:35,988 INFO [root] [3] OK set: {20, 22, 23}
2025-12-16 09:15:35,988 INFO [root] output: True
2025-12-16 09:15:36,168 INFO [root] [3] Received OK from [21]
2025-12-16 09:15:36,168 INFO [root] [3] OK set: {20, 21, 22, 23}
2025-12-16 09:15:36,169 INFO [root] output: True
2025-12-16 09:15:36,169 INFO [root] [3] exit
2025-12-16 09:15:36,169 INFO [root] [3] Received OK from [21]
2025-12-16 09:15:36,169 INFO [root] [3] OK set: {20, 21, 22, 23}
2025-12-16 09:15:36,169 INFO [root] output: True
2025-12-16 09:15:36,169 INFO [root] [3] exit
2025-12-16 09:15:36,169 INFO [root] [3] Received OK from [21]
2025-12-16 09:15:36,169 INFO [root] [3] OK set: {20, 21, 22, 23}
2025-12-16 09:15:36,169 INFO [root] output: True
2025-12-16 09:15:36,169 INFO [root] [3] exit
2025-12-16 09:15:36,169 INFO [root] [3] Received OK from [21]
2025-12-16 09:15:36,169 INFO [root] [3] OK set: {20, 21, 22, 23}
2025-12-16 09:15:36,169 INFO [root] output: True
2025-12-16 09:15:36,169 INFO [root] [3] exit
2025-12-16 09:15:36,169 INFO [root] [3] otmvba msg value
2025-12-16 09:15:36,169 INFO [root] [3] otmvba handle value message
2025-12-16 09:15:36,169 INFO [root] [3] value-self.acss_outputs.keys():dict_keys([0, 1, 2, 3])
2025-12-16 09:15:36,170 INFO [root] [3] --Directly send the proposal!--
2025-12-16 09:15:36,190 INFO [root] [3] otmvba msg PrevoteQC
2025-12-16 09:15:36,190 INFO [root] [3] otmvba handle prevote qc message
2025-12-16 09:15:36,225 INFO [root] [3] otmvba msg VoteQC
2025-12-16 09:15:36,225 INFO [root] [3] otmvba handle vote qc message
2025-12-16 09:15:36,231 INFO [root] [3] otmvba Broadcasting to 20
2025-12-16 09:15:36,231 INFO [root] [3] otmvba Broadcasting to 21
2025-12-16 09:15:36,231 INFO [root] [3] otmvba Broadcasting to 22
2025-12-16 09:15:36,231 INFO [root] [3] otmvba Broadcasting to 23
2025-12-16 09:15:36,232 INFO [root] [3] otmvba msg Terminate
2025-12-16 09:15:36,232 INFO [root] [3] otmvba handle terminate message
2025-12-16 09:15:36,238 INFO [root] [3] otmvba Broadcasting to 20
2025-12-16 09:15:36,238 INFO [root] [3] otmvba Broadcasting to 21
2025-12-16 09:15:36,238 INFO [root] [3] otmvba Broadcasting to 22
2025-12-16 09:15:36,238 INFO [root] [3] otmvba Broadcasting to 23
2025-12-16 09:15:36,238 INFO [beaver.batch_multiplication] [3] [random shares] The ACS set is [0, 1, 2, 3]
2025-12-16 09:15:36,238 INFO [root] common: [0, 1, 2, 3]
2025-12-16 09:15:36,269 INFO [beaver.batch_multiplication] [3] [asynchronous batch multiplication] Finished! Node 3, total number: 25, time: 0.5289211273193359 (seconds)
2025-12-16 09:15:36,270 INFO [root] layer ID: 5 mul_foll_time: 0.5296533107757568
2025-12-16 09:15:36,270 INFO [root] layer ID: 5 trusted_verification_time: 6.7703752517700195
2025-12-16 09:15:36,272 INFO [root] layer ID: 5 add_outputs length: 50
2025-12-16 09:15:36,272 INFO [root] layer ID: 5 exec_time: 0.002683877944946289
2025-12-16 09:15:36,273 INFO [beaver.transfer] [3] Starting DynamicTransfer
2025-12-16 09:15:36,273 INFO [beaver.transfer] [3] Starting ACSS to share 25 secrets
2025-12-16 09:15:36,273 INFO [root] [3] [asynchronous dynamic transfer] Layer ID: 5
2025-12-16 09:15:36,273 INFO [root] public_keys: [{'X': '706571987003098274216521690382830514155916276728218404813476594706680188977564378806045774856757221606740279508151', 'Y': '172372386959130360139935282601698301990609523898689796286375708481057735282113503739463665937771235822362820639338'}, {'X': '1918398764459022137049545206291485976601339396047391637059498487960386159982866376109575707076431938319467033451695', 'Y': '3961000959410506753991199465729197060209661160338632791582631256566175403183515765046632500160890362209236740627233'}, {'X': '171660843383783094634455192383785353837322511557995957741976617267188166831042470653765774603446420895709409219326', 'Y': '1010085625871804420249783805950575321128005592223847506339096836629623787300796262684538174554707038418803877906338'}, {'X': '2120173104540579516597168578253521783014964257853388207925502707099623319958909354861140369321505280106467717820031', 'Y': '1765642354361113898111389026570767859433480177203054359363110293390336713347623338385854725971525372785561347259282'}]
2025-12-16 09:15:36,273 INFO [root] layer ID: 5 trans_pre_time: 0.001130819320678711
2025-12-16 09:15:36,274 INFO [root] [3] AVSS tag: 3-0-6-B-AVSS
2025-12-16 09:15:36,274 INFO [root] [3] RBC tag: 3-0-6-B-RBC
2025-12-16 09:15:36,274 INFO [root] enter avss_with_aggtransfer
g = {[6679831729115696150 8653662730902241269 1535610680227111361 17342916647841752903 17135755455211762752 1297449291367578485] [13451288730302620273 10097742279870053774 15949884091978425806 5885175747529691540 1016841820992199104 845620083434234474]}
h = {[13794385998538644597 108816626937764141 12130603454454490125 6127379912259600201 17481961476035825978 950355161936836191] [10722765800778186391 17107915684035394744 11626309118465119103 5217919199071354366 6102759180633827794 660535627654889709]}
Equal? false
2025-12-16 09:15:36,536 INFO [root] [3] Starting reliable broadcast
2025-12-16 09:15:36,536 INFO [root] self.msgmode: avss_with_aggtransfer
2025-12-16 09:15:36,536 INFO [beaver.batch_multiplication] [3] Starting BatchMultiplication
num_generators 50
2025-12-16 09:15:36,763 INFO [beaver.batch_multiplication] Proof hex length: 9288
2025-12-16 09:15:36,763 INFO [beaver.batch_multiplication] Proof size (bytes): 4644
2025-12-16 09:15:36,763 INFO [beaver.batch_multiplication] Proof size (strict bytes): 4644
2025-12-16 09:15:36,763 INFO [beaver.batch_multiplication] [3] Starting ACSS to evaluate 25 multiplication gates
2025-12-16 09:15:36,763 INFO [root] rbc_list: [23, 24, 25, 26, 27]
2025-12-16 09:15:36,763 INFO [root] committee_size: 4
2025-12-16 09:15:36,763 INFO [root] n: 5
2025-12-16 09:15:36,763 INFO [root] f: 1
2025-12-16 09:15:36,763 INFO [root] pid: 3
2025-12-16 09:15:36,763 INFO [root] leader: 3
2025-12-16 09:15:36,763 INFO [root] [3] Sending to 0: 24
2025-12-16 09:15:36,763 INFO [root] [3] Sending to 1: 25
2025-12-16 09:15:36,763 INFO [root] [3] Sending to 2: 26
2025-12-16 09:15:36,763 INFO [root] [3] Sending to 3: 27
2025-12-16 09:15:36,763 INFO [root] [3] Starting AVID disperse
2025-12-16 09:15:36,763 INFO [root] public_keys: [{'X': '706571987003098274216521690382830514155916276728218404813476594706680188977564378806045774856757221606740279508151', 'Y': '172372386959130360139935282601698301990609523898689796286375708481057735282113503739463665937771235822362820639338'}, {'X': '1918398764459022137049545206291485976601339396047391637059498487960386159982866376109575707076431938319467033451695', 'Y': '3961000959410506753991199465729197060209661160338632791582631256566175403183515765046632500160890362209236740627233'}, {'X': '171660843383783094634455192383785353837322511557995957741976617267188166831042470653765774603446420895709409219326', 'Y': '1010085625871804420249783805950575321128005592223847506339096836629623787300796262684538174554707038418803877906338'}, {'X': '2120173104540579516597168578253521783014964257853388207925502707099623319958909354861140369321505280106467717820031', 'Y': '1765642354361113898111389026570767859433480177203054359363110293390336713347623338385854725971525372785561347259282'}]
2025-12-16 09:15:36,763 INFO [root] layer ID: 5 mul_pre_time: 0.48976898193359375
2025-12-16 09:15:36,763 INFO [root] layer ID: 5 layer_time: 7.264226675033569
2025-12-16 09:15:36,764 INFO [root] [3] Dispersed VAL message to committee
2025-12-16 09:15:36,765 INFO [root] [3] AVSS tag: 3-0-6-B-AVSS
2025-12-16 09:15:36,765 INFO [root] [3] RBC tag: 3-0-6-B-RBC
g = {[6679831729115696150 8653662730902241269 1535610680227111361 17342916647841752903 17135755455211762752 1297449291367578485] [13451288730302620273 10097742279870053774 15949884091978425806 5885175747529691540 1016841820992199104 845620083434234474]}
h = {[13794385998538644597 108816626937764141 12130603454454490125 6127379912259600201 17481961476035825978 950355161936836191] [10722765800778186391 17107915684035394744 11626309118465119103 5217919199071354366 6102759180633827794 660535627654889709]}
Equal? false
2025-12-16 09:15:37,048 INFO [root] [3] Starting reliable broadcast
2025-12-16 09:15:37,048 INFO [root] self.msgmode: avss_with_aggbatch_multiplication
2025-12-16 09:15:37,048 INFO [root] rbc_list: [23, 24, 25, 26, 27]
2025-12-16 09:15:37,048 INFO [root] committee_size: 4
2025-12-16 09:15:37,048 INFO [root] n: 5
2025-12-16 09:15:37,048 INFO [root] f: 1
2025-12-16 09:15:37,049 INFO [root] pid: 3
2025-12-16 09:15:37,049 INFO [root] leader: 3
2025-12-16 09:15:37,049 INFO [root] [3] Sending to 0: 24
2025-12-16 09:15:37,049 INFO [root] [3] Sending to 1: 25
2025-12-16 09:15:37,049 INFO [root] [3] Sending to 2: 26
2025-12-16 09:15:37,049 INFO [root] [3] Sending to 3: 27
2025-12-16 09:15:37,049 INFO [root] [3] Starting AVID disperse
2025-12-16 09:15:37,050 INFO [root] [3] Dispersed VAL message to committee
2025-12-16 09:15:46,768 INFO [root] [3] Bytes Sent: TR5:302870 which is 14.71%
2025-12-16 09:15:46,769 INFO [root] [3] Bytes Sent: M5:652656 which is 31.699%
2025-12-16 09:15:46,769 INFO [root] [3] Bytes Sent: TR6:318424 which is 15.466%
2025-12-16 09:15:46,769 INFO [root] [3] Bytes Sent: M6:784956 which is 38.125%
2025-12-16 09:15:46,769 INFO [root] [3] Total bytes sent out aa: 2058906
2025-12-16 09:15:46,789 INFO [benchmark_logger] Total bytes sent out: 2058906
my_send_id: 23 exec_time: 12.265294790267944
2025-12-16 09:15:46,835 ERROR [asyncio] Task was destroyed but it is pending!
task: <Task pending name='Task-51' coro=<subscribe_recv.<locals>._recv_loop() running at /opt/dumbo-mpc/dumbo-mpc/AsyRanTriGen/beaver/utils/misc.py:89> wait_for=<Future pending cb=[<TaskWakeupMethWrapper object at 0xffff681f2550>()]>>
Exception ignored in: <coroutine object subscribe_recv.<locals>._recv_loop at 0xffff69477f40>
Traceback (most recent call last):
  File "/opt/dumbo-mpc/dumbo-mpc/AsyRanTriGen/beaver/utils/misc.py", line 89, in _recv_loop
    j, (tag, o) = await recv()
  File "/usr/lib/python3.8/asyncio/queues.py", line 165, in get
    getter.cancel()  # Just in case getter is not done yet.
  File "uvloop/loop.pyx", line 1281, in uvloop.loop.Loop.call_soon
  File "uvloop/loop.pyx", line 669, in uvloop.loop.Loop._call_soon
  File "uvloop/loop.pyx", line 678, in uvloop.loop.Loop._call_soon_handle
  File "uvloop/loop.pyx", line 673, in uvloop.loop.Loop._append_ready_handle
  File "uvloop/loop.pyx", line 705, in uvloop.loop.Loop._check_closed
RuntimeError: Event loop is closed
2025-12-16 09:15:46,835 ERROR [asyncio] Task was destroyed but it is pending!
task: <Task pending name='Task-53' coro=<subscribe_recv.<locals>._recv_loop() running at /opt/dumbo-mpc/dumbo-mpc/AsyRanTriGen/beaver/utils/misc.py:89> wait_for=<Future pending cb=[<TaskWakeupMethWrapper object at 0xffff681f7ca0>()]>>
2025-12-16 09:15:46,836 ERROR [asyncio] Task was destroyed but it is pending!
task: <Task pending name='Task-55' coro=<subscribe_recv.<locals>._recv_loop() running at /opt/dumbo-mpc/dumbo-mpc/AsyRanTriGen/beaver/utils/misc.py:89> wait_for=<Future pending cb=[<TaskWakeupMethWrapper object at 0xffff681cbbe0>()]>>
Exception ignored in: <coroutine object subscribe_recv.<locals>._recv_loop at 0xffff69495440>
Traceback (most recent call last):
  File "/opt/dumbo-mpc/dumbo-mpc/AsyRanTriGen/beaver/utils/misc.py", line 89, in _recv_loop
    j, (tag, o) = await recv()
  File "/usr/lib/python3.8/asyncio/queues.py", line 165, in get
    getter.cancel()  # Just in case getter is not done yet.
  File "uvloop/loop.pyx", line 1281, in uvloop.loop.Loop.call_soon
  File "uvloop/loop.pyx", line 669, in uvloop.loop.Loop._call_soon
  File "uvloop/loop.pyx", line 678, in uvloop.loop.Loop._call_soon_handle
  File "uvloop/loop.pyx", line 673, in uvloop.loop.Loop._append_ready_handle
  File "uvloop/loop.pyx", line 705, in uvloop.loop.Loop._check_closed
RuntimeError: Event loop is closed
Exception ignored in: <coroutine object subscribe_recv.<locals>._recv_loop at 0xffff694953c0>
Traceback (most recent call last):
  File "/opt/dumbo-mpc/dumbo-mpc/AsyRanTriGen/beaver/utils/misc.py", line 89, in _recv_loop
    j, (tag, o) = await recv()
  File "/usr/lib/python3.8/asyncio/queues.py", line 165, in get
    getter.cancel()  # Just in case getter is not done yet.
  File "uvloop/loop.pyx", line 1281, in uvloop.loop.Loop.call_soon
  File "uvloop/loop.pyx", line 669, in uvloop.loop.Loop._call_soon
  File "uvloop/loop.pyx", line 678, in uvloop.loop.Loop._call_soon_handle
  File "uvloop/loop.pyx", line 673, in uvloop.loop.Loop._append_ready_handle
  File "uvloop/loop.pyx", line 705, in uvloop.loop.Loop._check_closed
RuntimeError: Event loop is closed
2025-12-16 09:15:46,836 ERROR [asyncio] Task was destroyed but it is pending!
task: <Task pending name='Task-63' coro=<ACSS_Foll._recv_loop() running at /opt/dumbo-mpc/dumbo-mpc/AsyRanTriGen/beaver/hbacss.py:3705> wait_for=<Future pending cb=[<TaskWakeupMethWrapper object at 0xffff681cbca0>()]>>
2025-12-16 09:15:46,836 ERROR [asyncio] Task was destroyed but it is pending!
task: <Task pending name='Task-64' coro=<subscribe_recv.<locals>._recv_loop() running at /opt/dumbo-mpc/dumbo-mpc/AsyRanTriGen/beaver/utils/misc.py:89> wait_for=<Future pending cb=[<TaskWakeupMethWrapper object at 0xffff681f30a0>()]>>
Exception ignored in: <coroutine object ACSS_Foll._recv_loop at 0xffff69495cc0>
Traceback (most recent call last):
  File "/opt/dumbo-mpc/dumbo-mpc/AsyRanTriGen/beaver/hbacss.py", line 3705, in _recv_loop
    await avid.disperse(tag, self.my_id+1, dispersal_msg_list)
  File "/opt/dumbo-mpc/dumbo-mpc/AsyRanTriGen/beaver/broadcast/avid.py", line 461, in disperse
    sender, msg = await self.recv()
  File "/usr/lib/python3.8/asyncio/queues.py", line 165, in get
    getter.cancel()  # Just in case getter is not done yet.
  File "uvloop/loop.pyx", line 1281, in uvloop.loop.Loop.call_soon
  File "uvloop/loop.pyx", line 669, in uvloop.loop.Loop._call_soon
  File "uvloop/loop.pyx", line 678, in uvloop.loop.Loop._call_soon_handle
  File "uvloop/loop.pyx", line 673, in uvloop.loop.Loop._append_ready_handle
  File "uvloop/loop.pyx", line 705, in uvloop.loop.Loop._check_closed
RuntimeError: Event loop is closed
2025-12-16 09:15:46,837 ERROR [asyncio] Task was destroyed but it is pending!
task: <Task pending name='Task-60' coro=<ACSS_Foll._recv_loop() running at /opt/dumbo-mpc/dumbo-mpc/AsyRanTriGen/beaver/hbacss.py:3705> wait_for=<Future pending cb=[<TaskWakeupMethWrapper object at 0xffff69494e80>()]>>
Exception ignored in: <coroutine object subscribe_recv.<locals>._recv_loop at 0xffff6949b940>
Traceback (most recent call last):
  File "/opt/dumbo-mpc/dumbo-mpc/AsyRanTriGen/beaver/utils/misc.py", line 89, in _recv_loop
    j, (tag, o) = await recv()
  File "/usr/lib/python3.8/asyncio/queues.py", line 165, in get
    getter.cancel()  # Just in case getter is not done yet.
  File "uvloop/loop.pyx", line 1281, in uvloop.loop.Loop.call_soon
  File "uvloop/loop.pyx", line 669, in uvloop.loop.Loop._call_soon
  File "uvloop/loop.pyx", line 678, in uvloop.loop.Loop._call_soon_handle
  File "uvloop/loop.pyx", line 673, in uvloop.loop.Loop._append_ready_handle
  File "uvloop/loop.pyx", line 705, in uvloop.loop.Loop._check_closed
RuntimeError: Event loop is closed
2025-12-16 09:15:46,837 ERROR [asyncio] Task was destroyed but it is pending!
task: <Task pending name='Task-62' coro=<ACSS_Foll._recv_loop() running at /opt/dumbo-mpc/dumbo-mpc/AsyRanTriGen/beaver/hbacss.py:3705> wait_for=<Future pending cb=[<TaskWakeupMethWrapper object at 0xffff69494be0>()]>>
2025-12-16 09:15:46,837 ERROR [asyncio] Task was destroyed but it is pending!
task: <Task pending name='Task-61' coro=<ACSS_Foll._recv_loop() running at /opt/dumbo-mpc/dumbo-mpc/AsyRanTriGen/beaver/hbacss.py:3705> wait_for=<Future pending cb=[<TaskWakeupMethWrapper object at 0xffff69494520>()]>>
Exception ignored in: <coroutine object ACSS_Foll._recv_loop at 0xffff69495e40>
Traceback (most recent call last):
  File "/opt/dumbo-mpc/dumbo-mpc/AsyRanTriGen/beaver/hbacss.py", line 3705, in _recv_loop
    await avid.disperse(tag, self.my_id+1, dispersal_msg_list)
  File "/opt/dumbo-mpc/dumbo-mpc/AsyRanTriGen/beaver/broadcast/avid.py", line 461, in disperse
    sender, msg = await self.recv()
  File "/usr/lib/python3.8/asyncio/queues.py", line 165, in get
    getter.cancel()  # Just in case getter is not done yet.
  File "uvloop/loop.pyx", line 1281, in uvloop.loop.Loop.call_soon
  File "uvloop/loop.pyx", line 669, in uvloop.loop.Loop._call_soon
  File "uvloop/loop.pyx", line 678, in uvloop.loop.Loop._call_soon_handle
  File "uvloop/loop.pyx", line 673, in uvloop.loop.Loop._append_ready_handle
  File "uvloop/loop.pyx", line 705, in uvloop.loop.Loop._check_closed
RuntimeError: Event loop is closed
Exception ignored in: <coroutine object ACSS_Foll._recv_loop at 0xffff694957c0>
Traceback (most recent call last):
  File "/opt/dumbo-mpc/dumbo-mpc/AsyRanTriGen/beaver/hbacss.py", line 3705, in _recv_loop
    await avid.disperse(tag, self.my_id+1, dispersal_msg_list)
  File "/opt/dumbo-mpc/dumbo-mpc/AsyRanTriGen/beaver/broadcast/avid.py", line 461, in disperse
    sender, msg = await self.recv()
  File "/usr/lib/python3.8/asyncio/queues.py", line 165, in get
    getter.cancel()  # Just in case getter is not done yet.
  File "uvloop/loop.pyx", line 1281, in uvloop.loop.Loop.call_soon
  File "uvloop/loop.pyx", line 669, in uvloop.loop.Loop._call_soon
  File "uvloop/loop.pyx", line 678, in uvloop.loop.Loop._call_soon_handle
  File "uvloop/loop.pyx", line 673, in uvloop.loop.Loop._append_ready_handle
  File "uvloop/loop.pyx", line 705, in uvloop.loop.Loop._check_closed
RuntimeError: Event loop is closed
Exception ignored in: <coroutine object ACSS_Foll._recv_loop at 0xffff6948e7c0>
Traceback (most recent call last):
  File "/opt/dumbo-mpc/dumbo-mpc/AsyRanTriGen/beaver/hbacss.py", line 3705, in _recv_loop
    await avid.disperse(tag, self.my_id+1, dispersal_msg_list)
  File "/opt/dumbo-mpc/dumbo-mpc/AsyRanTriGen/beaver/broadcast/avid.py", line 461, in disperse
    sender, msg = await self.recv()
  File "/usr/lib/python3.8/asyncio/queues.py", line 165, in get
    getter.cancel()  # Just in case getter is not done yet.
  File "uvloop/loop.pyx", line 1281, in uvloop.loop.Loop.call_soon
  File "uvloop/loop.pyx", line 669, in uvloop.loop.Loop._call_soon
  File "uvloop/loop.pyx", line 678, in uvloop.loop.Loop._call_soon_handle
  File "uvloop/loop.pyx", line 673, in uvloop.loop.Loop._append_ready_handle
  File "uvloop/loop.pyx", line 705, in uvloop.loop.Loop._check_closed
RuntimeError: Event loop is closed
2025-12-16 09:15:46,840 ERROR [asyncio] Task was destroyed but it is pending!
task: <Task pending name='Task-65' coro=<OptimalCommonSet.fallback_timer() running at /opt/dumbo-mpc/dumbo-mpc/AsyRanTriGen/beaver/broadcast/otmvba_dyn.py:71> wait_for=<Future pending cb=[<TaskWakeupMethWrapper object at 0xffff681cbf70>()]>>
2025-12-16 09:15:46,840 ERROR [asyncio] Task was destroyed but it is pending!
task: <Task pending name='Task-92' coro=<rbc_dyn() running at /opt/dumbo-mpc/dumbo-mpc/AsyRanTriGen/beaver/broadcast/reliablebroadcast.py:411> wait_for=<Future cancelled>>
Exception ignored in: <coroutine object rbc_dyn at 0xffff6807b640>
Traceback (most recent call last):
  File "/opt/dumbo-mpc/dumbo-mpc/AsyRanTriGen/beaver/broadcast/reliablebroadcast.py", line 411, in rbc_dyn
    sender, msg = await receive()
  File "/usr/lib/python3.8/asyncio/queues.py", line 165, in get
    getter.cancel()  # Just in case getter is not done yet.
  File "uvloop/loop.pyx", line 1281, in uvloop.loop.Loop.call_soon
  File "uvloop/loop.pyx", line 669, in uvloop.loop.Loop._call_soon
  File "uvloop/loop.pyx", line 678, in uvloop.loop.Loop._call_soon_handle
  File "uvloop/loop.pyx", line 673, in uvloop.loop.Loop._append_ready_handle
  File "uvloop/loop.pyx", line 705, in uvloop.loop.Loop._check_closed
RuntimeError: Event loop is closed
Exception ignored in: <coroutine object Queue.get at 0xffff6949b3c0>
Traceback (most recent call last):
  File "/usr/lib/python3.8/asyncio/queues.py", line 165, in get
    getter.cancel()  # Just in case getter is not done yet.
  File "uvloop/loop.pyx", line 1281, in uvloop.loop.Loop.call_soon
  File "uvloop/loop.pyx", line 669, in uvloop.loop.Loop._call_soon
  File "uvloop/loop.pyx", line 678, in uvloop.loop.Loop._call_soon_handle
  File "uvloop/loop.pyx", line 673, in uvloop.loop.Loop._append_ready_handle
  File "uvloop/loop.pyx", line 705, in uvloop.loop.Loop._check_closed
RuntimeError: Event loop is closed
2025-12-16 09:15:46,841 ERROR [asyncio] Task was destroyed but it is pending!
task: <Task pending name='Task-94' coro=<AVID_DYNAMIC.disperse() running at /opt/dumbo-mpc/dumbo-mpc/AsyRanTriGen/beaver/broadcast/avid.py:461> wait_for=<Future cancelled>>
Exception ignored in: <coroutine object AVID_DYNAMIC.disperse at 0xffff6807e340>
Traceback (most recent call last):
  File "/opt/dumbo-mpc/dumbo-mpc/AsyRanTriGen/beaver/broadcast/avid.py", line 461, in disperse
    sender, msg = await self.recv()
  File "/usr/lib/python3.8/asyncio/queues.py", line 165, in get
    getter.cancel()  # Just in case getter is not done yet.
  File "uvloop/loop.pyx", line 1281, in uvloop.loop.Loop.call_soon
  File "uvloop/loop.pyx", line 669, in uvloop.loop.Loop._call_soon
  File "uvloop/loop.pyx", line 678, in uvloop.loop.Loop._call_soon_handle
  File "uvloop/loop.pyx", line 673, in uvloop.loop.Loop._append_ready_handle
  File "uvloop/loop.pyx", line 705, in uvloop.loop.Loop._check_closed
RuntimeError: Event loop is closed
2025-12-16 09:15:46,841 ERROR [asyncio] Task was destroyed but it is pending!
task: <Task pending name='Task-66' coro=<subscribe_recv.<locals>._recv_loop() running at /opt/dumbo-mpc/dumbo-mpc/AsyRanTriGen/beaver/utils/misc.py:89> wait_for=<Future pending cb=[<TaskWakeupMethWrapper object at 0xffff681f2580>()]>>
2025-12-16 09:15:46,841 ERROR [asyncio] Task was destroyed but it is pending!
task: <Task pending name='Task-68' coro=<subscribe_recv.<locals>._recv_loop() running at /opt/dumbo-mpc/dumbo-mpc/AsyRanTriGen/beaver/utils/misc.py:89> wait_for=<Future pending cb=[<TaskWakeupMethWrapper object at 0xffff681f7610>()]>>
2025-12-16 09:15:46,841 ERROR [asyncio] Task was destroyed but it is pending!
task: <Task pending name='Task-76' coro=<ACSS_Foll._recv_loop() running at /opt/dumbo-mpc/dumbo-mpc/AsyRanTriGen/beaver/hbacss.py:3705> wait_for=<Future pending cb=[<TaskWakeupMethWrapper object at 0xffff681cbdf0>()]>>
Exception ignored in: <coroutine object subscribe_recv.<locals>._recv_loop at 0xffff69495ec0>
Traceback (most recent call last):
  File "/opt/dumbo-mpc/dumbo-mpc/AsyRanTriGen/beaver/utils/misc.py", line 89, in _recv_loop
    j, (tag, o) = await recv()
  File "/usr/lib/python3.8/asyncio/queues.py", line 165, in get
    getter.cancel()  # Just in case getter is not done yet.
  File "uvloop/loop.pyx", line 1281, in uvloop.loop.Loop.call_soon
  File "uvloop/loop.pyx", line 669, in uvloop.loop.Loop._call_soon
  File "uvloop/loop.pyx", line 678, in uvloop.loop.Loop._call_soon_handle
  File "uvloop/loop.pyx", line 673, in uvloop.loop.Loop._append_ready_handle
  File "uvloop/loop.pyx", line 705, in uvloop.loop.Loop._check_closed
RuntimeError: Event loop is closed
Exception ignored in: <coroutine object subscribe_recv.<locals>._recv_loop at 0xffff694954c0>
Traceback (most recent call last):
  File "/opt/dumbo-mpc/dumbo-mpc/AsyRanTriGen/beaver/utils/misc.py", line 89, in _recv_loop
    j, (tag, o) = await recv()
  File "/usr/lib/python3.8/asyncio/queues.py", line 165, in get
    getter.cancel()  # Just in case getter is not done yet.
  File "uvloop/loop.pyx", line 1281, in uvloop.loop.Loop.call_soon
  File "uvloop/loop.pyx", line 669, in uvloop.loop.Loop._call_soon
  File "uvloop/loop.pyx", line 678, in uvloop.loop.Loop._call_soon_handle
  File "uvloop/loop.pyx", line 673, in uvloop.loop.Loop._append_ready_handle
  File "uvloop/loop.pyx", line 705, in uvloop.loop.Loop._check_closed
RuntimeError: Event loop is closed
Exception ignored in: <coroutine object ACSS_Foll._recv_loop at 0xffff681df5c0>
Traceback (most recent call last):
  File "/opt/dumbo-mpc/dumbo-mpc/AsyRanTriGen/beaver/hbacss.py", line 3705, in _recv_loop
    await avid.disperse(tag, self.my_id+1, dispersal_msg_list)
  File "/opt/dumbo-mpc/dumbo-mpc/AsyRanTriGen/beaver/broadcast/avid.py", line 461, in disperse
    sender, msg = await self.recv()
  File "/usr/lib/python3.8/asyncio/queues.py", line 165, in get
    getter.cancel()  # Just in case getter is not done yet.
  File "uvloop/loop.pyx", line 1281, in uvloop.loop.Loop.call_soon
  File "uvloop/loop.pyx", line 669, in uvloop.loop.Loop._call_soon
  File "uvloop/loop.pyx", line 678, in uvloop.loop.Loop._call_soon_handle
  File "uvloop/loop.pyx", line 673, in uvloop.loop.Loop._append_ready_handle
  File "uvloop/loop.pyx", line 705, in uvloop.loop.Loop._check_closed
RuntimeError: Event loop is closed
2025-12-16 09:15:46,842 ERROR [asyncio] Task was destroyed but it is pending!
task: <Task pending name='Task-73' coro=<ACSS_Foll._recv_loop() running at /opt/dumbo-mpc/dumbo-mpc/AsyRanTriGen/beaver/hbacss.py:3705> wait_for=<Future pending cb=[<TaskWakeupMethWrapper object at 0xffff6949cdc0>()]>>
2025-12-16 09:15:46,842 ERROR [asyncio] Task was destroyed but it is pending!
task: <Task pending name='Task-75' coro=<ACSS_Foll._recv_loop() running at /opt/dumbo-mpc/dumbo-mpc/AsyRanTriGen/beaver/hbacss.py:3705> wait_for=<Future pending cb=[<TaskWakeupMethWrapper object at 0xffff681cbe80>()]>>
2025-12-16 09:15:46,842 ERROR [asyncio] Task was destroyed but it is pending!
task: <Task pending name='Task-74' coro=<ACSS_Foll._recv_loop() running at /opt/dumbo-mpc/dumbo-mpc/AsyRanTriGen/beaver/hbacss.py:3705> wait_for=<Future pending cb=[<TaskWakeupMethWrapper object at 0xffff681f7850>()]>>
Exception ignored in: <coroutine object ACSS_Foll._recv_loop at 0xffff6949b040>
Traceback (most recent call last):
  File "/opt/dumbo-mpc/dumbo-mpc/AsyRanTriGen/beaver/hbacss.py", line 3705, in _recv_loop
    await avid.disperse(tag, self.my_id+1, dispersal_msg_list)
  File "/opt/dumbo-mpc/dumbo-mpc/AsyRanTriGen/beaver/broadcast/avid.py", line 461, in disperse
    sender, msg = await self.recv()
  File "/usr/lib/python3.8/asyncio/queues.py", line 165, in get
    getter.cancel()  # Just in case getter is not done yet.
  File "uvloop/loop.pyx", line 1281, in uvloop.loop.Loop.call_soon
  File "uvloop/loop.pyx", line 669, in uvloop.loop.Loop._call_soon
  File "uvloop/loop.pyx", line 678, in uvloop.loop.Loop._call_soon_handle
  File "uvloop/loop.pyx", line 673, in uvloop.loop.Loop._append_ready_handle
  File "uvloop/loop.pyx", line 705, in uvloop.loop.Loop._check_closed
RuntimeError: Event loop is closed
Exception ignored in: <coroutine object ACSS_Foll._recv_loop at 0xffff681df540>
Traceback (most recent call last):
  File "/opt/dumbo-mpc/dumbo-mpc/AsyRanTriGen/beaver/hbacss.py", line 3705, in _recv_loop
    await avid.disperse(tag, self.my_id+1, dispersal_msg_list)
  File "/opt/dumbo-mpc/dumbo-mpc/AsyRanTriGen/beaver/broadcast/avid.py", line 461, in disperse
    sender, msg = await self.recv()
  File "/usr/lib/python3.8/asyncio/queues.py", line 165, in get
    getter.cancel()  # Just in case getter is not done yet.
  File "uvloop/loop.pyx", line 1281, in uvloop.loop.Loop.call_soon
  File "uvloop/loop.pyx", line 669, in uvloop.loop.Loop._call_soon
  File "uvloop/loop.pyx", line 678, in uvloop.loop.Loop._call_soon_handle
  File "uvloop/loop.pyx", line 673, in uvloop.loop.Loop._append_ready_handle
  File "uvloop/loop.pyx", line 705, in uvloop.loop.Loop._check_closed
RuntimeError: Event loop is closed
Exception ignored in: <coroutine object ACSS_Foll._recv_loop at 0xffff6949b7c0>
Traceback (most recent call last):
  File "/opt/dumbo-mpc/dumbo-mpc/AsyRanTriGen/beaver/hbacss.py", line 3705, in _recv_loop
    await avid.disperse(tag, self.my_id+1, dispersal_msg_list)
  File "/opt/dumbo-mpc/dumbo-mpc/AsyRanTriGen/beaver/broadcast/avid.py", line 461, in disperse
    sender, msg = await self.recv()
  File "/usr/lib/python3.8/asyncio/queues.py", line 165, in get
    getter.cancel()  # Just in case getter is not done yet.
  File "uvloop/loop.pyx", line 1281, in uvloop.loop.Loop.call_soon
  File "uvloop/loop.pyx", line 669, in uvloop.loop.Loop._call_soon
  File "uvloop/loop.pyx", line 678, in uvloop.loop.Loop._call_soon_handle
  File "uvloop/loop.pyx", line 673, in uvloop.loop.Loop._append_ready_handle
  File "uvloop/loop.pyx", line 705, in uvloop.loop.Loop._check_closed
RuntimeError: Event loop is closed
2025-12-16 09:15:46,845 ERROR [asyncio] Task was destroyed but it is pending!
task: <Task pending name='Task-77' coro=<subscribe_recv.<locals>._recv_loop() running at /opt/dumbo-mpc/dumbo-mpc/AsyRanTriGen/beaver/utils/misc.py:89> wait_for=<Future cancelled>>
2025-12-16 09:15:46,845 ERROR [asyncio] Task was destroyed but it is pending!
task: <Task pending name='Task-78' coro=<OptimalCommonSet.fallback_timer() running at /opt/dumbo-mpc/dumbo-mpc/AsyRanTriGen/beaver/broadcast/otmvba_dyn.py:71> wait_for=<Future pending cb=[<TaskWakeupMethWrapper object at 0xffff681f77f0>()]>>
2025-12-16 09:15:46,845 ERROR [asyncio] Task was destroyed but it is pending!
task: <Task pending name='Task-79' coro=<subscribe_recv.<locals>._recv_loop() running at /opt/dumbo-mpc/dumbo-mpc/AsyRanTriGen/beaver/utils/misc.py:89> wait_for=<Future pending cb=[<TaskWakeupMethWrapper object at 0xffff681f3550>()]>>
2025-12-16 09:15:46,845 ERROR [asyncio] Task was destroyed but it is pending!
task: <Task pending name='Task-82' coro=<subscribe_recv.<locals>._recv_loop() running at /opt/dumbo-mpc/dumbo-mpc/AsyRanTriGen/beaver/utils/misc.py:89> wait_for=<Future pending cb=[<TaskWakeupMethWrapper object at 0xffff681f34f0>()]>>
2025-12-16 09:15:46,845 ERROR [asyncio] Task was destroyed but it is pending!
task: <Task pending name='Task-84' coro=<subscribe_recv.<locals>._recv_loop() running at /opt/dumbo-mpc/dumbo-mpc/AsyRanTriGen/beaver/utils/misc.py:89> wait_for=<Future pending cb=[<TaskWakeupMethWrapper object at 0xffff681f22b0>()]>>
Exception ignored in: <coroutine object subscribe_recv.<locals>._recv_loop at 0xffff681df140>
Traceback (most recent call last):
  File "/opt/dumbo-mpc/dumbo-mpc/AsyRanTriGen/beaver/utils/misc.py", line 89, in _recv_loop
    j, (tag, o) = await recv()
  File "/usr/lib/python3.8/asyncio/queues.py", line 165, in get
    getter.cancel()  # Just in case getter is not done yet.
  File "uvloop/loop.pyx", line 1281, in uvloop.loop.Loop.call_soon
  File "uvloop/loop.pyx", line 669, in uvloop.loop.Loop._call_soon
  File "uvloop/loop.pyx", line 678, in uvloop.loop.Loop._call_soon_handle
  File "uvloop/loop.pyx", line 673, in uvloop.loop.Loop._append_ready_handle
  File "uvloop/loop.pyx", line 705, in uvloop.loop.Loop._check_closed
RuntimeError: Event loop is closed
Exception ignored in: <coroutine object subscribe_recv.<locals>._recv_loop at 0xffff681e89c0>
Traceback (most recent call last):
  File "/opt/dumbo-mpc/dumbo-mpc/AsyRanTriGen/beaver/utils/misc.py", line 89, in _recv_loop
    j, (tag, o) = await recv()
  File "/usr/lib/python3.8/asyncio/queues.py", line 165, in get
    getter.cancel()  # Just in case getter is not done yet.
  File "uvloop/loop.pyx", line 1281, in uvloop.loop.Loop.call_soon
  File "uvloop/loop.pyx", line 669, in uvloop.loop.Loop._call_soon
  File "uvloop/loop.pyx", line 678, in uvloop.loop.Loop._call_soon_handle
  File "uvloop/loop.pyx", line 673, in uvloop.loop.Loop._append_ready_handle
  File "uvloop/loop.pyx", line 705, in uvloop.loop.Loop._check_closed
RuntimeError: Event loop is closed
Exception ignored in: <coroutine object subscribe_recv.<locals>._recv_loop at 0xffff681e8dc0>
Traceback (most recent call last):
  File "/opt/dumbo-mpc/dumbo-mpc/AsyRanTriGen/beaver/utils/misc.py", line 89, in _recv_loop
    j, (tag, o) = await recv()
  File "/usr/lib/python3.8/asyncio/queues.py", line 165, in get
    getter.cancel()  # Just in case getter is not done yet.
  File "uvloop/loop.pyx", line 1281, in uvloop.loop.Loop.call_soon
  File "uvloop/loop.pyx", line 669, in uvloop.loop.Loop._call_soon
  File "uvloop/loop.pyx", line 678, in uvloop.loop.Loop._call_soon_handle
  File "uvloop/loop.pyx", line 673, in uvloop.loop.Loop._append_ready_handle
  File "uvloop/loop.pyx", line 705, in uvloop.loop.Loop._check_closed
RuntimeError: Event loop is closed
2025-12-16 09:15:46,846 ERROR [asyncio] Task was destroyed but it is pending!
task: <Task pending name='Task-90' coro=<subscribe_recv.<locals>._recv_loop() running at /opt/dumbo-mpc/dumbo-mpc/AsyRanTriGen/beaver/utils/misc.py:89> wait_for=<Future pending cb=[<TaskWakeupMethWrapper object at 0xffff681f2a90>()]>>
2025-12-16 09:15:46,846 ERROR [asyncio] Task was destroyed but it is pending!
task: <Task pending name='Task-86' coro=<rbc_dyn() running at /opt/dumbo-mpc/dumbo-mpc/AsyRanTriGen/beaver/broadcast/reliablebroadcast.py:411> wait_for=<Future pending cb=[<TaskWakeupMethWrapper object at 0xffff6949cd60>()]>>
Exception ignored in: <coroutine object subscribe_recv.<locals>._recv_loop at 0xffff6807e0c0>
Traceback (most recent call last):
  File "/opt/dumbo-mpc/dumbo-mpc/AsyRanTriGen/beaver/utils/misc.py", line 89, in _recv_loop
    j, (tag, o) = await recv()
  File "/usr/lib/python3.8/asyncio/queues.py", line 165, in get
    getter.cancel()  # Just in case getter is not done yet.
  File "uvloop/loop.pyx", line 1281, in uvloop.loop.Loop.call_soon
  File "uvloop/loop.pyx", line 669, in uvloop.loop.Loop._call_soon
  File "uvloop/loop.pyx", line 678, in uvloop.loop.Loop._call_soon_handle
  File "uvloop/loop.pyx", line 673, in uvloop.loop.Loop._append_ready_handle
  File "uvloop/loop.pyx", line 705, in uvloop.loop.Loop._check_closed
RuntimeError: Event loop is closed
2025-12-16 09:15:46,846 ERROR [asyncio] Task was destroyed but it is pending!
task: <Task pending name='Task-89' coro=<AVID_DYNAMIC.disperse() running at /opt/dumbo-mpc/dumbo-mpc/AsyRanTriGen/beaver/broadcast/avid.py:461> wait_for=<Future pending cb=[<TaskWakeupMethWrapper object at 0xffff681f2af0>()]>>
Exception ignored in: <coroutine object rbc_dyn at 0xffff681e8d40>
Traceback (most recent call last):
  File "/opt/dumbo-mpc/dumbo-mpc/AsyRanTriGen/beaver/broadcast/reliablebroadcast.py", line 411, in rbc_dyn
    sender, msg = await receive()
  File "/usr/lib/python3.8/asyncio/queues.py", line 165, in get
    getter.cancel()  # Just in case getter is not done yet.
  File "uvloop/loop.pyx", line 1281, in uvloop.loop.Loop.call_soon
  File "uvloop/loop.pyx", line 669, in uvloop.loop.Loop._call_soon
  File "uvloop/loop.pyx", line 678, in uvloop.loop.Loop._call_soon_handle
  File "uvloop/loop.pyx", line 673, in uvloop.loop.Loop._append_ready_handle
  File "uvloop/loop.pyx", line 705, in uvloop.loop.Loop._check_closed
RuntimeError: Event loop is closed
Exception ignored in: <coroutine object AVID_DYNAMIC.disperse at 0xffff6807b6c0>
Traceback (most recent call last):
  File "/opt/dumbo-mpc/dumbo-mpc/AsyRanTriGen/beaver/broadcast/avid.py", line 461, in disperse
    sender, msg = await self.recv()
  File "/usr/lib/python3.8/asyncio/queues.py", line 165, in get
    getter.cancel()  # Just in case getter is not done yet.
  File "uvloop/loop.pyx", line 1281, in uvloop.loop.Loop.call_soon
  File "uvloop/loop.pyx", line 669, in uvloop.loop.Loop._call_soon
  File "uvloop/loop.pyx", line 678, in uvloop.loop.Loop._call_soon_handle
  File "uvloop/loop.pyx", line 673, in uvloop.loop.Loop._append_ready_handle
  File "uvloop/loop.pyx", line 705, in uvloop.loop.Loop._check_closed
RuntimeError: Event loop is closed
