2025-12-16 09:15:29,624 INFO [root] Running ADMPC ...
2025-12-16 09:15:29,751 INFO [root] my_send_id: 22
2025-12-16 09:15:29,767 INFO [root] ADMPC start time: 1765876529.767126
2025-12-16 09:15:29,768 INFO [root] [Layer 5] Reached run_admpc checkpoint
2025-12-16 09:15:29,768 INFO [beaver.transfer] [2] Starting DynamicTransfer_Foll
2025-12-16 09:15:29,768 INFO [beaver.transfer] [2] Starting ACSS to share 25 secrets
2025-12-16 09:15:29,768 INFO [root] [2] Starting Batch AVSS. Id: 0, Dealer Id: 0, Client Mode: False
2025-12-16 09:15:29,768 INFO [root] [2] AVSS tag: 0-0-5-B-AVSS
2025-12-16 09:15:29,768 INFO [root] [2] RBC tag: 0-0-5-B-RBC
2025-12-16 09:15:29,768 INFO [root] [2] Starting AVSS with shares_num: 25, dealer_id: 0, client_mode: False
2025-12-16 09:15:29,768 INFO [root] rbc_list: [16, 20, 21, 22, 23]
2025-12-16 09:15:29,768 INFO [root] committee_size: 4
2025-12-16 09:15:29,768 INFO [root] n: 5
2025-12-16 09:15:29,768 INFO [root] f: 1
2025-12-16 09:15:29,768 INFO [root] pid: 3
2025-12-16 09:15:29,768 INFO [root] leader: 0
2025-12-16 09:15:29,769 INFO [root] [2] Starting Batch AVSS. Id: 0, Dealer Id: 1, Client Mode: False
2025-12-16 09:15:29,769 INFO [root] [2] AVSS tag: 1-0-5-B-AVSS
2025-12-16 09:15:29,769 INFO [root] [2] RBC tag: 1-0-5-B-RBC
2025-12-16 09:15:29,769 INFO [root] [2] Starting AVSS with shares_num: 25, dealer_id: 1, client_mode: False
2025-12-16 09:15:29,769 INFO [root] rbc_list: [17, 20, 21, 22, 23]
2025-12-16 09:15:29,769 INFO [root] committee_size: 4
2025-12-16 09:15:29,769 INFO [root] n: 5
2025-12-16 09:15:29,769 INFO [root] f: 1
2025-12-16 09:15:29,769 INFO [root] pid: 3
2025-12-16 09:15:29,769 INFO [root] leader: 1
2025-12-16 09:15:29,769 INFO [root] [2] Starting Batch AVSS. Id: 0, Dealer Id: 2, Client Mode: False
2025-12-16 09:15:29,769 INFO [root] [2] AVSS tag: 2-0-5-B-AVSS
2025-12-16 09:15:29,769 INFO [root] [2] RBC tag: 2-0-5-B-RBC
2025-12-16 09:15:29,769 INFO [root] [2] Starting AVSS with shares_num: 25, dealer_id: 2, client_mode: False
2025-12-16 09:15:29,769 INFO [root] rbc_list: [18, 20, 21, 22, 23]
2025-12-16 09:15:29,769 INFO [root] committee_size: 4
2025-12-16 09:15:29,769 INFO [root] n: 5
2025-12-16 09:15:29,769 INFO [root] f: 1
2025-12-16 09:15:29,769 INFO [root] pid: 3
2025-12-16 09:15:29,769 INFO [root] leader: 2
2025-12-16 09:15:29,769 INFO [root] [2] Starting Batch AVSS. Id: 0, Dealer Id: 3, Client Mode: False
2025-12-16 09:15:29,769 INFO [root] [2] AVSS tag: 3-0-5-B-AVSS
2025-12-16 09:15:29,769 INFO [root] [2] RBC tag: 3-0-5-B-RBC
2025-12-16 09:15:29,769 INFO [root] [2] Starting AVSS with shares_num: 25, dealer_id: 3, client_mode: False
2025-12-16 09:15:29,769 INFO [root] rbc_list: [19, 20, 21, 22, 23]
2025-12-16 09:15:29,769 INFO [root] committee_size: 4
2025-12-16 09:15:29,769 INFO [root] n: 5
2025-12-16 09:15:29,769 INFO [root] f: 1
2025-12-16 09:15:29,769 INFO [root] pid: 2
2025-12-16 09:15:29,769 INFO [root] leader: 3
2025-12-16 09:15:35,188 INFO [root] [3] Received VAL message from 18
2025-12-16 09:15:35,189 INFO [root] entering n == commitee_size + 1
2025-12-16 09:15:35,189 INFO [root] [3] sender: 18, leader: 2
2025-12-16 09:15:35,189 INFO [root] [3] Successfully validated VAL message
2025-12-16 09:15:35,189 INFO [root] [3] Broadcasted ECHO message for roothash b'\x94\x98x8\x11T\xc8\n\x92\xb2Ma\x9bL\x1d\xaf\xde\x0f\xa2\xc3\xa0g\xb7<Gyz\xb9\xd5\xffX\xd5'
2025-12-16 09:15:35,189 INFO [root] broadcast Sending to 1: 20
2025-12-16 09:15:35,189 INFO [root] broadcast Sending to 2: 21
2025-12-16 09:15:35,189 INFO [root] broadcast Sending to 3: 22
2025-12-16 09:15:35,189 INFO [root] broadcast Sending to 4: 23
2025-12-16 09:15:35,189 INFO [root] [2] Received VAL message from 19
2025-12-16 09:15:35,189 INFO [root] entering n == commitee_size + 1
2025-12-16 09:15:35,189 INFO [root] [2] sender: 19, leader: 3
2025-12-16 09:15:35,189 INFO [root] [2] Successfully validated VAL message
2025-12-16 09:15:35,189 INFO [root] [2] Broadcasted ECHO message for roothash b'\xcb\xb6\xd3\x90\xd2\xa4\xeb\x15g\x10\xdf\xbd"\xbc\xfa\xe8\xf3\x87\xcbl\x00\xcf\xaf\x98\xcf\xc2\r!\xb4*pM'
2025-12-16 09:15:35,189 INFO [root] broadcast Sending to 1: 20
2025-12-16 09:15:35,189 INFO [root] broadcast Sending to 2: 21
2025-12-16 09:15:35,189 INFO [root] broadcast Sending to 3: 22
2025-12-16 09:15:35,189 INFO [root] broadcast Sending to 4: 23
2025-12-16 09:15:35,192 INFO [root] [3] Received ECHO message from 22
2025-12-16 09:15:35,192 INFO [root] [2] Received ECHO message from 22
2025-12-16 09:15:35,193 INFO [root] [3] Received ECHO message from 20
2025-12-16 09:15:35,193 INFO [root] [3] Received ECHO message from 21
2025-12-16 09:15:35,193 INFO [root] [3] Broadcasted READY message for roothash b'\x94\x98x8\x11T\xc8\n\x92\xb2Ma\x9bL\x1d\xaf\xde\x0f\xa2\xc3\xa0g\xb7<Gyz\xb9\xd5\xffX\xd5'
2025-12-16 09:15:35,193 INFO [root] broadcast Sending to 1: 20
2025-12-16 09:15:35,193 INFO [root] broadcast Sending to 2: 21
2025-12-16 09:15:35,193 INFO [root] broadcast Sending to 3: 22
2025-12-16 09:15:35,193 INFO [root] broadcast Sending to 4: 23
2025-12-16 09:15:35,193 INFO [root] [2] Received ECHO message from 20
2025-12-16 09:15:35,193 INFO [root] [2] Received ECHO message from 21
2025-12-16 09:15:35,193 INFO [root] [2] Broadcasted READY message for roothash b'\xcb\xb6\xd3\x90\xd2\xa4\xeb\x15g\x10\xdf\xbd"\xbc\xfa\xe8\xf3\x87\xcbl\x00\xcf\xaf\x98\xcf\xc2\r!\xb4*pM'
2025-12-16 09:15:35,193 INFO [root] broadcast Sending to 1: 20
2025-12-16 09:15:35,193 INFO [root] broadcast Sending to 2: 21
2025-12-16 09:15:35,193 INFO [root] broadcast Sending to 3: 22
2025-12-16 09:15:35,193 INFO [root] broadcast Sending to 4: 23
2025-12-16 09:15:35,193 INFO [root] [3] Received READY message from 20
2025-12-16 09:15:35,193 INFO [root] [3] Received READY message from 21
2025-12-16 09:15:35,193 INFO [root] [2] Received READY message from 20
2025-12-16 09:15:35,193 INFO [root] [2] Received READY message from 21
2025-12-16 09:15:35,193 INFO [root] [3] Received READY message from 22
2025-12-16 09:15:35,193 INFO [root] Decoding output for roothash: b'\x94\x98x8\x11T\xc8\n\x92\xb2Ma\x9bL\x1d\xaf\xde\x0f\xa2\xc3\xa0g\xb7<Gyz\xb9\xd5\xffX\xd5'
2025-12-16 09:15:35,194 INFO [root] [2] Received RBC message
2025-12-16 09:15:35,194 INFO [root] multicast list: [20, 21, 22, 23]
2025-12-16 09:15:35,194 INFO [root] before avid.retrieve
2025-12-16 09:15:35,194 INFO [root] [2] Received READY message from 22
2025-12-16 09:15:35,194 INFO [root] Decoding output for roothash: b'\xcb\xb6\xd3\x90\xd2\xa4\xeb\x15g\x10\xdf\xbd"\xbc\xfa\xe8\xf3\x87\xcbl\x00\xcf\xaf\x98\xcf\xc2\r!\xb4*pM'
2025-12-16 09:15:35,194 INFO [root] [2] Received RBC message
2025-12-16 09:15:35,194 INFO [root] multicast list: [20, 21, 22, 23]
2025-12-16 09:15:35,194 INFO [root] before avid.retrieve
2025-12-16 09:15:35,196 INFO [root] [3] Received VAL message from 16
2025-12-16 09:15:35,196 INFO [root] entering n == commitee_size + 1
2025-12-16 09:15:35,196 INFO [root] [3] sender: 16, leader: 0
2025-12-16 09:15:35,196 INFO [root] [3] Successfully validated VAL message
2025-12-16 09:15:35,196 INFO [root] [3] Broadcasted ECHO message for roothash b'\x99\xbd\x0eg\x0f\x7f`q\xad\xf7\xdb\xa6\x97\xe9q\xc6\xd8\x11Z\xaf[\xd3\x88\xf8b\xdf@O\xd02\xb7C'
2025-12-16 09:15:35,196 INFO [root] broadcast Sending to 1: 20
2025-12-16 09:15:35,196 INFO [root] broadcast Sending to 2: 21
2025-12-16 09:15:35,196 INFO [root] broadcast Sending to 3: 22
2025-12-16 09:15:35,196 INFO [root] broadcast Sending to 4: 23
2025-12-16 09:15:35,197 INFO [root] [3] Received ECHO message from 22
2025-12-16 09:15:35,197 INFO [root] [3] Received ECHO message from 21
2025-12-16 09:15:35,198 INFO [root] [3] Received ECHO message from 23
2025-12-16 09:15:35,198 INFO [root] [3] Broadcasted READY message for roothash b'\x99\xbd\x0eg\x0f\x7f`q\xad\xf7\xdb\xa6\x97\xe9q\xc6\xd8\x11Z\xaf[\xd3\x88\xf8b\xdf@O\xd02\xb7C'
2025-12-16 09:15:35,198 INFO [root] broadcast Sending to 1: 20
2025-12-16 09:15:35,198 INFO [root] broadcast Sending to 2: 21
2025-12-16 09:15:35,198 INFO [root] broadcast Sending to 3: 22
2025-12-16 09:15:35,198 INFO [root] broadcast Sending to 4: 23
2025-12-16 09:15:35,198 INFO [root] [3] Received READY message from 22
2025-12-16 09:15:35,199 INFO [root] [3] Received READY message from 23
2025-12-16 09:15:35,200 INFO [root] [3] Received READY message from 21
2025-12-16 09:15:35,200 INFO [root] Decoding output for roothash: b'\x99\xbd\x0eg\x0f\x7f`q\xad\xf7\xdb\xa6\x97\xe9q\xc6\xd8\x11Z\xaf[\xd3\x88\xf8b\xdf@O\xd02\xb7C'
2025-12-16 09:15:35,200 INFO [root] [2] Received RBC message
2025-12-16 09:15:35,200 INFO [root] multicast list: [20, 21, 22, 23]
2025-12-16 09:15:35,200 INFO [root] before avid.retrieve
2025-12-16 09:15:35,204 INFO [root] [3] Received VAL message from 17
2025-12-16 09:15:35,204 INFO [root] entering n == commitee_size + 1
2025-12-16 09:15:35,204 INFO [root] [3] sender: 17, leader: 1
2025-12-16 09:15:35,204 INFO [root] [3] Successfully validated VAL message
2025-12-16 09:15:35,204 INFO [root] [3] Broadcasted ECHO message for roothash b'\xa3\xd7\x8fd\x8c~b]\x909\x7f\xab>/\n\x97\x01\x16\x0f\x01\xbe\xdc\x93\x1eC\xb6Y\\\xf0\x07\xcai'
2025-12-16 09:15:35,204 INFO [root] broadcast Sending to 1: 20
2025-12-16 09:15:35,204 INFO [root] broadcast Sending to 2: 21
2025-12-16 09:15:35,204 INFO [root] broadcast Sending to 3: 22
2025-12-16 09:15:35,204 INFO [root] broadcast Sending to 4: 23
2025-12-16 09:15:35,204 INFO [root] [3] Received ECHO message from 22
2025-12-16 09:15:35,205 INFO [root] [3] Received ECHO message from 20
2025-12-16 09:15:35,205 INFO [root] [3] Received ECHO message from 23
2025-12-16 09:15:35,205 INFO [root] [3] Broadcasted READY message for roothash b'\xa3\xd7\x8fd\x8c~b]\x909\x7f\xab>/\n\x97\x01\x16\x0f\x01\xbe\xdc\x93\x1eC\xb6Y\\\xf0\x07\xcai'
2025-12-16 09:15:35,205 INFO [root] broadcast Sending to 1: 20
2025-12-16 09:15:35,205 INFO [root] broadcast Sending to 2: 21
2025-12-16 09:15:35,205 INFO [root] broadcast Sending to 3: 22
2025-12-16 09:15:35,205 INFO [root] broadcast Sending to 4: 23
2025-12-16 09:15:35,206 INFO [root] [3] Received READY message from 22
2025-12-16 09:15:35,206 INFO [root] [3] Received READY message from 23
2025-12-16 09:15:35,206 INFO [root] [3] Received ECHO message from 21
2025-12-16 09:15:35,206 INFO [root] [3] Received READY message from 21
2025-12-16 09:15:35,206 INFO [root] Decoding output for roothash: b'\xa3\xd7\x8fd\x8c~b]\x909\x7f\xab>/\n\x97\x01\x16\x0f\x01\xbe\xdc\x93\x1eC\xb6Y\\\xf0\x07\xcai'
2025-12-16 09:15:35,206 INFO [root] [2] Received RBC message
2025-12-16 09:15:35,206 INFO [root] multicast list: [20, 21, 22, 23]
2025-12-16 09:15:35,206 INFO [root] before avid.retrieve
2025-12-16 09:15:35,509 INFO [root] AVID broadcast to 1: 20
2025-12-16 09:15:35,509 INFO [root] AVID broadcast to 2: 21
2025-12-16 09:15:35,509 INFO [root] AVID broadcast to 3: 22
2025-12-16 09:15:35,509 INFO [root] AVID broadcast to 4: 23
2025-12-16 09:15:35,509 INFO [root] AVID broadcast to 1: 20
2025-12-16 09:15:35,509 INFO [root] AVID broadcast to 2: 21
2025-12-16 09:15:35,509 INFO [root] AVID broadcast to 3: 22
2025-12-16 09:15:35,509 INFO [root] AVID broadcast to 4: 23
2025-12-16 09:15:35,513 INFO [root] disperse msid: 2-0-5-B-AVSS, index: 1
2025-12-16 09:15:35,513 INFO [root] AVID retrieve called with sid: 2-0-5-B-AVID, index: 1
2025-12-16 09:15:35,513 INFO [root] disperse msid: 2-0-5-B-AVSS, index: 0
2025-12-16 09:15:35,513 INFO [root] AVID retrieve called with sid: 2-0-5-B-AVID, index: 0
2025-12-16 09:15:35,513 INFO [root] disperse msid: 2-0-5-B-AVSS, index: 3
2025-12-16 09:15:35,513 INFO [root] AVID retrieve called with sid: 2-0-5-B-AVID, index: 3
2025-12-16 09:15:35,513 INFO [root] 2-0-5-B-AVSS 2 RETRIEVE called.
2025-12-16 09:15:35,513 INFO [root] AVID broadcast to 1: 20
2025-12-16 09:15:35,513 INFO [root] AVID broadcast to 2: 21
2025-12-16 09:15:35,513 INFO [root] AVID broadcast to 3: 22
2025-12-16 09:15:35,513 INFO [root] AVID broadcast to 4: 23
2025-12-16 09:15:35,513 INFO [root] 2-0-5-B-AVSS 2 RETRIEVE broadcasted.
2025-12-16 09:15:35,513 INFO [root] disperse msid: 2-0-5-B-AVSS, index: 2
2025-12-16 09:15:35,513 INFO [root] AVID retrieve called with sid: 2-0-5-B-AVID, index: 2
2025-12-16 09:15:35,513 INFO [root] 2-0-5-B-AVSS 2 AVID retrieve msg from 22
2025-12-16 09:15:35,513 INFO [root] AVID retrieve response received
2025-12-16 09:15:35,513 INFO [root] retrieve msid: 2-0-5-B-AVID, response_index: 2
2025-12-16 09:15:35,513 INFO [root] RESPONSE from 22
2025-12-16 09:15:35,513 INFO [root] sender self.committee_size: 2
2025-12-16 09:15:35,523 INFO [root] AVID broadcast to 1: 20
2025-12-16 09:15:35,523 INFO [root] AVID broadcast to 2: 21
2025-12-16 09:15:35,524 INFO [root] AVID broadcast to 3: 22
2025-12-16 09:15:35,524 INFO [root] AVID broadcast to 4: 23
2025-12-16 09:15:35,538 INFO [root] AVID broadcast to 1: 20
2025-12-16 09:15:35,538 INFO [root] AVID broadcast to 2: 21
2025-12-16 09:15:35,538 INFO [root] AVID broadcast to 3: 22
2025-12-16 09:15:35,538 INFO [root] AVID broadcast to 4: 23
2025-12-16 09:15:35,543 INFO [root] 2-0-5-B-AVSS 2 AVID retrieve msg from 23
2025-12-16 09:15:35,543 INFO [root] AVID retrieve response received
2025-12-16 09:15:35,543 INFO [root] retrieve msid: 2-0-5-B-AVID, response_index: 2
2025-12-16 09:15:35,543 INFO [root] RESPONSE from 23
2025-12-16 09:15:35,543 INFO [root] sender self.committee_size: 3
2025-12-16 09:15:35,544 INFO [root] 2-0-5-B-AVSS 2 RETRIEVE complete.
2025-12-16 09:15:35,544 INFO [root] after avid.retrieve dispersal_msg
2025-12-16 09:15:35,544 INFO [root] Handling dealer messages for dealer_id: 2, tag: 2-0-5-B-AVSS
2025-12-16 09:15:35,584 INFO [root] shares verified successfully
2025-12-16 09:15:35,584 INFO [root] all_shares_valid: True
2025-12-16 09:15:35,584 INFO [root] after _handle_dealer_msgs, all_shares_valid
2025-12-16 09:15:35,584 INFO [root] self.tagvars[tag]['all_shares_valid']: True
2025-12-16 09:15:35,584 INFO [root] multicast to 20
2025-12-16 09:15:35,585 INFO [root] multicast to 21
2025-12-16 09:15:35,585 INFO [root] multicast to 22
2025-12-16 09:15:35,585 INFO [root] multicast to 23
2025-12-16 09:15:35,585 INFO [root] [2] Received OK from [23]
2025-12-16 09:15:35,585 INFO [root] [2] OK set: {23}
2025-12-16 09:15:35,585 INFO [root] output: True
2025-12-16 09:15:35,591 INFO [root] [2] Received OK from [22]
2025-12-16 09:15:35,591 INFO [root] [2] OK set: {22, 23}
2025-12-16 09:15:35,592 INFO [root] output: True
2025-12-16 09:15:35,592 INFO [root] [2] Received OK from [20]
2025-12-16 09:15:35,592 INFO [root] [2] OK set: {20, 22, 23}
2025-12-16 09:15:35,592 INFO [root] output: True
2025-12-16 09:15:35,592 INFO [root] [2] Received OK from [21]
2025-12-16 09:15:35,592 INFO [root] [2] OK set: {20, 21, 22, 23}
2025-12-16 09:15:35,593 INFO [root] output: True
2025-12-16 09:15:35,593 INFO [root] [2] exit
2025-12-16 09:15:35,593 INFO [root] AVID broadcast to 1: 20
2025-12-16 09:15:35,593 INFO [root] AVID broadcast to 2: 21
2025-12-16 09:15:35,593 INFO [root] AVID broadcast to 3: 22
2025-12-16 09:15:35,593 INFO [root] AVID broadcast to 4: 23
2025-12-16 09:15:35,593 INFO [root] disperse msid: 0-0-5-B-AVSS, index: 3
2025-12-16 09:15:35,594 INFO [root] AVID retrieve called with sid: 0-0-5-B-AVID, index: 3
2025-12-16 09:15:35,594 INFO [root] Sending deferred response sender:23 index:3
2025-12-16 09:15:35,594 INFO [root] disperse msid: 0-0-5-B-AVSS, index: 1
2025-12-16 09:15:35,594 INFO [root] AVID retrieve called with sid: 0-0-5-B-AVID, index: 1
2025-12-16 09:15:35,594 INFO [root] disperse msid: 0-0-5-B-AVSS, index: 0
2025-12-16 09:15:35,594 INFO [root] AVID retrieve called with sid: 0-0-5-B-AVID, index: 0
2025-12-16 09:15:35,595 INFO [root] AVID broadcast to 1: 20
2025-12-16 09:15:35,595 INFO [root] AVID broadcast to 2: 21
2025-12-16 09:15:35,595 INFO [root] AVID broadcast to 3: 22
2025-12-16 09:15:35,595 INFO [root] AVID broadcast to 4: 23
2025-12-16 09:15:35,595 INFO [root] AVID broadcast to 1: 20
2025-12-16 09:15:35,595 INFO [root] AVID broadcast to 2: 21
2025-12-16 09:15:35,595 INFO [root] AVID broadcast to 3: 22
2025-12-16 09:15:35,596 INFO [root] AVID broadcast to 4: 23
2025-12-16 09:15:35,596 INFO [root] AVID broadcast to 1: 20
2025-12-16 09:15:35,596 INFO [root] AVID broadcast to 2: 21
2025-12-16 09:15:35,596 INFO [root] AVID broadcast to 3: 22
2025-12-16 09:15:35,596 INFO [root] AVID broadcast to 4: 23
2025-12-16 09:15:35,596 INFO [root] disperse msid: 1-0-5-B-AVSS, index: 3
2025-12-16 09:15:35,596 INFO [root] AVID retrieve called with sid: 1-0-5-B-AVID, index: 3
2025-12-16 09:15:35,596 INFO [root] Sending deferred response sender:23 index:3
2025-12-16 09:15:35,596 INFO [root] disperse msid: 1-0-5-B-AVSS, index: 1
2025-12-16 09:15:35,597 INFO [root] AVID retrieve called with sid: 1-0-5-B-AVID, index: 1
2025-12-16 09:15:35,597 INFO [root] disperse msid: 1-0-5-B-AVSS, index: 0
2025-12-16 09:15:35,597 INFO [root] AVID retrieve called with sid: 1-0-5-B-AVID, index: 0
2025-12-16 09:15:35,598 INFO [root] 0-0-5-B-AVSS 2 RETRIEVE called.
2025-12-16 09:15:35,599 INFO [root] AVID broadcast to 1: 20
2025-12-16 09:15:35,599 INFO [root] AVID broadcast to 2: 21
2025-12-16 09:15:35,599 INFO [root] AVID broadcast to 3: 22
2025-12-16 09:15:35,599 INFO [root] AVID broadcast to 4: 23
2025-12-16 09:15:35,599 INFO [root] 0-0-5-B-AVSS 2 RETRIEVE broadcasted.
2025-12-16 09:15:35,599 INFO [root] 1-0-5-B-AVSS 2 RETRIEVE called.
2025-12-16 09:15:35,599 INFO [root] AVID broadcast to 1: 20
2025-12-16 09:15:35,599 INFO [root] AVID broadcast to 2: 21
2025-12-16 09:15:35,600 INFO [root] AVID broadcast to 3: 22
2025-12-16 09:15:35,600 INFO [root] AVID broadcast to 4: 23
2025-12-16 09:15:35,600 INFO [root] 1-0-5-B-AVSS 2 RETRIEVE broadcasted.
2025-12-16 09:15:35,601 INFO [root] disperse msid: 0-0-5-B-AVSS, index: 2
2025-12-16 09:15:35,602 INFO [root] AVID retrieve called with sid: 0-0-5-B-AVID, index: 2
2025-12-16 09:15:35,602 INFO [root] disperse msid: 1-0-5-B-AVSS, index: 2
2025-12-16 09:15:35,602 INFO [root] AVID retrieve called with sid: 1-0-5-B-AVID, index: 2
2025-12-16 09:15:35,602 INFO [root] 0-0-5-B-AVSS 2 AVID retrieve msg from 22
2025-12-16 09:15:35,602 INFO [root] AVID retrieve response received
2025-12-16 09:15:35,602 INFO [root] retrieve msid: 0-0-5-B-AVID, response_index: 2
2025-12-16 09:15:35,602 INFO [root] RESPONSE from 22
2025-12-16 09:15:35,602 INFO [root] sender self.committee_size: 2
2025-12-16 09:15:35,603 INFO [root] 1-0-5-B-AVSS 2 AVID retrieve msg from 22
2025-12-16 09:15:35,603 INFO [root] AVID retrieve response received
2025-12-16 09:15:35,603 INFO [root] retrieve msid: 1-0-5-B-AVID, response_index: 2
2025-12-16 09:15:35,603 INFO [root] RESPONSE from 22
2025-12-16 09:15:35,603 INFO [root] sender self.committee_size: 2
2025-12-16 09:15:35,613 INFO [root] 3-0-5-B-AVSS 2 RETRIEVE called.
2025-12-16 09:15:35,613 INFO [root] AVID broadcast to 1: 20
2025-12-16 09:15:35,613 INFO [root] AVID broadcast to 2: 21
2025-12-16 09:15:35,613 INFO [root] AVID broadcast to 3: 22
2025-12-16 09:15:35,613 INFO [root] AVID broadcast to 4: 23
2025-12-16 09:15:35,613 INFO [root] 3-0-5-B-AVSS 2 RETRIEVE broadcasted.
2025-12-16 09:15:35,613 INFO [root] 0-0-5-B-AVSS 2 AVID retrieve msg from 21
2025-12-16 09:15:35,613 INFO [root] AVID retrieve response received
2025-12-16 09:15:35,613 INFO [root] retrieve msid: 0-0-5-B-AVID, response_index: 2
2025-12-16 09:15:35,613 INFO [root] RESPONSE from 21
2025-12-16 09:15:35,613 INFO [root] sender self.committee_size: 1
2025-12-16 09:15:35,613 INFO [root] 0-0-5-B-AVSS 2 RETRIEVE complete.
2025-12-16 09:15:35,613 INFO [root] after avid.retrieve dispersal_msg
2025-12-16 09:15:35,613 INFO [root] Handling dealer messages for dealer_id: 0, tag: 0-0-5-B-AVSS
2025-12-16 09:15:35,631 INFO [root] shares verified successfully
2025-12-16 09:15:35,631 INFO [root] all_shares_valid: True
2025-12-16 09:15:35,631 INFO [root] after _handle_dealer_msgs, all_shares_valid
2025-12-16 09:15:35,631 INFO [root] self.tagvars[tag]['all_shares_valid']: True
2025-12-16 09:15:35,631 INFO [root] multicast to 20
2025-12-16 09:15:35,631 INFO [root] multicast to 21
2025-12-16 09:15:35,631 INFO [root] multicast to 22
2025-12-16 09:15:35,632 INFO [root] multicast to 23
2025-12-16 09:15:35,632 INFO [root] [2] Received OK from [21]
2025-12-16 09:15:35,632 INFO [root] [2] OK set: {21}
2025-12-16 09:15:35,632 INFO [root] output: True
2025-12-16 09:15:35,632 INFO [root] 1-0-5-B-AVSS 2 AVID retrieve msg from 21
2025-12-16 09:15:35,632 INFO [root] AVID retrieve response received
2025-12-16 09:15:35,632 INFO [root] retrieve msid: 1-0-5-B-AVID, response_index: 2
2025-12-16 09:15:35,632 INFO [root] RESPONSE from 21
2025-12-16 09:15:35,632 INFO [root] sender self.committee_size: 1
2025-12-16 09:15:35,632 INFO [root] 1-0-5-B-AVSS 2 RETRIEVE complete.
2025-12-16 09:15:35,632 INFO [root] after avid.retrieve dispersal_msg
2025-12-16 09:15:35,632 INFO [root] Handling dealer messages for dealer_id: 1, tag: 1-0-5-B-AVSS
2025-12-16 09:15:35,653 INFO [root] shares verified successfully
2025-12-16 09:15:35,653 INFO [root] all_shares_valid: True
2025-12-16 09:15:35,653 INFO [root] after _handle_dealer_msgs, all_shares_valid
2025-12-16 09:15:35,653 INFO [root] self.tagvars[tag]['all_shares_valid']: True
2025-12-16 09:15:35,653 INFO [root] multicast to 20
2025-12-16 09:15:35,653 INFO [root] multicast to 21
2025-12-16 09:15:35,653 INFO [root] multicast to 22
2025-12-16 09:15:35,653 INFO [root] multicast to 23
2025-12-16 09:15:35,653 INFO [root] [2] Received OK from [21]
2025-12-16 09:15:35,653 INFO [root] [2] OK set: {21}
2025-12-16 09:15:35,653 INFO [root] output: True
2025-12-16 09:15:35,655 INFO [root] key_proposal: [2, 0, 1]
2025-12-16 09:15:35,655 INFO [beaver.transfer] [2] [random shares] Starting ACS where node 1 is set as leader 
2025-12-16 09:15:35,655 INFO [beaver.transfer] [2] [random shares] The proposal of node 2 is [2, 0, 1]
2025-12-16 09:15:35,655 INFO [root] enter handle_message
2025-12-16 09:15:35,655 INFO [root] [2] otmvba msg value
2025-12-16 09:15:35,655 INFO [root] [2] otmvba handle value message
2025-12-16 09:15:35,655 INFO [root] [2] value-self.acss_outputs.keys():dict_keys([2, 0, 1])
2025-12-16 09:15:35,656 INFO [root] [2] --Directly send the proposal!--
2025-12-16 09:15:35,656 INFO [root] disperse msid: 3-0-5-B-AVSS, index: 2
2025-12-16 09:15:35,656 INFO [root] AVID retrieve called with sid: 3-0-5-B-AVID, index: 2
2025-12-16 09:15:35,656 INFO [root] [2] Received OK from [22]
2025-12-16 09:15:35,656 INFO [root] [2] OK set: {21, 22}
2025-12-16 09:15:35,656 INFO [root] output: True
2025-12-16 09:15:35,656 INFO [root] [2] Received OK from [22]
2025-12-16 09:15:35,656 INFO [root] [2] OK set: {21, 22}
2025-12-16 09:15:35,656 INFO [root] output: True
2025-12-16 09:15:35,656 INFO [root] [2] Received OK from [23]
2025-12-16 09:15:35,656 INFO [root] [2] OK set: {21, 22, 23}
2025-12-16 09:15:35,656 INFO [root] output: True
2025-12-16 09:15:35,656 INFO [root] [2] Received OK from [20]
2025-12-16 09:15:35,656 INFO [root] [2] OK set: {20, 21, 22, 23}
2025-12-16 09:15:35,656 INFO [root] output: True
2025-12-16 09:15:35,656 INFO [root] [2] exit
2025-12-16 09:15:35,656 INFO [root] disperse msid: 3-0-5-B-AVSS, index: 1
2025-12-16 09:15:35,656 INFO [root] AVID retrieve called with sid: 3-0-5-B-AVID, index: 1
2025-12-16 09:15:35,656 INFO [root] disperse msid: 3-0-5-B-AVSS, index: 3
2025-12-16 09:15:35,656 INFO [root] AVID retrieve called with sid: 3-0-5-B-AVID, index: 3
2025-12-16 09:15:35,656 INFO [root] disperse msid: 3-0-5-B-AVSS, index: 0
2025-12-16 09:15:35,656 INFO [root] AVID retrieve called with sid: 3-0-5-B-AVID, index: 0
2025-12-16 09:15:35,656 INFO [root] [2] Received OK from [23]
2025-12-16 09:15:35,656 INFO [root] [2] OK set: {21, 22, 23}
2025-12-16 09:15:35,656 INFO [root] output: True
2025-12-16 09:15:35,656 INFO [root] [2] Received OK from [20]
2025-12-16 09:15:35,656 INFO [root] [2] OK set: {20, 21, 22, 23}
2025-12-16 09:15:35,656 INFO [root] output: True
2025-12-16 09:15:35,656 INFO [root] [2] exit
2025-12-16 09:15:35,656 INFO [root] 3-0-5-B-AVSS 2 AVID retrieve msg from 23
2025-12-16 09:15:35,656 INFO [root] AVID retrieve response received
2025-12-16 09:15:35,656 INFO [root] retrieve msid: 3-0-5-B-AVID, response_index: 2
2025-12-16 09:15:35,656 INFO [root] RESPONSE from 23
2025-12-16 09:15:35,657 INFO [root] sender self.committee_size: 3
2025-12-16 09:15:35,657 INFO [root] 3-0-5-B-AVSS 2 AVID retrieve msg from 20
2025-12-16 09:15:35,657 INFO [root] AVID retrieve response received
2025-12-16 09:15:35,657 INFO [root] retrieve msid: 3-0-5-B-AVID, response_index: 2
2025-12-16 09:15:35,657 INFO [root] RESPONSE from 20
2025-12-16 09:15:35,657 INFO [root] sender self.committee_size: 0
2025-12-16 09:15:35,657 INFO [root] 3-0-5-B-AVSS 2 RETRIEVE complete.
2025-12-16 09:15:35,657 INFO [root] after avid.retrieve dispersal_msg
2025-12-16 09:15:35,657 INFO [root] Handling dealer messages for dealer_id: 3, tag: 3-0-5-B-AVSS
2025-12-16 09:15:35,673 INFO [root] shares verified successfully
2025-12-16 09:15:35,673 INFO [root] all_shares_valid: True
2025-12-16 09:15:35,673 INFO [root] after _handle_dealer_msgs, all_shares_valid
2025-12-16 09:15:35,673 INFO [root] self.tagvars[tag]['all_shares_valid']: True
2025-12-16 09:15:35,673 INFO [root] multicast to 20
2025-12-16 09:15:35,673 INFO [root] multicast to 21
2025-12-16 09:15:35,673 INFO [root] multicast to 22
2025-12-16 09:15:35,673 INFO [root] multicast to 23
2025-12-16 09:15:35,673 INFO [root] [2] Received OK from [23]
2025-12-16 09:15:35,673 INFO [root] [2] OK set: {23}
2025-12-16 09:15:35,673 INFO [root] output: True
2025-12-16 09:15:35,673 INFO [root] [2] Received OK from [20]
2025-12-16 09:15:35,673 INFO [root] [2] OK set: {20, 23}
2025-12-16 09:15:35,673 INFO [root] output: True
2025-12-16 09:15:35,673 INFO [root] [2] Received OK from [22]
2025-12-16 09:15:35,674 INFO [root] [2] OK set: {20, 22, 23}
2025-12-16 09:15:35,674 INFO [root] output: True
2025-12-16 09:15:35,674 INFO [root] [2] otmvba msg PrevoteQC
2025-12-16 09:15:35,674 INFO [root] [2] otmvba handle prevote qc message
2025-12-16 09:15:35,679 INFO [root] [2] Received OK from [21]
2025-12-16 09:15:35,679 INFO [root] [2] OK set: {20, 21, 22, 23}
2025-12-16 09:15:35,679 INFO [root] output: True
2025-12-16 09:15:35,680 INFO [root] [2] exit
2025-12-16 09:15:35,693 INFO [root] [2] otmvba msg VoteQC
2025-12-16 09:15:35,693 INFO [root] [2] otmvba handle vote qc message
2025-12-16 09:15:35,701 INFO [root] [2] otmvba Broadcasting to 20
2025-12-16 09:15:35,701 INFO [root] [2] otmvba Broadcasting to 21
2025-12-16 09:15:35,701 INFO [root] [2] otmvba Broadcasting to 22
2025-12-16 09:15:35,701 INFO [root] [2] otmvba Broadcasting to 23
2025-12-16 09:15:35,701 INFO [root] [2] otmvba msg Terminate
2025-12-16 09:15:35,701 INFO [root] [2] otmvba handle terminate message
2025-12-16 09:15:35,709 INFO [root] [2] otmvba Broadcasting to 20
2025-12-16 09:15:35,710 INFO [root] [2] otmvba Broadcasting to 21
2025-12-16 09:15:35,710 INFO [root] [2] otmvba Broadcasting to 22
2025-12-16 09:15:35,710 INFO [root] [2] otmvba Broadcasting to 23
2025-12-16 09:15:35,710 INFO [beaver.transfer] [2] [random shares] The ACS set is [0, 1, 2]
2025-12-16 09:15:35,710 INFO [root] common: [0, 1, 2]
2025-12-16 09:15:35,739 INFO [beaver.transfer] [2] [asynchronous dynamic transfer] Finished! Node 2, total number: 25, time: 5.970060110092163 (seconds)
2025-12-16 09:15:35,740 INFO [root] layer ID: 5 trans_foll_time: 5.971462965011597
2025-12-16 09:15:35,740 INFO [beaver.batch_multiplication] [2] Starting BatchMultiplication
2025-12-16 09:15:35,740 INFO [beaver.batch_multiplication] [2] Starting ACSS to evaluate 25 multiplication gates
2025-12-16 09:15:35,743 INFO [root] [2] Starting Batch AVSS. Id: 0, Dealer Id: 0, Client Mode: False
2025-12-16 09:15:35,743 INFO [root] [2] AVSS tag: 0-0-5-B-AVSS
2025-12-16 09:15:35,743 INFO [root] [2] RBC tag: 0-0-5-B-RBC
2025-12-16 09:15:35,743 INFO [root] [2] Starting AVSS with shares_num: 25, dealer_id: 0, client_mode: False
2025-12-16 09:15:35,743 INFO [root] rbc_list: [16, 20, 21, 22, 23]
2025-12-16 09:15:35,743 INFO [root] committee_size: 4
2025-12-16 09:15:35,743 INFO [root] n: 5
2025-12-16 09:15:35,743 INFO [root] f: 1
2025-12-16 09:15:35,743 INFO [root] pid: 3
2025-12-16 09:15:35,743 INFO [root] leader: 0
2025-12-16 09:15:35,743 INFO [root] [3] Received VAL message from 16
2025-12-16 09:15:35,743 INFO [root] entering n == commitee_size + 1
2025-12-16 09:15:35,743 INFO [root] [3] sender: 16, leader: 0
2025-12-16 09:15:35,743 INFO [root] [3] Successfully validated VAL message
2025-12-16 09:15:35,743 INFO [root] [3] Broadcasted ECHO message for roothash b'a\x8f\xdd\xbf?\xc3]f\xefmZpI\xfd\xa1\x8c\xc3i\xc5\xb7?\x8c\x0bc\xc3\xec\xe9\xd7\xd4\x9fB-'
2025-12-16 09:15:35,743 INFO [root] broadcast Sending to 1: 20
2025-12-16 09:15:35,743 INFO [root] broadcast Sending to 2: 21
2025-12-16 09:15:35,743 INFO [root] broadcast Sending to 3: 22
2025-12-16 09:15:35,743 INFO [root] broadcast Sending to 4: 23
2025-12-16 09:15:35,743 INFO [root] [2] Starting Batch AVSS. Id: 0, Dealer Id: 1, Client Mode: False
2025-12-16 09:15:35,743 INFO [root] [2] AVSS tag: 1-0-5-B-AVSS
2025-12-16 09:15:35,743 INFO [root] [2] RBC tag: 1-0-5-B-RBC
2025-12-16 09:15:35,743 INFO [root] [2] Starting AVSS with shares_num: 25, dealer_id: 1, client_mode: False
2025-12-16 09:15:35,743 INFO [root] rbc_list: [17, 20, 21, 22, 23]
2025-12-16 09:15:35,743 INFO [root] committee_size: 4
2025-12-16 09:15:35,743 INFO [root] n: 5
2025-12-16 09:15:35,743 INFO [root] f: 1
2025-12-16 09:15:35,743 INFO [root] pid: 3
2025-12-16 09:15:35,743 INFO [root] leader: 1
2025-12-16 09:15:35,743 INFO [root] [3] Received VAL message from 17
2025-12-16 09:15:35,743 INFO [root] entering n == commitee_size + 1
2025-12-16 09:15:35,743 INFO [root] [3] sender: 17, leader: 1
2025-12-16 09:15:35,743 INFO [root] [3] Successfully validated VAL message
2025-12-16 09:15:35,743 INFO [root] [3] Broadcasted ECHO message for roothash b'*\xa3\x83_o\x16\n\xf8\xaa="\x87\xda\xe0\tH\xc3m\xd7}N\xbeYI.@y\x84\xba\x99\x80\x8d'
2025-12-16 09:15:35,744 INFO [root] broadcast Sending to 1: 20
2025-12-16 09:15:35,744 INFO [root] broadcast Sending to 2: 21
2025-12-16 09:15:35,744 INFO [root] broadcast Sending to 3: 22
2025-12-16 09:15:35,744 INFO [root] broadcast Sending to 4: 23
2025-12-16 09:15:35,744 INFO [root] [2] Starting Batch AVSS. Id: 0, Dealer Id: 2, Client Mode: False
2025-12-16 09:15:35,744 INFO [root] [2] AVSS tag: 2-0-5-B-AVSS
2025-12-16 09:15:35,744 INFO [root] [2] RBC tag: 2-0-5-B-RBC
2025-12-16 09:15:35,744 INFO [root] [2] Starting AVSS with shares_num: 25, dealer_id: 2, client_mode: False
2025-12-16 09:15:35,744 INFO [root] rbc_list: [18, 20, 21, 22, 23]
2025-12-16 09:15:35,744 INFO [root] committee_size: 4
2025-12-16 09:15:35,744 INFO [root] n: 5
2025-12-16 09:15:35,744 INFO [root] f: 1
2025-12-16 09:15:35,744 INFO [root] pid: 3
2025-12-16 09:15:35,744 INFO [root] leader: 2
2025-12-16 09:15:35,744 INFO [root] [3] Received VAL message from 18
2025-12-16 09:15:35,744 INFO [root] entering n == commitee_size + 1
2025-12-16 09:15:35,744 INFO [root] [3] sender: 18, leader: 2
2025-12-16 09:15:35,744 INFO [root] [3] Successfully validated VAL message
2025-12-16 09:15:35,744 INFO [root] [3] Broadcasted ECHO message for roothash b')j\x1e]Z,\xcb\x1f\x8f\xc9\xc5;\xae\xef_\xaa\xcc\xafH\xab\x90;\xc6\xf7;t\x8dT)\x88\xefh'
2025-12-16 09:15:35,744 INFO [root] broadcast Sending to 1: 20
2025-12-16 09:15:35,744 INFO [root] broadcast Sending to 2: 21
2025-12-16 09:15:35,744 INFO [root] broadcast Sending to 3: 22
2025-12-16 09:15:35,744 INFO [root] broadcast Sending to 4: 23
2025-12-16 09:15:35,744 INFO [root] [2] Starting Batch AVSS. Id: 0, Dealer Id: 3, Client Mode: False
2025-12-16 09:15:35,744 INFO [root] [2] AVSS tag: 3-0-5-B-AVSS
2025-12-16 09:15:35,744 INFO [root] [2] RBC tag: 3-0-5-B-RBC
2025-12-16 09:15:35,744 INFO [root] [2] Starting AVSS with shares_num: 25, dealer_id: 3, client_mode: False
2025-12-16 09:15:35,744 INFO [root] rbc_list: [19, 20, 21, 22, 23]
2025-12-16 09:15:35,744 INFO [root] committee_size: 4
2025-12-16 09:15:35,744 INFO [root] n: 5
2025-12-16 09:15:35,744 INFO [root] f: 1
2025-12-16 09:15:35,744 INFO [root] pid: 2
2025-12-16 09:15:35,744 INFO [root] leader: 3
2025-12-16 09:15:35,744 INFO [root] [2] Received VAL message from 19
2025-12-16 09:15:35,744 INFO [root] entering n == commitee_size + 1
2025-12-16 09:15:35,744 INFO [root] [2] sender: 19, leader: 3
2025-12-16 09:15:35,744 INFO [root] [2] Successfully validated VAL message
2025-12-16 09:15:35,744 INFO [root] [2] Broadcasted ECHO message for roothash b"\xff\x0c]88\xe9F;\x16\x0f\xb5.\xfbNS\xb68\xe4\xa5\\B\x9a\xd6\xccM\xf2'FX\x92\xa4\xe0"
2025-12-16 09:15:35,744 INFO [root] broadcast Sending to 1: 20
2025-12-16 09:15:35,744 INFO [root] broadcast Sending to 2: 21
2025-12-16 09:15:35,744 INFO [root] broadcast Sending to 3: 22
2025-12-16 09:15:35,744 INFO [root] broadcast Sending to 4: 23
2025-12-16 09:15:35,744 INFO [root] [3] Received ECHO message from 20
2025-12-16 09:15:35,744 INFO [root] [3] Received ECHO message from 23
2025-12-16 09:15:35,745 INFO [root] [3] Received ECHO message from 22
2025-12-16 09:15:35,745 INFO [root] [3] Broadcasted READY message for roothash b'a\x8f\xdd\xbf?\xc3]f\xefmZpI\xfd\xa1\x8c\xc3i\xc5\xb7?\x8c\x0bc\xc3\xec\xe9\xd7\xd4\x9fB-'
2025-12-16 09:15:35,745 INFO [root] broadcast Sending to 1: 20
2025-12-16 09:15:35,745 INFO [root] broadcast Sending to 2: 21
2025-12-16 09:15:35,745 INFO [root] broadcast Sending to 3: 22
2025-12-16 09:15:35,745 INFO [root] broadcast Sending to 4: 23
2025-12-16 09:15:35,745 INFO [root] [3] Received ECHO message from 20
2025-12-16 09:15:35,745 INFO [root] [3] Received ECHO message from 23
2025-12-16 09:15:35,745 INFO [root] [3] Received ECHO message from 22
2025-12-16 09:15:35,745 INFO [root] [3] Broadcasted READY message for roothash b'*\xa3\x83_o\x16\n\xf8\xaa="\x87\xda\xe0\tH\xc3m\xd7}N\xbeYI.@y\x84\xba\x99\x80\x8d'
2025-12-16 09:15:35,745 INFO [root] broadcast Sending to 1: 20
2025-12-16 09:15:35,745 INFO [root] broadcast Sending to 2: 21
2025-12-16 09:15:35,745 INFO [root] broadcast Sending to 3: 22
2025-12-16 09:15:35,745 INFO [root] broadcast Sending to 4: 23
2025-12-16 09:15:35,745 INFO [root] [3] Received ECHO message from 20
2025-12-16 09:15:35,745 INFO [root] [3] Received ECHO message from 23
2025-12-16 09:15:35,745 INFO [root] [3] Received ECHO message from 22
2025-12-16 09:15:35,745 INFO [root] [3] Broadcasted READY message for roothash b')j\x1e]Z,\xcb\x1f\x8f\xc9\xc5;\xae\xef_\xaa\xcc\xafH\xab\x90;\xc6\xf7;t\x8dT)\x88\xefh'
2025-12-16 09:15:35,745 INFO [root] broadcast Sending to 1: 20
2025-12-16 09:15:35,745 INFO [root] broadcast Sending to 2: 21
2025-12-16 09:15:35,745 INFO [root] broadcast Sending to 3: 22
2025-12-16 09:15:35,745 INFO [root] broadcast Sending to 4: 23
2025-12-16 09:15:35,745 INFO [root] [2] Received ECHO message from 20
2025-12-16 09:15:35,745 INFO [root] [2] Received ECHO message from 23
2025-12-16 09:15:35,745 INFO [root] [2] Received ECHO message from 22
2025-12-16 09:15:35,745 INFO [root] [2] Broadcasted READY message for roothash b"\xff\x0c]88\xe9F;\x16\x0f\xb5.\xfbNS\xb68\xe4\xa5\\B\x9a\xd6\xccM\xf2'FX\x92\xa4\xe0"
2025-12-16 09:15:35,745 INFO [root] broadcast Sending to 1: 20
2025-12-16 09:15:35,745 INFO [root] broadcast Sending to 2: 21
2025-12-16 09:15:35,745 INFO [root] broadcast Sending to 3: 22
2025-12-16 09:15:35,745 INFO [root] broadcast Sending to 4: 23
2025-12-16 09:15:35,745 INFO [root] [3] Received READY message from 22
2025-12-16 09:15:35,745 INFO [root] [3] Received READY message from 22
2025-12-16 09:15:35,745 INFO [root] [3] Received READY message from 22
2025-12-16 09:15:35,745 INFO [root] [2] Received READY message from 22
2025-12-16 09:15:35,747 INFO [root] [3] Received READY message from 23
2025-12-16 09:15:35,747 INFO [root] [3] Received READY message from 23
2025-12-16 09:15:35,747 INFO [root] [3] Received READY message from 23
2025-12-16 09:15:35,747 INFO [root] [2] Received READY message from 23
2025-12-16 09:15:35,749 INFO [root] [3] Received READY message from 20
2025-12-16 09:15:35,749 INFO [root] Decoding output for roothash: b'a\x8f\xdd\xbf?\xc3]f\xefmZpI\xfd\xa1\x8c\xc3i\xc5\xb7?\x8c\x0bc\xc3\xec\xe9\xd7\xd4\x9fB-'
2025-12-16 09:15:35,749 INFO [root] [2] Received RBC message
2025-12-16 09:15:35,749 INFO [root] multicast list: [20, 21, 22, 23]
2025-12-16 09:15:35,749 INFO [root] before avid.retrieve
2025-12-16 09:15:35,749 INFO [root] [3] Received READY message from 20
2025-12-16 09:15:35,749 INFO [root] Decoding output for roothash: b'*\xa3\x83_o\x16\n\xf8\xaa="\x87\xda\xe0\tH\xc3m\xd7}N\xbeYI.@y\x84\xba\x99\x80\x8d'
2025-12-16 09:15:35,749 INFO [root] [2] Received RBC message
2025-12-16 09:15:35,749 INFO [root] multicast list: [20, 21, 22, 23]
2025-12-16 09:15:35,749 INFO [root] before avid.retrieve
2025-12-16 09:15:35,749 INFO [root] [3] Received READY message from 20
2025-12-16 09:15:35,749 INFO [root] Decoding output for roothash: b')j\x1e]Z,\xcb\x1f\x8f\xc9\xc5;\xae\xef_\xaa\xcc\xafH\xab\x90;\xc6\xf7;t\x8dT)\x88\xefh'
2025-12-16 09:15:35,749 INFO [root] [2] Received RBC message
2025-12-16 09:15:35,749 INFO [root] multicast list: [20, 21, 22, 23]
2025-12-16 09:15:35,750 INFO [root] before avid.retrieve
2025-12-16 09:15:35,750 INFO [root] [2] Received READY message from 20
2025-12-16 09:15:35,750 INFO [root] Decoding output for roothash: b"\xff\x0c]88\xe9F;\x16\x0f\xb5.\xfbNS\xb68\xe4\xa5\\B\x9a\xd6\xccM\xf2'FX\x92\xa4\xe0"
2025-12-16 09:15:35,750 INFO [root] [2] Received RBC message
2025-12-16 09:15:35,750 INFO [root] multicast list: [20, 21, 22, 23]
2025-12-16 09:15:35,750 INFO [root] before avid.retrieve
2025-12-16 09:15:35,750 INFO [root] AVID broadcast to 1: 20
2025-12-16 09:15:35,750 INFO [root] AVID broadcast to 2: 21
2025-12-16 09:15:35,750 INFO [root] AVID broadcast to 3: 22
2025-12-16 09:15:35,750 INFO [root] AVID broadcast to 4: 23
2025-12-16 09:15:35,750 INFO [root] AVID broadcast to 1: 20
2025-12-16 09:15:35,750 INFO [root] AVID broadcast to 2: 21
2025-12-16 09:15:35,750 INFO [root] AVID broadcast to 3: 22
2025-12-16 09:15:35,750 INFO [root] AVID broadcast to 4: 23
2025-12-16 09:15:35,750 INFO [root] AVID broadcast to 1: 20
2025-12-16 09:15:35,750 INFO [root] AVID broadcast to 2: 21
2025-12-16 09:15:35,750 INFO [root] AVID broadcast to 3: 22
2025-12-16 09:15:35,750 INFO [root] AVID broadcast to 4: 23
2025-12-16 09:15:35,751 INFO [root] AVID broadcast to 1: 20
2025-12-16 09:15:35,751 INFO [root] AVID broadcast to 2: 21
2025-12-16 09:15:35,751 INFO [root] AVID broadcast to 3: 22
2025-12-16 09:15:35,751 INFO [root] AVID broadcast to 4: 23
2025-12-16 09:15:35,756 INFO [root] AVID broadcast to 1: 20
2025-12-16 09:15:35,756 INFO [root] AVID broadcast to 2: 21
2025-12-16 09:15:35,756 INFO [root] AVID broadcast to 3: 22
2025-12-16 09:15:35,756 INFO [root] AVID broadcast to 4: 23
2025-12-16 09:15:35,756 INFO [root] AVID broadcast to 1: 20
2025-12-16 09:15:35,756 INFO [root] AVID broadcast to 2: 21
2025-12-16 09:15:35,756 INFO [root] AVID broadcast to 3: 22
2025-12-16 09:15:35,756 INFO [root] AVID broadcast to 4: 23
2025-12-16 09:15:35,756 INFO [root] AVID broadcast to 1: 20
2025-12-16 09:15:35,756 INFO [root] AVID broadcast to 2: 21
2025-12-16 09:15:35,756 INFO [root] AVID broadcast to 3: 22
2025-12-16 09:15:35,756 INFO [root] AVID broadcast to 4: 23
2025-12-16 09:15:35,756 INFO [root] AVID broadcast to 1: 20
2025-12-16 09:15:35,756 INFO [root] AVID broadcast to 2: 21
2025-12-16 09:15:35,756 INFO [root] AVID broadcast to 3: 22
2025-12-16 09:15:35,756 INFO [root] AVID broadcast to 4: 23
2025-12-16 09:15:35,757 INFO [root] 0-0-5-B-AVSS 2 RETRIEVE called.
2025-12-16 09:15:35,757 INFO [root] AVID broadcast to 1: 20
2025-12-16 09:15:35,757 INFO [root] AVID broadcast to 2: 21
2025-12-16 09:15:35,757 INFO [root] AVID broadcast to 3: 22
2025-12-16 09:15:35,757 INFO [root] AVID broadcast to 4: 23
2025-12-16 09:15:35,757 INFO [root] 0-0-5-B-AVSS 2 RETRIEVE broadcasted.
2025-12-16 09:15:35,757 INFO [root] 1-0-5-B-AVSS 2 RETRIEVE called.
2025-12-16 09:15:35,757 INFO [root] AVID broadcast to 1: 20
2025-12-16 09:15:35,757 INFO [root] AVID broadcast to 2: 21
2025-12-16 09:15:35,757 INFO [root] AVID broadcast to 3: 22
2025-12-16 09:15:35,757 INFO [root] AVID broadcast to 4: 23
2025-12-16 09:15:35,757 INFO [root] 1-0-5-B-AVSS 2 RETRIEVE broadcasted.
2025-12-16 09:15:35,757 INFO [root] 2-0-5-B-AVSS 2 RETRIEVE called.
2025-12-16 09:15:35,757 INFO [root] AVID broadcast to 1: 20
2025-12-16 09:15:35,757 INFO [root] AVID broadcast to 2: 21
2025-12-16 09:15:35,757 INFO [root] AVID broadcast to 3: 22
2025-12-16 09:15:35,757 INFO [root] AVID broadcast to 4: 23
2025-12-16 09:15:35,757 INFO [root] 2-0-5-B-AVSS 2 RETRIEVE broadcasted.
2025-12-16 09:15:35,757 INFO [root] 3-0-5-B-AVSS 2 RETRIEVE called.
2025-12-16 09:15:35,757 INFO [root] AVID broadcast to 1: 20
2025-12-16 09:15:35,757 INFO [root] AVID broadcast to 2: 21
2025-12-16 09:15:35,757 INFO [root] AVID broadcast to 3: 22
2025-12-16 09:15:35,757 INFO [root] AVID broadcast to 4: 23
2025-12-16 09:15:35,757 INFO [root] 3-0-5-B-AVSS 2 RETRIEVE broadcasted.
2025-12-16 09:15:35,757 INFO [root] disperse msid: 0-0-5-B-AVSS, index: 2
2025-12-16 09:15:35,757 INFO [root] AVID retrieve called with sid: 0-0-5-B-AVID, index: 2
2025-12-16 09:15:35,757 INFO [root] disperse msid: 1-0-5-B-AVSS, index: 2
2025-12-16 09:15:35,757 INFO [root] AVID retrieve called with sid: 1-0-5-B-AVID, index: 2
2025-12-16 09:15:35,757 INFO [root] disperse msid: 2-0-5-B-AVSS, index: 2
2025-12-16 09:15:35,757 INFO [root] AVID retrieve called with sid: 2-0-5-B-AVID, index: 2
2025-12-16 09:15:35,757 INFO [root] disperse msid: 3-0-5-B-AVSS, index: 2
2025-12-16 09:15:35,757 INFO [root] AVID retrieve called with sid: 3-0-5-B-AVID, index: 2
2025-12-16 09:15:35,758 INFO [root] 0-0-5-B-AVSS 2 AVID retrieve msg from 22
2025-12-16 09:15:35,758 INFO [root] AVID retrieve response received
2025-12-16 09:15:35,758 INFO [root] retrieve msid: 0-0-5-B-AVID, response_index: 2
2025-12-16 09:15:35,758 INFO [root] RESPONSE from 22
2025-12-16 09:15:35,758 INFO [root] sender self.committee_size: 2
2025-12-16 09:15:35,758 INFO [root] 1-0-5-B-AVSS 2 AVID retrieve msg from 22
2025-12-16 09:15:35,758 INFO [root] AVID retrieve response received
2025-12-16 09:15:35,758 INFO [root] retrieve msid: 1-0-5-B-AVID, response_index: 2
2025-12-16 09:15:35,758 INFO [root] RESPONSE from 22
2025-12-16 09:15:35,758 INFO [root] sender self.committee_size: 2
2025-12-16 09:15:35,758 INFO [root] 2-0-5-B-AVSS 2 AVID retrieve msg from 22
2025-12-16 09:15:35,758 INFO [root] AVID retrieve response received
2025-12-16 09:15:35,758 INFO [root] retrieve msid: 2-0-5-B-AVID, response_index: 2
2025-12-16 09:15:35,758 INFO [root] RESPONSE from 22
2025-12-16 09:15:35,758 INFO [root] sender self.committee_size: 2
2025-12-16 09:15:35,758 INFO [root] 3-0-5-B-AVSS 2 AVID retrieve msg from 22
2025-12-16 09:15:35,758 INFO [root] AVID retrieve response received
2025-12-16 09:15:35,758 INFO [root] retrieve msid: 3-0-5-B-AVID, response_index: 2
2025-12-16 09:15:35,758 INFO [root] RESPONSE from 22
2025-12-16 09:15:35,758 INFO [root] sender self.committee_size: 2
2025-12-16 09:15:35,758 INFO [root] disperse msid: 0-0-5-B-AVSS, index: 3
2025-12-16 09:15:35,758 INFO [root] AVID retrieve called with sid: 0-0-5-B-AVID, index: 3
2025-12-16 09:15:35,758 INFO [root] disperse msid: 1-0-5-B-AVSS, index: 3
2025-12-16 09:15:35,758 INFO [root] AVID retrieve called with sid: 1-0-5-B-AVID, index: 3
2025-12-16 09:15:35,758 INFO [root] disperse msid: 2-0-5-B-AVSS, index: 3
2025-12-16 09:15:35,758 INFO [root] AVID retrieve called with sid: 2-0-5-B-AVID, index: 3
2025-12-16 09:15:35,759 INFO [root] disperse msid: 3-0-5-B-AVSS, index: 3
2025-12-16 09:15:35,759 INFO [root] AVID retrieve called with sid: 3-0-5-B-AVID, index: 3
2025-12-16 09:15:35,759 INFO [root] 0-0-5-B-AVSS 2 AVID retrieve msg from 23
2025-12-16 09:15:35,759 INFO [root] AVID retrieve response received
2025-12-16 09:15:35,759 INFO [root] retrieve msid: 0-0-5-B-AVID, response_index: 2
2025-12-16 09:15:35,759 INFO [root] RESPONSE from 23
2025-12-16 09:15:35,759 INFO [root] sender self.committee_size: 3
2025-12-16 09:15:35,760 INFO [root] 0-0-5-B-AVSS 2 RETRIEVE complete.
2025-12-16 09:15:35,760 INFO [root] after avid.retrieve dispersal_msg
2025-12-16 09:15:35,760 INFO [root] Handling dealer messages for dealer_id: 0, tag: 0-0-5-B-AVSS
2025-12-16 09:15:35,763 INFO [beaver.hbacss] [PedersenCommit] invoking pyPedersenCommit...
num_generators 50
padded_num_generators 64
2025-12-16 09:15:35,797 INFO [beaver.hbacss] verifier_result_json: {"verified":true}
2025-12-16 09:15:35,801 INFO [root] inner product verified successfully
2025-12-16 09:15:35,812 INFO [root] shares verified successfully
2025-12-16 09:15:35,812 INFO [root] all_shares_valid: True
2025-12-16 09:15:35,812 INFO [root] after _handle_dealer_msgs, all_shares_valid
2025-12-16 09:15:35,812 INFO [root] self.tagvars[tag]['all_shares_valid']: True
2025-12-16 09:15:35,812 INFO [root] multicast to 20
2025-12-16 09:15:35,812 INFO [root] multicast to 21
2025-12-16 09:15:35,812 INFO [root] multicast to 22
2025-12-16 09:15:35,812 INFO [root] multicast to 23
2025-12-16 09:15:35,812 INFO [root] 1-0-5-B-AVSS 2 AVID retrieve msg from 23
2025-12-16 09:15:35,812 INFO [root] AVID retrieve response received
2025-12-16 09:15:35,812 INFO [root] retrieve msid: 1-0-5-B-AVID, response_index: 2
2025-12-16 09:15:35,812 INFO [root] RESPONSE from 23
2025-12-16 09:15:35,812 INFO [root] sender self.committee_size: 3
2025-12-16 09:15:35,813 INFO [root] 1-0-5-B-AVSS 2 RETRIEVE complete.
2025-12-16 09:15:35,813 INFO [root] after avid.retrieve dispersal_msg
2025-12-16 09:15:35,813 INFO [root] Handling dealer messages for dealer_id: 1, tag: 1-0-5-B-AVSS
2025-12-16 09:15:35,814 INFO [beaver.hbacss] [PedersenCommit] invoking pyPedersenCommit...
num_generators 50
padded_num_generators 64
2025-12-16 09:15:35,847 INFO [beaver.hbacss] verifier_result_json: {"verified":true}
2025-12-16 09:15:35,852 INFO [root] inner product verified successfully
2025-12-16 09:15:35,865 INFO [root] shares verified successfully
2025-12-16 09:15:35,865 INFO [root] all_shares_valid: True
2025-12-16 09:15:35,866 INFO [root] after _handle_dealer_msgs, all_shares_valid
2025-12-16 09:15:35,866 INFO [root] self.tagvars[tag]['all_shares_valid']: True
2025-12-16 09:15:35,866 INFO [root] multicast to 20
2025-12-16 09:15:35,866 INFO [root] multicast to 21
2025-12-16 09:15:35,866 INFO [root] multicast to 22
2025-12-16 09:15:35,866 INFO [root] multicast to 23
2025-12-16 09:15:35,866 INFO [root] 2-0-5-B-AVSS 2 AVID retrieve msg from 23
2025-12-16 09:15:35,866 INFO [root] AVID retrieve response received
2025-12-16 09:15:35,866 INFO [root] retrieve msid: 2-0-5-B-AVID, response_index: 2
2025-12-16 09:15:35,866 INFO [root] RESPONSE from 23
2025-12-16 09:15:35,866 INFO [root] sender self.committee_size: 3
2025-12-16 09:15:35,866 INFO [root] 2-0-5-B-AVSS 2 RETRIEVE complete.
2025-12-16 09:15:35,866 INFO [root] after avid.retrieve dispersal_msg
2025-12-16 09:15:35,866 INFO [root] Handling dealer messages for dealer_id: 2, tag: 2-0-5-B-AVSS
2025-12-16 09:15:35,867 INFO [beaver.hbacss] [PedersenCommit] invoking pyPedersenCommit...
num_generators 50
padded_num_generators 64
2025-12-16 09:15:35,900 INFO [beaver.hbacss] verifier_result_json: {"verified":true}
2025-12-16 09:15:35,904 INFO [root] inner product verified successfully
2025-12-16 09:15:35,921 INFO [root] shares verified successfully
2025-12-16 09:15:35,921 INFO [root] all_shares_valid: True
2025-12-16 09:15:35,921 INFO [root] after _handle_dealer_msgs, all_shares_valid
2025-12-16 09:15:35,921 INFO [root] self.tagvars[tag]['all_shares_valid']: True
2025-12-16 09:15:35,921 INFO [root] multicast to 20
2025-12-16 09:15:35,921 INFO [root] multicast to 21
2025-12-16 09:15:35,921 INFO [root] multicast to 22
2025-12-16 09:15:35,921 INFO [root] multicast to 23
2025-12-16 09:15:35,921 INFO [root] 3-0-5-B-AVSS 2 AVID retrieve msg from 23
2025-12-16 09:15:35,921 INFO [root] AVID retrieve response received
2025-12-16 09:15:35,921 INFO [root] retrieve msid: 3-0-5-B-AVID, response_index: 2
2025-12-16 09:15:35,921 INFO [root] RESPONSE from 23
2025-12-16 09:15:35,921 INFO [root] sender self.committee_size: 3
2025-12-16 09:15:35,921 INFO [root] 3-0-5-B-AVSS 2 RETRIEVE complete.
2025-12-16 09:15:35,921 INFO [root] after avid.retrieve dispersal_msg
2025-12-16 09:15:35,921 INFO [root] Handling dealer messages for dealer_id: 3, tag: 3-0-5-B-AVSS
2025-12-16 09:15:35,923 INFO [beaver.hbacss] [PedersenCommit] invoking pyPedersenCommit...
num_generators 50
padded_num_generators 64
2025-12-16 09:15:35,961 INFO [beaver.hbacss] verifier_result_json: {"verified":true}
2025-12-16 09:15:35,967 INFO [root] inner product verified successfully
2025-12-16 09:15:35,979 INFO [root] shares verified successfully
2025-12-16 09:15:35,980 INFO [root] all_shares_valid: True
2025-12-16 09:15:35,980 INFO [root] after _handle_dealer_msgs, all_shares_valid
2025-12-16 09:15:35,980 INFO [root] self.tagvars[tag]['all_shares_valid']: True
2025-12-16 09:15:35,980 INFO [root] multicast to 20
2025-12-16 09:15:35,980 INFO [root] multicast to 21
2025-12-16 09:15:35,980 INFO [root] multicast to 22
2025-12-16 09:15:35,980 INFO [root] multicast to 23
2025-12-16 09:15:35,981 INFO [root] key_proposal: [0, 1, 2, 3]
2025-12-16 09:15:35,981 INFO [beaver.batch_multiplication] [2] [random shares] Starting ACS where node 1 is set as leader 
2025-12-16 09:15:35,981 INFO [beaver.batch_multiplication] [2] [random shares] The proposal of node 2 is [0, 1, 2, 3]
2025-12-16 09:15:35,981 INFO [root] enter handle_message
2025-12-16 09:15:35,981 INFO [root] [2] Received OK from [22]
2025-12-16 09:15:35,981 INFO [root] [2] OK set: {22}
2025-12-16 09:15:35,981 INFO [root] output: True
2025-12-16 09:15:35,981 INFO [root] [2] Received OK from [22]
2025-12-16 09:15:35,981 INFO [root] [2] OK set: {22}
2025-12-16 09:15:35,981 INFO [root] output: True
2025-12-16 09:15:35,981 INFO [root] [2] Received OK from [22]
2025-12-16 09:15:35,981 INFO [root] [2] OK set: {22}
2025-12-16 09:15:35,981 INFO [root] output: True
2025-12-16 09:15:35,981 INFO [root] [2] Received OK from [22]
2025-12-16 09:15:35,981 INFO [root] [2] OK set: {22}
2025-12-16 09:15:35,981 INFO [root] output: True
2025-12-16 09:15:35,981 INFO [root] disperse msid: 0-0-5-B-AVSS, index: 0
2025-12-16 09:15:35,981 INFO [root] AVID retrieve called with sid: 0-0-5-B-AVID, index: 0
2025-12-16 09:15:35,981 INFO [root] disperse msid: 0-0-5-B-AVSS, index: 1
2025-12-16 09:15:35,981 INFO [root] AVID retrieve called with sid: 0-0-5-B-AVID, index: 1
2025-12-16 09:15:35,981 INFO [root] [2] Received OK from [23]
2025-12-16 09:15:35,981 INFO [root] [2] OK set: {22, 23}
2025-12-16 09:15:35,981 INFO [root] output: True
2025-12-16 09:15:35,981 INFO [root] disperse msid: 1-0-5-B-AVSS, index: 0
2025-12-16 09:15:35,981 INFO [root] AVID retrieve called with sid: 1-0-5-B-AVID, index: 0
2025-12-16 09:15:35,981 INFO [root] disperse msid: 1-0-5-B-AVSS, index: 1
2025-12-16 09:15:35,981 INFO [root] AVID retrieve called with sid: 1-0-5-B-AVID, index: 1
2025-12-16 09:15:35,981 INFO [root] [2] Received OK from [23]
2025-12-16 09:15:35,981 INFO [root] [2] OK set: {22, 23}
2025-12-16 09:15:35,981 INFO [root] output: True
2025-12-16 09:15:35,981 INFO [root] disperse msid: 2-0-5-B-AVSS, index: 0
2025-12-16 09:15:35,981 INFO [root] AVID retrieve called with sid: 2-0-5-B-AVID, index: 0
2025-12-16 09:15:35,982 INFO [root] disperse msid: 2-0-5-B-AVSS, index: 1
2025-12-16 09:15:35,982 INFO [root] AVID retrieve called with sid: 2-0-5-B-AVID, index: 1
2025-12-16 09:15:35,982 INFO [root] [2] Received OK from [23]
2025-12-16 09:15:35,982 INFO [root] [2] OK set: {22, 23}
2025-12-16 09:15:35,982 INFO [root] output: True
2025-12-16 09:15:35,982 INFO [root] disperse msid: 3-0-5-B-AVSS, index: 0
2025-12-16 09:15:35,982 INFO [root] AVID retrieve called with sid: 3-0-5-B-AVID, index: 0
2025-12-16 09:15:35,982 INFO [root] disperse msid: 3-0-5-B-AVSS, index: 1
2025-12-16 09:15:35,982 INFO [root] AVID retrieve called with sid: 3-0-5-B-AVID, index: 1
2025-12-16 09:15:35,982 INFO [root] [2] Received OK from [23]
2025-12-16 09:15:35,982 INFO [root] [2] OK set: {22, 23}
2025-12-16 09:15:35,982 INFO [root] output: True
2025-12-16 09:15:35,987 INFO [root] [2] Received OK from [20]
2025-12-16 09:15:35,987 INFO [root] [2] OK set: {20, 22, 23}
2025-12-16 09:15:35,987 INFO [root] output: True
2025-12-16 09:15:35,987 INFO [root] [2] Received OK from [20]
2025-12-16 09:15:35,988 INFO [root] [2] OK set: {20, 22, 23}
2025-12-16 09:15:35,988 INFO [root] output: True
2025-12-16 09:15:35,988 INFO [root] [2] Received OK from [20]
2025-12-16 09:15:35,988 INFO [root] [2] OK set: {20, 22, 23}
2025-12-16 09:15:35,988 INFO [root] output: True
2025-12-16 09:15:35,988 INFO [root] [2] Received OK from [20]
2025-12-16 09:15:35,988 INFO [root] [2] OK set: {20, 22, 23}
2025-12-16 09:15:35,988 INFO [root] output: True
2025-12-16 09:15:36,168 INFO [root] [2] Received OK from [21]
2025-12-16 09:15:36,168 INFO [root] [2] OK set: {20, 21, 22, 23}
2025-12-16 09:15:36,168 INFO [root] output: True
2025-12-16 09:15:36,168 INFO [root] [2] exit
2025-12-16 09:15:36,169 INFO [root] [2] Received OK from [21]
2025-12-16 09:15:36,169 INFO [root] [2] OK set: {20, 21, 22, 23}
2025-12-16 09:15:36,169 INFO [root] output: True
2025-12-16 09:15:36,169 INFO [root] [2] exit
2025-12-16 09:15:36,169 INFO [root] [2] Received OK from [21]
2025-12-16 09:15:36,169 INFO [root] [2] OK set: {20, 21, 22, 23}
2025-12-16 09:15:36,169 INFO [root] output: True
2025-12-16 09:15:36,169 INFO [root] [2] exit
2025-12-16 09:15:36,169 INFO [root] [2] Received OK from [21]
2025-12-16 09:15:36,169 INFO [root] [2] OK set: {20, 21, 22, 23}
2025-12-16 09:15:36,169 INFO [root] output: True
2025-12-16 09:15:36,169 INFO [root] [2] exit
2025-12-16 09:15:36,169 INFO [root] [2] otmvba msg value
2025-12-16 09:15:36,169 INFO [root] [2] otmvba handle value message
2025-12-16 09:15:36,169 INFO [root] [2] value-self.acss_outputs.keys():dict_keys([0, 1, 2, 3])
2025-12-16 09:15:36,170 INFO [root] [2] --Directly send the proposal!--
2025-12-16 09:15:36,190 INFO [root] [2] otmvba msg PrevoteQC
2025-12-16 09:15:36,190 INFO [root] [2] otmvba handle prevote qc message
2025-12-16 09:15:36,225 INFO [root] [2] otmvba msg VoteQC
2025-12-16 09:15:36,225 INFO [root] [2] otmvba handle vote qc message
2025-12-16 09:15:36,230 INFO [root] [2] otmvba Broadcasting to 20
2025-12-16 09:15:36,230 INFO [root] [2] otmvba Broadcasting to 21
2025-12-16 09:15:36,230 INFO [root] [2] otmvba Broadcasting to 22
2025-12-16 09:15:36,230 INFO [root] [2] otmvba Broadcasting to 23
2025-12-16 09:15:36,230 INFO [root] [2] otmvba msg Terminate
2025-12-16 09:15:36,230 INFO [root] [2] otmvba handle terminate message
2025-12-16 09:15:36,235 INFO [root] [2] otmvba Broadcasting to 20
2025-12-16 09:15:36,235 INFO [root] [2] otmvba Broadcasting to 21
2025-12-16 09:15:36,235 INFO [root] [2] otmvba Broadcasting to 22
2025-12-16 09:15:36,235 INFO [root] [2] otmvba Broadcasting to 23
2025-12-16 09:15:36,235 INFO [beaver.batch_multiplication] [2] [random shares] The ACS set is [0, 1, 2, 3]
2025-12-16 09:15:36,235 INFO [root] common: [0, 1, 2, 3]
2025-12-16 09:15:36,265 INFO [beaver.batch_multiplication] [2] [asynchronous batch multiplication] Finished! Node 2, total number: 25, time: 0.5249307155609131 (seconds)
2025-12-16 09:15:36,266 INFO [root] layer ID: 5 mul_foll_time: 0.5257799625396729
2025-12-16 09:15:36,266 INFO [root] layer ID: 5 trusted_verification_time: 6.4972429275512695
2025-12-16 09:15:36,268 INFO [root] layer ID: 5 add_outputs length: 50
2025-12-16 09:15:36,268 INFO [root] layer ID: 5 exec_time: 0.002381563186645508
2025-12-16 09:15:36,268 INFO [beaver.transfer] [2] Starting DynamicTransfer
2025-12-16 09:15:36,268 INFO [beaver.transfer] [2] Starting ACSS to share 25 secrets
2025-12-16 09:15:36,268 INFO [root] [2] [asynchronous dynamic transfer] Layer ID: 5
2025-12-16 09:15:36,269 INFO [root] public_keys: [{'X': '3979128265252450581944227045118150059469200541014191645625482785250234631763934664571654418005620225228598432125524', 'Y': '3282387724390661851862885554430161725123115326864045287097547361948042471753598072800966654021059848119980094361151'}, {'X': '1839084859992074065866053631119495525957432409409953234652023902911797794268515911306825358809014264824725013507706', 'Y': '888714224236170982923328552235918888856766374432734363109994372829502834852561110339114862259867020359662198626803'}, {'X': '1129888886162094614254754378286495753455411094794491134971405950875282223112678163061188230711394711938785624721001', 'Y': '3423375867941156850915394421974631986589091131102013057448123146054953294052283733968444436306663834900007587005140'}, {'X': '858288366693910107421598643543042342747082010451914862919189794315075514268727608960504484381000958580850117056759', 'Y': '1295463034934169630171035637319415296213765207016901379504547978164811177921471018957671182273783737675097120268174'}]
2025-12-16 09:15:36,269 INFO [root] layer ID: 5 trans_pre_time: 0.0006473064422607422
2025-12-16 09:15:36,269 INFO [root] [2] AVSS tag: 2-0-6-B-AVSS
2025-12-16 09:15:36,269 INFO [root] [2] RBC tag: 2-0-6-B-RBC
2025-12-16 09:15:36,269 INFO [root] enter avss_with_aggtransfer
g = {[6679831729115696150 8653662730902241269 1535610680227111361 17342916647841752903 17135755455211762752 1297449291367578485] [13451288730302620273 10097742279870053774 15949884091978425806 5885175747529691540 1016841820992199104 845620083434234474]}
h = {[13794385998538644597 108816626937764141 12130603454454490125 6127379912259600201 17481961476035825978 950355161936836191] [10722765800778186391 17107915684035394744 11626309118465119103 5217919199071354366 6102759180633827794 660535627654889709]}
Equal? false
2025-12-16 09:15:36,537 INFO [root] [2] Starting reliable broadcast
2025-12-16 09:15:36,537 INFO [root] self.msgmode: avss_with_aggtransfer
2025-12-16 09:15:36,537 INFO [beaver.batch_multiplication] [2] Starting BatchMultiplication
num_generators 50
2025-12-16 09:15:36,743 INFO [beaver.batch_multiplication] Proof hex length: 9288
2025-12-16 09:15:36,743 INFO [beaver.batch_multiplication] Proof size (bytes): 4644
2025-12-16 09:15:36,743 INFO [beaver.batch_multiplication] Proof size (strict bytes): 4644
2025-12-16 09:15:36,743 INFO [beaver.batch_multiplication] [2] Starting ACSS to evaluate 25 multiplication gates
2025-12-16 09:15:36,743 INFO [root] rbc_list: [22, 24, 25, 26, 27]
2025-12-16 09:15:36,743 INFO [root] committee_size: 4
2025-12-16 09:15:36,743 INFO [root] n: 5
2025-12-16 09:15:36,743 INFO [root] f: 1
2025-12-16 09:15:36,743 INFO [root] pid: 2
2025-12-16 09:15:36,743 INFO [root] leader: 2
2025-12-16 09:15:36,743 INFO [root] [2] Sending to 0: 24
2025-12-16 09:15:36,743 INFO [root] [2] Sending to 1: 25
2025-12-16 09:15:36,743 INFO [root] [2] Sending to 2: 26
2025-12-16 09:15:36,743 INFO [root] [2] Sending to 3: 27
2025-12-16 09:15:36,743 INFO [root] [2] Starting AVID disperse
2025-12-16 09:15:36,743 INFO [root] public_keys: [{'X': '3979128265252450581944227045118150059469200541014191645625482785250234631763934664571654418005620225228598432125524', 'Y': '3282387724390661851862885554430161725123115326864045287097547361948042471753598072800966654021059848119980094361151'}, {'X': '1839084859992074065866053631119495525957432409409953234652023902911797794268515911306825358809014264824725013507706', 'Y': '888714224236170982923328552235918888856766374432734363109994372829502834852561110339114862259867020359662198626803'}, {'X': '1129888886162094614254754378286495753455411094794491134971405950875282223112678163061188230711394711938785624721001', 'Y': '3423375867941156850915394421974631986589091131102013057448123146054953294052283733968444436306663834900007587005140'}, {'X': '858288366693910107421598643543042342747082010451914862919189794315075514268727608960504484381000958580850117056759', 'Y': '1295463034934169630171035637319415296213765207016901379504547978164811177921471018957671182273783737675097120268174'}]
2025-12-16 09:15:36,744 INFO [root] layer ID: 5 mul_pre_time: 0.47492384910583496
2025-12-16 09:15:36,744 INFO [root] layer ID: 5 layer_time: 6.975528955459595
2025-12-16 09:15:36,744 INFO [root] [2] Dispersed VAL message to committee
2025-12-16 09:15:36,744 INFO [root] [2] AVSS tag: 2-0-6-B-AVSS
2025-12-16 09:15:36,744 INFO [root] [2] RBC tag: 2-0-6-B-RBC
g = {[6679831729115696150 8653662730902241269 1535610680227111361 17342916647841752903 17135755455211762752 1297449291367578485] [13451288730302620273 10097742279870053774 15949884091978425806 5885175747529691540 1016841820992199104 845620083434234474]}
h = {[13794385998538644597 108816626937764141 12130603454454490125 6127379912259600201 17481961476035825978 950355161936836191] [10722765800778186391 17107915684035394744 11626309118465119103 5217919199071354366 6102759180633827794 660535627654889709]}
Equal? false
2025-12-16 09:15:37,054 INFO [root] [2] Starting reliable broadcast
2025-12-16 09:15:37,054 INFO [root] self.msgmode: avss_with_aggbatch_multiplication
2025-12-16 09:15:37,055 INFO [root] rbc_list: [22, 24, 25, 26, 27]
2025-12-16 09:15:37,055 INFO [root] committee_size: 4
2025-12-16 09:15:37,055 INFO [root] n: 5
2025-12-16 09:15:37,055 INFO [root] f: 1
2025-12-16 09:15:37,055 INFO [root] pid: 2
2025-12-16 09:15:37,055 INFO [root] leader: 2
2025-12-16 09:15:37,055 INFO [root] [2] Sending to 0: 24
2025-12-16 09:15:37,055 INFO [root] [2] Sending to 1: 25
2025-12-16 09:15:37,055 INFO [root] [2] Sending to 2: 26
2025-12-16 09:15:37,055 INFO [root] [2] Sending to 3: 27
2025-12-16 09:15:37,055 INFO [root] [2] Starting AVID disperse
2025-12-16 09:15:37,056 INFO [root] [2] Dispersed VAL message to committee
2025-12-16 09:15:46,747 INFO [root] [2] Bytes Sent: TR5:302875 which is 14.712%
2025-12-16 09:15:46,748 INFO [root] [2] Bytes Sent: M5:652668 which is 31.703%
2025-12-16 09:15:46,748 INFO [root] [2] Bytes Sent: TR6:318484 which is 15.47%
2025-12-16 09:15:46,748 INFO [root] [2] Bytes Sent: M6:784680 which is 38.115%
2025-12-16 09:15:46,748 INFO [root] [2] Total bytes sent out aa: 2058707
2025-12-16 09:15:46,773 INFO [benchmark_logger] Total bytes sent out: 2058707
my_send_id: 22 exec_time: 11.977405786514282
2025-12-16 09:15:46,807 ERROR [asyncio] Task was destroyed but it is pending!
task: <Task pending name='Task-51' coro=<subscribe_recv.<locals>._recv_loop() running at /opt/dumbo-mpc/dumbo-mpc/AsyRanTriGen/beaver/utils/misc.py:89> wait_for=<Future pending cb=[<TaskWakeupMethWrapper object at 0xffff57f76100>()]>>
Exception ignored in: <coroutine object subscribe_recv.<locals>._recv_loop at 0xffff5c1a2f40>
Traceback (most recent call last):
  File "/opt/dumbo-mpc/dumbo-mpc/AsyRanTriGen/beaver/utils/misc.py", line 89, in _recv_loop
    j, (tag, o) = await recv()
  File "/usr/lib/python3.8/asyncio/queues.py", line 165, in get
    getter.cancel()  # Just in case getter is not done yet.
  File "uvloop/loop.pyx", line 1281, in uvloop.loop.Loop.call_soon
  File "uvloop/loop.pyx", line 669, in uvloop.loop.Loop._call_soon
  File "uvloop/loop.pyx", line 678, in uvloop.loop.Loop._call_soon_handle
  File "uvloop/loop.pyx", line 673, in uvloop.loop.Loop._append_ready_handle
  File "uvloop/loop.pyx", line 705, in uvloop.loop.Loop._check_closed
RuntimeError: Event loop is closed
2025-12-16 09:15:46,808 ERROR [asyncio] Task was destroyed but it is pending!
task: <Task pending name='Task-53' coro=<subscribe_recv.<locals>._recv_loop() running at /opt/dumbo-mpc/dumbo-mpc/AsyRanTriGen/beaver/utils/misc.py:89> wait_for=<Future pending cb=[<TaskWakeupMethWrapper object at 0xffff5c186b80>()]>>
2025-12-16 09:15:46,808 ERROR [asyncio] Task was destroyed but it is pending!
task: <Task pending name='Task-55' coro=<subscribe_recv.<locals>._recv_loop() running at /opt/dumbo-mpc/dumbo-mpc/AsyRanTriGen/beaver/utils/misc.py:89> wait_for=<Future pending cb=[<TaskWakeupMethWrapper object at 0xffff5c159a30>()]>>
Exception ignored in: <coroutine object subscribe_recv.<locals>._recv_loop at 0xffff5c1c0440>
Traceback (most recent call last):
  File "/opt/dumbo-mpc/dumbo-mpc/AsyRanTriGen/beaver/utils/misc.py", line 89, in _recv_loop
    j, (tag, o) = await recv()
  File "/usr/lib/python3.8/asyncio/queues.py", line 165, in get
    getter.cancel()  # Just in case getter is not done yet.
  File "uvloop/loop.pyx", line 1281, in uvloop.loop.Loop.call_soon
  File "uvloop/loop.pyx", line 669, in uvloop.loop.Loop._call_soon
  File "uvloop/loop.pyx", line 678, in uvloop.loop.Loop._call_soon_handle
  File "uvloop/loop.pyx", line 673, in uvloop.loop.Loop._append_ready_handle
  File "uvloop/loop.pyx", line 705, in uvloop.loop.Loop._check_closed
RuntimeError: Event loop is closed
Exception ignored in: <coroutine object subscribe_recv.<locals>._recv_loop at 0xffff5c1c03c0>
Traceback (most recent call last):
  File "/opt/dumbo-mpc/dumbo-mpc/AsyRanTriGen/beaver/utils/misc.py", line 89, in _recv_loop
    j, (tag, o) = await recv()
  File "/usr/lib/python3.8/asyncio/queues.py", line 165, in get
    getter.cancel()  # Just in case getter is not done yet.
  File "uvloop/loop.pyx", line 1281, in uvloop.loop.Loop.call_soon
  File "uvloop/loop.pyx", line 669, in uvloop.loop.Loop._call_soon
  File "uvloop/loop.pyx", line 678, in uvloop.loop.Loop._call_soon_handle
  File "uvloop/loop.pyx", line 673, in uvloop.loop.Loop._append_ready_handle
  File "uvloop/loop.pyx", line 705, in uvloop.loop.Loop._check_closed
RuntimeError: Event loop is closed
2025-12-16 09:15:46,808 ERROR [asyncio] Task was destroyed but it is pending!
task: <Task pending name='Task-63' coro=<ACSS_Foll._recv_loop() running at /opt/dumbo-mpc/dumbo-mpc/AsyRanTriGen/beaver/hbacss.py:3705> wait_for=<Future pending cb=[<TaskWakeupMethWrapper object at 0xffff5c1c7880>()]>>
2025-12-16 09:15:46,809 ERROR [asyncio] Task was destroyed but it is pending!
task: <Task pending name='Task-64' coro=<subscribe_recv.<locals>._recv_loop() running at /opt/dumbo-mpc/dumbo-mpc/AsyRanTriGen/beaver/utils/misc.py:89> wait_for=<Future pending cb=[<TaskWakeupMethWrapper object at 0xffff5c181160>()]>>
Exception ignored in: <coroutine object ACSS_Foll._recv_loop at 0xffff5c1c0cc0>
Traceback (most recent call last):
  File "/opt/dumbo-mpc/dumbo-mpc/AsyRanTriGen/beaver/hbacss.py", line 3705, in _recv_loop
    await avid.disperse(tag, self.my_id+1, dispersal_msg_list)
  File "/opt/dumbo-mpc/dumbo-mpc/AsyRanTriGen/beaver/broadcast/avid.py", line 461, in disperse
    sender, msg = await self.recv()
  File "/usr/lib/python3.8/asyncio/queues.py", line 165, in get
    getter.cancel()  # Just in case getter is not done yet.
  File "uvloop/loop.pyx", line 1281, in uvloop.loop.Loop.call_soon
  File "uvloop/loop.pyx", line 669, in uvloop.loop.Loop._call_soon
  File "uvloop/loop.pyx", line 678, in uvloop.loop.Loop._call_soon_handle
  File "uvloop/loop.pyx", line 673, in uvloop.loop.Loop._append_ready_handle
  File "uvloop/loop.pyx", line 705, in uvloop.loop.Loop._check_closed
RuntimeError: Event loop is closed
2025-12-16 09:15:46,810 ERROR [asyncio] Task was destroyed but it is pending!
task: <Task pending name='Task-60' coro=<ACSS_Foll._recv_loop() running at /opt/dumbo-mpc/dumbo-mpc/AsyRanTriGen/beaver/hbacss.py:3705> wait_for=<Future pending cb=[<TaskWakeupMethWrapper object at 0xffff5c1c7b80>()]>>
Exception ignored in: <coroutine object subscribe_recv.<locals>._recv_loop at 0xffff5c1c6940>
Traceback (most recent call last):
  File "/opt/dumbo-mpc/dumbo-mpc/AsyRanTriGen/beaver/utils/misc.py", line 89, in _recv_loop
    j, (tag, o) = await recv()
  File "/usr/lib/python3.8/asyncio/queues.py", line 165, in get
    getter.cancel()  # Just in case getter is not done yet.
  File "uvloop/loop.pyx", line 1281, in uvloop.loop.Loop.call_soon
  File "uvloop/loop.pyx", line 669, in uvloop.loop.Loop._call_soon
  File "uvloop/loop.pyx", line 678, in uvloop.loop.Loop._call_soon_handle
  File "uvloop/loop.pyx", line 673, in uvloop.loop.Loop._append_ready_handle
  File "uvloop/loop.pyx", line 705, in uvloop.loop.Loop._check_closed
RuntimeError: Event loop is closed
2025-12-16 09:15:46,813 ERROR [asyncio] Task was destroyed but it is pending!
task: <Task pending name='Task-62' coro=<ACSS_Foll._recv_loop() running at /opt/dumbo-mpc/dumbo-mpc/AsyRanTriGen/beaver/hbacss.py:3705> wait_for=<Future pending cb=[<TaskWakeupMethWrapper object at 0xffff5c1c7a90>()]>>
2025-12-16 09:15:46,813 ERROR [asyncio] Task was destroyed but it is pending!
task: <Task pending name='Task-61' coro=<ACSS_Foll._recv_loop() running at /opt/dumbo-mpc/dumbo-mpc/AsyRanTriGen/beaver/hbacss.py:3703> wait_for=<Future pending cb=[<TaskWakeupMethWrapper object at 0xffff5c1c7e50>()]>>
Exception ignored in: <coroutine object ACSS_Foll._recv_loop at 0xffff5c1c0e40>
Traceback (most recent call last):
  File "/opt/dumbo-mpc/dumbo-mpc/AsyRanTriGen/beaver/hbacss.py", line 3705, in _recv_loop
    await avid.disperse(tag, self.my_id+1, dispersal_msg_list)
  File "/opt/dumbo-mpc/dumbo-mpc/AsyRanTriGen/beaver/broadcast/avid.py", line 461, in disperse
    sender, msg = await self.recv()
  File "/usr/lib/python3.8/asyncio/queues.py", line 165, in get
    getter.cancel()  # Just in case getter is not done yet.
  File "uvloop/loop.pyx", line 1281, in uvloop.loop.Loop.call_soon
  File "uvloop/loop.pyx", line 669, in uvloop.loop.Loop._call_soon
  File "uvloop/loop.pyx", line 678, in uvloop.loop.Loop._call_soon_handle
  File "uvloop/loop.pyx", line 673, in uvloop.loop.Loop._append_ready_handle
  File "uvloop/loop.pyx", line 705, in uvloop.loop.Loop._check_closed
RuntimeError: Event loop is closed
Exception ignored in: <coroutine object ACSS_Foll._recv_loop at 0xffff5c1c07c0>
Traceback (most recent call last):
  File "/opt/dumbo-mpc/dumbo-mpc/AsyRanTriGen/beaver/hbacss.py", line 3705, in _recv_loop
    await avid.disperse(tag, self.my_id+1, dispersal_msg_list)
  File "/opt/dumbo-mpc/dumbo-mpc/AsyRanTriGen/beaver/broadcast/avid.py", line 461, in disperse
    sender, msg = await self.recv()
  File "/usr/lib/python3.8/asyncio/queues.py", line 165, in get
    getter.cancel()  # Just in case getter is not done yet.
  File "uvloop/loop.pyx", line 1281, in uvloop.loop.Loop.call_soon
  File "uvloop/loop.pyx", line 669, in uvloop.loop.Loop._call_soon
  File "uvloop/loop.pyx", line 678, in uvloop.loop.Loop._call_soon_handle
  File "uvloop/loop.pyx", line 673, in uvloop.loop.Loop._append_ready_handle
  File "uvloop/loop.pyx", line 705, in uvloop.loop.Loop._check_closed
RuntimeError: Event loop is closed
Exception ignored in: <coroutine object ACSS_Foll._recv_loop at 0xffff5c1b97c0>
Traceback (most recent call last):
  File "/opt/dumbo-mpc/dumbo-mpc/AsyRanTriGen/beaver/hbacss.py", line 3703, in _recv_loop
    await avid.disperse(tag, self.my_id, dispersal_msg_list)
  File "/opt/dumbo-mpc/dumbo-mpc/AsyRanTriGen/beaver/broadcast/avid.py", line 461, in disperse
    sender, msg = await self.recv()
  File "/usr/lib/python3.8/asyncio/queues.py", line 165, in get
    getter.cancel()  # Just in case getter is not done yet.
  File "uvloop/loop.pyx", line 1281, in uvloop.loop.Loop.call_soon
  File "uvloop/loop.pyx", line 669, in uvloop.loop.Loop._call_soon
  File "uvloop/loop.pyx", line 678, in uvloop.loop.Loop._call_soon_handle
  File "uvloop/loop.pyx", line 673, in uvloop.loop.Loop._append_ready_handle
  File "uvloop/loop.pyx", line 705, in uvloop.loop.Loop._check_closed
RuntimeError: Event loop is closed
2025-12-16 09:15:46,824 ERROR [asyncio] Task was destroyed but it is pending!
task: <Task pending name='Task-65' coro=<OptimalCommonSet.fallback_timer() running at /opt/dumbo-mpc/dumbo-mpc/AsyRanTriGen/beaver/broadcast/otmvba_dyn.py:71> wait_for=<Future pending cb=[<TaskWakeupMethWrapper object at 0xffff5c159f70>()]>>
2025-12-16 09:15:46,824 ERROR [asyncio] Task was destroyed but it is pending!
task: <Task pending name='Task-92' coro=<rbc_dyn() running at /opt/dumbo-mpc/dumbo-mpc/AsyRanTriGen/beaver/broadcast/reliablebroadcast.py:411> wait_for=<Future cancelled>>
Exception ignored in: <coroutine object rbc_dyn at 0xffff57f51740>
Traceback (most recent call last):
  File "/opt/dumbo-mpc/dumbo-mpc/AsyRanTriGen/beaver/broadcast/reliablebroadcast.py", line 411, in rbc_dyn
    sender, msg = await receive()
  File "/usr/lib/python3.8/asyncio/queues.py", line 165, in get
    getter.cancel()  # Just in case getter is not done yet.
  File "uvloop/loop.pyx", line 1281, in uvloop.loop.Loop.call_soon
  File "uvloop/loop.pyx", line 669, in uvloop.loop.Loop._call_soon
  File "uvloop/loop.pyx", line 678, in uvloop.loop.Loop._call_soon_handle
  File "uvloop/loop.pyx", line 673, in uvloop.loop.Loop._append_ready_handle
  File "uvloop/loop.pyx", line 705, in uvloop.loop.Loop._check_closed
RuntimeError: Event loop is closed
2025-12-16 09:15:46,825 ERROR [asyncio] Task was destroyed but it is pending!
task: <Task pending name='Task-94' coro=<AVID_DYNAMIC.disperse() running at /opt/dumbo-mpc/dumbo-mpc/AsyRanTriGen/beaver/broadcast/avid.py:461> wait_for=<Future cancelled>>
Exception ignored in: <coroutine object AVID_DYNAMIC.disperse at 0xffff57f54340>
Traceback (most recent call last):
  File "/opt/dumbo-mpc/dumbo-mpc/AsyRanTriGen/beaver/broadcast/avid.py", line 461, in disperse
    sender, msg = await self.recv()
  File "/usr/lib/python3.8/asyncio/queues.py", line 165, in get
    getter.cancel()  # Just in case getter is not done yet.
  File "uvloop/loop.pyx", line 1281, in uvloop.loop.Loop.call_soon
  File "uvloop/loop.pyx", line 669, in uvloop.loop.Loop._call_soon
  File "uvloop/loop.pyx", line 678, in uvloop.loop.Loop._call_soon_handle
  File "uvloop/loop.pyx", line 673, in uvloop.loop.Loop._append_ready_handle
  File "uvloop/loop.pyx", line 705, in uvloop.loop.Loop._check_closed
RuntimeError: Event loop is closed
2025-12-16 09:15:46,827 ERROR [asyncio] Task was destroyed but it is pending!
task: <Task pending name='Task-66' coro=<subscribe_recv.<locals>._recv_loop() running at /opt/dumbo-mpc/dumbo-mpc/AsyRanTriGen/beaver/utils/misc.py:89> wait_for=<Future cancelled>>
Exception ignored in: <coroutine object subscribe_recv.<locals>._recv_loop at 0xffff5c1c66c0>
Traceback (most recent call last):
  File "/opt/dumbo-mpc/dumbo-mpc/AsyRanTriGen/beaver/utils/misc.py", line 89, in _recv_loop
    j, (tag, o) = await recv()
ValueError: coroutine already executing
Exception ignored in: <coroutine object Queue.get at 0xffff5c16e940>
Traceback (most recent call last):
  File "/usr/lib/python3.8/asyncio/queues.py", line 165, in get
    getter.cancel()  # Just in case getter is not done yet.
  File "uvloop/loop.pyx", line 1281, in uvloop.loop.Loop.call_soon
  File "uvloop/loop.pyx", line 669, in uvloop.loop.Loop._call_soon
  File "uvloop/loop.pyx", line 678, in uvloop.loop.Loop._call_soon_handle
  File "uvloop/loop.pyx", line 673, in uvloop.loop.Loop._append_ready_handle
  File "uvloop/loop.pyx", line 705, in uvloop.loop.Loop._check_closed
RuntimeError: Event loop is closed
Exception ignored in: <coroutine object Queue.get at 0xffff5c16edc0>
Traceback (most recent call last):
  File "/usr/lib/python3.8/asyncio/queues.py", line 165, in get
    getter.cancel()  # Just in case getter is not done yet.
  File "uvloop/loop.pyx", line 1281, in uvloop.loop.Loop.call_soon
  File "uvloop/loop.pyx", line 669, in uvloop.loop.Loop._call_soon
  File "uvloop/loop.pyx", line 678, in uvloop.loop.Loop._call_soon_handle
  File "uvloop/loop.pyx", line 673, in uvloop.loop.Loop._append_ready_handle
  File "uvloop/loop.pyx", line 705, in uvloop.loop.Loop._check_closed
RuntimeError: Event loop is closed
2025-12-16 09:15:46,829 ERROR [asyncio] Task was destroyed but it is pending!
task: <Task pending name='Task-68' coro=<subscribe_recv.<locals>._recv_loop() running at /opt/dumbo-mpc/dumbo-mpc/AsyRanTriGen/beaver/utils/misc.py:89> wait_for=<Future pending cb=[<TaskWakeupMethWrapper object at 0xffff5c159c10>()]>>
2025-12-16 09:15:46,829 ERROR [asyncio] Task was destroyed but it is pending!
task: <Task pending name='Task-76' coro=<ACSS_Foll._recv_loop() running at /opt/dumbo-mpc/dumbo-mpc/AsyRanTriGen/beaver/hbacss.py:3703> wait_for=<Future pending cb=[<TaskWakeupMethWrapper object at 0xffff5c186a30>()]>>
Exception ignored in: <coroutine object subscribe_recv.<locals>._recv_loop at 0xffff5c1c6ec0>
Traceback (most recent call last):
  File "/opt/dumbo-mpc/dumbo-mpc/AsyRanTriGen/beaver/utils/misc.py", line 89, in _recv_loop
    j, (tag, o) = await recv()
  File "/usr/lib/python3.8/asyncio/queues.py", line 165, in get
    getter.cancel()  # Just in case getter is not done yet.
  File "uvloop/loop.pyx", line 1281, in uvloop.loop.Loop.call_soon
  File "uvloop/loop.pyx", line 669, in uvloop.loop.Loop._call_soon
  File "uvloop/loop.pyx", line 678, in uvloop.loop.Loop._call_soon_handle
  File "uvloop/loop.pyx", line 673, in uvloop.loop.Loop._append_ready_handle
  File "uvloop/loop.pyx", line 705, in uvloop.loop.Loop._check_closed
RuntimeError: Event loop is closed
Exception ignored in: <coroutine object ACSS_Foll._recv_loop at 0xffff5c16e5c0>
Traceback (most recent call last):
  File "/opt/dumbo-mpc/dumbo-mpc/AsyRanTriGen/beaver/hbacss.py", line 3703, in _recv_loop
    await avid.disperse(tag, self.my_id, dispersal_msg_list)
  File "/opt/dumbo-mpc/dumbo-mpc/AsyRanTriGen/beaver/broadcast/avid.py", line 461, in disperse
    sender, msg = await self.recv()
  File "/usr/lib/python3.8/asyncio/queues.py", line 165, in get
    getter.cancel()  # Just in case getter is not done yet.
  File "uvloop/loop.pyx", line 1281, in uvloop.loop.Loop.call_soon
  File "uvloop/loop.pyx", line 669, in uvloop.loop.Loop._call_soon
  File "uvloop/loop.pyx", line 678, in uvloop.loop.Loop._call_soon_handle
  File "uvloop/loop.pyx", line 673, in uvloop.loop.Loop._append_ready_handle
  File "uvloop/loop.pyx", line 705, in uvloop.loop.Loop._check_closed
RuntimeError: Event loop is closed
2025-12-16 09:15:46,831 ERROR [asyncio] Task was destroyed but it is pending!
task: <Task pending name='Task-73' coro=<ACSS_Foll._recv_loop() running at /opt/dumbo-mpc/dumbo-mpc/AsyRanTriGen/beaver/hbacss.py:3705> wait_for=<Future pending cb=[<TaskWakeupMethWrapper object at 0xffff5c181250>()]>>
2025-12-16 09:15:46,831 ERROR [asyncio] Task was destroyed but it is pending!
task: <Task pending name='Task-75' coro=<ACSS_Foll._recv_loop() running at /opt/dumbo-mpc/dumbo-mpc/AsyRanTriGen/beaver/hbacss.py:3705> wait_for=<Future pending cb=[<TaskWakeupMethWrapper object at 0xffff5c186ac0>()]>>
2025-12-16 09:15:46,831 ERROR [asyncio] Task was destroyed but it is pending!
task: <Task pending name='Task-74' coro=<ACSS_Foll._recv_loop() running at /opt/dumbo-mpc/dumbo-mpc/AsyRanTriGen/beaver/hbacss.py:3705> wait_for=<Future pending cb=[<TaskWakeupMethWrapper object at 0xffff5c159220>()]>>
Exception ignored in: <coroutine object ACSS_Foll._recv_loop at 0xffff5c1c01c0>
Traceback (most recent call last):
  File "/opt/dumbo-mpc/dumbo-mpc/AsyRanTriGen/beaver/hbacss.py", line 3705, in _recv_loop
    await avid.disperse(tag, self.my_id+1, dispersal_msg_list)
  File "/opt/dumbo-mpc/dumbo-mpc/AsyRanTriGen/beaver/broadcast/avid.py", line 461, in disperse
    sender, msg = await self.recv()
  File "/usr/lib/python3.8/asyncio/queues.py", line 165, in get
    getter.cancel()  # Just in case getter is not done yet.
  File "uvloop/loop.pyx", line 1281, in uvloop.loop.Loop.call_soon
  File "uvloop/loop.pyx", line 669, in uvloop.loop.Loop._call_soon
  File "uvloop/loop.pyx", line 678, in uvloop.loop.Loop._call_soon_handle
  File "uvloop/loop.pyx", line 673, in uvloop.loop.Loop._append_ready_handle
  File "uvloop/loop.pyx", line 705, in uvloop.loop.Loop._check_closed
RuntimeError: Event loop is closed
Exception ignored in: <coroutine object ACSS_Foll._recv_loop at 0xffff5c16e540>
Traceback (most recent call last):
  File "/opt/dumbo-mpc/dumbo-mpc/AsyRanTriGen/beaver/hbacss.py", line 3705, in _recv_loop
    await avid.disperse(tag, self.my_id+1, dispersal_msg_list)
  File "/opt/dumbo-mpc/dumbo-mpc/AsyRanTriGen/beaver/broadcast/avid.py", line 461, in disperse
    sender, msg = await self.recv()
  File "/usr/lib/python3.8/asyncio/queues.py", line 165, in get
    getter.cancel()  # Just in case getter is not done yet.
  File "uvloop/loop.pyx", line 1281, in uvloop.loop.Loop.call_soon
  File "uvloop/loop.pyx", line 669, in uvloop.loop.Loop._call_soon
  File "uvloop/loop.pyx", line 678, in uvloop.loop.Loop._call_soon_handle
  File "uvloop/loop.pyx", line 673, in uvloop.loop.Loop._append_ready_handle
  File "uvloop/loop.pyx", line 705, in uvloop.loop.Loop._check_closed
RuntimeError: Event loop is closed
Exception ignored in: <coroutine object ACSS_Foll._recv_loop at 0xffff5c1c6a40>
Traceback (most recent call last):
  File "/opt/dumbo-mpc/dumbo-mpc/AsyRanTriGen/beaver/hbacss.py", line 3705, in _recv_loop
    await avid.disperse(tag, self.my_id+1, dispersal_msg_list)
  File "/opt/dumbo-mpc/dumbo-mpc/AsyRanTriGen/beaver/broadcast/avid.py", line 461, in disperse
    sender, msg = await self.recv()
  File "/usr/lib/python3.8/asyncio/queues.py", line 165, in get
    getter.cancel()  # Just in case getter is not done yet.
  File "uvloop/loop.pyx", line 1281, in uvloop.loop.Loop.call_soon
  File "uvloop/loop.pyx", line 669, in uvloop.loop.Loop._call_soon
  File "uvloop/loop.pyx", line 678, in uvloop.loop.Loop._call_soon_handle
  File "uvloop/loop.pyx", line 673, in uvloop.loop.Loop._append_ready_handle
  File "uvloop/loop.pyx", line 705, in uvloop.loop.Loop._check_closed
RuntimeError: Event loop is closed
2025-12-16 09:15:46,834 ERROR [asyncio] Task was destroyed but it is pending!
task: <Task pending name='Task-77' coro=<subscribe_recv.<locals>._recv_loop() running at /opt/dumbo-mpc/dumbo-mpc/AsyRanTriGen/beaver/utils/misc.py:89> wait_for=<Future cancelled>>
2025-12-16 09:15:46,834 ERROR [asyncio] Task was destroyed but it is pending!
task: <Task pending name='Task-78' coro=<OptimalCommonSet.fallback_timer() running at /opt/dumbo-mpc/dumbo-mpc/AsyRanTriGen/beaver/broadcast/otmvba_dyn.py:71> wait_for=<Future pending cb=[<TaskWakeupMethWrapper object at 0xffff5c186be0>()]>>
2025-12-16 09:15:46,834 ERROR [asyncio] Task was destroyed but it is pending!
task: <Task pending name='Task-79' coro=<subscribe_recv.<locals>._recv_loop() running at /opt/dumbo-mpc/dumbo-mpc/AsyRanTriGen/beaver/utils/misc.py:89> wait_for=<Future pending cb=[<TaskWakeupMethWrapper object at 0xffff5c159d00>()]>>
2025-12-16 09:15:46,834 ERROR [asyncio] Task was destroyed but it is pending!
task: <Task pending name='Task-82' coro=<subscribe_recv.<locals>._recv_loop() running at /opt/dumbo-mpc/dumbo-mpc/AsyRanTriGen/beaver/utils/misc.py:89> wait_for=<Future pending cb=[<TaskWakeupMethWrapper object at 0xffff5c181790>()]>>
2025-12-16 09:15:46,834 ERROR [asyncio] Task was destroyed but it is pending!
task: <Task pending name='Task-84' coro=<subscribe_recv.<locals>._recv_loop() running at /opt/dumbo-mpc/dumbo-mpc/AsyRanTriGen/beaver/utils/misc.py:89> wait_for=<Future pending cb=[<TaskWakeupMethWrapper object at 0xffff5c174310>()]>>
Exception ignored in: <coroutine object subscribe_recv.<locals>._recv_loop at 0xffff57f5d440>
Traceback (most recent call last):
  File "/opt/dumbo-mpc/dumbo-mpc/AsyRanTriGen/beaver/utils/misc.py", line 89, in _recv_loop
    j, (tag, o) = await recv()
  File "/usr/lib/python3.8/asyncio/queues.py", line 165, in get
    getter.cancel()  # Just in case getter is not done yet.
  File "uvloop/loop.pyx", line 1281, in uvloop.loop.Loop.call_soon
  File "uvloop/loop.pyx", line 669, in uvloop.loop.Loop._call_soon
  File "uvloop/loop.pyx", line 678, in uvloop.loop.Loop._call_soon_handle
  File "uvloop/loop.pyx", line 673, in uvloop.loop.Loop._append_ready_handle
  File "uvloop/loop.pyx", line 705, in uvloop.loop.Loop._check_closed
RuntimeError: Event loop is closed
Exception ignored in: <coroutine object subscribe_recv.<locals>._recv_loop at 0xffff5c1769c0>
Traceback (most recent call last):
  File "/opt/dumbo-mpc/dumbo-mpc/AsyRanTriGen/beaver/utils/misc.py", line 89, in _recv_loop
    j, (tag, o) = await recv()
  File "/usr/lib/python3.8/asyncio/queues.py", line 165, in get
    getter.cancel()  # Just in case getter is not done yet.
  File "uvloop/loop.pyx", line 1281, in uvloop.loop.Loop.call_soon
  File "uvloop/loop.pyx", line 669, in uvloop.loop.Loop._call_soon
  File "uvloop/loop.pyx", line 678, in uvloop.loop.Loop._call_soon_handle
  File "uvloop/loop.pyx", line 673, in uvloop.loop.Loop._append_ready_handle
  File "uvloop/loop.pyx", line 705, in uvloop.loop.Loop._check_closed
RuntimeError: Event loop is closed
Exception ignored in: <coroutine object subscribe_recv.<locals>._recv_loop at 0xffff5c176dc0>
Traceback (most recent call last):
  File "/opt/dumbo-mpc/dumbo-mpc/AsyRanTriGen/beaver/utils/misc.py", line 89, in _recv_loop
    j, (tag, o) = await recv()
  File "/usr/lib/python3.8/asyncio/queues.py", line 165, in get
    getter.cancel()  # Just in case getter is not done yet.
  File "uvloop/loop.pyx", line 1281, in uvloop.loop.Loop.call_soon
  File "uvloop/loop.pyx", line 669, in uvloop.loop.Loop._call_soon
  File "uvloop/loop.pyx", line 678, in uvloop.loop.Loop._call_soon_handle
  File "uvloop/loop.pyx", line 673, in uvloop.loop.Loop._append_ready_handle
  File "uvloop/loop.pyx", line 705, in uvloop.loop.Loop._check_closed
RuntimeError: Event loop is closed
2025-12-16 09:15:46,836 ERROR [asyncio] Task was destroyed but it is pending!
task: <Task pending name='Task-90' coro=<subscribe_recv.<locals>._recv_loop() running at /opt/dumbo-mpc/dumbo-mpc/AsyRanTriGen/beaver/utils/misc.py:89> wait_for=<Future pending cb=[<TaskWakeupMethWrapper object at 0xffff5c174a60>()]>>
2025-12-16 09:15:46,836 ERROR [asyncio] Task was destroyed but it is pending!
task: <Task pending name='Task-86' coro=<rbc_dyn() running at /opt/dumbo-mpc/dumbo-mpc/AsyRanTriGen/beaver/broadcast/reliablebroadcast.py:411> wait_for=<Future pending cb=[<TaskWakeupMethWrapper object at 0xffff5c174a90>()]>>
Exception ignored in: <coroutine object subscribe_recv.<locals>._recv_loop at 0xffff57f540c0>
Traceback (most recent call last):
  File "/opt/dumbo-mpc/dumbo-mpc/AsyRanTriGen/beaver/utils/misc.py", line 89, in _recv_loop
    j, (tag, o) = await recv()
  File "/usr/lib/python3.8/asyncio/queues.py", line 165, in get
    getter.cancel()  # Just in case getter is not done yet.
  File "uvloop/loop.pyx", line 1281, in uvloop.loop.Loop.call_soon
  File "uvloop/loop.pyx", line 669, in uvloop.loop.Loop._call_soon
  File "uvloop/loop.pyx", line 678, in uvloop.loop.Loop._call_soon_handle
  File "uvloop/loop.pyx", line 673, in uvloop.loop.Loop._append_ready_handle
  File "uvloop/loop.pyx", line 705, in uvloop.loop.Loop._check_closed
RuntimeError: Event loop is closed
2025-12-16 09:15:46,836 ERROR [asyncio] Task was destroyed but it is pending!
task: <Task pending name='Task-89' coro=<AVID_DYNAMIC.disperse() running at /opt/dumbo-mpc/dumbo-mpc/AsyRanTriGen/beaver/broadcast/avid.py:461> wait_for=<Future pending cb=[<TaskWakeupMethWrapper object at 0xffff5c1b3c70>()]>>
Exception ignored in: <coroutine object rbc_dyn at 0xffff5c176d40>
Traceback (most recent call last):
  File "/opt/dumbo-mpc/dumbo-mpc/AsyRanTriGen/beaver/broadcast/reliablebroadcast.py", line 411, in rbc_dyn
    sender, msg = await receive()
  File "/usr/lib/python3.8/asyncio/queues.py", line 165, in get
    getter.cancel()  # Just in case getter is not done yet.
  File "uvloop/loop.pyx", line 1281, in uvloop.loop.Loop.call_soon
  File "uvloop/loop.pyx", line 669, in uvloop.loop.Loop._call_soon
  File "uvloop/loop.pyx", line 678, in uvloop.loop.Loop._call_soon_handle
  File "uvloop/loop.pyx", line 673, in uvloop.loop.Loop._append_ready_handle
  File "uvloop/loop.pyx", line 705, in uvloop.loop.Loop._check_closed
RuntimeError: Event loop is closed
Exception ignored in: <coroutine object AVID_DYNAMIC.disperse at 0xffff57f517c0>
Traceback (most recent call last):
  File "/opt/dumbo-mpc/dumbo-mpc/AsyRanTriGen/beaver/broadcast/avid.py", line 461, in disperse
    sender, msg = await self.recv()
  File "/usr/lib/python3.8/asyncio/queues.py", line 165, in get
    getter.cancel()  # Just in case getter is not done yet.
  File "uvloop/loop.pyx", line 1281, in uvloop.loop.Loop.call_soon
  File "uvloop/loop.pyx", line 669, in uvloop.loop.Loop._call_soon
  File "uvloop/loop.pyx", line 678, in uvloop.loop.Loop._call_soon_handle
  File "uvloop/loop.pyx", line 673, in uvloop.loop.Loop._append_ready_handle
  File "uvloop/loop.pyx", line 705, in uvloop.loop.Loop._check_closed
RuntimeError: Event loop is closed
