2025-12-16 09:15:29,873 INFO [root] Running ADMPC ...
2025-12-16 09:15:30,334 INFO [root] my_send_id: 34
2025-12-16 09:15:30,350 INFO [root] ADMPC start time: 1765876530.3508966
2025-12-16 09:15:30,351 INFO [root] [Layer 8] Reached run_admpc checkpoint
2025-12-16 09:15:30,351 INFO [beaver.transfer] [2] Starting DynamicTransfer_Foll
2025-12-16 09:15:30,351 INFO [beaver.transfer] [2] Starting ACSS to share 25 secrets
2025-12-16 09:15:30,351 INFO [root] [2] Starting Batch AVSS. Id: 0, Dealer Id: 0, Client Mode: False
2025-12-16 09:15:30,351 INFO [root] [2] AVSS tag: 0-0-8-B-AVSS
2025-12-16 09:15:30,351 INFO [root] [2] RBC tag: 0-0-8-B-RBC
2025-12-16 09:15:30,351 INFO [root] [2] Starting AVSS with shares_num: 25, dealer_id: 0, client_mode: False
2025-12-16 09:15:30,351 INFO [root] rbc_list: [28, 32, 33, 34, 35]
2025-12-16 09:15:30,351 INFO [root] committee_size: 4
2025-12-16 09:15:30,351 INFO [root] n: 5
2025-12-16 09:15:30,351 INFO [root] f: 1
2025-12-16 09:15:30,351 INFO [root] pid: 3
2025-12-16 09:15:30,351 INFO [root] leader: 0
2025-12-16 09:15:30,351 INFO [root] [2] Starting Batch AVSS. Id: 0, Dealer Id: 1, Client Mode: False
2025-12-16 09:15:30,351 INFO [root] [2] AVSS tag: 1-0-8-B-AVSS
2025-12-16 09:15:30,351 INFO [root] [2] RBC tag: 1-0-8-B-RBC
2025-12-16 09:15:30,351 INFO [root] [2] Starting AVSS with shares_num: 25, dealer_id: 1, client_mode: False
2025-12-16 09:15:30,351 INFO [root] rbc_list: [29, 32, 33, 34, 35]
2025-12-16 09:15:30,351 INFO [root] committee_size: 4
2025-12-16 09:15:30,351 INFO [root] n: 5
2025-12-16 09:15:30,351 INFO [root] f: 1
2025-12-16 09:15:30,351 INFO [root] pid: 3
2025-12-16 09:15:30,351 INFO [root] leader: 1
2025-12-16 09:15:30,351 INFO [root] [2] Starting Batch AVSS. Id: 0, Dealer Id: 2, Client Mode: False
2025-12-16 09:15:30,351 INFO [root] [2] AVSS tag: 2-0-8-B-AVSS
2025-12-16 09:15:30,351 INFO [root] [2] RBC tag: 2-0-8-B-RBC
2025-12-16 09:15:30,351 INFO [root] [2] Starting AVSS with shares_num: 25, dealer_id: 2, client_mode: False
2025-12-16 09:15:30,352 INFO [root] rbc_list: [30, 32, 33, 34, 35]
2025-12-16 09:15:30,352 INFO [root] committee_size: 4
2025-12-16 09:15:30,352 INFO [root] n: 5
2025-12-16 09:15:30,352 INFO [root] f: 1
2025-12-16 09:15:30,352 INFO [root] pid: 3
2025-12-16 09:15:30,352 INFO [root] leader: 2
2025-12-16 09:15:30,352 INFO [root] [2] Starting Batch AVSS. Id: 0, Dealer Id: 3, Client Mode: False
2025-12-16 09:15:30,352 INFO [root] [2] AVSS tag: 3-0-8-B-AVSS
2025-12-16 09:15:30,352 INFO [root] [2] RBC tag: 3-0-8-B-RBC
2025-12-16 09:15:30,352 INFO [root] [2] Starting AVSS with shares_num: 25, dealer_id: 3, client_mode: False
2025-12-16 09:15:30,353 INFO [root] rbc_list: [31, 32, 33, 34, 35]
2025-12-16 09:15:30,353 INFO [root] committee_size: 4
2025-12-16 09:15:30,353 INFO [root] n: 5
2025-12-16 09:15:30,353 INFO [root] f: 1
2025-12-16 09:15:30,353 INFO [root] pid: 2
2025-12-16 09:15:30,353 INFO [root] leader: 3
2025-12-16 09:15:39,475 INFO [root] [3] Received VAL message from 29
2025-12-16 09:15:39,476 INFO [root] entering n == commitee_size + 1
2025-12-16 09:15:39,476 INFO [root] [3] sender: 29, leader: 1
2025-12-16 09:15:39,476 INFO [root] [3] Successfully validated VAL message
2025-12-16 09:15:39,476 INFO [root] [3] Broadcasted ECHO message for roothash b'B\x1d\xf6l\x80\xed\xf1\x1f\x9f\xa6\xe9M\x89R\xac\xf6wxh\xe9\xdb\xb0\x92\x87\xa7\x9d\xcb\xbb\xa4\xbd\x01\xe4'
2025-12-16 09:15:39,476 INFO [root] broadcast Sending to 1: 32
2025-12-16 09:15:39,476 INFO [root] broadcast Sending to 2: 33
2025-12-16 09:15:39,476 INFO [root] broadcast Sending to 3: 34
2025-12-16 09:15:39,476 INFO [root] broadcast Sending to 4: 35
2025-12-16 09:15:39,476 INFO [root] [3] Received ECHO message from 35
2025-12-16 09:15:39,476 INFO [root] [3] Received ECHO message from 33
2025-12-16 09:15:39,477 INFO [root] [3] Received ECHO message from 34
2025-12-16 09:15:39,477 INFO [root] [3] Broadcasted READY message for roothash b'B\x1d\xf6l\x80\xed\xf1\x1f\x9f\xa6\xe9M\x89R\xac\xf6wxh\xe9\xdb\xb0\x92\x87\xa7\x9d\xcb\xbb\xa4\xbd\x01\xe4'
2025-12-16 09:15:39,477 INFO [root] broadcast Sending to 1: 32
2025-12-16 09:15:39,477 INFO [root] broadcast Sending to 2: 33
2025-12-16 09:15:39,477 INFO [root] broadcast Sending to 3: 34
2025-12-16 09:15:39,477 INFO [root] broadcast Sending to 4: 35
2025-12-16 09:15:39,477 INFO [root] [3] Received ECHO message from 32
2025-12-16 09:15:39,477 INFO [root] [3] Received READY message from 34
2025-12-16 09:15:39,480 INFO [root] [3] Received READY message from 33
2025-12-16 09:15:39,481 INFO [root] [3] Received READY message from 32
2025-12-16 09:15:39,481 INFO [root] Decoding output for roothash: b'B\x1d\xf6l\x80\xed\xf1\x1f\x9f\xa6\xe9M\x89R\xac\xf6wxh\xe9\xdb\xb0\x92\x87\xa7\x9d\xcb\xbb\xa4\xbd\x01\xe4'
2025-12-16 09:15:39,481 INFO [root] [2] Received RBC message
2025-12-16 09:15:39,483 INFO [root] multicast list: [32, 33, 34, 35]
2025-12-16 09:15:39,483 INFO [root] before avid.retrieve
2025-12-16 09:15:39,489 INFO [root] [3] Received VAL message from 30
2025-12-16 09:15:39,489 INFO [root] entering n == commitee_size + 1
2025-12-16 09:15:39,489 INFO [root] [3] sender: 30, leader: 2
2025-12-16 09:15:39,489 INFO [root] [3] Successfully validated VAL message
2025-12-16 09:15:39,489 INFO [root] [3] Broadcasted ECHO message for roothash b'\xa7\x87\xb7G\xb3\x93V\x879 \xa4\xf8\x0b\x89?\xc4\xcbv\xca\xf9L\x9c\x89nV\x8c\xdd\x03\xce-\xff\xc8'
2025-12-16 09:15:39,489 INFO [root] broadcast Sending to 1: 32
2025-12-16 09:15:39,489 INFO [root] broadcast Sending to 2: 33
2025-12-16 09:15:39,489 INFO [root] broadcast Sending to 3: 34
2025-12-16 09:15:39,489 INFO [root] broadcast Sending to 4: 35
2025-12-16 09:15:39,489 INFO [root] [3] Received ECHO message from 32
2025-12-16 09:15:39,490 INFO [root] [3] Received ECHO message from 34
2025-12-16 09:15:39,490 INFO [root] [3] Received ECHO message from 35
2025-12-16 09:15:39,490 INFO [root] [3] Broadcasted READY message for roothash b'\xa7\x87\xb7G\xb3\x93V\x879 \xa4\xf8\x0b\x89?\xc4\xcbv\xca\xf9L\x9c\x89nV\x8c\xdd\x03\xce-\xff\xc8'
2025-12-16 09:15:39,490 INFO [root] broadcast Sending to 1: 32
2025-12-16 09:15:39,490 INFO [root] broadcast Sending to 2: 33
2025-12-16 09:15:39,490 INFO [root] broadcast Sending to 3: 34
2025-12-16 09:15:39,490 INFO [root] broadcast Sending to 4: 35
2025-12-16 09:15:39,490 INFO [root] [3] Received READY message from 32
2025-12-16 09:15:39,490 INFO [root] [3] Received ECHO message from 33
2025-12-16 09:15:39,491 INFO [root] [3] Received READY message from 34
2025-12-16 09:15:39,491 INFO [root] [3] Received READY message from 33
2025-12-16 09:15:39,491 INFO [root] Decoding output for roothash: b'\xa7\x87\xb7G\xb3\x93V\x879 \xa4\xf8\x0b\x89?\xc4\xcbv\xca\xf9L\x9c\x89nV\x8c\xdd\x03\xce-\xff\xc8'
2025-12-16 09:15:39,491 INFO [root] [2] Received RBC message
2025-12-16 09:15:39,491 INFO [root] multicast list: [32, 33, 34, 35]
2025-12-16 09:15:39,492 INFO [root] before avid.retrieve
2025-12-16 09:15:39,496 INFO [root] [2] Received ECHO message from 32
2025-12-16 09:15:39,498 INFO [root] [2] Received VAL message from 31
2025-12-16 09:15:39,498 INFO [root] entering n == commitee_size + 1
2025-12-16 09:15:39,498 INFO [root] [2] sender: 31, leader: 3
2025-12-16 09:15:39,498 INFO [root] [2] Successfully validated VAL message
2025-12-16 09:15:39,498 INFO [root] [2] Broadcasted ECHO message for roothash b'\xfc)f"\xe7\x19b\xd50[P4p\xd8Ib\xa9E\x88\xd93\x9f\x04\x95\x13R\x7f\x83\x13~\xeb\x12'
2025-12-16 09:15:39,498 INFO [root] broadcast Sending to 1: 32
2025-12-16 09:15:39,498 INFO [root] broadcast Sending to 2: 33
2025-12-16 09:15:39,498 INFO [root] broadcast Sending to 3: 34
2025-12-16 09:15:39,498 INFO [root] broadcast Sending to 4: 35
2025-12-16 09:15:39,498 INFO [root] [2] Received ECHO message from 35
2025-12-16 09:15:39,498 INFO [root] [2] Received ECHO message from 33
2025-12-16 09:15:39,498 INFO [root] [2] Broadcasted READY message for roothash b'\xfc)f"\xe7\x19b\xd50[P4p\xd8Ib\xa9E\x88\xd93\x9f\x04\x95\x13R\x7f\x83\x13~\xeb\x12'
2025-12-16 09:15:39,498 INFO [root] broadcast Sending to 1: 32
2025-12-16 09:15:39,498 INFO [root] broadcast Sending to 2: 33
2025-12-16 09:15:39,498 INFO [root] broadcast Sending to 3: 34
2025-12-16 09:15:39,498 INFO [root] broadcast Sending to 4: 35
2025-12-16 09:15:39,498 INFO [root] [2] Received ECHO message from 34
2025-12-16 09:15:39,498 INFO [root] [2] Received READY message from 34
2025-12-16 09:15:39,498 INFO [root] [2] Received READY message from 35
2025-12-16 09:15:39,499 INFO [root] [2] Received READY message from 32
2025-12-16 09:15:39,499 INFO [root] Decoding output for roothash: b'\xfc)f"\xe7\x19b\xd50[P4p\xd8Ib\xa9E\x88\xd93\x9f\x04\x95\x13R\x7f\x83\x13~\xeb\x12'
2025-12-16 09:15:39,500 INFO [root] [2] Received RBC message
2025-12-16 09:15:39,500 INFO [root] multicast list: [32, 33, 34, 35]
2025-12-16 09:15:39,500 INFO [root] before avid.retrieve
2025-12-16 09:15:39,591 INFO [root] [3] Received VAL message from 28
2025-12-16 09:15:39,591 INFO [root] entering n == commitee_size + 1
2025-12-16 09:15:39,592 INFO [root] [3] sender: 28, leader: 0
2025-12-16 09:15:39,592 INFO [root] [3] Successfully validated VAL message
2025-12-16 09:15:39,592 INFO [root] [3] Broadcasted ECHO message for roothash b'j\xbd0\x9f\xc5/yt\nX\xda\xe4\x13\xf8/\xc6\x14\xa0\xe8\xf3\xfd\x13\xae\x80\xe1m\x1a<R\xce\xa4\xad'
2025-12-16 09:15:39,592 INFO [root] broadcast Sending to 1: 32
2025-12-16 09:15:39,592 INFO [root] broadcast Sending to 2: 33
2025-12-16 09:15:39,594 INFO [root] broadcast Sending to 3: 34
2025-12-16 09:15:39,594 INFO [root] broadcast Sending to 4: 35
2025-12-16 09:15:39,594 INFO [root] [3] Received ECHO message from 34
2025-12-16 09:15:39,597 INFO [root] [3] Received ECHO message from 35
2025-12-16 09:15:39,597 INFO [root] [3] Received ECHO message from 32
2025-12-16 09:15:39,597 INFO [root] [3] Broadcasted READY message for roothash b'j\xbd0\x9f\xc5/yt\nX\xda\xe4\x13\xf8/\xc6\x14\xa0\xe8\xf3\xfd\x13\xae\x80\xe1m\x1a<R\xce\xa4\xad'
2025-12-16 09:15:39,597 INFO [root] broadcast Sending to 1: 32
2025-12-16 09:15:39,597 INFO [root] broadcast Sending to 2: 33
2025-12-16 09:15:39,597 INFO [root] broadcast Sending to 3: 34
2025-12-16 09:15:39,597 INFO [root] broadcast Sending to 4: 35
2025-12-16 09:15:39,597 INFO [root] [3] Received ECHO message from 33
2025-12-16 09:15:39,600 INFO [root] [3] Received READY message from 34
2025-12-16 09:15:39,600 INFO [root] [3] Received READY message from 33
2025-12-16 09:15:39,600 INFO [root] [3] Received READY message from 32
2025-12-16 09:15:39,600 INFO [root] Decoding output for roothash: b'j\xbd0\x9f\xc5/yt\nX\xda\xe4\x13\xf8/\xc6\x14\xa0\xe8\xf3\xfd\x13\xae\x80\xe1m\x1a<R\xce\xa4\xad'
2025-12-16 09:15:39,600 INFO [root] [2] Received RBC message
2025-12-16 09:15:39,600 INFO [root] multicast list: [32, 33, 34, 35]
2025-12-16 09:15:39,600 INFO [root] before avid.retrieve
2025-12-16 09:15:39,779 INFO [root] AVID broadcast to 1: 32
2025-12-16 09:15:39,779 INFO [root] AVID broadcast to 2: 33
2025-12-16 09:15:39,779 INFO [root] AVID broadcast to 3: 34
2025-12-16 09:15:39,779 INFO [root] AVID broadcast to 4: 35
2025-12-16 09:15:39,779 INFO [root] AVID broadcast to 1: 32
2025-12-16 09:15:39,779 INFO [root] AVID broadcast to 2: 33
2025-12-16 09:15:39,779 INFO [root] AVID broadcast to 3: 34
2025-12-16 09:15:39,779 INFO [root] AVID broadcast to 4: 35
2025-12-16 09:15:39,782 INFO [root] disperse msid: 1-0-8-B-AVSS, index: 3
2025-12-16 09:15:39,782 INFO [root] AVID retrieve called with sid: 1-0-8-B-AVID, index: 3
2025-12-16 09:15:39,782 INFO [root] disperse msid: 1-0-8-B-AVSS, index: 0
2025-12-16 09:15:39,782 INFO [root] AVID retrieve called with sid: 1-0-8-B-AVID, index: 0
2025-12-16 09:15:39,782 INFO [root] disperse msid: 1-0-8-B-AVSS, index: 1
2025-12-16 09:15:39,782 INFO [root] AVID retrieve called with sid: 1-0-8-B-AVID, index: 1
2025-12-16 09:15:39,782 INFO [root] 1-0-8-B-AVSS 2 RETRIEVE called.
2025-12-16 09:15:39,782 INFO [root] AVID broadcast to 1: 32
2025-12-16 09:15:39,782 INFO [root] AVID broadcast to 2: 33
2025-12-16 09:15:39,782 INFO [root] AVID broadcast to 3: 34
2025-12-16 09:15:39,782 INFO [root] AVID broadcast to 4: 35
2025-12-16 09:15:39,782 INFO [root] 1-0-8-B-AVSS 2 RETRIEVE broadcasted.
2025-12-16 09:15:39,782 INFO [root] disperse msid: 1-0-8-B-AVSS, index: 2
2025-12-16 09:15:39,783 INFO [root] AVID retrieve called with sid: 1-0-8-B-AVID, index: 2
2025-12-16 09:15:39,783 INFO [root] 1-0-8-B-AVSS 2 AVID retrieve msg from 34
2025-12-16 09:15:39,783 INFO [root] AVID retrieve response received
2025-12-16 09:15:39,783 INFO [root] retrieve msid: 1-0-8-B-AVID, response_index: 2
2025-12-16 09:15:39,783 INFO [root] RESPONSE from 34
2025-12-16 09:15:39,783 INFO [root] sender self.committee_size: 2
2025-12-16 09:15:39,787 INFO [root] AVID broadcast to 1: 32
2025-12-16 09:15:39,787 INFO [root] AVID broadcast to 2: 33
2025-12-16 09:15:39,787 INFO [root] AVID broadcast to 3: 34
2025-12-16 09:15:39,787 INFO [root] AVID broadcast to 4: 35
2025-12-16 09:15:39,794 INFO [root] AVID broadcast to 1: 32
2025-12-16 09:15:39,794 INFO [root] AVID broadcast to 2: 33
2025-12-16 09:15:39,794 INFO [root] AVID broadcast to 3: 34
2025-12-16 09:15:39,794 INFO [root] AVID broadcast to 4: 35
2025-12-16 09:15:39,809 INFO [root] AVID broadcast to 1: 32
2025-12-16 09:15:39,809 INFO [root] AVID broadcast to 2: 33
2025-12-16 09:15:39,809 INFO [root] AVID broadcast to 3: 34
2025-12-16 09:15:39,809 INFO [root] AVID broadcast to 4: 35
2025-12-16 09:15:39,809 INFO [root] AVID broadcast to 1: 32
2025-12-16 09:15:39,809 INFO [root] AVID broadcast to 2: 33
2025-12-16 09:15:39,809 INFO [root] AVID broadcast to 3: 34
2025-12-16 09:15:39,809 INFO [root] AVID broadcast to 4: 35
2025-12-16 09:15:39,809 INFO [root] 1-0-8-B-AVSS 2 AVID retrieve msg from 33
2025-12-16 09:15:39,809 INFO [root] AVID retrieve response received
2025-12-16 09:15:39,809 INFO [root] retrieve msid: 1-0-8-B-AVID, response_index: 2
2025-12-16 09:15:39,809 INFO [root] RESPONSE from 33
2025-12-16 09:15:39,809 INFO [root] sender self.committee_size: 1
2025-12-16 09:15:39,809 INFO [root] 1-0-8-B-AVSS 2 RETRIEVE complete.
2025-12-16 09:15:39,809 INFO [root] after avid.retrieve dispersal_msg
2025-12-16 09:15:39,809 INFO [root] Handling dealer messages for dealer_id: 1, tag: 1-0-8-B-AVSS
2025-12-16 09:15:39,837 INFO [root] shares verified successfully
2025-12-16 09:15:39,837 INFO [root] all_shares_valid: True
2025-12-16 09:15:39,837 INFO [root] after _handle_dealer_msgs, all_shares_valid
2025-12-16 09:15:39,837 INFO [root] self.tagvars[tag]['all_shares_valid']: True
2025-12-16 09:15:39,838 INFO [root] multicast to 32
2025-12-16 09:15:39,838 INFO [root] multicast to 33
2025-12-16 09:15:39,838 INFO [root] multicast to 34
2025-12-16 09:15:39,838 INFO [root] multicast to 35
2025-12-16 09:15:39,838 INFO [root] [2] Received OK from [35]
2025-12-16 09:15:39,838 INFO [root] [2] OK set: {35}
2025-12-16 09:15:39,838 INFO [root] output: True
2025-12-16 09:15:39,838 INFO [root] [2] Received OK from [33]
2025-12-16 09:15:39,838 INFO [root] [2] OK set: {33, 35}
2025-12-16 09:15:39,838 INFO [root] output: True
2025-12-16 09:15:39,838 INFO [root] [2] Received OK from [32]
2025-12-16 09:15:39,838 INFO [root] [2] OK set: {32, 33, 35}
2025-12-16 09:15:39,838 INFO [root] output: True
2025-12-16 09:15:39,838 INFO [root] [2] Received OK from [34]
2025-12-16 09:15:39,838 INFO [root] [2] OK set: {32, 33, 34, 35}
2025-12-16 09:15:39,838 INFO [root] output: True
2025-12-16 09:15:39,838 INFO [root] [2] exit
2025-12-16 09:15:39,838 INFO [root] disperse msid: 2-0-8-B-AVSS, index: 1
2025-12-16 09:15:39,838 INFO [root] AVID retrieve called with sid: 2-0-8-B-AVID, index: 1
2025-12-16 09:15:39,838 INFO [root] Sending deferred response sender:33 index:1
2025-12-16 09:15:39,838 INFO [root] disperse msid: 2-0-8-B-AVSS, index: 3
2025-12-16 09:15:39,838 INFO [root] AVID retrieve called with sid: 2-0-8-B-AVID, index: 3
2025-12-16 09:15:39,839 INFO [root] disperse msid: 2-0-8-B-AVSS, index: 0
2025-12-16 09:15:39,839 INFO [root] AVID retrieve called with sid: 2-0-8-B-AVID, index: 0
2025-12-16 09:15:39,839 INFO [root] disperse msid: 3-0-8-B-AVSS, index: 1
2025-12-16 09:15:39,839 INFO [root] AVID retrieve called with sid: 3-0-8-B-AVID, index: 1
2025-12-16 09:15:39,839 INFO [root] Sending deferred response sender:33 index:1
2025-12-16 09:15:39,839 INFO [root] disperse msid: 3-0-8-B-AVSS, index: 3
2025-12-16 09:15:39,839 INFO [root] AVID retrieve called with sid: 3-0-8-B-AVID, index: 3
2025-12-16 09:15:39,839 INFO [root] disperse msid: 3-0-8-B-AVSS, index: 0
2025-12-16 09:15:39,839 INFO [root] AVID retrieve called with sid: 3-0-8-B-AVID, index: 0
2025-12-16 09:15:39,839 INFO [root] 2-0-8-B-AVSS 2 RETRIEVE called.
2025-12-16 09:15:39,839 INFO [root] AVID broadcast to 1: 32
2025-12-16 09:15:39,839 INFO [root] AVID broadcast to 2: 33
2025-12-16 09:15:39,839 INFO [root] AVID broadcast to 3: 34
2025-12-16 09:15:39,839 INFO [root] AVID broadcast to 4: 35
2025-12-16 09:15:39,839 INFO [root] 2-0-8-B-AVSS 2 RETRIEVE broadcasted.
2025-12-16 09:15:39,839 INFO [root] 3-0-8-B-AVSS 2 RETRIEVE called.
2025-12-16 09:15:39,839 INFO [root] AVID broadcast to 1: 32
2025-12-16 09:15:39,839 INFO [root] AVID broadcast to 2: 33
2025-12-16 09:15:39,839 INFO [root] AVID broadcast to 3: 34
2025-12-16 09:15:39,840 INFO [root] AVID broadcast to 4: 35
2025-12-16 09:15:39,840 INFO [root] 3-0-8-B-AVSS 2 RETRIEVE broadcasted.
2025-12-16 09:15:39,840 INFO [root] disperse msid: 2-0-8-B-AVSS, index: 2
2025-12-16 09:15:39,840 INFO [root] AVID retrieve called with sid: 2-0-8-B-AVID, index: 2
2025-12-16 09:15:39,840 INFO [root] disperse msid: 3-0-8-B-AVSS, index: 2
2025-12-16 09:15:39,840 INFO [root] AVID retrieve called with sid: 3-0-8-B-AVID, index: 2
2025-12-16 09:15:39,840 INFO [root] 2-0-8-B-AVSS 2 AVID retrieve msg from 34
2025-12-16 09:15:39,840 INFO [root] AVID retrieve response received
2025-12-16 09:15:39,840 INFO [root] retrieve msid: 2-0-8-B-AVID, response_index: 2
2025-12-16 09:15:39,840 INFO [root] RESPONSE from 34
2025-12-16 09:15:39,840 INFO [root] sender self.committee_size: 2
2025-12-16 09:15:39,840 INFO [root] 3-0-8-B-AVSS 2 AVID retrieve msg from 34
2025-12-16 09:15:39,840 INFO [root] AVID retrieve response received
2025-12-16 09:15:39,840 INFO [root] retrieve msid: 3-0-8-B-AVID, response_index: 2
2025-12-16 09:15:39,840 INFO [root] RESPONSE from 34
2025-12-16 09:15:39,840 INFO [root] sender self.committee_size: 2
2025-12-16 09:15:39,844 INFO [root] 2-0-8-B-AVSS 2 AVID retrieve msg from 32
2025-12-16 09:15:39,844 INFO [root] AVID retrieve response received
2025-12-16 09:15:39,844 INFO [root] retrieve msid: 2-0-8-B-AVID, response_index: 2
2025-12-16 09:15:39,844 INFO [root] RESPONSE from 32
2025-12-16 09:15:39,844 INFO [root] sender self.committee_size: 0
2025-12-16 09:15:39,844 INFO [root] 2-0-8-B-AVSS 2 RETRIEVE complete.
2025-12-16 09:15:39,844 INFO [root] after avid.retrieve dispersal_msg
2025-12-16 09:15:39,844 INFO [root] Handling dealer messages for dealer_id: 2, tag: 2-0-8-B-AVSS
2025-12-16 09:15:39,862 INFO [root] shares verified successfully
2025-12-16 09:15:39,862 INFO [root] all_shares_valid: True
2025-12-16 09:15:39,862 INFO [root] after _handle_dealer_msgs, all_shares_valid
2025-12-16 09:15:39,862 INFO [root] self.tagvars[tag]['all_shares_valid']: True
2025-12-16 09:15:39,862 INFO [root] multicast to 32
2025-12-16 09:15:39,862 INFO [root] multicast to 33
2025-12-16 09:15:39,862 INFO [root] multicast to 34
2025-12-16 09:15:39,862 INFO [root] multicast to 35
2025-12-16 09:15:39,862 INFO [root] [2] Received OK from [32]
2025-12-16 09:15:39,862 INFO [root] [2] OK set: {32}
2025-12-16 09:15:39,862 INFO [root] output: True
2025-12-16 09:15:39,862 INFO [root] 3-0-8-B-AVSS 2 AVID retrieve msg from 32
2025-12-16 09:15:39,862 INFO [root] AVID retrieve response received
2025-12-16 09:15:39,862 INFO [root] retrieve msid: 3-0-8-B-AVID, response_index: 2
2025-12-16 09:15:39,862 INFO [root] RESPONSE from 32
2025-12-16 09:15:39,862 INFO [root] sender self.committee_size: 0
2025-12-16 09:15:39,863 INFO [root] 3-0-8-B-AVSS 2 RETRIEVE complete.
2025-12-16 09:15:39,863 INFO [root] after avid.retrieve dispersal_msg
2025-12-16 09:15:39,863 INFO [root] Handling dealer messages for dealer_id: 3, tag: 3-0-8-B-AVSS
2025-12-16 09:15:39,877 INFO [root] shares verified successfully
2025-12-16 09:15:39,877 INFO [root] all_shares_valid: True
2025-12-16 09:15:39,877 INFO [root] after _handle_dealer_msgs, all_shares_valid
2025-12-16 09:15:39,877 INFO [root] self.tagvars[tag]['all_shares_valid']: True
2025-12-16 09:15:39,877 INFO [root] multicast to 32
2025-12-16 09:15:39,877 INFO [root] multicast to 33
2025-12-16 09:15:39,877 INFO [root] multicast to 34
2025-12-16 09:15:39,877 INFO [root] multicast to 35
2025-12-16 09:15:39,877 INFO [root] [2] Received OK from [32]
2025-12-16 09:15:39,877 INFO [root] [2] OK set: {32}
2025-12-16 09:15:39,877 INFO [root] output: True
2025-12-16 09:15:39,877 INFO [root] key_proposal: [1, 2, 3]
2025-12-16 09:15:39,878 INFO [beaver.transfer] [2] [random shares] Starting ACS where node 1 is set as leader 
2025-12-16 09:15:39,878 INFO [beaver.transfer] [2] [random shares] The proposal of node 2 is [1, 2, 3]
2025-12-16 09:15:39,878 INFO [root] enter handle_message
2025-12-16 09:15:39,878 INFO [root] [2] Received OK from [34]
2025-12-16 09:15:39,878 INFO [root] [2] OK set: {32, 34}
2025-12-16 09:15:39,878 INFO [root] output: True
2025-12-16 09:15:39,878 INFO [root] [2] Received OK from [34]
2025-12-16 09:15:39,878 INFO [root] [2] OK set: {32, 34}
2025-12-16 09:15:39,878 INFO [root] output: True
2025-12-16 09:15:39,878 INFO [root] [2] Received OK from [35]
2025-12-16 09:15:39,878 INFO [root] [2] OK set: {32, 34, 35}
2025-12-16 09:15:39,878 INFO [root] output: True
2025-12-16 09:15:39,878 INFO [root] [2] Received OK from [33]
2025-12-16 09:15:39,878 INFO [root] [2] OK set: {32, 33, 34, 35}
2025-12-16 09:15:39,878 INFO [root] output: True
2025-12-16 09:15:39,878 INFO [root] [2] exit
2025-12-16 09:15:39,878 INFO [root] [2] Received OK from [35]
2025-12-16 09:15:39,878 INFO [root] [2] OK set: {32, 34, 35}
2025-12-16 09:15:39,878 INFO [root] output: True
2025-12-16 09:15:39,878 INFO [root] [2] Received OK from [33]
2025-12-16 09:15:39,878 INFO [root] [2] OK set: {32, 33, 34, 35}
2025-12-16 09:15:39,878 INFO [root] output: True
2025-12-16 09:15:39,878 INFO [root] [2] exit
2025-12-16 09:15:39,878 INFO [root] [2] otmvba msg value
2025-12-16 09:15:39,878 INFO [root] [2] otmvba handle value message
2025-12-16 09:15:39,878 INFO [root] [2] value-self.acss_outputs.keys():dict_keys([1, 2, 3])
2025-12-16 09:15:39,879 INFO [root] [2] --Directly send the proposal!--
2025-12-16 09:15:39,882 INFO [root] AVID broadcast to 1: 32
2025-12-16 09:15:39,882 INFO [root] AVID broadcast to 2: 33
2025-12-16 09:15:39,883 INFO [root] AVID broadcast to 3: 34
2025-12-16 09:15:39,883 INFO [root] AVID broadcast to 4: 35
2025-12-16 09:15:39,885 INFO [root] AVID broadcast to 1: 32
2025-12-16 09:15:39,885 INFO [root] AVID broadcast to 2: 33
2025-12-16 09:15:39,885 INFO [root] AVID broadcast to 3: 34
2025-12-16 09:15:39,885 INFO [root] AVID broadcast to 4: 35
2025-12-16 09:15:39,886 INFO [root] disperse msid: 0-0-8-B-AVSS, index: 0
2025-12-16 09:15:39,886 INFO [root] AVID retrieve called with sid: 0-0-8-B-AVID, index: 0
2025-12-16 09:15:39,886 INFO [root] 0-0-8-B-AVSS 2 RETRIEVE called.
2025-12-16 09:15:39,886 INFO [root] AVID broadcast to 1: 32
2025-12-16 09:15:39,886 INFO [root] AVID broadcast to 2: 33
2025-12-16 09:15:39,886 INFO [root] AVID broadcast to 3: 34
2025-12-16 09:15:39,886 INFO [root] AVID broadcast to 4: 35
2025-12-16 09:15:39,886 INFO [root] 0-0-8-B-AVSS 2 RETRIEVE broadcasted.
2025-12-16 09:15:39,886 INFO [root] disperse msid: 0-0-8-B-AVSS, index: 2
2025-12-16 09:15:39,886 INFO [root] AVID retrieve called with sid: 0-0-8-B-AVID, index: 2
2025-12-16 09:15:39,886 INFO [root] 0-0-8-B-AVSS 2 AVID retrieve msg from 34
2025-12-16 09:15:39,886 INFO [root] AVID retrieve response received
2025-12-16 09:15:39,886 INFO [root] retrieve msid: 0-0-8-B-AVID, response_index: 2
2025-12-16 09:15:39,886 INFO [root] RESPONSE from 34
2025-12-16 09:15:39,886 INFO [root] sender self.committee_size: 2
2025-12-16 09:15:39,891 INFO [root] disperse msid: 0-0-8-B-AVSS, index: 3
2025-12-16 09:15:39,892 INFO [root] AVID retrieve called with sid: 0-0-8-B-AVID, index: 3
2025-12-16 09:15:39,892 INFO [root] 0-0-8-B-AVSS 2 AVID retrieve msg from 35
2025-12-16 09:15:39,892 INFO [root] AVID retrieve response received
2025-12-16 09:15:39,892 INFO [root] retrieve msid: 0-0-8-B-AVID, response_index: 2
2025-12-16 09:15:39,892 INFO [root] RESPONSE from 35
2025-12-16 09:15:39,892 INFO [root] sender self.committee_size: 3
2025-12-16 09:15:39,892 INFO [root] 0-0-8-B-AVSS 2 RETRIEVE complete.
2025-12-16 09:15:39,892 INFO [root] after avid.retrieve dispersal_msg
2025-12-16 09:15:39,892 INFO [root] Handling dealer messages for dealer_id: 0, tag: 0-0-8-B-AVSS
2025-12-16 09:15:39,905 INFO [root] shares verified successfully
2025-12-16 09:15:39,905 INFO [root] all_shares_valid: True
2025-12-16 09:15:39,905 INFO [root] after _handle_dealer_msgs, all_shares_valid
2025-12-16 09:15:39,905 INFO [root] self.tagvars[tag]['all_shares_valid']: True
2025-12-16 09:15:39,905 INFO [root] multicast to 32
2025-12-16 09:15:39,905 INFO [root] multicast to 33
2025-12-16 09:15:39,905 INFO [root] multicast to 34
2025-12-16 09:15:39,905 INFO [root] multicast to 35
2025-12-16 09:15:39,905 INFO [root] [2] Received OK from [34]
2025-12-16 09:15:39,905 INFO [root] [2] OK set: {34}
2025-12-16 09:15:39,905 INFO [root] output: True
2025-12-16 09:15:39,905 INFO [root] [2] Received OK from [32]
2025-12-16 09:15:39,905 INFO [root] [2] OK set: {32, 34}
2025-12-16 09:15:39,905 INFO [root] output: True
2025-12-16 09:15:39,905 INFO [root] [2] otmvba msg PrevoteQC
2025-12-16 09:15:39,905 INFO [root] [2] otmvba handle prevote qc message
2025-12-16 09:15:39,913 INFO [root] [2] Received OK from [35]
2025-12-16 09:15:39,913 INFO [root] [2] OK set: {32, 34, 35}
2025-12-16 09:15:39,913 INFO [root] output: True
2025-12-16 09:15:39,914 INFO [root] disperse msid: 0-0-8-B-AVSS, index: 1
2025-12-16 09:15:39,914 INFO [root] AVID retrieve called with sid: 0-0-8-B-AVID, index: 1
2025-12-16 09:15:39,934 INFO [root] [2] otmvba msg VoteQC
2025-12-16 09:15:39,934 INFO [root] [2] otmvba handle vote qc message
2025-12-16 09:15:39,939 INFO [root] [2] otmvba Broadcasting to 32
2025-12-16 09:15:39,939 INFO [root] [2] otmvba Broadcasting to 33
2025-12-16 09:15:39,939 INFO [root] [2] otmvba Broadcasting to 34
2025-12-16 09:15:39,940 INFO [root] [2] otmvba Broadcasting to 35
2025-12-16 09:15:39,940 INFO [root] [2] otmvba msg Terminate
2025-12-16 09:15:39,940 INFO [root] [2] otmvba handle terminate message
2025-12-16 09:15:39,946 INFO [root] [2] otmvba Broadcasting to 32
2025-12-16 09:15:39,946 INFO [root] [2] otmvba Broadcasting to 33
2025-12-16 09:15:39,946 INFO [root] [2] otmvba Broadcasting to 34
2025-12-16 09:15:39,946 INFO [root] [2] otmvba Broadcasting to 35
2025-12-16 09:15:39,946 INFO [beaver.transfer] [2] [random shares] The ACS set is [1, 2, 3]
2025-12-16 09:15:39,946 INFO [root] common: [1, 2, 3]
2025-12-16 09:15:39,973 INFO [beaver.transfer] [2] [asynchronous dynamic transfer] Finished! Node 2, total number: 25, time: 9.622325897216797 (seconds)
2025-12-16 09:15:39,974 INFO [root] layer ID: 8 trans_foll_time: 9.622748851776123
2025-12-16 09:15:39,974 INFO [beaver.batch_multiplication] [2] Starting BatchMultiplication
2025-12-16 09:15:39,974 INFO [beaver.batch_multiplication] [2] Starting ACSS to evaluate 25 multiplication gates
2025-12-16 09:15:39,974 INFO [root] [2] Starting Batch AVSS. Id: 0, Dealer Id: 0, Client Mode: False
2025-12-16 09:15:39,974 INFO [root] [2] AVSS tag: 0-0-8-B-AVSS
2025-12-16 09:15:39,974 INFO [root] [2] RBC tag: 0-0-8-B-RBC
2025-12-16 09:15:39,974 INFO [root] [2] Starting AVSS with shares_num: 25, dealer_id: 0, client_mode: False
2025-12-16 09:15:39,974 INFO [root] rbc_list: [28, 32, 33, 34, 35]
2025-12-16 09:15:39,974 INFO [root] committee_size: 4
2025-12-16 09:15:39,974 INFO [root] n: 5
2025-12-16 09:15:39,974 INFO [root] f: 1
2025-12-16 09:15:39,974 INFO [root] pid: 3
2025-12-16 09:15:39,974 INFO [root] leader: 0
2025-12-16 09:15:39,974 INFO [root] [3] Received VAL message from 28
2025-12-16 09:15:39,974 INFO [root] entering n == commitee_size + 1
2025-12-16 09:15:39,974 INFO [root] [3] sender: 28, leader: 0
2025-12-16 09:15:39,974 INFO [root] [3] Successfully validated VAL message
2025-12-16 09:15:39,974 INFO [root] [3] Broadcasted ECHO message for roothash b'W\xaa\xf3\xb2\x86\x85>\xc7\x07/\x02\xc6=\xa1hL~A@@\xb6\xdah\xcf\x8fT\xab\xa4\x90\x99qj'
2025-12-16 09:15:39,974 INFO [root] broadcast Sending to 1: 32
2025-12-16 09:15:39,974 INFO [root] broadcast Sending to 2: 33
2025-12-16 09:15:39,974 INFO [root] broadcast Sending to 3: 34
2025-12-16 09:15:39,974 INFO [root] broadcast Sending to 4: 35
2025-12-16 09:15:39,975 INFO [root] [2] Starting Batch AVSS. Id: 0, Dealer Id: 1, Client Mode: False
2025-12-16 09:15:39,975 INFO [root] [2] AVSS tag: 1-0-8-B-AVSS
2025-12-16 09:15:39,975 INFO [root] [2] RBC tag: 1-0-8-B-RBC
2025-12-16 09:15:39,975 INFO [root] [2] Starting AVSS with shares_num: 25, dealer_id: 1, client_mode: False
2025-12-16 09:15:39,975 INFO [root] rbc_list: [29, 32, 33, 34, 35]
2025-12-16 09:15:39,975 INFO [root] committee_size: 4
2025-12-16 09:15:39,975 INFO [root] n: 5
2025-12-16 09:15:39,975 INFO [root] f: 1
2025-12-16 09:15:39,975 INFO [root] pid: 3
2025-12-16 09:15:39,975 INFO [root] leader: 1
2025-12-16 09:15:39,975 INFO [root] [3] Received VAL message from 29
2025-12-16 09:15:39,975 INFO [root] entering n == commitee_size + 1
2025-12-16 09:15:39,975 INFO [root] [3] sender: 29, leader: 1
2025-12-16 09:15:39,975 INFO [root] [3] Successfully validated VAL message
2025-12-16 09:15:39,975 INFO [root] [3] Broadcasted ECHO message for roothash b'\x06\xe0\xdf\xfb\xe7\x81\x97Eq\xd7!\x11\xaeeLa\x82\x1f\\W\xe3\x98\xaf\xfaWz\xdd\xd4-\xf6\xbf\x8c'
2025-12-16 09:15:39,975 INFO [root] broadcast Sending to 1: 32
2025-12-16 09:15:39,975 INFO [root] broadcast Sending to 2: 33
2025-12-16 09:15:39,975 INFO [root] broadcast Sending to 3: 34
2025-12-16 09:15:39,975 INFO [root] broadcast Sending to 4: 35
2025-12-16 09:15:39,975 INFO [root] [2] Starting Batch AVSS. Id: 0, Dealer Id: 2, Client Mode: False
2025-12-16 09:15:39,975 INFO [root] [2] AVSS tag: 2-0-8-B-AVSS
2025-12-16 09:15:39,975 INFO [root] [2] RBC tag: 2-0-8-B-RBC
2025-12-16 09:15:39,975 INFO [root] [2] Starting AVSS with shares_num: 25, dealer_id: 2, client_mode: False
2025-12-16 09:15:39,975 INFO [root] rbc_list: [30, 32, 33, 34, 35]
2025-12-16 09:15:39,975 INFO [root] committee_size: 4
2025-12-16 09:15:39,975 INFO [root] n: 5
2025-12-16 09:15:39,975 INFO [root] f: 1
2025-12-16 09:15:39,975 INFO [root] pid: 3
2025-12-16 09:15:39,975 INFO [root] leader: 2
2025-12-16 09:15:39,975 INFO [root] [3] Received VAL message from 30
2025-12-16 09:15:39,975 INFO [root] entering n == commitee_size + 1
2025-12-16 09:15:39,975 INFO [root] [3] sender: 30, leader: 2
2025-12-16 09:15:39,975 INFO [root] [3] Successfully validated VAL message
2025-12-16 09:15:39,975 INFO [root] [3] Broadcasted ECHO message for roothash b'pXr\xf6\t\xe5\x9a\xd4\xca\xb6\xb2|\xe1\x01\xda\xa8\xe1Z\x1bB\x80\xb5\xa21\x93\xd2p\xe0@+s-'
2025-12-16 09:15:39,975 INFO [root] broadcast Sending to 1: 32
2025-12-16 09:15:39,975 INFO [root] broadcast Sending to 2: 33
2025-12-16 09:15:39,975 INFO [root] broadcast Sending to 3: 34
2025-12-16 09:15:39,975 INFO [root] broadcast Sending to 4: 35
2025-12-16 09:15:39,975 INFO [root] [2] Starting Batch AVSS. Id: 0, Dealer Id: 3, Client Mode: False
2025-12-16 09:15:39,975 INFO [root] [2] AVSS tag: 3-0-8-B-AVSS
2025-12-16 09:15:39,975 INFO [root] [2] RBC tag: 3-0-8-B-RBC
2025-12-16 09:15:39,975 INFO [root] [2] Starting AVSS with shares_num: 25, dealer_id: 3, client_mode: False
2025-12-16 09:15:39,975 INFO [root] rbc_list: [31, 32, 33, 34, 35]
2025-12-16 09:15:39,975 INFO [root] committee_size: 4
2025-12-16 09:15:39,975 INFO [root] n: 5
2025-12-16 09:15:39,975 INFO [root] f: 1
2025-12-16 09:15:39,975 INFO [root] pid: 2
2025-12-16 09:15:39,975 INFO [root] leader: 3
2025-12-16 09:15:39,975 INFO [root] [2] Received VAL message from 31
2025-12-16 09:15:39,975 INFO [root] entering n == commitee_size + 1
2025-12-16 09:15:39,975 INFO [root] [2] sender: 31, leader: 3
2025-12-16 09:15:39,975 INFO [root] [2] Successfully validated VAL message
2025-12-16 09:15:39,975 INFO [root] [2] Broadcasted ECHO message for roothash b'}\x1bQ\x1cp_N\xb9\x93\xf4t\xdd,\\]6?\x1eb6p\xf6\xc4\xcd\xa1*I\xfa3\xef\x05\xff'
2025-12-16 09:15:39,975 INFO [root] broadcast Sending to 1: 32
2025-12-16 09:15:39,975 INFO [root] broadcast Sending to 2: 33
2025-12-16 09:15:39,975 INFO [root] broadcast Sending to 3: 34
2025-12-16 09:15:39,975 INFO [root] broadcast Sending to 4: 35
2025-12-16 09:15:39,975 INFO [root] [2] Received OK from [33]
2025-12-16 09:15:39,975 INFO [root] [2] OK set: {32, 33, 34, 35}
2025-12-16 09:15:39,975 INFO [root] output: True
2025-12-16 09:15:39,975 INFO [root] [2] exit
2025-12-16 09:15:39,975 INFO [root] [3] Received ECHO message from 35
2025-12-16 09:15:39,975 INFO [root] [3] Received ECHO message from 32
2025-12-16 09:15:39,976 INFO [root] [3] Received ECHO message from 34
2025-12-16 09:15:39,976 INFO [root] [3] Broadcasted READY message for roothash b'W\xaa\xf3\xb2\x86\x85>\xc7\x07/\x02\xc6=\xa1hL~A@@\xb6\xdah\xcf\x8fT\xab\xa4\x90\x99qj'
2025-12-16 09:15:39,976 INFO [root] broadcast Sending to 1: 32
2025-12-16 09:15:39,976 INFO [root] broadcast Sending to 2: 33
2025-12-16 09:15:39,976 INFO [root] broadcast Sending to 3: 34
2025-12-16 09:15:39,976 INFO [root] broadcast Sending to 4: 35
2025-12-16 09:15:39,976 INFO [root] [3] Received ECHO message from 32
2025-12-16 09:15:39,976 INFO [root] [3] Received ECHO message from 35
2025-12-16 09:15:39,976 INFO [root] [3] Received ECHO message from 34
2025-12-16 09:15:39,976 INFO [root] [3] Broadcasted READY message for roothash b'\x06\xe0\xdf\xfb\xe7\x81\x97Eq\xd7!\x11\xaeeLa\x82\x1f\\W\xe3\x98\xaf\xfaWz\xdd\xd4-\xf6\xbf\x8c'
2025-12-16 09:15:39,976 INFO [root] broadcast Sending to 1: 32
2025-12-16 09:15:39,976 INFO [root] broadcast Sending to 2: 33
2025-12-16 09:15:39,976 INFO [root] broadcast Sending to 3: 34
2025-12-16 09:15:39,976 INFO [root] broadcast Sending to 4: 35
2025-12-16 09:15:39,976 INFO [root] [3] Received ECHO message from 32
2025-12-16 09:15:39,976 INFO [root] [3] Received ECHO message from 35
2025-12-16 09:15:39,976 INFO [root] [3] Received ECHO message from 34
2025-12-16 09:15:39,976 INFO [root] [3] Broadcasted READY message for roothash b'pXr\xf6\t\xe5\x9a\xd4\xca\xb6\xb2|\xe1\x01\xda\xa8\xe1Z\x1bB\x80\xb5\xa21\x93\xd2p\xe0@+s-'
2025-12-16 09:15:39,976 INFO [root] broadcast Sending to 1: 32
2025-12-16 09:15:39,976 INFO [root] broadcast Sending to 2: 33
2025-12-16 09:15:39,976 INFO [root] broadcast Sending to 3: 34
2025-12-16 09:15:39,976 INFO [root] broadcast Sending to 4: 35
2025-12-16 09:15:39,976 INFO [root] [2] Received ECHO message from 32
2025-12-16 09:15:39,976 INFO [root] [2] Received ECHO message from 35
2025-12-16 09:15:39,976 INFO [root] [2] Received ECHO message from 34
2025-12-16 09:15:39,976 INFO [root] [2] Broadcasted READY message for roothash b'}\x1bQ\x1cp_N\xb9\x93\xf4t\xdd,\\]6?\x1eb6p\xf6\xc4\xcd\xa1*I\xfa3\xef\x05\xff'
2025-12-16 09:15:39,976 INFO [root] broadcast Sending to 1: 32
2025-12-16 09:15:39,976 INFO [root] broadcast Sending to 2: 33
2025-12-16 09:15:39,976 INFO [root] broadcast Sending to 3: 34
2025-12-16 09:15:39,976 INFO [root] broadcast Sending to 4: 35
2025-12-16 09:15:39,976 INFO [root] [3] Received READY message from 34
2025-12-16 09:15:39,976 INFO [root] [3] Received READY message from 34
2025-12-16 09:15:39,976 INFO [root] [3] Received READY message from 34
2025-12-16 09:15:39,976 INFO [root] [2] Received READY message from 34
2025-12-16 09:15:39,977 INFO [root] [3] Received READY message from 35
2025-12-16 09:15:39,977 INFO [root] [3] Received READY message from 35
2025-12-16 09:15:39,978 INFO [root] [3] Received READY message from 35
2025-12-16 09:15:39,978 INFO [root] [2] Received READY message from 35
2025-12-16 09:15:39,978 INFO [root] [3] Received READY message from 32
2025-12-16 09:15:39,978 INFO [root] Decoding output for roothash: b'W\xaa\xf3\xb2\x86\x85>\xc7\x07/\x02\xc6=\xa1hL~A@@\xb6\xdah\xcf\x8fT\xab\xa4\x90\x99qj'
2025-12-16 09:15:39,978 INFO [root] [2] Received RBC message
2025-12-16 09:15:39,978 INFO [root] multicast list: [32, 33, 34, 35]
2025-12-16 09:15:39,978 INFO [root] before avid.retrieve
2025-12-16 09:15:39,978 INFO [root] [3] Received READY message from 32
2025-12-16 09:15:39,978 INFO [root] Decoding output for roothash: b'\x06\xe0\xdf\xfb\xe7\x81\x97Eq\xd7!\x11\xaeeLa\x82\x1f\\W\xe3\x98\xaf\xfaWz\xdd\xd4-\xf6\xbf\x8c'
2025-12-16 09:15:39,978 INFO [root] [2] Received RBC message
2025-12-16 09:15:39,978 INFO [root] multicast list: [32, 33, 34, 35]
2025-12-16 09:15:39,978 INFO [root] before avid.retrieve
2025-12-16 09:15:39,978 INFO [root] [3] Received READY message from 32
2025-12-16 09:15:39,979 INFO [root] Decoding output for roothash: b'pXr\xf6\t\xe5\x9a\xd4\xca\xb6\xb2|\xe1\x01\xda\xa8\xe1Z\x1bB\x80\xb5\xa21\x93\xd2p\xe0@+s-'
2025-12-16 09:15:39,979 INFO [root] [2] Received RBC message
2025-12-16 09:15:39,979 INFO [root] multicast list: [32, 33, 34, 35]
2025-12-16 09:15:39,979 INFO [root] before avid.retrieve
2025-12-16 09:15:39,979 INFO [root] [2] Received READY message from 32
2025-12-16 09:15:39,979 INFO [root] Decoding output for roothash: b'}\x1bQ\x1cp_N\xb9\x93\xf4t\xdd,\\]6?\x1eb6p\xf6\xc4\xcd\xa1*I\xfa3\xef\x05\xff'
2025-12-16 09:15:39,979 INFO [root] [2] Received RBC message
2025-12-16 09:15:39,979 INFO [root] multicast list: [32, 33, 34, 35]
2025-12-16 09:15:39,979 INFO [root] before avid.retrieve
2025-12-16 09:15:39,979 INFO [root] AVID broadcast to 1: 32
2025-12-16 09:15:39,979 INFO [root] AVID broadcast to 2: 33
2025-12-16 09:15:39,979 INFO [root] AVID broadcast to 3: 34
2025-12-16 09:15:39,979 INFO [root] AVID broadcast to 4: 35
2025-12-16 09:15:39,979 INFO [root] AVID broadcast to 1: 32
2025-12-16 09:15:39,979 INFO [root] AVID broadcast to 2: 33
2025-12-16 09:15:39,979 INFO [root] AVID broadcast to 3: 34
2025-12-16 09:15:39,979 INFO [root] AVID broadcast to 4: 35
2025-12-16 09:15:39,979 INFO [root] AVID broadcast to 1: 32
2025-12-16 09:15:39,979 INFO [root] AVID broadcast to 2: 33
2025-12-16 09:15:39,979 INFO [root] AVID broadcast to 3: 34
2025-12-16 09:15:39,979 INFO [root] AVID broadcast to 4: 35
2025-12-16 09:15:39,979 INFO [root] AVID broadcast to 1: 32
2025-12-16 09:15:39,979 INFO [root] AVID broadcast to 2: 33
2025-12-16 09:15:39,980 INFO [root] AVID broadcast to 3: 34
2025-12-16 09:15:39,980 INFO [root] AVID broadcast to 4: 35
2025-12-16 09:15:39,981 INFO [root] AVID broadcast to 1: 32
2025-12-16 09:15:39,981 INFO [root] AVID broadcast to 2: 33
2025-12-16 09:15:39,981 INFO [root] AVID broadcast to 3: 34
2025-12-16 09:15:39,981 INFO [root] AVID broadcast to 4: 35
2025-12-16 09:15:39,981 INFO [root] AVID broadcast to 1: 32
2025-12-16 09:15:39,981 INFO [root] AVID broadcast to 2: 33
2025-12-16 09:15:39,981 INFO [root] AVID broadcast to 3: 34
2025-12-16 09:15:39,981 INFO [root] AVID broadcast to 4: 35
2025-12-16 09:15:39,981 INFO [root] AVID broadcast to 1: 32
2025-12-16 09:15:39,981 INFO [root] AVID broadcast to 2: 33
2025-12-16 09:15:39,981 INFO [root] AVID broadcast to 3: 34
2025-12-16 09:15:39,982 INFO [root] AVID broadcast to 4: 35
2025-12-16 09:15:39,982 INFO [root] AVID broadcast to 1: 32
2025-12-16 09:15:39,982 INFO [root] AVID broadcast to 2: 33
2025-12-16 09:15:39,982 INFO [root] AVID broadcast to 3: 34
2025-12-16 09:15:39,982 INFO [root] AVID broadcast to 4: 35
2025-12-16 09:15:39,982 INFO [root] 0-0-8-B-AVSS 2 RETRIEVE called.
2025-12-16 09:15:39,982 INFO [root] AVID broadcast to 1: 32
2025-12-16 09:15:39,982 INFO [root] AVID broadcast to 2: 33
2025-12-16 09:15:39,982 INFO [root] AVID broadcast to 3: 34
2025-12-16 09:15:39,982 INFO [root] AVID broadcast to 4: 35
2025-12-16 09:15:39,982 INFO [root] 0-0-8-B-AVSS 2 RETRIEVE broadcasted.
2025-12-16 09:15:39,982 INFO [root] 1-0-8-B-AVSS 2 RETRIEVE called.
2025-12-16 09:15:39,982 INFO [root] AVID broadcast to 1: 32
2025-12-16 09:15:39,982 INFO [root] AVID broadcast to 2: 33
2025-12-16 09:15:39,982 INFO [root] AVID broadcast to 3: 34
2025-12-16 09:15:39,982 INFO [root] AVID broadcast to 4: 35
2025-12-16 09:15:39,982 INFO [root] 1-0-8-B-AVSS 2 RETRIEVE broadcasted.
2025-12-16 09:15:39,982 INFO [root] 2-0-8-B-AVSS 2 RETRIEVE called.
2025-12-16 09:15:39,982 INFO [root] AVID broadcast to 1: 32
2025-12-16 09:15:39,982 INFO [root] AVID broadcast to 2: 33
2025-12-16 09:15:39,982 INFO [root] AVID broadcast to 3: 34
2025-12-16 09:15:39,982 INFO [root] AVID broadcast to 4: 35
2025-12-16 09:15:39,982 INFO [root] 2-0-8-B-AVSS 2 RETRIEVE broadcasted.
2025-12-16 09:15:39,982 INFO [root] 3-0-8-B-AVSS 2 RETRIEVE called.
2025-12-16 09:15:39,982 INFO [root] AVID broadcast to 1: 32
2025-12-16 09:15:39,982 INFO [root] AVID broadcast to 2: 33
2025-12-16 09:15:39,982 INFO [root] AVID broadcast to 3: 34
2025-12-16 09:15:39,982 INFO [root] AVID broadcast to 4: 35
2025-12-16 09:15:39,982 INFO [root] 3-0-8-B-AVSS 2 RETRIEVE broadcasted.
2025-12-16 09:15:39,982 INFO [root] disperse msid: 0-0-8-B-AVSS, index: 2
2025-12-16 09:15:39,982 INFO [root] AVID retrieve called with sid: 0-0-8-B-AVID, index: 2
2025-12-16 09:15:39,982 INFO [root] disperse msid: 1-0-8-B-AVSS, index: 2
2025-12-16 09:15:39,982 INFO [root] AVID retrieve called with sid: 1-0-8-B-AVID, index: 2
2025-12-16 09:15:39,982 INFO [root] disperse msid: 2-0-8-B-AVSS, index: 2
2025-12-16 09:15:39,982 INFO [root] AVID retrieve called with sid: 2-0-8-B-AVID, index: 2
2025-12-16 09:15:39,982 INFO [root] disperse msid: 3-0-8-B-AVSS, index: 2
2025-12-16 09:15:39,982 INFO [root] AVID retrieve called with sid: 3-0-8-B-AVID, index: 2
2025-12-16 09:15:39,983 INFO [root] 0-0-8-B-AVSS 2 AVID retrieve msg from 34
2025-12-16 09:15:39,983 INFO [root] AVID retrieve response received
2025-12-16 09:15:39,983 INFO [root] retrieve msid: 0-0-8-B-AVID, response_index: 2
2025-12-16 09:15:39,983 INFO [root] RESPONSE from 34
2025-12-16 09:15:39,983 INFO [root] sender self.committee_size: 2
2025-12-16 09:15:39,983 INFO [root] 1-0-8-B-AVSS 2 AVID retrieve msg from 34
2025-12-16 09:15:39,983 INFO [root] AVID retrieve response received
2025-12-16 09:15:39,983 INFO [root] retrieve msid: 1-0-8-B-AVID, response_index: 2
2025-12-16 09:15:39,983 INFO [root] RESPONSE from 34
2025-12-16 09:15:39,983 INFO [root] sender self.committee_size: 2
2025-12-16 09:15:39,984 INFO [root] 2-0-8-B-AVSS 2 AVID retrieve msg from 34
2025-12-16 09:15:39,984 INFO [root] AVID retrieve response received
2025-12-16 09:15:39,984 INFO [root] retrieve msid: 2-0-8-B-AVID, response_index: 2
2025-12-16 09:15:39,984 INFO [root] RESPONSE from 34
2025-12-16 09:15:39,984 INFO [root] sender self.committee_size: 2
2025-12-16 09:15:39,984 INFO [root] 3-0-8-B-AVSS 2 AVID retrieve msg from 34
2025-12-16 09:15:39,984 INFO [root] AVID retrieve response received
2025-12-16 09:15:39,984 INFO [root] retrieve msid: 3-0-8-B-AVID, response_index: 2
2025-12-16 09:15:39,984 INFO [root] RESPONSE from 34
2025-12-16 09:15:39,984 INFO [root] sender self.committee_size: 2
2025-12-16 09:15:39,985 INFO [root] disperse msid: 0-0-8-B-AVSS, index: 0
2025-12-16 09:15:39,985 INFO [root] AVID retrieve called with sid: 0-0-8-B-AVID, index: 0
2025-12-16 09:15:39,985 INFO [root] disperse msid: 0-0-8-B-AVSS, index: 3
2025-12-16 09:15:39,985 INFO [root] AVID retrieve called with sid: 0-0-8-B-AVID, index: 3
2025-12-16 09:15:39,985 INFO [root] disperse msid: 1-0-8-B-AVSS, index: 0
2025-12-16 09:15:39,985 INFO [root] AVID retrieve called with sid: 1-0-8-B-AVID, index: 0
2025-12-16 09:15:39,985 INFO [root] disperse msid: 2-0-8-B-AVSS, index: 0
2025-12-16 09:15:39,985 INFO [root] AVID retrieve called with sid: 2-0-8-B-AVID, index: 0
2025-12-16 09:15:39,985 INFO [root] disperse msid: 3-0-8-B-AVSS, index: 0
2025-12-16 09:15:39,985 INFO [root] AVID retrieve called with sid: 3-0-8-B-AVID, index: 0
2025-12-16 09:15:39,985 INFO [root] 0-0-8-B-AVSS 2 AVID retrieve msg from 32
2025-12-16 09:15:39,985 INFO [root] AVID retrieve response received
2025-12-16 09:15:39,985 INFO [root] retrieve msid: 0-0-8-B-AVID, response_index: 2
2025-12-16 09:15:39,985 INFO [root] RESPONSE from 32
2025-12-16 09:15:39,985 INFO [root] sender self.committee_size: 0
2025-12-16 09:15:39,986 INFO [root] 0-0-8-B-AVSS 2 RETRIEVE complete.
2025-12-16 09:15:39,986 INFO [root] after avid.retrieve dispersal_msg
2025-12-16 09:15:39,986 INFO [root] Handling dealer messages for dealer_id: 0, tag: 0-0-8-B-AVSS
2025-12-16 09:15:39,987 INFO [beaver.hbacss] [PedersenCommit] invoking pyPedersenCommit...
num_generators 50
padded_num_generators 64
2025-12-16 09:15:40,021 INFO [beaver.hbacss] verifier_result_json: {"verified":true}
2025-12-16 09:15:40,027 INFO [root] inner product verified successfully
2025-12-16 09:15:40,039 INFO [root] shares verified successfully
2025-12-16 09:15:40,039 INFO [root] all_shares_valid: True
2025-12-16 09:15:40,040 INFO [root] after _handle_dealer_msgs, all_shares_valid
2025-12-16 09:15:40,040 INFO [root] self.tagvars[tag]['all_shares_valid']: True
2025-12-16 09:15:40,040 INFO [root] multicast to 32
2025-12-16 09:15:40,040 INFO [root] multicast to 33
2025-12-16 09:15:40,040 INFO [root] multicast to 34
2025-12-16 09:15:40,040 INFO [root] multicast to 35
2025-12-16 09:15:40,040 INFO [root] 1-0-8-B-AVSS 2 AVID retrieve msg from 32
2025-12-16 09:15:40,040 INFO [root] AVID retrieve response received
2025-12-16 09:15:40,040 INFO [root] retrieve msid: 1-0-8-B-AVID, response_index: 2
2025-12-16 09:15:40,040 INFO [root] RESPONSE from 32
2025-12-16 09:15:40,040 INFO [root] sender self.committee_size: 0
2025-12-16 09:15:40,040 INFO [root] 1-0-8-B-AVSS 2 RETRIEVE complete.
2025-12-16 09:15:40,040 INFO [root] after avid.retrieve dispersal_msg
2025-12-16 09:15:40,040 INFO [root] Handling dealer messages for dealer_id: 1, tag: 1-0-8-B-AVSS
2025-12-16 09:15:40,042 INFO [beaver.hbacss] [PedersenCommit] invoking pyPedersenCommit...
num_generators 50
padded_num_generators 64
2025-12-16 09:15:40,075 INFO [beaver.hbacss] verifier_result_json: {"verified":true}
2025-12-16 09:15:40,079 INFO [root] inner product verified successfully
2025-12-16 09:15:40,090 INFO [root] shares verified successfully
2025-12-16 09:15:40,090 INFO [root] all_shares_valid: True
2025-12-16 09:15:40,090 INFO [root] after _handle_dealer_msgs, all_shares_valid
2025-12-16 09:15:40,090 INFO [root] self.tagvars[tag]['all_shares_valid']: True
2025-12-16 09:15:40,090 INFO [root] multicast to 32
2025-12-16 09:15:40,090 INFO [root] multicast to 33
2025-12-16 09:15:40,090 INFO [root] multicast to 34
2025-12-16 09:15:40,090 INFO [root] multicast to 35
2025-12-16 09:15:40,091 INFO [root] 2-0-8-B-AVSS 2 AVID retrieve msg from 32
2025-12-16 09:15:40,091 INFO [root] AVID retrieve response received
2025-12-16 09:15:40,091 INFO [root] retrieve msid: 2-0-8-B-AVID, response_index: 2
2025-12-16 09:15:40,091 INFO [root] RESPONSE from 32
2025-12-16 09:15:40,091 INFO [root] sender self.committee_size: 0
2025-12-16 09:15:40,091 INFO [root] 2-0-8-B-AVSS 2 RETRIEVE complete.
2025-12-16 09:15:40,091 INFO [root] after avid.retrieve dispersal_msg
2025-12-16 09:15:40,091 INFO [root] Handling dealer messages for dealer_id: 2, tag: 2-0-8-B-AVSS
2025-12-16 09:15:40,092 INFO [beaver.hbacss] [PedersenCommit] invoking pyPedersenCommit...
num_generators 50
padded_num_generators 64
2025-12-16 09:15:40,124 INFO [beaver.hbacss] verifier_result_json: {"verified":true}
2025-12-16 09:15:40,131 INFO [root] inner product verified successfully
2025-12-16 09:15:40,141 INFO [root] shares verified successfully
2025-12-16 09:15:40,142 INFO [root] all_shares_valid: True
2025-12-16 09:15:40,142 INFO [root] after _handle_dealer_msgs, all_shares_valid
2025-12-16 09:15:40,142 INFO [root] self.tagvars[tag]['all_shares_valid']: True
2025-12-16 09:15:40,142 INFO [root] multicast to 32
2025-12-16 09:15:40,142 INFO [root] multicast to 33
2025-12-16 09:15:40,142 INFO [root] multicast to 34
2025-12-16 09:15:40,142 INFO [root] multicast to 35
2025-12-16 09:15:40,142 INFO [root] 3-0-8-B-AVSS 2 AVID retrieve msg from 32
2025-12-16 09:15:40,142 INFO [root] AVID retrieve response received
2025-12-16 09:15:40,142 INFO [root] retrieve msid: 3-0-8-B-AVID, response_index: 2
2025-12-16 09:15:40,142 INFO [root] RESPONSE from 32
2025-12-16 09:15:40,142 INFO [root] sender self.committee_size: 0
2025-12-16 09:15:40,142 INFO [root] 3-0-8-B-AVSS 2 RETRIEVE complete.
2025-12-16 09:15:40,142 INFO [root] after avid.retrieve dispersal_msg
2025-12-16 09:15:40,142 INFO [root] Handling dealer messages for dealer_id: 3, tag: 3-0-8-B-AVSS
2025-12-16 09:15:40,143 INFO [beaver.hbacss] [PedersenCommit] invoking pyPedersenCommit...
num_generators 50
padded_num_generators 64
2025-12-16 09:15:40,174 INFO [beaver.hbacss] verifier_result_json: {"verified":true}
2025-12-16 09:15:40,179 INFO [root] inner product verified successfully
2025-12-16 09:15:40,192 INFO [root] shares verified successfully
2025-12-16 09:15:40,192 INFO [root] all_shares_valid: True
2025-12-16 09:15:40,192 INFO [root] after _handle_dealer_msgs, all_shares_valid
2025-12-16 09:15:40,192 INFO [root] self.tagvars[tag]['all_shares_valid']: True
2025-12-16 09:15:40,192 INFO [root] multicast to 32
2025-12-16 09:15:40,192 INFO [root] multicast to 33
2025-12-16 09:15:40,192 INFO [root] multicast to 34
2025-12-16 09:15:40,192 INFO [root] multicast to 35
2025-12-16 09:15:40,193 INFO [root] key_proposal: [0, 1, 2, 3]
2025-12-16 09:15:40,193 INFO [beaver.batch_multiplication] [2] [random shares] Starting ACS where node 1 is set as leader 
2025-12-16 09:15:40,193 INFO [beaver.batch_multiplication] [2] [random shares] The proposal of node 2 is [0, 1, 2, 3]
2025-12-16 09:15:40,193 INFO [root] enter handle_message
2025-12-16 09:15:40,193 INFO [root] [2] Received OK from [34]
2025-12-16 09:15:40,193 INFO [root] [2] OK set: {34}
2025-12-16 09:15:40,193 INFO [root] output: True
2025-12-16 09:15:40,193 INFO [root] [2] Received OK from [34]
2025-12-16 09:15:40,193 INFO [root] [2] OK set: {34}
2025-12-16 09:15:40,193 INFO [root] output: True
2025-12-16 09:15:40,193 INFO [root] [2] Received OK from [34]
2025-12-16 09:15:40,193 INFO [root] [2] OK set: {34}
2025-12-16 09:15:40,193 INFO [root] output: True
2025-12-16 09:15:40,193 INFO [root] [2] Received OK from [34]
2025-12-16 09:15:40,193 INFO [root] [2] OK set: {34}
2025-12-16 09:15:40,194 INFO [root] output: True
2025-12-16 09:15:40,194 INFO [root] disperse msid: 1-0-8-B-AVSS, index: 3
2025-12-16 09:15:40,194 INFO [root] AVID retrieve called with sid: 1-0-8-B-AVID, index: 3
2025-12-16 09:15:40,194 INFO [root] disperse msid: 1-0-8-B-AVSS, index: 1
2025-12-16 09:15:40,194 INFO [root] AVID retrieve called with sid: 1-0-8-B-AVID, index: 1
2025-12-16 09:15:40,194 INFO [root] disperse msid: 2-0-8-B-AVSS, index: 3
2025-12-16 09:15:40,194 INFO [root] AVID retrieve called with sid: 2-0-8-B-AVID, index: 3
2025-12-16 09:15:40,194 INFO [root] disperse msid: 2-0-8-B-AVSS, index: 1
2025-12-16 09:15:40,194 INFO [root] AVID retrieve called with sid: 2-0-8-B-AVID, index: 1
2025-12-16 09:15:40,194 INFO [root] disperse msid: 3-0-8-B-AVSS, index: 3
2025-12-16 09:15:40,194 INFO [root] AVID retrieve called with sid: 3-0-8-B-AVID, index: 3
2025-12-16 09:15:40,194 INFO [root] disperse msid: 3-0-8-B-AVSS, index: 1
2025-12-16 09:15:40,194 INFO [root] AVID retrieve called with sid: 3-0-8-B-AVID, index: 1
2025-12-16 09:15:40,194 INFO [root] disperse msid: 0-0-8-B-AVSS, index: 1
2025-12-16 09:15:40,194 INFO [root] AVID retrieve called with sid: 0-0-8-B-AVID, index: 1
2025-12-16 09:15:40,194 INFO [root] [2] Received OK from [32]
2025-12-16 09:15:40,194 INFO [root] [2] OK set: {32, 34}
2025-12-16 09:15:40,194 INFO [root] output: True
2025-12-16 09:15:40,194 INFO [root] [2] Received OK from [32]
2025-12-16 09:15:40,194 INFO [root] [2] OK set: {32, 34}
2025-12-16 09:15:40,194 INFO [root] output: True
2025-12-16 09:15:40,194 INFO [root] [2] Received OK from [32]
2025-12-16 09:15:40,194 INFO [root] [2] OK set: {32, 34}
2025-12-16 09:15:40,194 INFO [root] output: True
2025-12-16 09:15:40,194 INFO [root] [2] Received OK from [32]
2025-12-16 09:15:40,194 INFO [root] [2] OK set: {32, 34}
2025-12-16 09:15:40,194 INFO [root] output: True
2025-12-16 09:15:40,196 INFO [root] [2] Received OK from [35]
2025-12-16 09:15:40,196 INFO [root] [2] OK set: {32, 34, 35}
2025-12-16 09:15:40,196 INFO [root] output: True
2025-12-16 09:15:40,196 INFO [root] [2] Received OK from [35]
2025-12-16 09:15:40,196 INFO [root] [2] OK set: {32, 34, 35}
2025-12-16 09:15:40,196 INFO [root] output: True
2025-12-16 09:15:40,196 INFO [root] [2] Received OK from [35]
2025-12-16 09:15:40,196 INFO [root] [2] OK set: {32, 34, 35}
2025-12-16 09:15:40,196 INFO [root] output: True
2025-12-16 09:15:40,196 INFO [root] [2] Received OK from [35]
2025-12-16 09:15:40,196 INFO [root] [2] OK set: {32, 34, 35}
2025-12-16 09:15:40,196 INFO [root] output: True
2025-12-16 09:15:40,372 INFO [root] [2] Received OK from [33]
2025-12-16 09:15:40,373 INFO [root] [2] OK set: {32, 33, 34, 35}
2025-12-16 09:15:40,373 INFO [root] output: True
2025-12-16 09:15:40,373 INFO [root] [2] exit
2025-12-16 09:15:40,373 INFO [root] [2] Received OK from [33]
2025-12-16 09:15:40,373 INFO [root] [2] OK set: {32, 33, 34, 35}
2025-12-16 09:15:40,373 INFO [root] output: True
2025-12-16 09:15:40,373 INFO [root] [2] exit
2025-12-16 09:15:40,373 INFO [root] [2] Received OK from [33]
2025-12-16 09:15:40,373 INFO [root] [2] OK set: {32, 33, 34, 35}
2025-12-16 09:15:40,373 INFO [root] output: True
2025-12-16 09:15:40,373 INFO [root] [2] exit
2025-12-16 09:15:40,373 INFO [root] [2] Received OK from [33]
2025-12-16 09:15:40,373 INFO [root] [2] OK set: {32, 33, 34, 35}
2025-12-16 09:15:40,373 INFO [root] output: True
2025-12-16 09:15:40,373 INFO [root] [2] exit
2025-12-16 09:15:40,373 INFO [root] [2] otmvba msg value
2025-12-16 09:15:40,373 INFO [root] [2] otmvba handle value message
2025-12-16 09:15:40,373 INFO [root] [2] value-self.acss_outputs.keys():dict_keys([0, 1, 2, 3])
2025-12-16 09:15:40,373 INFO [root] [2] --Directly send the proposal!--
2025-12-16 09:15:40,398 INFO [root] [2] otmvba msg PrevoteQC
2025-12-16 09:15:40,398 INFO [root] [2] otmvba handle prevote qc message
2025-12-16 09:15:40,428 INFO [root] [2] otmvba msg VoteQC
2025-12-16 09:15:40,428 INFO [root] [2] otmvba handle vote qc message
2025-12-16 09:15:40,433 INFO [root] [2] otmvba Broadcasting to 32
2025-12-16 09:15:40,433 INFO [root] [2] otmvba Broadcasting to 33
2025-12-16 09:15:40,433 INFO [root] [2] otmvba Broadcasting to 34
2025-12-16 09:15:40,433 INFO [root] [2] otmvba Broadcasting to 35
2025-12-16 09:15:40,433 INFO [root] [2] otmvba msg Terminate
2025-12-16 09:15:40,433 INFO [root] [2] otmvba handle terminate message
2025-12-16 09:15:40,438 INFO [root] [2] otmvba Broadcasting to 32
2025-12-16 09:15:40,439 INFO [root] [2] otmvba Broadcasting to 33
2025-12-16 09:15:40,439 INFO [root] [2] otmvba Broadcasting to 34
2025-12-16 09:15:40,439 INFO [root] [2] otmvba Broadcasting to 35
2025-12-16 09:15:40,439 INFO [beaver.batch_multiplication] [2] [random shares] The ACS set is [0, 1, 2, 3]
2025-12-16 09:15:40,439 INFO [root] common: [0, 1, 2, 3]
2025-12-16 09:15:40,467 INFO [beaver.batch_multiplication] [2] [asynchronous batch multiplication] Finished! Node 2, total number: 25, time: 0.492722749710083 (seconds)
2025-12-16 09:15:40,467 INFO [root] layer ID: 8 mul_foll_time: 0.49326467514038086
2025-12-16 09:15:40,467 INFO [root] layer ID: 8 trusted_verification_time: 10.116013526916504
2025-12-16 09:15:40,469 INFO [root] layer ID: 8 add_outputs length: 50
2025-12-16 09:15:40,469 INFO [root] layer ID: 8 exec_time: 0.002178192138671875
2025-12-16 09:15:40,469 INFO [beaver.transfer] [2] Starting DynamicTransfer
2025-12-16 09:15:40,469 INFO [beaver.transfer] [2] Starting ACSS to share 25 secrets
2025-12-16 09:15:40,470 INFO [root] [2] [asynchronous dynamic transfer] Layer ID: 8
2025-12-16 09:15:40,470 INFO [root] public_keys: [{'X': '1031012059579465697569952783445879682195866602282887342317113944919683688623070410050473642531238161911481158881696', 'Y': '2723199681525470247318058314006023799417806460761634492919333185868402834591319479475617610235662716711832782133148'}, {'X': '972087838686508901260007337716016965459279931853156333877987488754805530184717547812122006378346924327478312470913', 'Y': '3253433272956440352360252448615258921082578073137051569299285750504871221334206844782913787370470913952546761510460'}, {'X': '71182380565675865407956349941003475663478453108025498114594899040810266554692737939231943195344375696129340901375', 'Y': '2661242354205439223978580551288797176805364516098748009092681263220870716670873189305044292994910966454981231612928'}, {'X': '2270676655545330913866360424782475907561888300230536871586838878715644042439152456737891865199535454856610394083187', 'Y': '2465344101121708990009433853666972145159387178606301455981244871742553950196035179308167505519193354328945417625935'}]
2025-12-16 09:15:40,470 INFO [root] layer ID: 8 trans_pre_time: 0.0007369518280029297
2025-12-16 09:15:40,470 INFO [root] [2] AVSS tag: 2-0-9-B-AVSS
2025-12-16 09:15:40,470 INFO [root] [2] RBC tag: 2-0-9-B-RBC
2025-12-16 09:15:40,470 INFO [root] enter avss_with_aggtransfer
g = {[6679831729115696150 8653662730902241269 1535610680227111361 17342916647841752903 17135755455211762752 1297449291367578485] [13451288730302620273 10097742279870053774 15949884091978425806 5885175747529691540 1016841820992199104 845620083434234474]}
h = {[13794385998538644597 108816626937764141 12130603454454490125 6127379912259600201 17481961476035825978 950355161936836191] [10722765800778186391 17107915684035394744 11626309118465119103 5217919199071354366 6102759180633827794 660535627654889709]}
Equal? false
2025-12-16 09:15:40,789 INFO [root] [2] Starting reliable broadcast
2025-12-16 09:15:40,790 INFO [root] self.msgmode: avss_with_aggtransfer
2025-12-16 09:15:40,790 INFO [beaver.batch_multiplication] [2] Starting BatchMultiplication
num_generators 50
2025-12-16 09:15:40,972 INFO [beaver.batch_multiplication] Proof hex length: 9288
2025-12-16 09:15:40,972 INFO [beaver.batch_multiplication] Proof size (bytes): 4644
2025-12-16 09:15:40,972 INFO [beaver.batch_multiplication] Proof size (strict bytes): 4644
2025-12-16 09:15:40,973 INFO [beaver.batch_multiplication] [2] Starting ACSS to evaluate 25 multiplication gates
2025-12-16 09:15:40,973 INFO [root] rbc_list: [34, 36, 37, 38, 39]
2025-12-16 09:15:40,973 INFO [root] committee_size: 4
2025-12-16 09:15:40,973 INFO [root] n: 5
2025-12-16 09:15:40,973 INFO [root] f: 1
2025-12-16 09:15:40,973 INFO [root] pid: 2
2025-12-16 09:15:40,973 INFO [root] leader: 2
2025-12-16 09:15:40,973 INFO [root] [2] Sending to 0: 36
2025-12-16 09:15:40,973 INFO [root] [2] Sending to 1: 37
2025-12-16 09:15:40,973 INFO [root] [2] Sending to 2: 38
2025-12-16 09:15:40,973 INFO [root] [2] Sending to 3: 39
2025-12-16 09:15:40,973 INFO [root] [2] Starting AVID disperse
2025-12-16 09:15:40,973 INFO [root] public_keys: [{'X': '1031012059579465697569952783445879682195866602282887342317113944919683688623070410050473642531238161911481158881696', 'Y': '2723199681525470247318058314006023799417806460761634492919333185868402834591319479475617610235662716711832782133148'}, {'X': '972087838686508901260007337716016965459279931853156333877987488754805530184717547812122006378346924327478312470913', 'Y': '3253433272956440352360252448615258921082578073137051569299285750504871221334206844782913787370470913952546761510460'}, {'X': '71182380565675865407956349941003475663478453108025498114594899040810266554692737939231943195344375696129340901375', 'Y': '2661242354205439223978580551288797176805364516098748009092681263220870716670873189305044292994910966454981231612928'}, {'X': '2270676655545330913866360424782475907561888300230536871586838878715644042439152456737891865199535454856610394083187', 'Y': '2465344101121708990009433853666972145159387178606301455981244871742553950196035179308167505519193354328945417625935'}]
2025-12-16 09:15:40,973 INFO [root] layer ID: 8 mul_pre_time: 0.5031883716583252
2025-12-16 09:15:40,973 INFO [root] layer ID: 8 layer_time: 10.622256994247437
2025-12-16 09:15:40,974 INFO [root] [2] Dispersed VAL message to committee
2025-12-16 09:15:40,974 INFO [root] [2] AVSS tag: 2-0-9-B-AVSS
2025-12-16 09:15:40,974 INFO [root] [2] RBC tag: 2-0-9-B-RBC
g = {[6679831729115696150 8653662730902241269 1535610680227111361 17342916647841752903 17135755455211762752 1297449291367578485] [13451288730302620273 10097742279870053774 15949884091978425806 5885175747529691540 1016841820992199104 845620083434234474]}
h = {[13794385998538644597 108816626937764141 12130603454454490125 6127379912259600201 17481961476035825978 950355161936836191] [10722765800778186391 17107915684035394744 11626309118465119103 5217919199071354366 6102759180633827794 660535627654889709]}
Equal? false
2025-12-16 09:15:41,267 INFO [root] [2] Starting reliable broadcast
2025-12-16 09:15:41,267 INFO [root] self.msgmode: avss_with_aggbatch_multiplication
2025-12-16 09:15:41,267 INFO [root] rbc_list: [34, 36, 37, 38, 39]
2025-12-16 09:15:41,267 INFO [root] committee_size: 4
2025-12-16 09:15:41,267 INFO [root] n: 5
2025-12-16 09:15:41,267 INFO [root] f: 1
2025-12-16 09:15:41,267 INFO [root] pid: 2
2025-12-16 09:15:41,267 INFO [root] leader: 2
2025-12-16 09:15:41,267 INFO [root] [2] Sending to 0: 36
2025-12-16 09:15:41,267 INFO [root] [2] Sending to 1: 37
2025-12-16 09:15:41,267 INFO [root] [2] Sending to 2: 38
2025-12-16 09:15:41,267 INFO [root] [2] Sending to 3: 39
2025-12-16 09:15:41,267 INFO [root] [2] Starting AVID disperse
2025-12-16 09:15:41,268 INFO [root] [2] Dispersed VAL message to committee
2025-12-16 09:15:50,977 INFO [root] [2] Bytes Sent: TR8:302944 which is 14.715%
2025-12-16 09:15:50,979 INFO [root] [2] Bytes Sent: M8:652462 which is 31.692%
2025-12-16 09:15:50,979 INFO [root] [2] Bytes Sent: TR9:318460 which is 15.469%
2025-12-16 09:15:50,979 INFO [root] [2] Bytes Sent: M9:784876 which is 38.124%
2025-12-16 09:15:50,979 INFO [root] [2] Total bytes sent out aa: 2058742
2025-12-16 09:15:51,000 INFO [benchmark_logger] Total bytes sent out: 2058742
my_send_id: 34 exec_time: 15.624860286712646
2025-12-16 09:15:51,045 ERROR [asyncio] Task was destroyed but it is pending!
task: <Task pending name='Task-51' coro=<subscribe_recv.<locals>._recv_loop() running at /opt/dumbo-mpc/dumbo-mpc/AsyRanTriGen/beaver/utils/misc.py:89> wait_for=<Future pending cb=[<TaskWakeupMethWrapper object at 0xffff816f1580>()]>>
Exception ignored in: <coroutine object subscribe_recv.<locals>._recv_loop at 0xffff81722f40>
Traceback (most recent call last):
  File "/opt/dumbo-mpc/dumbo-mpc/AsyRanTriGen/beaver/utils/misc.py", line 89, in _recv_loop
    j, (tag, o) = await recv()
  File "/usr/lib/python3.8/asyncio/queues.py", line 165, in get
    getter.cancel()  # Just in case getter is not done yet.
  File "uvloop/loop.pyx", line 1281, in uvloop.loop.Loop.call_soon
  File "uvloop/loop.pyx", line 669, in uvloop.loop.Loop._call_soon
  File "uvloop/loop.pyx", line 678, in uvloop.loop.Loop._call_soon_handle
  File "uvloop/loop.pyx", line 673, in uvloop.loop.Loop._append_ready_handle
  File "uvloop/loop.pyx", line 705, in uvloop.loop.Loop._check_closed
RuntimeError: Event loop is closed
2025-12-16 09:15:51,048 ERROR [asyncio] Task was destroyed but it is pending!
task: <Task pending name='Task-53' coro=<subscribe_recv.<locals>._recv_loop() running at /opt/dumbo-mpc/dumbo-mpc/AsyRanTriGen/beaver/utils/misc.py:89> wait_for=<Future pending cb=[<TaskWakeupMethWrapper object at 0xffff81704850>()]>>
2025-12-16 09:15:51,048 ERROR [asyncio] Task was destroyed but it is pending!
task: <Task pending name='Task-55' coro=<subscribe_recv.<locals>._recv_loop() running at /opt/dumbo-mpc/dumbo-mpc/AsyRanTriGen/beaver/utils/misc.py:89> wait_for=<Future pending cb=[<TaskWakeupMethWrapper object at 0xffff8173f520>()]>>
Exception ignored in: <coroutine object subscribe_recv.<locals>._recv_loop at 0xffff81740440>
Traceback (most recent call last):
  File "/opt/dumbo-mpc/dumbo-mpc/AsyRanTriGen/beaver/utils/misc.py", line 89, in _recv_loop
    j, (tag, o) = await recv()
  File "/usr/lib/python3.8/asyncio/queues.py", line 165, in get
    getter.cancel()  # Just in case getter is not done yet.
  File "uvloop/loop.pyx", line 1281, in uvloop.loop.Loop.call_soon
  File "uvloop/loop.pyx", line 669, in uvloop.loop.Loop._call_soon
  File "uvloop/loop.pyx", line 678, in uvloop.loop.Loop._call_soon_handle
  File "uvloop/loop.pyx", line 673, in uvloop.loop.Loop._append_ready_handle
  File "uvloop/loop.pyx", line 705, in uvloop.loop.Loop._check_closed
RuntimeError: Event loop is closed
Exception ignored in: <coroutine object subscribe_recv.<locals>._recv_loop at 0xffff817403c0>
Traceback (most recent call last):
  File "/opt/dumbo-mpc/dumbo-mpc/AsyRanTriGen/beaver/utils/misc.py", line 89, in _recv_loop
    j, (tag, o) = await recv()
  File "/usr/lib/python3.8/asyncio/queues.py", line 165, in get
    getter.cancel()  # Just in case getter is not done yet.
  File "uvloop/loop.pyx", line 1281, in uvloop.loop.Loop.call_soon
  File "uvloop/loop.pyx", line 669, in uvloop.loop.Loop._call_soon
  File "uvloop/loop.pyx", line 678, in uvloop.loop.Loop._call_soon_handle
  File "uvloop/loop.pyx", line 673, in uvloop.loop.Loop._append_ready_handle
  File "uvloop/loop.pyx", line 705, in uvloop.loop.Loop._check_closed
RuntimeError: Event loop is closed
2025-12-16 09:15:51,052 ERROR [asyncio] Task was destroyed but it is pending!
task: <Task pending name='Task-63' coro=<ACSS_Foll._recv_loop() running at /opt/dumbo-mpc/dumbo-mpc/AsyRanTriGen/beaver/hbacss.py:3705> wait_for=<Future pending cb=[<TaskWakeupMethWrapper object at 0xffff81747ee0>()]>>
2025-12-16 09:15:51,052 ERROR [asyncio] Task was destroyed but it is pending!
task: <Task pending name='Task-64' coro=<subscribe_recv.<locals>._recv_loop() running at /opt/dumbo-mpc/dumbo-mpc/AsyRanTriGen/beaver/utils/misc.py:89> wait_for=<Future pending cb=[<TaskWakeupMethWrapper object at 0xffff816fe5b0>()]>>
Exception ignored in: <coroutine object ACSS_Foll._recv_loop at 0xffff817407c0>
Traceback (most recent call last):
  File "/opt/dumbo-mpc/dumbo-mpc/AsyRanTriGen/beaver/hbacss.py", line 3705, in _recv_loop
    await avid.disperse(tag, self.my_id+1, dispersal_msg_list)
  File "/opt/dumbo-mpc/dumbo-mpc/AsyRanTriGen/beaver/broadcast/avid.py", line 461, in disperse
    sender, msg = await self.recv()
  File "/usr/lib/python3.8/asyncio/queues.py", line 165, in get
    getter.cancel()  # Just in case getter is not done yet.
  File "uvloop/loop.pyx", line 1281, in uvloop.loop.Loop.call_soon
  File "uvloop/loop.pyx", line 669, in uvloop.loop.Loop._call_soon
  File "uvloop/loop.pyx", line 678, in uvloop.loop.Loop._call_soon_handle
  File "uvloop/loop.pyx", line 673, in uvloop.loop.Loop._append_ready_handle
  File "uvloop/loop.pyx", line 705, in uvloop.loop.Loop._check_closed
RuntimeError: Event loop is closed
2025-12-16 09:15:51,054 ERROR [asyncio] Task was destroyed but it is pending!
task: <Task pending name='Task-60' coro=<ACSS_Foll._recv_loop() running at /opt/dumbo-mpc/dumbo-mpc/AsyRanTriGen/beaver/hbacss.py:3705> wait_for=<Future pending cb=[<TaskWakeupMethWrapper object at 0xffff81733df0>()]>>
Exception ignored in: <coroutine object subscribe_recv.<locals>._recv_loop at 0xffff81746940>
Traceback (most recent call last):
  File "/opt/dumbo-mpc/dumbo-mpc/AsyRanTriGen/beaver/utils/misc.py", line 89, in _recv_loop
    j, (tag, o) = await recv()
  File "/usr/lib/python3.8/asyncio/queues.py", line 165, in get
    getter.cancel()  # Just in case getter is not done yet.
  File "uvloop/loop.pyx", line 1281, in uvloop.loop.Loop.call_soon
  File "uvloop/loop.pyx", line 669, in uvloop.loop.Loop._call_soon
  File "uvloop/loop.pyx", line 678, in uvloop.loop.Loop._call_soon_handle
  File "uvloop/loop.pyx", line 673, in uvloop.loop.Loop._append_ready_handle
  File "uvloop/loop.pyx", line 705, in uvloop.loop.Loop._check_closed
RuntimeError: Event loop is closed
2025-12-16 09:15:51,054 ERROR [asyncio] Task was destroyed but it is pending!
task: <Task pending name='Task-61' coro=<ACSS_Foll._recv_loop() running at /opt/dumbo-mpc/dumbo-mpc/AsyRanTriGen/beaver/hbacss.py:3705> wait_for=<Future pending cb=[<TaskWakeupMethWrapper object at 0xffff81733dc0>()]>>
2025-12-16 09:15:51,055 ERROR [asyncio] Task was destroyed but it is pending!
task: <Task pending name='Task-62' coro=<ACSS_Foll._recv_loop() running at /opt/dumbo-mpc/dumbo-mpc/AsyRanTriGen/beaver/hbacss.py:3703> wait_for=<Future pending cb=[<TaskWakeupMethWrapper object at 0xffff8173f0d0>()]>>
Exception ignored in: <coroutine object ACSS_Foll._recv_loop at 0xffff81740cc0>
Traceback (most recent call last):
  File "/opt/dumbo-mpc/dumbo-mpc/AsyRanTriGen/beaver/hbacss.py", line 3705, in _recv_loop
    await avid.disperse(tag, self.my_id+1, dispersal_msg_list)
  File "/opt/dumbo-mpc/dumbo-mpc/AsyRanTriGen/beaver/broadcast/avid.py", line 461, in disperse
    sender, msg = await self.recv()
  File "/usr/lib/python3.8/asyncio/queues.py", line 165, in get
    getter.cancel()  # Just in case getter is not done yet.
  File "uvloop/loop.pyx", line 1281, in uvloop.loop.Loop.call_soon
  File "uvloop/loop.pyx", line 669, in uvloop.loop.Loop._call_soon
  File "uvloop/loop.pyx", line 678, in uvloop.loop.Loop._call_soon_handle
  File "uvloop/loop.pyx", line 673, in uvloop.loop.Loop._append_ready_handle
  File "uvloop/loop.pyx", line 705, in uvloop.loop.Loop._check_closed
RuntimeError: Event loop is closed
Exception ignored in: <coroutine object ACSS_Foll._recv_loop at 0xffff81740e40>
Traceback (most recent call last):
  File "/opt/dumbo-mpc/dumbo-mpc/AsyRanTriGen/beaver/hbacss.py", line 3705, in _recv_loop
    await avid.disperse(tag, self.my_id+1, dispersal_msg_list)
  File "/opt/dumbo-mpc/dumbo-mpc/AsyRanTriGen/beaver/broadcast/avid.py", line 461, in disperse
    sender, msg = await self.recv()
  File "/usr/lib/python3.8/asyncio/queues.py", line 165, in get
    getter.cancel()  # Just in case getter is not done yet.
  File "uvloop/loop.pyx", line 1281, in uvloop.loop.Loop.call_soon
  File "uvloop/loop.pyx", line 669, in uvloop.loop.Loop._call_soon
  File "uvloop/loop.pyx", line 678, in uvloop.loop.Loop._call_soon_handle
  File "uvloop/loop.pyx", line 673, in uvloop.loop.Loop._append_ready_handle
  File "uvloop/loop.pyx", line 705, in uvloop.loop.Loop._check_closed
RuntimeError: Event loop is closed
Exception ignored in: <coroutine object ACSS_Foll._recv_loop at 0xffff81735040>
Traceback (most recent call last):
  File "/opt/dumbo-mpc/dumbo-mpc/AsyRanTriGen/beaver/hbacss.py", line 3703, in _recv_loop
    await avid.disperse(tag, self.my_id, dispersal_msg_list)
  File "/opt/dumbo-mpc/dumbo-mpc/AsyRanTriGen/beaver/broadcast/avid.py", line 461, in disperse
    sender, msg = await self.recv()
  File "/usr/lib/python3.8/asyncio/queues.py", line 165, in get
    getter.cancel()  # Just in case getter is not done yet.
  File "uvloop/loop.pyx", line 1281, in uvloop.loop.Loop.call_soon
  File "uvloop/loop.pyx", line 669, in uvloop.loop.Loop._call_soon
  File "uvloop/loop.pyx", line 678, in uvloop.loop.Loop._call_soon_handle
  File "uvloop/loop.pyx", line 673, in uvloop.loop.Loop._append_ready_handle
  File "uvloop/loop.pyx", line 705, in uvloop.loop.Loop._check_closed
RuntimeError: Event loop is closed
2025-12-16 09:15:51,058 ERROR [asyncio] Task was destroyed but it is pending!
task: <Task pending name='Task-65' coro=<OptimalCommonSet.fallback_timer() running at /opt/dumbo-mpc/dumbo-mpc/AsyRanTriGen/beaver/broadcast/otmvba_dyn.py:71> wait_for=<Future pending cb=[<TaskWakeupMethWrapper object at 0xffff816d94c0>()]>>
2025-12-16 09:15:51,058 ERROR [asyncio] Task was destroyed but it is pending!
task: <Task pending name='Task-92' coro=<rbc_dyn() running at /opt/dumbo-mpc/dumbo-mpc/AsyRanTriGen/beaver/broadcast/reliablebroadcast.py:411> wait_for=<Future cancelled>>
Exception ignored in: <coroutine object rbc_dyn at 0xffff81152740>
Traceback (most recent call last):
  File "/opt/dumbo-mpc/dumbo-mpc/AsyRanTriGen/beaver/broadcast/reliablebroadcast.py", line 411, in rbc_dyn
    sender, msg = await receive()
  File "/usr/lib/python3.8/asyncio/queues.py", line 165, in get
    getter.cancel()  # Just in case getter is not done yet.
  File "uvloop/loop.pyx", line 1281, in uvloop.loop.Loop.call_soon
  File "uvloop/loop.pyx", line 669, in uvloop.loop.Loop._call_soon
  File "uvloop/loop.pyx", line 678, in uvloop.loop.Loop._call_soon_handle
  File "uvloop/loop.pyx", line 673, in uvloop.loop.Loop._append_ready_handle
  File "uvloop/loop.pyx", line 705, in uvloop.loop.Loop._check_closed
RuntimeError: Event loop is closed
Exception ignored in: <coroutine object Queue.get at 0xffff8115b240>
Traceback (most recent call last):
  File "/usr/lib/python3.8/asyncio/queues.py", line 165, in get
    getter.cancel()  # Just in case getter is not done yet.
  File "uvloop/loop.pyx", line 1281, in uvloop.loop.Loop.call_soon
  File "uvloop/loop.pyx", line 669, in uvloop.loop.Loop._call_soon
  File "uvloop/loop.pyx", line 678, in uvloop.loop.Loop._call_soon_handle
  File "uvloop/loop.pyx", line 673, in uvloop.loop.Loop._append_ready_handle
  File "uvloop/loop.pyx", line 705, in uvloop.loop.Loop._check_closed
RuntimeError: Event loop is closed
2025-12-16 09:15:51,058 ERROR [asyncio] Task was destroyed but it is pending!
task: <Task pending name='Task-94' coro=<AVID_DYNAMIC.disperse() running at /opt/dumbo-mpc/dumbo-mpc/AsyRanTriGen/beaver/broadcast/avid.py:461> wait_for=<Future cancelled>>
Exception ignored in: <coroutine object AVID_DYNAMIC.disperse at 0xffff8117b340>
Traceback (most recent call last):
  File "/opt/dumbo-mpc/dumbo-mpc/AsyRanTriGen/beaver/broadcast/avid.py", line 461, in disperse
    sender, msg = await self.recv()
  File "/usr/lib/python3.8/asyncio/queues.py", line 165, in get
    getter.cancel()  # Just in case getter is not done yet.
  File "uvloop/loop.pyx", line 1281, in uvloop.loop.Loop.call_soon
  File "uvloop/loop.pyx", line 669, in uvloop.loop.Loop._call_soon
  File "uvloop/loop.pyx", line 678, in uvloop.loop.Loop._call_soon_handle
  File "uvloop/loop.pyx", line 673, in uvloop.loop.Loop._append_ready_handle
  File "uvloop/loop.pyx", line 705, in uvloop.loop.Loop._check_closed
RuntimeError: Event loop is closed
2025-12-16 09:15:51,061 ERROR [asyncio] Task was destroyed but it is pending!
task: <Task pending name='Task-66' coro=<subscribe_recv.<locals>._recv_loop() running at /opt/dumbo-mpc/dumbo-mpc/AsyRanTriGen/beaver/utils/misc.py:89> wait_for=<Future pending cb=[<TaskWakeupMethWrapper object at 0xffff816f15b0>()]>>
2025-12-16 09:15:51,061 ERROR [asyncio] Task was destroyed but it is pending!
task: <Task pending name='Task-68' coro=<subscribe_recv.<locals>._recv_loop() running at /opt/dumbo-mpc/dumbo-mpc/AsyRanTriGen/beaver/utils/misc.py:89> wait_for=<Future pending cb=[<TaskWakeupMethWrapper object at 0xffff816fe730>()]>>
2025-12-16 09:15:51,061 ERROR [asyncio] Task was destroyed but it is pending!
task: <Task pending name='Task-76' coro=<ACSS_Foll._recv_loop() running at /opt/dumbo-mpc/dumbo-mpc/AsyRanTriGen/beaver/hbacss.py:3703> wait_for=<Future pending cb=[<TaskWakeupMethWrapper object at 0xffff816fe670>()]>>
Exception ignored in: <coroutine object subscribe_recv.<locals>._recv_loop at 0xffff81740240>
Traceback (most recent call last):
  File "/opt/dumbo-mpc/dumbo-mpc/AsyRanTriGen/beaver/utils/misc.py", line 89, in _recv_loop
    j, (tag, o) = await recv()
  File "/usr/lib/python3.8/asyncio/queues.py", line 165, in get
    getter.cancel()  # Just in case getter is not done yet.
  File "uvloop/loop.pyx", line 1281, in uvloop.loop.Loop.call_soon
  File "uvloop/loop.pyx", line 669, in uvloop.loop.Loop._call_soon
  File "uvloop/loop.pyx", line 678, in uvloop.loop.Loop._call_soon_handle
  File "uvloop/loop.pyx", line 673, in uvloop.loop.Loop._append_ready_handle
  File "uvloop/loop.pyx", line 705, in uvloop.loop.Loop._check_closed
RuntimeError: Event loop is closed
Exception ignored in: <coroutine object subscribe_recv.<locals>._recv_loop at 0xffff817404c0>
Traceback (most recent call last):
  File "/opt/dumbo-mpc/dumbo-mpc/AsyRanTriGen/beaver/utils/misc.py", line 89, in _recv_loop
    j, (tag, o) = await recv()
  File "/usr/lib/python3.8/asyncio/queues.py", line 165, in get
    getter.cancel()  # Just in case getter is not done yet.
  File "uvloop/loop.pyx", line 1281, in uvloop.loop.Loop.call_soon
  File "uvloop/loop.pyx", line 669, in uvloop.loop.Loop._call_soon
  File "uvloop/loop.pyx", line 678, in uvloop.loop.Loop._call_soon_handle
  File "uvloop/loop.pyx", line 673, in uvloop.loop.Loop._append_ready_handle
  File "uvloop/loop.pyx", line 705, in uvloop.loop.Loop._check_closed
RuntimeError: Event loop is closed
Exception ignored in: <coroutine object ACSS_Foll._recv_loop at 0xffff816eb740>
Traceback (most recent call last):
  File "/opt/dumbo-mpc/dumbo-mpc/AsyRanTriGen/beaver/hbacss.py", line 3703, in _recv_loop
    await avid.disperse(tag, self.my_id, dispersal_msg_list)
  File "/opt/dumbo-mpc/dumbo-mpc/AsyRanTriGen/beaver/broadcast/avid.py", line 461, in disperse
    sender, msg = await self.recv()
  File "/usr/lib/python3.8/asyncio/queues.py", line 165, in get
    getter.cancel()  # Just in case getter is not done yet.
  File "uvloop/loop.pyx", line 1281, in uvloop.loop.Loop.call_soon
  File "uvloop/loop.pyx", line 669, in uvloop.loop.Loop._call_soon
  File "uvloop/loop.pyx", line 678, in uvloop.loop.Loop._call_soon_handle
  File "uvloop/loop.pyx", line 673, in uvloop.loop.Loop._append_ready_handle
  File "uvloop/loop.pyx", line 705, in uvloop.loop.Loop._check_closed
RuntimeError: Event loop is closed
2025-12-16 09:15:51,063 ERROR [asyncio] Task was destroyed but it is pending!
task: <Task pending name='Task-73' coro=<ACSS_Foll._recv_loop() running at /opt/dumbo-mpc/dumbo-mpc/AsyRanTriGen/beaver/hbacss.py:3705> wait_for=<Future pending cb=[<TaskWakeupMethWrapper object at 0xffff816d9e50>()]>>
2025-12-16 09:15:51,063 ERROR [asyncio] Task was destroyed but it is pending!
task: <Task pending name='Task-74' coro=<ACSS_Foll._recv_loop() running at /opt/dumbo-mpc/dumbo-mpc/AsyRanTriGen/beaver/hbacss.py:3705> wait_for=<Future pending cb=[<TaskWakeupMethWrapper object at 0xffff81704a00>()]>>
2025-12-16 09:15:51,063 ERROR [asyncio] Task was destroyed but it is pending!
task: <Task pending name='Task-75' coro=<ACSS_Foll._recv_loop() running at /opt/dumbo-mpc/dumbo-mpc/AsyRanTriGen/beaver/hbacss.py:3705> wait_for=<Future pending cb=[<TaskWakeupMethWrapper object at 0xffff816fef10>()]>>
Exception ignored in: <coroutine object ACSS_Foll._recv_loop at 0xffff817461c0>
Traceback (most recent call last):
  File "/opt/dumbo-mpc/dumbo-mpc/AsyRanTriGen/beaver/hbacss.py", line 3705, in _recv_loop
    await avid.disperse(tag, self.my_id+1, dispersal_msg_list)
  File "/opt/dumbo-mpc/dumbo-mpc/AsyRanTriGen/beaver/broadcast/avid.py", line 461, in disperse
    sender, msg = await self.recv()
  File "/usr/lib/python3.8/asyncio/queues.py", line 165, in get
    getter.cancel()  # Just in case getter is not done yet.
  File "uvloop/loop.pyx", line 1281, in uvloop.loop.Loop.call_soon
  File "uvloop/loop.pyx", line 669, in uvloop.loop.Loop._call_soon
  File "uvloop/loop.pyx", line 678, in uvloop.loop.Loop._call_soon_handle
  File "uvloop/loop.pyx", line 673, in uvloop.loop.Loop._append_ready_handle
  File "uvloop/loop.pyx", line 705, in uvloop.loop.Loop._check_closed
RuntimeError: Event loop is closed
Exception ignored in: <coroutine object ACSS_Foll._recv_loop at 0xffff81740d40>
Traceback (most recent call last):
  File "/opt/dumbo-mpc/dumbo-mpc/AsyRanTriGen/beaver/hbacss.py", line 3705, in _recv_loop
    await avid.disperse(tag, self.my_id+1, dispersal_msg_list)
  File "/opt/dumbo-mpc/dumbo-mpc/AsyRanTriGen/beaver/broadcast/avid.py", line 461, in disperse
    sender, msg = await self.recv()
  File "/usr/lib/python3.8/asyncio/queues.py", line 165, in get
    getter.cancel()  # Just in case getter is not done yet.
  File "uvloop/loop.pyx", line 1281, in uvloop.loop.Loop.call_soon
  File "uvloop/loop.pyx", line 669, in uvloop.loop.Loop._call_soon
  File "uvloop/loop.pyx", line 678, in uvloop.loop.Loop._call_soon_handle
  File "uvloop/loop.pyx", line 673, in uvloop.loop.Loop._append_ready_handle
  File "uvloop/loop.pyx", line 705, in uvloop.loop.Loop._check_closed
RuntimeError: Event loop is closed
Exception ignored in: <coroutine object ACSS_Foll._recv_loop at 0xffff81746240>
Traceback (most recent call last):
  File "/opt/dumbo-mpc/dumbo-mpc/AsyRanTriGen/beaver/hbacss.py", line 3705, in _recv_loop
    await avid.disperse(tag, self.my_id+1, dispersal_msg_list)
  File "/opt/dumbo-mpc/dumbo-mpc/AsyRanTriGen/beaver/broadcast/avid.py", line 461, in disperse
    sender, msg = await self.recv()
  File "/usr/lib/python3.8/asyncio/queues.py", line 165, in get
    getter.cancel()  # Just in case getter is not done yet.
  File "uvloop/loop.pyx", line 1281, in uvloop.loop.Loop.call_soon
  File "uvloop/loop.pyx", line 669, in uvloop.loop.Loop._call_soon
  File "uvloop/loop.pyx", line 678, in uvloop.loop.Loop._call_soon_handle
  File "uvloop/loop.pyx", line 673, in uvloop.loop.Loop._append_ready_handle
  File "uvloop/loop.pyx", line 705, in uvloop.loop.Loop._check_closed
RuntimeError: Event loop is closed
2025-12-16 09:15:51,067 ERROR [asyncio] Task was destroyed but it is pending!
task: <Task pending name='Task-77' coro=<subscribe_recv.<locals>._recv_loop() running at /opt/dumbo-mpc/dumbo-mpc/AsyRanTriGen/beaver/utils/misc.py:89> wait_for=<Future cancelled>>
2025-12-16 09:15:51,067 ERROR [asyncio] Task was destroyed but it is pending!
task: <Task pending name='Task-78' coro=<OptimalCommonSet.fallback_timer() running at /opt/dumbo-mpc/dumbo-mpc/AsyRanTriGen/beaver/broadcast/otmvba_dyn.py:71> wait_for=<Future pending cb=[<TaskWakeupMethWrapper object at 0xffff81704b50>()]>>
2025-12-16 09:15:51,067 ERROR [asyncio] Task was destroyed but it is pending!
task: <Task pending name='Task-79' coro=<subscribe_recv.<locals>._recv_loop() running at /opt/dumbo-mpc/dumbo-mpc/AsyRanTriGen/beaver/utils/misc.py:89> wait_for=<Future pending cb=[<TaskWakeupMethWrapper object at 0xffff81733d90>()]>>
2025-12-16 09:15:51,067 ERROR [asyncio] Task was destroyed but it is pending!
task: <Task pending name='Task-82' coro=<subscribe_recv.<locals>._recv_loop() running at /opt/dumbo-mpc/dumbo-mpc/AsyRanTriGen/beaver/utils/misc.py:89> wait_for=<Future pending cb=[<TaskWakeupMethWrapper object at 0xffff816fe6a0>()]>>
2025-12-16 09:15:51,067 ERROR [asyncio] Task was destroyed but it is pending!
task: <Task pending name='Task-84' coro=<subscribe_recv.<locals>._recv_loop() running at /opt/dumbo-mpc/dumbo-mpc/AsyRanTriGen/beaver/utils/misc.py:89> wait_for=<Future pending cb=[<TaskWakeupMethWrapper object at 0xffff816f12e0>()]>>
Exception ignored in: <coroutine object subscribe_recv.<locals>._recv_loop at 0xffff8115b5c0>
Traceback (most recent call last):
  File "/opt/dumbo-mpc/dumbo-mpc/AsyRanTriGen/beaver/utils/misc.py", line 89, in _recv_loop
    j, (tag, o) = await recv()
  File "/usr/lib/python3.8/asyncio/queues.py", line 165, in get
    getter.cancel()  # Just in case getter is not done yet.
  File "uvloop/loop.pyx", line 1281, in uvloop.loop.Loop.call_soon
  File "uvloop/loop.pyx", line 669, in uvloop.loop.Loop._call_soon
  File "uvloop/loop.pyx", line 678, in uvloop.loop.Loop._call_soon_handle
  File "uvloop/loop.pyx", line 673, in uvloop.loop.Loop._append_ready_handle
  File "uvloop/loop.pyx", line 705, in uvloop.loop.Loop._check_closed
RuntimeError: Event loop is closed
Exception ignored in: <coroutine object subscribe_recv.<locals>._recv_loop at 0xffff816f49c0>
Traceback (most recent call last):
  File "/opt/dumbo-mpc/dumbo-mpc/AsyRanTriGen/beaver/utils/misc.py", line 89, in _recv_loop
    j, (tag, o) = await recv()
  File "/usr/lib/python3.8/asyncio/queues.py", line 165, in get
    getter.cancel()  # Just in case getter is not done yet.
  File "uvloop/loop.pyx", line 1281, in uvloop.loop.Loop.call_soon
  File "uvloop/loop.pyx", line 669, in uvloop.loop.Loop._call_soon
  File "uvloop/loop.pyx", line 678, in uvloop.loop.Loop._call_soon_handle
  File "uvloop/loop.pyx", line 673, in uvloop.loop.Loop._append_ready_handle
  File "uvloop/loop.pyx", line 705, in uvloop.loop.Loop._check_closed
RuntimeError: Event loop is closed
Exception ignored in: <coroutine object subscribe_recv.<locals>._recv_loop at 0xffff816f4dc0>
Traceback (most recent call last):
  File "/opt/dumbo-mpc/dumbo-mpc/AsyRanTriGen/beaver/utils/misc.py", line 89, in _recv_loop
    j, (tag, o) = await recv()
  File "/usr/lib/python3.8/asyncio/queues.py", line 165, in get
    getter.cancel()  # Just in case getter is not done yet.
  File "uvloop/loop.pyx", line 1281, in uvloop.loop.Loop.call_soon
  File "uvloop/loop.pyx", line 669, in uvloop.loop.Loop._call_soon
  File "uvloop/loop.pyx", line 678, in uvloop.loop.Loop._call_soon_handle
  File "uvloop/loop.pyx", line 673, in uvloop.loop.Loop._append_ready_handle
  File "uvloop/loop.pyx", line 705, in uvloop.loop.Loop._check_closed
RuntimeError: Event loop is closed
2025-12-16 09:15:51,068 ERROR [asyncio] Task was destroyed but it is pending!
task: <Task pending name='Task-90' coro=<subscribe_recv.<locals>._recv_loop() running at /opt/dumbo-mpc/dumbo-mpc/AsyRanTriGen/beaver/utils/misc.py:89> wait_for=<Future pending cb=[<TaskWakeupMethWrapper object at 0xffff816f1ac0>()]>>
2025-12-16 09:15:51,068 ERROR [asyncio] Task was destroyed but it is pending!
task: <Task pending name='Task-86' coro=<rbc_dyn() running at /opt/dumbo-mpc/dumbo-mpc/AsyRanTriGen/beaver/broadcast/reliablebroadcast.py:411> wait_for=<Future pending cb=[<TaskWakeupMethWrapper object at 0xffff816fe700>()]>>
Exception ignored in: <coroutine object subscribe_recv.<locals>._recv_loop at 0xffff8117b0c0>
Traceback (most recent call last):
  File "/opt/dumbo-mpc/dumbo-mpc/AsyRanTriGen/beaver/utils/misc.py", line 89, in _recv_loop
    j, (tag, o) = await recv()
  File "/usr/lib/python3.8/asyncio/queues.py", line 165, in get
    getter.cancel()  # Just in case getter is not done yet.
  File "uvloop/loop.pyx", line 1281, in uvloop.loop.Loop.call_soon
  File "uvloop/loop.pyx", line 669, in uvloop.loop.Loop._call_soon
  File "uvloop/loop.pyx", line 678, in uvloop.loop.Loop._call_soon_handle
  File "uvloop/loop.pyx", line 673, in uvloop.loop.Loop._append_ready_handle
  File "uvloop/loop.pyx", line 705, in uvloop.loop.Loop._check_closed
RuntimeError: Event loop is closed
2025-12-16 09:15:51,068 ERROR [asyncio] Task was destroyed but it is pending!
task: <Task pending name='Task-89' coro=<AVID_DYNAMIC.disperse() running at /opt/dumbo-mpc/dumbo-mpc/AsyRanTriGen/beaver/broadcast/avid.py:461> wait_for=<Future pending cb=[<TaskWakeupMethWrapper object at 0xffff816f1b20>()]>>
Exception ignored in: <coroutine object rbc_dyn at 0xffff816f4d40>
Traceback (most recent call last):
  File "/opt/dumbo-mpc/dumbo-mpc/AsyRanTriGen/beaver/broadcast/reliablebroadcast.py", line 411, in rbc_dyn
    sender, msg = await receive()
  File "/usr/lib/python3.8/asyncio/queues.py", line 165, in get
    getter.cancel()  # Just in case getter is not done yet.
  File "uvloop/loop.pyx", line 1281, in uvloop.loop.Loop.call_soon
  File "uvloop/loop.pyx", line 669, in uvloop.loop.Loop._call_soon
  File "uvloop/loop.pyx", line 678, in uvloop.loop.Loop._call_soon_handle
  File "uvloop/loop.pyx", line 673, in uvloop.loop.Loop._append_ready_handle
  File "uvloop/loop.pyx", line 705, in uvloop.loop.Loop._check_closed
RuntimeError: Event loop is closed
Exception ignored in: <coroutine object AVID_DYNAMIC.disperse at 0xffff811527c0>
Traceback (most recent call last):
  File "/opt/dumbo-mpc/dumbo-mpc/AsyRanTriGen/beaver/broadcast/avid.py", line 461, in disperse
    sender, msg = await self.recv()
  File "/usr/lib/python3.8/asyncio/queues.py", line 165, in get
    getter.cancel()  # Just in case getter is not done yet.
  File "uvloop/loop.pyx", line 1281, in uvloop.loop.Loop.call_soon
  File "uvloop/loop.pyx", line 669, in uvloop.loop.Loop._call_soon
  File "uvloop/loop.pyx", line 678, in uvloop.loop.Loop._call_soon_handle
  File "uvloop/loop.pyx", line 673, in uvloop.loop.Loop._append_ready_handle
  File "uvloop/loop.pyx", line 705, in uvloop.loop.Loop._check_closed
RuntimeError: Event loop is closed
