2025-12-16 09:15:28,421 INFO [root] Running ADMPC ...
2025-12-16 09:15:29,391 INFO [root] my_send_id: 27
2025-12-16 09:15:29,406 INFO [root] ADMPC start time: 1765876529.4059944
2025-12-16 09:15:29,406 INFO [root] [Layer 6] Reached run_admpc checkpoint
2025-12-16 09:15:29,406 INFO [beaver.transfer] [3] Starting DynamicTransfer_Foll
2025-12-16 09:15:29,406 INFO [beaver.transfer] [3] Starting ACSS to share 25 secrets
2025-12-16 09:15:29,406 INFO [root] [3] Starting Batch AVSS. Id: 0, Dealer Id: 0, Client Mode: False
2025-12-16 09:15:29,406 INFO [root] [3] AVSS tag: 0-0-6-B-AVSS
2025-12-16 09:15:29,406 INFO [root] [3] RBC tag: 0-0-6-B-RBC
2025-12-16 09:15:29,406 INFO [root] [3] Starting AVSS with shares_num: 25, dealer_id: 0, client_mode: False
2025-12-16 09:15:29,406 INFO [root] rbc_list: [20, 24, 25, 26, 27]
2025-12-16 09:15:29,406 INFO [root] committee_size: 4
2025-12-16 09:15:29,406 INFO [root] n: 5
2025-12-16 09:15:29,406 INFO [root] f: 1
2025-12-16 09:15:29,407 INFO [root] pid: 4
2025-12-16 09:15:29,407 INFO [root] leader: 0
2025-12-16 09:15:29,407 INFO [root] [3] Starting Batch AVSS. Id: 0, Dealer Id: 1, Client Mode: False
2025-12-16 09:15:29,407 INFO [root] [3] AVSS tag: 1-0-6-B-AVSS
2025-12-16 09:15:29,407 INFO [root] [3] RBC tag: 1-0-6-B-RBC
2025-12-16 09:15:29,407 INFO [root] [3] Starting AVSS with shares_num: 25, dealer_id: 1, client_mode: False
2025-12-16 09:15:29,407 INFO [root] rbc_list: [21, 24, 25, 26, 27]
2025-12-16 09:15:29,407 INFO [root] committee_size: 4
2025-12-16 09:15:29,407 INFO [root] n: 5
2025-12-16 09:15:29,407 INFO [root] f: 1
2025-12-16 09:15:29,407 INFO [root] pid: 4
2025-12-16 09:15:29,407 INFO [root] leader: 1
2025-12-16 09:15:29,407 INFO [root] [3] Starting Batch AVSS. Id: 0, Dealer Id: 2, Client Mode: False
2025-12-16 09:15:29,407 INFO [root] [3] AVSS tag: 2-0-6-B-AVSS
2025-12-16 09:15:29,407 INFO [root] [3] RBC tag: 2-0-6-B-RBC
2025-12-16 09:15:29,407 INFO [root] [3] Starting AVSS with shares_num: 25, dealer_id: 2, client_mode: False
2025-12-16 09:15:29,407 INFO [root] rbc_list: [22, 24, 25, 26, 27]
2025-12-16 09:15:29,407 INFO [root] committee_size: 4
2025-12-16 09:15:29,407 INFO [root] n: 5
2025-12-16 09:15:29,407 INFO [root] f: 1
2025-12-16 09:15:29,407 INFO [root] pid: 4
2025-12-16 09:15:29,407 INFO [root] leader: 2
2025-12-16 09:15:29,407 INFO [root] [3] Starting Batch AVSS. Id: 0, Dealer Id: 3, Client Mode: False
2025-12-16 09:15:29,407 INFO [root] [3] AVSS tag: 3-0-6-B-AVSS
2025-12-16 09:15:29,407 INFO [root] [3] RBC tag: 3-0-6-B-RBC
2025-12-16 09:15:29,407 INFO [root] [3] Starting AVSS with shares_num: 25, dealer_id: 3, client_mode: False
2025-12-16 09:15:29,407 INFO [root] rbc_list: [23, 24, 25, 26, 27]
2025-12-16 09:15:29,407 INFO [root] committee_size: 4
2025-12-16 09:15:29,407 INFO [root] n: 5
2025-12-16 09:15:29,407 INFO [root] f: 1
2025-12-16 09:15:29,407 INFO [root] pid: 4
2025-12-16 09:15:29,407 INFO [root] leader: 3
2025-12-16 09:15:36,757 INFO [root] [4] Received VAL message from 22
2025-12-16 09:15:36,758 INFO [root] entering n == commitee_size + 1
2025-12-16 09:15:36,758 INFO [root] [4] sender: 22, leader: 2
2025-12-16 09:15:36,758 INFO [root] [4] Successfully validated VAL message
2025-12-16 09:15:36,759 INFO [root] [4] Broadcasted ECHO message for roothash b'\x1c\x83\xff\xdf\x08\xd3\x8a&`\xa8\x1d\x8c\x8d\x952h\xff\xc1\xfc8\xefO\xfb\x0f\x85\x83\x07\xdf\xfbf%\x89'
2025-12-16 09:15:36,759 INFO [root] broadcast Sending to 1: 24
2025-12-16 09:15:36,759 INFO [root] broadcast Sending to 2: 25
2025-12-16 09:15:36,759 INFO [root] broadcast Sending to 3: 26
2025-12-16 09:15:36,759 INFO [root] broadcast Sending to 4: 27
2025-12-16 09:15:36,764 INFO [root] [4] Received ECHO message from 27
2025-12-16 09:15:36,765 INFO [root] [4] Received ECHO message from 24
2025-12-16 09:15:36,765 INFO [root] [4] Received ECHO message from 25
2025-12-16 09:15:36,765 INFO [root] [4] Broadcasted READY message for roothash b'\x1c\x83\xff\xdf\x08\xd3\x8a&`\xa8\x1d\x8c\x8d\x952h\xff\xc1\xfc8\xefO\xfb\x0f\x85\x83\x07\xdf\xfbf%\x89'
2025-12-16 09:15:36,765 INFO [root] broadcast Sending to 1: 24
2025-12-16 09:15:36,765 INFO [root] broadcast Sending to 2: 25
2025-12-16 09:15:36,765 INFO [root] broadcast Sending to 3: 26
2025-12-16 09:15:36,765 INFO [root] broadcast Sending to 4: 27
2025-12-16 09:15:36,765 INFO [root] [4] Received ECHO message from 26
2025-12-16 09:15:36,765 INFO [root] [4] Received READY message from 24
2025-12-16 09:15:36,765 INFO [root] [4] Received READY message from 25
2025-12-16 09:15:36,765 INFO [root] [4] Received READY message from 26
2025-12-16 09:15:36,765 INFO [root] Decoding output for roothash: b'\x1c\x83\xff\xdf\x08\xd3\x8a&`\xa8\x1d\x8c\x8d\x952h\xff\xc1\xfc8\xefO\xfb\x0f\x85\x83\x07\xdf\xfbf%\x89'
2025-12-16 09:15:36,765 INFO [root] [3] Received RBC message
2025-12-16 09:15:36,770 INFO [root] multicast list: [24, 25, 26, 27]
2025-12-16 09:15:36,770 INFO [root] before avid.retrieve
2025-12-16 09:15:36,770 INFO [root] [4] Received VAL message from 23
2025-12-16 09:15:36,770 INFO [root] entering n == commitee_size + 1
2025-12-16 09:15:36,770 INFO [root] [4] sender: 23, leader: 3
2025-12-16 09:15:36,770 INFO [root] [4] Successfully validated VAL message
2025-12-16 09:15:36,770 INFO [root] [4] Broadcasted ECHO message for roothash b'\xdb\xd9\xce\x9e\xeb \xfbng\xaf09w\xb6|7\x90\xa5M\x11\x1c6"\x89&p\xfe\xd5\x8eO>\xec'
2025-12-16 09:15:36,770 INFO [root] broadcast Sending to 1: 24
2025-12-16 09:15:36,770 INFO [root] broadcast Sending to 2: 25
2025-12-16 09:15:36,770 INFO [root] broadcast Sending to 3: 26
2025-12-16 09:15:36,770 INFO [root] broadcast Sending to 4: 27
2025-12-16 09:15:36,771 INFO [root] [4] Received ECHO message from 27
2025-12-16 09:15:36,771 INFO [root] [4] Received ECHO message from 25
2025-12-16 09:15:36,771 INFO [root] [4] Received ECHO message from 26
2025-12-16 09:15:36,771 INFO [root] [4] Broadcasted READY message for roothash b'\xdb\xd9\xce\x9e\xeb \xfbng\xaf09w\xb6|7\x90\xa5M\x11\x1c6"\x89&p\xfe\xd5\x8eO>\xec'
2025-12-16 09:15:36,771 INFO [root] broadcast Sending to 1: 24
2025-12-16 09:15:36,771 INFO [root] broadcast Sending to 2: 25
2025-12-16 09:15:36,771 INFO [root] broadcast Sending to 3: 26
2025-12-16 09:15:36,771 INFO [root] broadcast Sending to 4: 27
2025-12-16 09:15:36,771 INFO [root] [4] Received READY message from 25
2025-12-16 09:15:36,772 INFO [root] [4] Received READY message from 27
2025-12-16 09:15:36,773 INFO [root] [4] Received ECHO message from 24
2025-12-16 09:15:36,773 INFO [root] [4] Received READY message from 24
2025-12-16 09:15:36,773 INFO [root] Decoding output for roothash: b'\xdb\xd9\xce\x9e\xeb \xfbng\xaf09w\xb6|7\x90\xa5M\x11\x1c6"\x89&p\xfe\xd5\x8eO>\xec'
2025-12-16 09:15:36,773 INFO [root] [3] Received RBC message
2025-12-16 09:15:36,773 INFO [root] multicast list: [24, 25, 26, 27]
2025-12-16 09:15:36,773 INFO [root] before avid.retrieve
2025-12-16 09:15:36,774 INFO [root] [4] Received VAL message from 20
2025-12-16 09:15:36,774 INFO [root] entering n == commitee_size + 1
2025-12-16 09:15:36,774 INFO [root] [4] sender: 20, leader: 0
2025-12-16 09:15:36,774 INFO [root] [4] Successfully validated VAL message
2025-12-16 09:15:36,774 INFO [root] [4] Broadcasted ECHO message for roothash b'f\n\x85\xe1\t e\x13\x8f\x04\xf6 \xeeD\x05\x04\xd7\xff\xed\xb6\xd3\x9a\xf8\tU\xb4\xf1\x84\x9e\xeaG\x83'
2025-12-16 09:15:36,774 INFO [root] broadcast Sending to 1: 24
2025-12-16 09:15:36,774 INFO [root] broadcast Sending to 2: 25
2025-12-16 09:15:36,774 INFO [root] broadcast Sending to 3: 26
2025-12-16 09:15:36,774 INFO [root] broadcast Sending to 4: 27
2025-12-16 09:15:36,774 INFO [root] [4] Received ECHO message from 27
2025-12-16 09:15:36,775 INFO [root] [4] Received VAL message from 21
2025-12-16 09:15:36,775 INFO [root] entering n == commitee_size + 1
2025-12-16 09:15:36,775 INFO [root] [4] sender: 21, leader: 1
2025-12-16 09:15:36,775 INFO [root] [4] Successfully validated VAL message
2025-12-16 09:15:36,775 INFO [root] [4] Broadcasted ECHO message for roothash b'X\xe0\xd6\x8c\x92\x08\x1f\xb0&])a\x8b\x13$\x9f\\\x17R5\xe3B\xc6$"\x0b\xd0\xd2\xbas"\xa4'
2025-12-16 09:15:36,775 INFO [root] broadcast Sending to 1: 24
2025-12-16 09:15:36,775 INFO [root] broadcast Sending to 2: 25
2025-12-16 09:15:36,775 INFO [root] broadcast Sending to 3: 26
2025-12-16 09:15:36,775 INFO [root] broadcast Sending to 4: 27
2025-12-16 09:15:36,775 INFO [root] [4] Received ECHO message from 27
2025-12-16 09:15:36,777 INFO [root] [4] Received ECHO message from 24
2025-12-16 09:15:36,777 INFO [root] [4] Received ECHO message from 24
2025-12-16 09:15:36,778 INFO [root] [4] Received ECHO message from 26
2025-12-16 09:15:36,778 INFO [root] [4] Broadcasted READY message for roothash b'X\xe0\xd6\x8c\x92\x08\x1f\xb0&])a\x8b\x13$\x9f\\\x17R5\xe3B\xc6$"\x0b\xd0\xd2\xbas"\xa4'
2025-12-16 09:15:36,778 INFO [root] broadcast Sending to 1: 24
2025-12-16 09:15:36,778 INFO [root] broadcast Sending to 2: 25
2025-12-16 09:15:36,778 INFO [root] broadcast Sending to 3: 26
2025-12-16 09:15:36,778 INFO [root] broadcast Sending to 4: 27
2025-12-16 09:15:36,778 INFO [root] [4] Received ECHO message from 26
2025-12-16 09:15:36,778 INFO [root] [4] Broadcasted READY message for roothash b'f\n\x85\xe1\t e\x13\x8f\x04\xf6 \xeeD\x05\x04\xd7\xff\xed\xb6\xd3\x9a\xf8\tU\xb4\xf1\x84\x9e\xeaG\x83'
2025-12-16 09:15:36,778 INFO [root] broadcast Sending to 1: 24
2025-12-16 09:15:36,778 INFO [root] broadcast Sending to 2: 25
2025-12-16 09:15:36,778 INFO [root] broadcast Sending to 3: 26
2025-12-16 09:15:36,778 INFO [root] broadcast Sending to 4: 27
2025-12-16 09:15:36,779 INFO [root] [4] Received READY message from 27
2025-12-16 09:15:36,779 INFO [root] [4] Received READY message from 27
2025-12-16 09:15:36,779 INFO [root] [4] Received ECHO message from 25
2025-12-16 09:15:36,779 INFO [root] [4] Received ECHO message from 25
2025-12-16 09:15:36,780 INFO [root] [4] Received READY message from 25
2025-12-16 09:15:36,780 INFO [root] [4] Received READY message from 24
2025-12-16 09:15:36,780 INFO [root] [4] Received READY message from 24
2025-12-16 09:15:36,780 INFO [root] Decoding output for roothash: b'f\n\x85\xe1\t e\x13\x8f\x04\xf6 \xeeD\x05\x04\xd7\xff\xed\xb6\xd3\x9a\xf8\tU\xb4\xf1\x84\x9e\xeaG\x83'
2025-12-16 09:15:36,780 INFO [root] [3] Received RBC message
2025-12-16 09:15:36,780 INFO [root] multicast list: [24, 25, 26, 27]
2025-12-16 09:15:36,780 INFO [root] before avid.retrieve
2025-12-16 09:15:36,781 INFO [root] [4] Received READY message from 25
2025-12-16 09:15:36,781 INFO [root] Decoding output for roothash: b'X\xe0\xd6\x8c\x92\x08\x1f\xb0&])a\x8b\x13$\x9f\\\x17R5\xe3B\xc6$"\x0b\xd0\xd2\xbas"\xa4'
2025-12-16 09:15:36,781 INFO [root] [3] Received RBC message
2025-12-16 09:15:36,781 INFO [root] multicast list: [24, 25, 26, 27]
2025-12-16 09:15:36,781 INFO [root] before avid.retrieve
2025-12-16 09:15:37,053 INFO [root] AVID broadcast to 1: 24
2025-12-16 09:15:37,053 INFO [root] AVID broadcast to 2: 25
2025-12-16 09:15:37,053 INFO [root] AVID broadcast to 3: 26
2025-12-16 09:15:37,053 INFO [root] AVID broadcast to 4: 27
2025-12-16 09:15:37,054 INFO [root] AVID broadcast to 1: 24
2025-12-16 09:15:37,054 INFO [root] AVID broadcast to 2: 25
2025-12-16 09:15:37,054 INFO [root] AVID broadcast to 3: 26
2025-12-16 09:15:37,054 INFO [root] AVID broadcast to 4: 27
2025-12-16 09:15:37,057 INFO [root] AVID broadcast to 1: 24
2025-12-16 09:15:37,057 INFO [root] AVID broadcast to 2: 25
2025-12-16 09:15:37,057 INFO [root] AVID broadcast to 3: 26
2025-12-16 09:15:37,057 INFO [root] AVID broadcast to 4: 27
2025-12-16 09:15:37,057 INFO [root] disperse msid: 3-0-6-B-AVSS, index: 1
2025-12-16 09:15:37,057 INFO [root] AVID retrieve called with sid: 3-0-6-B-AVID, index: 1
2025-12-16 09:15:37,057 INFO [root] 3-0-6-B-AVSS 3 RETRIEVE called.
2025-12-16 09:15:37,057 INFO [root] AVID broadcast to 1: 24
2025-12-16 09:15:37,057 INFO [root] AVID broadcast to 2: 25
2025-12-16 09:15:37,057 INFO [root] AVID broadcast to 3: 26
2025-12-16 09:15:37,057 INFO [root] AVID broadcast to 4: 27
2025-12-16 09:15:37,057 INFO [root] 3-0-6-B-AVSS 3 RETRIEVE broadcasted.
2025-12-16 09:15:37,057 INFO [root] disperse msid: 3-0-6-B-AVSS, index: 3
2025-12-16 09:15:37,057 INFO [root] AVID retrieve called with sid: 3-0-6-B-AVID, index: 3
2025-12-16 09:15:37,057 INFO [root] 3-0-6-B-AVSS 3 AVID retrieve msg from 27
2025-12-16 09:15:37,057 INFO [root] AVID retrieve response received
2025-12-16 09:15:37,057 INFO [root] retrieve msid: 3-0-6-B-AVID, response_index: 3
2025-12-16 09:15:37,057 INFO [root] RESPONSE from 27
2025-12-16 09:15:37,058 INFO [root] sender self.committee_size: 3
2025-12-16 09:15:37,058 INFO [root] disperse msid: 3-0-6-B-AVSS, index: 2
2025-12-16 09:15:37,058 INFO [root] AVID retrieve called with sid: 3-0-6-B-AVID, index: 2
2025-12-16 09:15:37,058 INFO [root] AVID broadcast to 1: 24
2025-12-16 09:15:37,058 INFO [root] AVID broadcast to 2: 25
2025-12-16 09:15:37,058 INFO [root] AVID broadcast to 3: 26
2025-12-16 09:15:37,058 INFO [root] AVID broadcast to 4: 27
2025-12-16 09:15:37,060 INFO [root] disperse msid: 3-0-6-B-AVSS, index: 0
2025-12-16 09:15:37,060 INFO [root] AVID retrieve called with sid: 3-0-6-B-AVID, index: 0
2025-12-16 09:15:37,060 INFO [root] disperse msid: 2-0-6-B-AVSS, index: 0
2025-12-16 09:15:37,060 INFO [root] AVID retrieve called with sid: 2-0-6-B-AVID, index: 0
2025-12-16 09:15:37,060 INFO [root] 3-0-6-B-AVSS 3 AVID retrieve msg from 24
2025-12-16 09:15:37,060 INFO [root] AVID retrieve response received
2025-12-16 09:15:37,060 INFO [root] retrieve msid: 3-0-6-B-AVID, response_index: 3
2025-12-16 09:15:37,060 INFO [root] RESPONSE from 24
2025-12-16 09:15:37,060 INFO [root] sender self.committee_size: 0
2025-12-16 09:15:37,060 INFO [root] 3-0-6-B-AVSS 3 RETRIEVE complete.
2025-12-16 09:15:37,060 INFO [root] after avid.retrieve dispersal_msg
2025-12-16 09:15:37,060 INFO [root] Handling dealer messages for dealer_id: 3, tag: 3-0-6-B-AVSS
2025-12-16 09:15:37,087 INFO [root] shares verified successfully
2025-12-16 09:15:37,088 INFO [root] all_shares_valid: True
2025-12-16 09:15:37,089 INFO [root] after _handle_dealer_msgs, all_shares_valid
2025-12-16 09:15:37,089 INFO [root] self.tagvars[tag]['all_shares_valid']: True
2025-12-16 09:15:37,089 INFO [root] multicast to 24
2025-12-16 09:15:37,089 INFO [root] multicast to 25
2025-12-16 09:15:37,089 INFO [root] multicast to 26
2025-12-16 09:15:37,090 INFO [root] multicast to 27
2025-12-16 09:15:37,090 INFO [root] 2-0-6-B-AVSS 3 RETRIEVE called.
2025-12-16 09:15:37,090 INFO [root] AVID broadcast to 1: 24
2025-12-16 09:15:37,090 INFO [root] AVID broadcast to 2: 25
2025-12-16 09:15:37,090 INFO [root] AVID broadcast to 3: 26
2025-12-16 09:15:37,090 INFO [root] AVID broadcast to 4: 27
2025-12-16 09:15:37,090 INFO [root] 2-0-6-B-AVSS 3 RETRIEVE broadcasted.
2025-12-16 09:15:37,090 INFO [root] [3] Received OK from [27]
2025-12-16 09:15:37,090 INFO [root] [3] OK set: {27}
2025-12-16 09:15:37,090 INFO [root] output: True
2025-12-16 09:15:37,090 INFO [root] disperse msid: 2-0-6-B-AVSS, index: 3
2025-12-16 09:15:37,090 INFO [root] AVID retrieve called with sid: 2-0-6-B-AVID, index: 3
2025-12-16 09:15:37,090 INFO [root] AVID broadcast to 1: 24
2025-12-16 09:15:37,090 INFO [root] AVID broadcast to 2: 25
2025-12-16 09:15:37,090 INFO [root] AVID broadcast to 3: 26
2025-12-16 09:15:37,091 INFO [root] AVID broadcast to 4: 27
2025-12-16 09:15:37,091 INFO [root] 2-0-6-B-AVSS 3 AVID retrieve msg from 27
2025-12-16 09:15:37,091 INFO [root] AVID retrieve response received
2025-12-16 09:15:37,091 INFO [root] retrieve msid: 2-0-6-B-AVID, response_index: 3
2025-12-16 09:15:37,091 INFO [root] RESPONSE from 27
2025-12-16 09:15:37,091 INFO [root] sender self.committee_size: 3
2025-12-16 09:15:37,099 INFO [root] AVID broadcast to 1: 24
2025-12-16 09:15:37,099 INFO [root] AVID broadcast to 2: 25
2025-12-16 09:15:37,099 INFO [root] AVID broadcast to 3: 26
2025-12-16 09:15:37,099 INFO [root] AVID broadcast to 4: 27
2025-12-16 09:15:37,099 INFO [root] disperse msid: 2-0-6-B-AVSS, index: 1
2025-12-16 09:15:37,099 INFO [root] AVID retrieve called with sid: 2-0-6-B-AVID, index: 1
2025-12-16 09:15:37,099 INFO [root] [3] Received OK from [25]
2025-12-16 09:15:37,099 INFO [root] [3] OK set: {25, 27}
2025-12-16 09:15:37,099 INFO [root] output: True
2025-12-16 09:15:37,099 INFO [root] 2-0-6-B-AVSS 3 AVID retrieve msg from 25
2025-12-16 09:15:37,099 INFO [root] AVID retrieve response received
2025-12-16 09:15:37,099 INFO [root] retrieve msid: 2-0-6-B-AVID, response_index: 3
2025-12-16 09:15:37,099 INFO [root] RESPONSE from 25
2025-12-16 09:15:37,099 INFO [root] sender self.committee_size: 1
2025-12-16 09:15:37,099 INFO [root] 2-0-6-B-AVSS 3 RETRIEVE complete.
2025-12-16 09:15:37,099 INFO [root] after avid.retrieve dispersal_msg
2025-12-16 09:15:37,099 INFO [root] Handling dealer messages for dealer_id: 2, tag: 2-0-6-B-AVSS
2025-12-16 09:15:37,118 INFO [root] shares verified successfully
2025-12-16 09:15:37,118 INFO [root] all_shares_valid: True
2025-12-16 09:15:37,118 INFO [root] after _handle_dealer_msgs, all_shares_valid
2025-12-16 09:15:37,118 INFO [root] self.tagvars[tag]['all_shares_valid']: True
2025-12-16 09:15:37,118 INFO [root] multicast to 24
2025-12-16 09:15:37,118 INFO [root] multicast to 25
2025-12-16 09:15:37,118 INFO [root] multicast to 26
2025-12-16 09:15:37,118 INFO [root] multicast to 27
2025-12-16 09:15:37,120 INFO [root] [3] Received OK from [27]
2025-12-16 09:15:37,120 INFO [root] [3] OK set: {27}
2025-12-16 09:15:37,120 INFO [root] output: True
2025-12-16 09:15:37,120 INFO [root] [3] Received OK from [25]
2025-12-16 09:15:37,120 INFO [root] [3] OK set: {25, 27}
2025-12-16 09:15:37,120 INFO [root] output: True
2025-12-16 09:15:37,120 INFO [root] [3] Received OK from [24]
2025-12-16 09:15:37,120 INFO [root] [3] OK set: {24, 25, 27}
2025-12-16 09:15:37,120 INFO [root] output: True
2025-12-16 09:15:37,120 INFO [root] [3] Received OK from [24]
2025-12-16 09:15:37,120 INFO [root] [3] OK set: {24, 25, 27}
2025-12-16 09:15:37,120 INFO [root] output: True
2025-12-16 09:15:37,120 INFO [root] [3] Received OK from [26]
2025-12-16 09:15:37,120 INFO [root] [3] OK set: {24, 25, 26, 27}
2025-12-16 09:15:37,120 INFO [root] output: True
2025-12-16 09:15:37,120 INFO [root] [3] exit
2025-12-16 09:15:37,120 INFO [root] disperse msid: 2-0-6-B-AVSS, index: 2
2025-12-16 09:15:37,120 INFO [root] AVID retrieve called with sid: 2-0-6-B-AVID, index: 2
2025-12-16 09:15:37,120 INFO [root] AVID broadcast to 1: 24
2025-12-16 09:15:37,120 INFO [root] AVID broadcast to 2: 25
2025-12-16 09:15:37,120 INFO [root] AVID broadcast to 3: 26
2025-12-16 09:15:37,120 INFO [root] AVID broadcast to 4: 27
2025-12-16 09:15:37,120 INFO [root] AVID broadcast to 1: 24
2025-12-16 09:15:37,120 INFO [root] AVID broadcast to 2: 25
2025-12-16 09:15:37,120 INFO [root] AVID broadcast to 3: 26
2025-12-16 09:15:37,120 INFO [root] AVID broadcast to 4: 27
2025-12-16 09:15:37,120 INFO [root] 0-0-6-B-AVSS 3 RETRIEVE called.
2025-12-16 09:15:37,120 INFO [root] AVID broadcast to 1: 24
2025-12-16 09:15:37,120 INFO [root] AVID broadcast to 2: 25
2025-12-16 09:15:37,120 INFO [root] AVID broadcast to 3: 26
2025-12-16 09:15:37,120 INFO [root] AVID broadcast to 4: 27
2025-12-16 09:15:37,120 INFO [root] 0-0-6-B-AVSS 3 RETRIEVE broadcasted.
2025-12-16 09:15:37,120 INFO [root] 1-0-6-B-AVSS 3 RETRIEVE called.
2025-12-16 09:15:37,120 INFO [root] AVID broadcast to 1: 24
2025-12-16 09:15:37,120 INFO [root] AVID broadcast to 2: 25
2025-12-16 09:15:37,120 INFO [root] AVID broadcast to 3: 26
2025-12-16 09:15:37,120 INFO [root] AVID broadcast to 4: 27
2025-12-16 09:15:37,120 INFO [root] 1-0-6-B-AVSS 3 RETRIEVE broadcasted.
2025-12-16 09:15:37,120 INFO [root] disperse msid: 0-0-6-B-AVSS, index: 3
2025-12-16 09:15:37,120 INFO [root] AVID retrieve called with sid: 0-0-6-B-AVID, index: 3
2025-12-16 09:15:37,120 INFO [root] disperse msid: 1-0-6-B-AVSS, index: 3
2025-12-16 09:15:37,120 INFO [root] AVID retrieve called with sid: 1-0-6-B-AVID, index: 3
2025-12-16 09:15:37,121 INFO [root] 0-0-6-B-AVSS 3 AVID retrieve msg from 27
2025-12-16 09:15:37,121 INFO [root] AVID retrieve response received
2025-12-16 09:15:37,121 INFO [root] retrieve msid: 0-0-6-B-AVID, response_index: 3
2025-12-16 09:15:37,121 INFO [root] RESPONSE from 27
2025-12-16 09:15:37,121 INFO [root] sender self.committee_size: 3
2025-12-16 09:15:37,121 INFO [root] 1-0-6-B-AVSS 3 AVID retrieve msg from 27
2025-12-16 09:15:37,121 INFO [root] AVID retrieve response received
2025-12-16 09:15:37,121 INFO [root] retrieve msid: 1-0-6-B-AVID, response_index: 3
2025-12-16 09:15:37,121 INFO [root] RESPONSE from 27
2025-12-16 09:15:37,121 INFO [root] sender self.committee_size: 3
2025-12-16 09:15:37,122 INFO [root] disperse msid: 0-0-6-B-AVSS, index: 1
2025-12-16 09:15:37,122 INFO [root] AVID retrieve called with sid: 0-0-6-B-AVID, index: 1
2025-12-16 09:15:37,122 INFO [root] disperse msid: 0-0-6-B-AVSS, index: 0
2025-12-16 09:15:37,122 INFO [root] AVID retrieve called with sid: 0-0-6-B-AVID, index: 0
2025-12-16 09:15:37,122 INFO [root] disperse msid: 1-0-6-B-AVSS, index: 1
2025-12-16 09:15:37,122 INFO [root] AVID retrieve called with sid: 1-0-6-B-AVID, index: 1
2025-12-16 09:15:37,122 INFO [root] disperse msid: 1-0-6-B-AVSS, index: 0
2025-12-16 09:15:37,122 INFO [root] AVID retrieve called with sid: 1-0-6-B-AVID, index: 0
2025-12-16 09:15:37,122 INFO [root] 0-0-6-B-AVSS 3 AVID retrieve msg from 25
2025-12-16 09:15:37,123 INFO [root] AVID retrieve response received
2025-12-16 09:15:37,123 INFO [root] retrieve msid: 0-0-6-B-AVID, response_index: 3
2025-12-16 09:15:37,123 INFO [root] RESPONSE from 25
2025-12-16 09:15:37,123 INFO [root] sender self.committee_size: 1
2025-12-16 09:15:37,123 INFO [root] 0-0-6-B-AVSS 3 RETRIEVE complete.
2025-12-16 09:15:37,123 INFO [root] after avid.retrieve dispersal_msg
2025-12-16 09:15:37,123 INFO [root] Handling dealer messages for dealer_id: 0, tag: 0-0-6-B-AVSS
2025-12-16 09:15:37,153 INFO [root] shares verified successfully
2025-12-16 09:15:37,154 INFO [root] all_shares_valid: True
2025-12-16 09:15:37,154 INFO [root] after _handle_dealer_msgs, all_shares_valid
2025-12-16 09:15:37,154 INFO [root] self.tagvars[tag]['all_shares_valid']: True
2025-12-16 09:15:37,154 INFO [root] multicast to 24
2025-12-16 09:15:37,154 INFO [root] multicast to 25
2025-12-16 09:15:37,154 INFO [root] multicast to 26
2025-12-16 09:15:37,154 INFO [root] multicast to 27
2025-12-16 09:15:37,154 INFO [root] 1-0-6-B-AVSS 3 AVID retrieve msg from 25
2025-12-16 09:15:37,154 INFO [root] AVID retrieve response received
2025-12-16 09:15:37,154 INFO [root] retrieve msid: 1-0-6-B-AVID, response_index: 3
2025-12-16 09:15:37,154 INFO [root] RESPONSE from 25
2025-12-16 09:15:37,154 INFO [root] sender self.committee_size: 1
2025-12-16 09:15:37,155 INFO [root] 1-0-6-B-AVSS 3 RETRIEVE complete.
2025-12-16 09:15:37,155 INFO [root] after avid.retrieve dispersal_msg
2025-12-16 09:15:37,155 INFO [root] Handling dealer messages for dealer_id: 1, tag: 1-0-6-B-AVSS
2025-12-16 09:15:37,169 INFO [root] shares verified successfully
2025-12-16 09:15:37,169 INFO [root] all_shares_valid: True
2025-12-16 09:15:37,169 INFO [root] after _handle_dealer_msgs, all_shares_valid
2025-12-16 09:15:37,169 INFO [root] self.tagvars[tag]['all_shares_valid']: True
2025-12-16 09:15:37,169 INFO [root] multicast to 24
2025-12-16 09:15:37,169 INFO [root] multicast to 25
2025-12-16 09:15:37,169 INFO [root] multicast to 26
2025-12-16 09:15:37,169 INFO [root] multicast to 27
2025-12-16 09:15:37,169 INFO [root] key_proposal: [3, 2, 0, 1]
2025-12-16 09:15:37,169 INFO [beaver.transfer] [3] [random shares] Starting ACS where node 1 is set as leader 
2025-12-16 09:15:37,169 INFO [beaver.transfer] [3] [random shares] The proposal of node 3 is [3, 2, 0, 1]
2025-12-16 09:15:37,169 INFO [root] enter handle_message
2025-12-16 09:15:37,170 INFO [root] [3] Received OK from [27]
2025-12-16 09:15:37,170 INFO [root] [3] OK set: {27}
2025-12-16 09:15:37,170 INFO [root] output: True
2025-12-16 09:15:37,170 INFO [root] [3] Received OK from [27]
2025-12-16 09:15:37,170 INFO [root] [3] OK set: {27}
2025-12-16 09:15:37,170 INFO [root] output: True
2025-12-16 09:15:37,170 INFO [root] [3] Received OK from [26]
2025-12-16 09:15:37,170 INFO [root] [3] OK set: {24, 25, 26, 27}
2025-12-16 09:15:37,170 INFO [root] output: True
2025-12-16 09:15:37,170 INFO [root] [3] exit
2025-12-16 09:15:37,170 INFO [root] [3] Received OK from [24]
2025-12-16 09:15:37,170 INFO [root] [3] OK set: {24, 27}
2025-12-16 09:15:37,170 INFO [root] output: True
2025-12-16 09:15:37,170 INFO [root] [3] Received OK from [25]
2025-12-16 09:15:37,170 INFO [root] [3] OK set: {24, 25, 27}
2025-12-16 09:15:37,170 INFO [root] output: True
2025-12-16 09:15:37,170 INFO [root] disperse msid: 0-0-6-B-AVSS, index: 2
2025-12-16 09:15:37,170 INFO [root] AVID retrieve called with sid: 0-0-6-B-AVID, index: 2
2025-12-16 09:15:37,170 INFO [root] [3] Received OK from [24]
2025-12-16 09:15:37,170 INFO [root] [3] OK set: {24, 27}
2025-12-16 09:15:37,170 INFO [root] output: True
2025-12-16 09:15:37,170 INFO [root] [3] Received OK from [25]
2025-12-16 09:15:37,170 INFO [root] [3] OK set: {24, 25, 27}
2025-12-16 09:15:37,170 INFO [root] output: True
2025-12-16 09:15:37,170 INFO [root] disperse msid: 1-0-6-B-AVSS, index: 2
2025-12-16 09:15:37,170 INFO [root] AVID retrieve called with sid: 1-0-6-B-AVID, index: 2
2025-12-16 09:15:37,170 INFO [root] [3] otmvba msg value
2025-12-16 09:15:37,170 INFO [root] [3] otmvba handle value message
2025-12-16 09:15:37,170 INFO [root] [3] value-self.acss_outputs.keys():dict_keys([3, 2, 0, 1])
2025-12-16 09:15:37,171 INFO [root] [3] --Directly send the proposal!--
2025-12-16 09:15:37,185 INFO [root] [3] Received OK from [26]
2025-12-16 09:15:37,185 INFO [root] [3] OK set: {24, 25, 26, 27}
2025-12-16 09:15:37,185 INFO [root] output: True
2025-12-16 09:15:37,185 INFO [root] [3] exit
2025-12-16 09:15:37,185 INFO [root] [3] Received OK from [26]
2025-12-16 09:15:37,185 INFO [root] [3] OK set: {24, 25, 26, 27}
2025-12-16 09:15:37,185 INFO [root] output: True
2025-12-16 09:15:37,186 INFO [root] [3] exit
2025-12-16 09:15:37,190 INFO [root] [3] otmvba msg PrevoteQC
2025-12-16 09:15:37,190 INFO [root] [3] otmvba handle prevote qc message
2025-12-16 09:15:37,228 INFO [root] [3] otmvba msg VoteQC
2025-12-16 09:15:37,228 INFO [root] [3] otmvba handle vote qc message
2025-12-16 09:15:37,241 INFO [root] [3] otmvba Broadcasting to 24
2025-12-16 09:15:37,242 INFO [root] [3] otmvba Broadcasting to 25
2025-12-16 09:15:37,242 INFO [root] [3] otmvba Broadcasting to 26
2025-12-16 09:15:37,242 INFO [root] [3] otmvba Broadcasting to 27
2025-12-16 09:15:37,242 INFO [root] [3] otmvba msg Terminate
2025-12-16 09:15:37,242 INFO [root] [3] otmvba handle terminate message
2025-12-16 09:15:37,249 INFO [root] [3] otmvba Broadcasting to 24
2025-12-16 09:15:37,250 INFO [root] [3] otmvba Broadcasting to 25
2025-12-16 09:15:37,250 INFO [root] [3] otmvba Broadcasting to 26
2025-12-16 09:15:37,250 INFO [root] [3] otmvba Broadcasting to 27
2025-12-16 09:15:37,250 INFO [beaver.transfer] [3] [random shares] The ACS set is [0, 1, 2, 3]
2025-12-16 09:15:37,250 INFO [root] common: [0, 1, 2, 3]
2025-12-16 09:15:37,289 INFO [beaver.transfer] [3] [asynchronous dynamic transfer] Finished! Node 3, total number: 25, time: 7.882957696914673 (seconds)
2025-12-16 09:15:37,289 INFO [root] layer ID: 6 trans_foll_time: 7.88351035118103
2025-12-16 09:15:37,290 INFO [beaver.batch_multiplication] [3] Starting BatchMultiplication
2025-12-16 09:15:37,290 INFO [beaver.batch_multiplication] [3] Starting ACSS to evaluate 25 multiplication gates
2025-12-16 09:15:37,291 INFO [root] [3] Starting Batch AVSS. Id: 0, Dealer Id: 0, Client Mode: False
2025-12-16 09:15:37,291 INFO [root] [3] AVSS tag: 0-0-6-B-AVSS
2025-12-16 09:15:37,291 INFO [root] [3] RBC tag: 0-0-6-B-RBC
2025-12-16 09:15:37,291 INFO [root] [3] Starting AVSS with shares_num: 25, dealer_id: 0, client_mode: False
2025-12-16 09:15:37,291 INFO [root] rbc_list: [20, 24, 25, 26, 27]
2025-12-16 09:15:37,291 INFO [root] committee_size: 4
2025-12-16 09:15:37,291 INFO [root] n: 5
2025-12-16 09:15:37,291 INFO [root] f: 1
2025-12-16 09:15:37,291 INFO [root] pid: 4
2025-12-16 09:15:37,291 INFO [root] leader: 0
2025-12-16 09:15:37,291 INFO [root] [4] Received VAL message from 20
2025-12-16 09:15:37,291 INFO [root] entering n == commitee_size + 1
2025-12-16 09:15:37,291 INFO [root] [4] sender: 20, leader: 0
2025-12-16 09:15:37,291 INFO [root] [4] Successfully validated VAL message
2025-12-16 09:15:37,291 INFO [root] [4] Broadcasted ECHO message for roothash b'D\xe0\x96\xa8u\xf3\xc7.N\xf3\xe59\xd4n N\xff\x9aY+1\t\x921\xae\xe6\x18\xc6*%\xb3\x04'
2025-12-16 09:15:37,291 INFO [root] broadcast Sending to 1: 24
2025-12-16 09:15:37,291 INFO [root] broadcast Sending to 2: 25
2025-12-16 09:15:37,291 INFO [root] broadcast Sending to 3: 26
2025-12-16 09:15:37,291 INFO [root] broadcast Sending to 4: 27
2025-12-16 09:15:37,292 INFO [root] [3] Starting Batch AVSS. Id: 0, Dealer Id: 1, Client Mode: False
2025-12-16 09:15:37,292 INFO [root] [3] AVSS tag: 1-0-6-B-AVSS
2025-12-16 09:15:37,292 INFO [root] [3] RBC tag: 1-0-6-B-RBC
2025-12-16 09:15:37,292 INFO [root] [3] Starting AVSS with shares_num: 25, dealer_id: 1, client_mode: False
2025-12-16 09:15:37,292 INFO [root] rbc_list: [21, 24, 25, 26, 27]
2025-12-16 09:15:37,292 INFO [root] committee_size: 4
2025-12-16 09:15:37,292 INFO [root] n: 5
2025-12-16 09:15:37,292 INFO [root] f: 1
2025-12-16 09:15:37,292 INFO [root] pid: 4
2025-12-16 09:15:37,292 INFO [root] leader: 1
2025-12-16 09:15:37,292 INFO [root] [4] Received VAL message from 21
2025-12-16 09:15:37,292 INFO [root] entering n == commitee_size + 1
2025-12-16 09:15:37,292 INFO [root] [4] sender: 21, leader: 1
2025-12-16 09:15:37,292 INFO [root] [4] Successfully validated VAL message
2025-12-16 09:15:37,292 INFO [root] [4] Broadcasted ECHO message for roothash b"\xb8;\xefk\xd7?VXB\xf5u\xd9\x1fMj\xed\x84?a\xa6\xec\xe6\xaa\x8crUj'\xe9O7\xc7"
2025-12-16 09:15:37,292 INFO [root] broadcast Sending to 1: 24
2025-12-16 09:15:37,292 INFO [root] broadcast Sending to 2: 25
2025-12-16 09:15:37,292 INFO [root] broadcast Sending to 3: 26
2025-12-16 09:15:37,292 INFO [root] broadcast Sending to 4: 27
2025-12-16 09:15:37,292 INFO [root] [3] Starting Batch AVSS. Id: 0, Dealer Id: 2, Client Mode: False
2025-12-16 09:15:37,292 INFO [root] [3] AVSS tag: 2-0-6-B-AVSS
2025-12-16 09:15:37,292 INFO [root] [3] RBC tag: 2-0-6-B-RBC
2025-12-16 09:15:37,292 INFO [root] [3] Starting AVSS with shares_num: 25, dealer_id: 2, client_mode: False
2025-12-16 09:15:37,292 INFO [root] rbc_list: [22, 24, 25, 26, 27]
2025-12-16 09:15:37,292 INFO [root] committee_size: 4
2025-12-16 09:15:37,292 INFO [root] n: 5
2025-12-16 09:15:37,292 INFO [root] f: 1
2025-12-16 09:15:37,292 INFO [root] pid: 4
2025-12-16 09:15:37,292 INFO [root] leader: 2
2025-12-16 09:15:37,292 INFO [root] [4] Received VAL message from 22
2025-12-16 09:15:37,292 INFO [root] entering n == commitee_size + 1
2025-12-16 09:15:37,292 INFO [root] [4] sender: 22, leader: 2
2025-12-16 09:15:37,292 INFO [root] [4] Successfully validated VAL message
2025-12-16 09:15:37,292 INFO [root] [4] Broadcasted ECHO message for roothash b'\x10\xdcH\x81\x10\xbeg|\x857]W\x98\xf6\x1e\x0be\xd2\x97\xf6\x88\xa8L\x03\n\xafB\x07\xc8\x04Yz'
2025-12-16 09:15:37,292 INFO [root] broadcast Sending to 1: 24
2025-12-16 09:15:37,292 INFO [root] broadcast Sending to 2: 25
2025-12-16 09:15:37,292 INFO [root] broadcast Sending to 3: 26
2025-12-16 09:15:37,292 INFO [root] broadcast Sending to 4: 27
2025-12-16 09:15:37,292 INFO [root] [3] Starting Batch AVSS. Id: 0, Dealer Id: 3, Client Mode: False
2025-12-16 09:15:37,292 INFO [root] [3] AVSS tag: 3-0-6-B-AVSS
2025-12-16 09:15:37,292 INFO [root] [3] RBC tag: 3-0-6-B-RBC
2025-12-16 09:15:37,292 INFO [root] [3] Starting AVSS with shares_num: 25, dealer_id: 3, client_mode: False
2025-12-16 09:15:37,292 INFO [root] rbc_list: [23, 24, 25, 26, 27]
2025-12-16 09:15:37,292 INFO [root] committee_size: 4
2025-12-16 09:15:37,292 INFO [root] n: 5
2025-12-16 09:15:37,292 INFO [root] f: 1
2025-12-16 09:15:37,292 INFO [root] pid: 4
2025-12-16 09:15:37,292 INFO [root] leader: 3
2025-12-16 09:15:37,292 INFO [root] [4] Received VAL message from 23
2025-12-16 09:15:37,292 INFO [root] entering n == commitee_size + 1
2025-12-16 09:15:37,292 INFO [root] [4] sender: 23, leader: 3
2025-12-16 09:15:37,292 INFO [root] [4] Successfully validated VAL message
2025-12-16 09:15:37,292 INFO [root] [4] Broadcasted ECHO message for roothash b'\xa5\xf1\xeco>\x08\xf8\x85\t\xa7\xc9a\xcc\x927wgo\xc7Rm\xa0\x9d\x92\xb6\t\x16.\x07\xe7\xdb\xbf'
2025-12-16 09:15:37,292 INFO [root] broadcast Sending to 1: 24
2025-12-16 09:15:37,292 INFO [root] broadcast Sending to 2: 25
2025-12-16 09:15:37,292 INFO [root] broadcast Sending to 3: 26
2025-12-16 09:15:37,292 INFO [root] broadcast Sending to 4: 27
2025-12-16 09:15:37,293 INFO [root] [4] Received ECHO message from 25
2025-12-16 09:15:37,293 INFO [root] [4] Received ECHO message from 24
2025-12-16 09:15:37,293 INFO [root] [4] Received ECHO message from 26
2025-12-16 09:15:37,293 INFO [root] [4] Broadcasted READY message for roothash b'D\xe0\x96\xa8u\xf3\xc7.N\xf3\xe59\xd4n N\xff\x9aY+1\t\x921\xae\xe6\x18\xc6*%\xb3\x04'
2025-12-16 09:15:37,293 INFO [root] broadcast Sending to 1: 24
2025-12-16 09:15:37,293 INFO [root] broadcast Sending to 2: 25
2025-12-16 09:15:37,293 INFO [root] broadcast Sending to 3: 26
2025-12-16 09:15:37,293 INFO [root] broadcast Sending to 4: 27
2025-12-16 09:15:37,293 INFO [root] [4] Received READY message from 25
2025-12-16 09:15:37,293 INFO [root] [4] Received READY message from 24
2025-12-16 09:15:37,293 INFO [root] [4] Received READY message from 26
2025-12-16 09:15:37,293 INFO [root] Decoding output for roothash: b'D\xe0\x96\xa8u\xf3\xc7.N\xf3\xe59\xd4n N\xff\x9aY+1\t\x921\xae\xe6\x18\xc6*%\xb3\x04'
2025-12-16 09:15:37,293 INFO [root] [3] Received RBC message
2025-12-16 09:15:37,293 INFO [root] multicast list: [24, 25, 26, 27]
2025-12-16 09:15:37,293 INFO [root] before avid.retrieve
2025-12-16 09:15:37,293 INFO [root] [4] Received ECHO message from 25
2025-12-16 09:15:37,293 INFO [root] [4] Received ECHO message from 24
2025-12-16 09:15:37,293 INFO [root] [4] Received ECHO message from 26
2025-12-16 09:15:37,293 INFO [root] [4] Broadcasted READY message for roothash b"\xb8;\xefk\xd7?VXB\xf5u\xd9\x1fMj\xed\x84?a\xa6\xec\xe6\xaa\x8crUj'\xe9O7\xc7"
2025-12-16 09:15:37,293 INFO [root] broadcast Sending to 1: 24
2025-12-16 09:15:37,293 INFO [root] broadcast Sending to 2: 25
2025-12-16 09:15:37,293 INFO [root] broadcast Sending to 3: 26
2025-12-16 09:15:37,293 INFO [root] broadcast Sending to 4: 27
2025-12-16 09:15:37,293 INFO [root] [4] Received READY message from 25
2025-12-16 09:15:37,293 INFO [root] [4] Received READY message from 24
2025-12-16 09:15:37,293 INFO [root] [4] Received READY message from 26
2025-12-16 09:15:37,293 INFO [root] Decoding output for roothash: b"\xb8;\xefk\xd7?VXB\xf5u\xd9\x1fMj\xed\x84?a\xa6\xec\xe6\xaa\x8crUj'\xe9O7\xc7"
2025-12-16 09:15:37,293 INFO [root] [3] Received RBC message
2025-12-16 09:15:37,293 INFO [root] multicast list: [24, 25, 26, 27]
2025-12-16 09:15:37,293 INFO [root] before avid.retrieve
2025-12-16 09:15:37,293 INFO [root] [4] Received ECHO message from 25
2025-12-16 09:15:37,293 INFO [root] [4] Received ECHO message from 24
2025-12-16 09:15:37,293 INFO [root] [4] Received ECHO message from 26
2025-12-16 09:15:37,293 INFO [root] [4] Broadcasted READY message for roothash b'\x10\xdcH\x81\x10\xbeg|\x857]W\x98\xf6\x1e\x0be\xd2\x97\xf6\x88\xa8L\x03\n\xafB\x07\xc8\x04Yz'
2025-12-16 09:15:37,293 INFO [root] broadcast Sending to 1: 24
2025-12-16 09:15:37,293 INFO [root] broadcast Sending to 2: 25
2025-12-16 09:15:37,293 INFO [root] broadcast Sending to 3: 26
2025-12-16 09:15:37,293 INFO [root] broadcast Sending to 4: 27
2025-12-16 09:15:37,293 INFO [root] [4] Received READY message from 25
2025-12-16 09:15:37,293 INFO [root] [4] Received READY message from 24
2025-12-16 09:15:37,293 INFO [root] [4] Received READY message from 26
2025-12-16 09:15:37,293 INFO [root] Decoding output for roothash: b'\x10\xdcH\x81\x10\xbeg|\x857]W\x98\xf6\x1e\x0be\xd2\x97\xf6\x88\xa8L\x03\n\xafB\x07\xc8\x04Yz'
2025-12-16 09:15:37,293 INFO [root] [3] Received RBC message
2025-12-16 09:15:37,293 INFO [root] multicast list: [24, 25, 26, 27]
2025-12-16 09:15:37,293 INFO [root] before avid.retrieve
2025-12-16 09:15:37,293 INFO [root] [4] Received ECHO message from 25
2025-12-16 09:15:37,293 INFO [root] [4] Received ECHO message from 24
2025-12-16 09:15:37,293 INFO [root] [4] Received ECHO message from 26
2025-12-16 09:15:37,293 INFO [root] [4] Broadcasted READY message for roothash b'\xa5\xf1\xeco>\x08\xf8\x85\t\xa7\xc9a\xcc\x927wgo\xc7Rm\xa0\x9d\x92\xb6\t\x16.\x07\xe7\xdb\xbf'
2025-12-16 09:15:37,293 INFO [root] broadcast Sending to 1: 24
2025-12-16 09:15:37,293 INFO [root] broadcast Sending to 2: 25
2025-12-16 09:15:37,293 INFO [root] broadcast Sending to 3: 26
2025-12-16 09:15:37,293 INFO [root] broadcast Sending to 4: 27
2025-12-16 09:15:37,294 INFO [root] [4] Received READY message from 25
2025-12-16 09:15:37,294 INFO [root] [4] Received READY message from 24
2025-12-16 09:15:37,294 INFO [root] [4] Received READY message from 26
2025-12-16 09:15:37,294 INFO [root] Decoding output for roothash: b'\xa5\xf1\xeco>\x08\xf8\x85\t\xa7\xc9a\xcc\x927wgo\xc7Rm\xa0\x9d\x92\xb6\t\x16.\x07\xe7\xdb\xbf'
2025-12-16 09:15:37,294 INFO [root] [3] Received RBC message
2025-12-16 09:15:37,294 INFO [root] multicast list: [24, 25, 26, 27]
2025-12-16 09:15:37,294 INFO [root] before avid.retrieve
2025-12-16 09:15:37,294 INFO [root] AVID broadcast to 1: 24
2025-12-16 09:15:37,294 INFO [root] AVID broadcast to 2: 25
2025-12-16 09:15:37,294 INFO [root] AVID broadcast to 3: 26
2025-12-16 09:15:37,294 INFO [root] AVID broadcast to 4: 27
2025-12-16 09:15:37,294 INFO [root] AVID broadcast to 1: 24
2025-12-16 09:15:37,294 INFO [root] AVID broadcast to 2: 25
2025-12-16 09:15:37,294 INFO [root] AVID broadcast to 3: 26
2025-12-16 09:15:37,294 INFO [root] AVID broadcast to 4: 27
2025-12-16 09:15:37,294 INFO [root] disperse msid: 0-0-6-B-AVSS, index: 1
2025-12-16 09:15:37,294 INFO [root] AVID retrieve called with sid: 0-0-6-B-AVID, index: 1
2025-12-16 09:15:37,294 INFO [root] disperse msid: 0-0-6-B-AVSS, index: 0
2025-12-16 09:15:37,294 INFO [root] AVID retrieve called with sid: 0-0-6-B-AVID, index: 0
2025-12-16 09:15:37,294 INFO [root] disperse msid: 0-0-6-B-AVSS, index: 2
2025-12-16 09:15:37,294 INFO [root] AVID retrieve called with sid: 0-0-6-B-AVID, index: 2
2025-12-16 09:15:37,294 INFO [root] AVID broadcast to 1: 24
2025-12-16 09:15:37,294 INFO [root] AVID broadcast to 2: 25
2025-12-16 09:15:37,294 INFO [root] AVID broadcast to 3: 26
2025-12-16 09:15:37,294 INFO [root] AVID broadcast to 4: 27
2025-12-16 09:15:37,294 INFO [root] AVID broadcast to 1: 24
2025-12-16 09:15:37,294 INFO [root] AVID broadcast to 2: 25
2025-12-16 09:15:37,294 INFO [root] AVID broadcast to 3: 26
2025-12-16 09:15:37,294 INFO [root] AVID broadcast to 4: 27
2025-12-16 09:15:37,294 INFO [root] disperse msid: 1-0-6-B-AVSS, index: 1
2025-12-16 09:15:37,294 INFO [root] AVID retrieve called with sid: 1-0-6-B-AVID, index: 1
2025-12-16 09:15:37,294 INFO [root] disperse msid: 1-0-6-B-AVSS, index: 0
2025-12-16 09:15:37,294 INFO [root] AVID retrieve called with sid: 1-0-6-B-AVID, index: 0
2025-12-16 09:15:37,294 INFO [root] disperse msid: 1-0-6-B-AVSS, index: 2
2025-12-16 09:15:37,294 INFO [root] AVID retrieve called with sid: 1-0-6-B-AVID, index: 2
2025-12-16 09:15:37,295 INFO [root] AVID broadcast to 1: 24
2025-12-16 09:15:37,295 INFO [root] AVID broadcast to 2: 25
2025-12-16 09:15:37,295 INFO [root] AVID broadcast to 3: 26
2025-12-16 09:15:37,295 INFO [root] AVID broadcast to 4: 27
2025-12-16 09:15:37,295 INFO [root] AVID broadcast to 1: 24
2025-12-16 09:15:37,295 INFO [root] AVID broadcast to 2: 25
2025-12-16 09:15:37,295 INFO [root] AVID broadcast to 3: 26
2025-12-16 09:15:37,295 INFO [root] AVID broadcast to 4: 27
2025-12-16 09:15:37,295 INFO [root] disperse msid: 2-0-6-B-AVSS, index: 1
2025-12-16 09:15:37,295 INFO [root] AVID retrieve called with sid: 2-0-6-B-AVID, index: 1
2025-12-16 09:15:37,295 INFO [root] disperse msid: 2-0-6-B-AVSS, index: 0
2025-12-16 09:15:37,295 INFO [root] AVID retrieve called with sid: 2-0-6-B-AVID, index: 0
2025-12-16 09:15:37,295 INFO [root] disperse msid: 2-0-6-B-AVSS, index: 2
2025-12-16 09:15:37,295 INFO [root] AVID retrieve called with sid: 2-0-6-B-AVID, index: 2
2025-12-16 09:15:37,295 INFO [root] AVID broadcast to 1: 24
2025-12-16 09:15:37,295 INFO [root] AVID broadcast to 2: 25
2025-12-16 09:15:37,295 INFO [root] AVID broadcast to 3: 26
2025-12-16 09:15:37,295 INFO [root] AVID broadcast to 4: 27
2025-12-16 09:15:37,295 INFO [root] AVID broadcast to 1: 24
2025-12-16 09:15:37,295 INFO [root] AVID broadcast to 2: 25
2025-12-16 09:15:37,295 INFO [root] AVID broadcast to 3: 26
2025-12-16 09:15:37,295 INFO [root] AVID broadcast to 4: 27
2025-12-16 09:15:37,295 INFO [root] disperse msid: 3-0-6-B-AVSS, index: 1
2025-12-16 09:15:37,295 INFO [root] AVID retrieve called with sid: 3-0-6-B-AVID, index: 1
2025-12-16 09:15:37,295 INFO [root] disperse msid: 3-0-6-B-AVSS, index: 0
2025-12-16 09:15:37,295 INFO [root] AVID retrieve called with sid: 3-0-6-B-AVID, index: 0
2025-12-16 09:15:37,295 INFO [root] disperse msid: 3-0-6-B-AVSS, index: 2
2025-12-16 09:15:37,295 INFO [root] AVID retrieve called with sid: 3-0-6-B-AVID, index: 2
2025-12-16 09:15:37,295 INFO [root] 0-0-6-B-AVSS 3 RETRIEVE called.
2025-12-16 09:15:37,295 INFO [root] AVID broadcast to 1: 24
2025-12-16 09:15:37,295 INFO [root] AVID broadcast to 2: 25
2025-12-16 09:15:37,295 INFO [root] AVID broadcast to 3: 26
2025-12-16 09:15:37,295 INFO [root] AVID broadcast to 4: 27
2025-12-16 09:15:37,295 INFO [root] 0-0-6-B-AVSS 3 RETRIEVE broadcasted.
2025-12-16 09:15:37,295 INFO [root] 1-0-6-B-AVSS 3 RETRIEVE called.
2025-12-16 09:15:37,295 INFO [root] AVID broadcast to 1: 24
2025-12-16 09:15:37,295 INFO [root] AVID broadcast to 2: 25
2025-12-16 09:15:37,295 INFO [root] AVID broadcast to 3: 26
2025-12-16 09:15:37,295 INFO [root] AVID broadcast to 4: 27
2025-12-16 09:15:37,295 INFO [root] 1-0-6-B-AVSS 3 RETRIEVE broadcasted.
2025-12-16 09:15:37,295 INFO [root] 2-0-6-B-AVSS 3 RETRIEVE called.
2025-12-16 09:15:37,295 INFO [root] AVID broadcast to 1: 24
2025-12-16 09:15:37,295 INFO [root] AVID broadcast to 2: 25
2025-12-16 09:15:37,296 INFO [root] AVID broadcast to 3: 26
2025-12-16 09:15:37,296 INFO [root] AVID broadcast to 4: 27
2025-12-16 09:15:37,296 INFO [root] 2-0-6-B-AVSS 3 RETRIEVE broadcasted.
2025-12-16 09:15:37,296 INFO [root] 3-0-6-B-AVSS 3 RETRIEVE called.
2025-12-16 09:15:37,296 INFO [root] AVID broadcast to 1: 24
2025-12-16 09:15:37,296 INFO [root] AVID broadcast to 2: 25
2025-12-16 09:15:37,296 INFO [root] AVID broadcast to 3: 26
2025-12-16 09:15:37,296 INFO [root] AVID broadcast to 4: 27
2025-12-16 09:15:37,296 INFO [root] 3-0-6-B-AVSS 3 RETRIEVE broadcasted.
2025-12-16 09:15:37,296 INFO [root] disperse msid: 0-0-6-B-AVSS, index: 3
2025-12-16 09:15:37,296 INFO [root] AVID retrieve called with sid: 0-0-6-B-AVID, index: 3
2025-12-16 09:15:37,296 INFO [root] disperse msid: 1-0-6-B-AVSS, index: 3
2025-12-16 09:15:37,296 INFO [root] AVID retrieve called with sid: 1-0-6-B-AVID, index: 3
2025-12-16 09:15:37,296 INFO [root] disperse msid: 2-0-6-B-AVSS, index: 3
2025-12-16 09:15:37,296 INFO [root] AVID retrieve called with sid: 2-0-6-B-AVID, index: 3
2025-12-16 09:15:37,296 INFO [root] disperse msid: 3-0-6-B-AVSS, index: 3
2025-12-16 09:15:37,296 INFO [root] AVID retrieve called with sid: 3-0-6-B-AVID, index: 3
2025-12-16 09:15:37,296 INFO [root] 0-0-6-B-AVSS 3 AVID retrieve msg from 27
2025-12-16 09:15:37,296 INFO [root] AVID retrieve response received
2025-12-16 09:15:37,296 INFO [root] retrieve msid: 0-0-6-B-AVID, response_index: 3
2025-12-16 09:15:37,296 INFO [root] RESPONSE from 27
2025-12-16 09:15:37,296 INFO [root] sender self.committee_size: 3
2025-12-16 09:15:37,296 INFO [root] 1-0-6-B-AVSS 3 AVID retrieve msg from 27
2025-12-16 09:15:37,296 INFO [root] AVID retrieve response received
2025-12-16 09:15:37,296 INFO [root] retrieve msid: 1-0-6-B-AVID, response_index: 3
2025-12-16 09:15:37,296 INFO [root] RESPONSE from 27
2025-12-16 09:15:37,296 INFO [root] sender self.committee_size: 3
2025-12-16 09:15:37,296 INFO [root] 2-0-6-B-AVSS 3 AVID retrieve msg from 27
2025-12-16 09:15:37,296 INFO [root] AVID retrieve response received
2025-12-16 09:15:37,296 INFO [root] retrieve msid: 2-0-6-B-AVID, response_index: 3
2025-12-16 09:15:37,296 INFO [root] RESPONSE from 27
2025-12-16 09:15:37,296 INFO [root] sender self.committee_size: 3
2025-12-16 09:15:37,296 INFO [root] 3-0-6-B-AVSS 3 AVID retrieve msg from 27
2025-12-16 09:15:37,296 INFO [root] AVID retrieve response received
2025-12-16 09:15:37,296 INFO [root] retrieve msid: 3-0-6-B-AVID, response_index: 3
2025-12-16 09:15:37,296 INFO [root] RESPONSE from 27
2025-12-16 09:15:37,297 INFO [root] sender self.committee_size: 3
2025-12-16 09:15:37,535 INFO [root] 3-0-6-B-AVSS 3 AVID retrieve msg from 26
2025-12-16 09:15:37,535 INFO [root] AVID retrieve response received
2025-12-16 09:15:37,535 INFO [root] retrieve msid: 3-0-6-B-AVID, response_index: 3
2025-12-16 09:15:37,535 INFO [root] RESPONSE from 26
2025-12-16 09:15:37,535 INFO [root] sender self.committee_size: 2
2025-12-16 09:15:37,535 INFO [root] 3-0-6-B-AVSS 3 RETRIEVE complete.
2025-12-16 09:15:37,535 INFO [root] after avid.retrieve dispersal_msg
2025-12-16 09:15:37,535 INFO [root] Handling dealer messages for dealer_id: 3, tag: 3-0-6-B-AVSS
2025-12-16 09:15:37,537 INFO [beaver.hbacss] [PedersenCommit] invoking pyPedersenCommit...
num_generators 50
padded_num_generators 64
2025-12-16 09:15:37,571 INFO [beaver.hbacss] verifier_result_json: {"verified":true}
2025-12-16 09:15:37,574 INFO [root] inner product verified successfully
2025-12-16 09:15:37,584 INFO [root] shares verified successfully
2025-12-16 09:15:37,585 INFO [root] all_shares_valid: True
2025-12-16 09:15:37,585 INFO [root] after _handle_dealer_msgs, all_shares_valid
2025-12-16 09:15:37,585 INFO [root] self.tagvars[tag]['all_shares_valid']: True
2025-12-16 09:15:37,585 INFO [root] multicast to 24
2025-12-16 09:15:37,585 INFO [root] multicast to 25
2025-12-16 09:15:37,585 INFO [root] multicast to 26
2025-12-16 09:15:37,585 INFO [root] multicast to 27
2025-12-16 09:15:37,585 INFO [root] [3] Received OK from [26]
2025-12-16 09:15:37,585 INFO [root] [3] OK set: {26}
2025-12-16 09:15:37,585 INFO [root] output: True
2025-12-16 09:15:37,585 INFO [root] 0-0-6-B-AVSS 3 AVID retrieve msg from 26
2025-12-16 09:15:37,585 INFO [root] AVID retrieve response received
2025-12-16 09:15:37,585 INFO [root] retrieve msid: 0-0-6-B-AVID, response_index: 3
2025-12-16 09:15:37,585 INFO [root] RESPONSE from 26
2025-12-16 09:15:37,585 INFO [root] sender self.committee_size: 2
2025-12-16 09:15:37,585 INFO [root] 0-0-6-B-AVSS 3 RETRIEVE complete.
2025-12-16 09:15:37,585 INFO [root] after avid.retrieve dispersal_msg
2025-12-16 09:15:37,585 INFO [root] Handling dealer messages for dealer_id: 0, tag: 0-0-6-B-AVSS
2025-12-16 09:15:37,586 INFO [beaver.hbacss] [PedersenCommit] invoking pyPedersenCommit...
num_generators 50
padded_num_generators 64
2025-12-16 09:15:37,619 INFO [beaver.hbacss] verifier_result_json: {"verified":true}
2025-12-16 09:15:37,626 INFO [root] inner product verified successfully
2025-12-16 09:15:37,640 INFO [root] shares verified successfully
2025-12-16 09:15:37,640 INFO [root] all_shares_valid: True
2025-12-16 09:15:37,640 INFO [root] after _handle_dealer_msgs, all_shares_valid
2025-12-16 09:15:37,640 INFO [root] self.tagvars[tag]['all_shares_valid']: True
2025-12-16 09:15:37,640 INFO [root] multicast to 24
2025-12-16 09:15:37,640 INFO [root] multicast to 25
2025-12-16 09:15:37,640 INFO [root] multicast to 26
2025-12-16 09:15:37,640 INFO [root] multicast to 27
2025-12-16 09:15:37,640 INFO [root] [3] Received OK from [26]
2025-12-16 09:15:37,640 INFO [root] [3] OK set: {26}
2025-12-16 09:15:37,640 INFO [root] output: True
2025-12-16 09:15:37,640 INFO [root] 1-0-6-B-AVSS 3 AVID retrieve msg from 26
2025-12-16 09:15:37,640 INFO [root] AVID retrieve response received
2025-12-16 09:15:37,640 INFO [root] retrieve msid: 1-0-6-B-AVID, response_index: 3
2025-12-16 09:15:37,640 INFO [root] RESPONSE from 26
2025-12-16 09:15:37,640 INFO [root] sender self.committee_size: 2
2025-12-16 09:15:37,640 INFO [root] 1-0-6-B-AVSS 3 RETRIEVE complete.
2025-12-16 09:15:37,640 INFO [root] after avid.retrieve dispersal_msg
2025-12-16 09:15:37,640 INFO [root] Handling dealer messages for dealer_id: 1, tag: 1-0-6-B-AVSS
2025-12-16 09:15:37,642 INFO [beaver.hbacss] [PedersenCommit] invoking pyPedersenCommit...
num_generators 50
padded_num_generators 64
2025-12-16 09:15:37,675 INFO [beaver.hbacss] verifier_result_json: {"verified":true}
2025-12-16 09:15:37,680 INFO [root] inner product verified successfully
2025-12-16 09:15:37,694 INFO [root] shares verified successfully
2025-12-16 09:15:37,694 INFO [root] all_shares_valid: True
2025-12-16 09:15:37,694 INFO [root] after _handle_dealer_msgs, all_shares_valid
2025-12-16 09:15:37,694 INFO [root] self.tagvars[tag]['all_shares_valid']: True
2025-12-16 09:15:37,694 INFO [root] multicast to 24
2025-12-16 09:15:37,694 INFO [root] multicast to 25
2025-12-16 09:15:37,694 INFO [root] multicast to 26
2025-12-16 09:15:37,694 INFO [root] multicast to 27
2025-12-16 09:15:37,694 INFO [root] [3] Received OK from [26]
2025-12-16 09:15:37,694 INFO [root] [3] OK set: {26}
2025-12-16 09:15:37,694 INFO [root] output: True
2025-12-16 09:15:37,694 INFO [root] 2-0-6-B-AVSS 3 AVID retrieve msg from 26
2025-12-16 09:15:37,694 INFO [root] AVID retrieve response received
2025-12-16 09:15:37,694 INFO [root] retrieve msid: 2-0-6-B-AVID, response_index: 3
2025-12-16 09:15:37,694 INFO [root] RESPONSE from 26
2025-12-16 09:15:37,694 INFO [root] sender self.committee_size: 2
2025-12-16 09:15:37,694 INFO [root] 2-0-6-B-AVSS 3 RETRIEVE complete.
2025-12-16 09:15:37,694 INFO [root] after avid.retrieve dispersal_msg
2025-12-16 09:15:37,694 INFO [root] Handling dealer messages for dealer_id: 2, tag: 2-0-6-B-AVSS
2025-12-16 09:15:37,695 INFO [beaver.hbacss] [PedersenCommit] invoking pyPedersenCommit...
num_generators 50
padded_num_generators 64
2025-12-16 09:15:37,754 INFO [beaver.hbacss] verifier_result_json: {"verified":true}
2025-12-16 09:15:37,768 INFO [root] inner product verified successfully
2025-12-16 09:15:37,793 INFO [root] shares verified successfully
2025-12-16 09:15:37,793 INFO [root] all_shares_valid: True
2025-12-16 09:15:37,793 INFO [root] after _handle_dealer_msgs, all_shares_valid
2025-12-16 09:15:37,793 INFO [root] self.tagvars[tag]['all_shares_valid']: True
2025-12-16 09:15:37,793 INFO [root] multicast to 24
2025-12-16 09:15:37,793 INFO [root] multicast to 25
2025-12-16 09:15:37,793 INFO [root] multicast to 26
2025-12-16 09:15:37,793 INFO [root] multicast to 27
2025-12-16 09:15:37,793 INFO [root] [3] Received OK from [26]
2025-12-16 09:15:37,793 INFO [root] [3] OK set: {26}
2025-12-16 09:15:37,793 INFO [root] output: True
2025-12-16 09:15:37,794 INFO [root] key_proposal: [3, 0, 1, 2]
2025-12-16 09:15:37,794 INFO [beaver.batch_multiplication] [3] [random shares] Starting ACS where node 1 is set as leader 
2025-12-16 09:15:37,794 INFO [beaver.batch_multiplication] [3] [random shares] The proposal of node 3 is [3, 0, 1, 2]
2025-12-16 09:15:37,794 INFO [root] enter handle_message
2025-12-16 09:15:37,795 INFO [root] [3] Received OK from [27]
2025-12-16 09:15:37,795 INFO [root] [3] OK set: {26, 27}
2025-12-16 09:15:37,795 INFO [root] output: True
2025-12-16 09:15:37,795 INFO [root] [3] Received OK from [27]
2025-12-16 09:15:37,795 INFO [root] [3] OK set: {26, 27}
2025-12-16 09:15:37,795 INFO [root] output: True
2025-12-16 09:15:37,795 INFO [root] [3] Received OK from [27]
2025-12-16 09:15:37,795 INFO [root] [3] OK set: {26, 27}
2025-12-16 09:15:37,795 INFO [root] output: True
2025-12-16 09:15:37,795 INFO [root] [3] Received OK from [27]
2025-12-16 09:15:37,795 INFO [root] [3] OK set: {26, 27}
2025-12-16 09:15:37,795 INFO [root] output: True
2025-12-16 09:15:37,795 INFO [root] [3] Received OK from [25]
2025-12-16 09:15:37,795 INFO [root] [3] OK set: {25, 26, 27}
2025-12-16 09:15:37,795 INFO [root] output: True
2025-12-16 09:15:37,795 INFO [root] [3] Received OK from [24]
2025-12-16 09:15:37,795 INFO [root] [3] OK set: {24, 25, 26, 27}
2025-12-16 09:15:37,795 INFO [root] output: True
2025-12-16 09:15:37,795 INFO [root] [3] exit
2025-12-16 09:15:37,795 INFO [root] [3] Received OK from [25]
2025-12-16 09:15:37,795 INFO [root] [3] OK set: {25, 26, 27}
2025-12-16 09:15:37,795 INFO [root] output: True
2025-12-16 09:15:37,795 INFO [root] [3] Received OK from [24]
2025-12-16 09:15:37,795 INFO [root] [3] OK set: {24, 25, 26, 27}
2025-12-16 09:15:37,795 INFO [root] output: True
2025-12-16 09:15:37,795 INFO [root] [3] exit
2025-12-16 09:15:37,795 INFO [root] [3] Received OK from [25]
2025-12-16 09:15:37,795 INFO [root] [3] OK set: {25, 26, 27}
2025-12-16 09:15:37,795 INFO [root] output: True
2025-12-16 09:15:37,795 INFO [root] [3] Received OK from [24]
2025-12-16 09:15:37,795 INFO [root] [3] OK set: {24, 25, 26, 27}
2025-12-16 09:15:37,795 INFO [root] output: True
2025-12-16 09:15:37,795 INFO [root] [3] exit
2025-12-16 09:15:37,795 INFO [root] [3] Received OK from [25]
2025-12-16 09:15:37,795 INFO [root] [3] OK set: {25, 26, 27}
2025-12-16 09:15:37,795 INFO [root] output: True
2025-12-16 09:15:37,795 INFO [root] [3] Received OK from [24]
2025-12-16 09:15:37,795 INFO [root] [3] OK set: {24, 25, 26, 27}
2025-12-16 09:15:37,795 INFO [root] output: True
2025-12-16 09:15:37,795 INFO [root] [3] exit
2025-12-16 09:15:37,795 INFO [root] [3] otmvba msg Terminate
2025-12-16 09:15:37,795 INFO [root] [3] otmvba handle terminate message
2025-12-16 09:15:37,801 INFO [root] [3] otmvba Broadcasting to 24
2025-12-16 09:15:37,801 INFO [root] [3] otmvba Broadcasting to 25
2025-12-16 09:15:37,801 INFO [root] [3] otmvba Broadcasting to 26
2025-12-16 09:15:37,801 INFO [root] [3] otmvba Broadcasting to 27
2025-12-16 09:15:37,801 INFO [beaver.batch_multiplication] [3] [random shares] The ACS set is [0, 1, 2, 3]
2025-12-16 09:15:37,801 INFO [root] common: [0, 1, 2, 3]
2025-12-16 09:15:37,832 INFO [beaver.batch_multiplication] [3] [asynchronous batch multiplication] Finished! Node 3, total number: 25, time: 0.5421428680419922 (seconds)
2025-12-16 09:15:37,832 INFO [root] layer ID: 6 mul_foll_time: 0.5427553653717041
2025-12-16 09:15:37,832 INFO [root] layer ID: 6 trusted_verification_time: 8.426265716552734
2025-12-16 09:15:37,834 INFO [root] layer ID: 6 add_outputs length: 50
2025-12-16 09:15:37,834 INFO [root] layer ID: 6 exec_time: 0.002064228057861328
2025-12-16 09:15:37,835 INFO [beaver.transfer] [3] Starting DynamicTransfer
2025-12-16 09:15:37,835 INFO [beaver.transfer] [3] Starting ACSS to share 25 secrets
2025-12-16 09:15:37,835 INFO [root] [3] [asynchronous dynamic transfer] Layer ID: 6
2025-12-16 09:15:37,835 INFO [root] public_keys: [{'X': '294781953633316071281599359021573653195307678327240256641493727499684589948924651427669997120546838200826903811447', 'Y': '3915008438383347325006876983734007596759866739402440789219867370929249018474216488688458185170025834205377757034617'}, {'X': '2720226693717834285623902094914624288535011733754734163637537138566499875179685495040065397121165548852680678453893', 'Y': '2636859863869132639142857899398331691253211265899027254501992473982172075857518056147329644275529379334786116084954'}, {'X': '1451693893173418440636198705618704479200489508793674339940784455311687498136732660569861044829532358855073861862417', 'Y': '288490477499062196777040421619173506585396841491552967567863023214969132573696642724269399503015165618999522564417'}, {'X': '121887609448903759460539338840724905660742856317275774855550572813955206298809149270443026161435233272851003553953', 'Y': '2516348077230727021115332422791514474166123047513803744233933875639064934802159566953017807454900363856042220108913'}]
2025-12-16 09:15:37,835 INFO [root] layer ID: 6 trans_pre_time: 0.0006124973297119141
2025-12-16 09:15:37,835 INFO [root] [3] AVSS tag: 3-0-7-B-AVSS
2025-12-16 09:15:37,835 INFO [root] [3] RBC tag: 3-0-7-B-RBC
2025-12-16 09:15:37,835 INFO [root] enter avss_with_aggtransfer
g = {[6679831729115696150 8653662730902241269 1535610680227111361 17342916647841752903 17135755455211762752 1297449291367578485] [13451288730302620273 10097742279870053774 15949884091978425806 5885175747529691540 1016841820992199104 845620083434234474]}
h = {[13794385998538644597 108816626937764141 12130603454454490125 6127379912259600201 17481961476035825978 950355161936836191] [10722765800778186391 17107915684035394744 11626309118465119103 5217919199071354366 6102759180633827794 660535627654889709]}
Equal? false
2025-12-16 09:15:38,089 INFO [root] [3] Starting reliable broadcast
2025-12-16 09:15:38,089 INFO [root] self.msgmode: avss_with_aggtransfer
2025-12-16 09:15:38,089 INFO [beaver.batch_multiplication] [3] Starting BatchMultiplication
num_generators 50
2025-12-16 09:15:38,276 INFO [beaver.batch_multiplication] Proof hex length: 9288
2025-12-16 09:15:38,276 INFO [beaver.batch_multiplication] Proof size (bytes): 4644
2025-12-16 09:15:38,276 INFO [beaver.batch_multiplication] Proof size (strict bytes): 4644
2025-12-16 09:15:38,276 INFO [beaver.batch_multiplication] [3] Starting ACSS to evaluate 25 multiplication gates
2025-12-16 09:15:38,276 INFO [root] rbc_list: [27, 28, 29, 30, 31]
2025-12-16 09:15:38,276 INFO [root] committee_size: 4
2025-12-16 09:15:38,276 INFO [root] n: 5
2025-12-16 09:15:38,276 INFO [root] f: 1
2025-12-16 09:15:38,276 INFO [root] pid: 3
2025-12-16 09:15:38,276 INFO [root] leader: 3
2025-12-16 09:15:38,276 INFO [root] [3] Sending to 0: 28
2025-12-16 09:15:38,276 INFO [root] [3] Sending to 1: 29
2025-12-16 09:15:38,276 INFO [root] [3] Sending to 2: 30
2025-12-16 09:15:38,276 INFO [root] [3] Sending to 3: 31
2025-12-16 09:15:38,276 INFO [root] [3] Starting AVID disperse
2025-12-16 09:15:38,276 INFO [root] public_keys: [{'X': '294781953633316071281599359021573653195307678327240256641493727499684589948924651427669997120546838200826903811447', 'Y': '3915008438383347325006876983734007596759866739402440789219867370929249018474216488688458185170025834205377757034617'}, {'X': '2720226693717834285623902094914624288535011733754734163637537138566499875179685495040065397121165548852680678453893', 'Y': '2636859863869132639142857899398331691253211265899027254501992473982172075857518056147329644275529379334786116084954'}, {'X': '1451693893173418440636198705618704479200489508793674339940784455311687498136732660569861044829532358855073861862417', 'Y': '288490477499062196777040421619173506585396841491552967567863023214969132573696642724269399503015165618999522564417'}, {'X': '121887609448903759460539338840724905660742856317275774855550572813955206298809149270443026161435233272851003553953', 'Y': '2516348077230727021115332422791514474166123047513803744233933875639064934802159566953017807454900363856042220108913'}]
2025-12-16 09:15:38,276 INFO [root] layer ID: 6 mul_pre_time: 0.44139623641967773
2025-12-16 09:15:38,276 INFO [root] layer ID: 6 layer_time: 8.870473146438599
2025-12-16 09:15:38,278 INFO [root] [3] Dispersed VAL message to committee
2025-12-16 09:15:38,278 INFO [root] [3] AVSS tag: 3-0-7-B-AVSS
2025-12-16 09:15:38,278 INFO [root] [3] RBC tag: 3-0-7-B-RBC
g = {[6679831729115696150 8653662730902241269 1535610680227111361 17342916647841752903 17135755455211762752 1297449291367578485] [13451288730302620273 10097742279870053774 15949884091978425806 5885175747529691540 1016841820992199104 845620083434234474]}
h = {[13794385998538644597 108816626937764141 12130603454454490125 6127379912259600201 17481961476035825978 950355161936836191] [10722765800778186391 17107915684035394744 11626309118465119103 5217919199071354366 6102759180633827794 660535627654889709]}
Equal? false
2025-12-16 09:15:38,623 INFO [root] [3] Starting reliable broadcast
2025-12-16 09:15:38,624 INFO [root] self.msgmode: avss_with_aggbatch_multiplication
2025-12-16 09:15:38,624 INFO [root] rbc_list: [27, 28, 29, 30, 31]
2025-12-16 09:15:38,624 INFO [root] committee_size: 4
2025-12-16 09:15:38,624 INFO [root] n: 5
2025-12-16 09:15:38,624 INFO [root] f: 1
2025-12-16 09:15:38,624 INFO [root] pid: 3
2025-12-16 09:15:38,624 INFO [root] leader: 3
2025-12-16 09:15:38,624 INFO [root] [3] Sending to 0: 28
2025-12-16 09:15:38,624 INFO [root] [3] Sending to 1: 29
2025-12-16 09:15:38,624 INFO [root] [3] Sending to 2: 30
2025-12-16 09:15:38,624 INFO [root] [3] Sending to 3: 31
2025-12-16 09:15:38,624 INFO [root] [3] Starting AVID disperse
2025-12-16 09:15:38,626 INFO [root] [3] Dispersed VAL message to committee
2025-12-16 09:15:48,281 INFO [root] [3] Bytes Sent: TR6:302949 which is 14.716%
2025-12-16 09:15:48,281 INFO [root] [3] Bytes Sent: M6:652152 which is 31.68%
2025-12-16 09:15:48,281 INFO [root] [3] Bytes Sent: TR7:318532 which is 15.473%
2025-12-16 09:15:48,281 INFO [root] [3] Bytes Sent: M7:784944 which is 38.13%
2025-12-16 09:15:48,281 INFO [root] [3] Total bytes sent out aa: 2058577
2025-12-16 09:15:48,286 INFO [benchmark_logger] Total bytes sent out: 2058577
my_send_id: 27 exec_time: 13.873539209365845
2025-12-16 09:15:48,302 ERROR [asyncio] Task was destroyed but it is pending!
task: <Task pending name='Task-51' coro=<subscribe_recv.<locals>._recv_loop() running at /opt/dumbo-mpc/dumbo-mpc/AsyRanTriGen/beaver/utils/misc.py:89> wait_for=<Future pending cb=[<TaskWakeupMethWrapper object at 0xffff66fa8d00>()]>>
Exception ignored in: <coroutine object subscribe_recv.<locals>._recv_loop at 0xffff66fd6f40>
Traceback (most recent call last):
  File "/opt/dumbo-mpc/dumbo-mpc/AsyRanTriGen/beaver/utils/misc.py", line 89, in _recv_loop
    j, (tag, o) = await recv()
  File "/usr/lib/python3.8/asyncio/queues.py", line 165, in get
    getter.cancel()  # Just in case getter is not done yet.
  File "uvloop/loop.pyx", line 1281, in uvloop.loop.Loop.call_soon
  File "uvloop/loop.pyx", line 669, in uvloop.loop.Loop._call_soon
  File "uvloop/loop.pyx", line 678, in uvloop.loop.Loop._call_soon_handle
  File "uvloop/loop.pyx", line 673, in uvloop.loop.Loop._append_ready_handle
  File "uvloop/loop.pyx", line 705, in uvloop.loop.Loop._check_closed
RuntimeError: Event loop is closed
2025-12-16 09:15:48,303 ERROR [asyncio] Task was destroyed but it is pending!
task: <Task pending name='Task-53' coro=<subscribe_recv.<locals>._recv_loop() running at /opt/dumbo-mpc/dumbo-mpc/AsyRanTriGen/beaver/utils/misc.py:89> wait_for=<Future pending cb=[<TaskWakeupMethWrapper object at 0xffff66ffbb50>()]>>
2025-12-16 09:15:48,303 ERROR [asyncio] Task was destroyed but it is pending!
task: <Task pending name='Task-55' coro=<subscribe_recv.<locals>._recv_loop() running at /opt/dumbo-mpc/dumbo-mpc/AsyRanTriGen/beaver/utils/misc.py:89> wait_for=<Future pending cb=[<TaskWakeupMethWrapper object at 0xffff66ffb430>()]>>
Exception ignored in: <coroutine object subscribe_recv.<locals>._recv_loop at 0xffff66ff4440>
Traceback (most recent call last):
  File "/opt/dumbo-mpc/dumbo-mpc/AsyRanTriGen/beaver/utils/misc.py", line 89, in _recv_loop
    j, (tag, o) = await recv()
  File "/usr/lib/python3.8/asyncio/queues.py", line 165, in get
    getter.cancel()  # Just in case getter is not done yet.
  File "uvloop/loop.pyx", line 1281, in uvloop.loop.Loop.call_soon
  File "uvloop/loop.pyx", line 669, in uvloop.loop.Loop._call_soon
  File "uvloop/loop.pyx", line 678, in uvloop.loop.Loop._call_soon_handle
  File "uvloop/loop.pyx", line 673, in uvloop.loop.Loop._append_ready_handle
  File "uvloop/loop.pyx", line 705, in uvloop.loop.Loop._check_closed
RuntimeError: Event loop is closed
Exception ignored in: <coroutine object subscribe_recv.<locals>._recv_loop at 0xffff66ff43c0>
Traceback (most recent call last):
  File "/opt/dumbo-mpc/dumbo-mpc/AsyRanTriGen/beaver/utils/misc.py", line 89, in _recv_loop
    j, (tag, o) = await recv()
  File "/usr/lib/python3.8/asyncio/queues.py", line 165, in get
    getter.cancel()  # Just in case getter is not done yet.
  File "uvloop/loop.pyx", line 1281, in uvloop.loop.Loop.call_soon
  File "uvloop/loop.pyx", line 669, in uvloop.loop.Loop._call_soon
  File "uvloop/loop.pyx", line 678, in uvloop.loop.Loop._call_soon_handle
  File "uvloop/loop.pyx", line 673, in uvloop.loop.Loop._append_ready_handle
  File "uvloop/loop.pyx", line 705, in uvloop.loop.Loop._check_closed
RuntimeError: Event loop is closed
2025-12-16 09:15:48,303 ERROR [asyncio] Task was destroyed but it is pending!
task: <Task pending name='Task-63' coro=<ACSS_Foll._recv_loop() running at /opt/dumbo-mpc/dumbo-mpc/AsyRanTriGen/beaver/hbacss.py:3705> wait_for=<Future pending cb=[<TaskWakeupMethWrapper object at 0xffff66ffbb80>()]>>
2025-12-16 09:15:48,303 ERROR [asyncio] Task was destroyed but it is pending!
task: <Task pending name='Task-64' coro=<subscribe_recv.<locals>._recv_loop() running at /opt/dumbo-mpc/dumbo-mpc/AsyRanTriGen/beaver/utils/misc.py:89> wait_for=<Future pending cb=[<TaskWakeupMethWrapper object at 0xffff66fbb040>()]>>
Exception ignored in: <coroutine object ACSS_Foll._recv_loop at 0xffff66ff4cc0>
Traceback (most recent call last):
  File "/opt/dumbo-mpc/dumbo-mpc/AsyRanTriGen/beaver/hbacss.py", line 3705, in _recv_loop
    await avid.disperse(tag, self.my_id+1, dispersal_msg_list)
  File "/opt/dumbo-mpc/dumbo-mpc/AsyRanTriGen/beaver/broadcast/avid.py", line 461, in disperse
    sender, msg = await self.recv()
  File "/usr/lib/python3.8/asyncio/queues.py", line 165, in get
    getter.cancel()  # Just in case getter is not done yet.
  File "uvloop/loop.pyx", line 1281, in uvloop.loop.Loop.call_soon
  File "uvloop/loop.pyx", line 669, in uvloop.loop.Loop._call_soon
  File "uvloop/loop.pyx", line 678, in uvloop.loop.Loop._call_soon_handle
  File "uvloop/loop.pyx", line 673, in uvloop.loop.Loop._append_ready_handle
  File "uvloop/loop.pyx", line 705, in uvloop.loop.Loop._check_closed
RuntimeError: Event loop is closed
2025-12-16 09:15:48,304 ERROR [asyncio] Task was destroyed but it is pending!
task: <Task pending name='Task-61' coro=<ACSS_Foll._recv_loop() running at /opt/dumbo-mpc/dumbo-mpc/AsyRanTriGen/beaver/hbacss.py:3705> wait_for=<Future pending cb=[<TaskWakeupMethWrapper object at 0xffff66ff3e20>()]>>
2025-12-16 09:15:48,304 ERROR [asyncio] Task was destroyed but it is pending!
task: <Task pending name='Task-60' coro=<ACSS_Foll._recv_loop() running at /opt/dumbo-mpc/dumbo-mpc/AsyRanTriGen/beaver/hbacss.py:3705> wait_for=<Future pending cb=[<TaskWakeupMethWrapper object at 0xffff66ffb8b0>()]>>
Exception ignored in: <coroutine object subscribe_recv.<locals>._recv_loop at 0xffff66ffa940>
Traceback (most recent call last):
  File "/opt/dumbo-mpc/dumbo-mpc/AsyRanTriGen/beaver/utils/misc.py", line 89, in _recv_loop
    j, (tag, o) = await recv()
  File "/usr/lib/python3.8/asyncio/queues.py", line 165, in get
    getter.cancel()  # Just in case getter is not done yet.
  File "uvloop/loop.pyx", line 1281, in uvloop.loop.Loop.call_soon
  File "uvloop/loop.pyx", line 669, in uvloop.loop.Loop._call_soon
  File "uvloop/loop.pyx", line 678, in uvloop.loop.Loop._call_soon_handle
  File "uvloop/loop.pyx", line 673, in uvloop.loop.Loop._append_ready_handle
  File "uvloop/loop.pyx", line 705, in uvloop.loop.Loop._check_closed
RuntimeError: Event loop is closed
2025-12-16 09:15:48,305 ERROR [asyncio] Task was destroyed but it is pending!
task: <Task pending name='Task-62' coro=<ACSS_Foll._recv_loop() running at /opt/dumbo-mpc/dumbo-mpc/AsyRanTriGen/beaver/hbacss.py:3705> wait_for=<Future pending cb=[<TaskWakeupMethWrapper object at 0xffff66f89b80>()]>>
Exception ignored in: <coroutine object ACSS_Foll._recv_loop at 0xffff66fedbc0>
Traceback (most recent call last):
  File "/opt/dumbo-mpc/dumbo-mpc/AsyRanTriGen/beaver/hbacss.py", line 3705, in _recv_loop
    await avid.disperse(tag, self.my_id+1, dispersal_msg_list)
  File "/opt/dumbo-mpc/dumbo-mpc/AsyRanTriGen/beaver/broadcast/avid.py", line 461, in disperse
    sender, msg = await self.recv()
  File "/usr/lib/python3.8/asyncio/queues.py", line 165, in get
    getter.cancel()  # Just in case getter is not done yet.
  File "uvloop/loop.pyx", line 1281, in uvloop.loop.Loop.call_soon
  File "uvloop/loop.pyx", line 669, in uvloop.loop.Loop._call_soon
  File "uvloop/loop.pyx", line 678, in uvloop.loop.Loop._call_soon_handle
  File "uvloop/loop.pyx", line 673, in uvloop.loop.Loop._append_ready_handle
  File "uvloop/loop.pyx", line 705, in uvloop.loop.Loop._check_closed
RuntimeError: Event loop is closed
Exception ignored in: <coroutine object ACSS_Foll._recv_loop at 0xffff66ff4e40>
Traceback (most recent call last):
  File "/opt/dumbo-mpc/dumbo-mpc/AsyRanTriGen/beaver/hbacss.py", line 3705, in _recv_loop
    await avid.disperse(tag, self.my_id+1, dispersal_msg_list)
  File "/opt/dumbo-mpc/dumbo-mpc/AsyRanTriGen/beaver/broadcast/avid.py", line 461, in disperse
    sender, msg = await self.recv()
  File "/usr/lib/python3.8/asyncio/queues.py", line 165, in get
    getter.cancel()  # Just in case getter is not done yet.
  File "uvloop/loop.pyx", line 1281, in uvloop.loop.Loop.call_soon
  File "uvloop/loop.pyx", line 669, in uvloop.loop.Loop._call_soon
  File "uvloop/loop.pyx", line 678, in uvloop.loop.Loop._call_soon_handle
  File "uvloop/loop.pyx", line 673, in uvloop.loop.Loop._append_ready_handle
  File "uvloop/loop.pyx", line 705, in uvloop.loop.Loop._check_closed
RuntimeError: Event loop is closed
Exception ignored in: <coroutine object ACSS_Foll._recv_loop at 0xffff66ff47c0>
Traceback (most recent call last):
  File "/opt/dumbo-mpc/dumbo-mpc/AsyRanTriGen/beaver/hbacss.py", line 3705, in _recv_loop
    await avid.disperse(tag, self.my_id+1, dispersal_msg_list)
  File "/opt/dumbo-mpc/dumbo-mpc/AsyRanTriGen/beaver/broadcast/avid.py", line 461, in disperse
    sender, msg = await self.recv()
  File "/usr/lib/python3.8/asyncio/queues.py", line 165, in get
    getter.cancel()  # Just in case getter is not done yet.
  File "uvloop/loop.pyx", line 1281, in uvloop.loop.Loop.call_soon
  File "uvloop/loop.pyx", line 669, in uvloop.loop.Loop._call_soon
  File "uvloop/loop.pyx", line 678, in uvloop.loop.Loop._call_soon_handle
  File "uvloop/loop.pyx", line 673, in uvloop.loop.Loop._append_ready_handle
  File "uvloop/loop.pyx", line 705, in uvloop.loop.Loop._check_closed
RuntimeError: Event loop is closed
2025-12-16 09:15:48,308 ERROR [asyncio] Task was destroyed but it is pending!
task: <Task pending name='Task-65' coro=<OptimalCommonSet.fallback_timer() running at /opt/dumbo-mpc/dumbo-mpc/AsyRanTriGen/beaver/broadcast/otmvba_dyn.py:71> wait_for=<Future pending cb=[<TaskWakeupMethWrapper object at 0xffff66f89790>()]>>
2025-12-16 09:15:48,308 ERROR [asyncio] Task was destroyed but it is pending!
task: <Task pending name='Task-92' coro=<rbc_dyn() running at /opt/dumbo-mpc/dumbo-mpc/AsyRanTriGen/beaver/broadcast/reliablebroadcast.py:411> wait_for=<Future cancelled>>
Exception ignored in: <coroutine object rbc_dyn at 0xffff665606c0>
Traceback (most recent call last):
  File "/opt/dumbo-mpc/dumbo-mpc/AsyRanTriGen/beaver/broadcast/reliablebroadcast.py", line 411, in rbc_dyn
    sender, msg = await receive()
  File "/usr/lib/python3.8/asyncio/queues.py", line 165, in get
    getter.cancel()  # Just in case getter is not done yet.
  File "uvloop/loop.pyx", line 1281, in uvloop.loop.Loop.call_soon
  File "uvloop/loop.pyx", line 669, in uvloop.loop.Loop._call_soon
  File "uvloop/loop.pyx", line 678, in uvloop.loop.Loop._call_soon_handle
  File "uvloop/loop.pyx", line 673, in uvloop.loop.Loop._append_ready_handle
  File "uvloop/loop.pyx", line 705, in uvloop.loop.Loop._check_closed
RuntimeError: Event loop is closed
2025-12-16 09:15:48,308 ERROR [asyncio] Task was destroyed but it is pending!
task: <Task pending name='Task-94' coro=<AVID_DYNAMIC.disperse() running at /opt/dumbo-mpc/dumbo-mpc/AsyRanTriGen/beaver/broadcast/avid.py:461> wait_for=<Future cancelled>>
Exception ignored in: <coroutine object AVID_DYNAMIC.disperse at 0xffff665633c0>
Traceback (most recent call last):
  File "/opt/dumbo-mpc/dumbo-mpc/AsyRanTriGen/beaver/broadcast/avid.py", line 461, in disperse
    sender, msg = await self.recv()
  File "/usr/lib/python3.8/asyncio/queues.py", line 165, in get
    getter.cancel()  # Just in case getter is not done yet.
  File "uvloop/loop.pyx", line 1281, in uvloop.loop.Loop.call_soon
  File "uvloop/loop.pyx", line 669, in uvloop.loop.Loop._call_soon
  File "uvloop/loop.pyx", line 678, in uvloop.loop.Loop._call_soon_handle
  File "uvloop/loop.pyx", line 673, in uvloop.loop.Loop._append_ready_handle
  File "uvloop/loop.pyx", line 705, in uvloop.loop.Loop._check_closed
RuntimeError: Event loop is closed
2025-12-16 09:15:48,308 ERROR [asyncio] Task was destroyed but it is pending!
task: <Task pending name='Task-66' coro=<subscribe_recv.<locals>._recv_loop() running at /opt/dumbo-mpc/dumbo-mpc/AsyRanTriGen/beaver/utils/misc.py:89> wait_for=<Future pending cb=[<TaskWakeupMethWrapper object at 0xffff66fa8d30>()]>>
2025-12-16 09:15:48,308 ERROR [asyncio] Task was destroyed but it is pending!
task: <Task pending name='Task-68' coro=<subscribe_recv.<locals>._recv_loop() running at /opt/dumbo-mpc/dumbo-mpc/AsyRanTriGen/beaver/utils/misc.py:89> wait_for=<Future pending cb=[<TaskWakeupMethWrapper object at 0xffff66f89c10>()]>>
2025-12-16 09:15:48,308 ERROR [asyncio] Task was destroyed but it is pending!
task: <Task pending name='Task-74' coro=<ACSS_Foll._recv_loop() running at /opt/dumbo-mpc/dumbo-mpc/AsyRanTriGen/beaver/hbacss.py:3705> wait_for=<Future pending cb=[<TaskWakeupMethWrapper object at 0xffff66fa8610>()]>>
2025-12-16 09:15:48,308 ERROR [asyncio] Task was destroyed but it is pending!
task: <Task pending name='Task-76' coro=<ACSS_Foll._recv_loop() running at /opt/dumbo-mpc/dumbo-mpc/AsyRanTriGen/beaver/hbacss.py:3705> wait_for=<Future pending cb=[<TaskWakeupMethWrapper object at 0xffff66ffbca0>()]>>
Exception ignored in: <coroutine object ACSS_Foll._recv_loop at 0xffff66fa03c0>
Traceback (most recent call last):
  File "/opt/dumbo-mpc/dumbo-mpc/AsyRanTriGen/beaver/hbacss.py", line 3705, in _recv_loop
    await avid.disperse(tag, self.my_id+1, dispersal_msg_list)
  File "/opt/dumbo-mpc/dumbo-mpc/AsyRanTriGen/beaver/broadcast/avid.py", line 461, in disperse
    sender, msg = await self.recv()
ValueError: coroutine already executing
Exception ignored in: <coroutine object AVID_DYNAMIC.disperse at 0xffff66fa0440>
Traceback (most recent call last):
  File "/usr/lib/python3.8/asyncio/queues.py", line 165, in get
    getter.cancel()  # Just in case getter is not done yet.
  File "uvloop/loop.pyx", line 1281, in uvloop.loop.Loop.call_soon
  File "uvloop/loop.pyx", line 669, in uvloop.loop.Loop._call_soon
  File "uvloop/loop.pyx", line 678, in uvloop.loop.Loop._call_soon_handle
  File "uvloop/loop.pyx", line 673, in uvloop.loop.Loop._append_ready_handle
  File "uvloop/loop.pyx", line 705, in uvloop.loop.Loop._check_closed
RuntimeError: Event loop is closed
Exception ignored in: <coroutine object subscribe_recv.<locals>._recv_loop at 0xffff66ff4640>
Traceback (most recent call last):
  File "/opt/dumbo-mpc/dumbo-mpc/AsyRanTriGen/beaver/utils/misc.py", line 89, in _recv_loop
    j, (tag, o) = await recv()
  File "/usr/lib/python3.8/asyncio/queues.py", line 165, in get
    getter.cancel()  # Just in case getter is not done yet.
  File "uvloop/loop.pyx", line 1281, in uvloop.loop.Loop.call_soon
  File "uvloop/loop.pyx", line 669, in uvloop.loop.Loop._call_soon
  File "uvloop/loop.pyx", line 678, in uvloop.loop.Loop._call_soon_handle
  File "uvloop/loop.pyx", line 673, in uvloop.loop.Loop._append_ready_handle
  File "uvloop/loop.pyx", line 705, in uvloop.loop.Loop._check_closed
RuntimeError: Event loop is closed
Exception ignored in: <coroutine object subscribe_recv.<locals>._recv_loop at 0xffff66ff44c0>
Traceback (most recent call last):
  File "/opt/dumbo-mpc/dumbo-mpc/AsyRanTriGen/beaver/utils/misc.py", line 89, in _recv_loop
    j, (tag, o) = await recv()
  File "/usr/lib/python3.8/asyncio/queues.py", line 165, in get
    getter.cancel()  # Just in case getter is not done yet.
  File "uvloop/loop.pyx", line 1281, in uvloop.loop.Loop.call_soon
  File "uvloop/loop.pyx", line 669, in uvloop.loop.Loop._call_soon
  File "uvloop/loop.pyx", line 678, in uvloop.loop.Loop._call_soon_handle
  File "uvloop/loop.pyx", line 673, in uvloop.loop.Loop._append_ready_handle
  File "uvloop/loop.pyx", line 705, in uvloop.loop.Loop._check_closed
RuntimeError: Event loop is closed
Exception ignored in: <coroutine object ACSS_Foll._recv_loop at 0xffff66fa0740>
Traceback (most recent call last):
  File "/opt/dumbo-mpc/dumbo-mpc/AsyRanTriGen/beaver/hbacss.py", line 3705, in _recv_loop
    await avid.disperse(tag, self.my_id+1, dispersal_msg_list)
  File "/opt/dumbo-mpc/dumbo-mpc/AsyRanTriGen/beaver/broadcast/avid.py", line 461, in disperse
    sender, msg = await self.recv()
  File "/usr/lib/python3.8/asyncio/queues.py", line 165, in get
    getter.cancel()  # Just in case getter is not done yet.
  File "uvloop/loop.pyx", line 1281, in uvloop.loop.Loop.call_soon
  File "uvloop/loop.pyx", line 669, in uvloop.loop.Loop._call_soon
  File "uvloop/loop.pyx", line 678, in uvloop.loop.Loop._call_soon_handle
  File "uvloop/loop.pyx", line 673, in uvloop.loop.Loop._append_ready_handle
  File "uvloop/loop.pyx", line 705, in uvloop.loop.Loop._check_closed
RuntimeError: Event loop is closed
2025-12-16 09:15:48,310 ERROR [asyncio] Task was destroyed but it is pending!
task: <Task pending name='Task-75' coro=<ACSS_Foll._recv_loop() running at /opt/dumbo-mpc/dumbo-mpc/AsyRanTriGen/beaver/hbacss.py:3705> wait_for=<Future pending cb=[<TaskWakeupMethWrapper object at 0xffff66fa8760>()]>>
Exception ignored in: <coroutine object ACSS_Foll._recv_loop at 0xffff66fa04c0>
Traceback (most recent call last):
  File "/opt/dumbo-mpc/dumbo-mpc/AsyRanTriGen/beaver/hbacss.py", line 3705, in _recv_loop
    await avid.disperse(tag, self.my_id+1, dispersal_msg_list)
  File "/opt/dumbo-mpc/dumbo-mpc/AsyRanTriGen/beaver/broadcast/avid.py", line 461, in disperse
    sender, msg = await self.recv()
  File "/usr/lib/python3.8/asyncio/queues.py", line 165, in get
    getter.cancel()  # Just in case getter is not done yet.
  File "uvloop/loop.pyx", line 1281, in uvloop.loop.Loop.call_soon
  File "uvloop/loop.pyx", line 669, in uvloop.loop.Loop._call_soon
  File "uvloop/loop.pyx", line 678, in uvloop.loop.Loop._call_soon_handle
  File "uvloop/loop.pyx", line 673, in uvloop.loop.Loop._append_ready_handle
  File "uvloop/loop.pyx", line 705, in uvloop.loop.Loop._check_closed
RuntimeError: Event loop is closed
2025-12-16 09:15:48,311 ERROR [asyncio] Task was destroyed but it is pending!
task: <Task pending name='Task-73' coro=<ACSS_Foll._recv_loop() running at /opt/dumbo-mpc/dumbo-mpc/AsyRanTriGen/beaver/hbacss.py:3705> wait_for=<Future pending cb=[<TaskWakeupMethWrapper object at 0xffff66f89c40>()]>>
Exception ignored in: <coroutine object ACSS_Foll._recv_loop at 0xffff66ffa5c0>
Traceback (most recent call last):
  File "/opt/dumbo-mpc/dumbo-mpc/AsyRanTriGen/beaver/hbacss.py", line 3705, in _recv_loop
    await avid.disperse(tag, self.my_id+1, dispersal_msg_list)
  File "/opt/dumbo-mpc/dumbo-mpc/AsyRanTriGen/beaver/broadcast/avid.py", line 461, in disperse
    sender, msg = await self.recv()
  File "/usr/lib/python3.8/asyncio/queues.py", line 165, in get
    getter.cancel()  # Just in case getter is not done yet.
  File "uvloop/loop.pyx", line 1281, in uvloop.loop.Loop.call_soon
  File "uvloop/loop.pyx", line 669, in uvloop.loop.Loop._call_soon
  File "uvloop/loop.pyx", line 678, in uvloop.loop.Loop._call_soon_handle
  File "uvloop/loop.pyx", line 673, in uvloop.loop.Loop._append_ready_handle
  File "uvloop/loop.pyx", line 705, in uvloop.loop.Loop._check_closed
RuntimeError: Event loop is closed
2025-12-16 09:15:48,312 ERROR [asyncio] Task was destroyed but it is pending!
task: <Task pending name='Task-77' coro=<subscribe_recv.<locals>._recv_loop() running at /opt/dumbo-mpc/dumbo-mpc/AsyRanTriGen/beaver/utils/misc.py:89> wait_for=<Future pending cb=[<TaskWakeupMethWrapper object at 0xffff66fb23a0>()]>>
Exception ignored in: <coroutine object subscribe_recv.<locals>._recv_loop at 0xffff66fa0c40>
Traceback (most recent call last):
  File "/opt/dumbo-mpc/dumbo-mpc/AsyRanTriGen/beaver/utils/misc.py", line 89, in _recv_loop
    j, (tag, o) = await recv()
  File "/usr/lib/python3.8/asyncio/queues.py", line 165, in get
    getter.cancel()  # Just in case getter is not done yet.
  File "uvloop/loop.pyx", line 1281, in uvloop.loop.Loop.call_soon
  File "uvloop/loop.pyx", line 669, in uvloop.loop.Loop._call_soon
  File "uvloop/loop.pyx", line 678, in uvloop.loop.Loop._call_soon_handle
  File "uvloop/loop.pyx", line 673, in uvloop.loop.Loop._append_ready_handle
  File "uvloop/loop.pyx", line 705, in uvloop.loop.Loop._check_closed
RuntimeError: Event loop is closed
2025-12-16 09:15:48,313 ERROR [asyncio] Task was destroyed but it is pending!
task: <Task pending name='Task-78' coro=<OptimalCommonSet.fallback_timer() running at /opt/dumbo-mpc/dumbo-mpc/AsyRanTriGen/beaver/broadcast/otmvba_dyn.py:71> wait_for=<Future pending cb=[<TaskWakeupMethWrapper object at 0xffff66fa8970>()]>>
2025-12-16 09:15:48,313 ERROR [asyncio] Task was destroyed but it is pending!
task: <Task pending name='Task-79' coro=<subscribe_recv.<locals>._recv_loop() running at /opt/dumbo-mpc/dumbo-mpc/AsyRanTriGen/beaver/utils/misc.py:89> wait_for=<Future pending cb=[<TaskWakeupMethWrapper object at 0xffff66fbb5e0>()]>>
2025-12-16 09:15:48,313 ERROR [asyncio] Task was destroyed but it is pending!
task: <Task pending name='Task-82' coro=<subscribe_recv.<locals>._recv_loop() running at /opt/dumbo-mpc/dumbo-mpc/AsyRanTriGen/beaver/utils/misc.py:89> wait_for=<Future pending cb=[<TaskWakeupMethWrapper object at 0xffff66ff30d0>()]>>
2025-12-16 09:15:48,313 ERROR [asyncio] Task was destroyed but it is pending!
task: <Task pending name='Task-84' coro=<subscribe_recv.<locals>._recv_loop() running at /opt/dumbo-mpc/dumbo-mpc/AsyRanTriGen/beaver/utils/misc.py:89> wait_for=<Future pending cb=[<TaskWakeupMethWrapper object at 0xffff66fb2100>()]>>
Exception ignored in: <coroutine object subscribe_recv.<locals>._recv_loop at 0xffff6656f140>
Traceback (most recent call last):
  File "/opt/dumbo-mpc/dumbo-mpc/AsyRanTriGen/beaver/utils/misc.py", line 89, in _recv_loop
    j, (tag, o) = await recv()
  File "/usr/lib/python3.8/asyncio/queues.py", line 165, in get
    getter.cancel()  # Just in case getter is not done yet.
  File "uvloop/loop.pyx", line 1281, in uvloop.loop.Loop.call_soon
  File "uvloop/loop.pyx", line 669, in uvloop.loop.Loop._call_soon
  File "uvloop/loop.pyx", line 678, in uvloop.loop.Loop._call_soon_handle
  File "uvloop/loop.pyx", line 673, in uvloop.loop.Loop._append_ready_handle
  File "uvloop/loop.pyx", line 705, in uvloop.loop.Loop._check_closed
RuntimeError: Event loop is closed
Exception ignored in: <coroutine object subscribe_recv.<locals>._recv_loop at 0xffff66fb49c0>
Traceback (most recent call last):
  File "/opt/dumbo-mpc/dumbo-mpc/AsyRanTriGen/beaver/utils/misc.py", line 89, in _recv_loop
    j, (tag, o) = await recv()
  File "/usr/lib/python3.8/asyncio/queues.py", line 165, in get
    getter.cancel()  # Just in case getter is not done yet.
  File "uvloop/loop.pyx", line 1281, in uvloop.loop.Loop.call_soon
  File "uvloop/loop.pyx", line 669, in uvloop.loop.Loop._call_soon
  File "uvloop/loop.pyx", line 678, in uvloop.loop.Loop._call_soon_handle
  File "uvloop/loop.pyx", line 673, in uvloop.loop.Loop._append_ready_handle
  File "uvloop/loop.pyx", line 705, in uvloop.loop.Loop._check_closed
RuntimeError: Event loop is closed
Exception ignored in: <coroutine object subscribe_recv.<locals>._recv_loop at 0xffff66fb4dc0>
Traceback (most recent call last):
  File "/opt/dumbo-mpc/dumbo-mpc/AsyRanTriGen/beaver/utils/misc.py", line 89, in _recv_loop
    j, (tag, o) = await recv()
  File "/usr/lib/python3.8/asyncio/queues.py", line 165, in get
    getter.cancel()  # Just in case getter is not done yet.
  File "uvloop/loop.pyx", line 1281, in uvloop.loop.Loop.call_soon
  File "uvloop/loop.pyx", line 669, in uvloop.loop.Loop._call_soon
  File "uvloop/loop.pyx", line 678, in uvloop.loop.Loop._call_soon_handle
  File "uvloop/loop.pyx", line 673, in uvloop.loop.Loop._append_ready_handle
  File "uvloop/loop.pyx", line 705, in uvloop.loop.Loop._check_closed
RuntimeError: Event loop is closed
2025-12-16 09:15:48,314 ERROR [asyncio] Task was destroyed but it is pending!
task: <Task pending name='Task-90' coro=<subscribe_recv.<locals>._recv_loop() running at /opt/dumbo-mpc/dumbo-mpc/AsyRanTriGen/beaver/utils/misc.py:89> wait_for=<Future pending cb=[<TaskWakeupMethWrapper object at 0xffff66fb2820>()]>>
2025-12-16 09:15:48,314 ERROR [asyncio] Task was destroyed but it is pending!
task: <Task pending name='Task-86' coro=<rbc_dyn() running at /opt/dumbo-mpc/dumbo-mpc/AsyRanTriGen/beaver/broadcast/reliablebroadcast.py:411> wait_for=<Future pending cb=[<TaskWakeupMethWrapper object at 0xffff66f89dc0>()]>>
Exception ignored in: <coroutine object subscribe_recv.<locals>._recv_loop at 0xffff665630c0>
Traceback (most recent call last):
  File "/opt/dumbo-mpc/dumbo-mpc/AsyRanTriGen/beaver/utils/misc.py", line 89, in _recv_loop
    j, (tag, o) = await recv()
  File "/usr/lib/python3.8/asyncio/queues.py", line 165, in get
    getter.cancel()  # Just in case getter is not done yet.
  File "uvloop/loop.pyx", line 1281, in uvloop.loop.Loop.call_soon
  File "uvloop/loop.pyx", line 669, in uvloop.loop.Loop._call_soon
  File "uvloop/loop.pyx", line 678, in uvloop.loop.Loop._call_soon_handle
  File "uvloop/loop.pyx", line 673, in uvloop.loop.Loop._append_ready_handle
  File "uvloop/loop.pyx", line 705, in uvloop.loop.Loop._check_closed
RuntimeError: Event loop is closed
2025-12-16 09:15:48,314 ERROR [asyncio] Task was destroyed but it is pending!
task: <Task pending name='Task-89' coro=<AVID_DYNAMIC.disperse() running at /opt/dumbo-mpc/dumbo-mpc/AsyRanTriGen/beaver/broadcast/avid.py:461> wait_for=<Future pending cb=[<TaskWakeupMethWrapper object at 0xffff66fb2940>()]>>
Exception ignored in: <coroutine object rbc_dyn at 0xffff66fb4d40>
Traceback (most recent call last):
  File "/opt/dumbo-mpc/dumbo-mpc/AsyRanTriGen/beaver/broadcast/reliablebroadcast.py", line 411, in rbc_dyn
    sender, msg = await receive()
  File "/usr/lib/python3.8/asyncio/queues.py", line 165, in get
    getter.cancel()  # Just in case getter is not done yet.
  File "uvloop/loop.pyx", line 1281, in uvloop.loop.Loop.call_soon
  File "uvloop/loop.pyx", line 669, in uvloop.loop.Loop._call_soon
  File "uvloop/loop.pyx", line 678, in uvloop.loop.Loop._call_soon_handle
  File "uvloop/loop.pyx", line 673, in uvloop.loop.Loop._append_ready_handle
  File "uvloop/loop.pyx", line 705, in uvloop.loop.Loop._check_closed
RuntimeError: Event loop is closed
Exception ignored in: <coroutine object AVID_DYNAMIC.disperse at 0xffff66560740>
Traceback (most recent call last):
  File "/opt/dumbo-mpc/dumbo-mpc/AsyRanTriGen/beaver/broadcast/avid.py", line 461, in disperse
    sender, msg = await self.recv()
  File "/usr/lib/python3.8/asyncio/queues.py", line 165, in get
    getter.cancel()  # Just in case getter is not done yet.
  File "uvloop/loop.pyx", line 1281, in uvloop.loop.Loop.call_soon
  File "uvloop/loop.pyx", line 669, in uvloop.loop.Loop._call_soon
  File "uvloop/loop.pyx", line 678, in uvloop.loop.Loop._call_soon_handle
  File "uvloop/loop.pyx", line 673, in uvloop.loop.Loop._append_ready_handle
  File "uvloop/loop.pyx", line 705, in uvloop.loop.Loop._check_closed
RuntimeError: Event loop is closed
