2025-12-16 09:15:27,734 INFO [root] Running ADMPC ...
2025-12-16 09:15:28,411 INFO [root] my_send_id: 7
2025-12-16 09:15:28,659 INFO [root] ADMPC start time: 1765876528.6593912
2025-12-16 09:15:28,690 INFO [root] [Layer 1] Reached run_admpc checkpoint
2025-12-16 09:15:28,691 INFO [root] [3] Starting Batch AVSS. Id: 0, Dealer Id: 0, Client Mode: False
2025-12-16 09:15:28,691 INFO [root] [3] AVSS tag: 0-0-1-B-AVSS
2025-12-16 09:15:28,691 INFO [root] [3] RBC tag: 0-0-1-B-RBC
2025-12-16 09:15:28,691 INFO [root] [3] Starting AVSS with shares_num: 50, dealer_id: 0, client_mode: False
2025-12-16 09:15:28,691 INFO [root] rbc_list: [0, 4, 5, 6, 7]
2025-12-16 09:15:28,691 INFO [root] committee_size: 4
2025-12-16 09:15:28,691 INFO [root] n: 5
2025-12-16 09:15:28,691 INFO [root] f: 1
2025-12-16 09:15:28,691 INFO [root] pid: 4
2025-12-16 09:15:28,691 INFO [root] leader: 0
2025-12-16 09:15:28,691 INFO [root] [3] Starting Batch AVSS. Id: 0, Dealer Id: 1, Client Mode: False
2025-12-16 09:15:28,691 INFO [root] [3] AVSS tag: 1-0-1-B-AVSS
2025-12-16 09:15:28,691 INFO [root] [3] RBC tag: 1-0-1-B-RBC
2025-12-16 09:15:28,691 INFO [root] [3] Starting AVSS with shares_num: 50, dealer_id: 1, client_mode: False
2025-12-16 09:15:28,691 INFO [root] rbc_list: [1, 4, 5, 6, 7]
2025-12-16 09:15:28,691 INFO [root] committee_size: 4
2025-12-16 09:15:28,691 INFO [root] n: 5
2025-12-16 09:15:28,691 INFO [root] f: 1
2025-12-16 09:15:28,691 INFO [root] pid: 4
2025-12-16 09:15:28,691 INFO [root] leader: 1
2025-12-16 09:15:28,691 INFO [root] [3] Starting Batch AVSS. Id: 0, Dealer Id: 2, Client Mode: False
2025-12-16 09:15:28,691 INFO [root] [3] AVSS tag: 2-0-1-B-AVSS
2025-12-16 09:15:28,691 INFO [root] [3] RBC tag: 2-0-1-B-RBC
2025-12-16 09:15:28,691 INFO [root] [3] Starting AVSS with shares_num: 50, dealer_id: 2, client_mode: False
2025-12-16 09:15:28,691 INFO [root] rbc_list: [2, 4, 5, 6, 7]
2025-12-16 09:15:28,691 INFO [root] committee_size: 4
2025-12-16 09:15:28,691 INFO [root] n: 5
2025-12-16 09:15:28,691 INFO [root] f: 1
2025-12-16 09:15:28,691 INFO [root] pid: 4
2025-12-16 09:15:28,691 INFO [root] leader: 2
2025-12-16 09:15:28,691 INFO [root] [4] Received VAL message from 2
2025-12-16 09:15:28,691 INFO [root] entering n == commitee_size + 1
2025-12-16 09:15:28,691 INFO [root] [4] sender: 2, leader: 2
2025-12-16 09:15:28,691 INFO [root] [4] Successfully validated VAL message
2025-12-16 09:15:28,691 INFO [root] [4] Broadcasted ECHO message for roothash b'\xb9FK\xa7!p\xc7\x03\x19\xe7\xb9\xf2P\x8e"\x12\xd8\xd7\x91\xf3n\x8d\x81\xcc2\x80\xb2\xb0\xfc\xab:\xf3'
2025-12-16 09:15:28,691 INFO [root] broadcast Sending to 1: 4
2025-12-16 09:15:28,691 INFO [root] broadcast Sending to 2: 5
2025-12-16 09:15:28,691 INFO [root] broadcast Sending to 3: 6
2025-12-16 09:15:28,691 INFO [root] broadcast Sending to 4: 7
2025-12-16 09:15:28,691 INFO [root] [4] Received ECHO message from 6
2025-12-16 09:15:28,691 INFO [root] [3] Starting Batch AVSS. Id: 0, Dealer Id: 3, Client Mode: False
2025-12-16 09:15:28,692 INFO [root] [3] AVSS tag: 3-0-1-B-AVSS
2025-12-16 09:15:28,692 INFO [root] [3] RBC tag: 3-0-1-B-RBC
2025-12-16 09:15:28,692 INFO [root] [3] Starting AVSS with shares_num: 50, dealer_id: 3, client_mode: False
2025-12-16 09:15:28,692 INFO [root] rbc_list: [3, 4, 5, 6, 7]
2025-12-16 09:15:28,692 INFO [root] committee_size: 4
2025-12-16 09:15:28,692 INFO [root] n: 5
2025-12-16 09:15:28,692 INFO [root] f: 1
2025-12-16 09:15:28,692 INFO [root] pid: 4
2025-12-16 09:15:28,692 INFO [root] leader: 3
2025-12-16 09:15:28,692 INFO [root] [4] Received ECHO message from 7
2025-12-16 09:15:29,375 INFO [root] [4] Received VAL message from 0
2025-12-16 09:15:29,375 INFO [root] entering n == commitee_size + 1
2025-12-16 09:15:29,375 INFO [root] [4] sender: 0, leader: 0
2025-12-16 09:15:29,375 INFO [root] [4] Successfully validated VAL message
2025-12-16 09:15:29,375 INFO [root] [4] Broadcasted ECHO message for roothash b'!\x10\x18\xdc\x936\x01\x19v!\xfdj\xa4vL\x05$\xabG\x9cu=\xd3\x9c\xed\x08CU\x91\xf3\r\x00'
2025-12-16 09:15:29,375 INFO [root] broadcast Sending to 1: 4
2025-12-16 09:15:29,375 INFO [root] broadcast Sending to 2: 5
2025-12-16 09:15:29,376 INFO [root] broadcast Sending to 3: 6
2025-12-16 09:15:29,376 INFO [root] broadcast Sending to 4: 7
2025-12-16 09:15:29,378 INFO [root] [4] Received ECHO message from 7
2025-12-16 09:15:29,390 INFO [root] [4] Received ECHO message from 6
2025-12-16 09:15:29,506 INFO [root] [4] Received ECHO message from 5
2025-12-16 09:15:29,506 INFO [root] [4] Broadcasted READY message for roothash b'\xb9FK\xa7!p\xc7\x03\x19\xe7\xb9\xf2P\x8e"\x12\xd8\xd7\x91\xf3n\x8d\x81\xcc2\x80\xb2\xb0\xfc\xab:\xf3'
2025-12-16 09:15:29,506 INFO [root] broadcast Sending to 1: 4
2025-12-16 09:15:29,506 INFO [root] broadcast Sending to 2: 5
2025-12-16 09:15:29,506 INFO [root] broadcast Sending to 3: 6
2025-12-16 09:15:29,506 INFO [root] broadcast Sending to 4: 7
2025-12-16 09:15:29,506 INFO [root] [4] Received READY message from 6
2025-12-16 09:15:29,506 INFO [root] [4] Received READY message from 7
2025-12-16 09:15:29,515 INFO [root] [4] Received READY message from 6
2025-12-16 09:15:29,516 INFO [root] [4] Received ECHO message from 5
2025-12-16 09:15:29,516 INFO [root] [4] Broadcasted READY message for roothash b'!\x10\x18\xdc\x936\x01\x19v!\xfdj\xa4vL\x05$\xabG\x9cu=\xd3\x9c\xed\x08CU\x91\xf3\r\x00'
2025-12-16 09:15:29,517 INFO [root] broadcast Sending to 1: 4
2025-12-16 09:15:29,517 INFO [root] broadcast Sending to 2: 5
2025-12-16 09:15:29,517 INFO [root] broadcast Sending to 3: 6
2025-12-16 09:15:29,518 INFO [root] broadcast Sending to 4: 7
2025-12-16 09:15:29,518 INFO [root] [4] Received READY message from 7
2025-12-16 09:15:29,569 INFO [root] [4] Received READY message from 5
2025-12-16 09:15:29,569 INFO [root] Decoding output for roothash: b'\xb9FK\xa7!p\xc7\x03\x19\xe7\xb9\xf2P\x8e"\x12\xd8\xd7\x91\xf3n\x8d\x81\xcc2\x80\xb2\xb0\xfc\xab:\xf3'
2025-12-16 09:15:29,569 INFO [root] [3] Received RBC message
2025-12-16 09:15:29,570 INFO [root] multicast list: [4, 5, 6, 7]
2025-12-16 09:15:29,570 INFO [root] before avid.retrieve
2025-12-16 09:15:29,570 INFO [root] [4] Received READY message from 5
2025-12-16 09:15:29,570 INFO [root] Decoding output for roothash: b'!\x10\x18\xdc\x936\x01\x19v!\xfdj\xa4vL\x05$\xabG\x9cu=\xd3\x9c\xed\x08CU\x91\xf3\r\x00'
2025-12-16 09:15:29,570 INFO [root] [3] Received RBC message
2025-12-16 09:15:29,570 INFO [root] multicast list: [4, 5, 6, 7]
2025-12-16 09:15:29,571 INFO [root] before avid.retrieve
2025-12-16 09:15:29,571 INFO [root] AVID broadcast to 1: 4
2025-12-16 09:15:29,571 INFO [root] AVID broadcast to 2: 5
2025-12-16 09:15:29,571 INFO [root] AVID broadcast to 3: 6
2025-12-16 09:15:29,571 INFO [root] AVID broadcast to 4: 7
2025-12-16 09:15:29,571 INFO [root] AVID broadcast to 1: 4
2025-12-16 09:15:29,571 INFO [root] AVID broadcast to 2: 5
2025-12-16 09:15:29,571 INFO [root] AVID broadcast to 3: 6
2025-12-16 09:15:29,571 INFO [root] AVID broadcast to 4: 7
2025-12-16 09:15:29,601 INFO [root] AVID broadcast to 1: 4
2025-12-16 09:15:29,601 INFO [root] AVID broadcast to 2: 5
2025-12-16 09:15:29,601 INFO [root] AVID broadcast to 3: 6
2025-12-16 09:15:29,601 INFO [root] AVID broadcast to 4: 7
2025-12-16 09:15:29,604 INFO [root] AVID broadcast to 1: 4
2025-12-16 09:15:29,604 INFO [root] AVID broadcast to 2: 5
2025-12-16 09:15:29,604 INFO [root] AVID broadcast to 3: 6
2025-12-16 09:15:29,604 INFO [root] AVID broadcast to 4: 7
2025-12-16 09:15:29,604 INFO [root] disperse msid: 2-0-1-B-AVSS, index: 1
2025-12-16 09:15:29,604 INFO [root] AVID retrieve called with sid: 2-0-1-B-AVID, index: 1
2025-12-16 09:15:29,604 INFO [root] 2-0-1-B-AVSS 3 RETRIEVE called.
2025-12-16 09:15:29,604 INFO [root] AVID broadcast to 1: 4
2025-12-16 09:15:29,604 INFO [root] AVID broadcast to 2: 5
2025-12-16 09:15:29,604 INFO [root] AVID broadcast to 3: 6
2025-12-16 09:15:29,604 INFO [root] AVID broadcast to 4: 7
2025-12-16 09:15:29,605 INFO [root] 2-0-1-B-AVSS 3 RETRIEVE broadcasted.
2025-12-16 09:15:29,608 INFO [root] 0-0-1-B-AVSS 3 RETRIEVE called.
2025-12-16 09:15:29,608 INFO [root] AVID broadcast to 1: 4
2025-12-16 09:15:29,608 INFO [root] AVID broadcast to 2: 5
2025-12-16 09:15:29,608 INFO [root] AVID broadcast to 3: 6
2025-12-16 09:15:29,608 INFO [root] AVID broadcast to 4: 7
2025-12-16 09:15:29,608 INFO [root] 0-0-1-B-AVSS 3 RETRIEVE broadcasted.
2025-12-16 09:15:29,608 INFO [root] disperse msid: 2-0-1-B-AVSS, index: 3
2025-12-16 09:15:29,608 INFO [root] AVID retrieve called with sid: 2-0-1-B-AVID, index: 3
2025-12-16 09:15:29,609 INFO [root] disperse msid: 0-0-1-B-AVSS, index: 3
2025-12-16 09:15:29,609 INFO [root] AVID retrieve called with sid: 0-0-1-B-AVID, index: 3
2025-12-16 09:15:29,609 INFO [root] 2-0-1-B-AVSS 3 AVID retrieve msg from 7
2025-12-16 09:15:29,609 INFO [root] AVID retrieve response received
2025-12-16 09:15:29,609 INFO [root] retrieve msid: 2-0-1-B-AVID, response_index: 3
2025-12-16 09:15:29,609 INFO [root] RESPONSE from 7
2025-12-16 09:15:29,609 INFO [root] sender self.committee_size: 3
2025-12-16 09:15:29,609 INFO [root] 0-0-1-B-AVSS 3 AVID retrieve msg from 7
2025-12-16 09:15:29,609 INFO [root] AVID retrieve response received
2025-12-16 09:15:29,609 INFO [root] retrieve msid: 0-0-1-B-AVID, response_index: 3
2025-12-16 09:15:29,609 INFO [root] RESPONSE from 7
2025-12-16 09:15:29,609 INFO [root] sender self.committee_size: 3
2025-12-16 09:15:29,615 INFO [root] disperse msid: 0-0-1-B-AVSS, index: 1
2025-12-16 09:15:29,615 INFO [root] AVID retrieve called with sid: 0-0-1-B-AVID, index: 1
2025-12-16 09:15:29,623 INFO [root] disperse msid: 2-0-1-B-AVSS, index: 2
2025-12-16 09:15:29,623 INFO [root] AVID retrieve called with sid: 2-0-1-B-AVID, index: 2
2025-12-16 09:15:29,623 INFO [root] 2-0-1-B-AVSS 3 AVID retrieve msg from 6
2025-12-16 09:15:29,623 INFO [root] AVID retrieve response received
2025-12-16 09:15:29,623 INFO [root] retrieve msid: 2-0-1-B-AVID, response_index: 3
2025-12-16 09:15:29,623 INFO [root] RESPONSE from 6
2025-12-16 09:15:29,623 INFO [root] sender self.committee_size: 2
2025-12-16 09:15:29,623 INFO [root] 2-0-1-B-AVSS 3 RETRIEVE complete.
2025-12-16 09:15:29,623 INFO [root] after avid.retrieve dispersal_msg
2025-12-16 09:15:29,623 INFO [root] Handling dealer messages for dealer_id: 2, tag: 2-0-1-B-AVSS
2025-12-16 09:15:29,631 INFO [root] Decrypting dispersal message from dealer_id 2
2025-12-16 09:15:29,683 INFO [root] shares verified successfully
2025-12-16 09:15:29,684 INFO [root] all_shares_valid: True
2025-12-16 09:15:29,684 INFO [root] after _handle_dealer_msgs, all_shares_valid
2025-12-16 09:15:29,684 INFO [root] self.tagvars[tag]['all_shares_valid']: True
2025-12-16 09:15:29,684 INFO [root] avss_without_proof dealer_id: 2
2025-12-16 09:15:29,684 INFO [root] multicast to 4
2025-12-16 09:15:29,684 INFO [root] multicast to 5
2025-12-16 09:15:29,684 INFO [root] multicast to 6
2025-12-16 09:15:29,684 INFO [root] multicast to 7
2025-12-16 09:15:29,684 INFO [root] 0-0-1-B-AVSS 3 AVID retrieve msg from 6
2025-12-16 09:15:29,684 INFO [root] AVID retrieve response received
2025-12-16 09:15:29,684 INFO [root] retrieve msid: 0-0-1-B-AVID, response_index: 3
2025-12-16 09:15:29,684 INFO [root] RESPONSE from 6
2025-12-16 09:15:29,684 INFO [root] sender self.committee_size: 2
2025-12-16 09:15:29,684 INFO [root] 0-0-1-B-AVSS 3 RETRIEVE complete.
2025-12-16 09:15:29,684 INFO [root] after avid.retrieve dispersal_msg
2025-12-16 09:15:29,684 INFO [root] Handling dealer messages for dealer_id: 0, tag: 0-0-1-B-AVSS
2025-12-16 09:15:29,684 INFO [root] Decrypting dispersal message from dealer_id 0
2025-12-16 09:15:29,763 INFO [root] shares verified successfully
2025-12-16 09:15:29,763 INFO [root] all_shares_valid: True
2025-12-16 09:15:29,763 INFO [root] after _handle_dealer_msgs, all_shares_valid
2025-12-16 09:15:29,763 INFO [root] self.tagvars[tag]['all_shares_valid']: True
2025-12-16 09:15:29,763 INFO [root] avss_without_proof dealer_id: 0
2025-12-16 09:15:29,763 INFO [root] multicast to 4
2025-12-16 09:15:29,763 INFO [root] multicast to 5
2025-12-16 09:15:29,763 INFO [root] multicast to 6
2025-12-16 09:15:29,763 INFO [root] multicast to 7
2025-12-16 09:15:29,764 INFO [root] layer ID: 1 received shares from dealer 2
2025-12-16 09:15:29,784 INFO [root] layer ID: 1 received shares from dealer 0
2025-12-16 09:15:29,789 INFO [root] [3] Received OK from [7]
2025-12-16 09:15:29,789 INFO [root] [3] OK set: {7}
2025-12-16 09:15:29,789 INFO [root] output: True
2025-12-16 09:15:29,789 INFO [root] [3] Received OK from [7]
2025-12-16 09:15:29,789 INFO [root] [3] OK set: {7}
2025-12-16 09:15:29,789 INFO [root] output: True
2025-12-16 09:15:29,789 INFO [root] disperse msid: 0-0-1-B-AVSS, index: 2
2025-12-16 09:15:29,789 INFO [root] AVID retrieve called with sid: 0-0-1-B-AVID, index: 2
2025-12-16 09:15:29,789 INFO [root] [3] Received OK from [5]
2025-12-16 09:15:29,789 INFO [root] [3] OK set: {5, 7}
2025-12-16 09:15:29,789 INFO [root] output: True
2025-12-16 09:15:29,789 INFO [root] [3] Received OK from [5]
2025-12-16 09:15:29,789 INFO [root] [3] OK set: {5, 7}
2025-12-16 09:15:29,789 INFO [root] output: True
2025-12-16 09:15:29,808 INFO [root] [3] Received OK from [6]
2025-12-16 09:15:29,808 INFO [root] [3] OK set: {5, 6, 7}
2025-12-16 09:15:29,808 INFO [root] output: True
2025-12-16 09:15:29,895 INFO [root] [3] Received OK from [6]
2025-12-16 09:15:29,895 INFO [root] [3] OK set: {5, 6, 7}
2025-12-16 09:15:29,895 INFO [root] output: True
2025-12-16 09:15:30,276 INFO [root] disperse msid: 2-0-1-B-AVSS, index: 0
2025-12-16 09:15:30,276 INFO [root] AVID retrieve called with sid: 2-0-1-B-AVID, index: 0
2025-12-16 09:15:30,276 INFO [root] disperse msid: 0-0-1-B-AVSS, index: 0
2025-12-16 09:15:30,276 INFO [root] AVID retrieve called with sid: 0-0-1-B-AVID, index: 0
2025-12-16 09:15:30,458 INFO [root] [3] Received OK from [4]
2025-12-16 09:15:30,458 INFO [root] [3] OK set: {4, 5, 6, 7}
2025-12-16 09:15:30,459 INFO [root] output: True
2025-12-16 09:15:30,459 INFO [root] [3] exit
2025-12-16 09:15:30,459 INFO [root] [3] Received OK from [4]
2025-12-16 09:15:30,459 INFO [root] [3] OK set: {4, 5, 6, 7}
2025-12-16 09:15:30,459 INFO [root] output: True
2025-12-16 09:15:30,459 INFO [root] [3] exit
2025-12-16 09:15:30,595 INFO [root] [4] Received ECHO message from 5
2025-12-16 09:15:30,596 INFO [root] [4] Received ECHO message from 5
2025-12-16 09:15:30,596 INFO [root] [4] Received VAL message from 3
2025-12-16 09:15:30,596 INFO [root] entering n == commitee_size + 1
2025-12-16 09:15:30,596 INFO [root] [4] sender: 3, leader: 3
2025-12-16 09:15:30,596 INFO [root] [4] Successfully validated VAL message
2025-12-16 09:15:30,596 INFO [root] [4] Broadcasted ECHO message for roothash b'\x01\xecM\xfd\xd4\xac\xf4\xa9\xecJJ\xb0\xe4\x07a\xf6\xa9\nE\x93~\xc5\x8c\xbd\xfc\xec\xf4\xc6BHq\xd8'
2025-12-16 09:15:30,596 INFO [root] broadcast Sending to 1: 4
2025-12-16 09:15:30,596 INFO [root] broadcast Sending to 2: 5
2025-12-16 09:15:30,596 INFO [root] broadcast Sending to 3: 6
2025-12-16 09:15:30,596 INFO [root] broadcast Sending to 4: 7
2025-12-16 09:15:30,596 INFO [root] [4] Received ECHO message from 7
2025-12-16 09:15:30,598 INFO [root] [4] Received ECHO message from 4
2025-12-16 09:15:30,599 INFO [root] [4] Broadcasted READY message for roothash b'\x01\xecM\xfd\xd4\xac\xf4\xa9\xecJJ\xb0\xe4\x07a\xf6\xa9\nE\x93~\xc5\x8c\xbd\xfc\xec\xf4\xc6BHq\xd8'
2025-12-16 09:15:30,600 INFO [root] broadcast Sending to 1: 4
2025-12-16 09:15:30,600 INFO [root] broadcast Sending to 2: 5
2025-12-16 09:15:30,600 INFO [root] broadcast Sending to 3: 6
2025-12-16 09:15:30,600 INFO [root] broadcast Sending to 4: 7
2025-12-16 09:15:30,601 INFO [root] [4] Received VAL message from 1
2025-12-16 09:15:30,601 INFO [root] entering n == commitee_size + 1
2025-12-16 09:15:30,601 INFO [root] [4] sender: 1, leader: 1
2025-12-16 09:15:30,601 INFO [root] [4] Successfully validated VAL message
2025-12-16 09:15:30,601 INFO [root] [4] Broadcasted ECHO message for roothash b'\xb5a\x19\xb0\x83\x03\ns\x9f\x91}\xf2/J$\xb7\xb4W\x8a\xa8\x14\x15L\x9c\xbc \xc0\x87\xcf\x8bl\xf4'
2025-12-16 09:15:30,601 INFO [root] broadcast Sending to 1: 4
2025-12-16 09:15:30,601 INFO [root] broadcast Sending to 2: 5
2025-12-16 09:15:30,601 INFO [root] broadcast Sending to 3: 6
2025-12-16 09:15:30,601 INFO [root] broadcast Sending to 4: 7
2025-12-16 09:15:30,606 INFO [root] [4] Received READY message from 5
2025-12-16 09:15:30,607 INFO [root] [4] Received READY message from 7
2025-12-16 09:15:30,607 INFO [root] [4] Received READY message from 4
2025-12-16 09:15:30,607 INFO [root] Decoding output for roothash: b'\x01\xecM\xfd\xd4\xac\xf4\xa9\xecJJ\xb0\xe4\x07a\xf6\xa9\nE\x93~\xc5\x8c\xbd\xfc\xec\xf4\xc6BHq\xd8'
2025-12-16 09:15:30,607 INFO [root] [3] Received RBC message
2025-12-16 09:15:30,608 INFO [root] multicast list: [4, 5, 6, 7]
2025-12-16 09:15:30,608 INFO [root] before avid.retrieve
2025-12-16 09:15:30,608 INFO [root] [4] Received ECHO message from 7
2025-12-16 09:15:30,608 INFO [root] [4] Received ECHO message from 6
2025-12-16 09:15:30,608 INFO [root] [4] Broadcasted READY message for roothash b'\xb5a\x19\xb0\x83\x03\ns\x9f\x91}\xf2/J$\xb7\xb4W\x8a\xa8\x14\x15L\x9c\xbc \xc0\x87\xcf\x8bl\xf4'
2025-12-16 09:15:30,608 INFO [root] broadcast Sending to 1: 4
2025-12-16 09:15:30,608 INFO [root] broadcast Sending to 2: 5
2025-12-16 09:15:30,608 INFO [root] broadcast Sending to 3: 6
2025-12-16 09:15:30,608 INFO [root] broadcast Sending to 4: 7
2025-12-16 09:15:30,608 INFO [root] [4] Received ECHO message from 4
2025-12-16 09:15:30,608 INFO [root] [4] Received READY message from 5
2025-12-16 09:15:30,608 INFO [root] [4] Received READY message from 4
2025-12-16 09:15:30,608 INFO [root] [4] Received READY message from 6
2025-12-16 09:15:30,608 INFO [root] Decoding output for roothash: b'\xb5a\x19\xb0\x83\x03\ns\x9f\x91}\xf2/J$\xb7\xb4W\x8a\xa8\x14\x15L\x9c\xbc \xc0\x87\xcf\x8bl\xf4'
2025-12-16 09:15:30,608 INFO [root] [3] Received RBC message
2025-12-16 09:15:30,608 INFO [root] multicast list: [4, 5, 6, 7]
2025-12-16 09:15:30,608 INFO [root] before avid.retrieve
2025-12-16 09:15:30,608 INFO [root] AVID broadcast to 1: 4
2025-12-16 09:15:30,608 INFO [root] AVID broadcast to 2: 5
2025-12-16 09:15:30,608 INFO [root] AVID broadcast to 3: 6
2025-12-16 09:15:30,608 INFO [root] AVID broadcast to 4: 7
2025-12-16 09:15:30,608 INFO [root] AVID broadcast to 1: 4
2025-12-16 09:15:30,608 INFO [root] AVID broadcast to 2: 5
2025-12-16 09:15:30,608 INFO [root] AVID broadcast to 3: 6
2025-12-16 09:15:30,608 INFO [root] AVID broadcast to 4: 7
2025-12-16 09:15:30,609 INFO [root] AVID broadcast to 1: 4
2025-12-16 09:15:30,609 INFO [root] AVID broadcast to 2: 5
2025-12-16 09:15:30,609 INFO [root] AVID broadcast to 3: 6
2025-12-16 09:15:30,609 INFO [root] AVID broadcast to 4: 7
2025-12-16 09:15:30,612 INFO [root] AVID broadcast to 1: 4
2025-12-16 09:15:30,612 INFO [root] AVID broadcast to 2: 5
2025-12-16 09:15:30,612 INFO [root] AVID broadcast to 3: 6
2025-12-16 09:15:30,612 INFO [root] AVID broadcast to 4: 7
2025-12-16 09:15:30,612 INFO [root] disperse msid: 3-0-1-B-AVSS, index: 0
2025-12-16 09:15:30,612 INFO [root] AVID retrieve called with sid: 3-0-1-B-AVID, index: 0
2025-12-16 09:15:30,612 INFO [root] 3-0-1-B-AVSS 3 RETRIEVE called.
2025-12-16 09:15:30,612 INFO [root] AVID broadcast to 1: 4
2025-12-16 09:15:30,612 INFO [root] AVID broadcast to 2: 5
2025-12-16 09:15:30,612 INFO [root] AVID broadcast to 3: 6
2025-12-16 09:15:30,612 INFO [root] AVID broadcast to 4: 7
2025-12-16 09:15:30,612 INFO [root] 3-0-1-B-AVSS 3 RETRIEVE broadcasted.
2025-12-16 09:15:30,612 INFO [root] disperse msid: 3-0-1-B-AVSS, index: 3
2025-12-16 09:15:30,612 INFO [root] AVID retrieve called with sid: 3-0-1-B-AVID, index: 3
2025-12-16 09:15:30,612 INFO [root] disperse msid: 3-0-1-B-AVSS, index: 2
2025-12-16 09:15:30,612 INFO [root] AVID retrieve called with sid: 3-0-1-B-AVID, index: 2
2025-12-16 09:15:30,612 INFO [root] 1-0-1-B-AVSS 3 RETRIEVE called.
2025-12-16 09:15:30,612 INFO [root] AVID broadcast to 1: 4
2025-12-16 09:15:30,612 INFO [root] AVID broadcast to 2: 5
2025-12-16 09:15:30,612 INFO [root] AVID broadcast to 3: 6
2025-12-16 09:15:30,612 INFO [root] AVID broadcast to 4: 7
2025-12-16 09:15:30,612 INFO [root] 1-0-1-B-AVSS 3 RETRIEVE broadcasted.
2025-12-16 09:15:30,612 INFO [root] 3-0-1-B-AVSS 3 AVID retrieve msg from 7
2025-12-16 09:15:30,612 INFO [root] AVID retrieve response received
2025-12-16 09:15:30,612 INFO [root] retrieve msid: 3-0-1-B-AVID, response_index: 3
2025-12-16 09:15:30,612 INFO [root] RESPONSE from 7
2025-12-16 09:15:30,612 INFO [root] sender self.committee_size: 3
2025-12-16 09:15:30,612 INFO [root] disperse msid: 1-0-1-B-AVSS, index: 3
2025-12-16 09:15:30,612 INFO [root] AVID retrieve called with sid: 1-0-1-B-AVID, index: 3
2025-12-16 09:15:30,612 INFO [root] disperse msid: 1-0-1-B-AVSS, index: 1
2025-12-16 09:15:30,612 INFO [root] AVID retrieve called with sid: 1-0-1-B-AVID, index: 1
2025-12-16 09:15:30,612 INFO [root] disperse msid: 3-0-1-B-AVSS, index: 1
2025-12-16 09:15:30,612 INFO [root] AVID retrieve called with sid: 3-0-1-B-AVID, index: 1
2025-12-16 09:15:30,612 INFO [root] 1-0-1-B-AVSS 3 AVID retrieve msg from 7
2025-12-16 09:15:30,612 INFO [root] AVID retrieve response received
2025-12-16 09:15:30,612 INFO [root] retrieve msid: 1-0-1-B-AVID, response_index: 3
2025-12-16 09:15:30,612 INFO [root] RESPONSE from 7
2025-12-16 09:15:30,612 INFO [root] sender self.committee_size: 3
2025-12-16 09:15:30,614 INFO [root] 3-0-1-B-AVSS 3 AVID retrieve msg from 5
2025-12-16 09:15:30,614 INFO [root] AVID retrieve response received
2025-12-16 09:15:30,614 INFO [root] retrieve msid: 3-0-1-B-AVID, response_index: 3
2025-12-16 09:15:30,614 INFO [root] RESPONSE from 5
2025-12-16 09:15:30,614 INFO [root] sender self.committee_size: 1
2025-12-16 09:15:30,614 INFO [root] 3-0-1-B-AVSS 3 RETRIEVE complete.
2025-12-16 09:15:30,614 INFO [root] after avid.retrieve dispersal_msg
2025-12-16 09:15:30,614 INFO [root] Handling dealer messages for dealer_id: 3, tag: 3-0-1-B-AVSS
2025-12-16 09:15:30,614 INFO [root] Decrypting dispersal message from dealer_id 3
2025-12-16 09:15:30,624 INFO [root] shares verified successfully
2025-12-16 09:15:30,624 INFO [root] all_shares_valid: True
2025-12-16 09:15:30,624 INFO [root] after _handle_dealer_msgs, all_shares_valid
2025-12-16 09:15:30,624 INFO [root] self.tagvars[tag]['all_shares_valid']: True
2025-12-16 09:15:30,624 INFO [root] avss_without_proof dealer_id: 3
2025-12-16 09:15:30,624 INFO [root] multicast to 4
2025-12-16 09:15:30,624 INFO [root] multicast to 5
2025-12-16 09:15:30,624 INFO [root] multicast to 6
2025-12-16 09:15:30,624 INFO [root] multicast to 7
2025-12-16 09:15:30,624 INFO [root] 1-0-1-B-AVSS 3 AVID retrieve msg from 5
2025-12-16 09:15:30,624 INFO [root] AVID retrieve response received
2025-12-16 09:15:30,624 INFO [root] retrieve msid: 1-0-1-B-AVID, response_index: 3
2025-12-16 09:15:30,624 INFO [root] RESPONSE from 5
2025-12-16 09:15:30,624 INFO [root] sender self.committee_size: 1
2025-12-16 09:15:30,624 INFO [root] 1-0-1-B-AVSS 3 RETRIEVE complete.
2025-12-16 09:15:30,624 INFO [root] after avid.retrieve dispersal_msg
2025-12-16 09:15:30,624 INFO [root] Handling dealer messages for dealer_id: 1, tag: 1-0-1-B-AVSS
2025-12-16 09:15:30,624 INFO [root] Decrypting dispersal message from dealer_id 1
2025-12-16 09:15:30,635 INFO [root] shares verified successfully
2025-12-16 09:15:30,635 INFO [root] all_shares_valid: True
2025-12-16 09:15:30,635 INFO [root] after _handle_dealer_msgs, all_shares_valid
2025-12-16 09:15:30,635 INFO [root] self.tagvars[tag]['all_shares_valid']: True
2025-12-16 09:15:30,635 INFO [root] avss_without_proof dealer_id: 1
2025-12-16 09:15:30,635 INFO [root] multicast to 4
2025-12-16 09:15:30,635 INFO [root] multicast to 5
2025-12-16 09:15:30,635 INFO [root] multicast to 6
2025-12-16 09:15:30,635 INFO [root] multicast to 7
2025-12-16 09:15:30,635 INFO [root] layer ID: 1 received shares from dealer 3
2025-12-16 09:15:30,635 INFO [root] layer ID: 1 received shares from dealer 1
2025-12-16 09:15:30,635 INFO [root] layer ID: 1 received all shares from the previous layer
2025-12-16 09:15:30,636 INFO [root] layer ID: 1 clients_input_shares length: 200
2025-12-16 09:15:30,636 INFO [root] layer ID: 1 recv_input_time: 1.9451277256011963
2025-12-16 09:15:30,636 INFO [root] layer ID: 1 trusted_verification_time: 1.9451277256011963
2025-12-16 09:15:30,657 INFO [root] layer ID: 1 add_outputs length: 50
2025-12-16 09:15:30,657 INFO [root] layer ID: 1 exec_time: 0.021792173385620117
2025-12-16 09:15:30,659 INFO [beaver.transfer] [3] Starting DynamicTransfer
2025-12-16 09:15:30,659 INFO [beaver.transfer] [3] Starting ACSS to share 25 secrets
2025-12-16 09:15:30,659 INFO [root] [3] [asynchronous dynamic transfer] Layer ID: 1
2025-12-16 09:15:30,659 INFO [root] public_keys: [{'X': '3576448872002457016033865646312042127867033443764081465234940352872311219440761332378442929811799529662679703913238', 'Y': '3779526684543840982611506790529953511431569792676224417766165787508486161266783058453324115315960564886434662574091'}, {'X': '1421744392098048124356725145687969177491877866694727634901486683728078469090063505456285596112025422847258274954383', 'Y': '2493389134755230869961890273338910842652749885138859093818355026418152732881560162488092730837666211010467551967884'}, {'X': '257742756246932334213860798022376035905594931169220671130531810272450300408887584596307535309130262700562523964231', 'Y': '2437175610787523178984620348603468186691777591934652575703707559106875097061121447580560242421460928385638554891817'}, {'X': '2299196939354634427129027628260506054949276060017345769461573072309487642756617487661307938889400696905007406827688', 'Y': '3023883681345028650570321648434762328313394834156228180896700783270111275820281963201122455480055634050107185794761'}]
2025-12-16 09:15:30,660 INFO [root] layer ID: 1 trans_pre_time: 0.002047300338745117
2025-12-16 09:15:30,660 INFO [root] [3] AVSS tag: 3-0-2-B-AVSS
2025-12-16 09:15:30,660 INFO [root] [3] RBC tag: 3-0-2-B-RBC
2025-12-16 09:15:30,660 INFO [root] enter avss_with_aggtransfer
g = {[6679831729115696150 8653662730902241269 1535610680227111361 17342916647841752903 17135755455211762752 1297449291367578485] [13451288730302620273 10097742279870053774 15949884091978425806 5885175747529691540 1016841820992199104 845620083434234474]}
h = {[13794385998538644597 108816626937764141 12130603454454490125 6127379912259600201 17481961476035825978 950355161936836191] [10722765800778186391 17107915684035394744 11626309118465119103 5217919199071354366 6102759180633827794 660535627654889709]}
Equal? false
2025-12-16 09:15:31,115 INFO [root] [3] Starting reliable broadcast
2025-12-16 09:15:31,115 INFO [root] self.msgmode: avss_with_aggtransfer
2025-12-16 09:15:31,115 INFO [beaver.batch_multiplication] [3] Starting BatchMultiplication
num_generators 50
2025-12-16 09:15:31,299 INFO [beaver.batch_multiplication] Proof hex length: 9288
2025-12-16 09:15:31,300 INFO [beaver.batch_multiplication] Proof size (bytes): 4644
2025-12-16 09:15:31,300 INFO [beaver.batch_multiplication] Proof size (strict bytes): 4644
2025-12-16 09:15:31,300 INFO [beaver.batch_multiplication] [3] Starting ACSS to evaluate 25 multiplication gates
2025-12-16 09:15:31,300 INFO [root] [3] Received OK from [7]
2025-12-16 09:15:31,300 INFO [root] [3] OK set: {7}
2025-12-16 09:15:31,300 INFO [root] output: True
2025-12-16 09:15:31,300 INFO [root] [3] Received OK from [7]
2025-12-16 09:15:31,300 INFO [root] [3] OK set: {7}
2025-12-16 09:15:31,300 INFO [root] output: True
2025-12-16 09:15:31,300 INFO [root] rbc_list: [7, 8, 9, 10, 11]
2025-12-16 09:15:31,300 INFO [root] committee_size: 4
2025-12-16 09:15:31,300 INFO [root] n: 5
2025-12-16 09:15:31,300 INFO [root] f: 1
2025-12-16 09:15:31,300 INFO [root] pid: 3
2025-12-16 09:15:31,300 INFO [root] leader: 3
2025-12-16 09:15:31,300 INFO [root] [3] Sending to 0: 8
2025-12-16 09:15:31,300 INFO [root] [3] Sending to 1: 9
2025-12-16 09:15:31,300 INFO [root] [3] Sending to 2: 10
2025-12-16 09:15:31,300 INFO [root] [3] Sending to 3: 11
2025-12-16 09:15:31,300 INFO [root] [3] Starting AVID disperse
2025-12-16 09:15:31,300 INFO [root] public_keys: [{'X': '3576448872002457016033865646312042127867033443764081465234940352872311219440761332378442929811799529662679703913238', 'Y': '3779526684543840982611506790529953511431569792676224417766165787508486161266783058453324115315960564886434662574091'}, {'X': '1421744392098048124356725145687969177491877866694727634901486683728078469090063505456285596112025422847258274954383', 'Y': '2493389134755230869961890273338910842652749885138859093818355026418152732881560162488092730837666211010467551967884'}, {'X': '257742756246932334213860798022376035905594931169220671130531810272450300408887584596307535309130262700562523964231', 'Y': '2437175610787523178984620348603468186691777591934652575703707559106875097061121447580560242421460928385638554891817'}, {'X': '2299196939354634427129027628260506054949276060017345769461573072309487642756617487661307938889400696905007406827688', 'Y': '3023883681345028650570321648434762328313394834156228180896700783270111275820281963201122455480055634050107185794761'}]
2025-12-16 09:15:31,300 INFO [root] layer ID: 1 mul_pre_time: 0.6406402587890625
2025-12-16 09:15:31,300 INFO [root] layer ID: 1 layer_time: 2.609800100326538
2025-12-16 09:15:31,300 INFO [root] disperse msid: 1-0-1-B-AVSS, index: 2
2025-12-16 09:15:31,300 INFO [root] AVID retrieve called with sid: 1-0-1-B-AVID, index: 2
2025-12-16 09:15:31,300 INFO [root] disperse msid: 1-0-1-B-AVSS, index: 0
2025-12-16 09:15:31,300 INFO [root] AVID retrieve called with sid: 1-0-1-B-AVID, index: 0
2025-12-16 09:15:31,300 INFO [root] [3] Received OK from [5]
2025-12-16 09:15:31,300 INFO [root] [3] OK set: {5, 7}
2025-12-16 09:15:31,300 INFO [root] output: True
2025-12-16 09:15:31,300 INFO [root] [3] Received OK from [4]
2025-12-16 09:15:31,300 INFO [root] [3] OK set: {4, 5, 7}
2025-12-16 09:15:31,301 INFO [root] output: True
2025-12-16 09:15:31,301 INFO [root] [3] Received OK from [5]
2025-12-16 09:15:31,301 INFO [root] [3] OK set: {5, 7}
2025-12-16 09:15:31,301 INFO [root] output: True
2025-12-16 09:15:31,301 INFO [root] [3] Received OK from [6]
2025-12-16 09:15:31,301 INFO [root] [3] OK set: {5, 6, 7}
2025-12-16 09:15:31,301 INFO [root] output: True
2025-12-16 09:15:31,301 INFO [root] [3] Received OK from [4]
2025-12-16 09:15:31,301 INFO [root] [3] OK set: {4, 5, 6, 7}
2025-12-16 09:15:31,301 INFO [root] output: True
2025-12-16 09:15:31,301 INFO [root] [3] exit
2025-12-16 09:15:31,301 INFO [root] [3] Dispersed VAL message to committee
2025-12-16 09:15:31,301 INFO [root] [3] AVSS tag: 3-0-2-B-AVSS
2025-12-16 09:15:31,301 INFO [root] [3] RBC tag: 3-0-2-B-RBC
g = {[6679831729115696150 8653662730902241269 1535610680227111361 17342916647841752903 17135755455211762752 1297449291367578485] [13451288730302620273 10097742279870053774 15949884091978425806 5885175747529691540 1016841820992199104 845620083434234474]}
h = {[13794385998538644597 108816626937764141 12130603454454490125 6127379912259600201 17481961476035825978 950355161936836191] [10722765800778186391 17107915684035394744 11626309118465119103 5217919199071354366 6102759180633827794 660535627654889709]}
Equal? false
2025-12-16 09:15:31,699 INFO [root] [3] Starting reliable broadcast
2025-12-16 09:15:31,700 INFO [root] self.msgmode: avss_with_aggbatch_multiplication
2025-12-16 09:15:31,700 INFO [root] rbc_list: [7, 8, 9, 10, 11]
2025-12-16 09:15:31,700 INFO [root] committee_size: 4
2025-12-16 09:15:31,700 INFO [root] n: 5
2025-12-16 09:15:31,700 INFO [root] f: 1
2025-12-16 09:15:31,700 INFO [root] pid: 3
2025-12-16 09:15:31,700 INFO [root] leader: 3
2025-12-16 09:15:31,700 INFO [root] [3] Sending to 0: 8
2025-12-16 09:15:31,700 INFO [root] [3] Sending to 1: 9
2025-12-16 09:15:31,700 INFO [root] [3] Sending to 2: 10
2025-12-16 09:15:31,700 INFO [root] [3] Sending to 3: 11
2025-12-16 09:15:31,700 INFO [root] [3] Starting AVID disperse
2025-12-16 09:15:31,701 INFO [root] [3] Dispersed VAL message to committee
2025-12-16 09:15:31,704 INFO [root] [3] Received OK from [6]
2025-12-16 09:15:31,704 INFO [root] [3] OK set: {4, 5, 6, 7}
2025-12-16 09:15:31,704 INFO [root] output: True
2025-12-16 09:15:31,704 INFO [root] [3] exit
2025-12-16 09:15:41,307 INFO [root] [3] Bytes Sent: A1:219654 which is 16.604%
2025-12-16 09:15:41,309 INFO [root] [3] Bytes Sent: TR2:318520 which is 24.077%
2025-12-16 09:15:41,309 INFO [root] [3] Bytes Sent: M2:784752 which is 59.319%
2025-12-16 09:15:41,309 INFO [root] [3] Total bytes sent out aa: 1322926
2025-12-16 09:15:41,344 INFO [benchmark_logger] Total bytes sent out: 1322926
my_send_id: 7 exec_time: 7.645494222640991
2025-12-16 09:15:41,383 ERROR [asyncio] Task was destroyed but it is pending!
task: <Task pending name='Task-51' coro=<subscribe_recv.<locals>._recv_loop() running at /opt/dumbo-mpc/dumbo-mpc/AsyRanTriGen/beaver/utils/misc.py:89> wait_for=<Future pending cb=[<TaskWakeupMethWrapper object at 0xffff7bf5f070>()]>>
Exception ignored in: <coroutine object subscribe_recv.<locals>._recv_loop at 0xffff8014af40>
Traceback (most recent call last):
  File "/opt/dumbo-mpc/dumbo-mpc/AsyRanTriGen/beaver/utils/misc.py", line 89, in _recv_loop
    j, (tag, o) = await recv()
  File "/usr/lib/python3.8/asyncio/queues.py", line 165, in get
    getter.cancel()  # Just in case getter is not done yet.
  File "uvloop/loop.pyx", line 1281, in uvloop.loop.Loop.call_soon
  File "uvloop/loop.pyx", line 669, in uvloop.loop.Loop._call_soon
  File "uvloop/loop.pyx", line 678, in uvloop.loop.Loop._call_soon_handle
  File "uvloop/loop.pyx", line 673, in uvloop.loop.Loop._append_ready_handle
  File "uvloop/loop.pyx", line 705, in uvloop.loop.Loop._check_closed
RuntimeError: Event loop is closed
2025-12-16 09:15:41,383 ERROR [asyncio] Task was destroyed but it is pending!
task: <Task pending name='Task-53' coro=<subscribe_recv.<locals>._recv_loop() running at /opt/dumbo-mpc/dumbo-mpc/AsyRanTriGen/beaver/utils/misc.py:89> wait_for=<Future pending cb=[<TaskWakeupMethWrapper object at 0xffff7bf5f880>()]>>
Exception ignored in: <coroutine object subscribe_recv.<locals>._recv_loop at 0xffff801e6540>
Traceback (most recent call last):
  File "/opt/dumbo-mpc/dumbo-mpc/AsyRanTriGen/beaver/utils/misc.py", line 89, in _recv_loop
    j, (tag, o) = await recv()
  File "/usr/lib/python3.8/asyncio/queues.py", line 165, in get
    getter.cancel()  # Just in case getter is not done yet.
  File "uvloop/loop.pyx", line 1281, in uvloop.loop.Loop.call_soon
  File "uvloop/loop.pyx", line 669, in uvloop.loop.Loop._call_soon
  File "uvloop/loop.pyx", line 678, in uvloop.loop.Loop._call_soon_handle
  File "uvloop/loop.pyx", line 673, in uvloop.loop.Loop._append_ready_handle
  File "uvloop/loop.pyx", line 705, in uvloop.loop.Loop._check_closed
RuntimeError: Event loop is closed
2025-12-16 09:15:41,384 ERROR [asyncio] Task was destroyed but it is pending!
task: <Task pending name='Task-58' coro=<ACSS_Foll._recv_loop() running at /opt/dumbo-mpc/dumbo-mpc/AsyRanTriGen/beaver/hbacss.py:3705> wait_for=<Future pending cb=[<TaskWakeupMethWrapper object at 0xffff80171610>()]>>
Exception ignored in: <coroutine object ACSS_Foll._recv_loop at 0xffff801699c0>
Traceback (most recent call last):
  File "/opt/dumbo-mpc/dumbo-mpc/AsyRanTriGen/beaver/hbacss.py", line 3705, in _recv_loop
    await avid.disperse(tag, self.my_id+1, dispersal_msg_list)
  File "/opt/dumbo-mpc/dumbo-mpc/AsyRanTriGen/beaver/broadcast/avid.py", line 461, in disperse
    sender, msg = await self.recv()
  File "/usr/lib/python3.8/asyncio/queues.py", line 165, in get
    getter.cancel()  # Just in case getter is not done yet.
  File "uvloop/loop.pyx", line 1281, in uvloop.loop.Loop.call_soon
  File "uvloop/loop.pyx", line 669, in uvloop.loop.Loop._call_soon
  File "uvloop/loop.pyx", line 678, in uvloop.loop.Loop._call_soon_handle
  File "uvloop/loop.pyx", line 673, in uvloop.loop.Loop._append_ready_handle
  File "uvloop/loop.pyx", line 705, in uvloop.loop.Loop._check_closed
RuntimeError: Event loop is closed
2025-12-16 09:15:41,385 ERROR [asyncio] Task was destroyed but it is pending!
task: <Task pending name='Task-61' coro=<ACSS_Foll._recv_loop() running at /opt/dumbo-mpc/dumbo-mpc/AsyRanTriGen/beaver/hbacss.py:3705> wait_for=<Future pending cb=[<TaskWakeupMethWrapper object at 0xffff800e2b80>()]>>
Exception ignored in: <coroutine object ACSS_Foll._recv_loop at 0xffff80169840>
Traceback (most recent call last):
  File "/opt/dumbo-mpc/dumbo-mpc/AsyRanTriGen/beaver/hbacss.py", line 3705, in _recv_loop
    await avid.disperse(tag, self.my_id+1, dispersal_msg_list)
  File "/opt/dumbo-mpc/dumbo-mpc/AsyRanTriGen/beaver/broadcast/avid.py", line 461, in disperse
    sender, msg = await self.recv()
  File "/usr/lib/python3.8/asyncio/queues.py", line 165, in get
    getter.cancel()  # Just in case getter is not done yet.
  File "uvloop/loop.pyx", line 1281, in uvloop.loop.Loop.call_soon
  File "uvloop/loop.pyx", line 669, in uvloop.loop.Loop._call_soon
  File "uvloop/loop.pyx", line 678, in uvloop.loop.Loop._call_soon_handle
  File "uvloop/loop.pyx", line 673, in uvloop.loop.Loop._append_ready_handle
  File "uvloop/loop.pyx", line 705, in uvloop.loop.Loop._check_closed
RuntimeError: Event loop is closed
2025-12-16 09:15:41,386 ERROR [asyncio] Task was destroyed but it is pending!
task: <Task pending name='Task-60' coro=<ACSS_Foll._recv_loop() running at /opt/dumbo-mpc/dumbo-mpc/AsyRanTriGen/beaver/hbacss.py:3705> wait_for=<Future pending cb=[<TaskWakeupMethWrapper object at 0xffff80152af0>()]>>
Exception ignored in: <coroutine object ACSS_Foll._recv_loop at 0xffff80169b40>
Traceback (most recent call last):
  File "/opt/dumbo-mpc/dumbo-mpc/AsyRanTriGen/beaver/hbacss.py", line 3705, in _recv_loop
    await avid.disperse(tag, self.my_id+1, dispersal_msg_list)
  File "/opt/dumbo-mpc/dumbo-mpc/AsyRanTriGen/beaver/broadcast/avid.py", line 461, in disperse
    sender, msg = await self.recv()
  File "/usr/lib/python3.8/asyncio/queues.py", line 165, in get
    getter.cancel()  # Just in case getter is not done yet.
  File "uvloop/loop.pyx", line 1281, in uvloop.loop.Loop.call_soon
  File "uvloop/loop.pyx", line 669, in uvloop.loop.Loop._call_soon
  File "uvloop/loop.pyx", line 678, in uvloop.loop.Loop._call_soon_handle
  File "uvloop/loop.pyx", line 673, in uvloop.loop.Loop._append_ready_handle
  File "uvloop/loop.pyx", line 705, in uvloop.loop.Loop._check_closed
RuntimeError: Event loop is closed
2025-12-16 09:15:41,387 ERROR [asyncio] Task was destroyed but it is pending!
task: <Task pending name='Task-59' coro=<ACSS_Foll._recv_loop() running at /opt/dumbo-mpc/dumbo-mpc/AsyRanTriGen/beaver/hbacss.py:3705> wait_for=<Future pending cb=[<TaskWakeupMethWrapper object at 0xffff80171400>()]>>
Exception ignored in: <coroutine object ACSS_Foll._recv_loop at 0xffff80169340>
Traceback (most recent call last):
  File "/opt/dumbo-mpc/dumbo-mpc/AsyRanTriGen/beaver/hbacss.py", line 3705, in _recv_loop
    await avid.disperse(tag, self.my_id+1, dispersal_msg_list)
  File "/opt/dumbo-mpc/dumbo-mpc/AsyRanTriGen/beaver/broadcast/avid.py", line 461, in disperse
    sender, msg = await self.recv()
  File "/usr/lib/python3.8/asyncio/queues.py", line 165, in get
    getter.cancel()  # Just in case getter is not done yet.
  File "uvloop/loop.pyx", line 1281, in uvloop.loop.Loop.call_soon
  File "uvloop/loop.pyx", line 669, in uvloop.loop.Loop._call_soon
  File "uvloop/loop.pyx", line 678, in uvloop.loop.Loop._call_soon_handle
  File "uvloop/loop.pyx", line 673, in uvloop.loop.Loop._append_ready_handle
  File "uvloop/loop.pyx", line 705, in uvloop.loop.Loop._check_closed
RuntimeError: Event loop is closed
2025-12-16 09:15:41,388 ERROR [asyncio] Task was destroyed but it is pending!
task: <Task pending name='Task-75' coro=<rbc_dyn() running at /opt/dumbo-mpc/dumbo-mpc/AsyRanTriGen/beaver/broadcast/reliablebroadcast.py:411> wait_for=<Future cancelled>>
Exception ignored in: <coroutine object rbc_dyn at 0xffff7bf63640>
Traceback (most recent call last):
  File "/opt/dumbo-mpc/dumbo-mpc/AsyRanTriGen/beaver/broadcast/reliablebroadcast.py", line 411, in rbc_dyn
    sender, msg = await receive()
  File "/usr/lib/python3.8/asyncio/queues.py", line 165, in get
    getter.cancel()  # Just in case getter is not done yet.
  File "uvloop/loop.pyx", line 1281, in uvloop.loop.Loop.call_soon
  File "uvloop/loop.pyx", line 669, in uvloop.loop.Loop._call_soon
  File "uvloop/loop.pyx", line 678, in uvloop.loop.Loop._call_soon_handle
  File "uvloop/loop.pyx", line 673, in uvloop.loop.Loop._append_ready_handle
  File "uvloop/loop.pyx", line 705, in uvloop.loop.Loop._check_closed
RuntimeError: Event loop is closed
2025-12-16 09:15:41,389 ERROR [asyncio] Task was destroyed but it is pending!
task: <Task pending name='Task-77' coro=<AVID_DYNAMIC.disperse() running at /opt/dumbo-mpc/dumbo-mpc/AsyRanTriGen/beaver/broadcast/avid.py:461> wait_for=<Future cancelled>>
Exception ignored in: <coroutine object AVID_DYNAMIC.disperse at 0xffff7bf612c0>
Traceback (most recent call last):
  File "/opt/dumbo-mpc/dumbo-mpc/AsyRanTriGen/beaver/broadcast/avid.py", line 461, in disperse
    sender, msg = await self.recv()
  File "/usr/lib/python3.8/asyncio/queues.py", line 165, in get
    getter.cancel()  # Just in case getter is not done yet.
  File "uvloop/loop.pyx", line 1281, in uvloop.loop.Loop.call_soon
  File "uvloop/loop.pyx", line 669, in uvloop.loop.Loop._call_soon
  File "uvloop/loop.pyx", line 678, in uvloop.loop.Loop._call_soon_handle
  File "uvloop/loop.pyx", line 673, in uvloop.loop.Loop._append_ready_handle
  File "uvloop/loop.pyx", line 705, in uvloop.loop.Loop._check_closed
RuntimeError: Event loop is closed
2025-12-16 09:15:41,389 ERROR [asyncio] Task was destroyed but it is pending!
task: <Task pending name='Task-62' coro=<subscribe_recv.<locals>._recv_loop() running at /opt/dumbo-mpc/dumbo-mpc/AsyRanTriGen/beaver/utils/misc.py:89> wait_for=<Future pending cb=[<TaskWakeupMethWrapper object at 0xffff800e2160>()]>>
2025-12-16 09:15:41,389 ERROR [asyncio] Task was destroyed but it is pending!
task: <Task pending name='Task-65' coro=<subscribe_recv.<locals>._recv_loop() running at /opt/dumbo-mpc/dumbo-mpc/AsyRanTriGen/beaver/utils/misc.py:89> wait_for=<Future pending cb=[<TaskWakeupMethWrapper object at 0xffff800e2bb0>()]>>
2025-12-16 09:15:41,389 ERROR [asyncio] Task was destroyed but it is pending!
task: <Task pending name='Task-67' coro=<subscribe_recv.<locals>._recv_loop() running at /opt/dumbo-mpc/dumbo-mpc/AsyRanTriGen/beaver/utils/misc.py:89> wait_for=<Future pending cb=[<TaskWakeupMethWrapper object at 0xffff7bf5f040>()]>>
Exception ignored in: <coroutine object subscribe_recv.<locals>._recv_loop at 0xffff800d5640>
Traceback (most recent call last):
  File "/opt/dumbo-mpc/dumbo-mpc/AsyRanTriGen/beaver/utils/misc.py", line 89, in _recv_loop
    j, (tag, o) = await recv()
  File "/usr/lib/python3.8/asyncio/queues.py", line 165, in get
    getter.cancel()  # Just in case getter is not done yet.
  File "uvloop/loop.pyx", line 1281, in uvloop.loop.Loop.call_soon
  File "uvloop/loop.pyx", line 669, in uvloop.loop.Loop._call_soon
  File "uvloop/loop.pyx", line 678, in uvloop.loop.Loop._call_soon_handle
  File "uvloop/loop.pyx", line 673, in uvloop.loop.Loop._append_ready_handle
  File "uvloop/loop.pyx", line 705, in uvloop.loop.Loop._check_closed
RuntimeError: Event loop is closed
Exception ignored in: <coroutine object subscribe_recv.<locals>._recv_loop at 0xffff7bffb940>
Traceback (most recent call last):
  File "/opt/dumbo-mpc/dumbo-mpc/AsyRanTriGen/beaver/utils/misc.py", line 89, in _recv_loop
    j, (tag, o) = await recv()
  File "/usr/lib/python3.8/asyncio/queues.py", line 165, in get
    getter.cancel()  # Just in case getter is not done yet.
  File "uvloop/loop.pyx", line 1281, in uvloop.loop.Loop.call_soon
  File "uvloop/loop.pyx", line 669, in uvloop.loop.Loop._call_soon
  File "uvloop/loop.pyx", line 678, in uvloop.loop.Loop._call_soon_handle
  File "uvloop/loop.pyx", line 673, in uvloop.loop.Loop._append_ready_handle
  File "uvloop/loop.pyx", line 705, in uvloop.loop.Loop._check_closed
RuntimeError: Event loop is closed
Exception ignored in: <coroutine object subscribe_recv.<locals>._recv_loop at 0xffff7bffbd40>
Traceback (most recent call last):
  File "/opt/dumbo-mpc/dumbo-mpc/AsyRanTriGen/beaver/utils/misc.py", line 89, in _recv_loop
    j, (tag, o) = await recv()
  File "/usr/lib/python3.8/asyncio/queues.py", line 165, in get
    getter.cancel()  # Just in case getter is not done yet.
  File "uvloop/loop.pyx", line 1281, in uvloop.loop.Loop.call_soon
  File "uvloop/loop.pyx", line 669, in uvloop.loop.Loop._call_soon
  File "uvloop/loop.pyx", line 678, in uvloop.loop.Loop._call_soon_handle
  File "uvloop/loop.pyx", line 673, in uvloop.loop.Loop._append_ready_handle
  File "uvloop/loop.pyx", line 705, in uvloop.loop.Loop._check_closed
RuntimeError: Event loop is closed
2025-12-16 09:15:41,389 ERROR [asyncio] Task was destroyed but it is pending!
task: <Task pending name='Task-73' coro=<subscribe_recv.<locals>._recv_loop() running at /opt/dumbo-mpc/dumbo-mpc/AsyRanTriGen/beaver/utils/misc.py:89> wait_for=<Future pending cb=[<TaskWakeupMethWrapper object at 0xffff80167a90>()]>>
2025-12-16 09:15:41,389 ERROR [asyncio] Task was destroyed but it is pending!
task: <Task pending name='Task-69' coro=<rbc_dyn() running at /opt/dumbo-mpc/dumbo-mpc/AsyRanTriGen/beaver/broadcast/reliablebroadcast.py:411> wait_for=<Future pending cb=[<TaskWakeupMethWrapper object at 0xffff7bf5f0d0>()]>>
Exception ignored in: <coroutine object subscribe_recv.<locals>._recv_loop at 0xffff7bf61040>
Traceback (most recent call last):
  File "/opt/dumbo-mpc/dumbo-mpc/AsyRanTriGen/beaver/utils/misc.py", line 89, in _recv_loop
    j, (tag, o) = await recv()
  File "/usr/lib/python3.8/asyncio/queues.py", line 165, in get
    getter.cancel()  # Just in case getter is not done yet.
  File "uvloop/loop.pyx", line 1281, in uvloop.loop.Loop.call_soon
  File "uvloop/loop.pyx", line 669, in uvloop.loop.Loop._call_soon
  File "uvloop/loop.pyx", line 678, in uvloop.loop.Loop._call_soon_handle
  File "uvloop/loop.pyx", line 673, in uvloop.loop.Loop._append_ready_handle
  File "uvloop/loop.pyx", line 705, in uvloop.loop.Loop._check_closed
RuntimeError: Event loop is closed
2025-12-16 09:15:41,390 ERROR [asyncio] Task was destroyed but it is pending!
task: <Task pending name='Task-72' coro=<AVID_DYNAMIC.disperse() running at /opt/dumbo-mpc/dumbo-mpc/AsyRanTriGen/beaver/broadcast/avid.py:461> wait_for=<Future pending cb=[<TaskWakeupMethWrapper object at 0xffff80171970>()]>>
Exception ignored in: <coroutine object rbc_dyn at 0xffff7bffbcc0>
Traceback (most recent call last):
  File "/opt/dumbo-mpc/dumbo-mpc/AsyRanTriGen/beaver/broadcast/reliablebroadcast.py", line 411, in rbc_dyn
    sender, msg = await receive()
  File "/usr/lib/python3.8/asyncio/queues.py", line 165, in get
    getter.cancel()  # Just in case getter is not done yet.
  File "uvloop/loop.pyx", line 1281, in uvloop.loop.Loop.call_soon
  File "uvloop/loop.pyx", line 669, in uvloop.loop.Loop._call_soon
  File "uvloop/loop.pyx", line 678, in uvloop.loop.Loop._call_soon_handle
  File "uvloop/loop.pyx", line 673, in uvloop.loop.Loop._append_ready_handle
  File "uvloop/loop.pyx", line 705, in uvloop.loop.Loop._check_closed
RuntimeError: Event loop is closed
Exception ignored in: <coroutine object AVID_DYNAMIC.disperse at 0xffff7bf636c0>
Traceback (most recent call last):
  File "/opt/dumbo-mpc/dumbo-mpc/AsyRanTriGen/beaver/broadcast/avid.py", line 461, in disperse
    sender, msg = await self.recv()
  File "/usr/lib/python3.8/asyncio/queues.py", line 165, in get
    getter.cancel()  # Just in case getter is not done yet.
  File "uvloop/loop.pyx", line 1281, in uvloop.loop.Loop.call_soon
  File "uvloop/loop.pyx", line 669, in uvloop.loop.Loop._call_soon
  File "uvloop/loop.pyx", line 678, in uvloop.loop.Loop._call_soon_handle
  File "uvloop/loop.pyx", line 673, in uvloop.loop.Loop._append_ready_handle
  File "uvloop/loop.pyx", line 705, in uvloop.loop.Loop._check_closed
RuntimeError: Event loop is closed
