2025-08-11 05:59:14,064:[dual_mode.py:149]:[INFO]: [1] start OptRanTriGen
2025-08-11 05:59:14,065:[dual_mode.py:159]:[INFO]: [1] start 1-th OptRanTriGen instance
2025-08-11 05:59:14,183:[mpc.py:30]:[INFO]: Mpc.__init__()
Mpc.__init__()
2025-08-11 05:59:14,184:[mpc.py:227]:[INFO]: entering Mpc._run()
2025-08-11 05:59:14,676:[dual_mode.py:187]:[INFO]: [1] finished 1-th OptRanTriGen instance, time: 0.6115760803222656
2025-08-11 05:59:14,677:[dual_mode.py:159]:[INFO]: [1] start 2-th OptRanTriGen instance
2025-08-11 05:59:14,681:[mpc.py:30]:[INFO]: Mpc.__init__()
Mpc.__init__()
2025-08-11 05:59:14,681:[mpc.py:227]:[INFO]: entering Mpc._run()
2025-08-11 05:59:15,190:[dual_mode.py:187]:[INFO]: [1] finished 2-th OptRanTriGen instance, time: 0.5135254859924316
2025-08-11 05:59:15,190:[dual_mode.py:159]:[INFO]: [1] start 3-th OptRanTriGen instance
2025-08-11 05:59:15,195:[mpc.py:30]:[INFO]: Mpc.__init__()
Mpc.__init__()
2025-08-11 05:59:15,196:[mpc.py:227]:[INFO]: entering Mpc._run()
2025-08-11 05:59:15,703:[dual_mode.py:178]:[INFO]: [1] output 1-th triples
2025-08-11 05:59:15,703:[dual_mode.py:187]:[INFO]: [1] finished 3-th OptRanTriGen instance, time: 0.5120763778686523
2025-08-11 05:59:15,703:[dual_mode.py:159]:[INFO]: [1] start 4-th OptRanTriGen instance
2025-08-11 05:59:15,706:[mpc.py:30]:[INFO]: Mpc.__init__()
Mpc.__init__()
2025-08-11 05:59:15,707:[mpc.py:227]:[INFO]: entering Mpc._run()
2025-08-11 05:59:16,221:[dual_mode.py:178]:[INFO]: [1] output 2-th triples
2025-08-11 05:59:16,222:[dual_mode.py:187]:[INFO]: [1] finished 4-th OptRanTriGen instance, time: 0.5187489986419678
2025-08-11 05:59:16,222:[dual_mode.py:159]:[INFO]: [1] start 5-th OptRanTriGen instance
2025-08-11 05:59:16,226:[mpc.py:30]:[INFO]: Mpc.__init__()
Mpc.__init__()
2025-08-11 05:59:16,226:[mpc.py:227]:[INFO]: entering Mpc._run()
2025-08-11 05:59:16,736:[dual_mode.py:178]:[INFO]: [1] output 3-th triples
2025-08-11 05:59:16,736:[dual_mode.py:187]:[INFO]: [1] finished 5-th OptRanTriGen instance, time: 0.5145516395568848
2025-08-11 05:59:16,736:[dual_mode.py:159]:[INFO]: [1] start 6-th OptRanTriGen instance
2025-08-11 05:59:16,740:[mpc.py:30]:[INFO]: Mpc.__init__()
Mpc.__init__()
2025-08-11 05:59:16,741:[mpc.py:227]:[INFO]: entering Mpc._run()
2025-08-11 05:59:17,252:[dual_mode.py:178]:[INFO]: [1] output 4-th triples
2025-08-11 05:59:17,252:[dual_mode.py:187]:[INFO]: [1] finished 6-th OptRanTriGen instance, time: 0.5153286457061768
2025-08-11 05:59:17,252:[dual_mode.py:159]:[INFO]: [1] start 7-th OptRanTriGen instance
2025-08-11 05:59:17,254:[mpc.py:30]:[INFO]: Mpc.__init__()
Mpc.__init__()
2025-08-11 05:59:17,255:[mpc.py:227]:[INFO]: entering Mpc._run()
2025-08-11 05:59:17,759:[dual_mode.py:178]:[INFO]: [1] output 5-th triples
2025-08-11 05:59:17,759:[dual_mode.py:187]:[INFO]: [1] finished 7-th OptRanTriGen instance, time: 0.507246732711792
2025-08-11 05:59:17,759:[dual_mode.py:159]:[INFO]: [1] start 8-th OptRanTriGen instance
2025-08-11 05:59:17,762:[mpc.py:30]:[INFO]: Mpc.__init__()
Mpc.__init__()
2025-08-11 05:59:17,762:[mpc.py:227]:[INFO]: entering Mpc._run()
2025-08-11 05:59:18,274:[dual_mode.py:178]:[INFO]: [1] output 6-th triples
2025-08-11 05:59:18,274:[dual_mode.py:187]:[INFO]: [1] finished 8-th OptRanTriGen instance, time: 0.5150964260101318
2025-08-11 05:59:18,274:[dual_mode.py:159]:[INFO]: [1] start 9-th OptRanTriGen instance
2025-08-11 05:59:18,278:[mpc.py:30]:[INFO]: Mpc.__init__()
Mpc.__init__()
2025-08-11 05:59:18,279:[mpc.py:227]:[INFO]: entering Mpc._run()
2025-08-11 05:59:18,786:[dual_mode.py:178]:[INFO]: [1] output 7-th triples
2025-08-11 05:59:18,787:[dual_mode.py:187]:[INFO]: [1] finished 9-th OptRanTriGen instance, time: 0.5120735168457031
2025-08-11 05:59:18,787:[dual_mode.py:159]:[INFO]: [1] start 10-th OptRanTriGen instance
2025-08-11 05:59:18,789:[mpc.py:30]:[INFO]: Mpc.__init__()
Mpc.__init__()
2025-08-11 05:59:18,789:[mpc.py:227]:[INFO]: entering Mpc._run()
2025-08-11 05:59:18,792:[dual_mode.py:97]:[INFO]: [1] Starting tcv-BA
2025-08-11 05:59:18,792:[dual_mode.py:104]:[INFO]: [1] proposal: 9
2025-08-11 05:59:18,906:[dual_mode.py:108]:[INFO]: [1] tcv-BA finished! agreed round: 9, time:0.1141657829284668 (seconds)
2025-08-11 05:59:19,302:[dual_mode.py:178]:[INFO]: [1] output 8-th triples
2025-08-11 05:59:19,303:[dual_mode.py:220]:[INFO]: [1] Total bytes sent out aa: 30348
2025-08-11 05:59:19,303:[dual_mode.py:221]:[INFO]: [1] OptRanTriGen finished! triples: 18, time: 5.236983776092529 (seconds)
hidden g = {[6679831729115696150 8653662730902241269 1535610680227111361 17342916647841752903 17135755455211762752 1297449291367578485] [13451288730302620273 10097742279870053774 15949884091978425806 5885175747529691540 1016841820992199104 845620083434234474]}
hidden h = {[13794385998538644597 108816626937764141 12130603454454490125 6127379912259600201 17481961476035825978 950355161936836191] [10722765800778186391 17107915684035394744 11626309118465119103 5217919199071354366 6102759180633827794 660535627654889709]}
hidden Equal? false
025-08-11 05:59:20,003:[hbacss.py:1885]:[INFO]: before reliablebroadcast
2025-08-11 05:59:20,053:[hbacss.py:1897]:[INFO]: after reliablebroadcast
2025-08-11 05:59:20,053:[hbacss.py:263]:[INFO]: enter _process_avss_msg
2025-08-11 05:59:20,053:[avid.py:72]:[INFO]: AVID retrieve called with sid: 3-0-B-AVSS, index: 1
2025-08-11 05:59:20,053:[hbacss.py:1897]:[INFO]: after reliablebroadcast
2025-08-11 05:59:20,053:[hbacss.py:263]:[INFO]: enter _process_avss_msg
2025-08-11 05:59:20,053:[avid.py:72]:[INFO]: AVID retrieve called with sid: 1-0-B-AVSS, index: 1
2025-08-11 05:59:20,054:[hbacss.py:1897]:[INFO]: after reliablebroadcast
2025-08-11 05:59:20,054:[hbacss.py:263]:[INFO]: enter _process_avss_msg
2025-08-11 05:59:20,054:[avid.py:72]:[INFO]: AVID retrieve called with sid: 2-0-B-AVSS, index: 1
2025-08-11 05:59:20,054:[hbacss.py:1897]:[INFO]: after reliablebroadcast
2025-08-11 05:59:20,054:[hbacss.py:263]:[INFO]: enter _process_avss_msg
2025-08-11 05:59:20,054:[avid.py:72]:[INFO]: AVID retrieve called with sid: 0-0-B-AVSS, index: 1
2025-08-11 05:59:20,056:[avid.py:77]:[INFO]: 1-0-B-AVSS 1 RETRIEVE called.
2025-08-11 05:59:20,057:[avid.py:77]:[INFO]: 0-0-B-AVSS 1 RETRIEVE called.
2025-08-11 05:59:20,057:[avid.py:77]:[INFO]: 2-0-B-AVSS 1 RETRIEVE called.
2025-08-11 05:59:20,061:[hbacss.py:286]:[INFO]: after self._handle_dealer_msgs
2025-08-11 05:59:20,065:[hbacss.py:286]:[INFO]: after self._handle_dealer_msgs
2025-08-11 05:59:20,070:[hbacss.py:286]:[INFO]: after self._handle_dealer_msgs
2025-08-11 05:59:20,072:[avid.py:77]:[INFO]: 3-0-B-AVSS 1 RETRIEVE called.
2025-08-11 05:59:20,078:[hbacss.py:286]:[INFO]: after self._handle_dealer_msgs
2025-08-11 05:59:20,083:[beaver.py:211]:[INFO]: [1] [random share generation] Starting ACS where node 1 is set as leader 
2025-08-11 05:59:20,083:[beaver.py:212]:[INFO]: [1] [random share generation] The proposal is [1, 2, 0]
2025-08-11 05:59:20,083:[otmvba.py:89]:[INFO]: enter handle_message
2025-08-11 05:59:20,083:[otmvba.py:98]:[INFO]: [1] I am the leader, broadcasting my input
2025-08-11 05:59:20,083:[otmvba.py:93]:[INFO]: [1] Broadcasting to 0
2025-08-11 05:59:20,083:[otmvba.py:93]:[INFO]: [1] Broadcasting to 1
2025-08-11 05:59:20,083:[otmvba.py:93]:[INFO]: [1] Broadcasting to 2
2025-08-11 05:59:20,083:[otmvba.py:93]:[INFO]: [1] Broadcasting to 3
2025-08-11 05:59:20,083:[otmvba.py:192]:[INFO]: [1] value-self.acss_outputs.keys():dict_keys([1, 2, 0])
2025-08-11 05:59:20,084:[otmvba.py:202]:[INFO]: [1] --Directly send the proposal!--
2025-08-11 05:59:20,107:[otmvba.py:93]:[INFO]: [1] Broadcasting to 0
2025-08-11 05:59:20,107:[otmvba.py:93]:[INFO]: [1] Broadcasting to 1
2025-08-11 05:59:20,107:[otmvba.py:93]:[INFO]: [1] Broadcasting to 2
2025-08-11 05:59:20,108:[otmvba.py:93]:[INFO]: [1] Broadcasting to 3
2025-08-11 05:59:20,135:[otmvba.py:93]:[INFO]: [1] Broadcasting to 0
2025-08-11 05:59:20,135:[otmvba.py:93]:[INFO]: [1] Broadcasting to 1
2025-08-11 05:59:20,135:[otmvba.py:93]:[INFO]: [1] Broadcasting to 2
2025-08-11 05:59:20,135:[otmvba.py:93]:[INFO]: [1] Broadcasting to 3
2025-08-11 05:59:20,141:[otmvba.py:93]:[INFO]: [1] Broadcasting to 0
2025-08-11 05:59:20,141:[otmvba.py:93]:[INFO]: [1] Broadcasting to 1
2025-08-11 05:59:20,141:[otmvba.py:93]:[INFO]: [1] Broadcasting to 2
2025-08-11 05:59:20,141:[otmvba.py:93]:[INFO]: [1] Broadcasting to 3
2025-08-11 05:59:20,157:[otmvba.py:93]:[INFO]: [1] Broadcasting to 0
2025-08-11 05:59:20,157:[otmvba.py:93]:[INFO]: [1] Broadcasting to 1
2025-08-11 05:59:20,158:[otmvba.py:93]:[INFO]: [1] Broadcasting to 2
2025-08-11 05:59:20,158:[otmvba.py:93]:[INFO]: [1] Broadcasting to 3
2025-08-11 05:59:20,158:[beaver.py:228]:[INFO]: [1] [random share generation] The ACS set is [0, 1, 2]
2025-08-11 05:59:20,158:[beaver.py:230]:[INFO]: [1] [random share generation] Starting compute random shares
2025-08-11 05:59:20,160:[beaver.py:233]:[INFO]: [1] [random share generation] Obtaining total 4 random shares!
2025-08-11 05:59:20,160:[beaver.py:236]:[INFO]: [1] Starting to generate triples over random shares
2025-08-11 05:59:20,160:[beaver.py:237]:[INFO]: [1] [beaver triple generation] Starting to re-share product of random shares
2025-08-11 05:59:20,160:[hbacss.py:1885]:[INFO]: before reliablebroadcast
2025-08-11 05:59:20,174:[hbacss.py:415]:[INFO]: prodProofs size: 2368 bytes
2025-08-11 05:59:20,174:[hbacss.py:416]:[INFO]: prodProofs count: 2
2025-08-11 05:59:20,175:[hbacss.py:1464]:[INFO]: before return dumps
2025-08-11 05:59:20,175:[hbacss.py:1885]:[INFO]: before reliablebroadcast
2025-08-11 05:59:20,175:[hbacss.py:1885]:[INFO]: before reliablebroadcast
2025-08-11 05:59:20,175:[hbacss.py:1885]:[INFO]: before reliablebroadcast
2025-08-11 05:59:20,178:[hbacss.py:1897]:[INFO]: after reliablebroadcast
2025-08-11 05:59:20,178:[hbacss.py:263]:[INFO]: enter _process_avss_msg
2025-08-11 05:59:20,178:[avid.py:72]:[INFO]: AVID retrieve called with sid: 3-0-B-AVSS, index: 1
2025-08-11 05:59:20,178:[hbacss.py:1897]:[INFO]: after reliablebroadcast
2025-08-11 05:59:20,178:[hbacss.py:263]:[INFO]: enter _process_avss_msg
2025-08-11 05:59:20,178:[avid.py:72]:[INFO]: AVID retrieve called with sid: 1-0-B-AVSS, index: 1
2025-08-11 05:59:20,181:[hbacss.py:1897]:[INFO]: after reliablebroadcast
2025-08-11 05:59:20,182:[hbacss.py:263]:[INFO]: enter _process_avss_msg
2025-08-11 05:59:20,182:[avid.py:72]:[INFO]: AVID retrieve called with sid: 0-0-B-AVSS, index: 1
2025-08-11 05:59:20,182:[avid.py:77]:[INFO]: 3-0-B-AVSS 1 RETRIEVE called.
2025-08-11 05:59:20,182:[avid.py:77]:[INFO]: 1-0-B-AVSS 1 RETRIEVE called.
2025-08-11 05:59:20,196:[hbacss.py:286]:[INFO]: after self._handle_dealer_msgs
2025-08-11 05:59:20,210:[hbacss.py:286]:[INFO]: after self._handle_dealer_msgs
2025-08-11 05:59:20,218:[avid.py:77]:[INFO]: 0-0-B-AVSS 1 RETRIEVE called.
2025-08-11 05:59:20,219:[hbacss.py:1897]:[INFO]: after reliablebroadcast
2025-08-11 05:59:20,219:[hbacss.py:263]:[INFO]: enter _process_avss_msg
2025-08-11 05:59:20,219:[avid.py:72]:[INFO]: AVID retrieve called with sid: 2-0-B-AVSS, index: 1
2025-08-11 05:59:20,271:[hbacss.py:286]:[INFO]: after self._handle_dealer_msgs
2025-08-11 05:59:20,272:[beaver.py:249]:[INFO]: [1] [beaver triple generation] Starting to ACS where 2 is set as leader 
2025-08-11 05:59:20,272:[beaver.py:251]:[INFO]: [1] [beaver triple generation] The proposal of node 1 is [3, 1, 0]
2025-08-11 05:59:20,272:[otmvba.py:89]:[INFO]: enter handle_message
2025-08-11 05:59:20,273:[otmvba.py:192]:[INFO]: [1] value-self.acss_outputs.keys():dict_keys([3, 1, 0])
2025-08-11 05:59:20,274:[otmvba.py:202]:[INFO]: [1] --Directly send the proposal!--
2025-08-11 05:59:20,276:[avid.py:77]:[INFO]: 2-0-B-AVSS 1 RETRIEVE called.
2025-08-11 05:59:20,292:[hbacss.py:286]:[INFO]: after self._handle_dealer_msgs
2025-08-11 05:59:20,350:[otmvba.py:93]:[INFO]: [1] Broadcasting to 0
2025-08-11 05:59:20,350:[otmvba.py:93]:[INFO]: [1] Broadcasting to 1
2025-08-11 05:59:20,350:[otmvba.py:93]:[INFO]: [1] Broadcasting to 2
2025-08-11 05:59:20,350:[otmvba.py:93]:[INFO]: [1] Broadcasting to 3
2025-08-11 05:59:20,357:[otmvba.py:93]:[INFO]: [1] Broadcasting to 0
2025-08-11 05:59:20,357:[otmvba.py:93]:[INFO]: [1] Broadcasting to 1
2025-08-11 05:59:20,357:[otmvba.py:93]:[INFO]: [1] Broadcasting to 2
2025-08-11 05:59:20,357:[otmvba.py:93]:[INFO]: [1] Broadcasting to 3
2025-08-11 05:59:20,357:[beaver.py:267]:[INFO]: [1] [beaver triple generation] The ACS set is [0, 1, 3]
2025-08-11 05:59:20,358:[beaver.py:289]:[INFO]: [1] [beaver triple generation] AsyRanTriGen finished! total triple number in AsyRanTriGen phase: 2, time: 0.3642852306365967 (seconds)
2025-08-11 05:59:20,358:[beaver.py:294]:[INFO]: [1] Bytes Sent: R_A:24506 which is 23.366%
2025-08-11 05:59:20,358:[beaver.py:294]:[INFO]: [1] Bytes Sent: ACS:1637 which is 1.561%
2025-08-11 05:59:20,358:[beaver.py:294]:[INFO]: [1] Bytes Sent: B_A:78736 which is 75.073%
2025-08-11 05:59:20,358:[beaver.py:295]:[INFO]: [1] Total bytes sent out aa: 104879
