2025-08-11 05:59:14,047:[dual_mode.py:149]:[INFO]: [0] start OptRanTriGen
2025-08-11 05:59:14,047:[dual_mode.py:159]:[INFO]: [0] start 1-th OptRanTriGen instance
2025-08-11 05:59:14,670:[mpc.py:30]:[INFO]: Mpc.__init__()
Mpc.__init__()
2025-08-11 05:59:14,670:[mpc.py:227]:[INFO]: entering Mpc._run()
2025-08-11 05:59:14,676:[dual_mode.py:187]:[INFO]: [0] finished 1-th OptRanTriGen instance, time: 0.628983736038208
2025-08-11 05:59:14,676:[dual_mode.py:159]:[INFO]: [0] start 2-th OptRanTriGen instance
2025-08-11 05:59:15,182:[mpc.py:30]:[INFO]: Mpc.__init__()
Mpc.__init__()
2025-08-11 05:59:15,183:[mpc.py:227]:[INFO]: entering Mpc._run()
2025-08-11 05:59:15,190:[dual_mode.py:187]:[INFO]: [0] finished 2-th OptRanTriGen instance, time: 0.5142922401428223
2025-08-11 05:59:15,190:[dual_mode.py:159]:[INFO]: [0] start 3-th OptRanTriGen instance
2025-08-11 05:59:15,697:[mpc.py:30]:[INFO]: Mpc.__init__()
Mpc.__init__()
2025-08-11 05:59:15,698:[mpc.py:227]:[INFO]: entering Mpc._run()
2025-08-11 05:59:15,703:[dual_mode.py:178]:[INFO]: [0] output 1-th triples
2025-08-11 05:59:15,703:[dual_mode.py:187]:[INFO]: [0] finished 3-th OptRanTriGen instance, time: 0.5121726989746094
2025-08-11 05:59:15,703:[dual_mode.py:159]:[INFO]: [0] start 4-th OptRanTriGen instance
2025-08-11 05:59:16,214:[mpc.py:30]:[INFO]: Mpc.__init__()
Mpc.__init__()
2025-08-11 05:59:16,215:[mpc.py:227]:[INFO]: entering Mpc._run()
2025-08-11 05:59:16,221:[dual_mode.py:178]:[INFO]: [0] output 2-th triples
2025-08-11 05:59:16,222:[dual_mode.py:187]:[INFO]: [0] finished 4-th OptRanTriGen instance, time: 0.5186464786529541
2025-08-11 05:59:16,222:[dual_mode.py:159]:[INFO]: [0] start 5-th OptRanTriGen instance
2025-08-11 05:59:16,729:[mpc.py:30]:[INFO]: Mpc.__init__()
Mpc.__init__()
2025-08-11 05:59:16,730:[mpc.py:227]:[INFO]: entering Mpc._run()
2025-08-11 05:59:16,736:[dual_mode.py:178]:[INFO]: [0] output 3-th triples
2025-08-11 05:59:16,736:[dual_mode.py:187]:[INFO]: [0] finished 5-th OptRanTriGen instance, time: 0.5140852928161621
2025-08-11 05:59:16,736:[dual_mode.py:159]:[INFO]: [0] start 6-th OptRanTriGen instance
2025-08-11 05:59:17,244:[mpc.py:30]:[INFO]: Mpc.__init__()
Mpc.__init__()
2025-08-11 05:59:17,245:[mpc.py:227]:[INFO]: entering Mpc._run()
2025-08-11 05:59:17,252:[dual_mode.py:178]:[INFO]: [0] output 4-th triples
2025-08-11 05:59:17,252:[dual_mode.py:187]:[INFO]: [0] finished 6-th OptRanTriGen instance, time: 0.5158205032348633
2025-08-11 05:59:17,252:[dual_mode.py:159]:[INFO]: [0] start 7-th OptRanTriGen instance
2025-08-11 05:59:17,756:[mpc.py:30]:[INFO]: Mpc.__init__()
Mpc.__init__()
2025-08-11 05:59:17,756:[mpc.py:227]:[INFO]: entering Mpc._run()
2025-08-11 05:59:17,759:[dual_mode.py:178]:[INFO]: [0] output 5-th triples
2025-08-11 05:59:17,759:[dual_mode.py:187]:[INFO]: [0] finished 7-th OptRanTriGen instance, time: 0.5071208477020264
2025-08-11 05:59:17,759:[dual_mode.py:159]:[INFO]: [0] start 8-th OptRanTriGen instance
2025-08-11 05:59:18,269:[mpc.py:30]:[INFO]: Mpc.__init__()
Mpc.__init__()
2025-08-11 05:59:18,270:[mpc.py:227]:[INFO]: entering Mpc._run()
2025-08-11 05:59:18,275:[dual_mode.py:178]:[INFO]: [0] output 6-th triples
2025-08-11 05:59:18,275:[dual_mode.py:187]:[INFO]: [0] finished 8-th OptRanTriGen instance, time: 0.5154833793640137
2025-08-11 05:59:18,275:[dual_mode.py:159]:[INFO]: [0] start 9-th OptRanTriGen instance
2025-08-11 05:59:18,781:[mpc.py:30]:[INFO]: Mpc.__init__()
Mpc.__init__()
2025-08-11 05:59:18,782:[mpc.py:227]:[INFO]: entering Mpc._run()
2025-08-11 05:59:18,786:[dual_mode.py:178]:[INFO]: [0] output 7-th triples
2025-08-11 05:59:18,786:[dual_mode.py:187]:[INFO]: [0] finished 9-th OptRanTriGen instance, time: 0.5112113952636719
2025-08-11 05:59:18,786:[dual_mode.py:159]:[INFO]: [0] start 10-th OptRanTriGen instance
2025-08-11 05:59:18,792:[dual_mode.py:97]:[INFO]: [0] Starting tcv-BA
2025-08-11 05:59:18,792:[dual_mode.py:104]:[INFO]: [0] proposal: 9
2025-08-11 05:59:18,910:[dual_mode.py:108]:[INFO]: [0] tcv-BA finished! agreed round: 9, time:0.11773943901062012 (seconds)
2025-08-11 05:59:19,292:[mpc.py:30]:[INFO]: Mpc.__init__()
Mpc.__init__()
2025-08-11 05:59:19,293:[mpc.py:227]:[INFO]: entering Mpc._run()
2025-08-11 05:59:19,301:[dual_mode.py:178]:[INFO]: [0] output 8-th triples
2025-08-11 05:59:19,303:[dual_mode.py:220]:[INFO]: [0] Total bytes sent out aa: 30349
2025-08-11 05:59:19,303:[dual_mode.py:221]:[INFO]: [0] OptRanTriGen finished! triples: 18, time: 5.254314422607422 (seconds)
hidden g = {[6679831729115696150 8653662730902241269 1535610680227111361 17342916647841752903 17135755455211762752 1297449291367578485] [13451288730302620273 10097742279870053774 15949884091978425806 5885175747529691540 1016841820992199104 845620083434234474]}
hidden h = {[13794385998538644597 108816626937764141 12130603454454490125 6127379912259600201 17481961476035825978 950355161936836191] [10722765800778186391 17107915684035394744 11626309118465119103 5217919199071354366 6102759180633827794 660535627654889709]}
hidden Equal? false
025-08-11 05:59:19,932:[hbacss.py:1885]:[INFO]: before reliablebroadcast
2025-08-11 05:59:20,053:[hbacss.py:1897]:[INFO]: after reliablebroadcast
2025-08-11 05:59:20,053:[hbacss.py:263]:[INFO]: enter _process_avss_msg
2025-08-11 05:59:20,053:[avid.py:72]:[INFO]: AVID retrieve called with sid: 3-0-B-AVSS, index: 0
2025-08-11 05:59:20,053:[hbacss.py:1897]:[INFO]: after reliablebroadcast
2025-08-11 05:59:20,053:[hbacss.py:263]:[INFO]: enter _process_avss_msg
2025-08-11 05:59:20,053:[avid.py:72]:[INFO]: AVID retrieve called with sid: 1-0-B-AVSS, index: 0
2025-08-11 05:59:20,054:[hbacss.py:1897]:[INFO]: after reliablebroadcast
2025-08-11 05:59:20,054:[hbacss.py:263]:[INFO]: enter _process_avss_msg
2025-08-11 05:59:20,054:[avid.py:72]:[INFO]: AVID retrieve called with sid: 2-0-B-AVSS, index: 0
2025-08-11 05:59:20,054:[hbacss.py:1897]:[INFO]: after reliablebroadcast
2025-08-11 05:59:20,054:[hbacss.py:263]:[INFO]: enter _process_avss_msg
2025-08-11 05:59:20,054:[avid.py:72]:[INFO]: AVID retrieve called with sid: 0-0-B-AVSS, index: 0
2025-08-11 05:59:20,056:[avid.py:77]:[INFO]: 1-0-B-AVSS 0 RETRIEVE called.
2025-08-11 05:59:20,057:[avid.py:77]:[INFO]: 2-0-B-AVSS 0 RETRIEVE called.
2025-08-11 05:59:20,057:[avid.py:77]:[INFO]: 0-0-B-AVSS 0 RETRIEVE called.
2025-08-11 05:59:20,061:[hbacss.py:286]:[INFO]: after self._handle_dealer_msgs
2025-08-11 05:59:20,065:[hbacss.py:286]:[INFO]: after self._handle_dealer_msgs
2025-08-11 05:59:20,071:[hbacss.py:286]:[INFO]: after self._handle_dealer_msgs
2025-08-11 05:59:20,072:[avid.py:77]:[INFO]: 3-0-B-AVSS 0 RETRIEVE called.
2025-08-11 05:59:20,078:[hbacss.py:286]:[INFO]: after self._handle_dealer_msgs
2025-08-11 05:59:20,083:[beaver.py:211]:[INFO]: [0] [random share generation] Starting ACS where node 1 is set as leader 
2025-08-11 05:59:20,083:[beaver.py:212]:[INFO]: [0] [random share generation] The proposal is [1, 2, 0]
2025-08-11 05:59:20,083:[otmvba.py:89]:[INFO]: enter handle_message
2025-08-11 05:59:20,084:[otmvba.py:192]:[INFO]: [0] value-self.acss_outputs.keys():dict_keys([1, 2, 0])
2025-08-11 05:59:20,084:[otmvba.py:202]:[INFO]: [0] --Directly send the proposal!--
2025-08-11 05:59:20,141:[otmvba.py:93]:[INFO]: [0] Broadcasting to 0
2025-08-11 05:59:20,141:[otmvba.py:93]:[INFO]: [0] Broadcasting to 1
2025-08-11 05:59:20,141:[otmvba.py:93]:[INFO]: [0] Broadcasting to 2
2025-08-11 05:59:20,141:[otmvba.py:93]:[INFO]: [0] Broadcasting to 3
2025-08-11 05:59:20,146:[otmvba.py:93]:[INFO]: [0] Broadcasting to 0
2025-08-11 05:59:20,146:[otmvba.py:93]:[INFO]: [0] Broadcasting to 1
2025-08-11 05:59:20,146:[otmvba.py:93]:[INFO]: [0] Broadcasting to 2
2025-08-11 05:59:20,146:[otmvba.py:93]:[INFO]: [0] Broadcasting to 3
2025-08-11 05:59:20,146:[beaver.py:228]:[INFO]: [0] [random share generation] The ACS set is [0, 1, 2]
2025-08-11 05:59:20,146:[beaver.py:230]:[INFO]: [0] [random share generation] Starting compute random shares
2025-08-11 05:59:20,150:[beaver.py:233]:[INFO]: [0] [random share generation] Obtaining total 4 random shares!
2025-08-11 05:59:20,150:[beaver.py:236]:[INFO]: [0] Starting to generate triples over random shares
2025-08-11 05:59:20,150:[beaver.py:237]:[INFO]: [0] [beaver triple generation] Starting to re-share product of random shares
2025-08-11 05:59:20,175:[hbacss.py:415]:[INFO]: prodProofs size: 2366 bytes
2025-08-11 05:59:20,175:[hbacss.py:416]:[INFO]: prodProofs count: 2
2025-08-11 05:59:20,176:[hbacss.py:1464]:[INFO]: before return dumps
2025-08-11 05:59:20,176:[hbacss.py:1885]:[INFO]: before reliablebroadcast
2025-08-11 05:59:20,176:[hbacss.py:1885]:[INFO]: before reliablebroadcast
2025-08-11 05:59:20,176:[hbacss.py:1885]:[INFO]: before reliablebroadcast
2025-08-11 05:59:20,176:[hbacss.py:1885]:[INFO]: before reliablebroadcast
2025-08-11 05:59:20,180:[hbacss.py:1897]:[INFO]: after reliablebroadcast
2025-08-11 05:59:20,180:[hbacss.py:263]:[INFO]: enter _process_avss_msg
2025-08-11 05:59:20,180:[avid.py:72]:[INFO]: AVID retrieve called with sid: 3-0-B-AVSS, index: 0
2025-08-11 05:59:20,180:[hbacss.py:1897]:[INFO]: after reliablebroadcast
2025-08-11 05:59:20,180:[hbacss.py:263]:[INFO]: enter _process_avss_msg
2025-08-11 05:59:20,180:[avid.py:72]:[INFO]: AVID retrieve called with sid: 1-0-B-AVSS, index: 0
2025-08-11 05:59:20,181:[hbacss.py:1897]:[INFO]: after reliablebroadcast
2025-08-11 05:59:20,181:[hbacss.py:263]:[INFO]: enter _process_avss_msg
2025-08-11 05:59:20,181:[avid.py:72]:[INFO]: AVID retrieve called with sid: 0-0-B-AVSS, index: 0
2025-08-11 05:59:20,182:[avid.py:77]:[INFO]: 3-0-B-AVSS 0 RETRIEVE called.
2025-08-11 05:59:20,182:[avid.py:77]:[INFO]: 1-0-B-AVSS 0 RETRIEVE called.
2025-08-11 05:59:20,194:[hbacss.py:286]:[INFO]: after self._handle_dealer_msgs
2025-08-11 05:59:20,217:[hbacss.py:286]:[INFO]: after self._handle_dealer_msgs
2025-08-11 05:59:20,219:[hbacss.py:1897]:[INFO]: after reliablebroadcast
2025-08-11 05:59:20,219:[hbacss.py:263]:[INFO]: enter _process_avss_msg
2025-08-11 05:59:20,219:[avid.py:72]:[INFO]: AVID retrieve called with sid: 2-0-B-AVSS, index: 0
2025-08-11 05:59:20,219:[avid.py:77]:[INFO]: 0-0-B-AVSS 0 RETRIEVE called.
2025-08-11 05:59:20,264:[hbacss.py:286]:[INFO]: after self._handle_dealer_msgs
2025-08-11 05:59:20,265:[beaver.py:249]:[INFO]: [0] [beaver triple generation] Starting to ACS where 2 is set as leader 
2025-08-11 05:59:20,265:[beaver.py:251]:[INFO]: [0] [beaver triple generation] The proposal of node 0 is [3, 1, 0]
2025-08-11 05:59:20,265:[otmvba.py:89]:[INFO]: enter handle_message
2025-08-11 05:59:20,270:[otmvba.py:192]:[INFO]: [0] value-self.acss_outputs.keys():dict_keys([3, 1, 0])
2025-08-11 05:59:20,271:[otmvba.py:202]:[INFO]: [0] --Directly send the proposal!--
2025-08-11 05:59:20,275:[avid.py:77]:[INFO]: 2-0-B-AVSS 0 RETRIEVE called.
2025-08-11 05:59:20,294:[hbacss.py:286]:[INFO]: after self._handle_dealer_msgs
2025-08-11 05:59:20,348:[otmvba.py:93]:[INFO]: [0] Broadcasting to 0
2025-08-11 05:59:20,348:[otmvba.py:93]:[INFO]: [0] Broadcasting to 1
2025-08-11 05:59:20,348:[otmvba.py:93]:[INFO]: [0] Broadcasting to 2
2025-08-11 05:59:20,348:[otmvba.py:93]:[INFO]: [0] Broadcasting to 3
2025-08-11 05:59:20,354:[otmvba.py:93]:[INFO]: [0] Broadcasting to 0
2025-08-11 05:59:20,354:[otmvba.py:93]:[INFO]: [0] Broadcasting to 1
2025-08-11 05:59:20,354:[otmvba.py:93]:[INFO]: [0] Broadcasting to 2
2025-08-11 05:59:20,354:[otmvba.py:93]:[INFO]: [0] Broadcasting to 3
2025-08-11 05:59:20,354:[beaver.py:267]:[INFO]: [0] [beaver triple generation] The ACS set is [0, 1, 3]
2025-08-11 05:59:20,358:[beaver.py:289]:[INFO]: [0] [beaver triple generation] AsyRanTriGen finished! total triple number in AsyRanTriGen phase: 2, time: 0.43257975578308105 (seconds)
2025-08-11 05:59:20,358:[beaver.py:294]:[INFO]: [0] Bytes Sent: R_A:26159 which is 24.681%
2025-08-11 05:59:20,358:[beaver.py:294]:[INFO]: [0] Bytes Sent: ACS:1111 which is 1.048%
2025-08-11 05:59:20,358:[beaver.py:294]:[INFO]: [0] Bytes Sent: B_A:78717 which is 74.27%
2025-08-11 05:59:20,358:[beaver.py:295]:[INFO]: [0] Total bytes sent out aa: 105987
