2025-08-11 05:59:14,093:[dual_mode.py:149]:[INFO]: [3] start OptRanTriGen
2025-08-11 05:59:14,093:[dual_mode.py:159]:[INFO]: [3] start 1-th OptRanTriGen instance
2025-08-11 05:59:14,228:[mpc.py:30]:[INFO]: Mpc.__init__()
Mpc.__init__()
2025-08-11 05:59:14,229:[mpc.py:227]:[INFO]: entering Mpc._run()
2025-08-11 05:59:14,676:[dual_mode.py:187]:[INFO]: [3] finished 1-th OptRanTriGen instance, time: 0.5830082893371582
2025-08-11 05:59:14,676:[dual_mode.py:159]:[INFO]: [3] start 2-th OptRanTriGen instance
2025-08-11 05:59:14,683:[mpc.py:30]:[INFO]: Mpc.__init__()
Mpc.__init__()
2025-08-11 05:59:14,684:[mpc.py:227]:[INFO]: entering Mpc._run()
2025-08-11 05:59:15,190:[dual_mode.py:187]:[INFO]: [3] finished 2-th OptRanTriGen instance, time: 0.5136330127716064
2025-08-11 05:59:15,190:[dual_mode.py:159]:[INFO]: [3] start 3-th OptRanTriGen instance
2025-08-11 05:59:15,197:[mpc.py:30]:[INFO]: Mpc.__init__()
Mpc.__init__()
2025-08-11 05:59:15,198:[mpc.py:227]:[INFO]: entering Mpc._run()
2025-08-11 05:59:15,702:[dual_mode.py:178]:[INFO]: [3] output 1-th triples
2025-08-11 05:59:15,703:[dual_mode.py:187]:[INFO]: [3] finished 3-th OptRanTriGen instance, time: 0.512000322341919
2025-08-11 05:59:15,703:[dual_mode.py:159]:[INFO]: [3] start 4-th OptRanTriGen instance
2025-08-11 05:59:15,708:[mpc.py:30]:[INFO]: Mpc.__init__()
Mpc.__init__()
2025-08-11 05:59:15,708:[mpc.py:227]:[INFO]: entering Mpc._run()
2025-08-11 05:59:16,221:[dual_mode.py:178]:[INFO]: [3] output 2-th triples
2025-08-11 05:59:16,221:[dual_mode.py:187]:[INFO]: [3] finished 4-th OptRanTriGen instance, time: 0.5186655521392822
2025-08-11 05:59:16,221:[dual_mode.py:159]:[INFO]: [3] start 5-th OptRanTriGen instance
2025-08-11 05:59:16,228:[mpc.py:30]:[INFO]: Mpc.__init__()
Mpc.__init__()
2025-08-11 05:59:16,229:[mpc.py:227]:[INFO]: entering Mpc._run()
2025-08-11 05:59:16,735:[dual_mode.py:178]:[INFO]: [3] output 3-th triples
2025-08-11 05:59:16,735:[dual_mode.py:187]:[INFO]: [3] finished 5-th OptRanTriGen instance, time: 0.5137758255004883
2025-08-11 05:59:16,735:[dual_mode.py:159]:[INFO]: [3] start 6-th OptRanTriGen instance
2025-08-11 05:59:16,742:[mpc.py:30]:[INFO]: Mpc.__init__()
Mpc.__init__()
2025-08-11 05:59:16,743:[mpc.py:227]:[INFO]: entering Mpc._run()
2025-08-11 05:59:17,251:[dual_mode.py:178]:[INFO]: [3] output 4-th triples
2025-08-11 05:59:17,251:[dual_mode.py:187]:[INFO]: [3] finished 6-th OptRanTriGen instance, time: 0.5155959129333496
2025-08-11 05:59:17,251:[dual_mode.py:159]:[INFO]: [3] start 7-th OptRanTriGen instance
2025-08-11 05:59:17,256:[mpc.py:30]:[INFO]: Mpc.__init__()
Mpc.__init__()
2025-08-11 05:59:17,256:[mpc.py:227]:[INFO]: entering Mpc._run()
2025-08-11 05:59:17,759:[dual_mode.py:178]:[INFO]: [3] output 5-th triples
2025-08-11 05:59:17,759:[dual_mode.py:187]:[INFO]: [3] finished 7-th OptRanTriGen instance, time: 0.5075457096099854
2025-08-11 05:59:17,759:[dual_mode.py:159]:[INFO]: [3] start 8-th OptRanTriGen instance
2025-08-11 05:59:17,763:[mpc.py:30]:[INFO]: Mpc.__init__()
Mpc.__init__()
2025-08-11 05:59:17,763:[mpc.py:227]:[INFO]: entering Mpc._run()
2025-08-11 05:59:18,276:[dual_mode.py:178]:[INFO]: [3] output 6-th triples
2025-08-11 05:59:18,276:[dual_mode.py:187]:[INFO]: [3] finished 8-th OptRanTriGen instance, time: 0.5171751976013184
2025-08-11 05:59:18,276:[dual_mode.py:159]:[INFO]: [3] start 9-th OptRanTriGen instance
2025-08-11 05:59:18,279:[mpc.py:30]:[INFO]: Mpc.__init__()
Mpc.__init__()
2025-08-11 05:59:18,280:[mpc.py:227]:[INFO]: entering Mpc._run()
2025-08-11 05:59:18,786:[dual_mode.py:178]:[INFO]: [3] output 7-th triples
2025-08-11 05:59:18,786:[dual_mode.py:187]:[INFO]: [3] finished 9-th OptRanTriGen instance, time: 0.5096228122711182
2025-08-11 05:59:18,786:[dual_mode.py:159]:[INFO]: [3] start 10-th OptRanTriGen instance
2025-08-11 05:59:18,791:[mpc.py:30]:[INFO]: Mpc.__init__()
Mpc.__init__()
2025-08-11 05:59:18,791:[mpc.py:227]:[INFO]: entering Mpc._run()
2025-08-11 05:59:18,792:[dual_mode.py:97]:[INFO]: [3] Starting tcv-BA
2025-08-11 05:59:18,793:[dual_mode.py:104]:[INFO]: [3] proposal: 9
2025-08-11 05:59:18,904:[dual_mode.py:108]:[INFO]: [3] tcv-BA finished! agreed round: 9, time:0.11199283599853516 (seconds)
2025-08-11 05:59:19,301:[dual_mode.py:178]:[INFO]: [3] output 8-th triples
2025-08-11 05:59:19,303:[dual_mode.py:220]:[INFO]: [3] Total bytes sent out aa: 25800
2025-08-11 05:59:19,303:[dual_mode.py:221]:[INFO]: [3] OptRanTriGen finished! triples: 18, time: 5.2076640129089355 (seconds)
hidden g = {[6679831729115696150 8653662730902241269 1535610680227111361 17342916647841752903 17135755455211762752 1297449291367578485] [13451288730302620273 10097742279870053774 15949884091978425806 5885175747529691540 1016841820992199104 845620083434234474]}
hidden h = {[13794385998538644597 108816626937764141 12130603454454490125 6127379912259600201 17481961476035825978 950355161936836191] [10722765800778186391 17107915684035394744 11626309118465119103 5217919199071354366 6102759180633827794 660535627654889709]}
hidden Equal? false
025-08-11 05:59:19,942:[hbacss.py:1885]:[INFO]: before reliablebroadcast
2025-08-11 05:59:20,068:[hbacss.py:1897]:[INFO]: after reliablebroadcast
2025-08-11 05:59:20,069:[hbacss.py:263]:[INFO]: enter _process_avss_msg
2025-08-11 05:59:20,069:[avid.py:72]:[INFO]: AVID retrieve called with sid: 0-0-B-AVSS, index: 3
2025-08-11 05:59:20,069:[hbacss.py:1897]:[INFO]: after reliablebroadcast
2025-08-11 05:59:20,070:[hbacss.py:263]:[INFO]: enter _process_avss_msg
2025-08-11 05:59:20,070:[avid.py:72]:[INFO]: AVID retrieve called with sid: 2-0-B-AVSS, index: 3
2025-08-11 05:59:20,070:[hbacss.py:1897]:[INFO]: after reliablebroadcast
2025-08-11 05:59:20,070:[hbacss.py:263]:[INFO]: enter _process_avss_msg
2025-08-11 05:59:20,070:[avid.py:72]:[INFO]: AVID retrieve called with sid: 3-0-B-AVSS, index: 3
2025-08-11 05:59:20,070:[hbacss.py:1897]:[INFO]: after reliablebroadcast
2025-08-11 05:59:20,070:[hbacss.py:263]:[INFO]: enter _process_avss_msg
2025-08-11 05:59:20,070:[avid.py:72]:[INFO]: AVID retrieve called with sid: 1-0-B-AVSS, index: 3
2025-08-11 05:59:20,071:[avid.py:77]:[INFO]: 0-0-B-AVSS 3 RETRIEVE called.
2025-08-11 05:59:20,071:[avid.py:77]:[INFO]: 2-0-B-AVSS 3 RETRIEVE called.
2025-08-11 05:59:20,071:[avid.py:77]:[INFO]: 1-0-B-AVSS 3 RETRIEVE called.
2025-08-11 05:59:20,077:[hbacss.py:286]:[INFO]: after self._handle_dealer_msgs
2025-08-11 05:59:20,087:[hbacss.py:286]:[INFO]: after self._handle_dealer_msgs
2025-08-11 05:59:20,091:[hbacss.py:286]:[INFO]: after self._handle_dealer_msgs
2025-08-11 05:59:20,092:[avid.py:77]:[INFO]: 3-0-B-AVSS 3 RETRIEVE called.
2025-08-11 05:59:20,095:[hbacss.py:286]:[INFO]: after self._handle_dealer_msgs
2025-08-11 05:59:20,114:[beaver.py:211]:[INFO]: [3] [random share generation] Starting ACS where node 1 is set as leader 
2025-08-11 05:59:20,114:[beaver.py:212]:[INFO]: [3] [random share generation] The proposal is [0, 2, 1]
2025-08-11 05:59:20,114:[otmvba.py:89]:[INFO]: enter handle_message
2025-08-11 05:59:20,115:[otmvba.py:192]:[INFO]: [3] value-self.acss_outputs.keys():dict_keys([0, 2, 1])
2025-08-11 05:59:20,115:[otmvba.py:202]:[INFO]: [3] --Directly send the proposal!--
2025-08-11 05:59:20,141:[otmvba.py:93]:[INFO]: [3] Broadcasting to 0
2025-08-11 05:59:20,141:[otmvba.py:93]:[INFO]: [3] Broadcasting to 1
2025-08-11 05:59:20,141:[otmvba.py:93]:[INFO]: [3] Broadcasting to 2
2025-08-11 05:59:20,141:[otmvba.py:93]:[INFO]: [3] Broadcasting to 3
2025-08-11 05:59:20,146:[otmvba.py:93]:[INFO]: [3] Broadcasting to 0
2025-08-11 05:59:20,146:[otmvba.py:93]:[INFO]: [3] Broadcasting to 1
2025-08-11 05:59:20,146:[otmvba.py:93]:[INFO]: [3] Broadcasting to 2
2025-08-11 05:59:20,146:[otmvba.py:93]:[INFO]: [3] Broadcasting to 3
2025-08-11 05:59:20,146:[beaver.py:228]:[INFO]: [3] [random share generation] The ACS set is [0, 1, 2]
2025-08-11 05:59:20,146:[beaver.py:230]:[INFO]: [3] [random share generation] Starting compute random shares
2025-08-11 05:59:20,150:[beaver.py:233]:[INFO]: [3] [random share generation] Obtaining total 4 random shares!
2025-08-11 05:59:20,150:[beaver.py:236]:[INFO]: [3] Starting to generate triples over random shares
2025-08-11 05:59:20,150:[beaver.py:237]:[INFO]: [3] [beaver triple generation] Starting to re-share product of random shares
2025-08-11 05:59:20,150:[hbacss.py:1885]:[INFO]: before reliablebroadcast
2025-08-11 05:59:20,150:[hbacss.py:1885]:[INFO]: before reliablebroadcast
2025-08-11 05:59:20,151:[hbacss.py:1885]:[INFO]: before reliablebroadcast
2025-08-11 05:59:20,170:[hbacss.py:415]:[INFO]: prodProofs size: 2366 bytes
2025-08-11 05:59:20,171:[hbacss.py:416]:[INFO]: prodProofs count: 2
2025-08-11 05:59:20,172:[hbacss.py:1464]:[INFO]: before return dumps
2025-08-11 05:59:20,172:[hbacss.py:1885]:[INFO]: before reliablebroadcast
2025-08-11 05:59:20,178:[hbacss.py:1897]:[INFO]: after reliablebroadcast
2025-08-11 05:59:20,178:[hbacss.py:263]:[INFO]: enter _process_avss_msg
2025-08-11 05:59:20,178:[avid.py:72]:[INFO]: AVID retrieve called with sid: 3-0-B-AVSS, index: 3
2025-08-11 05:59:20,178:[hbacss.py:1897]:[INFO]: after reliablebroadcast
2025-08-11 05:59:20,178:[hbacss.py:263]:[INFO]: enter _process_avss_msg
2025-08-11 05:59:20,178:[avid.py:72]:[INFO]: AVID retrieve called with sid: 1-0-B-AVSS, index: 3
2025-08-11 05:59:20,181:[hbacss.py:1897]:[INFO]: after reliablebroadcast
2025-08-11 05:59:20,181:[hbacss.py:263]:[INFO]: enter _process_avss_msg
2025-08-11 05:59:20,181:[avid.py:72]:[INFO]: AVID retrieve called with sid: 0-0-B-AVSS, index: 3
2025-08-11 05:59:20,184:[avid.py:77]:[INFO]: 3-0-B-AVSS 3 RETRIEVE called.
2025-08-11 05:59:20,184:[avid.py:77]:[INFO]: 1-0-B-AVSS 3 RETRIEVE called.
2025-08-11 05:59:20,184:[avid.py:77]:[INFO]: 0-0-B-AVSS 3 RETRIEVE called.
2025-08-11 05:59:20,197:[hbacss.py:286]:[INFO]: after self._handle_dealer_msgs
2025-08-11 05:59:20,213:[hbacss.py:286]:[INFO]: after self._handle_dealer_msgs
2025-08-11 05:59:20,261:[hbacss.py:286]:[INFO]: after self._handle_dealer_msgs
2025-08-11 05:59:20,262:[beaver.py:249]:[INFO]: [3] [beaver triple generation] Starting to ACS where 2 is set as leader 
2025-08-11 05:59:20,263:[beaver.py:251]:[INFO]: [3] [beaver triple generation] The proposal of node 3 is [0, 3, 1]
2025-08-11 05:59:20,263:[otmvba.py:89]:[INFO]: enter handle_message
2025-08-11 05:59:20,265:[hbacss.py:1897]:[INFO]: after reliablebroadcast
2025-08-11 05:59:20,265:[hbacss.py:263]:[INFO]: enter _process_avss_msg
2025-08-11 05:59:20,265:[avid.py:72]:[INFO]: AVID retrieve called with sid: 2-0-B-AVSS, index: 3
2025-08-11 05:59:20,267:[otmvba.py:192]:[INFO]: [3] value-self.acss_outputs.keys():dict_keys([0, 3, 1])
2025-08-11 05:59:20,270:[otmvba.py:202]:[INFO]: [3] --Directly send the proposal!--
2025-08-11 05:59:20,276:[avid.py:77]:[INFO]: 2-0-B-AVSS 3 RETRIEVE called.
2025-08-11 05:59:20,294:[hbacss.py:286]:[INFO]: after self._handle_dealer_msgs
2025-08-11 05:59:20,349:[otmvba.py:93]:[INFO]: [3] Broadcasting to 0
2025-08-11 05:59:20,349:[otmvba.py:93]:[INFO]: [3] Broadcasting to 1
2025-08-11 05:59:20,349:[otmvba.py:93]:[INFO]: [3] Broadcasting to 2
2025-08-11 05:59:20,349:[otmvba.py:93]:[INFO]: [3] Broadcasting to 3
2025-08-11 05:59:20,355:[otmvba.py:93]:[INFO]: [3] Broadcasting to 0
2025-08-11 05:59:20,355:[otmvba.py:93]:[INFO]: [3] Broadcasting to 1
2025-08-11 05:59:20,355:[otmvba.py:93]:[INFO]: [3] Broadcasting to 2
2025-08-11 05:59:20,355:[otmvba.py:93]:[INFO]: [3] Broadcasting to 3
2025-08-11 05:59:20,355:[beaver.py:267]:[INFO]: [3] [beaver triple generation] The ACS set is [0, 1, 3]
2025-08-11 05:59:20,358:[beaver.py:289]:[INFO]: [3] [beaver triple generation] AsyRanTriGen finished! total triple number in AsyRanTriGen phase: 2, time: 0.4262378215789795 (seconds)
2025-08-11 05:59:20,358:[beaver.py:294]:[INFO]: [3] Bytes Sent: R_A:25006 which is 23.851%
2025-08-11 05:59:20,358:[beaver.py:294]:[INFO]: [3] Bytes Sent: ACS:1111 which is 1.06%
2025-08-11 05:59:20,358:[beaver.py:294]:[INFO]: [3] Bytes Sent: B_A:78726 which is 75.089%
2025-08-11 05:59:20,358:[beaver.py:295]:[INFO]: [3] Total bytes sent out aa: 104843
