my_send_id: 23
2026-03-24 02:28:39,299:[admpc_dynamic_nonlinear_run.py:58]:[INFO]: ADMPC start time: 1774319319.2990015
run_admpc layer_ID: 5, mode: nonlinear, cm: 50, w: 50, total_cm: 300
layer ID: 5 trans_foll_time: 28.528267860412598
rand_foll run_rand: w=50, rounds=17
layer ID: 5 rand_foll_time: 0.5401873588562012
aprep_foll run_aprep cm: 50
rand_foll run_rand: w=200, rounds=67
layer ID: 5 aprep_foll_time: 2.7113637924194336
layer ID: 5 run_computation finished
layer ID: 5 exec_time: 0.006230831146240234
layer ID: 5 rand_pre_time: 0.00010228157043457031
layer ID: 5 aprep_pre_time: 7.081031799316406e-05
layer ID: 5 trans_pre_time: 6.29425048828125e-05
layer ID: 5 layer_time: 31.786505937576294
my_send_id: 23 exec_time: 31.79841923713684
2026-03-24 02:30:01,122:[admpc_dynamic_nonlinear_run.py:72]:[INFO]: [3] Bytes Sent: T:230341 which is 11.27%
2026-03-24 02:30:01,126:[admpc_dynamic_nonlinear_run.py:72]:[INFO]: [3] Bytes Sent: G:179141 which is 8.765%
2026-03-24 02:30:01,126:[admpc_dynamic_nonlinear_run.py:72]:[INFO]: [3] Bytes Sent: A:1622808 which is 79.399%
2026-03-24 02:30:01,126:[admpc_dynamic_nonlinear_run.py:72]:[INFO]: [3] Bytes Sent: R:11565 which is 0.566%
2026-03-24 02:30:01,126:[admpc_dynamic_nonlinear_run.py:73]:[INFO]: [3] Total bytes sent out aa: 2043855
