my_send_id: 4
2026-03-24 02:28:37,286:[admpc_dynamic_nonlinear_run.py:58]:[INFO]: ADMPC start time: 1774319317.2866085
run_admpc layer_ID: 1, mode: nonlinear, cm: 50, w: 50, total_cm: 300
layer ID: 1 recv_input_time: 3.156463384628296
rand_foll run_rand: w=50, rounds=17
layer ID: 1 rand_foll_time: 1.0271658897399902
aprep_foll run_aprep cm: 50
rand_foll run_rand: w=200, rounds=67
layer ID: 1 aprep_foll_time: 3.909494161605835
layer ID: 1 run_computation finished
layer ID: 1 exec_time: 0.006839275360107422
layer ID: 1 rand_pre_time: 0.00011754035949707031
layer ID: 1 aprep_pre_time: 6.937980651855469e-05
layer ID: 1 trans_pre_time: 6.890296936035156e-05
layer ID: 1 layer_time: 8.100636005401611
my_send_id: 4 exec_time: 8.102564573287964
2026-03-24 02:29:35,407:[admpc_dynamic_nonlinear_run.py:72]:[INFO]: [0] Bytes Sent: A:1626085 which is 79.821%
2026-03-24 02:29:35,412:[admpc_dynamic_nonlinear_run.py:72]:[INFO]: [0] Bytes Sent: G:179141 which is 8.794%
2026-03-24 02:29:35,412:[admpc_dynamic_nonlinear_run.py:72]:[INFO]: [0] Bytes Sent: R:11565 which is 0.568%
2026-03-24 02:29:35,413:[admpc_dynamic_nonlinear_run.py:72]:[INFO]: [0] Bytes Sent: T:220376 which is 10.818%
2026-03-24 02:29:35,413:[admpc_dynamic_nonlinear_run.py:73]:[INFO]: [0] Total bytes sent out aa: 2037167
