my_send_id: 6
2026-03-24 02:28:39,388:[admpc_dynamic_nonlinear_run.py:58]:[INFO]: ADMPC start time: 1774319319.3885875
run_admpc layer_ID: 1, mode: nonlinear, cm: 50, w: 50, total_cm: 300
layer ID: 1 recv_input_time: 1.0551698207855225
rand_foll run_rand: w=50, rounds=17
layer ID: 1 rand_foll_time: 1.0239336490631104
aprep_foll run_aprep cm: 50
rand_foll run_rand: w=200, rounds=67
layer ID: 1 aprep_foll_time: 3.9112603664398193
layer ID: 1 run_computation finished
layer ID: 1 exec_time: 0.00452113151550293
layer ID: 1 rand_pre_time: 0.00010561943054199219
layer ID: 1 aprep_pre_time: 8.273124694824219e-05
layer ID: 1 trans_pre_time: 5.626678466796875e-05
layer ID: 1 layer_time: 5.995438814163208
my_send_id: 6 exec_time: 6.000568151473999
2026-03-24 02:29:35,410:[admpc_dynamic_nonlinear_run.py:72]:[INFO]: [2] Bytes Sent: A:1626085 which is 79.821%
2026-03-24 02:29:35,413:[admpc_dynamic_nonlinear_run.py:72]:[INFO]: [2] Bytes Sent: G:179141 which is 8.794%
2026-03-24 02:29:35,413:[admpc_dynamic_nonlinear_run.py:72]:[INFO]: [2] Bytes Sent: R:11565 which is 0.568%
2026-03-24 02:29:35,414:[admpc_dynamic_nonlinear_run.py:72]:[INFO]: [2] Bytes Sent: T:220376 which is 10.818%
2026-03-24 02:29:35,414:[admpc_dynamic_nonlinear_run.py:73]:[INFO]: [2] Total bytes sent out aa: 2037167
