my_send_id: 9
2026-03-24 02:28:39,031:[admpc_dynamic_nonlinear_run.py:58]:[INFO]: ADMPC start time: 1774319319.0308776
run_admpc layer_ID: 2, mode: nonlinear, cm: 50, w: 50, total_cm: 300
layer ID: 2 trans_foll_time: 9.779329061508179
rand_foll run_rand: w=50, rounds=17
layer ID: 2 rand_foll_time: 0.416384220123291
aprep_foll run_aprep cm: 50
rand_foll run_rand: w=200, rounds=67
layer ID: 2 aprep_foll_time: 2.1570844650268555
layer ID: 2 run_computation finished
layer ID: 2 exec_time: 0.011930704116821289
layer ID: 2 rand_pre_time: 8.821487426757812e-05
layer ID: 2 aprep_pre_time: 6.67572021484375e-05
layer ID: 2 trans_pre_time: 0.000186920166015625
layer ID: 2 layer_time: 12.365588426589966
my_send_id: 9 exec_time: 12.372185230255127
2026-03-24 02:29:41,412:[admpc_dynamic_nonlinear_run.py:72]:[INFO]: [1] Bytes Sent: T:230341 which is 11.268%
2026-03-24 02:29:41,415:[admpc_dynamic_nonlinear_run.py:72]:[INFO]: [1] Bytes Sent: G:179141 which is 8.764%
2026-03-24 02:29:41,415:[admpc_dynamic_nonlinear_run.py:72]:[INFO]: [1] Bytes Sent: A:1623114 which is 79.402%
2026-03-24 02:29:41,415:[admpc_dynamic_nonlinear_run.py:72]:[INFO]: [1] Bytes Sent: R:11565 which is 0.566%
2026-03-24 02:29:41,415:[admpc_dynamic_nonlinear_run.py:73]:[INFO]: [1] Total bytes sent out aa: 2044161
