my_send_id: 10
2026-03-24 02:28:39,194:[admpc_dynamic_nonlinear_run.py:58]:[INFO]: ADMPC start time: 1774319319.193957
run_admpc layer_ID: 2, mode: nonlinear, cm: 50, w: 50, total_cm: 300
layer ID: 2 trans_foll_time: 9.616998672485352
rand_foll run_rand: w=50, rounds=17
layer ID: 2 rand_foll_time: 0.42009902000427246
aprep_foll run_aprep cm: 50
rand_foll run_rand: w=200, rounds=67
layer ID: 2 aprep_foll_time: 2.1621642112731934
layer ID: 2 run_computation finished
layer ID: 2 exec_time: 0.0063169002532958984
layer ID: 2 rand_pre_time: 0.00011301040649414062
layer ID: 2 aprep_pre_time: 7.462501525878906e-05
layer ID: 2 trans_pre_time: 9.512901306152344e-05
layer ID: 2 layer_time: 12.20615839958191
my_send_id: 10 exec_time: 12.207856178283691
2026-03-24 02:29:41,409:[admpc_dynamic_nonlinear_run.py:72]:[INFO]: [2] Bytes Sent: T:230341 which is 11.27%
2026-03-24 02:29:41,412:[admpc_dynamic_nonlinear_run.py:72]:[INFO]: [2] Bytes Sent: G:179141 which is 8.765%
2026-03-24 02:29:41,412:[admpc_dynamic_nonlinear_run.py:72]:[INFO]: [2] Bytes Sent: A:1622808 which is 79.399%
2026-03-24 02:29:41,412:[admpc_dynamic_nonlinear_run.py:72]:[INFO]: [2] Bytes Sent: R:11565 which is 0.566%
2026-03-24 02:29:41,412:[admpc_dynamic_nonlinear_run.py:73]:[INFO]: [2] Total bytes sent out aa: 2043855
