my_send_id: 7
2026-03-24 02:28:38,532:[admpc_dynamic_nonlinear_run.py:58]:[INFO]: ADMPC start time: 1774319318.5324223
run_admpc layer_ID: 1, mode: nonlinear, cm: 50, w: 50, total_cm: 300
layer ID: 1 recv_input_time: 1.9105677604675293
rand_foll run_rand: w=50, rounds=17
layer ID: 1 rand_foll_time: 1.0276532173156738
aprep_foll run_aprep cm: 50
rand_foll run_rand: w=200, rounds=67
layer ID: 1 aprep_foll_time: 3.907162666320801
layer ID: 1 run_computation finished
layer ID: 1 exec_time: 0.006382465362548828
layer ID: 1 rand_pre_time: 0.0001201629638671875
layer ID: 1 aprep_pre_time: 7.104873657226562e-05
layer ID: 1 trans_pre_time: 7.033348083496094e-05
layer ID: 1 layer_time: 6.852345705032349
my_send_id: 7 exec_time: 6.856662034988403
2026-03-24 02:29:35,407:[admpc_dynamic_nonlinear_run.py:72]:[INFO]: [3] Bytes Sent: A:1626085 which is 79.821%
2026-03-24 02:29:35,413:[admpc_dynamic_nonlinear_run.py:72]:[INFO]: [3] Bytes Sent: G:179141 which is 8.794%
2026-03-24 02:29:35,413:[admpc_dynamic_nonlinear_run.py:72]:[INFO]: [3] Bytes Sent: R:11565 which is 0.568%
2026-03-24 02:29:35,413:[admpc_dynamic_nonlinear_run.py:72]:[INFO]: [3] Bytes Sent: T:220376 which is 10.818%
2026-03-24 02:29:35,413:[admpc_dynamic_nonlinear_run.py:73]:[INFO]: [3] Total bytes sent out aa: 2037167
